{"ID":1,"Timestamp":"2026-07-12T12:48:05.7128488Z","EventData":{"RuleName":"-","UtcTime":"2026-07-12 12:47:44.465","ProcessGuid":"{6bc49a7d-8cf0-6a53-8905-000000009a01}","ProcessId":3204,"Image":"C:\\Windows\\System32\\cmd.exe","FileVersion":"10.0.19041.746 (WinBuild.160101.0800)","Description":"Windows Command Processor","Product":"Microsoft® Windows® Operating System","Company":"Microsoft Corporation","OriginalFileName":"Cmd.Exe","CommandLine":"\"cmd.exe\" /d /c reg.exe query \"HKCU\\Software\\Microsoft\\Windows\\CurrentVersion\\Run\" /v \"TFM_T1547_001_test\"","CurrentDirectory":"C:\\Windows\\system32\\","User":"LT29\\seguridad","LogonGuid":"{6bc49a7d-7a59-6a53-01ca-280000000000}","LogonId":"0x28CA01","TerminalSessionId":"1","IntegrityLevel":"High","Hashes":"MD5=8A2122E8162DBEF04694B9C3E0B6CDEE,SHA256=B99D61D874728EDC0918CA0EB10EAB93D381E7367E377406E65963366C874450,IMPHASH=272245E2988E1E430500B852C4FB5E18","ParentProcessGuid":"{6bc49a7d-7f1e-6a53-1c04-000000009a01}","ParentProcessId":"12104","ParentImage":"C:\\Windows\\System32\\WindowsPowerShell\\v1.0\\powershell.exe","ParentCommandLine":"\"C:\\Windows\\System32\\WindowsPowerShell\\v1.0\\powershell.exe\" ","ParentUser":"LT29\\seguridad"},"ClientId":"C.364907172793f8c7","_ts":1783860510744}
{"ID":1,"Timestamp":"2026-07-12T12:48:05.7423727Z","EventData":{"RuleName":"-","UtcTime":"2026-07-12 12:47:44.500","ProcessGuid":"{6bc49a7d-8cf0-6a53-8a05-000000009a01}","ProcessId":7312,"Image":"C:\\Windows\\System32\\reg.exe","FileVersion":"10.0.19041.1 (WinBuild.160101.0800)","Description":"Registry Console Tool","Product":"Microsoft® Windows® Operating System","Company":"Microsoft Corporation","OriginalFileName":"reg.exe","CommandLine":"reg.exe  query \"HKCU\\Software\\Microsoft\\Windows\\CurrentVersion\\Run\" /v \"TFM_T1547_001_test\"","CurrentDirectory":"C:\\Windows\\system32\\","User":"LT29\\seguridad","LogonGuid":"{6bc49a7d-7a59-6a53-01ca-280000000000}","LogonId":"0x28CA01","TerminalSessionId":"1","IntegrityLevel":"High","Hashes":"MD5=227F63E1D9008B36BDBCC4B397780BE4,SHA256=C0E25B1F9B22DE445298C1E96DDFCEAD265CA030FA6626F61A4A4786CC4A3B7D,IMPHASH=BE482BE427FE212CFEF2CDA0E61F19AC","ParentProcessGuid":"{6bc49a7d-8cf0-6a53-8905-000000009a01}","ParentProcessId":"3204","ParentImage":"C:\\Windows\\System32\\cmd.exe","ParentCommandLine":"\"cmd.exe\" /d /c reg.exe query \"HKCU\\Software\\Microsoft\\Windows\\CurrentVersion\\Run\" /v \"TFM_T1547_001_test\"","ParentUser":"LT29\\seguridad"},"ClientId":"C.364907172793f8c7","_ts":1783860510744}
{"ID":1,"Timestamp":"2026-07-12T12:48:07.8490381Z","EventData":{"RuleName":"-","UtcTime":"2026-07-12 12:47:47.509","ProcessGuid":"{6bc49a7d-8cf3-6a53-8b05-000000009a01}","ProcessId":11496,"Image":"C:\\Windows\\System32\\cmd.exe","FileVersion":"10.0.19041.746 (WinBuild.160101.0800)","Description":"Windows Command Processor","Product":"Microsoft® Windows® Operating System","Company":"Microsoft Corporation","OriginalFileName":"Cmd.Exe","CommandLine":"\"cmd.exe\" /d /c reg.exe delete \"HKCU\\Software\\Microsoft\\Windows\\CurrentVersion\\Run\" /v \"TFM_T1547_001_test\" /f","CurrentDirectory":"C:\\Windows\\system32\\","User":"LT29\\seguridad","LogonGuid":"{6bc49a7d-7a59-6a53-01ca-280000000000}","LogonId":"0x28CA01","TerminalSessionId":"1","IntegrityLevel":"High","Hashes":"MD5=8A2122E8162DBEF04694B9C3E0B6CDEE,SHA256=B99D61D874728EDC0918CA0EB10EAB93D381E7367E377406E65963366C874450,IMPHASH=272245E2988E1E430500B852C4FB5E18","ParentProcessGuid":"{6bc49a7d-7f1e-6a53-1c04-000000009a01}","ParentProcessId":"12104","ParentImage":"C:\\Windows\\System32\\WindowsPowerShell\\v1.0\\powershell.exe","ParentCommandLine":"\"C:\\Windows\\System32\\WindowsPowerShell\\v1.0\\powershell.exe\" ","ParentUser":"LT29\\seguridad"},"ClientId":"C.364907172793f8c7","_ts":1783860510744}
{"ID":1,"Timestamp":"2026-07-12T12:48:07.8758861Z","EventData":{"RuleName":"-","UtcTime":"2026-07-12 12:47:47.541","ProcessGuid":"{6bc49a7d-8cf3-6a53-8c05-000000009a01}","ProcessId":12268,"Image":"C:\\Windows\\System32\\reg.exe","FileVersion":"10.0.19041.1 (WinBuild.160101.0800)","Description":"Registry Console Tool","Product":"Microsoft® Windows® Operating System","Company":"Microsoft Corporation","OriginalFileName":"reg.exe","CommandLine":"reg.exe  delete \"HKCU\\Software\\Microsoft\\Windows\\CurrentVersion\\Run\" /v \"TFM_T1547_001_test\" /f","CurrentDirectory":"C:\\Windows\\system32\\","User":"LT29\\seguridad","LogonGuid":"{6bc49a7d-7a59-6a53-01ca-280000000000}","LogonId":"0x28CA01","TerminalSessionId":"1","IntegrityLevel":"High","Hashes":"MD5=227F63E1D9008B36BDBCC4B397780BE4,SHA256=C0E25B1F9B22DE445298C1E96DDFCEAD265CA030FA6626F61A4A4786CC4A3B7D,IMPHASH=BE482BE427FE212CFEF2CDA0E61F19AC","ParentProcessGuid":"{6bc49a7d-8cf3-6a53-8b05-000000009a01}","ParentProcessId":"11496","ParentImage":"C:\\Windows\\System32\\cmd.exe","ParentCommandLine":"\"cmd.exe\" /d /c reg.exe delete \"HKCU\\Software\\Microsoft\\Windows\\CurrentVersion\\Run\" /v \"TFM_T1547_001_test\" /f","ParentUser":"LT29\\seguridad"},"ClientId":"C.364907172793f8c7","_ts":1783860510744}
{"ID":12,"Timestamp":"2026-07-12T12:48:07.8913467Z","EventData":{"RuleName":"T1060,RunKey","EventType":"DeleteValue","UtcTime":"2026-07-12 12:47:47.562","ProcessGuid":"{6bc49a7d-8cf3-6a53-8c05-000000009a01}","ProcessId":12268,"Image":"C:\\Windows\\system32\\reg.exe","TargetObject":"HKU\\S-1-5-21-2237245112-686140129-944090608-1004\\SOFTWARE\\Microsoft\\Windows\\CurrentVersion\\Run\\TFM_T1547_001_test","User":"LT29\\seguridad"},"ClientId":"C.364907172793f8c7","_ts":1783860510744}
{"ID":1,"Timestamp":"2026-07-12T12:48:18.2652994Z","EventData":{"RuleName":"-","UtcTime":"2026-07-12 12:48:02.650","ProcessGuid":"{6bc49a7d-8d02-6a53-8d05-000000009a01}","ProcessId":5764,"Image":"C:\\Windows\\System32\\cmd.exe","FileVersion":"10.0.19041.746 (WinBuild.160101.0800)","Description":"Windows Command Processor","Product":"Microsoft® Windows® Operating System","Company":"Microsoft Corporation","OriginalFileName":"Cmd.Exe","CommandLine":"\"cmd.exe\" /d /c sc.exe create \"TFM TEC005 Test Service\" binPath= \"C:\\Windows\\System32\\cmd.exe /c echo TEC005_OK ^\u003e C:\\Users\\Public\\tec005_ok.txt\" start= demand","CurrentDirectory":"C:\\Windows\\system32\\","User":"LT29\\seguridad","LogonGuid":"{6bc49a7d-7a59-6a53-01ca-280000000000}","LogonId":"0x28CA01","TerminalSessionId":"1","IntegrityLevel":"High","Hashes":"MD5=8A2122E8162DBEF04694B9C3E0B6CDEE,SHA256=B99D61D874728EDC0918CA0EB10EAB93D381E7367E377406E65963366C874450,IMPHASH=272245E2988E1E430500B852C4FB5E18","ParentProcessGuid":"{6bc49a7d-7f1e-6a53-1c04-000000009a01}","ParentProcessId":"12104","ParentImage":"C:\\Windows\\System32\\WindowsPowerShell\\v1.0\\powershell.exe","ParentCommandLine":"\"C:\\Windows\\System32\\WindowsPowerShell\\v1.0\\powershell.exe\" ","ParentUser":"LT29\\seguridad"},"ClientId":"C.364907172793f8c7","_ts":1783860510744}
{"ID":1,"Timestamp":"2026-07-12T12:48:18.3072862Z","EventData":{"RuleName":"-","UtcTime":"2026-07-12 12:48:02.694","ProcessGuid":"{6bc49a7d-8d02-6a53-8e05-000000009a01}","ProcessId":2808,"Image":"C:\\Windows\\System32\\sc.exe","FileVersion":"10.0.19041.1 (WinBuild.160101.0800)","Description":"Service Control Manager Configuration Tool","Product":"Microsoft® Windows® Operating System","Company":"Microsoft Corporation","OriginalFileName":"sc.exe","CommandLine":"sc.exe  create \"TFM TEC005 Test Service\" binPath= \"C:\\Windows\\System32\\cmd.exe /c echo TEC005_OK ^\u003e C:\\Users\\Public\\tec005_ok.txt\" start= demand","CurrentDirectory":"C:\\Windows\\system32\\","User":"LT29\\seguridad","LogonGuid":"{6bc49a7d-7a59-6a53-01ca-280000000000}","LogonId":"0x28CA01","TerminalSessionId":"1","IntegrityLevel":"High","Hashes":"MD5=3FB5CF71F7E7EB49790CB0E663434D80,SHA256=41F067C3A11B02FE39947F9EBA68AE5C7CB5BD1872A6009A4CD1506554A9ABA9,IMPHASH=803254E010814E69947095A2725B2AFD","ParentProcessGuid":"{6bc49a7d-8d02-6a53-8d05-000000009a01}","ParentProcessId":"5764","ParentImage":"C:\\Windows\\System32\\cmd.exe","ParentCommandLine":"\"cmd.exe\" /d /c sc.exe create \"TFM TEC005 Test Service\" binPath= \"C:\\Windows\\System32\\cmd.exe /c echo TEC005_OK ^\u003e C:\\Users\\Public\\tec005_ok.txt\" start= demand","ParentUser":"LT29\\seguridad"},"ClientId":"C.364907172793f8c7","_ts":1783860510744}
{"ID":13,"Timestamp":"2026-07-12T12:48:18.3233873Z","EventData":{"RuleName":"T1031,T1050","EventType":"SetValue","UtcTime":"2026-07-12 12:48:02.734","ProcessGuid":"{6bc49a7d-7991-6a53-0b00-000000009a01}","ProcessId":772,"Image":"C:\\Windows\\system32\\services.exe","TargetObject":"HKLM\\System\\CurrentControlSet\\Services\\TFM TEC005 Test Service\\Start","Details":"DWORD (0x00000003)","User":"NT AUTHORITY\\SYSTEM"},"ClientId":"C.364907172793f8c7","_ts":1783860510744}
{"ID":13,"Timestamp":"2026-07-12T12:48:18.3236004Z","EventData":{"RuleName":"T1031,T1050","EventType":"SetValue","UtcTime":"2026-07-12 12:48:02.734","ProcessGuid":"{6bc49a7d-7991-6a53-0b00-000000009a01}","ProcessId":772,"Image":"C:\\Windows\\system32\\services.exe","TargetObject":"HKLM\\System\\CurrentControlSet\\Services\\TFM TEC005 Test Service\\ImagePath","Details":"C:\\Windows\\System32\\cmd.exe /c echo TEC005_OK ^\u003e C:\\Users\\Public\\tec005_ok.txt","User":"NT AUTHORITY\\SYSTEM"},"ClientId":"C.364907172793f8c7","_ts":1783860510744}
{"ID":1,"Timestamp":"2026-07-12T12:48:20.3835585Z","EventData":{"RuleName":"-","UtcTime":"2026-07-12 12:48:05.828","ProcessGuid":"{6bc49a7d-8d05-6a53-8f05-000000009a01}","ProcessId":4100,"Image":"C:\\Windows\\System32\\cmd.exe","FileVersion":"10.0.19041.746 (WinBuild.160101.0800)","Description":"Windows Command Processor","Product":"Microsoft® Windows® Operating System","Company":"Microsoft Corporation","OriginalFileName":"Cmd.Exe","CommandLine":"\"cmd.exe\" /d /c sc.exe qc \"TFM TEC005 Test Service\"","CurrentDirectory":"C:\\Windows\\system32\\","User":"LT29\\seguridad","LogonGuid":"{6bc49a7d-7a59-6a53-01ca-280000000000}","LogonId":"0x28CA01","TerminalSessionId":"1","IntegrityLevel":"High","Hashes":"MD5=8A2122E8162DBEF04694B9C3E0B6CDEE,SHA256=B99D61D874728EDC0918CA0EB10EAB93D381E7367E377406E65963366C874450,IMPHASH=272245E2988E1E430500B852C4FB5E18","ParentProcessGuid":"{6bc49a7d-7f1e-6a53-1c04-000000009a01}","ParentProcessId":"12104","ParentImage":"C:\\Windows\\System32\\WindowsPowerShell\\v1.0\\powershell.exe","ParentCommandLine":"\"C:\\Windows\\System32\\WindowsPowerShell\\v1.0\\powershell.exe\" ","ParentUser":"LT29\\seguridad"},"ClientId":"C.364907172793f8c7","_ts":1783860510744}
{"ID":1,"Timestamp":"2026-07-12T12:48:20.4048053Z","EventData":{"RuleName":"-","UtcTime":"2026-07-12 12:48:05.858","ProcessGuid":"{6bc49a7d-8d05-6a53-9005-000000009a01}","ProcessId":8908,"Image":"C:\\Windows\\System32\\sc.exe","FileVersion":"10.0.19041.1 (WinBuild.160101.0800)","Description":"Service Control Manager Configuration Tool","Product":"Microsoft® Windows® Operating System","Company":"Microsoft Corporation","OriginalFileName":"sc.exe","CommandLine":"sc.exe  qc \"TFM TEC005 Test Service\"","CurrentDirectory":"C:\\Windows\\system32\\","User":"LT29\\seguridad","LogonGuid":"{6bc49a7d-7a59-6a53-01ca-280000000000}","LogonId":"0x28CA01","TerminalSessionId":"1","IntegrityLevel":"High","Hashes":"MD5=3FB5CF71F7E7EB49790CB0E663434D80,SHA256=41F067C3A11B02FE39947F9EBA68AE5C7CB5BD1872A6009A4CD1506554A9ABA9,IMPHASH=803254E010814E69947095A2725B2AFD","ParentProcessGuid":"{6bc49a7d-8d05-6a53-8f05-000000009a01}","ParentProcessId":"4100","ParentImage":"C:\\Windows\\System32\\cmd.exe","ParentCommandLine":"\"cmd.exe\" /d /c sc.exe qc \"TFM TEC005 Test Service\"","ParentUser":"LT29\\seguridad"},"ClientId":"C.364907172793f8c7","_ts":1783860510744}
{"ID":1,"Timestamp":"2026-07-12T12:48:22.4916581Z","EventData":{"RuleName":"-","UtcTime":"2026-07-12 12:48:08.991","ProcessGuid":"{6bc49a7d-8d08-6a53-9105-000000009a01}","ProcessId":11712,"Image":"C:\\Windows\\System32\\cmd.exe","FileVersion":"10.0.19041.746 (WinBuild.160101.0800)","Description":"Windows Command Processor","Product":"Microsoft® Windows® Operating System","Company":"Microsoft Corporation","OriginalFileName":"Cmd.Exe","CommandLine":"\"cmd.exe\" /d /c sc.exe start \"TFM TEC005 Test Service\"","CurrentDirectory":"C:\\Windows\\system32\\","User":"LT29\\seguridad","LogonGuid":"{6bc49a7d-7a59-6a53-01ca-280000000000}","LogonId":"0x28CA01","TerminalSessionId":"1","IntegrityLevel":"High","Hashes":"MD5=8A2122E8162DBEF04694B9C3E0B6CDEE,SHA256=B99D61D874728EDC0918CA0EB10EAB93D381E7367E377406E65963366C874450,IMPHASH=272245E2988E1E430500B852C4FB5E18","ParentProcessGuid":"{6bc49a7d-7f1e-6a53-1c04-000000009a01}","ParentProcessId":"12104","ParentImage":"C:\\Windows\\System32\\WindowsPowerShell\\v1.0\\powershell.exe","ParentCommandLine":"\"C:\\Windows\\System32\\WindowsPowerShell\\v1.0\\powershell.exe\" ","ParentUser":"LT29\\seguridad"},"ClientId":"C.364907172793f8c7","_ts":1783860510744}
{"ID":1,"Timestamp":"2026-07-12T12:48:22.5219516Z","EventData":{"RuleName":"-","UtcTime":"2026-07-12 12:48:09.032","ProcessGuid":"{6bc49a7d-8d09-6a53-9205-000000009a01}","ProcessId":9132,"Image":"C:\\Windows\\System32\\sc.exe","FileVersion":"10.0.19041.1 (WinBuild.160101.0800)","Description":"Service Control Manager Configuration Tool","Product":"Microsoft® Windows® Operating System","Company":"Microsoft Corporation","OriginalFileName":"sc.exe","CommandLine":"sc.exe  start \"TFM TEC005 Test Service\"","CurrentDirectory":"C:\\Windows\\system32\\","User":"LT29\\seguridad","LogonGuid":"{6bc49a7d-7a59-6a53-01ca-280000000000}","LogonId":"0x28CA01","TerminalSessionId":"1","IntegrityLevel":"High","Hashes":"MD5=3FB5CF71F7E7EB49790CB0E663434D80,SHA256=41F067C3A11B02FE39947F9EBA68AE5C7CB5BD1872A6009A4CD1506554A9ABA9,IMPHASH=803254E010814E69947095A2725B2AFD","ParentProcessGuid":"{6bc49a7d-8d08-6a53-9105-000000009a01}","ParentProcessId":"11712","ParentImage":"C:\\Windows\\System32\\cmd.exe","ParentCommandLine":"\"cmd.exe\" /d /c sc.exe start \"TFM TEC005 Test Service\"","ParentUser":"LT29\\seguridad"},"ClientId":"C.364907172793f8c7","_ts":1783860510744}
{"ID":1,"Timestamp":"2026-07-12T12:48:22.5366429Z","EventData":{"RuleName":"-","UtcTime":"2026-07-12 12:48:09.056","ProcessGuid":"{6bc49a7d-8d09-6a53-9305-000000009a01}","ProcessId":1480,"Image":"C:\\Windows\\System32\\cmd.exe","FileVersion":"10.0.19041.746 (WinBuild.160101.0800)","Description":"Windows Command Processor","Product":"Microsoft® Windows® Operating System","Company":"Microsoft Corporation","OriginalFileName":"Cmd.Exe","CommandLine":"C:\\Windows\\System32\\cmd.exe /c echo TEC005_OK ^\u003e C:\\Users\\Public\\tec005_ok.txt","CurrentDirectory":"C:\\Windows\\system32\\","User":"NT AUTHORITY\\SYSTEM","LogonGuid":"{6bc49a7d-7991-6a53-e703-000000000000}","LogonId":"0x3E7","TerminalSessionId":"0","IntegrityLevel":"System","Hashes":"MD5=8A2122E8162DBEF04694B9C3E0B6CDEE,SHA256=B99D61D874728EDC0918CA0EB10EAB93D381E7367E377406E65963366C874450,IMPHASH=272245E2988E1E430500B852C4FB5E18","ParentProcessGuid":"{6bc49a7d-7991-6a53-0b00-000000009a01}","ParentProcessId":"772","ParentImage":"C:\\Windows\\System32\\services.exe","ParentCommandLine":"C:\\Windows\\system32\\services.exe","ParentUser":"NT AUTHORITY\\SYSTEM"},"ClientId":"C.364907172793f8c7","_ts":1783860510744}
{"ID":1,"Timestamp":"2026-07-12T12:48:24.624423Z","EventData":{"RuleName":"-","UtcTime":"2026-07-12 12:48:12.190","ProcessGuid":"{6bc49a7d-8d0c-6a53-9405-000000009a01}","ProcessId":11680,"Image":"C:\\Windows\\System32\\cmd.exe","FileVersion":"10.0.19041.746 (WinBuild.160101.0800)","Description":"Windows Command Processor","Product":"Microsoft® Windows® Operating System","Company":"Microsoft Corporation","OriginalFileName":"Cmd.Exe","CommandLine":"\"cmd.exe\" /d /c sc.exe delete \"TFM TEC005 Test Service\"","CurrentDirectory":"C:\\Windows\\system32\\","User":"LT29\\seguridad","LogonGuid":"{6bc49a7d-7a59-6a53-01ca-280000000000}","LogonId":"0x28CA01","TerminalSessionId":"1","IntegrityLevel":"High","Hashes":"MD5=8A2122E8162DBEF04694B9C3E0B6CDEE,SHA256=B99D61D874728EDC0918CA0EB10EAB93D381E7367E377406E65963366C874450,IMPHASH=272245E2988E1E430500B852C4FB5E18","ParentProcessGuid":"{6bc49a7d-7f1e-6a53-1c04-000000009a01}","ParentProcessId":"12104","ParentImage":"C:\\Windows\\System32\\WindowsPowerShell\\v1.0\\powershell.exe","ParentCommandLine":"\"C:\\Windows\\System32\\WindowsPowerShell\\v1.0\\powershell.exe\" ","ParentUser":"LT29\\seguridad"},"ClientId":"C.364907172793f8c7","_ts":1783860510744}
{"ID":1,"Timestamp":"2026-07-12T12:48:24.6451394Z","EventData":{"RuleName":"-","UtcTime":"2026-07-12 12:48:12.218","ProcessGuid":"{6bc49a7d-8d0c-6a53-9505-000000009a01}","ProcessId":8444,"Image":"C:\\Windows\\System32\\sc.exe","FileVersion":"10.0.19041.1 (WinBuild.160101.0800)","Description":"Service Control Manager Configuration Tool","Product":"Microsoft® Windows® Operating System","Company":"Microsoft Corporation","OriginalFileName":"sc.exe","CommandLine":"sc.exe  delete \"TFM TEC005 Test Service\"","CurrentDirectory":"C:\\Windows\\system32\\","User":"LT29\\seguridad","LogonGuid":"{6bc49a7d-7a59-6a53-01ca-280000000000}","LogonId":"0x28CA01","TerminalSessionId":"1","IntegrityLevel":"High","Hashes":"MD5=3FB5CF71F7E7EB49790CB0E663434D80,SHA256=41F067C3A11B02FE39947F9EBA68AE5C7CB5BD1872A6009A4CD1506554A9ABA9,IMPHASH=803254E010814E69947095A2725B2AFD","ParentProcessGuid":"{6bc49a7d-8d0c-6a53-9405-000000009a01}","ParentProcessId":"11680","ParentImage":"C:\\Windows\\System32\\cmd.exe","ParentCommandLine":"\"cmd.exe\" /d /c sc.exe delete \"TFM TEC005 Test Service\"","ParentUser":"LT29\\seguridad"},"ClientId":"C.364907172793f8c7","_ts":1783860510744}
{"ID":13,"Timestamp":"2026-07-12T12:48:24.663754Z","EventData":{"RuleName":"T1031,T1050","EventType":"SetValue","UtcTime":"2026-07-12 12:48:12.245","ProcessGuid":"{6bc49a7d-7991-6a53-0b00-000000009a01}","ProcessId":772,"Image":"C:\\Windows\\system32\\services.exe","TargetObject":"HKLM\\System\\CurrentControlSet\\Services\\TFM TEC005 Test Service\\Start","Details":"DWORD (0x00000004)","User":"NT AUTHORITY\\SYSTEM"},"ClientId":"C.364907172793f8c7","_ts":1783860510744}
{"ID":3,"Timestamp":"2026-07-12T12:48:34.4339141Z","EventData":{"RuleName":"Usermode","UtcTime":"2026-07-12 12:48:44.901","ProcessGuid":"{6bc49a7d-7cd5-6a53-7102-000000009a01}","ProcessId":5276,"Image":"C:\\Users\\seguridad\\Desktop\\TFM\\Velociraptor\\velociraptor-v0.75.6-windows-amd64.exe","User":"LT29\\seguridad","Protocol":"tcp","Initiated":"false","SourceIsIpv6":"true","SourceIp":"0:0:0:0:0:0:0:1","SourceHostname":"LT29.ait.us.es","SourcePort":"50641","SourcePortName":"-","DestinationIsIpv6":"true","DestinationIp":"0:0:0:0:0:0:0:1","DestinationHostname":"LT29.ait.us.es","DestinationPort":"8443","DestinationPortName":"-"},"ClientId":"C.364907172793f8c7","_ts":1783860510744}
{"ID":3,"Timestamp":"2026-07-12T12:48:34.4339492Z","EventData":{"RuleName":"Usermode","UtcTime":"2026-07-12 12:48:44.918","ProcessGuid":"{6bc49a7d-7cd5-6a53-7102-000000009a01}","ProcessId":5276,"Image":"C:\\Users\\seguridad\\Desktop\\TFM\\Velociraptor\\velociraptor-v0.75.6-windows-amd64.exe","User":"LT29\\seguridad","Protocol":"tcp","Initiated":"false","SourceIsIpv6":"true","SourceIp":"0:0:0:0:0:0:0:1","SourceHostname":"LT29.ait.us.es","SourcePort":"50642","SourcePortName":"-","DestinationIsIpv6":"true","DestinationIp":"0:0:0:0:0:0:0:1","DestinationHostname":"LT29.ait.us.es","DestinationPort":"8443","DestinationPortName":"-"},"ClientId":"C.364907172793f8c7","_ts":1783860510744}
{"ID":1,"Timestamp":"2026-07-12T12:48:35.0740266Z","EventData":{"RuleName":"-","UtcTime":"2026-07-12 12:48:27.862","ProcessGuid":"{6bc49a7d-8d1b-6a53-9605-000000009a01}","ProcessId":2892,"Image":"C:\\Windows\\System32\\cmd.exe","FileVersion":"10.0.19041.746 (WinBuild.160101.0800)","Description":"Windows Command Processor","Product":"Microsoft® Windows® Operating System","Company":"Microsoft Corporation","OriginalFileName":"Cmd.Exe","CommandLine":"\"cmd.exe\" /d /c powershell.exe -NoProfile -ExecutionPolicy Bypass -Command \"Get-CimInstance -Namespace root/SecurityCenter2 -ClassName AntivirusProduct | Select-Object displayName,productState; Get-Service WinDefend,SecurityHealthService -ErrorAction SilentlyContinue | Select-Object Name,Status\"","CurrentDirectory":"C:\\Windows\\system32\\","User":"LT29\\seguridad","LogonGuid":"{6bc49a7d-7a59-6a53-01ca-280000000000}","LogonId":"0x28CA01","TerminalSessionId":"1","IntegrityLevel":"High","Hashes":"MD5=8A2122E8162DBEF04694B9C3E0B6CDEE,SHA256=B99D61D874728EDC0918CA0EB10EAB93D381E7367E377406E65963366C874450,IMPHASH=272245E2988E1E430500B852C4FB5E18","ParentProcessGuid":"{6bc49a7d-7f1e-6a53-1c04-000000009a01}","ParentProcessId":"12104","ParentImage":"C:\\Windows\\System32\\WindowsPowerShell\\v1.0\\powershell.exe","ParentCommandLine":"\"C:\\Windows\\System32\\WindowsPowerShell\\v1.0\\powershell.exe\" ","ParentUser":"LT29\\seguridad"},"ClientId":"C.364907172793f8c7","_ts":1783860510744}
{"ID":1,"Timestamp":"2026-07-12T12:48:35.1056172Z","EventData":{"RuleName":"-","UtcTime":"2026-07-12 12:48:27.898","ProcessGuid":"{6bc49a7d-8d1b-6a53-9705-000000009a01}","ProcessId":8204,"Image":"C:\\Windows\\System32\\WindowsPowerShell\\v1.0\\powershell.exe","FileVersion":"10.0.19041.3393 (WinBuild.160101.0800)","Description":"Windows PowerShell","Product":"Microsoft® Windows® Operating System","Company":"Microsoft Corporation","OriginalFileName":"PowerShell.EXE","CommandLine":"powershell.exe  -NoProfile -ExecutionPolicy Bypass -Command \"Get-CimInstance -Namespace root/SecurityCenter2 -ClassName AntivirusProduct | Select-Object displayName,productState; Get-Service WinDefend,SecurityHealthService -ErrorAction SilentlyContinue | Select-Object Name,Status\"","CurrentDirectory":"C:\\Windows\\system32\\","User":"LT29\\seguridad","LogonGuid":"{6bc49a7d-7a59-6a53-01ca-280000000000}","LogonId":"0x28CA01","TerminalSessionId":"1","IntegrityLevel":"High","Hashes":"MD5=DFD66604CA0898E8E26DF7B1635B6326,SHA256=D23B67799A0DA0143E395BA5DB906A22AB08FAC4BD5581E275B1E0F1B3FAC55C,IMPHASH=88CB9A420410BDA787E305B65518A934","ParentProcessGuid":"{6bc49a7d-8d1b-6a53-9605-000000009a01}","ParentProcessId":"2892","ParentImage":"C:\\Windows\\System32\\cmd.exe","ParentCommandLine":"\"cmd.exe\" /d /c powershell.exe -NoProfile -ExecutionPolicy Bypass -Command \"Get-CimInstance -Namespace root/SecurityCenter2 -ClassName AntivirusProduct | Select-Object displayName,productState; Get-Service WinDefend,SecurityHealthService -ErrorAction SilentlyContinue | Select-Object Name,Status\"","ParentUser":"LT29\\seguridad"},"ClientId":"C.364907172793f8c7","_ts":1783860510744}
{"ID":11,"Timestamp":"2026-07-12T12:48:35.2743402Z","EventData":{"RuleName":"-","UtcTime":"2026-07-12 12:48:28.166","ProcessGuid":"{6bc49a7d-8d1b-6a53-9705-000000009a01}","ProcessId":8204,"Image":"C:\\Windows\\System32\\WindowsPowerShell\\v1.0\\powershell.exe","TargetFilename":"C:\\Users\\seguridad\\AppData\\Local\\Temp\\__PSScriptPolicyTest_nx5fvnqk.qsq.ps1","CreationUtcTime":"2026-07-12 12:48:28.166","User":"LT29\\seguridad"},"ClientId":"C.364907172793f8c7","_ts":1783860510744}
{"ID":1,"Timestamp":"2026-07-12T12:48:37.8680689Z","EventData":{"RuleName":"-","UtcTime":"2026-07-12 12:48:32.055","ProcessGuid":"{6bc49a7d-8d20-6a53-9805-000000009a01}","ProcessId":9536,"Image":"C:\\Windows\\System32\\cmd.exe","FileVersion":"10.0.19041.746 (WinBuild.160101.0800)","Description":"Windows Command Processor","Product":"Microsoft® Windows® Operating System","Company":"Microsoft Corporation","OriginalFileName":"Cmd.Exe","CommandLine":"\"cmd.exe\" /d /c cmd.exe /c \"wmic /namespace:\\\\root\\SecurityCenter2 path AntivirusProduct get displayName,productState\"","CurrentDirectory":"C:\\Windows\\system32\\","User":"LT29\\seguridad","LogonGuid":"{6bc49a7d-7a59-6a53-01ca-280000000000}","LogonId":"0x28CA01","TerminalSessionId":"1","IntegrityLevel":"High","Hashes":"MD5=8A2122E8162DBEF04694B9C3E0B6CDEE,SHA256=B99D61D874728EDC0918CA0EB10EAB93D381E7367E377406E65963366C874450,IMPHASH=272245E2988E1E430500B852C4FB5E18","ParentProcessGuid":"{6bc49a7d-7f1e-6a53-1c04-000000009a01}","ParentProcessId":"12104","ParentImage":"C:\\Windows\\System32\\WindowsPowerShell\\v1.0\\powershell.exe","ParentCommandLine":"\"C:\\Windows\\System32\\WindowsPowerShell\\v1.0\\powershell.exe\" ","ParentUser":"LT29\\seguridad"},"ClientId":"C.364907172793f8c7","_ts":1783860655303}
{"ID":1,"Timestamp":"2026-07-12T12:48:37.9026127Z","EventData":{"RuleName":"-","UtcTime":"2026-07-12 12:48:32.091","ProcessGuid":"{6bc49a7d-8d20-6a53-9905-000000009a01}","ProcessId":6384,"Image":"C:\\Windows\\System32\\cmd.exe","FileVersion":"10.0.19041.746 (WinBuild.160101.0800)","Description":"Windows Command Processor","Product":"Microsoft® Windows® Operating System","Company":"Microsoft Corporation","OriginalFileName":"Cmd.Exe","CommandLine":"cmd.exe  /c \"wmic /namespace:\\\\root\\SecurityCenter2 path AntivirusProduct get displayName,productState\"","CurrentDirectory":"C:\\Windows\\system32\\","User":"LT29\\seguridad","LogonGuid":"{6bc49a7d-7a59-6a53-01ca-280000000000}","LogonId":"0x28CA01","TerminalSessionId":"1","IntegrityLevel":"High","Hashes":"MD5=8A2122E8162DBEF04694B9C3E0B6CDEE,SHA256=B99D61D874728EDC0918CA0EB10EAB93D381E7367E377406E65963366C874450,IMPHASH=272245E2988E1E430500B852C4FB5E18","ParentProcessGuid":"{6bc49a7d-8d20-6a53-9805-000000009a01}","ParentProcessId":"9536","ParentImage":"C:\\Windows\\System32\\cmd.exe","ParentCommandLine":"\"cmd.exe\" /d /c cmd.exe /c \"wmic /namespace:\\\\root\\SecurityCenter2 path AntivirusProduct get displayName,productState\"","ParentUser":"LT29\\seguridad"},"ClientId":"C.364907172793f8c7","_ts":1783860655303}
{"ID":1,"Timestamp":"2026-07-12T12:48:37.9209154Z","EventData":{"RuleName":"-","UtcTime":"2026-07-12 12:48:32.129","ProcessGuid":"{6bc49a7d-8d20-6a53-9a05-000000009a01}","ProcessId":8716,"Image":"C:\\Windows\\System32\\wbem\\WMIC.exe","FileVersion":"10.0.19041.1741 (WinBuild.160101.0800)","Description":"WMI Commandline Utility","Product":"Microsoft® Windows® Operating System","Company":"Microsoft Corporation","OriginalFileName":"wmic.exe","CommandLine":"wmic  /namespace:\\\\root\\SecurityCenter2 path AntivirusProduct get displayName,productState","CurrentDirectory":"C:\\Windows\\system32\\","User":"LT29\\seguridad","LogonGuid":"{6bc49a7d-7a59-6a53-01ca-280000000000}","LogonId":"0x28CA01","TerminalSessionId":"1","IntegrityLevel":"High","Hashes":"MD5=C37F2F4F4B3CD128BDABCAEB2266A785,SHA256=12ABB45620A7A1FFD8BB953DEBA3FCC30B8BA14B2FF523F1F519BF2BF6BA7D4C,IMPHASH=527C7C66CDD13D72D793BCA3A417BCBE","ParentProcessGuid":"{6bc49a7d-8d20-6a53-9905-000000009a01}","ParentProcessId":"6384","ParentImage":"C:\\Windows\\System32\\cmd.exe","ParentCommandLine":"cmd.exe  /c \"wmic /namespace:\\\\root\\SecurityCenter2 path AntivirusProduct get displayName,productState\"","ParentUser":"LT29\\seguridad"},"ClientId":"C.364907172793f8c7","_ts":1783860655303}
{"ID":1,"Timestamp":"2026-07-12T12:48:48.608903Z","EventData":{"RuleName":"-","UtcTime":"2026-07-12 12:48:48.161","ProcessGuid":"{6bc49a7d-8d30-6a53-9b05-000000009a01}","ProcessId":9684,"Image":"C:\\Windows\\System32\\cmd.exe","FileVersion":"10.0.19041.746 (WinBuild.160101.0800)","Description":"Windows Command Processor","Product":"Microsoft® Windows® Operating System","Company":"Microsoft Corporation","OriginalFileName":"Cmd.Exe","CommandLine":"\"cmd.exe\" /d /c powershell.exe -NoProfile -ExecutionPolicy Bypass -File \"C:\\Users\\seguridad\\Desktop\\TFM\\01_ACTIVE_TESTS\\Pruebas\\TEC-007_Ransomware\\crear_directorio_dummy.ps1\" ","CurrentDirectory":"C:\\Windows\\system32\\","User":"LT29\\seguridad","LogonGuid":"{6bc49a7d-7a59-6a53-01ca-280000000000}","LogonId":"0x28CA01","TerminalSessionId":"1","IntegrityLevel":"High","Hashes":"MD5=8A2122E8162DBEF04694B9C3E0B6CDEE,SHA256=B99D61D874728EDC0918CA0EB10EAB93D381E7367E377406E65963366C874450,IMPHASH=272245E2988E1E430500B852C4FB5E18","ParentProcessGuid":"{6bc49a7d-7f1e-6a53-1c04-000000009a01}","ParentProcessId":"12104","ParentImage":"C:\\Windows\\System32\\WindowsPowerShell\\v1.0\\powershell.exe","ParentCommandLine":"\"C:\\Windows\\System32\\WindowsPowerShell\\v1.0\\powershell.exe\" ","ParentUser":"LT29\\seguridad"},"ClientId":"C.364907172793f8c7","_ts":1783860655303}
{"ID":1,"Timestamp":"2026-07-12T12:48:48.6455997Z","EventData":{"RuleName":"-","UtcTime":"2026-07-12 12:48:48.202","ProcessGuid":"{6bc49a7d-8d30-6a53-9c05-000000009a01}","ProcessId":11304,"Image":"C:\\Windows\\System32\\WindowsPowerShell\\v1.0\\powershell.exe","FileVersion":"10.0.19041.3393 (WinBuild.160101.0800)","Description":"Windows PowerShell","Product":"Microsoft® Windows® Operating System","Company":"Microsoft Corporation","OriginalFileName":"PowerShell.EXE","CommandLine":"powershell.exe  -NoProfile -ExecutionPolicy Bypass -File \"C:\\Users\\seguridad\\Desktop\\TFM\\01_ACTIVE_TESTS\\Pruebas\\TEC-007_Ransomware\\crear_directorio_dummy.ps1\" ","CurrentDirectory":"C:\\Windows\\system32\\","User":"LT29\\seguridad","LogonGuid":"{6bc49a7d-7a59-6a53-01ca-280000000000}","LogonId":"0x28CA01","TerminalSessionId":"1","IntegrityLevel":"High","Hashes":"MD5=DFD66604CA0898E8E26DF7B1635B6326,SHA256=D23B67799A0DA0143E395BA5DB906A22AB08FAC4BD5581E275B1E0F1B3FAC55C,IMPHASH=88CB9A420410BDA787E305B65518A934","ParentProcessGuid":"{6bc49a7d-8d30-6a53-9b05-000000009a01}","ParentProcessId":"9684","ParentImage":"C:\\Windows\\System32\\cmd.exe","ParentCommandLine":"\"cmd.exe\" /d /c powershell.exe -NoProfile -ExecutionPolicy Bypass -File \"C:\\Users\\seguridad\\Desktop\\TFM\\01_ACTIVE_TESTS\\Pruebas\\TEC-007_Ransomware\\crear_directorio_dummy.ps1\" ","ParentUser":"LT29\\seguridad"},"ClientId":"C.364907172793f8c7","_ts":1783860655303}
{"ID":11,"Timestamp":"2026-07-12T12:48:48.8056977Z","EventData":{"RuleName":"-","UtcTime":"2026-07-12 12:48:48.457","ProcessGuid":"{6bc49a7d-8d30-6a53-9c05-000000009a01}","ProcessId":11304,"Image":"C:\\Windows\\System32\\WindowsPowerShell\\v1.0\\powershell.exe","TargetFilename":"C:\\Users\\seguridad\\AppData\\Local\\Temp\\__PSScriptPolicyTest_mzwkgnmi.bfs.ps1","CreationUtcTime":"2026-07-12 12:48:48.457","User":"LT29\\seguridad"},"ClientId":"C.364907172793f8c7","_ts":1783860655303}
{"ID":1,"Timestamp":"2026-07-12T12:49:04.3291585Z","EventData":{"RuleName":"-","UtcTime":"2026-07-12 12:49:10.274","ProcessGuid":"{6bc49a7d-8d46-6a53-9e05-000000009a01}","ProcessId":8424,"Image":"C:\\Windows\\System32\\cmd.exe","FileVersion":"10.0.19041.746 (WinBuild.160101.0800)","Description":"Windows Command Processor","Product":"Microsoft® Windows® Operating System","Company":"Microsoft Corporation","OriginalFileName":"Cmd.Exe","CommandLine":"\"cmd.exe\" /d /c powershell.exe -NoProfile -ExecutionPolicy Bypass -File \"C:\\Users\\seguridad\\Desktop\\TFM\\01_ACTIVE_TESTS\\Pruebas\\TEC-007_Ransomware\\enumeracion.ps1\" ","CurrentDirectory":"C:\\Windows\\system32\\","User":"LT29\\seguridad","LogonGuid":"{6bc49a7d-7a59-6a53-01ca-280000000000}","LogonId":"0x28CA01","TerminalSessionId":"1","IntegrityLevel":"High","Hashes":"MD5=8A2122E8162DBEF04694B9C3E0B6CDEE,SHA256=B99D61D874728EDC0918CA0EB10EAB93D381E7367E377406E65963366C874450,IMPHASH=272245E2988E1E430500B852C4FB5E18","ParentProcessGuid":"{6bc49a7d-7f1e-6a53-1c04-000000009a01}","ParentProcessId":"12104","ParentImage":"C:\\Windows\\System32\\WindowsPowerShell\\v1.0\\powershell.exe","ParentCommandLine":"\"C:\\Windows\\System32\\WindowsPowerShell\\v1.0\\powershell.exe\" ","ParentUser":"LT29\\seguridad"},"ClientId":"C.364907172793f8c7","_ts":1783860655303}
{"ID":1,"Timestamp":"2026-07-12T12:49:04.4063546Z","EventData":{"RuleName":"-","UtcTime":"2026-07-12 12:49:10.342","ProcessGuid":"{6bc49a7d-8d46-6a53-9f05-000000009a01}","ProcessId":8752,"Image":"C:\\Windows\\System32\\WindowsPowerShell\\v1.0\\powershell.exe","FileVersion":"10.0.19041.3393 (WinBuild.160101.0800)","Description":"Windows PowerShell","Product":"Microsoft® Windows® Operating System","Company":"Microsoft Corporation","OriginalFileName":"PowerShell.EXE","CommandLine":"powershell.exe  -NoProfile -ExecutionPolicy Bypass -File \"C:\\Users\\seguridad\\Desktop\\TFM\\01_ACTIVE_TESTS\\Pruebas\\TEC-007_Ransomware\\enumeracion.ps1\" ","CurrentDirectory":"C:\\Windows\\system32\\","User":"LT29\\seguridad","LogonGuid":"{6bc49a7d-7a59-6a53-01ca-280000000000}","LogonId":"0x28CA01","TerminalSessionId":"1","IntegrityLevel":"High","Hashes":"MD5=DFD66604CA0898E8E26DF7B1635B6326,SHA256=D23B67799A0DA0143E395BA5DB906A22AB08FAC4BD5581E275B1E0F1B3FAC55C,IMPHASH=88CB9A420410BDA787E305B65518A934","ParentProcessGuid":"{6bc49a7d-8d46-6a53-9e05-000000009a01}","ParentProcessId":"8424","ParentImage":"C:\\Windows\\System32\\cmd.exe","ParentCommandLine":"\"cmd.exe\" /d /c powershell.exe -NoProfile -ExecutionPolicy Bypass -File \"C:\\Users\\seguridad\\Desktop\\TFM\\01_ACTIVE_TESTS\\Pruebas\\TEC-007_Ransomware\\enumeracion.ps1\" ","ParentUser":"LT29\\seguridad"},"ClientId":"C.364907172793f8c7","_ts":1783860655303}
{"ID":11,"Timestamp":"2026-07-12T12:49:04.7173543Z","EventData":{"RuleName":"-","UtcTime":"2026-07-12 12:49:10.791","ProcessGuid":"{6bc49a7d-8d46-6a53-9f05-000000009a01}","ProcessId":8752,"Image":"C:\\Windows\\System32\\WindowsPowerShell\\v1.0\\powershell.exe","TargetFilename":"C:\\Users\\seguridad\\AppData\\Local\\Temp\\__PSScriptPolicyTest_3biswfa2.cbt.ps1","CreationUtcTime":"2026-07-12 12:49:10.791","User":"LT29\\seguridad"},"ClientId":"C.364907172793f8c7","_ts":1783860655303}
{"ID":1,"Timestamp":"2026-07-12T12:49:06.0431422Z","EventData":{"RuleName":"-","UtcTime":"2026-07-12 12:49:12.402","ProcessGuid":"{6bc49a7d-8d48-6a53-a005-000000009a01}","ProcessId":2116,"Image":"C:\\Windows\\System32\\cmd.exe","FileVersion":"10.0.19041.746 (WinBuild.160101.0800)","Description":"Windows Command Processor","Product":"Microsoft® Windows® Operating System","Company":"Microsoft Corporation","OriginalFileName":"Cmd.Exe","CommandLine":"\"cmd.exe\" /d /c powershell.exe -NoProfile -ExecutionPolicy Bypass -File \"C:\\Users\\seguridad\\Desktop\\TFM\\01_ACTIVE_TESTS\\Pruebas\\TEC-007_Ransomware\\Scriptransom.ps1\" ","CurrentDirectory":"C:\\Windows\\system32\\","User":"LT29\\seguridad","LogonGuid":"{6bc49a7d-7a59-6a53-01ca-280000000000}","LogonId":"0x28CA01","TerminalSessionId":"1","IntegrityLevel":"High","Hashes":"MD5=8A2122E8162DBEF04694B9C3E0B6CDEE,SHA256=B99D61D874728EDC0918CA0EB10EAB93D381E7367E377406E65963366C874450,IMPHASH=272245E2988E1E430500B852C4FB5E18","ParentProcessGuid":"{6bc49a7d-7f1e-6a53-1c04-000000009a01}","ParentProcessId":"12104","ParentImage":"C:\\Windows\\System32\\WindowsPowerShell\\v1.0\\powershell.exe","ParentCommandLine":"\"C:\\Windows\\System32\\WindowsPowerShell\\v1.0\\powershell.exe\" ","ParentUser":"LT29\\seguridad"},"ClientId":"C.364907172793f8c7","_ts":1783860655303}
{"ID":1,"Timestamp":"2026-07-12T12:49:06.0836438Z","EventData":{"RuleName":"-","UtcTime":"2026-07-12 12:49:12.442","ProcessGuid":"{6bc49a7d-8d48-6a53-a105-000000009a01}","ProcessId":11092,"Image":"C:\\Windows\\System32\\WindowsPowerShell\\v1.0\\powershell.exe","FileVersion":"10.0.19041.3393 (WinBuild.160101.0800)","Description":"Windows PowerShell","Product":"Microsoft® Windows® Operating System","Company":"Microsoft Corporation","OriginalFileName":"PowerShell.EXE","CommandLine":"powershell.exe  -NoProfile -ExecutionPolicy Bypass -File \"C:\\Users\\seguridad\\Desktop\\TFM\\01_ACTIVE_TESTS\\Pruebas\\TEC-007_Ransomware\\Scriptransom.ps1\" ","CurrentDirectory":"C:\\Windows\\system32\\","User":"LT29\\seguridad","LogonGuid":"{6bc49a7d-7a59-6a53-01ca-280000000000}","LogonId":"0x28CA01","TerminalSessionId":"1","IntegrityLevel":"High","Hashes":"MD5=DFD66604CA0898E8E26DF7B1635B6326,SHA256=D23B67799A0DA0143E395BA5DB906A22AB08FAC4BD5581E275B1E0F1B3FAC55C,IMPHASH=88CB9A420410BDA787E305B65518A934","ParentProcessGuid":"{6bc49a7d-8d48-6a53-a005-000000009a01}","ParentProcessId":"2116","ParentImage":"C:\\Windows\\System32\\cmd.exe","ParentCommandLine":"\"cmd.exe\" /d /c powershell.exe -NoProfile -ExecutionPolicy Bypass -File \"C:\\Users\\seguridad\\Desktop\\TFM\\01_ACTIVE_TESTS\\Pruebas\\TEC-007_Ransomware\\Scriptransom.ps1\" ","ParentUser":"LT29\\seguridad"},"ClientId":"C.364907172793f8c7","_ts":1783860655303}
{"ID":11,"Timestamp":"2026-07-12T12:49:06.2288744Z","EventData":{"RuleName":"-","UtcTime":"2026-07-12 12:49:12.628","ProcessGuid":"{6bc49a7d-8d48-6a53-a105-000000009a01}","ProcessId":11092,"Image":"C:\\Windows\\System32\\WindowsPowerShell\\v1.0\\powershell.exe","TargetFilename":"C:\\Users\\seguridad\\AppData\\Local\\Temp\\__PSScriptPolicyTest_pl2ld1rb.fpl.ps1","CreationUtcTime":"2026-07-12 12:49:12.628","User":"LT29\\seguridad"},"ClientId":"C.364907172793f8c7","_ts":1783860655303}
{"ID":1,"Timestamp":"2026-07-12T12:49:09.8626523Z","EventData":{"RuleName":"-","UtcTime":"2026-07-12 12:49:17.043","ProcessGuid":"{6bc49a7d-8d4d-6a53-a205-000000009a01}","ProcessId":1716,"Image":"C:\\Windows\\System32\\cmd.exe","FileVersion":"10.0.19041.746 (WinBuild.160101.0800)","Description":"Windows Command Processor","Product":"Microsoft® Windows® Operating System","Company":"Microsoft Corporation","OriginalFileName":"Cmd.Exe","CommandLine":"\"cmd.exe\" /d /c powershell.exe -NoProfile -ExecutionPolicy Bypass -File \"C:\\Users\\seguridad\\Desktop\\TFM\\01_ACTIVE_TESTS\\Pruebas\\TEC-007_Ransomware\\crear_directorio_dummy.ps1\" ","CurrentDirectory":"C:\\Windows\\system32\\","User":"LT29\\seguridad","LogonGuid":"{6bc49a7d-7a59-6a53-01ca-280000000000}","LogonId":"0x28CA01","TerminalSessionId":"1","IntegrityLevel":"High","Hashes":"MD5=8A2122E8162DBEF04694B9C3E0B6CDEE,SHA256=B99D61D874728EDC0918CA0EB10EAB93D381E7367E377406E65963366C874450,IMPHASH=272245E2988E1E430500B852C4FB5E18","ParentProcessGuid":"{6bc49a7d-7f1e-6a53-1c04-000000009a01}","ParentProcessId":"12104","ParentImage":"C:\\Windows\\System32\\WindowsPowerShell\\v1.0\\powershell.exe","ParentCommandLine":"\"C:\\Windows\\System32\\WindowsPowerShell\\v1.0\\powershell.exe\" ","ParentUser":"LT29\\seguridad"},"ClientId":"C.364907172793f8c7","_ts":1783860655303}
{"ID":1,"Timestamp":"2026-07-12T12:49:09.8936704Z","EventData":{"RuleName":"-","UtcTime":"2026-07-12 12:49:17.071","ProcessGuid":"{6bc49a7d-8d4d-6a53-a305-000000009a01}","ProcessId":1384,"Image":"C:\\Windows\\System32\\WindowsPowerShell\\v1.0\\powershell.exe","FileVersion":"10.0.19041.3393 (WinBuild.160101.0800)","Description":"Windows PowerShell","Product":"Microsoft® Windows® Operating System","Company":"Microsoft Corporation","OriginalFileName":"PowerShell.EXE","CommandLine":"powershell.exe  -NoProfile -ExecutionPolicy Bypass -File \"C:\\Users\\seguridad\\Desktop\\TFM\\01_ACTIVE_TESTS\\Pruebas\\TEC-007_Ransomware\\crear_directorio_dummy.ps1\" ","CurrentDirectory":"C:\\Windows\\system32\\","User":"LT29\\seguridad","LogonGuid":"{6bc49a7d-7a59-6a53-01ca-280000000000}","LogonId":"0x28CA01","TerminalSessionId":"1","IntegrityLevel":"High","Hashes":"MD5=DFD66604CA0898E8E26DF7B1635B6326,SHA256=D23B67799A0DA0143E395BA5DB906A22AB08FAC4BD5581E275B1E0F1B3FAC55C,IMPHASH=88CB9A420410BDA787E305B65518A934","ParentProcessGuid":"{6bc49a7d-8d4d-6a53-a205-000000009a01}","ParentProcessId":"1716","ParentImage":"C:\\Windows\\System32\\cmd.exe","ParentCommandLine":"\"cmd.exe\" /d /c powershell.exe -NoProfile -ExecutionPolicy Bypass -File \"C:\\Users\\seguridad\\Desktop\\TFM\\01_ACTIVE_TESTS\\Pruebas\\TEC-007_Ransomware\\crear_directorio_dummy.ps1\" ","ParentUser":"LT29\\seguridad"},"ClientId":"C.364907172793f8c7","_ts":1783860655303}
{"ID":11,"Timestamp":"2026-07-12T12:49:10.0852453Z","EventData":{"RuleName":"-","UtcTime":"2026-07-12 12:49:17.307","ProcessGuid":"{6bc49a7d-8d4d-6a53-a305-000000009a01}","ProcessId":1384,"Image":"C:\\Windows\\System32\\WindowsPowerShell\\v1.0\\powershell.exe","TargetFilename":"C:\\Users\\seguridad\\AppData\\Local\\Temp\\__PSScriptPolicyTest_ctnyzhy2.oc2.ps1","CreationUtcTime":"2026-07-12 12:49:17.307","User":"LT29\\seguridad"},"ClientId":"C.364907172793f8c7","_ts":1783860655303}
{"ID":1,"Timestamp":"2026-07-12T12:49:34.6364683Z","EventData":{"RuleName":"-","UtcTime":"2026-07-12 12:49:43.712","ProcessGuid":"{6bc49a7d-8d67-6a53-a405-000000009a01}","ProcessId":2100,"Image":"C:\\Windows\\System32\\cmd.exe","FileVersion":"10.0.19041.746 (WinBuild.160101.0800)","Description":"Windows Command Processor","Product":"Microsoft® Windows® Operating System","Company":"Microsoft Corporation","OriginalFileName":"Cmd.Exe","CommandLine":"\"cmd.exe\" /d /c powershell.exe -NoProfile -ExecutionPolicy Bypass -File \"C:\\Users\\seguridad\\Desktop\\TFM\\01_ACTIVE_TESTS\\Pruebas\\TEC-008_Sabotaje\\crear_directorio_dummy.ps1\" ","CurrentDirectory":"C:\\Windows\\system32\\","User":"LT29\\seguridad","LogonGuid":"{6bc49a7d-7a59-6a53-01ca-280000000000}","LogonId":"0x28CA01","TerminalSessionId":"1","IntegrityLevel":"High","Hashes":"MD5=8A2122E8162DBEF04694B9C3E0B6CDEE,SHA256=B99D61D874728EDC0918CA0EB10EAB93D381E7367E377406E65963366C874450,IMPHASH=272245E2988E1E430500B852C4FB5E18","ParentProcessGuid":"{6bc49a7d-7f1e-6a53-1c04-000000009a01}","ParentProcessId":"12104","ParentImage":"C:\\Windows\\System32\\WindowsPowerShell\\v1.0\\powershell.exe","ParentCommandLine":"\"C:\\Windows\\System32\\WindowsPowerShell\\v1.0\\powershell.exe\" ","ParentUser":"LT29\\seguridad"},"ClientId":"C.364907172793f8c7","_ts":1783860655303}
{"ID":1,"Timestamp":"2026-07-12T12:49:34.6846685Z","EventData":{"RuleName":"-","UtcTime":"2026-07-12 12:49:43.751","ProcessGuid":"{6bc49a7d-8d67-6a53-a505-000000009a01}","ProcessId":3848,"Image":"C:\\Windows\\System32\\WindowsPowerShell\\v1.0\\powershell.exe","FileVersion":"10.0.19041.3393 (WinBuild.160101.0800)","Description":"Windows PowerShell","Product":"Microsoft® Windows® Operating System","Company":"Microsoft Corporation","OriginalFileName":"PowerShell.EXE","CommandLine":"powershell.exe  -NoProfile -ExecutionPolicy Bypass -File \"C:\\Users\\seguridad\\Desktop\\TFM\\01_ACTIVE_TESTS\\Pruebas\\TEC-008_Sabotaje\\crear_directorio_dummy.ps1\" ","CurrentDirectory":"C:\\Windows\\system32\\","User":"LT29\\seguridad","LogonGuid":"{6bc49a7d-7a59-6a53-01ca-280000000000}","LogonId":"0x28CA01","TerminalSessionId":"1","IntegrityLevel":"High","Hashes":"MD5=DFD66604CA0898E8E26DF7B1635B6326,SHA256=D23B67799A0DA0143E395BA5DB906A22AB08FAC4BD5581E275B1E0F1B3FAC55C,IMPHASH=88CB9A420410BDA787E305B65518A934","ParentProcessGuid":"{6bc49a7d-8d67-6a53-a405-000000009a01}","ParentProcessId":"2100","ParentImage":"C:\\Windows\\System32\\cmd.exe","ParentCommandLine":"\"cmd.exe\" /d /c powershell.exe -NoProfile -ExecutionPolicy Bypass -File \"C:\\Users\\seguridad\\Desktop\\TFM\\01_ACTIVE_TESTS\\Pruebas\\TEC-008_Sabotaje\\crear_directorio_dummy.ps1\" ","ParentUser":"LT29\\seguridad"},"ClientId":"C.364907172793f8c7","_ts":1783860655303}
{"ID":11,"Timestamp":"2026-07-12T12:49:34.8479648Z","EventData":{"RuleName":"-","UtcTime":"2026-07-12 12:49:43.915","ProcessGuid":"{6bc49a7d-8d67-6a53-a505-000000009a01}","ProcessId":3848,"Image":"C:\\Windows\\System32\\WindowsPowerShell\\v1.0\\powershell.exe","TargetFilename":"C:\\Users\\seguridad\\AppData\\Local\\Temp\\__PSScriptPolicyTest_b1rgbo2l.bnr.ps1","CreationUtcTime":"2026-07-12 12:49:43.915","User":"LT29\\seguridad"},"ClientId":"C.364907172793f8c7","_ts":1783860655303}
{"ID":3,"Timestamp":"2026-07-12T12:49:49.3179303Z","EventData":{"RuleName":"Usermode","UtcTime":"2026-07-12 12:50:01.300","ProcessGuid":"{6bc49a7d-7cd5-6a53-7102-000000009a01}","ProcessId":5276,"Image":"C:\\Users\\seguridad\\Desktop\\TFM\\Velociraptor\\velociraptor-v0.75.6-windows-amd64.exe","User":"LT29\\seguridad","Protocol":"tcp","Initiated":"false","SourceIsIpv6":"true","SourceIp":"0:0:0:0:0:0:0:1","SourceHostname":"LT29.ait.us.es","SourcePort":"50647","SourcePortName":"-","DestinationIsIpv6":"true","DestinationIp":"0:0:0:0:0:0:0:1","DestinationHostname":"LT29.ait.us.es","DestinationPort":"8443","DestinationPortName":"-"},"ClientId":"C.364907172793f8c7","_ts":1783860655303}
{"ID":3,"Timestamp":"2026-07-12T12:49:49.3179496Z","EventData":{"RuleName":"Usermode","UtcTime":"2026-07-12 12:50:01.456","ProcessGuid":"{6bc49a7d-7cd5-6a53-7102-000000009a01}","ProcessId":5276,"Image":"C:\\Users\\seguridad\\Desktop\\TFM\\Velociraptor\\velociraptor-v0.75.6-windows-amd64.exe","User":"LT29\\seguridad","Protocol":"tcp","Initiated":"false","SourceIsIpv6":"true","SourceIp":"0:0:0:0:0:0:0:1","SourceHostname":"LT29.ait.us.es","SourcePort":"50648","SourcePortName":"-","DestinationIsIpv6":"true","DestinationIp":"0:0:0:0:0:0:0:1","DestinationHostname":"LT29.ait.us.es","DestinationPort":"8443","DestinationPortName":"-"},"ClientId":"C.364907172793f8c7","_ts":1783860655303}
{"ID":1,"Timestamp":"2026-07-12T12:49:50.2385077Z","EventData":{"RuleName":"-","UtcTime":"2026-07-12 12:49:57.183","ProcessGuid":"{6bc49a7d-8d75-6a53-a705-000000009a01}","ProcessId":6920,"Image":"C:\\Windows\\System32\\cmd.exe","FileVersion":"10.0.19041.746 (WinBuild.160101.0800)","Description":"Windows Command Processor","Product":"Microsoft® Windows® Operating System","Company":"Microsoft Corporation","OriginalFileName":"Cmd.Exe","CommandLine":"\"cmd.exe\" /d /c powershell.exe -NoProfile -ExecutionPolicy Bypass -Command \"$target = 'C:\\Users\\seguridad\\Desktop\\TFM\\01_ACTIVE_TESTS\\Pruebas\\DUMB_LAB'; Write-Host 'TEC008_OK'; Get-ChildItem $target -Recurse -File | ForEach-Object { Remove-Item $_.FullName -Force }; Start-Sleep 3\"","CurrentDirectory":"C:\\Windows\\system32\\","User":"LT29\\seguridad","LogonGuid":"{6bc49a7d-7a59-6a53-01ca-280000000000}","LogonId":"0x28CA01","TerminalSessionId":"1","IntegrityLevel":"High","Hashes":"MD5=8A2122E8162DBEF04694B9C3E0B6CDEE,SHA256=B99D61D874728EDC0918CA0EB10EAB93D381E7367E377406E65963366C874450,IMPHASH=272245E2988E1E430500B852C4FB5E18","ParentProcessGuid":"{6bc49a7d-7f1e-6a53-1c04-000000009a01}","ParentProcessId":"12104","ParentImage":"C:\\Windows\\System32\\WindowsPowerShell\\v1.0\\powershell.exe","ParentCommandLine":"\"C:\\Windows\\System32\\WindowsPowerShell\\v1.0\\powershell.exe\" ","ParentUser":"LT29\\seguridad"},"ClientId":"C.364907172793f8c7","_ts":1783860655303}
{"ID":1,"Timestamp":"2026-07-12T12:49:50.3805587Z","EventData":{"RuleName":"-","UtcTime":"2026-07-12 12:49:57.271","ProcessGuid":"{6bc49a7d-8d75-6a53-a805-000000009a01}","ProcessId":7956,"Image":"C:\\Windows\\System32\\WindowsPowerShell\\v1.0\\powershell.exe","FileVersion":"10.0.19041.3393 (WinBuild.160101.0800)","Description":"Windows PowerShell","Product":"Microsoft® Windows® Operating System","Company":"Microsoft Corporation","OriginalFileName":"PowerShell.EXE","CommandLine":"powershell.exe  -NoProfile -ExecutionPolicy Bypass -Command \"$target = 'C:\\Users\\seguridad\\Desktop\\TFM\\01_ACTIVE_TESTS\\Pruebas\\DUMB_LAB'; Write-Host 'TEC008_OK'; Get-ChildItem $target -Recurse -File | ForEach-Object { Remove-Item $_.FullName -Force }; Start-Sleep 3\"","CurrentDirectory":"C:\\Windows\\system32\\","User":"LT29\\seguridad","LogonGuid":"{6bc49a7d-7a59-6a53-01ca-280000000000}","LogonId":"0x28CA01","TerminalSessionId":"1","IntegrityLevel":"High","Hashes":"MD5=DFD66604CA0898E8E26DF7B1635B6326,SHA256=D23B67799A0DA0143E395BA5DB906A22AB08FAC4BD5581E275B1E0F1B3FAC55C,IMPHASH=88CB9A420410BDA787E305B65518A934","ParentProcessGuid":"{6bc49a7d-8d75-6a53-a705-000000009a01}","ParentProcessId":"6920","ParentImage":"C:\\Windows\\System32\\cmd.exe","ParentCommandLine":"\"cmd.exe\" /d /c powershell.exe -NoProfile -ExecutionPolicy Bypass -Command \"$target = 'C:\\Users\\seguridad\\Desktop\\TFM\\01_ACTIVE_TESTS\\Pruebas\\DUMB_LAB'; Write-Host 'TEC008_OK'; Get-ChildItem $target -Recurse -File | ForEach-Object { Remove-Item $_.FullName -Force }; Start-Sleep 3\"","ParentUser":"LT29\\seguridad"},"ClientId":"C.364907172793f8c7","_ts":1783860655303}
{"ID":11,"Timestamp":"2026-07-12T12:49:50.7265637Z","EventData":{"RuleName":"-","UtcTime":"2026-07-12 12:49:57.562","ProcessGuid":"{6bc49a7d-8d75-6a53-a805-000000009a01}","ProcessId":7956,"Image":"C:\\Windows\\System32\\WindowsPowerShell\\v1.0\\powershell.exe","TargetFilename":"C:\\Users\\seguridad\\AppData\\Local\\Temp\\__PSScriptPolicyTest_jw1sigfa.qlo.ps1","CreationUtcTime":"2026-07-12 12:49:57.554","User":"LT29\\seguridad"},"ClientId":"C.364907172793f8c7","_ts":1783860655303}
{"ID":1,"Timestamp":"2026-07-12T12:49:57.0048652Z","EventData":{"RuleName":"-","UtcTime":"2026-07-12 12:50:02.702","ProcessGuid":"{6bc49a7d-8d7a-6a53-a905-000000009a01}","ProcessId":9116,"Image":"C:\\Windows\\System32\\cmd.exe","FileVersion":"10.0.19041.746 (WinBuild.160101.0800)","Description":"Windows Command Processor","Product":"Microsoft® Windows® Operating System","Company":"Microsoft Corporation","OriginalFileName":"Cmd.Exe","CommandLine":"\"cmd.exe\" /d /c powershell.exe -NoProfile -ExecutionPolicy Bypass -File \"C:\\Users\\seguridad\\Desktop\\TFM\\01_ACTIVE_TESTS\\Pruebas\\TEC-008_Sabotaje\\crear_directorio_dummy.ps1\" ","CurrentDirectory":"C:\\Windows\\system32\\","User":"LT29\\seguridad","LogonGuid":"{6bc49a7d-7a59-6a53-01ca-280000000000}","LogonId":"0x28CA01","TerminalSessionId":"1","IntegrityLevel":"High","Hashes":"MD5=8A2122E8162DBEF04694B9C3E0B6CDEE,SHA256=B99D61D874728EDC0918CA0EB10EAB93D381E7367E377406E65963366C874450,IMPHASH=272245E2988E1E430500B852C4FB5E18","ParentProcessGuid":"{6bc49a7d-7f1e-6a53-1c04-000000009a01}","ParentProcessId":"12104","ParentImage":"C:\\Windows\\System32\\WindowsPowerShell\\v1.0\\powershell.exe","ParentCommandLine":"\"C:\\Windows\\System32\\WindowsPowerShell\\v1.0\\powershell.exe\" ","ParentUser":"LT29\\seguridad"},"ClientId":"C.364907172793f8c7","_ts":1783860655303}
