{"ID":3,"Timestamp":"2026-07-12T12:44:50.6741462Z","EventData":{"RuleName":"Usermode","UtcTime":"2026-07-12 12:45:02.938","ProcessGuid":"{6bc49a7d-7cd5-6a53-7102-000000009a01}","ProcessId":5276,"Image":"C:\\Users\\seguridad\\Desktop\\TFM\\Velociraptor\\velociraptor-v0.75.6-windows-amd64.exe","User":"LT29\\seguridad","Protocol":"tcp","Initiated":"false","SourceIsIpv6":"true","SourceIp":"0:0:0:0:0:0:0:1","SourceHostname":"LT29.ait.us.es","SourcePort":"50624","SourcePortName":"-","DestinationIsIpv6":"true","DestinationIp":"0:0:0:0:0:0:0:1","DestinationHostname":"LT29.ait.us.es","DestinationPort":"8443","DestinationPortName":"-"},"ClientId":"C.364907172793f8c7","_ts":1783860377186}
{"ID":3,"Timestamp":"2026-07-12T12:44:50.9430815Z","EventData":{"RuleName":"Usermode","UtcTime":"2026-07-12 12:45:02.946","ProcessGuid":"{6bc49a7d-7cd5-6a53-7102-000000009a01}","ProcessId":5276,"Image":"C:\\Users\\seguridad\\Desktop\\TFM\\Velociraptor\\velociraptor-v0.75.6-windows-amd64.exe","User":"LT29\\seguridad","Protocol":"tcp","Initiated":"false","SourceIsIpv6":"true","SourceIp":"0:0:0:0:0:0:0:1","SourceHostname":"LT29.ait.us.es","SourcePort":"50625","SourcePortName":"-","DestinationIsIpv6":"true","DestinationIp":"0:0:0:0:0:0:0:1","DestinationHostname":"LT29.ait.us.es","DestinationPort":"8443","DestinationPortName":"-"},"ClientId":"C.364907172793f8c7","_ts":1783860377186}
{"ID":3,"Timestamp":"2026-07-12T12:45:41.9093441Z","EventData":{"RuleName":"-","UtcTime":"2026-07-12 12:45:53.643","ProcessGuid":"{6bc49a7d-7f1e-6a53-1c04-000000009a01}","ProcessId":12104,"Image":"C:\\Windows\\System32\\WindowsPowerShell\\v1.0\\powershell.exe","User":"LT29\\seguridad","Protocol":"tcp","Initiated":"true","SourceIsIpv6":"false","SourceIp":"192.168.1.143","SourceHostname":"LT29.ait.us.es","SourcePort":"50627","SourcePortName":"-","DestinationIsIpv6":"false","DestinationIp":"192.168.1.129","DestinationHostname":"-","DestinationPort":"8088","DestinationPortName":"-"},"ClientId":"C.364907172793f8c7","_ts":1783860377186}
{"ID":1,"Timestamp":"2026-07-12T12:45:50.1219652Z","EventData":{"RuleName":"-","UtcTime":"2026-07-12 12:45:56.121","ProcessGuid":"{6bc49a7d-8c84-6a53-6705-000000009a01}","ProcessId":1752,"Image":"C:\\Windows\\System32\\svchost.exe","FileVersion":"10.0.19041.1806 (WinBuild.160101.0800)","Description":"Host Process for Windows Services","Product":"Microsoft® Windows® Operating System","Company":"Microsoft Corporation","OriginalFileName":"svchost.exe","CommandLine":"C:\\Windows\\System32\\svchost.exe -k netsvcs -p -s NetSetupSvc","CurrentDirectory":"C:\\Windows\\system32\\","User":"NT AUTHORITY\\SYSTEM","LogonGuid":"{6bc49a7d-7991-6a53-e703-000000000000}","LogonId":"0x3E7","TerminalSessionId":"0","IntegrityLevel":"System","Hashes":"MD5=B7F884C1B74A263F746EE12A5F7C9F6A,SHA256=ADD683A6910ABBBF0E28B557FAD0BA998166394932AE2ACA069D9AA19EA8FE88,IMPHASH=247B9220E5D9B720A82B2C8B5069AD69","ParentProcessGuid":"{6bc49a7d-7991-6a53-0b00-000000009a01}","ParentProcessId":"772","ParentImage":"C:\\Windows\\System32\\services.exe","ParentCommandLine":"C:\\Windows\\system32\\services.exe","ParentUser":"NT AUTHORITY\\SYSTEM"},"ClientId":"C.364907172793f8c7","_ts":1783860377186}
{"ID":3,"Timestamp":"2026-07-12T12:45:53.8750104Z","EventData":{"RuleName":"Usermode","UtcTime":"2026-07-12 12:46:06.000","ProcessGuid":"{6bc49a7d-7cd5-6a53-7102-000000009a01}","ProcessId":5276,"Image":"C:\\Users\\seguridad\\Desktop\\TFM\\Velociraptor\\velociraptor-v0.75.6-windows-amd64.exe","User":"LT29\\seguridad","Protocol":"tcp","Initiated":"false","SourceIsIpv6":"true","SourceIp":"0:0:0:0:0:0:0:1","SourceHostname":"LT29.ait.us.es","SourcePort":"50629","SourcePortName":"-","DestinationIsIpv6":"true","DestinationIp":"0:0:0:0:0:0:0:1","DestinationHostname":"LT29.ait.us.es","DestinationPort":"8443","DestinationPortName":"-"},"ClientId":"C.364907172793f8c7","_ts":1783860377186}
{"ID":3,"Timestamp":"2026-07-12T12:45:53.875031Z","EventData":{"RuleName":"Usermode","UtcTime":"2026-07-12 12:46:06.008","ProcessGuid":"{6bc49a7d-7cd5-6a53-7102-000000009a01}","ProcessId":5276,"Image":"C:\\Users\\seguridad\\Desktop\\TFM\\Velociraptor\\velociraptor-v0.75.6-windows-amd64.exe","User":"LT29\\seguridad","Protocol":"tcp","Initiated":"false","SourceIsIpv6":"true","SourceIp":"0:0:0:0:0:0:0:1","SourceHostname":"LT29.ait.us.es","SourcePort":"50630","SourcePortName":"-","DestinationIsIpv6":"true","DestinationIp":"0:0:0:0:0:0:0:1","DestinationHostname":"LT29.ait.us.es","DestinationPort":"8443","DestinationPortName":"-"},"ClientId":"C.364907172793f8c7","_ts":1783860377186}
{"ID":1,"Timestamp":"2026-07-12T12:46:27.7732237Z","EventData":{"RuleName":"-","UtcTime":"2026-07-12 12:46:16.753","ProcessGuid":"{6bc49a7d-8c98-6a53-6805-000000009a01}","ProcessId":11468,"Image":"C:\\Windows\\System32\\cmd.exe","FileVersion":"10.0.19041.746 (WinBuild.160101.0800)","Description":"Windows Command Processor","Product":"Microsoft® Windows® Operating System","Company":"Microsoft Corporation","OriginalFileName":"Cmd.Exe","CommandLine":"\"cmd.exe\" /d /c schtasks.exe /delete /tn \"TFM-TEC-003\" /f","CurrentDirectory":"C:\\Windows\\system32\\","User":"LT29\\seguridad","LogonGuid":"{6bc49a7d-7a59-6a53-01ca-280000000000}","LogonId":"0x28CA01","TerminalSessionId":"1","IntegrityLevel":"High","Hashes":"MD5=8A2122E8162DBEF04694B9C3E0B6CDEE,SHA256=B99D61D874728EDC0918CA0EB10EAB93D381E7367E377406E65963366C874450,IMPHASH=272245E2988E1E430500B852C4FB5E18","ParentProcessGuid":"{6bc49a7d-7f1e-6a53-1c04-000000009a01}","ParentProcessId":"12104","ParentImage":"C:\\Windows\\System32\\WindowsPowerShell\\v1.0\\powershell.exe","ParentCommandLine":"\"C:\\Windows\\System32\\WindowsPowerShell\\v1.0\\powershell.exe\" ","ParentUser":"LT29\\seguridad"},"ClientId":"C.364907172793f8c7","_ts":1783860510744}
{"ID":1,"Timestamp":"2026-07-12T12:46:27.8011317Z","EventData":{"RuleName":"-","UtcTime":"2026-07-12 12:46:16.764","ProcessGuid":"{6bc49a7d-8c98-6a53-6905-000000009a01}","ProcessId":10584,"Image":"C:\\Windows\\System32\\schtasks.exe","FileVersion":"10.0.19041.1503 (WinBuild.160101.0800)","Description":"Task Scheduler Configuration Tool","Product":"Microsoft® Windows® Operating System","Company":"Microsoft Corporation","OriginalFileName":"schtasks.exe","CommandLine":"schtasks.exe  /delete /tn \"TFM-TEC-003\" /f","CurrentDirectory":"C:\\Windows\\system32\\","User":"LT29\\seguridad","LogonGuid":"{6bc49a7d-7a59-6a53-01ca-280000000000}","LogonId":"0x28CA01","TerminalSessionId":"1","IntegrityLevel":"High","Hashes":"MD5=76CD6626DD8834BD4A42E6A565104DC2,SHA256=013C013E0EFD13C9380FAD58418B7ACA8356E591A5CCEFFDB910F7D8B0AD28EF,IMPHASH=ECCE05491F2E8F279F4790BCB1318C05","ParentProcessGuid":"{6bc49a7d-8c98-6a53-6805-000000009a01}","ParentProcessId":"11468","ParentImage":"C:\\Windows\\System32\\cmd.exe","ParentCommandLine":"\"cmd.exe\" /d /c schtasks.exe /delete /tn \"TFM-TEC-003\" /f","ParentUser":"LT29\\seguridad"},"ClientId":"C.364907172793f8c7","_ts":1783860510744}
{"ID":1,"Timestamp":"2026-07-12T12:46:27.8931999Z","EventData":{"RuleName":"-","UtcTime":"2026-07-12 12:46:16.819","ProcessGuid":"{6bc49a7d-8c98-6a53-6a05-000000009a01}","ProcessId":10144,"Image":"C:\\Windows\\System32\\cmd.exe","FileVersion":"10.0.19041.746 (WinBuild.160101.0800)","Description":"Windows Command Processor","Product":"Microsoft® Windows® Operating System","Company":"Microsoft Corporation","OriginalFileName":"Cmd.Exe","CommandLine":"\"cmd.exe\" /d /c sc.exe delete \"TFM TEC005 Test Service\"","CurrentDirectory":"C:\\Windows\\system32\\","User":"LT29\\seguridad","LogonGuid":"{6bc49a7d-7a59-6a53-01ca-280000000000}","LogonId":"0x28CA01","TerminalSessionId":"1","IntegrityLevel":"High","Hashes":"MD5=8A2122E8162DBEF04694B9C3E0B6CDEE,SHA256=B99D61D874728EDC0918CA0EB10EAB93D381E7367E377406E65963366C874450,IMPHASH=272245E2988E1E430500B852C4FB5E18","ParentProcessGuid":"{6bc49a7d-7f1e-6a53-1c04-000000009a01}","ParentProcessId":"12104","ParentImage":"C:\\Windows\\System32\\WindowsPowerShell\\v1.0\\powershell.exe","ParentCommandLine":"\"C:\\Windows\\System32\\WindowsPowerShell\\v1.0\\powershell.exe\" ","ParentUser":"LT29\\seguridad"},"ClientId":"C.364907172793f8c7","_ts":1783860510744}
{"ID":1,"Timestamp":"2026-07-12T12:46:27.9227257Z","EventData":{"RuleName":"-","UtcTime":"2026-07-12 12:46:16.834","ProcessGuid":"{6bc49a7d-8c98-6a53-6b05-000000009a01}","ProcessId":10204,"Image":"C:\\Windows\\System32\\sc.exe","FileVersion":"10.0.19041.1 (WinBuild.160101.0800)","Description":"Service Control Manager Configuration Tool","Product":"Microsoft® Windows® Operating System","Company":"Microsoft Corporation","OriginalFileName":"sc.exe","CommandLine":"sc.exe  delete \"TFM TEC005 Test Service\"","CurrentDirectory":"C:\\Windows\\system32\\","User":"LT29\\seguridad","LogonGuid":"{6bc49a7d-7a59-6a53-01ca-280000000000}","LogonId":"0x28CA01","TerminalSessionId":"1","IntegrityLevel":"High","Hashes":"MD5=3FB5CF71F7E7EB49790CB0E663434D80,SHA256=41F067C3A11B02FE39947F9EBA68AE5C7CB5BD1872A6009A4CD1506554A9ABA9,IMPHASH=803254E010814E69947095A2725B2AFD","ParentProcessGuid":"{6bc49a7d-8c98-6a53-6a05-000000009a01}","ParentProcessId":"10144","ParentImage":"C:\\Windows\\System32\\cmd.exe","ParentCommandLine":"\"cmd.exe\" /d /c sc.exe delete \"TFM TEC005 Test Service\"","ParentUser":"LT29\\seguridad"},"ClientId":"C.364907172793f8c7","_ts":1783860510744}
{"ID":1,"Timestamp":"2026-07-12T12:46:27.9945143Z","EventData":{"RuleName":"-","UtcTime":"2026-07-12 12:46:16.875","ProcessGuid":"{6bc49a7d-8c98-6a53-6c05-000000009a01}","ProcessId":10200,"Image":"C:\\Windows\\System32\\cmd.exe","FileVersion":"10.0.19041.746 (WinBuild.160101.0800)","Description":"Windows Command Processor","Product":"Microsoft® Windows® Operating System","Company":"Microsoft Corporation","OriginalFileName":"Cmd.Exe","CommandLine":"\"cmd.exe\" /d /c reg.exe delete \"HKCU\\Software\\Microsoft\\Windows\\CurrentVersion\\Run\" /v \"TFM_T1547_001_test\" /f","CurrentDirectory":"C:\\Windows\\system32\\","User":"LT29\\seguridad","LogonGuid":"{6bc49a7d-7a59-6a53-01ca-280000000000}","LogonId":"0x28CA01","TerminalSessionId":"1","IntegrityLevel":"High","Hashes":"MD5=8A2122E8162DBEF04694B9C3E0B6CDEE,SHA256=B99D61D874728EDC0918CA0EB10EAB93D381E7367E377406E65963366C874450,IMPHASH=272245E2988E1E430500B852C4FB5E18","ParentProcessGuid":"{6bc49a7d-7f1e-6a53-1c04-000000009a01}","ParentProcessId":"12104","ParentImage":"C:\\Windows\\System32\\WindowsPowerShell\\v1.0\\powershell.exe","ParentCommandLine":"\"C:\\Windows\\System32\\WindowsPowerShell\\v1.0\\powershell.exe\" ","ParentUser":"LT29\\seguridad"},"ClientId":"C.364907172793f8c7","_ts":1783860510744}
{"ID":1,"Timestamp":"2026-07-12T12:46:28.0249892Z","EventData":{"RuleName":"-","UtcTime":"2026-07-12 12:46:16.888","ProcessGuid":"{6bc49a7d-8c98-6a53-6d05-000000009a01}","ProcessId":2544,"Image":"C:\\Windows\\System32\\reg.exe","FileVersion":"10.0.19041.1 (WinBuild.160101.0800)","Description":"Registry Console Tool","Product":"Microsoft® Windows® Operating System","Company":"Microsoft Corporation","OriginalFileName":"reg.exe","CommandLine":"reg.exe  delete \"HKCU\\Software\\Microsoft\\Windows\\CurrentVersion\\Run\" /v \"TFM_T1547_001_test\" /f","CurrentDirectory":"C:\\Windows\\system32\\","User":"LT29\\seguridad","LogonGuid":"{6bc49a7d-7a59-6a53-01ca-280000000000}","LogonId":"0x28CA01","TerminalSessionId":"1","IntegrityLevel":"High","Hashes":"MD5=227F63E1D9008B36BDBCC4B397780BE4,SHA256=C0E25B1F9B22DE445298C1E96DDFCEAD265CA030FA6626F61A4A4786CC4A3B7D,IMPHASH=BE482BE427FE212CFEF2CDA0E61F19AC","ParentProcessGuid":"{6bc49a7d-8c98-6a53-6c05-000000009a01}","ParentProcessId":"10200","ParentImage":"C:\\Windows\\System32\\cmd.exe","ParentCommandLine":"\"cmd.exe\" /d /c reg.exe delete \"HKCU\\Software\\Microsoft\\Windows\\CurrentVersion\\Run\" /v \"TFM_T1547_001_test\" /f","ParentUser":"LT29\\seguridad"},"ClientId":"C.364907172793f8c7","_ts":1783860510744}
{"ID":1,"Timestamp":"2026-07-12T12:46:28.1071805Z","EventData":{"RuleName":"-","UtcTime":"2026-07-12 12:46:16.937","ProcessGuid":"{6bc49a7d-8c98-6a53-6e05-000000009a01}","ProcessId":3896,"Image":"C:\\Windows\\System32\\cmd.exe","FileVersion":"10.0.19041.746 (WinBuild.160101.0800)","Description":"Windows Command Processor","Product":"Microsoft® Windows® Operating System","Company":"Microsoft Corporation","OriginalFileName":"Cmd.Exe","CommandLine":"\"cmd.exe\" /d /c powershell.exe -NoProfile -ExecutionPolicy Bypass -File \"C:\\Users\\seguridad\\Desktop\\TFM\\01_ACTIVE_TESTS\\Pruebas\\TEC-007_Ransomware\\crear_directorio_dummy.ps1\" ","CurrentDirectory":"C:\\Windows\\system32\\","User":"LT29\\seguridad","LogonGuid":"{6bc49a7d-7a59-6a53-01ca-280000000000}","LogonId":"0x28CA01","TerminalSessionId":"1","IntegrityLevel":"High","Hashes":"MD5=8A2122E8162DBEF04694B9C3E0B6CDEE,SHA256=B99D61D874728EDC0918CA0EB10EAB93D381E7367E377406E65963366C874450,IMPHASH=272245E2988E1E430500B852C4FB5E18","ParentProcessGuid":"{6bc49a7d-7f1e-6a53-1c04-000000009a01}","ParentProcessId":"12104","ParentImage":"C:\\Windows\\System32\\WindowsPowerShell\\v1.0\\powershell.exe","ParentCommandLine":"\"C:\\Windows\\System32\\WindowsPowerShell\\v1.0\\powershell.exe\" ","ParentUser":"LT29\\seguridad"},"ClientId":"C.364907172793f8c7","_ts":1783860510744}
{"ID":1,"Timestamp":"2026-07-12T12:46:28.1388375Z","EventData":{"RuleName":"-","UtcTime":"2026-07-12 12:46:16.949","ProcessGuid":"{6bc49a7d-8c98-6a53-6f05-000000009a01}","ProcessId":12052,"Image":"C:\\Windows\\System32\\WindowsPowerShell\\v1.0\\powershell.exe","FileVersion":"10.0.19041.3393 (WinBuild.160101.0800)","Description":"Windows PowerShell","Product":"Microsoft® Windows® Operating System","Company":"Microsoft Corporation","OriginalFileName":"PowerShell.EXE","CommandLine":"powershell.exe  -NoProfile -ExecutionPolicy Bypass -File \"C:\\Users\\seguridad\\Desktop\\TFM\\01_ACTIVE_TESTS\\Pruebas\\TEC-007_Ransomware\\crear_directorio_dummy.ps1\" ","CurrentDirectory":"C:\\Windows\\system32\\","User":"LT29\\seguridad","LogonGuid":"{6bc49a7d-7a59-6a53-01ca-280000000000}","LogonId":"0x28CA01","TerminalSessionId":"1","IntegrityLevel":"High","Hashes":"MD5=DFD66604CA0898E8E26DF7B1635B6326,SHA256=D23B67799A0DA0143E395BA5DB906A22AB08FAC4BD5581E275B1E0F1B3FAC55C,IMPHASH=88CB9A420410BDA787E305B65518A934","ParentProcessGuid":"{6bc49a7d-8c98-6a53-6e05-000000009a01}","ParentProcessId":"3896","ParentImage":"C:\\Windows\\System32\\cmd.exe","ParentCommandLine":"\"cmd.exe\" /d /c powershell.exe -NoProfile -ExecutionPolicy Bypass -File \"C:\\Users\\seguridad\\Desktop\\TFM\\01_ACTIVE_TESTS\\Pruebas\\TEC-007_Ransomware\\crear_directorio_dummy.ps1\" ","ParentUser":"LT29\\seguridad"},"ClientId":"C.364907172793f8c7","_ts":1783860510744}
{"ID":11,"Timestamp":"2026-07-12T12:46:28.2850396Z","EventData":{"RuleName":"-","UtcTime":"2026-07-12 12:46:17.033","ProcessGuid":"{6bc49a7d-8c98-6a53-6f05-000000009a01}","ProcessId":12052,"Image":"C:\\Windows\\System32\\WindowsPowerShell\\v1.0\\powershell.exe","TargetFilename":"C:\\Users\\seguridad\\AppData\\Local\\Temp\\__PSScriptPolicyTest_lqsqazup.u45.ps1","CreationUtcTime":"2026-07-12 12:46:17.033","User":"LT29\\seguridad"},"ClientId":"C.364907172793f8c7","_ts":1783860510744}
{"ID":1,"Timestamp":"2026-07-12T12:46:43.2490318Z","EventData":{"RuleName":"-","UtcTime":"2026-07-12 12:46:25.763","ProcessGuid":"{6bc49a7d-8ca1-6a53-7105-000000009a01}","ProcessId":12020,"Image":"C:\\Windows\\System32\\cmd.exe","FileVersion":"10.0.19041.746 (WinBuild.160101.0800)","Description":"Windows Command Processor","Product":"Microsoft® Windows® Operating System","Company":"Microsoft Corporation","OriginalFileName":"Cmd.Exe","CommandLine":"\"cmd.exe\" /d /c powershell.exe -NoProfile -ExecutionPolicy Bypass -File \"C:\\Users\\seguridad\\Desktop\\TFM\\01_ACTIVE_TESTS\\Pruebas\\TEC-008_Sabotaje\\crear_directorio_dummy.ps1\" ","CurrentDirectory":"C:\\Windows\\system32\\","User":"LT29\\seguridad","LogonGuid":"{6bc49a7d-7a59-6a53-01ca-280000000000}","LogonId":"0x28CA01","TerminalSessionId":"1","IntegrityLevel":"High","Hashes":"MD5=8A2122E8162DBEF04694B9C3E0B6CDEE,SHA256=B99D61D874728EDC0918CA0EB10EAB93D381E7367E377406E65963366C874450,IMPHASH=272245E2988E1E430500B852C4FB5E18","ParentProcessGuid":"{6bc49a7d-7f1e-6a53-1c04-000000009a01}","ParentProcessId":"12104","ParentImage":"C:\\Windows\\System32\\WindowsPowerShell\\v1.0\\powershell.exe","ParentCommandLine":"\"C:\\Windows\\System32\\WindowsPowerShell\\v1.0\\powershell.exe\" ","ParentUser":"LT29\\seguridad"},"ClientId":"C.364907172793f8c7","_ts":1783860510744}
{"ID":1,"Timestamp":"2026-07-12T12:46:43.301643Z","EventData":{"RuleName":"-","UtcTime":"2026-07-12 12:46:25.788","ProcessGuid":"{6bc49a7d-8ca1-6a53-7205-000000009a01}","ProcessId":9672,"Image":"C:\\Windows\\System32\\WindowsPowerShell\\v1.0\\powershell.exe","FileVersion":"10.0.19041.3393 (WinBuild.160101.0800)","Description":"Windows PowerShell","Product":"Microsoft® Windows® Operating System","Company":"Microsoft Corporation","OriginalFileName":"PowerShell.EXE","CommandLine":"powershell.exe  -NoProfile -ExecutionPolicy Bypass -File \"C:\\Users\\seguridad\\Desktop\\TFM\\01_ACTIVE_TESTS\\Pruebas\\TEC-008_Sabotaje\\crear_directorio_dummy.ps1\" ","CurrentDirectory":"C:\\Windows\\system32\\","User":"LT29\\seguridad","LogonGuid":"{6bc49a7d-7a59-6a53-01ca-280000000000}","LogonId":"0x28CA01","TerminalSessionId":"1","IntegrityLevel":"High","Hashes":"MD5=DFD66604CA0898E8E26DF7B1635B6326,SHA256=D23B67799A0DA0143E395BA5DB906A22AB08FAC4BD5581E275B1E0F1B3FAC55C,IMPHASH=88CB9A420410BDA787E305B65518A934","ParentProcessGuid":"{6bc49a7d-8ca1-6a53-7105-000000009a01}","ParentProcessId":"12020","ParentImage":"C:\\Windows\\System32\\cmd.exe","ParentCommandLine":"\"cmd.exe\" /d /c powershell.exe -NoProfile -ExecutionPolicy Bypass -File \"C:\\Users\\seguridad\\Desktop\\TFM\\01_ACTIVE_TESTS\\Pruebas\\TEC-008_Sabotaje\\crear_directorio_dummy.ps1\" ","ParentUser":"LT29\\seguridad"},"ClientId":"C.364907172793f8c7","_ts":1783860510744}
{"ID":11,"Timestamp":"2026-07-12T12:46:43.5410875Z","EventData":{"RuleName":"-","UtcTime":"2026-07-12 12:46:25.937","ProcessGuid":"{6bc49a7d-8ca1-6a53-7205-000000009a01}","ProcessId":9672,"Image":"C:\\Windows\\System32\\WindowsPowerShell\\v1.0\\powershell.exe","TargetFilename":"C:\\Users\\seguridad\\AppData\\Local\\Temp\\__PSScriptPolicyTest_xvt4lbtj.suz.ps1","CreationUtcTime":"2026-07-12 12:46:25.937","User":"LT29\\seguridad"},"ClientId":"C.364907172793f8c7","_ts":1783860510744}
{"ID":1,"Timestamp":"2026-07-12T12:46:57.8513086Z","EventData":{"RuleName":"-","UtcTime":"2026-07-12 12:46:35.661","ProcessGuid":"{6bc49a7d-8cab-6a53-7305-000000009a01}","ProcessId":11536,"Image":"C:\\Windows\\System32\\cmd.exe","FileVersion":"10.0.19041.746 (WinBuild.160101.0800)","Description":"Windows Command Processor","Product":"Microsoft® Windows® Operating System","Company":"Microsoft Corporation","OriginalFileName":"Cmd.Exe","CommandLine":"\"cmd.exe\" /d /c powershell.exe -NoProfile -ExecutionPolicy Bypass -File \"C:\\Users\\seguridad\\Desktop\\TFM\\01_ACTIVE_TESTS\\Pruebas\\TEC-009_Exfiltracion\\crear_directorio_dummy.ps1\" ","CurrentDirectory":"C:\\Windows\\system32\\","User":"LT29\\seguridad","LogonGuid":"{6bc49a7d-7a59-6a53-01ca-280000000000}","LogonId":"0x28CA01","TerminalSessionId":"1","IntegrityLevel":"High","Hashes":"MD5=8A2122E8162DBEF04694B9C3E0B6CDEE,SHA256=B99D61D874728EDC0918CA0EB10EAB93D381E7367E377406E65963366C874450,IMPHASH=272245E2988E1E430500B852C4FB5E18","ParentProcessGuid":"{6bc49a7d-7f1e-6a53-1c04-000000009a01}","ParentProcessId":"12104","ParentImage":"C:\\Windows\\System32\\WindowsPowerShell\\v1.0\\powershell.exe","ParentCommandLine":"\"C:\\Windows\\System32\\WindowsPowerShell\\v1.0\\powershell.exe\" ","ParentUser":"LT29\\seguridad"},"ClientId":"C.364907172793f8c7","_ts":1783860510744}
{"ID":1,"Timestamp":"2026-07-12T12:46:57.9523094Z","EventData":{"RuleName":"-","UtcTime":"2026-07-12 12:46:35.702","ProcessGuid":"{6bc49a7d-8cab-6a53-7405-000000009a01}","ProcessId":6976,"Image":"C:\\Windows\\System32\\WindowsPowerShell\\v1.0\\powershell.exe","FileVersion":"10.0.19041.3393 (WinBuild.160101.0800)","Description":"Windows PowerShell","Product":"Microsoft® Windows® Operating System","Company":"Microsoft Corporation","OriginalFileName":"PowerShell.EXE","CommandLine":"powershell.exe  -NoProfile -ExecutionPolicy Bypass -File \"C:\\Users\\seguridad\\Desktop\\TFM\\01_ACTIVE_TESTS\\Pruebas\\TEC-009_Exfiltracion\\crear_directorio_dummy.ps1\" ","CurrentDirectory":"C:\\Windows\\system32\\","User":"LT29\\seguridad","LogonGuid":"{6bc49a7d-7a59-6a53-01ca-280000000000}","LogonId":"0x28CA01","TerminalSessionId":"1","IntegrityLevel":"High","Hashes":"MD5=DFD66604CA0898E8E26DF7B1635B6326,SHA256=D23B67799A0DA0143E395BA5DB906A22AB08FAC4BD5581E275B1E0F1B3FAC55C,IMPHASH=88CB9A420410BDA787E305B65518A934","ParentProcessGuid":"{6bc49a7d-8cab-6a53-7305-000000009a01}","ParentProcessId":"11536","ParentImage":"C:\\Windows\\System32\\cmd.exe","ParentCommandLine":"\"cmd.exe\" /d /c powershell.exe -NoProfile -ExecutionPolicy Bypass -File \"C:\\Users\\seguridad\\Desktop\\TFM\\01_ACTIVE_TESTS\\Pruebas\\TEC-009_Exfiltracion\\crear_directorio_dummy.ps1\" ","ParentUser":"LT29\\seguridad"},"ClientId":"C.364907172793f8c7","_ts":1783860510744}
{"ID":11,"Timestamp":"2026-07-12T12:46:58.3447916Z","EventData":{"RuleName":"-","UtcTime":"2026-07-12 12:46:36.012","ProcessGuid":"{6bc49a7d-8cab-6a53-7405-000000009a01}","ProcessId":6976,"Image":"C:\\Windows\\System32\\WindowsPowerShell\\v1.0\\powershell.exe","TargetFilename":"C:\\Users\\seguridad\\AppData\\Local\\Temp\\__PSScriptPolicyTest_4e0g4epi.m14.ps1","CreationUtcTime":"2026-07-12 12:46:36.012","User":"LT29\\seguridad"},"ClientId":"C.364907172793f8c7","_ts":1783860510744}
{"ID":3,"Timestamp":"2026-07-12T12:47:08.4954813Z","EventData":{"RuleName":"Usermode","UtcTime":"2026-07-12 12:47:20.562","ProcessGuid":"{6bc49a7d-7cd5-6a53-7102-000000009a01}","ProcessId":5276,"Image":"C:\\Users\\seguridad\\Desktop\\TFM\\Velociraptor\\velociraptor-v0.75.6-windows-amd64.exe","User":"LT29\\seguridad","Protocol":"tcp","Initiated":"false","SourceIsIpv6":"true","SourceIp":"0:0:0:0:0:0:0:1","SourceHostname":"LT29.ait.us.es","SourcePort":"50633","SourcePortName":"-","DestinationIsIpv6":"true","DestinationIp":"0:0:0:0:0:0:0:1","DestinationHostname":"LT29.ait.us.es","DestinationPort":"8443","DestinationPortName":"-"},"ClientId":"C.364907172793f8c7","_ts":1783860510744}
{"ID":3,"Timestamp":"2026-07-12T12:47:08.7803876Z","EventData":{"RuleName":"Usermode","UtcTime":"2026-07-12 12:47:20.768","ProcessGuid":"{6bc49a7d-7cd5-6a53-7102-000000009a01}","ProcessId":5276,"Image":"C:\\Users\\seguridad\\Desktop\\TFM\\Velociraptor\\velociraptor-v0.75.6-windows-amd64.exe","User":"LT29\\seguridad","Protocol":"tcp","Initiated":"false","SourceIsIpv6":"true","SourceIp":"0:0:0:0:0:0:0:1","SourceHostname":"LT29.ait.us.es","SourcePort":"50634","SourcePortName":"-","DestinationIsIpv6":"true","DestinationIp":"0:0:0:0:0:0:0:1","DestinationHostname":"LT29.ait.us.es","DestinationPort":"8443","DestinationPortName":"-"},"ClientId":"C.364907172793f8c7","_ts":1783860510744}
{"ID":1,"Timestamp":"2026-07-12T12:47:14.2122709Z","EventData":{"RuleName":"-","UtcTime":"2026-07-12 12:46:48.364","ProcessGuid":"{6bc49a7d-8cb8-6a53-7505-000000009a01}","ProcessId":9804,"Image":"C:\\Windows\\System32\\cmd.exe","FileVersion":"10.0.19041.746 (WinBuild.160101.0800)","Description":"Windows Command Processor","Product":"Microsoft® Windows® Operating System","Company":"Microsoft Corporation","OriginalFileName":"Cmd.Exe","CommandLine":"\"cmd.exe\" /d /c powershell.exe -NoProfile -ExecutionPolicy Bypass -Command \"Write-Host TEC001_OK; Start-Sleep 3\"","CurrentDirectory":"C:\\Windows\\system32\\","User":"LT29\\seguridad","LogonGuid":"{6bc49a7d-7a59-6a53-01ca-280000000000}","LogonId":"0x28CA01","TerminalSessionId":"1","IntegrityLevel":"High","Hashes":"MD5=8A2122E8162DBEF04694B9C3E0B6CDEE,SHA256=B99D61D874728EDC0918CA0EB10EAB93D381E7367E377406E65963366C874450,IMPHASH=272245E2988E1E430500B852C4FB5E18","ParentProcessGuid":"{6bc49a7d-7f1e-6a53-1c04-000000009a01}","ParentProcessId":"12104","ParentImage":"C:\\Windows\\System32\\WindowsPowerShell\\v1.0\\powershell.exe","ParentCommandLine":"\"C:\\Windows\\System32\\WindowsPowerShell\\v1.0\\powershell.exe\" ","ParentUser":"LT29\\seguridad"},"ClientId":"C.364907172793f8c7","_ts":1783860510744}
{"ID":1,"Timestamp":"2026-07-12T12:47:14.3140842Z","EventData":{"RuleName":"-","UtcTime":"2026-07-12 12:46:48.407","ProcessGuid":"{6bc49a7d-8cb8-6a53-7605-000000009a01}","ProcessId":11828,"Image":"C:\\Windows\\System32\\WindowsPowerShell\\v1.0\\powershell.exe","FileVersion":"10.0.19041.3393 (WinBuild.160101.0800)","Description":"Windows PowerShell","Product":"Microsoft® Windows® Operating System","Company":"Microsoft Corporation","OriginalFileName":"PowerShell.EXE","CommandLine":"powershell.exe  -NoProfile -ExecutionPolicy Bypass -Command \"Write-Host TEC001_OK; Start-Sleep 3\"","CurrentDirectory":"C:\\Windows\\system32\\","User":"LT29\\seguridad","LogonGuid":"{6bc49a7d-7a59-6a53-01ca-280000000000}","LogonId":"0x28CA01","TerminalSessionId":"1","IntegrityLevel":"High","Hashes":"MD5=DFD66604CA0898E8E26DF7B1635B6326,SHA256=D23B67799A0DA0143E395BA5DB906A22AB08FAC4BD5581E275B1E0F1B3FAC55C,IMPHASH=88CB9A420410BDA787E305B65518A934","ParentProcessGuid":"{6bc49a7d-8cb8-6a53-7505-000000009a01}","ParentProcessId":"9804","ParentImage":"C:\\Windows\\System32\\cmd.exe","ParentCommandLine":"\"cmd.exe\" /d /c powershell.exe -NoProfile -ExecutionPolicy Bypass -Command \"Write-Host TEC001_OK; Start-Sleep 3\"","ParentUser":"LT29\\seguridad"},"ClientId":"C.364907172793f8c7","_ts":1783860510744}
{"ID":11,"Timestamp":"2026-07-12T12:47:14.828847Z","EventData":{"RuleName":"-","UtcTime":"2026-07-12 12:46:48.899","ProcessGuid":"{6bc49a7d-8cb8-6a53-7605-000000009a01}","ProcessId":11828,"Image":"C:\\Windows\\System32\\WindowsPowerShell\\v1.0\\powershell.exe","TargetFilename":"C:\\Users\\seguridad\\AppData\\Local\\Temp\\__PSScriptPolicyTest_uuel3hk1.2xz.ps1","CreationUtcTime":"2026-07-12 12:46:48.899","User":"LT29\\seguridad"},"ClientId":"C.364907172793f8c7","_ts":1783860510744}
{"ID":1,"Timestamp":"2026-07-12T12:47:18.5897163Z","EventData":{"RuleName":"-","UtcTime":"2026-07-12 12:46:52.234","ProcessGuid":"{6bc49a7d-8cbc-6a53-7705-000000009a01}","ProcessId":9912,"Image":"C:\\Windows\\System32\\cmd.exe","FileVersion":"10.0.19041.746 (WinBuild.160101.0800)","Description":"Windows Command Processor","Product":"Microsoft® Windows® Operating System","Company":"Microsoft Corporation","OriginalFileName":"Cmd.Exe","CommandLine":"\"cmd.exe\" /d /c powershell.exe -NoProfile -ExecutionPolicy Bypass -Command \"$b=[Convert]::ToBase64String([Text.Encoding]::UTF8.GetBytes('TEC001_BASE64_OK')); [Text.Encoding]::UTF8.GetString([Convert]::FromBase64String($b)) | Write-Host; IEX 'Write-Host TEC001_IEX_OK'; Start-Sleep 2\"","CurrentDirectory":"C:\\Windows\\system32\\","User":"LT29\\seguridad","LogonGuid":"{6bc49a7d-7a59-6a53-01ca-280000000000}","LogonId":"0x28CA01","TerminalSessionId":"1","IntegrityLevel":"High","Hashes":"MD5=8A2122E8162DBEF04694B9C3E0B6CDEE,SHA256=B99D61D874728EDC0918CA0EB10EAB93D381E7367E377406E65963366C874450,IMPHASH=272245E2988E1E430500B852C4FB5E18","ParentProcessGuid":"{6bc49a7d-7f1e-6a53-1c04-000000009a01}","ParentProcessId":"12104","ParentImage":"C:\\Windows\\System32\\WindowsPowerShell\\v1.0\\powershell.exe","ParentCommandLine":"\"C:\\Windows\\System32\\WindowsPowerShell\\v1.0\\powershell.exe\" ","ParentUser":"LT29\\seguridad"},"ClientId":"C.364907172793f8c7","_ts":1783860510744}
{"ID":1,"Timestamp":"2026-07-12T12:47:20.6617678Z","EventData":{"RuleName":"-","UtcTime":"2026-07-12 12:46:52.260","ProcessGuid":"{6bc49a7d-8cbc-6a53-7805-000000009a01}","ProcessId":2276,"Image":"C:\\Windows\\System32\\WindowsPowerShell\\v1.0\\powershell.exe","FileVersion":"10.0.19041.3393 (WinBuild.160101.0800)","Description":"Windows PowerShell","Product":"Microsoft® Windows® Operating System","Company":"Microsoft Corporation","OriginalFileName":"PowerShell.EXE","CommandLine":"powershell.exe  -NoProfile -ExecutionPolicy Bypass -Command \"$b=[Convert]::ToBase64String([Text.Encoding]::UTF8.GetBytes('TEC001_BASE64_OK')); [Text.Encoding]::UTF8.GetString([Convert]::FromBase64String($b)) | Write-Host; IEX 'Write-Host TEC001_IEX_OK'; Start-Sleep 2\"","CurrentDirectory":"C:\\Windows\\system32\\","User":"LT29\\seguridad","LogonGuid":"{6bc49a7d-7a59-6a53-01ca-280000000000}","LogonId":"0x28CA01","TerminalSessionId":"1","IntegrityLevel":"High","Hashes":"MD5=DFD66604CA0898E8E26DF7B1635B6326,SHA256=D23B67799A0DA0143E395BA5DB906A22AB08FAC4BD5581E275B1E0F1B3FAC55C,IMPHASH=88CB9A420410BDA787E305B65518A934","ParentProcessGuid":"{6bc49a7d-8cbc-6a53-7705-000000009a01}","ParentProcessId":"9912","ParentImage":"C:\\Windows\\System32\\cmd.exe","ParentCommandLine":"\"cmd.exe\" /d /c powershell.exe -NoProfile -ExecutionPolicy Bypass -Command \"$b=[Convert]::ToBase64String([Text.Encoding]::UTF8.GetBytes('TEC001_BASE64_OK')); [Text.Encoding]::UTF8.GetString([Convert]::FromBase64String($b)) | Write-Host; IEX 'Write-Host TEC001_IEX_OK'; Start-Sleep 2\"","ParentUser":"LT29\\seguridad"},"ClientId":"C.364907172793f8c7","_ts":1783860510744}
{"ID":11,"Timestamp":"2026-07-12T12:47:20.8285308Z","EventData":{"RuleName":"-","UtcTime":"2026-07-12 12:46:54.215","ProcessGuid":"{6bc49a7d-8cbc-6a53-7805-000000009a01}","ProcessId":2276,"Image":"C:\\Windows\\System32\\WindowsPowerShell\\v1.0\\powershell.exe","TargetFilename":"C:\\Users\\seguridad\\AppData\\Local\\Temp\\__PSScriptPolicyTest_r01vrius.evm.ps1","CreationUtcTime":"2026-07-12 12:46:54.215","User":"LT29\\seguridad"},"ClientId":"C.364907172793f8c7","_ts":1783860510744}
{"ID":1,"Timestamp":"2026-07-12T12:47:33.7803966Z","EventData":{"RuleName":"-","UtcTime":"2026-07-12 12:47:06.523","ProcessGuid":"{6bc49a7d-8cca-6a53-7905-000000009a01}","ProcessId":11584,"Image":"C:\\Windows\\System32\\cmd.exe","FileVersion":"10.0.19041.746 (WinBuild.160101.0800)","Description":"Windows Command Processor","Product":"Microsoft® Windows® Operating System","Company":"Microsoft Corporation","OriginalFileName":"Cmd.Exe","CommandLine":"\"cmd.exe\" /d /c cmd.exe /c \"echo TEC002_OK \u0026 whoami \u0026 powershell.exe -NoProfile -Command Get-Process\"","CurrentDirectory":"C:\\Windows\\system32\\","User":"LT29\\seguridad","LogonGuid":"{6bc49a7d-7a59-6a53-01ca-280000000000}","LogonId":"0x28CA01","TerminalSessionId":"1","IntegrityLevel":"High","Hashes":"MD5=8A2122E8162DBEF04694B9C3E0B6CDEE,SHA256=B99D61D874728EDC0918CA0EB10EAB93D381E7367E377406E65963366C874450,IMPHASH=272245E2988E1E430500B852C4FB5E18","ParentProcessGuid":"{6bc49a7d-7f1e-6a53-1c04-000000009a01}","ParentProcessId":"12104","ParentImage":"C:\\Windows\\System32\\WindowsPowerShell\\v1.0\\powershell.exe","ParentCommandLine":"\"C:\\Windows\\System32\\WindowsPowerShell\\v1.0\\powershell.exe\" ","ParentUser":"LT29\\seguridad"},"ClientId":"C.364907172793f8c7","_ts":1783860510744}
{"ID":1,"Timestamp":"2026-07-12T12:47:33.821682Z","EventData":{"RuleName":"-","UtcTime":"2026-07-12 12:47:06.542","ProcessGuid":"{6bc49a7d-8cca-6a53-7a05-000000009a01}","ProcessId":10884,"Image":"C:\\Windows\\System32\\cmd.exe","FileVersion":"10.0.19041.746 (WinBuild.160101.0800)","Description":"Windows Command Processor","Product":"Microsoft® Windows® Operating System","Company":"Microsoft Corporation","OriginalFileName":"Cmd.Exe","CommandLine":"cmd.exe  /c \"echo TEC002_OK \u0026 whoami \u0026 powershell.exe -NoProfile -Command Get-Process\"","CurrentDirectory":"C:\\Windows\\system32\\","User":"LT29\\seguridad","LogonGuid":"{6bc49a7d-7a59-6a53-01ca-280000000000}","LogonId":"0x28CA01","TerminalSessionId":"1","IntegrityLevel":"High","Hashes":"MD5=8A2122E8162DBEF04694B9C3E0B6CDEE,SHA256=B99D61D874728EDC0918CA0EB10EAB93D381E7367E377406E65963366C874450,IMPHASH=272245E2988E1E430500B852C4FB5E18","ParentProcessGuid":"{6bc49a7d-8cca-6a53-7905-000000009a01}","ParentProcessId":"11584","ParentImage":"C:\\Windows\\System32\\cmd.exe","ParentCommandLine":"\"cmd.exe\" /d /c cmd.exe /c \"echo TEC002_OK \u0026 whoami \u0026 powershell.exe -NoProfile -Command Get-Process\"","ParentUser":"LT29\\seguridad"},"ClientId":"C.364907172793f8c7","_ts":1783860510744}
{"ID":1,"Timestamp":"2026-07-12T12:47:33.8433513Z","EventData":{"RuleName":"-","UtcTime":"2026-07-12 12:47:06.581","ProcessGuid":"{6bc49a7d-8cca-6a53-7b05-000000009a01}","ProcessId":11516,"Image":"C:\\Windows\\System32\\whoami.exe","FileVersion":"10.0.19041.1 (WinBuild.160101.0800)","Description":"whoami - displays logged on user information","Product":"Microsoft® Windows® Operating System","Company":"Microsoft Corporation","OriginalFileName":"whoami.exe","CommandLine":"whoami  ","CurrentDirectory":"C:\\Windows\\system32\\","User":"LT29\\seguridad","LogonGuid":"{6bc49a7d-7a59-6a53-01ca-280000000000}","LogonId":"0x28CA01","TerminalSessionId":"1","IntegrityLevel":"High","Hashes":"MD5=A4A6924F3EAF97981323703D38FD99C4,SHA256=1D4902A04D99E8CCBFE7085E63155955FEE397449D386453F6C452AE407B8743,IMPHASH=7FF0758B766F747CE57DFAC70743FB88","ParentProcessGuid":"{6bc49a7d-8cca-6a53-7a05-000000009a01}","ParentProcessId":"10884","ParentImage":"C:\\Windows\\System32\\cmd.exe","ParentCommandLine":"cmd.exe  /c \"echo TEC002_OK \u0026 whoami \u0026 powershell.exe -NoProfile -Command Get-Process\"","ParentUser":"LT29\\seguridad"},"ClientId":"C.364907172793f8c7","_ts":1783860510744}
{"ID":1,"Timestamp":"2026-07-12T12:47:33.89623Z","EventData":{"RuleName":"-","UtcTime":"2026-07-12 12:47:06.626","ProcessGuid":"{6bc49a7d-8cca-6a53-7c05-000000009a01}","ProcessId":8216,"Image":"C:\\Windows\\System32\\WindowsPowerShell\\v1.0\\powershell.exe","FileVersion":"10.0.19041.3393 (WinBuild.160101.0800)","Description":"Windows PowerShell","Product":"Microsoft® Windows® Operating System","Company":"Microsoft Corporation","OriginalFileName":"PowerShell.EXE","CommandLine":"powershell.exe  -NoProfile -Command Get-Process","CurrentDirectory":"C:\\Windows\\system32\\","User":"LT29\\seguridad","LogonGuid":"{6bc49a7d-7a59-6a53-01ca-280000000000}","LogonId":"0x28CA01","TerminalSessionId":"1","IntegrityLevel":"High","Hashes":"MD5=DFD66604CA0898E8E26DF7B1635B6326,SHA256=D23B67799A0DA0143E395BA5DB906A22AB08FAC4BD5581E275B1E0F1B3FAC55C,IMPHASH=88CB9A420410BDA787E305B65518A934","ParentProcessGuid":"{6bc49a7d-8cca-6a53-7a05-000000009a01}","ParentProcessId":"10884","ParentImage":"C:\\Windows\\System32\\cmd.exe","ParentCommandLine":"cmd.exe  /c \"echo TEC002_OK \u0026 whoami \u0026 powershell.exe -NoProfile -Command Get-Process\"","ParentUser":"LT29\\seguridad"},"ClientId":"C.364907172793f8c7","_ts":1783860510744}
{"ID":11,"Timestamp":"2026-07-12T12:47:34.0502398Z","EventData":{"RuleName":"-","UtcTime":"2026-07-12 12:47:06.786","ProcessGuid":"{6bc49a7d-8cca-6a53-7c05-000000009a01}","ProcessId":8216,"Image":"C:\\Windows\\System32\\WindowsPowerShell\\v1.0\\powershell.exe","TargetFilename":"C:\\Users\\seguridad\\AppData\\Local\\Temp\\__PSScriptPolicyTest_zs4utjnl.b4y.ps1","CreationUtcTime":"2026-07-12 12:47:06.786","User":"LT29\\seguridad"},"ClientId":"C.364907172793f8c7","_ts":1783860510744}
{"ID":1,"Timestamp":"2026-07-12T12:47:46.5799767Z","EventData":{"RuleName":"-","UtcTime":"2026-07-12 12:47:20.394","ProcessGuid":"{6bc49a7d-8cd8-6a53-7d05-000000009a01}","ProcessId":1084,"Image":"C:\\Windows\\System32\\cmd.exe","FileVersion":"10.0.19041.746 (WinBuild.160101.0800)","Description":"Windows Command Processor","Product":"Microsoft® Windows® Operating System","Company":"Microsoft Corporation","OriginalFileName":"Cmd.Exe","CommandLine":"\"cmd.exe\" /d /c schtasks.exe /create /tn \"TFM-TEC-003\" /tr \"cmd.exe /c echo TEC003_OK ^\u003e C:\\Users\\Public\\tec003_ok.txt\" /sc once /st 14:52 /f","CurrentDirectory":"C:\\Windows\\system32\\","User":"LT29\\seguridad","LogonGuid":"{6bc49a7d-7a59-6a53-01ca-280000000000}","LogonId":"0x28CA01","TerminalSessionId":"1","IntegrityLevel":"High","Hashes":"MD5=8A2122E8162DBEF04694B9C3E0B6CDEE,SHA256=B99D61D874728EDC0918CA0EB10EAB93D381E7367E377406E65963366C874450,IMPHASH=272245E2988E1E430500B852C4FB5E18","ParentProcessGuid":"{6bc49a7d-7f1e-6a53-1c04-000000009a01}","ParentProcessId":"12104","ParentImage":"C:\\Windows\\System32\\WindowsPowerShell\\v1.0\\powershell.exe","ParentCommandLine":"\"C:\\Windows\\System32\\WindowsPowerShell\\v1.0\\powershell.exe\" ","ParentUser":"LT29\\seguridad"},"ClientId":"C.364907172793f8c7","_ts":1783860510744}
{"ID":1,"Timestamp":"2026-07-12T12:47:46.6108992Z","EventData":{"RuleName":"-","UtcTime":"2026-07-12 12:47:20.437","ProcessGuid":"{6bc49a7d-8cd8-6a53-7e05-000000009a01}","ProcessId":5452,"Image":"C:\\Windows\\System32\\schtasks.exe","FileVersion":"10.0.19041.1503 (WinBuild.160101.0800)","Description":"Task Scheduler Configuration Tool","Product":"Microsoft® Windows® Operating System","Company":"Microsoft Corporation","OriginalFileName":"schtasks.exe","CommandLine":"schtasks.exe  /create /tn \"TFM-TEC-003\" /tr \"cmd.exe /c echo TEC003_OK ^\u003e C:\\Users\\Public\\tec003_ok.txt\" /sc once /st 14:52 /f","CurrentDirectory":"C:\\Windows\\system32\\","User":"LT29\\seguridad","LogonGuid":"{6bc49a7d-7a59-6a53-01ca-280000000000}","LogonId":"0x28CA01","TerminalSessionId":"1","IntegrityLevel":"High","Hashes":"MD5=76CD6626DD8834BD4A42E6A565104DC2,SHA256=013C013E0EFD13C9380FAD58418B7ACA8356E591A5CCEFFDB910F7D8B0AD28EF,IMPHASH=ECCE05491F2E8F279F4790BCB1318C05","ParentProcessGuid":"{6bc49a7d-8cd8-6a53-7d05-000000009a01}","ParentProcessId":"1084","ParentImage":"C:\\Windows\\System32\\cmd.exe","ParentCommandLine":"\"cmd.exe\" /d /c schtasks.exe /create /tn \"TFM-TEC-003\" /tr \"cmd.exe /c echo TEC003_OK ^\u003e C:\\Users\\Public\\tec003_ok.txt\" /sc once /st 14:52 /f","ParentUser":"LT29\\seguridad"},"ClientId":"C.364907172793f8c7","_ts":1783860510744}
{"ID":11,"Timestamp":"2026-07-12T12:47:46.6559184Z","EventData":{"RuleName":"T1053","UtcTime":"2026-07-12 12:47:20.503","ProcessGuid":"{6bc49a7d-7994-6a53-1b00-000000009a01}","ProcessId":1320,"Image":"C:\\Windows\\system32\\svchost.exe","TargetFilename":"C:\\Windows\\System32\\Tasks\\TFM-TEC-003","CreationUtcTime":"2026-07-12 12:47:20.503","User":"NT AUTHORITY\\SYSTEM"},"ClientId":"C.364907172793f8c7","_ts":1783860510744}
{"ID":1,"Timestamp":"2026-07-12T12:47:48.7632221Z","EventData":{"RuleName":"-","UtcTime":"2026-07-12 12:47:22.991","ProcessGuid":"{6bc49a7d-8cda-6a53-7f05-000000009a01}","ProcessId":1048,"Image":"C:\\Windows\\System32\\cmd.exe","FileVersion":"10.0.19041.746 (WinBuild.160101.0800)","Description":"Windows Command Processor","Product":"Microsoft® Windows® Operating System","Company":"Microsoft Corporation","OriginalFileName":"Cmd.Exe","CommandLine":"\"cmd.exe\" /d /c schtasks.exe /query /tn \"TFM-TEC-003\" /v /fo list","CurrentDirectory":"C:\\Windows\\system32\\","User":"LT29\\seguridad","LogonGuid":"{6bc49a7d-7a59-6a53-01ca-280000000000}","LogonId":"0x28CA01","TerminalSessionId":"1","IntegrityLevel":"High","Hashes":"MD5=8A2122E8162DBEF04694B9C3E0B6CDEE,SHA256=B99D61D874728EDC0918CA0EB10EAB93D381E7367E377406E65963366C874450,IMPHASH=272245E2988E1E430500B852C4FB5E18","ParentProcessGuid":"{6bc49a7d-7f1e-6a53-1c04-000000009a01}","ParentProcessId":"12104","ParentImage":"C:\\Windows\\System32\\WindowsPowerShell\\v1.0\\powershell.exe","ParentCommandLine":"\"C:\\Windows\\System32\\WindowsPowerShell\\v1.0\\powershell.exe\" ","ParentUser":"LT29\\seguridad"},"ClientId":"C.364907172793f8c7","_ts":1783860510744}
{"ID":1,"Timestamp":"2026-07-12T12:47:48.798492Z","EventData":{"RuleName":"-","UtcTime":"2026-07-12 12:47:23.023","ProcessGuid":"{6bc49a7d-8cdb-6a53-8005-000000009a01}","ProcessId":7292,"Image":"C:\\Windows\\System32\\schtasks.exe","FileVersion":"10.0.19041.1503 (WinBuild.160101.0800)","Description":"Task Scheduler Configuration Tool","Product":"Microsoft® Windows® Operating System","Company":"Microsoft Corporation","OriginalFileName":"schtasks.exe","CommandLine":"schtasks.exe  /query /tn \"TFM-TEC-003\" /v /fo list","CurrentDirectory":"C:\\Windows\\system32\\","User":"LT29\\seguridad","LogonGuid":"{6bc49a7d-7a59-6a53-01ca-280000000000}","LogonId":"0x28CA01","TerminalSessionId":"1","IntegrityLevel":"High","Hashes":"MD5=76CD6626DD8834BD4A42E6A565104DC2,SHA256=013C013E0EFD13C9380FAD58418B7ACA8356E591A5CCEFFDB910F7D8B0AD28EF,IMPHASH=ECCE05491F2E8F279F4790BCB1318C05","ParentProcessGuid":"{6bc49a7d-8cda-6a53-7f05-000000009a01}","ParentProcessId":"1048","ParentImage":"C:\\Windows\\System32\\cmd.exe","ParentCommandLine":"\"cmd.exe\" /d /c schtasks.exe /query /tn \"TFM-TEC-003\" /v /fo list","ParentUser":"LT29\\seguridad"},"ClientId":"C.364907172793f8c7","_ts":1783860510744}
{"ID":1,"Timestamp":"2026-07-12T12:47:50.969119Z","EventData":{"RuleName":"-","UtcTime":"2026-07-12 12:47:25.589","ProcessGuid":"{6bc49a7d-8cdd-6a53-8105-000000009a01}","ProcessId":896,"Image":"C:\\Windows\\System32\\cmd.exe","FileVersion":"10.0.19041.746 (WinBuild.160101.0800)","Description":"Windows Command Processor","Product":"Microsoft® Windows® Operating System","Company":"Microsoft Corporation","OriginalFileName":"Cmd.Exe","CommandLine":"\"cmd.exe\" /d /c schtasks.exe /run /tn \"TFM-TEC-003\"","CurrentDirectory":"C:\\Windows\\system32\\","User":"LT29\\seguridad","LogonGuid":"{6bc49a7d-7a59-6a53-01ca-280000000000}","LogonId":"0x28CA01","TerminalSessionId":"1","IntegrityLevel":"High","Hashes":"MD5=8A2122E8162DBEF04694B9C3E0B6CDEE,SHA256=B99D61D874728EDC0918CA0EB10EAB93D381E7367E377406E65963366C874450,IMPHASH=272245E2988E1E430500B852C4FB5E18","ParentProcessGuid":"{6bc49a7d-7f1e-6a53-1c04-000000009a01}","ParentProcessId":"12104","ParentImage":"C:\\Windows\\System32\\WindowsPowerShell\\v1.0\\powershell.exe","ParentCommandLine":"\"C:\\Windows\\System32\\WindowsPowerShell\\v1.0\\powershell.exe\" ","ParentUser":"LT29\\seguridad"},"ClientId":"C.364907172793f8c7","_ts":1783860510744}
{"ID":1,"Timestamp":"2026-07-12T12:47:51.0020487Z","EventData":{"RuleName":"-","UtcTime":"2026-07-12 12:47:25.618","ProcessGuid":"{6bc49a7d-8cdd-6a53-8205-000000009a01}","ProcessId":5548,"Image":"C:\\Windows\\System32\\schtasks.exe","FileVersion":"10.0.19041.1503 (WinBuild.160101.0800)","Description":"Task Scheduler Configuration Tool","Product":"Microsoft® Windows® Operating System","Company":"Microsoft Corporation","OriginalFileName":"schtasks.exe","CommandLine":"schtasks.exe  /run /tn \"TFM-TEC-003\"","CurrentDirectory":"C:\\Windows\\system32\\","User":"LT29\\seguridad","LogonGuid":"{6bc49a7d-7a59-6a53-01ca-280000000000}","LogonId":"0x28CA01","TerminalSessionId":"1","IntegrityLevel":"High","Hashes":"MD5=76CD6626DD8834BD4A42E6A565104DC2,SHA256=013C013E0EFD13C9380FAD58418B7ACA8356E591A5CCEFFDB910F7D8B0AD28EF,IMPHASH=ECCE05491F2E8F279F4790BCB1318C05","ParentProcessGuid":"{6bc49a7d-8cdd-6a53-8105-000000009a01}","ParentProcessId":"896","ParentImage":"C:\\Windows\\System32\\cmd.exe","ParentCommandLine":"\"cmd.exe\" /d /c schtasks.exe /run /tn \"TFM-TEC-003\"","ParentUser":"LT29\\seguridad"},"ClientId":"C.364907172793f8c7","_ts":1783860510744}
{"ID":1,"Timestamp":"2026-07-12T12:47:51.0379089Z","EventData":{"RuleName":"-","UtcTime":"2026-07-12 12:47:25.673","ProcessGuid":"{6bc49a7d-8cdd-6a53-8305-000000009a01}","ProcessId":4300,"Image":"C:\\Windows\\System32\\cmd.exe","FileVersion":"10.0.19041.746 (WinBuild.160101.0800)","Description":"Windows Command Processor","Product":"Microsoft® Windows® Operating System","Company":"Microsoft Corporation","OriginalFileName":"Cmd.Exe","CommandLine":"\"cmd.exe\" /c echo TEC003_OK ^\u003e C:\\Users\\Public\\tec003_ok.txt","CurrentDirectory":"C:\\Windows\\system32\\","User":"LT29\\seguridad","LogonGuid":"{6bc49a7d-7a59-6a53-66ca-280000000000}","LogonId":"0x28CA66","TerminalSessionId":"1","IntegrityLevel":"Medium","Hashes":"MD5=8A2122E8162DBEF04694B9C3E0B6CDEE,SHA256=B99D61D874728EDC0918CA0EB10EAB93D381E7367E377406E65963366C874450,IMPHASH=272245E2988E1E430500B852C4FB5E18","ParentProcessGuid":"{6bc49a7d-7994-6a53-1b00-000000009a01}","ParentProcessId":"1320","ParentImage":"C:\\Windows\\System32\\svchost.exe","ParentCommandLine":"C:\\Windows\\system32\\svchost.exe -k netsvcs -p -s Schedule","ParentUser":"NT AUTHORITY\\SYSTEM"},"ClientId":"C.364907172793f8c7","_ts":1783860510744}
{"ID":1,"Timestamp":"2026-07-12T12:47:53.1118154Z","EventData":{"RuleName":"-","UtcTime":"2026-07-12 12:47:28.118","ProcessGuid":"{6bc49a7d-8ce0-6a53-8505-000000009a01}","ProcessId":10808,"Image":"C:\\Windows\\System32\\cmd.exe","FileVersion":"10.0.19041.746 (WinBuild.160101.0800)","Description":"Windows Command Processor","Product":"Microsoft® Windows® Operating System","Company":"Microsoft Corporation","OriginalFileName":"Cmd.Exe","CommandLine":"\"cmd.exe\" /d /c schtasks.exe /delete /tn \"TFM-TEC-003\" /f","CurrentDirectory":"C:\\Windows\\system32\\","User":"LT29\\seguridad","LogonGuid":"{6bc49a7d-7a59-6a53-01ca-280000000000}","LogonId":"0x28CA01","TerminalSessionId":"1","IntegrityLevel":"High","Hashes":"MD5=8A2122E8162DBEF04694B9C3E0B6CDEE,SHA256=B99D61D874728EDC0918CA0EB10EAB93D381E7367E377406E65963366C874450,IMPHASH=272245E2988E1E430500B852C4FB5E18","ParentProcessGuid":"{6bc49a7d-7f1e-6a53-1c04-000000009a01}","ParentProcessId":"12104","ParentImage":"C:\\Windows\\System32\\WindowsPowerShell\\v1.0\\powershell.exe","ParentCommandLine":"\"C:\\Windows\\System32\\WindowsPowerShell\\v1.0\\powershell.exe\" ","ParentUser":"LT29\\seguridad"},"ClientId":"C.364907172793f8c7","_ts":1783860510744}
{"ID":1,"Timestamp":"2026-07-12T12:47:53.1369585Z","EventData":{"RuleName":"-","UtcTime":"2026-07-12 12:47:28.140","ProcessGuid":"{6bc49a7d-8ce0-6a53-8605-000000009a01}","ProcessId":2820,"Image":"C:\\Windows\\System32\\schtasks.exe","FileVersion":"10.0.19041.1503 (WinBuild.160101.0800)","Description":"Task Scheduler Configuration Tool","Product":"Microsoft® Windows® Operating System","Company":"Microsoft Corporation","OriginalFileName":"schtasks.exe","CommandLine":"schtasks.exe  /delete /tn \"TFM-TEC-003\" /f","CurrentDirectory":"C:\\Windows\\system32\\","User":"LT29\\seguridad","LogonGuid":"{6bc49a7d-7a59-6a53-01ca-280000000000}","LogonId":"0x28CA01","TerminalSessionId":"1","IntegrityLevel":"High","Hashes":"MD5=76CD6626DD8834BD4A42E6A565104DC2,SHA256=013C013E0EFD13C9380FAD58418B7ACA8356E591A5CCEFFDB910F7D8B0AD28EF,IMPHASH=ECCE05491F2E8F279F4790BCB1318C05","ParentProcessGuid":"{6bc49a7d-8ce0-6a53-8505-000000009a01}","ParentProcessId":"10808","ParentImage":"C:\\Windows\\System32\\cmd.exe","ParentCommandLine":"\"cmd.exe\" /d /c schtasks.exe /delete /tn \"TFM-TEC-003\" /f","ParentUser":"LT29\\seguridad"},"ClientId":"C.364907172793f8c7","_ts":1783860510744}
{"ID":1,"Timestamp":"2026-07-12T12:48:03.5791966Z","EventData":{"RuleName":"-","UtcTime":"2026-07-12 12:47:41.535","ProcessGuid":"{6bc49a7d-8ced-6a53-8705-000000009a01}","ProcessId":4928,"Image":"C:\\Windows\\System32\\cmd.exe","FileVersion":"10.0.19041.746 (WinBuild.160101.0800)","Description":"Windows Command Processor","Product":"Microsoft® Windows® Operating System","Company":"Microsoft Corporation","OriginalFileName":"Cmd.Exe","CommandLine":"\"cmd.exe\" /d /c reg.exe add \"HKCU\\Software\\Microsoft\\Windows\\CurrentVersion\\Run\" /v \"TFM_T1547_001_test\" /t REG_SZ /d \"C:\\Windows\\System32\\calc.exe\" /f","CurrentDirectory":"C:\\Windows\\system32\\","User":"LT29\\seguridad","LogonGuid":"{6bc49a7d-7a59-6a53-01ca-280000000000}","LogonId":"0x28CA01","TerminalSessionId":"1","IntegrityLevel":"High","Hashes":"MD5=8A2122E8162DBEF04694B9C3E0B6CDEE,SHA256=B99D61D874728EDC0918CA0EB10EAB93D381E7367E377406E65963366C874450,IMPHASH=272245E2988E1E430500B852C4FB5E18","ParentProcessGuid":"{6bc49a7d-7f1e-6a53-1c04-000000009a01}","ParentProcessId":"12104","ParentImage":"C:\\Windows\\System32\\WindowsPowerShell\\v1.0\\powershell.exe","ParentCommandLine":"\"C:\\Windows\\System32\\WindowsPowerShell\\v1.0\\powershell.exe\" ","ParentUser":"LT29\\seguridad"},"ClientId":"C.364907172793f8c7","_ts":1783860510744}
{"ID":1,"Timestamp":"2026-07-12T12:48:03.6191115Z","EventData":{"RuleName":"-","UtcTime":"2026-07-12 12:47:41.578","ProcessGuid":"{6bc49a7d-8ced-6a53-8805-000000009a01}","ProcessId":8288,"Image":"C:\\Windows\\System32\\reg.exe","FileVersion":"10.0.19041.1 (WinBuild.160101.0800)","Description":"Registry Console Tool","Product":"Microsoft® Windows® Operating System","Company":"Microsoft Corporation","OriginalFileName":"reg.exe","CommandLine":"reg.exe  add \"HKCU\\Software\\Microsoft\\Windows\\CurrentVersion\\Run\" /v \"TFM_T1547_001_test\" /t REG_SZ /d \"C:\\Windows\\System32\\calc.exe\" /f","CurrentDirectory":"C:\\Windows\\system32\\","User":"LT29\\seguridad","LogonGuid":"{6bc49a7d-7a59-6a53-01ca-280000000000}","LogonId":"0x28CA01","TerminalSessionId":"1","IntegrityLevel":"High","Hashes":"MD5=227F63E1D9008B36BDBCC4B397780BE4,SHA256=C0E25B1F9B22DE445298C1E96DDFCEAD265CA030FA6626F61A4A4786CC4A3B7D,IMPHASH=BE482BE427FE212CFEF2CDA0E61F19AC","ParentProcessGuid":"{6bc49a7d-8ced-6a53-8705-000000009a01}","ParentProcessId":"4928","ParentImage":"C:\\Windows\\System32\\cmd.exe","ParentCommandLine":"\"cmd.exe\" /d /c reg.exe add \"HKCU\\Software\\Microsoft\\Windows\\CurrentVersion\\Run\" /v \"TFM_T1547_001_test\" /t REG_SZ /d \"C:\\Windows\\System32\\calc.exe\" /f","ParentUser":"LT29\\seguridad"},"ClientId":"C.364907172793f8c7","_ts":1783860510744}
{"ID":13,"Timestamp":"2026-07-12T12:48:03.6350985Z","EventData":{"RuleName":"T1060,RunKey","EventType":"SetValue","UtcTime":"2026-07-12 12:47:41.608","ProcessGuid":"{6bc49a7d-8ced-6a53-8805-000000009a01}","ProcessId":8288,"Image":"C:\\Windows\\system32\\reg.exe","TargetObject":"HKU\\S-1-5-21-2237245112-686140129-944090608-1004\\SOFTWARE\\Microsoft\\Windows\\CurrentVersion\\Run\\TFM_T1547_001_test","Details":"C:\\Windows\\System32\\calc.exe","User":"LT29\\seguridad"},"ClientId":"C.364907172793f8c7","_ts":1783860510744}
