{"ID":1,"Timestamp":"2026-07-12T12:56:10.3054562Z","EventData":{"RuleName":"-","UtcTime":"2026-07-12 12:55:48.096","ProcessGuid":"{6bc49a7d-8ed4-6a53-cd05-000000009a01}","ProcessId":11756,"Image":"C:\\Windows\\System32\\WindowsPowerShell\\v1.0\\powershell.exe","FileVersion":"10.0.19041.3393 (WinBuild.160101.0800)","Description":"Windows PowerShell","Product":"Microsoft® Windows® Operating System","Company":"Microsoft Corporation","OriginalFileName":"PowerShell.EXE","CommandLine":"\"C:\\Windows\\System32\\WindowsPowerShell\\v1.0\\powershell.exe\" -NoProfile -Command \"$ErrorActionPreference = 'Stop'\n$rid = 'TFM_FP_20260712_145541'\n$fp = 'FP-006'\n$mp = Get-Command Get-MpComputerStatus -ErrorAction SilentlyContinue\nif ($null -ne $mp) { Get-MpComputerStatus | Out-Null }\nGet-Process -Name SecurityHealthSystray,MsMpEng -ErrorAction SilentlyContinue | Out-Null\nWrite-Output \"$rid $fp security discovery ok\"\"","CurrentDirectory":"C:\\Users\\seguridad\\Desktop\\TFM\\03_RUNNERS\\","User":"LT29\\seguridad","LogonGuid":"{6bc49a7d-7a59-6a53-01ca-280000000000}","LogonId":"0x28CA01","TerminalSessionId":"1","IntegrityLevel":"High","Hashes":"MD5=DFD66604CA0898E8E26DF7B1635B6326,SHA256=D23B67799A0DA0143E395BA5DB906A22AB08FAC4BD5581E275B1E0F1B3FAC55C,IMPHASH=88CB9A420410BDA787E305B65518A934","ParentProcessGuid":"{6bc49a7d-7f1e-6a53-1c04-000000009a01}","ParentProcessId":"12104","ParentImage":"C:\\Windows\\System32\\WindowsPowerShell\\v1.0\\powershell.exe","ParentCommandLine":"\"C:\\Windows\\System32\\WindowsPowerShell\\v1.0\\powershell.exe\" ","ParentUser":"LT29\\seguridad"},"ClientId":"C.364907172793f8c7","_ts":1783861038826}
{"ID":11,"Timestamp":"2026-07-12T12:56:10.4855752Z","EventData":{"RuleName":"-","UtcTime":"2026-07-12 12:55:48.308","ProcessGuid":"{6bc49a7d-8ed4-6a53-cd05-000000009a01}","ProcessId":11756,"Image":"C:\\Windows\\System32\\WindowsPowerShell\\v1.0\\powershell.exe","TargetFilename":"C:\\Users\\seguridad\\AppData\\Local\\Temp\\__PSScriptPolicyTest_va0fs3w3.bzo.ps1","CreationUtcTime":"2026-07-12 12:55:48.308","User":"LT29\\seguridad"},"ClientId":"C.364907172793f8c7","_ts":1783861038826}
{"ID":1,"Timestamp":"2026-07-12T12:56:12.9832529Z","EventData":{"RuleName":"-","UtcTime":"2026-07-12 12:55:51.301","ProcessGuid":"{6bc49a7d-8ed7-6a53-cf05-000000009a01}","ProcessId":10624,"Image":"C:\\Windows\\System32\\WindowsPowerShell\\v1.0\\powershell.exe","FileVersion":"10.0.19041.3393 (WinBuild.160101.0800)","Description":"Windows PowerShell","Product":"Microsoft® Windows® Operating System","Company":"Microsoft Corporation","OriginalFileName":"PowerShell.EXE","CommandLine":"\"C:\\Windows\\System32\\WindowsPowerShell\\v1.0\\powershell.exe\" -NoProfile -Command \"$ErrorActionPreference = 'Stop'\n$rid = 'TFM_FP_20260712_145541'\n$fp = 'FP-008'\n\u0026 'Remove-Item' -LiteralPath 'C:\\Users\\seguridad\\Desktop\\TFM\\01_ACTIVE_TESTS\\Pruebas\\FP_WORKSPACE\\TFM_FP_20260712_145541\\FP-008' -Recurse -Force\nWrite-Output \"$rid $fp controlled delete ok\"\"","CurrentDirectory":"C:\\Users\\seguridad\\Desktop\\TFM\\03_RUNNERS\\","User":"LT29\\seguridad","LogonGuid":"{6bc49a7d-7a59-6a53-01ca-280000000000}","LogonId":"0x28CA01","TerminalSessionId":"1","IntegrityLevel":"High","Hashes":"MD5=DFD66604CA0898E8E26DF7B1635B6326,SHA256=D23B67799A0DA0143E395BA5DB906A22AB08FAC4BD5581E275B1E0F1B3FAC55C,IMPHASH=88CB9A420410BDA787E305B65518A934","ParentProcessGuid":"{6bc49a7d-7f1e-6a53-1c04-000000009a01}","ParentProcessId":"12104","ParentImage":"C:\\Windows\\System32\\WindowsPowerShell\\v1.0\\powershell.exe","ParentCommandLine":"\"C:\\Windows\\System32\\WindowsPowerShell\\v1.0\\powershell.exe\" ","ParentUser":"LT29\\seguridad"},"ClientId":"C.364907172793f8c7","_ts":1783861038826}
{"ID":11,"Timestamp":"2026-07-12T12:56:13.2808437Z","EventData":{"RuleName":"-","UtcTime":"2026-07-12 12:55:51.682","ProcessGuid":"{6bc49a7d-8ed7-6a53-cf05-000000009a01}","ProcessId":10624,"Image":"C:\\Windows\\System32\\WindowsPowerShell\\v1.0\\powershell.exe","TargetFilename":"C:\\Users\\seguridad\\AppData\\Local\\Temp\\__PSScriptPolicyTest_qx3r342h.frw.ps1","CreationUtcTime":"2026-07-12 12:55:51.682","User":"LT29\\seguridad"},"ClientId":"C.364907172793f8c7","_ts":1783861038826}
{"ID":1,"Timestamp":"2026-07-12T12:56:18.1396088Z","EventData":{"RuleName":"-","UtcTime":"2026-07-12 12:55:57.740","ProcessGuid":"{6bc49a7d-8edd-6a53-d205-000000009a01}","ProcessId":10604,"Image":"C:\\Windows\\System32\\svchost.exe","FileVersion":"10.0.19041.1806 (WinBuild.160101.0800)","Description":"Host Process for Windows Services","Product":"Microsoft® Windows® Operating System","Company":"Microsoft Corporation","OriginalFileName":"svchost.exe","CommandLine":"C:\\Windows\\System32\\svchost.exe -k netsvcs -p -s NetSetupSvc","CurrentDirectory":"C:\\Windows\\system32\\","User":"NT AUTHORITY\\SYSTEM","LogonGuid":"{6bc49a7d-7991-6a53-e703-000000000000}","LogonId":"0x3E7","TerminalSessionId":"0","IntegrityLevel":"System","Hashes":"MD5=B7F884C1B74A263F746EE12A5F7C9F6A,SHA256=ADD683A6910ABBBF0E28B557FAD0BA998166394932AE2ACA069D9AA19EA8FE88,IMPHASH=247B9220E5D9B720A82B2C8B5069AD69","ParentProcessGuid":"{6bc49a7d-7991-6a53-0b00-000000009a01}","ParentProcessId":"772","ParentImage":"C:\\Windows\\System32\\services.exe","ParentCommandLine":"C:\\Windows\\system32\\services.exe","ParentUser":"NT AUTHORITY\\SYSTEM"},"ClientId":"C.364907172793f8c7","_ts":1783861038826}
{"ID":1,"Timestamp":"2026-07-12T12:56:31.1249818Z","EventData":{"RuleName":"-","UtcTime":"2026-07-12 12:56:15.539","ProcessGuid":"{6bc49a7d-8eef-6a53-d305-000000009a01}","ProcessId":11276,"Image":"C:\\Windows\\System32\\dllhost.exe","FileVersion":"10.0.19041.546 (WinBuild.160101.0800)","Description":"COM Surrogate","Product":"Microsoft® Windows® Operating System","Company":"Microsoft Corporation","OriginalFileName":"dllhost.exe","CommandLine":"\"C:\\Windows\\system32\\DllHost.exe\" /Processid:{4A616E61-3BFE-4F5C-937F-B8602BF16679}","CurrentDirectory":"C:\\Windows\\system32\\","User":"LT29\\seguridad","LogonGuid":"{6bc49a7d-7a59-6a53-66ca-280000000000}","LogonId":"0x28CA66","TerminalSessionId":"1","IntegrityLevel":"Medium","Hashes":"MD5=08EB78E5BE019DF044C26B14703BD1FA,SHA256=E7FC40B41AA8B83841A0B96D169EAF0800AA784733E636935374D56536253F10,IMPHASH=CF79FCE90FCED31836373F3E48251A5D","ParentProcessGuid":"{6bc49a7d-7992-6a53-0d00-000000009a01}","ParentProcessId":"904","ParentImage":"C:\\Windows\\System32\\svchost.exe","ParentCommandLine":"C:\\Windows\\system32\\svchost.exe -k DcomLaunch -p","ParentUser":"NT AUTHORITY\\SYSTEM"},"ClientId":"C.364907172793f8c7","_ts":1783861038826}
{"ID":1,"Timestamp":"2026-07-12T12:56:38.9601861Z","EventData":{"RuleName":"-","UtcTime":"2026-07-12 12:56:27.059","ProcessGuid":"{6bc49a7d-8efb-6a53-d505-000000009a01}","ProcessId":11232,"Image":"C:\\Windows\\System32\\dllhost.exe","FileVersion":"10.0.19041.546 (WinBuild.160101.0800)","Description":"COM Surrogate","Product":"Microsoft® Windows® Operating System","Company":"Microsoft Corporation","OriginalFileName":"dllhost.exe","CommandLine":"\"C:\\Windows\\system32\\DllHost.exe\" /Processid:{4A616E61-3BFE-4F5C-937F-B8602BF16679}","CurrentDirectory":"C:\\Windows\\system32\\","User":"LT29\\seguridad","LogonGuid":"{6bc49a7d-7a59-6a53-66ca-280000000000}","LogonId":"0x28CA66","TerminalSessionId":"1","IntegrityLevel":"Medium","Hashes":"MD5=08EB78E5BE019DF044C26B14703BD1FA,SHA256=E7FC40B41AA8B83841A0B96D169EAF0800AA784733E636935374D56536253F10,IMPHASH=CF79FCE90FCED31836373F3E48251A5D","ParentProcessGuid":"{6bc49a7d-7992-6a53-0d00-000000009a01}","ParentProcessId":"904","ParentImage":"C:\\Windows\\System32\\svchost.exe","ParentCommandLine":"C:\\Windows\\system32\\svchost.exe -k DcomLaunch -p","ParentUser":"NT AUTHORITY\\SYSTEM"},"ClientId":"C.364907172793f8c7","_ts":1783861038826}
{"ID":3,"Timestamp":"2026-07-12T12:57:01.7910085Z","EventData":{"RuleName":"Usermode","UtcTime":"2026-07-12 12:57:12.851","ProcessGuid":"{6bc49a7d-7cd5-6a53-7102-000000009a01}","ProcessId":5276,"Image":"C:\\Users\\seguridad\\Desktop\\TFM\\Velociraptor\\velociraptor-v0.75.6-windows-amd64.exe","User":"LT29\\seguridad","Protocol":"tcp","Initiated":"false","SourceIsIpv6":"true","SourceIp":"0:0:0:0:0:0:0:1","SourceHostname":"LT29.ait.us.es","SourcePort":"50685","SourcePortName":"-","DestinationIsIpv6":"true","DestinationIp":"0:0:0:0:0:0:0:1","DestinationHostname":"LT29.ait.us.es","DestinationPort":"8443","DestinationPortName":"-"},"ClientId":"C.364907172793f8c7","_ts":1783861038826}
{"ID":3,"Timestamp":"2026-07-12T12:57:01.7910271Z","EventData":{"RuleName":"Usermode","UtcTime":"2026-07-12 12:57:12.859","ProcessGuid":"{6bc49a7d-7cd5-6a53-7102-000000009a01}","ProcessId":5276,"Image":"C:\\Users\\seguridad\\Desktop\\TFM\\Velociraptor\\velociraptor-v0.75.6-windows-amd64.exe","User":"LT29\\seguridad","Protocol":"tcp","Initiated":"false","SourceIsIpv6":"true","SourceIp":"0:0:0:0:0:0:0:1","SourceHostname":"LT29.ait.us.es","SourcePort":"50686","SourcePortName":"-","DestinationIsIpv6":"true","DestinationIp":"0:0:0:0:0:0:0:1","DestinationHostname":"LT29.ait.us.es","DestinationPort":"8443","DestinationPortName":"-"},"ClientId":"C.364907172793f8c7","_ts":1783861038826}
{"ID":3,"Timestamp":"2026-07-12T12:58:04.6991708Z","EventData":{"RuleName":"Usermode","UtcTime":"2026-07-12 12:58:16.881","ProcessGuid":"{6bc49a7d-7cd5-6a53-7102-000000009a01}","ProcessId":5276,"Image":"C:\\Users\\seguridad\\Desktop\\TFM\\Velociraptor\\velociraptor-v0.75.6-windows-amd64.exe","User":"LT29\\seguridad","Protocol":"tcp","Initiated":"false","SourceIsIpv6":"true","SourceIp":"0:0:0:0:0:0:0:1","SourceHostname":"LT29.ait.us.es","SourcePort":"50690","SourcePortName":"-","DestinationIsIpv6":"true","DestinationIp":"0:0:0:0:0:0:0:1","DestinationHostname":"LT29.ait.us.es","DestinationPort":"8443","DestinationPortName":"-"},"ClientId":"C.364907172793f8c7","_ts":1783861144825}
{"ID":3,"Timestamp":"2026-07-12T12:58:04.6992034Z","EventData":{"RuleName":"Usermode","UtcTime":"2026-07-12 12:58:16.889","ProcessGuid":"{6bc49a7d-7cd5-6a53-7102-000000009a01}","ProcessId":5276,"Image":"C:\\Users\\seguridad\\Desktop\\TFM\\Velociraptor\\velociraptor-v0.75.6-windows-amd64.exe","User":"LT29\\seguridad","Protocol":"tcp","Initiated":"false","SourceIsIpv6":"true","SourceIp":"0:0:0:0:0:0:0:1","SourceHostname":"LT29.ait.us.es","SourcePort":"50691","SourcePortName":"-","DestinationIsIpv6":"true","DestinationIp":"0:0:0:0:0:0:0:1","DestinationHostname":"LT29.ait.us.es","DestinationPort":"8443","DestinationPortName":"-"},"ClientId":"C.364907172793f8c7","_ts":1783861144825}
{"ID":1,"Timestamp":"2026-07-12T12:59:16.455768Z","EventData":{"RuleName":"-","UtcTime":"2026-07-12 12:59:01.259","ProcessGuid":"{6bc49a7d-8f95-6a53-d605-000000009a01}","ProcessId":1152,"Image":"C:\\Windows\\System32\\dllhost.exe","FileVersion":"10.0.19041.546 (WinBuild.160101.0800)","Description":"COM Surrogate","Product":"Microsoft® Windows® Operating System","Company":"Microsoft Corporation","OriginalFileName":"dllhost.exe","CommandLine":"\"C:\\Windows\\system32\\DllHost.exe\" /Processid:{4A616E61-3BFE-4F5C-937F-B8602BF16679}","CurrentDirectory":"C:\\Windows\\system32\\","User":"LT29\\seguridad","LogonGuid":"{6bc49a7d-7a59-6a53-66ca-280000000000}","LogonId":"0x28CA66","TerminalSessionId":"1","IntegrityLevel":"Medium","Hashes":"MD5=08EB78E5BE019DF044C26B14703BD1FA,SHA256=E7FC40B41AA8B83841A0B96D169EAF0800AA784733E636935374D56536253F10,IMPHASH=CF79FCE90FCED31836373F3E48251A5D","ParentProcessGuid":"{6bc49a7d-7992-6a53-0d00-000000009a01}","ParentProcessId":"904","ParentImage":"C:\\Windows\\System32\\svchost.exe","ParentCommandLine":"C:\\Windows\\system32\\svchost.exe -k DcomLaunch -p","ParentUser":"NT AUTHORITY\\SYSTEM"},"ClientId":"C.364907172793f8c7","_ts":1783861144825}
{"ID":3,"Timestamp":"2026-07-12T12:59:19.1400774Z","EventData":{"RuleName":"Usermode","UtcTime":"2026-07-12 12:59:30.907","ProcessGuid":"{6bc49a7d-7cd5-6a53-7102-000000009a01}","ProcessId":5276,"Image":"C:\\Users\\seguridad\\Desktop\\TFM\\Velociraptor\\velociraptor-v0.75.6-windows-amd64.exe","User":"LT29\\seguridad","Protocol":"tcp","Initiated":"false","SourceIsIpv6":"true","SourceIp":"0:0:0:0:0:0:0:1","SourceHostname":"LT29.ait.us.es","SourcePort":"50697","SourcePortName":"-","DestinationIsIpv6":"true","DestinationIp":"0:0:0:0:0:0:0:1","DestinationHostname":"LT29.ait.us.es","DestinationPort":"8443","DestinationPortName":"-"},"ClientId":"C.364907172793f8c7","_ts":1783861144825}
{"ID":3,"Timestamp":"2026-07-12T12:59:19.1403471Z","EventData":{"RuleName":"Usermode","UtcTime":"2026-07-12 12:59:30.927","ProcessGuid":"{6bc49a7d-7cd5-6a53-7102-000000009a01}","ProcessId":5276,"Image":"C:\\Users\\seguridad\\Desktop\\TFM\\Velociraptor\\velociraptor-v0.75.6-windows-amd64.exe","User":"LT29\\seguridad","Protocol":"tcp","Initiated":"false","SourceIsIpv6":"true","SourceIp":"0:0:0:0:0:0:0:1","SourceHostname":"LT29.ait.us.es","SourcePort":"50698","SourcePortName":"-","DestinationIsIpv6":"true","DestinationIp":"0:0:0:0:0:0:0:1","DestinationHostname":"LT29.ait.us.es","DestinationPort":"8443","DestinationPortName":"-"},"ClientId":"C.364907172793f8c7","_ts":1783861144825}
