TimeCreated  : 09/06/2026 20:06:19
Id           : 1
ProviderName : Microsoft-Windows-Sysmon
Message      : Process Create:
               RuleName: -
               UtcTime: 2026-06-09 18:06:19.380
               ProcessGuid: {6bc49a7d-561b-6a28-8e28-000000009401}
               ProcessId: 7756
               Image: C:\Windows\System32\cmd.exe
               FileVersion: 10.0.19041.746 (WinBuild.160101.0800)
               Description: Windows Command Processor
               Product: Microsoft® Windows® Operating System
               Company: Microsoft Corporation
               OriginalFileName: Cmd.Exe
               CommandLine: "cmd.exe" /d /c powershell.exe -NoProfile -ExecutionPolicy Bypass -File "C:\Users\seguridad\Desktop\TFM\Pruebas\TEC-008_Sabotaje\crear_directorio_dummy.ps1" 
               CurrentDirectory: C:\Windows\system32\
               User: LT29\seguridad
               LogonGuid: {6bc49a7d-4e8b-69fb-7a91-080000000000}
               LogonId: 0x8917A
               TerminalSessionId: 1
               IntegrityLevel: High
               Hashes: MD5=8A2122E8162DBEF04694B9C3E0B6CDEE,SHA256=B99D61D874728EDC0918CA0EB10EAB93D381E7367E377406E65963366C874450,IMPHASH=272245E2988E1E430500B852C4FB5E18
               ParentProcessGuid: {6bc49a7d-4b45-6a28-b426-000000009401}
               ParentProcessId: 2600
               ParentImage: C:\Windows\System32\WindowsPowerShell\v1.0\powershell.exe
               ParentCommandLine: "C:\Windows\System32\WindowsPowerShell\v1.0\powershell.exe" 
               ParentUser: LT29\seguridad

TimeCreated  : 09/06/2026 20:06:13
Id           : 11
ProviderName : Microsoft-Windows-Sysmon
Message      : File created:
               RuleName: -
               UtcTime: 2026-06-09 18:06:13.812
               ProcessGuid: {6bc49a7d-5615-6a28-8c28-000000009401}
               ProcessId: 4928
               Image: C:\Windows\System32\WindowsPowerShell\v1.0\powershell.exe
               TargetFilename: C:\Users\seguridad\AppData\Local\Temp\__PSScriptPolicyTest_m3ijyawh.oko.ps1
               CreationUtcTime: 2026-06-09 18:06:13.812
               User: LT29\seguridad

TimeCreated  : 09/06/2026 20:06:13
Id           : 1
ProviderName : Microsoft-Windows-Sysmon
Message      : Process Create:
               RuleName: -
               UtcTime: 2026-06-09 18:06:13.758
               ProcessGuid: {6bc49a7d-5615-6a28-8c28-000000009401}
               ProcessId: 4928
               Image: C:\Windows\System32\WindowsPowerShell\v1.0\powershell.exe
               FileVersion: 10.0.19041.3393 (WinBuild.160101.0800)
               Description: Windows PowerShell
               Product: Microsoft® Windows® Operating System
               Company: Microsoft Corporation
               OriginalFileName: PowerShell.EXE
               CommandLine: powershell.exe  -NoProfile -ExecutionPolicy Bypass -File "C:\Users\seguridad\Desktop\TFM\Pruebas\TEC-007_Ransomware\crear_directorio_dummy.ps1" 
               CurrentDirectory: C:\Windows\system32\
               User: LT29\seguridad
               LogonGuid: {6bc49a7d-4e8b-69fb-7a91-080000000000}
               LogonId: 0x8917A
               TerminalSessionId: 1
               IntegrityLevel: High
               Hashes: MD5=DFD66604CA0898E8E26DF7B1635B6326,SHA256=D23B67799A0DA0143E395BA5DB906A22AB08FAC4BD5581E275B1E0F1B3FAC55C,IMPHASH=88CB9A420410BDA787E305B65518A934
               ParentProcessGuid: {6bc49a7d-5615-6a28-8b28-000000009401}
               ParentProcessId: 4772
               ParentImage: C:\Windows\System32\cmd.exe
               ParentCommandLine: "cmd.exe" /d /c powershell.exe -NoProfile -ExecutionPolicy Bypass -File "C:\Users\seguridad\Desktop\TFM\Pruebas\TEC-007_Ransomware\crear_directorio_dummy.ps1" 
               ParentUser: LT29\seguridad

TimeCreated  : 09/06/2026 20:06:13
Id           : 1
ProviderName : Microsoft-Windows-Sysmon
Message      : Process Create:
               RuleName: -
               UtcTime: 2026-06-09 18:06:13.748
               ProcessGuid: {6bc49a7d-5615-6a28-8b28-000000009401}
               ProcessId: 4772
               Image: C:\Windows\System32\cmd.exe
               FileVersion: 10.0.19041.746 (WinBuild.160101.0800)
               Description: Windows Command Processor
               Product: Microsoft® Windows® Operating System
               Company: Microsoft Corporation
               OriginalFileName: Cmd.Exe
               CommandLine: "cmd.exe" /d /c powershell.exe -NoProfile -ExecutionPolicy Bypass -File "C:\Users\seguridad\Desktop\TFM\Pruebas\TEC-007_Ransomware\crear_directorio_dummy.ps1" 
               CurrentDirectory: C:\Windows\system32\
               User: LT29\seguridad
               LogonGuid: {6bc49a7d-4e8b-69fb-7a91-080000000000}
               LogonId: 0x8917A
               TerminalSessionId: 1
               IntegrityLevel: High
               Hashes: MD5=8A2122E8162DBEF04694B9C3E0B6CDEE,SHA256=B99D61D874728EDC0918CA0EB10EAB93D381E7367E377406E65963366C874450,IMPHASH=272245E2988E1E430500B852C4FB5E18
               ParentProcessGuid: {6bc49a7d-4b45-6a28-b426-000000009401}
               ParentProcessId: 2600
               ParentImage: C:\Windows\System32\WindowsPowerShell\v1.0\powershell.exe
               ParentCommandLine: "C:\Windows\System32\WindowsPowerShell\v1.0\powershell.exe" 
               ParentUser: LT29\seguridad

TimeCreated  : 09/06/2026 20:05:57
Id           : 11
ProviderName : Microsoft-Windows-Sysmon
Message      : File created:
               RuleName: -
               UtcTime: 2026-06-09 18:05:57.961
               ProcessGuid: {6bc49a7d-5605-6a28-8928-000000009401}
               ProcessId: 2484
               Image: C:\Windows\System32\WindowsPowerShell\v1.0\powershell.exe
               TargetFilename: C:\Users\seguridad\AppData\Local\Temp\__PSScriptPolicyTest_pxhgvyxt.mb5.ps1
               CreationUtcTime: 2026-06-09 18:05:57.961
               User: LT29\seguridad

TimeCreated  : 09/06/2026 20:05:57
Id           : 1
ProviderName : Microsoft-Windows-Sysmon
Message      : Process Create:
               RuleName: -
               UtcTime: 2026-06-09 18:05:57.900
               ProcessGuid: {6bc49a7d-5605-6a28-8928-000000009401}
               ProcessId: 2484
               Image: C:\Windows\System32\WindowsPowerShell\v1.0\powershell.exe
               FileVersion: 10.0.19041.3393 (WinBuild.160101.0800)
               Description: Windows PowerShell
               Product: Microsoft® Windows® Operating System
               Company: Microsoft Corporation
               OriginalFileName: PowerShell.EXE
               CommandLine: powershell.exe  -NoProfile -ExecutionPolicy Bypass -File "C:\Users\seguridad\Desktop\TFM\Pruebas\TEC-009_Exfiltracion\crear_directorio_dummy.ps1" 
               CurrentDirectory: C:\Windows\system32\
               User: LT29\seguridad
               LogonGuid: {6bc49a7d-4e8b-69fb-7a91-080000000000}
               LogonId: 0x8917A
               TerminalSessionId: 1
               IntegrityLevel: High
               Hashes: MD5=DFD66604CA0898E8E26DF7B1635B6326,SHA256=D23B67799A0DA0143E395BA5DB906A22AB08FAC4BD5581E275B1E0F1B3FAC55C,IMPHASH=88CB9A420410BDA787E305B65518A934
               ParentProcessGuid: {6bc49a7d-5605-6a28-8828-000000009401}
               ParentProcessId: 10032
               ParentImage: C:\Windows\System32\cmd.exe
               ParentCommandLine: "cmd.exe" /d /c powershell.exe -NoProfile -ExecutionPolicy Bypass -File "C:\Users\seguridad\Desktop\TFM\Pruebas\TEC-009_Exfiltracion\crear_directorio_dummy.ps1" 
               ParentUser: LT29\seguridad

TimeCreated  : 09/06/2026 20:05:57
Id           : 1
ProviderName : Microsoft-Windows-Sysmon
Message      : Process Create:
               RuleName: -
               UtcTime: 2026-06-09 18:05:57.890
               ProcessGuid: {6bc49a7d-5605-6a28-8828-000000009401}
               ProcessId: 10032
               Image: C:\Windows\System32\cmd.exe
               FileVersion: 10.0.19041.746 (WinBuild.160101.0800)
               Description: Windows Command Processor
               Product: Microsoft® Windows® Operating System
               Company: Microsoft Corporation
               OriginalFileName: Cmd.Exe
               CommandLine: "cmd.exe" /d /c powershell.exe -NoProfile -ExecutionPolicy Bypass -File "C:\Users\seguridad\Desktop\TFM\Pruebas\TEC-009_Exfiltracion\crear_directorio_dummy.ps1" 
               CurrentDirectory: C:\Windows\system32\
               User: LT29\seguridad
               LogonGuid: {6bc49a7d-4e8b-69fb-7a91-080000000000}
               LogonId: 0x8917A
               TerminalSessionId: 1
               IntegrityLevel: High
               Hashes: MD5=8A2122E8162DBEF04694B9C3E0B6CDEE,SHA256=B99D61D874728EDC0918CA0EB10EAB93D381E7367E377406E65963366C874450,IMPHASH=272245E2988E1E430500B852C4FB5E18
               ParentProcessGuid: {6bc49a7d-4b45-6a28-b426-000000009401}
               ParentProcessId: 2600
               ParentImage: C:\Windows\System32\WindowsPowerShell\v1.0\powershell.exe
               ParentCommandLine: "C:\Windows\System32\WindowsPowerShell\v1.0\powershell.exe" 
               ParentUser: LT29\seguridad

TimeCreated  : 09/06/2026 20:05:37
Id           : 3
ProviderName : Microsoft-Windows-Sysmon
Message      : Network connection detected:
               RuleName: -
               UtcTime: 2026-05-13 16:13:46.955
               ProcessGuid: {6bc49a7d-55a2-6a28-7a28-000000009401}
               ProcessId: 13588
               Image: C:\Windows\System32\WindowsPowerShell\v1.0\powershell.exe
               User: LT29\seguridad
               Protocol: tcp
               Initiated: true
               SourceIsIpv6: false
               SourceIp: 10.0.2.15
               SourceHostname: LT29.ait.us.es
               SourcePort: 62206
               SourcePortName: -
               DestinationIsIpv6: false
               DestinationIp: 104.20.23.154
               DestinationHostname: -
               DestinationPort: 80
               DestinationPortName: http

TimeCreated  : 09/06/2026 20:05:37
Id           : 22
ProviderName : Microsoft-Windows-Sysmon
Message      : Dns query:
               RuleName: -
               UtcTime: 2026-05-13 16:13:46.955
               ProcessGuid: {6bc49a7d-55a2-6a28-7a28-000000009401}
               ProcessId: 13588
               QueryName: example.com
               QueryStatus: 0
               QueryResults: 2606:4700:10::ac42:93f3;2606:4700:10::6814:179a;::ffff:104.20.23.154;::ffff:172.66.147.243;
               Image: C:\Windows\System32\WindowsPowerShell\v1.0\powershell.exe
               User: LT29\seguridad

TimeCreated  : 09/06/2026 20:04:49
Id           : 11
ProviderName : Microsoft-Windows-Sysmon
Message      : File created:
               RuleName: -
               UtcTime: 2026-06-09 18:04:49.768
               ProcessGuid: {6bc49a7d-55c1-6a28-8728-000000009401}
               ProcessId: 12584
               Image: C:\Windows\System32\WindowsPowerShell\v1.0\powershell.exe
               TargetFilename: C:\Program Files\Velociraptor\Tools\__PSScriptPolicyTest_uybhzgjo.qfb.ps1
               CreationUtcTime: 2026-06-09 18:04:49.768
               User: LT29\seguridad

TimeCreated  : 09/06/2026 20:04:49
Id           : 1
ProviderName : Microsoft-Windows-Sysmon
Message      : Process Create:
               RuleName: -
               UtcTime: 2026-06-09 18:04:49.693
               ProcessGuid: {6bc49a7d-55c1-6a28-8728-000000009401}
               ProcessId: 12584
               Image: C:\Windows\System32\WindowsPowerShell\v1.0\powershell.exe
               FileVersion: 10.0.19041.3393 (WinBuild.160101.0800)
               Description: Windows PowerShell
               Product: Microsoft® Windows® Operating System
               Company: Microsoft Corporation
               OriginalFileName: PowerShell.EXE
               CommandLine: powershell.exe -NoProfile -NonInteractive -ExecutionPolicy Bypass -Command "& { param([string]$p,[string]$b64) $json=[System.Text.Encoding]::UTF8.GetString([System.Convert]::FromBase64String($b64)); $compact=($json | ConvertFrom-Json | ConvertTo-Json -Compress -Depth 20); $d=Split-Path -Parent $p; if (!(Test-Path -LiteralPath $d)) { New-Item -ItemType Directory -Path $d -Force | Out-Null }; Add-Content -LiteralPath $p -Value $compact -Encoding UTF8 }" \\VBOXSVR\Carpeta_Compartida_TFM\inbox\alerts.jsonl ewogIlJvdXRlclRpbWUiOiAiMjAyNi0wNi0wOVQxODowNDo0OVoiLAogIkRldGVjdGlvblRpbWUiOiAxNzgxMDI4MTU4LjM3ODQ2NywKICJDbGllbnRJZCI6ICJDLjM2NDkwNzE3Mjc5M2Y4YzciLAogIkhvc3RuYW1lIjogIkxUMjkuYWl0LnVzLmVzIiwKICJDVV9JRCI6ICJDVS0wMDciLAogIklEX1RlY25pY2FfSW50ZXJuYSI6ICJURUMtMDA3IiwKICJNSVRSRV9JRCI6ICJUMTQ4NiIsCiAiTUlUUkVfVGFjdGljIjogIkltcGFjdCIsCiAiTUlUUkVfVGFjdGljX0NvbnRleHQiOiAiIiwKICJTaWduYWxUeXBlIjogIlBvd2VyU2hlbGwgNDEwNCIsCiAiQWxlcnROYW1lIjogIlBvc3NpYmxlIHJhbnNvbXdhcmUtbGlrZSBlbmNyeXB0aW9uIGJlaGF2aW9yIC0gYmVoYXZpb3JhbCBwcm9maWxlIHYzIiwKICJTZXZlcml0eSI6ICJDcml0aWNhbCIsCiAiUHJpb3JpdHkiOiAiUDEiLAogIkNvbmZpZGVuY2UiOiAiSGlnaCIsCiAiRGV0ZWN0aW9uU2NvcGUiOiAiUG93ZXJTaGVsbCBTY3JpcHQgQmxvY2sgTG9nZ2luZyIsCiAiT3V0cHV0VHlwZSI6ICJBbGVydGEgUlQgLyBEaXNjb3JkIHJlY29tZW5kYWRvIHNvbG8gdHJhcyB2YWxpZGFyIEpTT05MIiwKICJGUF9SaXNrIjogIkJham8vTWVkaW8iLAogIkNVX1JlYXNvbiI6ICJTdHJvbmcgUG93ZXJTaGVsbCBjcnlwdG8vZW5jcnlwdGlvbiBpbmRpY2F0b3JzIiwKICJDVV9FdmlkZW5jZSI6ICIjIFRGTSBjYW5kaWRhdGUgdjIgLSBDb250cm9sbGVkIEFFUyBlbmNyeXB0aW9uIHNpbXVsYXRvciBmb3IgVEVDLTAwNyB2YWxpZGF0aW9uLlxuIyBVc2VzIHBhcmFtZXRlcnMgYW5kICRQU1NjcmlwdFJvb3QgdG8gYXZvaWQgaGFyZC1jb2RlZCBtaXNtYXRjaCBiZXR3ZWVuXG4jIFJhbnNvbXdhcmUgYW5kIFRFQy0wMDdfUmFuc29td2FyZSBmb2xkZXJzLlxuIyBEZXRlY3Rpb24gbXVzdCBiZSBiYXNlZCBvbiBiZWhhdmlvcjogQUVTL0NyeXB0b1N0cmVhbS9DcmVhdGVFbmNyeXB0b3IvLmFlcy5cblxucGFyYW0oXG4gICAgW3N0cmluZ10kV29ya0RpciA9ICRQU1NjcmlwdFJvb3QsXG4gICAgW3N0cmluZ10kTGlzdEZpbGUgPSAoSm9pbi1QYXRoICRQU1NjcmlwdFJvb3QgXCJsaXN0YV9hcmNoaXZvcy5jc3ZcIiksXG4gICAgW3N0cmluZ10kUGFzc3dvcmRGaWxlID0gKEpvaW4tUGF0aCAkUFNTY3JpcHRSb290IFwicGFzc3dvcmQudHh0XCIpLFxuICAgIFtpbnRdJE1heEZpbGVzID0gMjVcbilcblxuU2V0LVN0cmljdE1vZGUgLVZlcnNpb24gTGF0ZXN0XG4kRXJyb3JBY3Rpb25QcmVmZXJlbmNlID0gXCJTdG9wXCJcblxuZnVuY3Rpb24gRW5jcnlwdC1GaWxlLUFFUyB7XG4gICAgcGFyYW0oXG4gICAgICAgIFtQYXJhbWV0ZXIoTWFuZGF0b3J5PSR0cnVlKV1bc3RyaW5nXSRJbnB1dEZpbGUsXG4gICAgICAgIFtQYXJhbWV0ZXIoTWFuZGF0b3J5PSR0cnVlKV1bc3RyaW5nXSRPdXRwdXRGaWxlLFxuICAgICAgICBbUGFyYW1ldGVyKE1hbmRhdG9yeT0kdHJ1ZSldW3N0cmluZ10kUGFzc3dvcmRcbiAgICApXG5cbiAgICAkYWVzID0gW1N5c3RlbS5TZWN1cml0eS5DcnlwdG9ncmFwaHkuQWVzXTo6Q3JlYXRlKClcbiAgICAkYWVzLktleSA9IFtTeXN0ZW0uU2VjdXJpdHkuQ3J5cHRvZ3JhcGh5LlNIQTI1Nl06OkNyZWF0ZSgpLkNvbXB1dGVIYXNoKFtUZXh0LkVuY29kaW5nXTo6VVRGOC5HZXRCeXRlcygkUGFzc3dvcmQpKVxuICAgICRhZXMuR2VuZXJhdGVJVigpXG5cbiAgICAkaW5TdHJlYW0gPSBbSU8uRmlsZV06Ok9wZW5SZWFkKCRJbnB1dEZpbGUpXG4gICAgJG91dFN0cmVhbSA9IFtJTy5GaWxlXTo6Q3JlYXRlKCRPdXRwdXRGaWxlKVxuICAgICRjcnlwdG8gPSAkbnVsbFxuXG4gICAgdHJ5IHtcbiAgICAgICAgJG91dFN0cmVhbS5Xcml0ZSgkYWVzLklWLCAwLCAkYWVzLklWLkxlbmd0aClcbiAgICAgICAgJGNyeXB0byA9IE5ldy1PYmplY3QgU3lzdGVtLlNlY3VyaXR5LkNyeXB0b2dyYXBoeS5DcnlwdG9TdHJlYW0oJG91dFN0cmVhbSwgJGFlcy5DcmVhdGVFbmNyeXB0b3IoKSwgJ1dyaXRlJylcbiAgICAgICAgJGluU3RyZWFtLkNvcHlUbygkY3J5cHRvKVxuICAgICAgICAkY3J5cHRvLkZsdXNoRmluYWxCbG9jaygpXG4gICAgfVxuICAgIGZpbmFsbHkge1xuICAgICAgICBpZiAoJG51bGwgLW5lICRjcnlwdG8pIHsgJGNyeXB0by5EaXNwb3NlKCkgfVxuICAgICAgICAkaW5TdHJlYW0uRGlzcG9zZSgpXG4gICAgICAgICRvdXRTdHJlYW0uRGlzcG9zZSgpXG4gICAgICAgICRhZXMuRGlzcG9zZSgpXG4gICAgfVxufVxuXG5pZiAoLW5vdCAoVGVzdC1QYXRoIC1MaXRlcmFsUGF0aCAkV29ya0RpcikpIHtcbiAgICB0aHJvdyBcIldvcmtEaXIgZG9lcyBub3QgZXhpc3Q6ICRXb3JrRGlyXCJcbn1cblxuaWYgKC1ub3QgKFRlc3QtUGF0aCAtTGl0ZXJhbFBhdGggJExpc3RGaWxlKSkge1xuICAgIHRocm93IFwiTGlzdEZpbGUgZG9lcyBub3QgZXhpc3Q6ICRMaXN0RmlsZVwiXG59XG5cbmlmICgtbm90IChUZXN0LVBhdGggLUxpdGVyYWxQYXRoICRQYXNzd29yZEZpbGUpKSB7XG4gICAgdGhyb3cgXCJQYXNzd29yZEZpbGUgZG9lcyBub3QgZXhpc3Q6ICRQYXNzd29yZEZpbGVcIlxufVxuXG4kcGFzc3dvcmQgPSAoR2V0LUNvbnRlbnQgLUxpdGVyYWxQYXRoICRQ
               YXNzd29yZEZpbGUgLVJhdykuVHJpbSgpXG5pZiAoW3N0cmluZ106OklzTnVsbE9yV2hpdGVTcGFjZSgkcGFzc3dvcmQpKSB7XG4gICAgdGhyb3cgXCJQYXNzd29yZEZpbGUgaXMgZW1wdHkuXCJcbn1cblxuJGJhY2t1cEZvbGRlciA9IEpvaW4tUGF0aCAkV29ya0RpciBcImJhY2t1cHNcIlxuaWYgKC1ub3QgKFRlc3QtUGF0aCAtTGl0ZXJhbFBhdGggJGJhY2t1cEZvbGRlcikpIHtcbiAgICBOZXctSXRlbSAtUGF0aCAkYmFja3VwRm9sZGVyIC1JdGVtVHlwZSBEaXJlY3RvcnkgLUZvcmNlIHwgT3V0LU51bGxcbn1cblxuJHRlc3RGaWxlcyA9IEltcG9ydC1Dc3YgLUxpdGVyYWxQYXRoICRMaXN0RmlsZSB8IFdoZXJlLU9iamVjdCB7XG4gICAgJF8uRnVsbE5hbWUgLWFuZCAoVGVzdC1QYXRoIC1MaXRlcmFsUGF0aCAkXy5GdWxsTmFtZSlcbn0gfCBTZWxlY3QtT2JqZWN0IC1GaXJzdCAkTWF4RmlsZXNcblxuaWYgKC1ub3QgJHRlc3RGaWxlcyAtb3IgJHRlc3RGaWxlcy5Db3VudCAtbHQgMSkge1xuICAgIHRocm93IFwiTm8gdmFsaWQgZmlsZXMgZm91bmQgaW4gQ1NWIGZvciBjb250cm9sbGVkIGVuY3J5cHRpb24uXCJcbn1cblxuJGVuY3J5cHRlZENvdW50ID0gMFxuXG5mb3JlYWNoICgkZmlsZSBpbiAkdGVzdEZpbGVzKSB7XG4gICAgJGlucHV0UGF0aCA9ICRmaWxlLkZ1bGxOYW1lXG4gICAgJHNhZmVOYW1lID0gW0lPLlBhdGhdOjpHZXRGaWxlTmFtZSgkaW5wdXRQYXRoKVxuICAgICRiYWNrdXBQYXRoID0gSm9pbi1QYXRoICRiYWNrdXBGb2xkZXIgKCRzYWZlTmFtZSArIFwiLm9yaWdpbmFsXCIpXG4gICAgJHRlbXBFbmNyeXB0ZWQgPSBKb2luLVBhdGggJFdvcmtEaXIgKFwidGVtcF9cIiArIFtJTy5QYXRoXTo6R2V0RmlsZU5hbWVXaXRob3V0RXh0ZW5zaW9uKCRzYWZlTmFtZSkgKyBcIi5hZXNcIilcbiAgICAkZmluYWxFbmNyeXB0ZWQgPSBbSU8uUGF0aF06OkNoYW5nZUV4dGVuc2lvbigkaW5wdXRQYXRoLCBcIi5hZXNcIilcblxuICAgIENvcHktSXRlbSAtTGl0ZXJhbFBhdGggJGlucHV0UGF0aCAtRGVzdGluYXRpb24gJGJhY2t1cFBhdGggLUZvcmNlXG4gICAgRW5jcnlwdC1GaWxlLUFFUyAtSW5wdXRGaWxlICRiYWNrdXBQYXRoIC1PdXRwdXRGaWxlICR0ZW1wRW5jcnlwdGVkIC1QYXNzd29yZCAkcGFzc3dvcmRcblxuICAgIGlmICgtbm90IChUZXN0LVBhdGggLUxpdGVyYWxQYXRoICR0ZW1wRW5jcnlwdGVkKSkge1xuICAgICAgICB0aHJvdyBcIkVuY3J5cHRlZCB0ZW1wIGZpbGUgd2FzIG5vdCBjcmVhdGVkOiAkdGVtcEVuY3J5cHRlZFwiXG4gICAgfVxuXG4gICAgUmVtb3ZlLUl0ZW0gLUxpdGVyYWxQYXRoICRpbnB1dFBhdGggLUZvcmNlXG4gICAgTW92ZS1JdGVtIC1MaXRlcmFsUGF0aCAkdGVtcEVuY3J5cHRlZCAtRGVzdGluYXRpb24gJGZpbmFsRW5jcnlwdGVkIC1Gb3JjZVxuXG4gICAgaWYgKFRlc3QtUGF0aCAtTGl0ZXJhbFBhdGggJGZpbmFsRW5jcnlwdGVkKSB7XG4gICAgICAgICRlbmNyeXB0ZWRDb3VudCsrXG4gICAgfVxufVxuXG5pZiAoJGVuY3J5cHRlZENvdW50IC1sdCAxKSB7XG4gICAgdGhyb3cgXCJObyAuYWVzIGZpbGVzIHdlcmUgZ2VuZXJhdGVkLlwiXG59XG5cbldyaXRlLUhvc3QgXCJDb250cm9sbGVkIGVuY3J5cHRpb24gY29tcGxldGVkLlwiXG5Xcml0ZS1Ib3N0IFwiRW5jcnlwdGVkIGZpbGVzOiAkZW5jcnlwdGVkQ291bnRcIlxuV3JpdGUtSG9zdCBcIlZhbGlkYXRpb246IC5hZXMgZmlsZXMgZ2VuZXJhdGVkIGJlZm9yZSByZXN0b3JlLlwiXG4iLAogIkV2ZW50SUQiOiA0MTA0LAogIkNoYW5uZWwiOiAiTWljcm9zb2Z0LVdpbmRvd3MtUG93ZXJTaGVsbC9PcGVyYXRpb25hbCIsCiAiUHJvdmlkZXIiOiAiTWljcm9zb2Z0LVdpbmRvd3MtUG93ZXJTaGVsbCIsCiAiSW1hZ2UiOiAicG93ZXJzaGVsbC5leGUiLAogIkNvbW1hbmRMaW5lIjogIiMgVEZNIGNhbmRpZGF0ZSB2MiAtIENvbnRyb2xsZWQgQUVTIGVuY3J5cHRpb24gc2ltdWxhdG9yIGZvciBURUMtMDA3IHZhbGlkYXRpb24uXG4jIFVzZXMgcGFyYW1ldGVycyBhbmQgJFBTU2NyaXB0Um9vdCB0byBhdm9pZCBoYXJkLWNvZGVkIG1pc21hdGNoIGJldHdlZW5cbiMgUmFuc29td2FyZSBhbmQgVEVDLTAwN19SYW5zb213YXJlIGZvbGRlcnMuXG4jIERldGVjdGlvbiBtdXN0IGJlIGJhc2VkIG9uIGJlaGF2aW9yOiBBRVMvQ3J5cHRvU3RyZWFtL0NyZWF0ZUVuY3J5cHRvci8uYWVzLlxuXG5wYXJhbShcbiAgICBbc3RyaW5nXSRXb3JrRGlyID0gJFBTU2NyaXB0Um9vdCxcbiAgICBbc3RyaW5nXSRMaXN0RmlsZSA9IChKb2luLVBhdGggJFBTU2NyaXB0Um9vdCBcImxpc3RhX2FyY2hpdm9zLmNzdlwiKSxcbiAgICBbc3RyaW5nXSRQYXNzd29yZEZpbGUgPSAoSm9pbi1QYXRoICRQU1NjcmlwdFJvb3QgXCJwYXNzd29yZC50eHRcIiksXG4gICAgW2ludF0kTWF4RmlsZXMgPSAyNVxuKVxuXG5TZXQtU3RyaWN0TW9kZSAtVmVyc2lvbiBMYXRlc3RcbiRFcnJvckFjdGlvblByZWZlcmVuY2UgPSBcIlN0b3BcIlxuXG5mdW5jdGlvbiBFbmNyeXB0LUZpbGUtQUVTIHtcbiAgICBwYXJhbShcbiAgICAgICAgW1BhcmFtZXRlcihNYW5kYXRvcnk9JHRydWUpXVtzdHJpbmddJElucHV0RmlsZSxcbiAgICAgICAgW1BhcmFtZXRlcihNYW5kYXRvcnk9JHRydWUpXVtzdHJpbmddJE91dHB1dEZpbGUsXG4gICAgICAgIFtQYXJhbWV0ZXIoTWFuZGF0b3J5PSR0cnVlKV1bc3RyaW5nXSRQYXNzd29yZFxuICAgIClcblxuICAgICRhZXMgPSBbU3lzdGVtLlNlY3VyaXR5LkNyeXB0b2dyYXBoeS5BZXNdOjpDcmVhdGUoKVxuICAgICRhZXMuS2V5ID0gW1N5c3RlbS5TZWN1cml0eS5DcnlwdG9ncmFwaHkuU0hBMjU2XTo6Q3JlYXRlKCkuQ29tcHV0ZUhhc2goW1RleHQuRW5jb2RpbmddOjpVVEY4LkdldEJ5dGVzKCRQYXNzd29yZCkpXG4gICAgJGFlcy5HZW5lcmF0ZUlWKClcblxuICAgICRpblN0cmVhbSA9IFtJTy5GaWxlXTo6T3BlblJlYWQoJElucHV0RmlsZSlcbiAgICAkb3V0U3RyZWFtID0gW0lPLkZpbGVdO
               jpDcmVhdGUoJE91dHB1dEZpbGUpXG4gICAgJGNyeXB0byA9ICRudWxsXG5cbiAgICB0cnkge1xuICAgICAgICAkb3V0U3RyZWFtLldyaXRlKCRhZXMuSVYsIDAsICRhZXMuSVYuTGVuZ3RoKVxuICAgICAgICAkY3J5cHRvID0gTmV3LU9iamVjdCBTeXN0ZW0uU2VjdXJpdHkuQ3J5cHRvZ3JhcGh5LkNyeXB0b1N0cmVhbSgkb3V0U3RyZWFtLCAkYWVzLkNyZWF0ZUVuY3J5cHRvcigpLCAnV3JpdGUnKVxuICAgICAgICAkaW5TdHJlYW0uQ29weVRvKCRjcnlwdG8pXG4gICAgICAgICRjcnlwdG8uRmx1c2hGaW5hbEJsb2NrKClcbiAgICB9XG4gICAgZmluYWxseSB7XG4gICAgICAgIGlmICgkbnVsbCAtbmUgJGNyeXB0bykgeyAkY3J5cHRvLkRpc3Bvc2UoKSB9XG4gICAgICAgICRpblN0cmVhbS5EaXNwb3NlKClcbiAgICAgICAgJG91dFN0cmVhbS5EaXNwb3NlKClcbiAgICAgICAgJGFlcy5EaXNwb3NlKClcbiAgICB9XG59XG5cbmlmICgtbm90IChUZXN0LVBhdGggLUxpdGVyYWxQYXRoICRXb3JrRGlyKSkge1xuICAgIHRocm93IFwiV29ya0RpciBkb2VzIG5vdCBleGlzdDogJFdvcmtEaXJcIlxufVxuXG5pZiAoLW5vdCAoVGVzdC1QYXRoIC1MaXRlcmFsUGF0aCAkTGlzdEZpbGUpKSB7XG4gICAgdGhyb3cgXCJMaXN0RmlsZSBkb2VzIG5vdCBleGlzdDogJExpc3RGaWxlXCJcbn1cblxuaWYgKC1ub3QgKFRlc3QtUGF0aCAtTGl0ZXJhbFBhdGggJFBhc3N3b3JkRmlsZSkpIHtcbiAgICB0aHJvdyBcIlBhc3N3b3JkRmlsZSBkb2VzIG5vdCBleGlzdDogJFBhc3N3b3JkRmlsZVwiXG59XG5cbiRwYXNzd29yZCA9IChHZXQtQ29udGVudCAtTGl0ZXJhbFBhdGggJFBhc3N3b3JkRmlsZSAtUmF3KS5UcmltKClcbmlmIChbc3RyaW5nXTo6SXNOdWxsT3JXaGl0ZVNwYWNlKCRwYXNzd29yZCkpIHtcbiAgICB0aHJvdyBcIlBhc3N3b3JkRmlsZSBpcyBlbXB0eS5cIlxufVxuXG4kYmFja3VwRm9sZGVyID0gSm9pbi1QYXRoICRXb3JrRGlyIFwiYmFja3Vwc1wiXG5pZiAoLW5vdCAoVGVzdC1QYXRoIC1MaXRlcmFsUGF0aCAkYmFja3VwRm9sZGVyKSkge1xuICAgIE5ldy1JdGVtIC1QYXRoICRiYWNrdXBGb2xkZXIgLUl0ZW1UeXBlIERpcmVjdG9yeSAtRm9yY2UgfCBPdXQtTnVsbFxufVxuXG4kdGVzdEZpbGVzID0gSW1wb3J0LUNzdiAtTGl0ZXJhbFBhdGggJExpc3RGaWxlIHwgV2hlcmUtT2JqZWN0IHtcbiAgICAkXy5GdWxsTmFtZSAtYW5kIChUZXN0LVBhdGggLUxpdGVyYWxQYXRoICRfLkZ1bGxOYW1lKVxufSB8IFNlbGVjdC1PYmplY3QgLUZpcnN0ICRNYXhGaWxlc1xuXG5pZiAoLW5vdCAkdGVzdEZpbGVzIC1vciAkdGVzdEZpbGVzLkNvdW50IC1sdCAxKSB7XG4gICAgdGhyb3cgXCJObyB2YWxpZCBmaWxlcyBmb3VuZCBpbiBDU1YgZm9yIGNvbnRyb2xsZWQgZW5jcnlwdGlvbi5cIlxufVxuXG4kZW5jcnlwdGVkQ291bnQgPSAwXG5cbmZvcmVhY2ggKCRmaWxlIGluICR0ZXN0RmlsZXMpIHtcbiAgICAkaW5wdXRQYXRoID0gJGZpbGUuRnVsbE5hbWVcbiAgICAkc2FmZU5hbWUgPSBbSU8uUGF0aF06OkdldEZpbGVOYW1lKCRpbnB1dFBhdGgpXG4gICAgJGJhY2t1cFBhdGggPSBKb2luLVBhdGggJGJhY2t1cEZvbGRlciAoJHNhZmVOYW1lICsgXCIub3JpZ2luYWxcIilcbiAgICAkdGVtcEVuY3J5cHRlZCA9IEpvaW4tUGF0aCAkV29ya0RpciAoXCJ0ZW1wX1wiICsgW0lPLlBhdGhdOjpHZXRGaWxlTmFtZVdpdGhvdXRFeHRlbnNpb24oJHNhZmVOYW1lKSArIFwiLmFlc1wiKVxuICAgICRmaW5hbEVuY3J5cHRlZCA9IFtJTy5QYXRoXTo6Q2hhbmdlRXh0ZW5zaW9uKCRpbnB1dFBhdGgsIFwiLmFlc1wiKVxuXG4gICAgQ29weS1JdGVtIC1MaXRlcmFsUGF0aCAkaW5wdXRQYXRoIC1EZXN0aW5hdGlvbiAkYmFja3VwUGF0aCAtRm9yY2VcbiAgICBFbmNyeXB0LUZpbGUtQUVTIC1JbnB1dEZpbGUgJGJhY2t1cFBhdGggLU91dHB1dEZpbGUgJHRlbXBFbmNyeXB0ZWQgLVBhc3N3b3JkICRwYXNzd29yZFxuXG4gICAgaWYgKC1ub3QgKFRlc3QtUGF0aCAtTGl0ZXJhbFBhdGggJHRlbXBFbmNyeXB0ZWQpKSB7XG4gICAgICAgIHRocm93IFwiRW5jcnlwdGVkIHRlbXAgZmlsZSB3YXMgbm90IGNyZWF0ZWQ6ICR0ZW1wRW5jcnlwdGVkXCJcbiAgICB9XG5cbiAgICBSZW1vdmUtSXRlbSAtTGl0ZXJhbFBhdGggJGlucHV0UGF0aCAtRm9yY2VcbiAgICBNb3ZlLUl0ZW0gLUxpdGVyYWxQYXRoICR0ZW1wRW5jcnlwdGVkIC1EZXN0aW5hdGlvbiAkZmluYWxFbmNyeXB0ZWQgLUZvcmNlXG5cbiAgICBpZiAoVGVzdC1QYXRoIC1MaXRlcmFsUGF0aCAkZmluYWxFbmNyeXB0ZWQpIHtcbiAgICAgICAgJGVuY3J5cHRlZENvdW50KytcbiAgICB9XG59XG5cbmlmICgkZW5jcnlwdGVkQ291bnQgLWx0IDEpIHtcbiAgICB0aHJvdyBcIk5vIC5hZXMgZmlsZXMgd2VyZSBnZW5lcmF0ZWQuXCJcbn1cblxuV3JpdGUtSG9zdCBcIkNvbnRyb2xsZWQgZW5jcnlwdGlvbiBjb21wbGV0ZWQuXCJcbldyaXRlLUhvc3QgXCJFbmNyeXB0ZWQgZmlsZXM6ICRlbmNyeXB0ZWRDb3VudFwiXG5Xcml0ZS1Ib3N0IFwiVmFsaWRhdGlvbjogLmFlcyBmaWxlcyBnZW5lcmF0ZWQgYmVmb3JlIHJlc3RvcmUuXCJcbiIsCiAiUGFyZW50SW1hZ2UiOiAiIiwKICJQYXJlbnRDb21tYW5kTGluZSI6ICIiLAogIlVzZXIiOiBudWxsLAogIlRhcmdldEZpbGVuYW1lIjogIiIsCiAiRGV0ZWN0aW9uTG9naWMiOiAiNDEwNCArIHN0cm9uZyBjcnlwdG8gcmVnZXg7IHByaW9yaXR5IG92ZXIgQ1UtMDA4L0NVLTAwOSB3aGVuIGNyeXB0byBpcyBwcmVzZW50IiwKICJGYWxzZVBvc2l0aXZlUmVkdWN0aW9uIjogIk1heSBtYXRjaCBsZWdpdGltYXRlIGVuY3J5cHRpb24gdG9vbHM7IG5vIHNjcmlwdC1uYW1lIG9yIGxhYi1wYXRoIGRlcGVuZGVuY3kiLAogIkJlbmNobWFya1NjZW5hcmlvIjogIkI2IiwKICJBcnRpZmFjdFByb2ZpbGUiOiAiUDMgTWVkaXVtIEJlaGF2aW9yYWwgdjMiLAogIlJvdXRlclByb2ZpbGUiOiAiUDMiLAogIlNvdXJjZUFydGlmYWN0IjogIk
               N1c3RvbS5URk0uSElEUy5QMy5NZWRpdW0uQmVoYXZpb3JhbF92My9DVTAwN19Tb3VyY2VfVEVDMDA3X1JhbnNvbXdhcmVfQmVoYXZpb3JhbCIsCiAiUm91dGVyQXJ0aWZhY3QiOiAiQ3VzdG9tLlRGTS5ISURTLlJvdXRlci5KU09OTC5EaXNjb3JkLkZpbmFsX3YzX2ZpeDMiCn0=
               CurrentDirectory: C:\Users\seguridad\Desktop\TFM\Velociraptor\
               User: LT29\seguridad
               LogonGuid: {6bc49a7d-4e8b-69fb-7a91-080000000000}
               LogonId: 0x8917A
               TerminalSessionId: 1
               IntegrityLevel: High
               Hashes: MD5=DFD66604CA0898E8E26DF7B1635B6326,SHA256=D23B67799A0DA0143E395BA5DB906A22AB08FAC4BD5581E275B1E0F1B3FAC55C,IMPHASH=88CB9A420410BDA787E305B65518A934
               ParentProcessGuid: {00000000-0000-0000-0000-000000000000}
               ParentProcessId: 8852
               ParentImage: C:\Users\seguridad\Desktop\TFM\Velociraptor\velociraptor-v0.75.6-windows-amd64.exe
               ParentCommandLine: "C:\Users\seguridad\Desktop\TFM\Velociraptor\velociraptor-v0.75.6-windows-amd64.exe"  --config server.config.yaml gui
               ParentUser: -

TimeCreated  : 09/06/2026 20:04:23
Id           : 11
ProviderName : Microsoft-Windows-Sysmon
Message      : File created:
               RuleName: -
               UtcTime: 2026-06-09 18:04:23.467
               ProcessGuid: {6bc49a7d-55a7-6a28-8528-000000009401}
               ProcessId: 5720
               Image: C:\Windows\System32\WindowsPowerShell\v1.0\powershell.exe
               TargetFilename: C:\Program Files\Velociraptor\Tools\__PSScriptPolicyTest_p0v2qnlg.g0h.ps1
               CreationUtcTime: 2026-06-09 18:04:23.467
               User: LT29\seguridad

TimeCreated  : 09/06/2026 20:04:23
Id           : 1
ProviderName : Microsoft-Windows-Sysmon
Message      : Process Create:
               RuleName: -
               UtcTime: 2026-06-09 18:04:23.386
               ProcessGuid: {6bc49a7d-55a7-6a28-8528-000000009401}
               ProcessId: 5720
               Image: C:\Windows\System32\WindowsPowerShell\v1.0\powershell.exe
               FileVersion: 10.0.19041.3393 (WinBuild.160101.0800)
               Description: Windows PowerShell
               Product: Microsoft® Windows® Operating System
               Company: Microsoft Corporation
               OriginalFileName: PowerShell.EXE
               CommandLine: powershell.exe -NoProfile -NonInteractive -ExecutionPolicy Bypass -Command "& { param([string]$p,[string]$b64) $json=[System.Text.Encoding]::UTF8.GetString([System.Convert]::FromBase64String($b64)); $compact=($json | ConvertFrom-Json | ConvertTo-Json -Compress -Depth 20); $d=Split-Path -Parent $p; if (!(Test-Path -LiteralPath $d)) { New-Item -ItemType Directory -Path $d -Force | Out-Null }; Add-Content -LiteralPath $p -Value $compact -Encoding UTF8 }" \\VBOXSVR\Carpeta_Compartida_TFM\inbox\alerts.jsonl ewogIlJvdXRlclRpbWUiOiAiMjAyNi0wNi0wOVQxODowNDoyMloiLAogIkRldGVjdGlvblRpbWUiOiAxNzgxMDI4MTg3LjQ2OTQyODgsCiAiQ2xpZW50SWQiOiAiQy4zNjQ5MDcxNzI3OTNmOGM3IiwKICJIb3N0bmFtZSI6ICJMVDI5LmFpdC51cy5lcyIsCiAiQ1VfSUQiOiAiQ1UtMDAyIiwKICJJRF9UZWNuaWNhX0ludGVybmEiOiAiVEVDLTAwMiIsCiAiTUlUUkVfSUQiOiAiVDEwNTkuMDAzIiwKICJNSVRSRV9UYWN0aWMiOiAiRXhlY3V0aW9uIiwKICJNSVRSRV9UYWN0aWNfQ29udGV4dCI6ICIiLAogIlNpZ25hbFR5cGUiOiAiUHJvY2Vzc0NyZWF0aW9uIiwKICJBbGVydE5hbWUiOiAiV2luZG93cyBDb21tYW5kIFNoZWxsIHN1c3BpY2lvdXMgZXhlY3V0aW9uIC0gYmFzaWMgcHJvZmlsZSB2MiIsCiAiU2V2ZXJpdHkiOiAiTWVkaXVtIiwKICJQcmlvcml0eSI6ICJQMyIsCiAiQ29uZmlkZW5jZSI6ICJNZWRpdW0iLAogIkRldGVjdGlvblNjb3BlIjogIkhvc3QtYmFzZWQgcHJvY2VzcyBjcmVhdGlvbiIsCiAiT3V0cHV0VHlwZSI6ICJEZXRlY2Npb24gLyBBbGVydGEgUlQgc2kgc2UgZW5ydXRhIiwKICJGUF9SaXNrIjogIk1lZGlvIiwKICJDVV9SZWFzb24iOiAiY21kLmV4ZSB3aXRoIGNoYWluaW5nLCBQb3dlclNoZWxsIG9yIGFkbWluaXN0cmF0aXZlIHRvb2wgdXNhZ2UiLAogIkNVX0V2aWRlbmNlIjogIlwiY21kLmV4ZVwiIC9kIC9jIHBvd2Vyc2hlbGwuZXhlIC1Ob1Byb2ZpbGUgLUV4ZWN1dGlvblBvbGljeSBCeXBhc3MgLUNvbW1hbmQgXCIkdGFyZ2V0ID0gJ0M6XFxVc2Vyc1xcc2VndXJpZGFkXFxEZXNrdG9wXFxURk1cXFBydWViYXNcXERVTUJfTEFCJzsgV3JpdGUtSG9zdCAnVEVDMDA4X09LJzsgR2V0LUNoaWxkSXRlbSAkdGFyZ2V0IC1SZWN1cnNlIC1GaWxlIHwgRm9yRWFjaC1PYmplY3QgeyBSZW1vdmUtSXRlbSAkXy5GdWxsTmFtZSAtRm9yY2UgfTsgU3RhcnQtU2xlZXAgM1wiIiwKICJFdmVudElEIjogMSwKICJDaGFubmVsIjogIk1pY3Jvc29mdC1XaW5kb3dzLVN5c21vbi9PcGVyYXRpb25hbCIsCiAiUHJvdmlkZXIiOiAiTWljcm9zb2Z0LVdpbmRvd3MtU3lzbW9uIiwKICJJbWFnZSI6ICJDOlxcV2luZG93c1xcU3lzdGVtMzJcXGNtZC5leGUiLAogIkNvbW1hbmRMaW5lIjogIlwiY21kLmV4ZVwiIC9kIC9jIHBvd2Vyc2hlbGwuZXhlIC1Ob1Byb2ZpbGUgLUV4ZWN1dGlvblBvbGljeSBCeXBhc3MgLUNvbW1hbmQgXCIkdGFyZ2V0ID0gJ0M6XFxVc2Vyc1xcc2VndXJpZGFkXFxEZXNrdG9wXFxURk1cXFBydWViYXNcXERVTUJfTEFCJzsgV3JpdGUtSG9zdCAnVEVDMDA4X09LJzsgR2V0LUNoaWxkSXRlbSAkdGFyZ2V0IC1SZWN1cnNlIC1GaWxlIHwgRm9yRWFjaC1PYmplY3QgeyBSZW1vdmUtSXRlbSAkXy5GdWxsTmFtZSAtRm9yY2UgfTsgU3RhcnQtU2xlZXAgM1wiIiwKICJQYXJlbnRJbWFnZSI6ICJDOlxcV2luZG93c1xcU3lzdGVtMzJcXFdpbmRvd3NQb3dlclNoZWxsXFx2MS4wXFxwb3dlcnNoZWxsLmV4ZSIsCiAiUGFyZW50Q29tbWFuZExpbmUiOiAiXCJDOlxcV2luZG93c1xcU3lzdGVtMzJcXFdpbmRvd3NQb3dlclNoZWxsXFx2MS4wXFxwb3dlcnNoZWxsLmV4ZVwiICIsCiAiVXNlciI6ICJMVDI5XFxzZWd1cmlkYWQiLAogIlRhcmdldEZpbGVuYW1lIjogIiIsCiAiRGV0ZWN0aW9uTG9naWMiOiAiU3lzbW9uIElEIDEgKyBjbWQuZXhlICsgY2hhaW5pbmcvZHVhbC11c2UgcmVnZXg7IGJvdW5kZWQgTmF0aXZlIE1lc3NhZ2luZyBGUCBleGNsdXNpb24iLAogIkZhbHNlUG9zaXRpdmVSZWR1Y3Rpb24iOiAiRG9lcyBub3QgZXhjbHVkZSBjbWQuZXhlIGdsb2JhbGx5OyBvbmx5IGNocm9tZS5leGUgcGFyZW50IHBsdXMgQWRvYmUvQ2hyb21lIE5hdGl2ZSBNZXNzYWdpbmcgY29tbWFuZC1saW5lIHBhdHRlcm4iLAogIkJlbmNobWFya1NjZW5hcmlvIjogIkI1IiwKICJBcnRpZmFjdFByb2ZpbGUiOiAiUDQgTG93IEJhc2ljIHYyIiwKICJSb3V0ZXJQcm9maWxlIjogIlA0IiwKICJTb3VyY2VBcnRpZmFjdCI6ICJDdXN0b20uVEZNLkhJRFMuUDQuTG93LkJhc2ljX3YyL0NVMDAyX1NvdXJjZV9URUMwMDJfQ01EX0Jhc2ljIiwKICJSb3V0ZXJBcnRpZmFjdCI6ICJDdXN0b20uVEZNLkhJRFMuUm91dGVyLkpTT05MLkRpc2NvcmQuRmluYWxfdjNfZml4MyIKfQ==
               CurrentDirectory: C:\Users\seguridad\Desktop\TFM\Velociraptor\
               User: LT29\seguridad
               LogonGuid: {6bc49a7d-4e8b-69fb-7a91-080000000000}
               LogonId: 0x8917A
               TerminalSessionId: 1
               IntegrityLevel: High
               Hashes: MD5=DFD66604CA0898E8E26DF7B1635B6326,SHA256=D23B67799A0DA0143E395BA5DB906A22AB08FAC4BD5581E275B1E0F1B3FAC55C,IMPHASH=88CB9A420410BDA787E305B65518A934
               ParentProcessGuid: {6bc49a7d-f41d-6a26-f11e-000000009401}
               ParentProcessId: 8852
               ParentImage: C:\Users\seguridad\Desktop\TFM\Velociraptor\velociraptor-v0.75.6-windows-amd64.exe
               ParentCommandLine: "C:\Users\seguridad\Desktop\TFM\Velociraptor\velociraptor-v0.75.6-windows-amd64.exe"  --config server.config.yaml gui
               ParentUser: LT29\seguridad

TimeCreated  : 09/06/2026 20:04:23
Id           : 11
ProviderName : Microsoft-Windows-Sysmon
Message      : File created:
               RuleName: -
               UtcTime: 2026-06-09 18:04:23.011
               ProcessGuid: {6bc49a7d-55a6-6a28-8428-000000009401}
               ProcessId: 6992
               Image: C:\Windows\System32\WindowsPowerShell\v1.0\powershell.exe
               TargetFilename: C:\Program Files\Velociraptor\Tools\__PSScriptPolicyTest_hflixro4.pu2.ps1
               CreationUtcTime: 2026-06-09 18:04:23.011
               User: LT29\seguridad

TimeCreated  : 09/06/2026 20:04:22
Id           : 1
ProviderName : Microsoft-Windows-Sysmon
Message      : Process Create:
               RuleName: -
               UtcTime: 2026-06-09 18:04:22.886
               ProcessGuid: {6bc49a7d-55a6-6a28-8428-000000009401}
               ProcessId: 6992
               Image: C:\Windows\System32\WindowsPowerShell\v1.0\powershell.exe
               FileVersion: 10.0.19041.3393 (WinBuild.160101.0800)
               Description: Windows PowerShell
               Product: Microsoft® Windows® Operating System
               Company: Microsoft Corporation
               OriginalFileName: PowerShell.EXE
               CommandLine: powershell.exe -NoProfile -NonInteractive -ExecutionPolicy Bypass -Command "& { param([string]$p,[string]$b64) $json=[System.Text.Encoding]::UTF8.GetString([System.Convert]::FromBase64String($b64)); $compact=($json | ConvertFrom-Json | ConvertTo-Json -Compress -Depth 20); $d=Split-Path -Parent $p; if (!(Test-Path -LiteralPath $d)) { New-Item -ItemType Directory -Path $d -Force | Out-Null }; Add-Content -LiteralPath $p -Value $compact -Encoding UTF8 }" \\VBOXSVR\Carpeta_Compartida_TFM\inbox\alerts.jsonl ewogIlJvdXRlclRpbWUiOiAiMjAyNi0wNi0wOVQxODowNDoyMVoiLAogIkRldGVjdGlvblRpbWUiOiAxNzgxMDI4MTgwLjU3NzkxODMsCiAiQ2xpZW50SWQiOiAiQy4zNjQ5MDcxNzI3OTNmOGM3IiwKICJIb3N0bmFtZSI6ICJMVDI5LmFpdC51cy5lcyIsCiAiQ1VfSUQiOiAiQ1UtMDAyIiwKICJJRF9UZWNuaWNhX0ludGVybmEiOiAiVEVDLTAwMiIsCiAiTUlUUkVfSUQiOiAiVDEwNTkuMDAzIiwKICJNSVRSRV9UYWN0aWMiOiAiRXhlY3V0aW9uIiwKICJNSVRSRV9UYWN0aWNfQ29udGV4dCI6ICIiLAogIlNpZ25hbFR5cGUiOiAiUHJvY2Vzc0NyZWF0aW9uIiwKICJBbGVydE5hbWUiOiAiV2luZG93cyBDb21tYW5kIFNoZWxsIHN1c3BpY2lvdXMgZXhlY3V0aW9uIC0gYmFzaWMgcHJvZmlsZSB2MiIsCiAiU2V2ZXJpdHkiOiAiTWVkaXVtIiwKICJQcmlvcml0eSI6ICJQMyIsCiAiQ29uZmlkZW5jZSI6ICJNZWRpdW0iLAogIkRldGVjdGlvblNjb3BlIjogIkhvc3QtYmFzZWQgcHJvY2VzcyBjcmVhdGlvbiIsCiAiT3V0cHV0VHlwZSI6ICJEZXRlY2Npb24gLyBBbGVydGEgUlQgc2kgc2UgZW5ydXRhIiwKICJGUF9SaXNrIjogIk1lZGlvIiwKICJDVV9SZWFzb24iOiAiY21kLmV4ZSB3aXRoIGNoYWluaW5nLCBQb3dlclNoZWxsIG9yIGFkbWluaXN0cmF0aXZlIHRvb2wgdXNhZ2UiLAogIkNVX0V2aWRlbmNlIjogIlwiY21kLmV4ZVwiIC9kIC9jIHBvd2Vyc2hlbGwuZXhlIC1Ob1Byb2ZpbGUgLUV4ZWN1dGlvblBvbGljeSBCeXBhc3MgLUZpbGUgXCJDOlxcVXNlcnNcXHNlZ3VyaWRhZFxcRGVza3RvcFxcVEZNXFxQcnVlYmFzXFxURUMtMDA4X1NhYm90YWplXFxjcmVhcl9kaXJlY3RvcmlvX2R1bW15LnBzMVwiICIsCiAiRXZlbnRJRCI6IDEsCiAiQ2hhbm5lbCI6ICJNaWNyb3NvZnQtV2luZG93cy1TeXNtb24vT3BlcmF0aW9uYWwiLAogIlByb3ZpZGVyIjogIk1pY3Jvc29mdC1XaW5kb3dzLVN5c21vbiIsCiAiSW1hZ2UiOiAiQzpcXFdpbmRvd3NcXFN5c3RlbTMyXFxjbWQuZXhlIiwKICJDb21tYW5kTGluZSI6ICJcImNtZC5leGVcIiAvZCAvYyBwb3dlcnNoZWxsLmV4ZSAtTm9Qcm9maWxlIC1FeGVjdXRpb25Qb2xpY3kgQnlwYXNzIC1GaWxlIFwiQzpcXFVzZXJzXFxzZWd1cmlkYWRcXERlc2t0b3BcXFRGTVxcUHJ1ZWJhc1xcVEVDLTAwOF9TYWJvdGFqZVxcY3JlYXJfZGlyZWN0b3Jpb19kdW1teS5wczFcIiAiLAogIlBhcmVudEltYWdlIjogIkM6XFxXaW5kb3dzXFxTeXN0ZW0zMlxcV2luZG93c1Bvd2VyU2hlbGxcXHYxLjBcXHBvd2Vyc2hlbGwuZXhlIiwKICJQYXJlbnRDb21tYW5kTGluZSI6ICJcIkM6XFxXaW5kb3dzXFxTeXN0ZW0zMlxcV2luZG93c1Bvd2VyU2hlbGxcXHYxLjBcXHBvd2Vyc2hlbGwuZXhlXCIgIiwKICJVc2VyIjogIkxUMjlcXHNlZ3VyaWRhZCIsCiAiVGFyZ2V0RmlsZW5hbWUiOiAiIiwKICJEZXRlY3Rpb25Mb2dpYyI6ICJTeXNtb24gSUQgMSArIGNtZC5leGUgKyBjaGFpbmluZy9kdWFsLXVzZSByZWdleDsgYm91bmRlZCBOYXRpdmUgTWVzc2FnaW5nIEZQIGV4Y2x1c2lvbiIsCiAiRmFsc2VQb3NpdGl2ZVJlZHVjdGlvbiI6ICJEb2VzIG5vdCBleGNsdWRlIGNtZC5leGUgZ2xvYmFsbHk7IG9ubHkgY2hyb21lLmV4ZSBwYXJlbnQgcGx1cyBBZG9iZS9DaHJvbWUgTmF0aXZlIE1lc3NhZ2luZyBjb21tYW5kLWxpbmUgcGF0dGVybiIsCiAiQmVuY2htYXJrU2NlbmFyaW8iOiAiQjUiLAogIkFydGlmYWN0UHJvZmlsZSI6ICJQNCBMb3cgQmFzaWMgdjIiLAogIlJvdXRlclByb2ZpbGUiOiAiUDQiLAogIlNvdXJjZUFydGlmYWN0IjogIkN1c3RvbS5URk0uSElEUy5QNC5Mb3cuQmFzaWNfdjIvQ1UwMDJfU291cmNlX1RFQzAwMl9DTURfQmFzaWMiLAogIlJvdXRlckFydGlmYWN0IjogIkN1c3RvbS5URk0uSElEUy5Sb3V0ZXIuSlNPTkwuRGlzY29yZC5GaW5hbF92M19maXgzIgp9
               CurrentDirectory: C:\Users\seguridad\Desktop\TFM\Velociraptor\
               User: LT29\seguridad
               LogonGuid: {6bc49a7d-4e8b-69fb-7a91-080000000000}
               LogonId: 0x8917A
               TerminalSessionId: 1
               IntegrityLevel: High
               Hashes: MD5=DFD66604CA0898E8E26DF7B1635B6326,SHA256=D23B67799A0DA0143E395BA5DB906A22AB08FAC4BD5581E275B1E0F1B3FAC55C,IMPHASH=88CB9A420410BDA787E305B65518A934
               ParentProcessGuid: {6bc49a7d-f41d-6a26-f11e-000000009401}
               ParentProcessId: 8852
               ParentImage: C:\Users\seguridad\Desktop\TFM\Velociraptor\velociraptor-v0.75.6-windows-amd64.exe
               ParentCommandLine: "C:\Users\seguridad\Desktop\TFM\Velociraptor\velociraptor-v0.75.6-windows-amd64.exe"  --config server.config.yaml gui
               ParentUser: LT29\seguridad

TimeCreated  : 09/06/2026 20:04:22
Id           : 11
ProviderName : Microsoft-Windows-Sysmon
Message      : File created:
               RuleName: -
               UtcTime: 2026-06-09 18:04:22.495
               ProcessGuid: {6bc49a7d-55a6-6a28-7e28-000000009401}
               ProcessId: 14712
               Image: C:\Windows\System32\WindowsPowerShell\v1.0\powershell.exe
               TargetFilename: C:\Program Files\Velociraptor\Tools\__PSScriptPolicyTest_w2xlhylb.yuo.ps1
               CreationUtcTime: 2026-06-09 18:04:22.495
               User: LT29\seguridad

TimeCreated  : 09/06/2026 20:04:22
Id           : 1
ProviderName : Microsoft-Windows-Sysmon
Message      : Process Create:
               RuleName: -
               UtcTime: 2026-06-09 18:04:22.412
               ProcessGuid: {6bc49a7d-55a6-6a28-7e28-000000009401}
               ProcessId: 14712
               Image: C:\Windows\System32\WindowsPowerShell\v1.0\powershell.exe
               FileVersion: 10.0.19041.3393 (WinBuild.160101.0800)
               Description: Windows PowerShell
               Product: Microsoft® Windows® Operating System
               Company: Microsoft Corporation
               OriginalFileName: PowerShell.EXE
               CommandLine: powershell.exe -NoProfile -NonInteractive -ExecutionPolicy Bypass -Command "& { param([string]$p,[string]$b64) $json=[System.Text.Encoding]::UTF8.GetString([System.Convert]::FromBase64String($b64)); $compact=($json | ConvertFrom-Json | ConvertTo-Json -Compress -Depth 20); $d=Split-Path -Parent $p; if (!(Test-Path -LiteralPath $d)) { New-Item -ItemType Directory -Path $d -Force | Out-Null }; Add-Content -LiteralPath $p -Value $compact -Encoding UTF8 }" \\VBOXSVR\Carpeta_Compartida_TFM\inbox\alerts.jsonl ewogIlJvdXRlclRpbWUiOiAiMjAyNi0wNi0wOVQxODowNDoxOVoiLAogIkRldGVjdGlvblRpbWUiOiAxNzgxMDI4MTYzLjEyMDgwMywKICJDbGllbnRJZCI6ICJDLjM2NDkwNzE3Mjc5M2Y4YzciLAogIkhvc3RuYW1lIjogIkxUMjkuYWl0LnVzLmVzIiwKICJDVV9JRCI6ICJDVS0wMDIiLAogIklEX1RlY25pY2FfSW50ZXJuYSI6ICJURUMtMDAyIiwKICJNSVRSRV9JRCI6ICJUMTA1OS4wMDMiLAogIk1JVFJFX1RhY3RpYyI6ICJFeGVjdXRpb24iLAogIk1JVFJFX1RhY3RpY19Db250ZXh0IjogIiIsCiAiU2lnbmFsVHlwZSI6ICJQcm9jZXNzQ3JlYXRpb24iLAogIkFsZXJ0TmFtZSI6ICJXaW5kb3dzIENvbW1hbmQgU2hlbGwgc3VzcGljaW91cyBleGVjdXRpb24gLSBiYXNpYyBwcm9maWxlIHYyIiwKICJTZXZlcml0eSI6ICJNZWRpdW0iLAogIlByaW9yaXR5IjogIlAzIiwKICJDb25maWRlbmNlIjogIk1lZGl1bSIsCiAiRGV0ZWN0aW9uU2NvcGUiOiAiSG9zdC1iYXNlZCBwcm9jZXNzIGNyZWF0aW9uIiwKICJPdXRwdXRUeXBlIjogIkRldGVjY2lvbiAvIEFsZXJ0YSBSVCBzaSBzZSBlbnJ1dGEiLAogIkZQX1Jpc2siOiAiTWVkaW8iLAogIkNVX1JlYXNvbiI6ICJjbWQuZXhlIHdpdGggY2hhaW5pbmcsIFBvd2VyU2hlbGwgb3IgYWRtaW5pc3RyYXRpdmUgdG9vbCB1c2FnZSIsCiAiQ1VfRXZpZGVuY2UiOiAiXCJjbWQuZXhlXCIgL2QgL2MgcG93ZXJzaGVsbC5leGUgLU5vUHJvZmlsZSAtRXhlY3V0aW9uUG9saWN5IEJ5cGFzcyAtRmlsZSBcIkM6XFxVc2Vyc1xcc2VndXJpZGFkXFxEZXNrdG9wXFxURk1cXFBydWViYXNcXFRFQy0wMDdfUmFuc29td2FyZVxcY3JlYXJfZGlyZWN0b3Jpb19kdW1teS5wczFcIiAiLAogIkV2ZW50SUQiOiAxLAogIkNoYW5uZWwiOiAiTWljcm9zb2Z0LVdpbmRvd3MtU3lzbW9uL09wZXJhdGlvbmFsIiwKICJQcm92aWRlciI6ICJNaWNyb3NvZnQtV2luZG93cy1TeXNtb24iLAogIkltYWdlIjogIkM6XFxXaW5kb3dzXFxTeXN0ZW0zMlxcY21kLmV4ZSIsCiAiQ29tbWFuZExpbmUiOiAiXCJjbWQuZXhlXCIgL2QgL2MgcG93ZXJzaGVsbC5leGUgLU5vUHJvZmlsZSAtRXhlY3V0aW9uUG9saWN5IEJ5cGFzcyAtRmlsZSBcIkM6XFxVc2Vyc1xcc2VndXJpZGFkXFxEZXNrdG9wXFxURk1cXFBydWViYXNcXFRFQy0wMDdfUmFuc29td2FyZVxcY3JlYXJfZGlyZWN0b3Jpb19kdW1teS5wczFcIiAiLAogIlBhcmVudEltYWdlIjogIkM6XFxXaW5kb3dzXFxTeXN0ZW0zMlxcV2luZG93c1Bvd2VyU2hlbGxcXHYxLjBcXHBvd2Vyc2hlbGwuZXhlIiwKICJQYXJlbnRDb21tYW5kTGluZSI6ICJcIkM6XFxXaW5kb3dzXFxTeXN0ZW0zMlxcV2luZG93c1Bvd2VyU2hlbGxcXHYxLjBcXHBvd2Vyc2hlbGwuZXhlXCIgIiwKICJVc2VyIjogIkxUMjlcXHNlZ3VyaWRhZCIsCiAiVGFyZ2V0RmlsZW5hbWUiOiAiIiwKICJEZXRlY3Rpb25Mb2dpYyI6ICJTeXNtb24gSUQgMSArIGNtZC5leGUgKyBjaGFpbmluZy9kdWFsLXVzZSByZWdleDsgYm91bmRlZCBOYXRpdmUgTWVzc2FnaW5nIEZQIGV4Y2x1c2lvbiIsCiAiRmFsc2VQb3NpdGl2ZVJlZHVjdGlvbiI6ICJEb2VzIG5vdCBleGNsdWRlIGNtZC5leGUgZ2xvYmFsbHk7IG9ubHkgY2hyb21lLmV4ZSBwYXJlbnQgcGx1cyBBZG9iZS9DaHJvbWUgTmF0aXZlIE1lc3NhZ2luZyBjb21tYW5kLWxpbmUgcGF0dGVybiIsCiAiQmVuY2htYXJrU2NlbmFyaW8iOiAiQjUiLAogIkFydGlmYWN0UHJvZmlsZSI6ICJQNCBMb3cgQmFzaWMgdjIiLAogIlJvdXRlclByb2ZpbGUiOiAiUDQiLAogIlNvdXJjZUFydGlmYWN0IjogIkN1c3RvbS5URk0uSElEUy5QNC5Mb3cuQmFzaWNfdjIvQ1UwMDJfU291cmNlX1RFQzAwMl9DTURfQmFzaWMiLAogIlJvdXRlckFydGlmYWN0IjogIkN1c3RvbS5URk0uSElEUy5Sb3V0ZXIuSlNPTkwuRGlzY29yZC5GaW5hbF92M19maXgzIgp9
               CurrentDirectory: C:\Users\seguridad\Desktop\TFM\Velociraptor\
               User: LT29\seguridad
               LogonGuid: {6bc49a7d-4e8b-69fb-7a91-080000000000}
               LogonId: 0x8917A
               TerminalSessionId: 1
               IntegrityLevel: High
               Hashes: MD5=DFD66604CA0898E8E26DF7B1635B6326,SHA256=D23B67799A0DA0143E395BA5DB906A22AB08FAC4BD5581E275B1E0F1B3FAC55C,IMPHASH=88CB9A420410BDA787E305B65518A934
               ParentProcessGuid: {6bc49a7d-f41d-6a26-f11e-000000009401}
               ParentProcessId: 8852
               ParentImage: C:\Users\seguridad\Desktop\TFM\Velociraptor\velociraptor-v0.75.6-windows-amd64.exe
               ParentCommandLine: "C:\Users\seguridad\Desktop\TFM\Velociraptor\velociraptor-v0.75.6-windows-amd64.exe"  --config server.config.yaml gui
               ParentUser: LT29\seguridad

TimeCreated  : 09/06/2026 20:04:21
Id           : 11
ProviderName : Microsoft-Windows-Sysmon
Message      : File created:
               RuleName: -
               UtcTime: 2026-06-09 18:04:21.268
               ProcessGuid: {6bc49a7d-55a5-6a28-7d28-000000009401}
               ProcessId: 14964
               Image: C:\Windows\System32\WindowsPowerShell\v1.0\powershell.exe
               TargetFilename: C:\Program Files\Velociraptor\Tools\__PSScriptPolicyTest_wxfx0ode.0e0.ps1
               CreationUtcTime: 2026-06-09 18:04:21.268
               User: LT29\seguridad

TimeCreated  : 09/06/2026 20:04:21
Id           : 1
ProviderName : Microsoft-Windows-Sysmon
Message      : Process Create:
               RuleName: -
               UtcTime: 2026-06-09 18:04:21.110
               ProcessGuid: {6bc49a7d-55a5-6a28-7d28-000000009401}
               ProcessId: 14964
               Image: C:\Windows\System32\WindowsPowerShell\v1.0\powershell.exe
               FileVersion: 10.0.19041.3393 (WinBuild.160101.0800)
               Description: Windows PowerShell
               Product: Microsoft® Windows® Operating System
               Company: Microsoft Corporation
               OriginalFileName: PowerShell.EXE
               CommandLine: powershell.exe -NoProfile -NonInteractive -ExecutionPolicy Bypass -Command "& { param([string]$p,[string]$b64) $json=[System.Text.Encoding]::UTF8.GetString([System.Convert]::FromBase64String($b64)); $compact=($json | ConvertFrom-Json | ConvertTo-Json -Compress -Depth 20); $d=Split-Path -Parent $p; if (!(Test-Path -LiteralPath $d)) { New-Item -ItemType Directory -Path $d -Force | Out-Null }; Add-Content -LiteralPath $p -Value $compact -Encoding UTF8 }" \\VBOXSVR\Carpeta_Compartida_TFM\inbox\alerts.jsonl ewogIlJvdXRlclRpbWUiOiAiMjAyNi0wNi0wOVQxODowNDoxOFoiLAogIkRldGVjdGlvblRpbWUiOiAxNzgxMDI4MTU4LjE1NDgxNDUsCiAiQ2xpZW50SWQiOiAiQy4zNjQ5MDcxNzI3OTNmOGM3IiwKICJIb3N0bmFtZSI6ICJMVDI5LmFpdC51cy5lcyIsCiAiQ1VfSUQiOiAiQ1UtMDAyIiwKICJJRF9UZWNuaWNhX0ludGVybmEiOiAiVEVDLTAwMiIsCiAiTUlUUkVfSUQiOiAiVDEwNTkuMDAzIiwKICJNSVRSRV9UYWN0aWMiOiAiRXhlY3V0aW9uIiwKICJNSVRSRV9UYWN0aWNfQ29udGV4dCI6ICIiLAogIlNpZ25hbFR5cGUiOiAiUHJvY2Vzc0NyZWF0aW9uIiwKICJBbGVydE5hbWUiOiAiV2luZG93cyBDb21tYW5kIFNoZWxsIHN1c3BpY2lvdXMgZXhlY3V0aW9uIC0gYmFzaWMgcHJvZmlsZSB2MiIsCiAiU2V2ZXJpdHkiOiAiTWVkaXVtIiwKICJQcmlvcml0eSI6ICJQMyIsCiAiQ29uZmlkZW5jZSI6ICJNZWRpdW0iLAogIkRldGVjdGlvblNjb3BlIjogIkhvc3QtYmFzZWQgcHJvY2VzcyBjcmVhdGlvbiIsCiAiT3V0cHV0VHlwZSI6ICJEZXRlY2Npb24gLyBBbGVydGEgUlQgc2kgc2UgZW5ydXRhIiwKICJGUF9SaXNrIjogIk1lZGlvIiwKICJDVV9SZWFzb24iOiAiY21kLmV4ZSB3aXRoIGNoYWluaW5nLCBQb3dlclNoZWxsIG9yIGFkbWluaXN0cmF0aXZlIHRvb2wgdXNhZ2UiLAogIkNVX0V2aWRlbmNlIjogIlwiY21kLmV4ZVwiIC9kIC9jIHBvd2Vyc2hlbGwuZXhlIC1Ob1Byb2ZpbGUgLUV4ZWN1dGlvblBvbGljeSBCeXBhc3MgLUZpbGUgXCJDOlxcVXNlcnNcXHNlZ3VyaWRhZFxcRGVza3RvcFxcVEZNXFxzY3JpcHRzX2NhbmRpZGF0ZVxcU2NyaXB0cmFuc29tX3YyLnBzMVwiIC1Xb3JrRGlyIFwiQzpcXFVzZXJzXFxzZWd1cmlkYWRcXERlc2t0b3BcXFRGTVxcc2NyaXB0c19jYW5kaWRhdGVcIiAtTGlzdEZpbGUgXCJDOlxcVXNlcnNcXHNlZ3VyaWRhZFxcRGVza3RvcFxcVEZNXFxzY3JpcHRzX2NhbmRpZGF0ZVxcbGlzdGFfYXJjaGl2b3MuY3N2XCIgLVBhc3N3b3JkRmlsZSBcIkM6XFxVc2Vyc1xcc2VndXJpZGFkXFxEZXNrdG9wXFxURk1cXFBydWViYXNcXFRFQy0wMDdfUmFuc29td2FyZVxccGFzc3dvcmQudHh0XCIgLU1heEZpbGVzIDI1IiwKICJFdmVudElEIjogMSwKICJDaGFubmVsIjogIk1pY3Jvc29mdC1XaW5kb3dzLVN5c21vbi9PcGVyYXRpb25hbCIsCiAiUHJvdmlkZXIiOiAiTWljcm9zb2Z0LVdpbmRvd3MtU3lzbW9uIiwKICJJbWFnZSI6ICJDOlxcV2luZG93c1xcU3lzdGVtMzJcXGNtZC5leGUiLAogIkNvbW1hbmRMaW5lIjogIlwiY21kLmV4ZVwiIC9kIC9jIHBvd2Vyc2hlbGwuZXhlIC1Ob1Byb2ZpbGUgLUV4ZWN1dGlvblBvbGljeSBCeXBhc3MgLUZpbGUgXCJDOlxcVXNlcnNcXHNlZ3VyaWRhZFxcRGVza3RvcFxcVEZNXFxzY3JpcHRzX2NhbmRpZGF0ZVxcU2NyaXB0cmFuc29tX3YyLnBzMVwiIC1Xb3JrRGlyIFwiQzpcXFVzZXJzXFxzZWd1cmlkYWRcXERlc2t0b3BcXFRGTVxcc2NyaXB0c19jYW5kaWRhdGVcIiAtTGlzdEZpbGUgXCJDOlxcVXNlcnNcXHNlZ3VyaWRhZFxcRGVza3RvcFxcVEZNXFxzY3JpcHRzX2NhbmRpZGF0ZVxcbGlzdGFfYXJjaGl2b3MuY3N2XCIgLVBhc3N3b3JkRmlsZSBcIkM6XFxVc2Vyc1xcc2VndXJpZGFkXFxEZXNrdG9wXFxURk1cXFBydWViYXNcXFRFQy0wMDdfUmFuc29td2FyZVxccGFzc3dvcmQudHh0XCIgLU1heEZpbGVzIDI1IiwKICJQYXJlbnRJbWFnZSI6ICJDOlxcV2luZG93c1xcU3lzdGVtMzJcXFdpbmRvd3NQb3dlclNoZWxsXFx2MS4wXFxwb3dlcnNoZWxsLmV4ZSIsCiAiUGFyZW50Q29tbWFuZExpbmUiOiAiXCJDOlxcV2luZG93c1xcU3lzdGVtMzJcXFdpbmRvd3NQb3dlclNoZWxsXFx2MS4wXFxwb3dlcnNoZWxsLmV4ZVwiICIsCiAiVXNlciI6ICJMVDI5XFxzZWd1cmlkYWQiLAogIlRhcmdldEZpbGVuYW1lIjogIiIsCiAiRGV0ZWN0aW9uTG9naWMiOiAiU3lzbW9uIElEIDEgKyBjbWQuZXhlICsgY2hhaW5pbmcvZHVhbC11c2UgcmVnZXg7IGJvdW5kZWQgTmF0aXZlIE1lc3NhZ2luZyBGUCBleGNsdXNpb24iLAogIkZhbHNlUG9zaXRpdmVSZWR1Y3Rpb24iOiAiRG9lcyBub3QgZXhjbHVkZSBjbWQuZXhlIGdsb2JhbGx5OyBvbmx5IGNocm9tZS5leGUgcGFyZW50IHBsdXMgQWRvYmUvQ2hyb21lIE5hdGl2ZSBNZXNzYWdpbmcgY29tbWFuZC1saW5lIHBhdHRlcm4iLAogIkJlbmNobWFya1NjZW5hcmlvIjogIkI1IiwKICJBcnRpZmFjdFByb2ZpbGUiOiAiUDQgTG93IEJhc2ljIHYyIiwKICJSb3V0ZXJQcm9maWxlIjogIlA0IiwKICJTb3VyY2VBcnRpZmFjdCI6ICJDdXN0b20uVEZNLkhJRFMuUDQuTG93LkJhc2ljX3YyL0NVMDAyX1NvdXJjZV9URUMwMDJfQ01EX0Jhc2ljIiwKICJSb3V0ZXJBcnRpZmFjdCI6ICJDdXN0b20uVEZNLkhJRFMuUm91dGVyLkpTT05MLkRpc2NvcmQuRmluYWxfdjNfZml4MyIKfQ==
               CurrentDirectory: C:\Users\seguridad\Desktop\TFM\Velociraptor\
               User: LT29\seguridad
               LogonGuid: {6bc49a7d-4e8b-69fb-7a91-080000000000}
               LogonId: 0x8917A
               TerminalSessionId: 1
               IntegrityLevel: High
               Hashes: MD5=DFD66604CA0898E8E26DF7B1635B6326,SHA256=D23B67799A0DA0143E395BA5DB906A22AB08FAC4BD5581E275B1E0F1B3FAC55C,IMPHASH=88CB9A420410BDA787E305B65518A934
               ParentProcessGuid: {6bc49a7d-f41d-6a26-f11e-000000009401}
               ParentProcessId: 8852
               ParentImage: C:\Users\seguridad\Desktop\TFM\Velociraptor\velociraptor-v0.75.6-windows-amd64.exe
               ParentCommandLine: "C:\Users\seguridad\Desktop\TFM\Velociraptor\velociraptor-v0.75.6-windows-amd64.exe"  --config server.config.yaml gui
               ParentUser: LT29\seguridad

TimeCreated  : 09/06/2026 20:04:20
Id           : 11
ProviderName : Microsoft-Windows-Sysmon
Message      : File created:
               RuleName: -
               UtcTime: 2026-06-09 18:04:20.354
               ProcessGuid: {6bc49a7d-55a4-6a28-7c28-000000009401}
               ProcessId: 13420
               Image: C:\Windows\System32\WindowsPowerShell\v1.0\powershell.exe
               TargetFilename: C:\Program Files\Velociraptor\Tools\__PSScriptPolicyTest_lyftlh2d.ckv.ps1
               CreationUtcTime: 2026-06-09 18:04:20.354
               User: LT29\seguridad

