TimeCreated  : 09/06/2026 20:01:57
Id           : 1
ProviderName : Microsoft-Windows-Sysmon
Message      : Process Create:
               RuleName: -
               UtcTime: 2026-06-09 18:01:57.717
               ProcessGuid: {6bc49a7d-5515-6a28-2d28-000000009401}
               ProcessId: 13944
               Image: C:\Windows\System32\WindowsPowerShell\v1.0\powershell.exe
               FileVersion: 10.0.19041.3393 (WinBuild.160101.0800)
               Description: Windows PowerShell
               Product: Microsoft® Windows® Operating System
               Company: Microsoft Corporation
               OriginalFileName: PowerShell.EXE
               CommandLine: powershell.exe -NoProfile -NonInteractive -ExecutionPolicy Bypass -Command "& { param([string]$p,[string]$b64) $json=[System.Text.Encoding]::UTF8.GetString([System.Convert]::FromBase64String($b64)); $compact=($json | ConvertFrom-Json | ConvertTo-Json -Compress -Depth 20); $d=Split-Path -Parent $p; if (!(Test-Path -LiteralPath $d)) { New-Item -ItemType Directory -Path $d -Force | Out-Null }; Add-Content -LiteralPath $p -Value $compact -Encoding UTF8 }" \\VBOXSVR\Carpeta_Compartida_TFM\inbox\alerts.jsonl ewogIlJvdXRlclRpbWUiOiAiMjAyNi0wNi0wOVQxODowMTo1NloiLAogIkRldGVjdGlvblRpbWUiOiAxNzgxMDI4MDIwLjU4MzM4NzEsCiAiQ2xpZW50SWQiOiAiQy4zNjQ5MDcxNzI3OTNmOGM3IiwKICJIb3N0bmFtZSI6ICJMVDI5LmFpdC51cy5lcyIsCiAiQ1VfSUQiOiAiQ1UtMDAyIiwKICJJRF9UZWNuaWNhX0ludGVybmEiOiAiVEVDLTAwMiIsCiAiTUlUUkVfSUQiOiAiVDEwNTkuMDAzIiwKICJNSVRSRV9UYWN0aWMiOiAiRXhlY3V0aW9uIiwKICJNSVRSRV9UYWN0aWNfQ29udGV4dCI6ICIiLAogIlNpZ25hbFR5cGUiOiAiUHJvY2Vzc0NyZWF0aW9uIiwKICJBbGVydE5hbWUiOiAiV2luZG93cyBDb21tYW5kIFNoZWxsIHN1c3BpY2lvdXMgZXhlY3V0aW9uIC0gYmFzaWMgcHJvZmlsZSB2MiIsCiAiU2V2ZXJpdHkiOiAiTWVkaXVtIiwKICJQcmlvcml0eSI6ICJQMyIsCiAiQ29uZmlkZW5jZSI6ICJNZWRpdW0iLAogIkRldGVjdGlvblNjb3BlIjogIkhvc3QtYmFzZWQgcHJvY2VzcyBjcmVhdGlvbiIsCiAiT3V0cHV0VHlwZSI6ICJEZXRlY2Npb24gLyBBbGVydGEgUlQgc2kgc2UgZW5ydXRhIiwKICJGUF9SaXNrIjogIk1lZGlvIiwKICJDVV9SZWFzb24iOiAiY21kLmV4ZSB3aXRoIGNoYWluaW5nLCBQb3dlclNoZWxsIG9yIGFkbWluaXN0cmF0aXZlIHRvb2wgdXNhZ2UiLAogIkNVX0V2aWRlbmNlIjogIlwiY21kLmV4ZVwiIC9kIC9jIHBvd2Vyc2hlbGwuZXhlIC1Ob1Byb2ZpbGUgLUV4ZWN1dGlvblBvbGljeSBCeXBhc3MgLUZpbGUgXCJDOlxcVXNlcnNcXHNlZ3VyaWRhZFxcRGVza3RvcFxcVEZNXFxQcnVlYmFzXFxURUMtMDA3X1JhbnNvbXdhcmVcXGNyZWFyX2RpcmVjdG9yaW9fZHVtbXkucHMxXCIgIiwKICJFdmVudElEIjogMSwKICJDaGFubmVsIjogIk1pY3Jvc29mdC1XaW5kb3dzLVN5c21vbi9PcGVyYXRpb25hbCIsCiAiUHJvdmlkZXIiOiAiTWljcm9zb2Z0LVdpbmRvd3MtU3lzbW9uIiwKICJJbWFnZSI6ICJDOlxcV2luZG93c1xcU3lzdGVtMzJcXGNtZC5leGUiLAogIkNvbW1hbmRMaW5lIjogIlwiY21kLmV4ZVwiIC9kIC9jIHBvd2Vyc2hlbGwuZXhlIC1Ob1Byb2ZpbGUgLUV4ZWN1dGlvblBvbGljeSBCeXBhc3MgLUZpbGUgXCJDOlxcVXNlcnNcXHNlZ3VyaWRhZFxcRGVza3RvcFxcVEZNXFxQcnVlYmFzXFxURUMtMDA3X1JhbnNvbXdhcmVcXGNyZWFyX2RpcmVjdG9yaW9fZHVtbXkucHMxXCIgIiwKICJQYXJlbnRJbWFnZSI6ICJDOlxcV2luZG93c1xcU3lzdGVtMzJcXFdpbmRvd3NQb3dlclNoZWxsXFx2MS4wXFxwb3dlcnNoZWxsLmV4ZSIsCiAiUGFyZW50Q29tbWFuZExpbmUiOiAiXCJDOlxcV2luZG93c1xcU3lzdGVtMzJcXFdpbmRvd3NQb3dlclNoZWxsXFx2MS4wXFxwb3dlcnNoZWxsLmV4ZVwiICIsCiAiVXNlciI6ICJMVDI5XFxzZWd1cmlkYWQiLAogIlRhcmdldEZpbGVuYW1lIjogIiIsCiAiRGV0ZWN0aW9uTG9naWMiOiAiU3lzbW9uIElEIDEgKyBjbWQuZXhlICsgY2hhaW5pbmcvZHVhbC11c2UgcmVnZXg7IGJvdW5kZWQgTmF0aXZlIE1lc3NhZ2luZyBGUCBleGNsdXNpb24iLAogIkZhbHNlUG9zaXRpdmVSZWR1Y3Rpb24iOiAiRG9lcyBub3QgZXhjbHVkZSBjbWQuZXhlIGdsb2JhbGx5OyBvbmx5IGNocm9tZS5leGUgcGFyZW50IHBsdXMgQWRvYmUvQ2hyb21lIE5hdGl2ZSBNZXNzYWdpbmcgY29tbWFuZC1saW5lIHBhdHRlcm4iLAogIkJlbmNobWFya1NjZW5hcmlvIjogIkI1IiwKICJBcnRpZmFjdFByb2ZpbGUiOiAiUDQgTG93IEJhc2ljIHYyIiwKICJSb3V0ZXJQcm9maWxlIjogIlA0IiwKICJTb3VyY2VBcnRpZmFjdCI6ICJDdXN0b20uVEZNLkhJRFMuUDQuTG93LkJhc2ljX3YyL0NVMDAyX1NvdXJjZV9URUMwMDJfQ01EX0Jhc2ljIiwKICJSb3V0ZXJBcnRpZmFjdCI6ICJDdXN0b20uVEZNLkhJRFMuUm91dGVyLkpTT05MLkRpc2NvcmQuRmluYWxfdjNfZml4MyIKfQ==
               CurrentDirectory: C:\Users\seguridad\Desktop\TFM\Velociraptor\
               User: LT29\seguridad
               LogonGuid: {6bc49a7d-4e8b-69fb-7a91-080000000000}
               LogonId: 0x8917A
               TerminalSessionId: 1
               IntegrityLevel: High
               Hashes: MD5=DFD66604CA0898E8E26DF7B1635B6326,SHA256=D23B67799A0DA0143E395BA5DB906A22AB08FAC4BD5581E275B1E0F1B3FAC55C,IMPHASH=88CB9A420410BDA787E305B65518A934
               ParentProcessGuid: {6bc49a7d-f41d-6a26-f11e-000000009401}
               ParentProcessId: 8852
               ParentImage: C:\Users\seguridad\Desktop\TFM\Velociraptor\velociraptor-v0.75.6-windows-amd64.exe
               ParentCommandLine: "C:\Users\seguridad\Desktop\TFM\Velociraptor\velociraptor-v0.75.6-windows-amd64.exe"  --config server.config.yaml gui
               ParentUser: LT29\seguridad

TimeCreated  : 09/06/2026 20:01:57
Id           : 11
ProviderName : Microsoft-Windows-Sysmon
Message      : File created:
               RuleName: -
               UtcTime: 2026-06-09 18:01:57.324
               ProcessGuid: {6bc49a7d-5515-6a28-2c28-000000009401}
               ProcessId: 5712
               Image: C:\Windows\System32\WindowsPowerShell\v1.0\powershell.exe
               TargetFilename: C:\Program Files\Velociraptor\Tools\__PSScriptPolicyTest_z233jtb3.mor.ps1
               CreationUtcTime: 2026-06-09 18:01:57.324
               User: LT29\seguridad

TimeCreated  : 09/06/2026 20:01:57
Id           : 1
ProviderName : Microsoft-Windows-Sysmon
Message      : Process Create:
               RuleName: -
               UtcTime: 2026-06-09 18:01:57.104
               ProcessGuid: {6bc49a7d-5515-6a28-2c28-000000009401}
               ProcessId: 5712
               Image: C:\Windows\System32\WindowsPowerShell\v1.0\powershell.exe
               FileVersion: 10.0.19041.3393 (WinBuild.160101.0800)
               Description: Windows PowerShell
               Product: Microsoft® Windows® Operating System
               Company: Microsoft Corporation
               OriginalFileName: PowerShell.EXE
               CommandLine: powershell.exe -NoProfile -NonInteractive -ExecutionPolicy Bypass -Command "& { param([string]$p,[string]$b64) $json=[System.Text.Encoding]::UTF8.GetString([System.Convert]::FromBase64String($b64)); $compact=($json | ConvertFrom-Json | ConvertTo-Json -Compress -Depth 20); $d=Split-Path -Parent $p; if (!(Test-Path -LiteralPath $d)) { New-Item -ItemType Directory -Path $d -Force | Out-Null }; Add-Content -LiteralPath $p -Value $compact -Encoding UTF8 }" \\VBOXSVR\Carpeta_Compartida_TFM\inbox\alerts.jsonl ewogIlJvdXRlclRpbWUiOiAiMjAyNi0wNi0wOVQxODowMTo1NVoiLAogIkRldGVjdGlvblRpbWUiOiAxNzgxMDI4MDQzLjU2NDIyNywKICJDbGllbnRJZCI6ICJDLjM2NDkwNzE3Mjc5M2Y4YzciLAogIkhvc3RuYW1lIjogIkxUMjkuYWl0LnVzLmVzIiwKICJDVV9JRCI6ICJDVS0wMDEiLAogIklEX1RlY25pY2FfSW50ZXJuYSI6ICJURUMtMDAxIiwKICJNSVRSRV9JRCI6ICJUMTA1OS4wMDEiLAogIk1JVFJFX1RhY3RpYyI6ICJFeGVjdXRpb24iLAogIk1JVFJFX1RhY3RpY19Db250ZXh0IjogIiIsCiAiU2lnbmFsVHlwZSI6ICJQcm9jZXNzQ3JlYXRpb24iLAogIkFsZXJ0TmFtZSI6ICJQb3dlclNoZWxsIHN1c3BpY2lvdXMgZXhlY3V0aW9uIC0gYmFzaWMgcHJvZmlsZSB2MiIsCiAiU2V2ZXJpdHkiOiAiTWVkaXVtIiwKICJQcmlvcml0eSI6ICJQMyIsCiAiQ29uZmlkZW5jZSI6ICJNZWRpdW0iLAogIkRldGVjdGlvblNjb3BlIjogIkhvc3QtYmFzZWQgcHJvY2VzcyBjcmVhdGlvbiIsCiAiT3V0cHV0VHlwZSI6ICJEZXRlY2Npb24gLyBBbGVydGEgUlQgc2kgc2UgZW5ydXRhIiwKICJGUF9SaXNrIjogIk1lZGlvIiwKICJDVV9SZWFzb24iOiAicG93ZXJzaGVsbC5leGUvcHdzaC5leGUgd2l0aCBzdXNwaWNpb3VzIGV4ZWN1dGlvbiBmbGFncyBvciBjb21tYW5kIHBhdHRlcm5zIiwKICJDVV9FdmlkZW5jZSI6ICJwb3dlcnNoZWxsLmV4ZSAgLU5vUHJvZmlsZSAtRXhlY3V0aW9uUG9saWN5IEJ5cGFzcyAtRmlsZSBcIkM6XFxVc2Vyc1xcc2VndXJpZGFkXFxEZXNrdG9wXFxURk1cXFBydWViYXNcXFRFQy0wMDdfUmFuc29td2FyZVxcY3JlYXJfZGlyZWN0b3Jpb19kdW1teS5wczFcIiAiLAogIkV2ZW50SUQiOiAxLAogIkNoYW5uZWwiOiAiTWljcm9zb2Z0LVdpbmRvd3MtU3lzbW9uL09wZXJhdGlvbmFsIiwKICJQcm92aWRlciI6ICJNaWNyb3NvZnQtV2luZG93cy1TeXNtb24iLAogIkltYWdlIjogIkM6XFxXaW5kb3dzXFxTeXN0ZW0zMlxcV2luZG93c1Bvd2VyU2hlbGxcXHYxLjBcXHBvd2Vyc2hlbGwuZXhlIiwKICJDb21tYW5kTGluZSI6ICJwb3dlcnNoZWxsLmV4ZSAgLU5vUHJvZmlsZSAtRXhlY3V0aW9uUG9saWN5IEJ5cGFzcyAtRmlsZSBcIkM6XFxVc2Vyc1xcc2VndXJpZGFkXFxEZXNrdG9wXFxURk1cXFBydWViYXNcXFRFQy0wMDdfUmFuc29td2FyZVxcY3JlYXJfZGlyZWN0b3Jpb19kdW1teS5wczFcIiAiLAogIlBhcmVudEltYWdlIjogIkM6XFxXaW5kb3dzXFxTeXN0ZW0zMlxcY21kLmV4ZSIsCiAiUGFyZW50Q29tbWFuZExpbmUiOiAiXCJjbWQuZXhlXCIgL2QgL2MgcG93ZXJzaGVsbC5leGUgLU5vUHJvZmlsZSAtRXhlY3V0aW9uUG9saWN5IEJ5cGFzcyAtRmlsZSBcIkM6XFxVc2Vyc1xcc2VndXJpZGFkXFxEZXNrdG9wXFxURk1cXFBydWViYXNcXFRFQy0wMDdfUmFuc29td2FyZVxcY3JlYXJfZGlyZWN0b3Jpb19kdW1teS5wczFcIiAiLAogIlVzZXIiOiAiTFQyOVxcc2VndXJpZGFkIiwKICJUYXJnZXRGaWxlbmFtZSI6ICIiLAogIkRldGVjdGlvbkxvZ2ljIjogIlN5c21vbiBJRCAxICsgUG93ZXJTaGVsbCBpbWFnZSArIHN1c3BpY2lvdXMgZmxhZ3M7IGV4Y2x1ZGVzIHJvdXRlciBKU09OTCBzZWxmLWV2ZW50cyIsCiAiRmFsc2VQb3NpdGl2ZVJlZHVjdGlvbiI6ICJSb3V0ZXIgSlNPTkwgc2VsZi1ldmVudHMgZXhjbHVkZWQgYnkgQWRkLUNvbnRlbnQvRnJvbUJhc2U2NFN0cmluZy9hbGVydHMuanNvbmwgcGF0dGVybjsgUG93ZXJTaGVsbCBCeXBhc3MgcmVtYWlucyB2aXNpYmxlIG90aGVyd2lzZSIsCiAiQmVuY2htYXJrU2NlbmFyaW8iOiAiQjUiLAogIkFydGlmYWN0UHJvZmlsZSI6ICJQNCBMb3cgQmFzaWMgdjIiLAogIlJvdXRlclByb2ZpbGUiOiAiUDQiLAogIlNvdXJjZUFydGlmYWN0IjogIkN1c3RvbS5URk0uSElEUy5QNC5Mb3cuQmFzaWNfdjIvQ1UwMDFfU291cmNlX1RFQzAwMV9Qb3dlclNoZWxsX0Jhc2ljIiwKICJSb3V0ZXJBcnRpZmFjdCI6ICJDdXN0b20uVEZNLkhJRFMuUm91dGVyLkpTT05MLkRpc2NvcmQuRmluYWxfdjNfZml4MyIKfQ==
               CurrentDirectory: C:\Users\seguridad\Desktop\TFM\Velociraptor\
               User: LT29\seguridad
               LogonGuid: {6bc49a7d-4e8b-69fb-7a91-080000000000}
               LogonId: 0x8917A
               TerminalSessionId: 1
               IntegrityLevel: High
               Hashes: MD5=DFD66604CA0898E8E26DF7B1635B6326,SHA256=D23B67799A0DA0143E395BA5DB906A22AB08FAC4BD5581E275B1E0F1B3FAC55C,IMPHASH=88CB9A420410BDA787E305B65518A934
               ParentProcessGuid: {6bc49a7d-f41d-6a26-f11e-000000009401}
               ParentProcessId: 8852
               ParentImage: C:\Users\seguridad\Desktop\TFM\Velociraptor\velociraptor-v0.75.6-windows-amd64.exe
               ParentCommandLine: "C:\Users\seguridad\Desktop\TFM\Velociraptor\velociraptor-v0.75.6-windows-amd64.exe"  --config server.config.yaml gui
               ParentUser: LT29\seguridad

TimeCreated  : 09/06/2026 20:01:57
Id           : 11
ProviderName : Microsoft-Windows-Sysmon
Message      : File created:
               RuleName: -
               UtcTime: 2026-06-09 18:01:57.063
               ProcessGuid: {6bc49a7d-5514-6a28-2b28-000000009401}
               ProcessId: 14280
               Image: C:\Windows\System32\WindowsPowerShell\v1.0\powershell.exe
               TargetFilename: C:\Program Files\Velociraptor\Tools\__PSScriptPolicyTest_zx0kfebj.t4k.ps1
               CreationUtcTime: 2026-06-09 18:01:57.062
               User: LT29\seguridad

TimeCreated  : 09/06/2026 20:01:56
Id           : 1
ProviderName : Microsoft-Windows-Sysmon
Message      : Process Create:
               RuleName: -
               UtcTime: 2026-06-09 18:01:56.932
               ProcessGuid: {6bc49a7d-5514-6a28-2b28-000000009401}
               ProcessId: 14280
               Image: C:\Windows\System32\WindowsPowerShell\v1.0\powershell.exe
               FileVersion: 10.0.19041.3393 (WinBuild.160101.0800)
               Description: Windows PowerShell
               Product: Microsoft® Windows® Operating System
               Company: Microsoft Corporation
               OriginalFileName: PowerShell.EXE
               CommandLine: powershell.exe -NoProfile -NonInteractive -ExecutionPolicy Bypass -Command "& { param([string]$p,[string]$b64) $json=[System.Text.Encoding]::UTF8.GetString([System.Convert]::FromBase64String($b64)); $compact=($json | ConvertFrom-Json | ConvertTo-Json -Compress -Depth 20); $d=Split-Path -Parent $p; if (!(Test-Path -LiteralPath $d)) { New-Item -ItemType Directory -Path $d -Force | Out-Null }; Add-Content -LiteralPath $p -Value $compact -Encoding UTF8 }" \\VBOXSVR\Carpeta_Compartida_TFM\inbox\alerts.jsonl ewogIlJvdXRlclRpbWUiOiAiMjAyNi0wNi0wOVQxODowMTo1NVoiLAogIkRldGVjdGlvblRpbWUiOiAxNzgxMDI4MDIwLjU0MTE3NDQsCiAiQ2xpZW50SWQiOiAiQy4zNjQ5MDcxNzI3OTNmOGM3IiwKICJIb3N0bmFtZSI6ICJMVDI5LmFpdC51cy5lcyIsCiAiQ1VfSUQiOiAiQ1UtMDAyIiwKICJJRF9UZWNuaWNhX0ludGVybmEiOiAiVEVDLTAwMiIsCiAiTUlUUkVfSUQiOiAiVDEwNTkuMDAzIiwKICJNSVRSRV9UYWN0aWMiOiAiRXhlY3V0aW9uIiwKICJNSVRSRV9UYWN0aWNfQ29udGV4dCI6ICIiLAogIlNpZ25hbFR5cGUiOiAiUHJvY2Vzc0NyZWF0aW9uIiwKICJBbGVydE5hbWUiOiAiV2luZG93cyBDb21tYW5kIFNoZWxsIHN1c3BpY2lvdXMgZXhlY3V0aW9uIC0gYmFzaWMgcHJvZmlsZSB2MiIsCiAiU2V2ZXJpdHkiOiAiTWVkaXVtIiwKICJQcmlvcml0eSI6ICJQMyIsCiAiQ29uZmlkZW5jZSI6ICJNZWRpdW0iLAogIkRldGVjdGlvblNjb3BlIjogIkhvc3QtYmFzZWQgcHJvY2VzcyBjcmVhdGlvbiIsCiAiT3V0cHV0VHlwZSI6ICJEZXRlY2Npb24gLyBBbGVydGEgUlQgc2kgc2UgZW5ydXRhIiwKICJGUF9SaXNrIjogIk1lZGlvIiwKICJDVV9SZWFzb24iOiAiY21kLmV4ZSB3aXRoIGNoYWluaW5nLCBQb3dlclNoZWxsIG9yIGFkbWluaXN0cmF0aXZlIHRvb2wgdXNhZ2UiLAogIkNVX0V2aWRlbmNlIjogIlwiY21kLmV4ZVwiIC9kIC9jIHJlZy5leGUgZGVsZXRlIFwiSEtDVVxcU29mdHdhcmVcXE1pY3Jvc29mdFxcV2luZG93c1xcQ3VycmVudFZlcnNpb25cXFJ1blwiIC92IFwiVEZNX1QxNTQ3XzAwMV90ZXN0XCIgL2YiLAogIkV2ZW50SUQiOiAxLAogIkNoYW5uZWwiOiAiTWljcm9zb2Z0LVdpbmRvd3MtU3lzbW9uL09wZXJhdGlvbmFsIiwKICJQcm92aWRlciI6ICJNaWNyb3NvZnQtV2luZG93cy1TeXNtb24iLAogIkltYWdlIjogIkM6XFxXaW5kb3dzXFxTeXN0ZW0zMlxcY21kLmV4ZSIsCiAiQ29tbWFuZExpbmUiOiAiXCJjbWQuZXhlXCIgL2QgL2MgcmVnLmV4ZSBkZWxldGUgXCJIS0NVXFxTb2Z0d2FyZVxcTWljcm9zb2Z0XFxXaW5kb3dzXFxDdXJyZW50VmVyc2lvblxcUnVuXCIgL3YgXCJURk1fVDE1NDdfMDAxX3Rlc3RcIiAvZiIsCiAiUGFyZW50SW1hZ2UiOiAiQzpcXFdpbmRvd3NcXFN5c3RlbTMyXFxXaW5kb3dzUG93ZXJTaGVsbFxcdjEuMFxccG93ZXJzaGVsbC5leGUiLAogIlBhcmVudENvbW1hbmRMaW5lIjogIlwiQzpcXFdpbmRvd3NcXFN5c3RlbTMyXFxXaW5kb3dzUG93ZXJTaGVsbFxcdjEuMFxccG93ZXJzaGVsbC5leGVcIiAiLAogIlVzZXIiOiAiTFQyOVxcc2VndXJpZGFkIiwKICJUYXJnZXRGaWxlbmFtZSI6ICIiLAogIkRldGVjdGlvbkxvZ2ljIjogIlN5c21vbiBJRCAxICsgY21kLmV4ZSArIGNoYWluaW5nL2R1YWwtdXNlIHJlZ2V4OyBib3VuZGVkIE5hdGl2ZSBNZXNzYWdpbmcgRlAgZXhjbHVzaW9uIiwKICJGYWxzZVBvc2l0aXZlUmVkdWN0aW9uIjogIkRvZXMgbm90IGV4Y2x1ZGUgY21kLmV4ZSBnbG9iYWxseTsgb25seSBjaHJvbWUuZXhlIHBhcmVudCBwbHVzIEFkb2JlL0Nocm9tZSBOYXRpdmUgTWVzc2FnaW5nIGNvbW1hbmQtbGluZSBwYXR0ZXJuIiwKICJCZW5jaG1hcmtTY2VuYXJpbyI6ICJCNSIsCiAiQXJ0aWZhY3RQcm9maWxlIjogIlA0IExvdyBCYXNpYyB2MiIsCiAiUm91dGVyUHJvZmlsZSI6ICJQNCIsCiAiU291cmNlQXJ0aWZhY3QiOiAiQ3VzdG9tLlRGTS5ISURTLlA0Lkxvdy5CYXNpY192Mi9DVTAwMl9Tb3VyY2VfVEVDMDAyX0NNRF9CYXNpYyIsCiAiUm91dGVyQXJ0aWZhY3QiOiAiQ3VzdG9tLlRGTS5ISURTLlJvdXRlci5KU09OTC5EaXNjb3JkLkZpbmFsX3YzX2ZpeDMiCn0=
               CurrentDirectory: C:\Users\seguridad\Desktop\TFM\Velociraptor\
               User: LT29\seguridad
               LogonGuid: {6bc49a7d-4e8b-69fb-7a91-080000000000}
               LogonId: 0x8917A
               TerminalSessionId: 1
               IntegrityLevel: High
               Hashes: MD5=DFD66604CA0898E8E26DF7B1635B6326,SHA256=D23B67799A0DA0143E395BA5DB906A22AB08FAC4BD5581E275B1E0F1B3FAC55C,IMPHASH=88CB9A420410BDA787E305B65518A934
               ParentProcessGuid: {6bc49a7d-f41d-6a26-f11e-000000009401}
               ParentProcessId: 8852
               ParentImage: C:\Users\seguridad\Desktop\TFM\Velociraptor\velociraptor-v0.75.6-windows-amd64.exe
               ParentCommandLine: "C:\Users\seguridad\Desktop\TFM\Velociraptor\velociraptor-v0.75.6-windows-amd64.exe"  --config server.config.yaml gui
               ParentUser: LT29\seguridad

TimeCreated  : 09/06/2026 20:01:56
Id           : 11
ProviderName : Microsoft-Windows-Sysmon
Message      : File created:
               RuleName: -
               UtcTime: 2026-06-09 18:01:56.446
               ProcessGuid: {6bc49a7d-5514-6a28-2a28-000000009401}
               ProcessId: 1660
               Image: C:\Windows\System32\WindowsPowerShell\v1.0\powershell.exe
               TargetFilename: C:\Program Files\Velociraptor\Tools\__PSScriptPolicyTest_rbbopold.zzp.ps1
               CreationUtcTime: 2026-06-09 18:01:56.444
               User: LT29\seguridad

TimeCreated  : 09/06/2026 20:01:56
Id           : 11
ProviderName : Microsoft-Windows-Sysmon
Message      : File created:
               RuleName: -
               UtcTime: 2026-06-09 18:01:56.334
               ProcessGuid: {6bc49a7d-5514-6a28-2928-000000009401}
               ProcessId: 8920
               Image: C:\Windows\System32\WindowsPowerShell\v1.0\powershell.exe
               TargetFilename: C:\Program Files\Velociraptor\Tools\__PSScriptPolicyTest_4o4gsrbg.ti4.ps1
               CreationUtcTime: 2026-06-09 18:01:56.334
               User: LT29\seguridad

TimeCreated  : 09/06/2026 20:01:56
Id           : 1
ProviderName : Microsoft-Windows-Sysmon
Message      : Process Create:
               RuleName: -
               UtcTime: 2026-06-09 18:01:56.273
               ProcessGuid: {6bc49a7d-5514-6a28-2a28-000000009401}
               ProcessId: 1660
               Image: C:\Windows\System32\WindowsPowerShell\v1.0\powershell.exe
               FileVersion: 10.0.19041.3393 (WinBuild.160101.0800)
               Description: Windows PowerShell
               Product: Microsoft® Windows® Operating System
               Company: Microsoft Corporation
               OriginalFileName: PowerShell.EXE
               CommandLine: powershell.exe -NoProfile -NonInteractive -ExecutionPolicy Bypass -Command "& { param([string]$p,[string]$b64) $json=[System.Text.Encoding]::UTF8.GetString([System.Convert]::FromBase64String($b64)); $compact=($json | ConvertFrom-Json | ConvertTo-Json -Compress -Depth 20); $d=Split-Path -Parent $p; if (!(Test-Path -LiteralPath $d)) { New-Item -ItemType Directory -Path $d -Force | Out-Null }; Add-Content -LiteralPath $p -Value $compact -Encoding UTF8 }" \\VBOXSVR\Carpeta_Compartida_TFM\inbox\alerts.jsonl ewogIlJvdXRlclRpbWUiOiAiMjAyNi0wNi0wOVQxODowMTo1NVoiLAogIkRldGVjdGlvblRpbWUiOiAxNzgxMDI4MDI3LjMzODc5MzUsCiAiQ2xpZW50SWQiOiAiQy4zNjQ5MDcxNzI3OTNmOGM3IiwKICJIb3N0bmFtZSI6ICJMVDI5LmFpdC51cy5lcyIsCiAiQ1VfSUQiOiAiQ1UtMDAxIiwKICJJRF9UZWNuaWNhX0ludGVybmEiOiAiVEVDLTAwMSIsCiAiTUlUUkVfSUQiOiAiVDEwNTkuMDAxIiwKICJNSVRSRV9UYWN0aWMiOiAiRXhlY3V0aW9uIiwKICJNSVRSRV9UYWN0aWNfQ29udGV4dCI6ICIiLAogIlNpZ25hbFR5cGUiOiAiUHJvY2Vzc0NyZWF0aW9uIiwKICJBbGVydE5hbWUiOiAiUG93ZXJTaGVsbCBzdXNwaWNpb3VzIGV4ZWN1dGlvbiAtIGJhc2ljIHByb2ZpbGUgdjIiLAogIlNldmVyaXR5IjogIk1lZGl1bSIsCiAiUHJpb3JpdHkiOiAiUDMiLAogIkNvbmZpZGVuY2UiOiAiTWVkaXVtIiwKICJEZXRlY3Rpb25TY29wZSI6ICJIb3N0LWJhc2VkIHByb2Nlc3MgY3JlYXRpb24iLAogIk91dHB1dFR5cGUiOiAiRGV0ZWNjaW9uIC8gQWxlcnRhIFJUIHNpIHNlIGVucnV0YSIsCiAiRlBfUmlzayI6ICJNZWRpbyIsCiAiQ1VfUmVhc29uIjogInBvd2Vyc2hlbGwuZXhlL3B3c2guZXhlIHdpdGggc3VzcGljaW91cyBleGVjdXRpb24gZmxhZ3Mgb3IgY29tbWFuZCBwYXR0ZXJucyIsCiAiQ1VfRXZpZGVuY2UiOiAicG93ZXJzaGVsbC5leGUgIC1Ob1Byb2ZpbGUgLUV4ZWN1dGlvblBvbGljeSBCeXBhc3MgLUZpbGUgXCJDOlxcVXNlcnNcXHNlZ3VyaWRhZFxcRGVza3RvcFxcVEZNXFxQcnVlYmFzXFxURUMtMDA4X1NhYm90YWplXFxjcmVhcl9kaXJlY3RvcmlvX2R1bW15LnBzMVwiICIsCiAiRXZlbnRJRCI6IDEsCiAiQ2hhbm5lbCI6ICJNaWNyb3NvZnQtV2luZG93cy1TeXNtb24vT3BlcmF0aW9uYWwiLAogIlByb3ZpZGVyIjogIk1pY3Jvc29mdC1XaW5kb3dzLVN5c21vbiIsCiAiSW1hZ2UiOiAiQzpcXFdpbmRvd3NcXFN5c3RlbTMyXFxXaW5kb3dzUG93ZXJTaGVsbFxcdjEuMFxccG93ZXJzaGVsbC5leGUiLAogIkNvbW1hbmRMaW5lIjogInBvd2Vyc2hlbGwuZXhlICAtTm9Qcm9maWxlIC1FeGVjdXRpb25Qb2xpY3kgQnlwYXNzIC1GaWxlIFwiQzpcXFVzZXJzXFxzZWd1cmlkYWRcXERlc2t0b3BcXFRGTVxcUHJ1ZWJhc1xcVEVDLTAwOF9TYWJvdGFqZVxcY3JlYXJfZGlyZWN0b3Jpb19kdW1teS5wczFcIiAiLAogIlBhcmVudEltYWdlIjogIkM6XFxXaW5kb3dzXFxTeXN0ZW0zMlxcY21kLmV4ZSIsCiAiUGFyZW50Q29tbWFuZExpbmUiOiAiXCJjbWQuZXhlXCIgL2QgL2MgcG93ZXJzaGVsbC5leGUgLU5vUHJvZmlsZSAtRXhlY3V0aW9uUG9saWN5IEJ5cGFzcyAtRmlsZSBcIkM6XFxVc2Vyc1xcc2VndXJpZGFkXFxEZXNrdG9wXFxURk1cXFBydWViYXNcXFRFQy0wMDhfU2Fib3RhamVcXGNyZWFyX2RpcmVjdG9yaW9fZHVtbXkucHMxXCIgIiwKICJVc2VyIjogIkxUMjlcXHNlZ3VyaWRhZCIsCiAiVGFyZ2V0RmlsZW5hbWUiOiAiIiwKICJEZXRlY3Rpb25Mb2dpYyI6ICJTeXNtb24gSUQgMSArIFBvd2VyU2hlbGwgaW1hZ2UgKyBzdXNwaWNpb3VzIGZsYWdzOyBleGNsdWRlcyByb3V0ZXIgSlNPTkwgc2VsZi1ldmVudHMiLAogIkZhbHNlUG9zaXRpdmVSZWR1Y3Rpb24iOiAiUm91dGVyIEpTT05MIHNlbGYtZXZlbnRzIGV4Y2x1ZGVkIGJ5IEFkZC1Db250ZW50L0Zyb21CYXNlNjRTdHJpbmcvYWxlcnRzLmpzb25sIHBhdHRlcm47IFBvd2VyU2hlbGwgQnlwYXNzIHJlbWFpbnMgdmlzaWJsZSBvdGhlcndpc2UiLAogIkJlbmNobWFya1NjZW5hcmlvIjogIkI1IiwKICJBcnRpZmFjdFByb2ZpbGUiOiAiUDQgTG93IEJhc2ljIHYyIiwKICJSb3V0ZXJQcm9maWxlIjogIlA0IiwKICJTb3VyY2VBcnRpZmFjdCI6ICJDdXN0b20uVEZNLkhJRFMuUDQuTG93LkJhc2ljX3YyL0NVMDAxX1NvdXJjZV9URUMwMDFfUG93ZXJTaGVsbF9CYXNpYyIsCiAiUm91dGVyQXJ0aWZhY3QiOiAiQ3VzdG9tLlRGTS5ISURTLlJvdXRlci5KU09OTC5EaXNjb3JkLkZpbmFsX3YzX2ZpeDMiCn0=
               CurrentDirectory: C:\Users\seguridad\Desktop\TFM\Velociraptor\
               User: LT29\seguridad
               LogonGuid: {6bc49a7d-4e8b-69fb-7a91-080000000000}
               LogonId: 0x8917A
               TerminalSessionId: 1
               IntegrityLevel: High
               Hashes: MD5=DFD66604CA0898E8E26DF7B1635B6326,SHA256=D23B67799A0DA0143E395BA5DB906A22AB08FAC4BD5581E275B1E0F1B3FAC55C,IMPHASH=88CB9A420410BDA787E305B65518A934
               ParentProcessGuid: {6bc49a7d-f41d-6a26-f11e-000000009401}
               ParentProcessId: 8852
               ParentImage: C:\Users\seguridad\Desktop\TFM\Velociraptor\velociraptor-v0.75.6-windows-amd64.exe
               ParentCommandLine: "C:\Users\seguridad\Desktop\TFM\Velociraptor\velociraptor-v0.75.6-windows-amd64.exe"  --config server.config.yaml gui
               ParentUser: LT29\seguridad

TimeCreated  : 09/06/2026 20:01:56
Id           : 1
ProviderName : Microsoft-Windows-Sysmon
Message      : Process Create:
               RuleName: -
               UtcTime: 2026-06-09 18:01:56.184
               ProcessGuid: {6bc49a7d-5514-6a28-2928-000000009401}
               ProcessId: 8920
               Image: C:\Windows\System32\WindowsPowerShell\v1.0\powershell.exe
               FileVersion: 10.0.19041.3393 (WinBuild.160101.0800)
               Description: Windows PowerShell
               Product: Microsoft® Windows® Operating System
               Company: Microsoft Corporation
               OriginalFileName: PowerShell.EXE
               CommandLine: powershell.exe -NoProfile -NonInteractive -ExecutionPolicy Bypass -Command "& { param([string]$p,[string]$b64) $json=[System.Text.Encoding]::UTF8.GetString([System.Convert]::FromBase64String($b64)); $compact=($json | ConvertFrom-Json | ConvertTo-Json -Compress -Depth 20); $d=Split-Path -Parent $p; if (!(Test-Path -LiteralPath $d)) { New-Item -ItemType Directory -Path $d -Force | Out-Null }; Add-Content -LiteralPath $p -Value $compact -Encoding UTF8 }" \\VBOXSVR\Carpeta_Compartida_TFM\inbox\alerts.jsonl ewogIlJvdXRlclRpbWUiOiAiMjAyNi0wNi0wOVQxODowMTo1NVoiLAogIkRldGVjdGlvblRpbWUiOiAxNzgxMDI4MDIwLjUwNDYxMjcsCiAiQ2xpZW50SWQiOiAiQy4zNjQ5MDcxNzI3OTNmOGM3IiwKICJIb3N0bmFtZSI6ICJMVDI5LmFpdC51cy5lcyIsCiAiQ1VfSUQiOiAiQ1UtMDAyIiwKICJJRF9UZWNuaWNhX0ludGVybmEiOiAiVEVDLTAwMiIsCiAiTUlUUkVfSUQiOiAiVDEwNTkuMDAzIiwKICJNSVRSRV9UYWN0aWMiOiAiRXhlY3V0aW9uIiwKICJNSVRSRV9UYWN0aWNfQ29udGV4dCI6ICIiLAogIlNpZ25hbFR5cGUiOiAiUHJvY2Vzc0NyZWF0aW9uIiwKICJBbGVydE5hbWUiOiAiV2luZG93cyBDb21tYW5kIFNoZWxsIHN1c3BpY2lvdXMgZXhlY3V0aW9uIC0gYmFzaWMgcHJvZmlsZSB2MiIsCiAiU2V2ZXJpdHkiOiAiTWVkaXVtIiwKICJQcmlvcml0eSI6ICJQMyIsCiAiQ29uZmlkZW5jZSI6ICJNZWRpdW0iLAogIkRldGVjdGlvblNjb3BlIjogIkhvc3QtYmFzZWQgcHJvY2VzcyBjcmVhdGlvbiIsCiAiT3V0cHV0VHlwZSI6ICJEZXRlY2Npb24gLyBBbGVydGEgUlQgc2kgc2UgZW5ydXRhIiwKICJGUF9SaXNrIjogIk1lZGlvIiwKICJDVV9SZWFzb24iOiAiY21kLmV4ZSB3aXRoIGNoYWluaW5nLCBQb3dlclNoZWxsIG9yIGFkbWluaXN0cmF0aXZlIHRvb2wgdXNhZ2UiLAogIkNVX0V2aWRlbmNlIjogIlwiY21kLmV4ZVwiIC9kIC9jIHNjLmV4ZSBkZWxldGUgXCJURk0gVEVDMDA1IFRlc3QgU2VydmljZVwiIiwKICJFdmVudElEIjogMSwKICJDaGFubmVsIjogIk1pY3Jvc29mdC1XaW5kb3dzLVN5c21vbi9PcGVyYXRpb25hbCIsCiAiUHJvdmlkZXIiOiAiTWljcm9zb2Z0LVdpbmRvd3MtU3lzbW9uIiwKICJJbWFnZSI6ICJDOlxcV2luZG93c1xcU3lzdGVtMzJcXGNtZC5leGUiLAogIkNvbW1hbmRMaW5lIjogIlwiY21kLmV4ZVwiIC9kIC9jIHNjLmV4ZSBkZWxldGUgXCJURk0gVEVDMDA1IFRlc3QgU2VydmljZVwiIiwKICJQYXJlbnRJbWFnZSI6ICJDOlxcV2luZG93c1xcU3lzdGVtMzJcXFdpbmRvd3NQb3dlclNoZWxsXFx2MS4wXFxwb3dlcnNoZWxsLmV4ZSIsCiAiUGFyZW50Q29tbWFuZExpbmUiOiAiXCJDOlxcV2luZG93c1xcU3lzdGVtMzJcXFdpbmRvd3NQb3dlclNoZWxsXFx2MS4wXFxwb3dlcnNoZWxsLmV4ZVwiICIsCiAiVXNlciI6ICJMVDI5XFxzZWd1cmlkYWQiLAogIlRhcmdldEZpbGVuYW1lIjogIiIsCiAiRGV0ZWN0aW9uTG9naWMiOiAiU3lzbW9uIElEIDEgKyBjbWQuZXhlICsgY2hhaW5pbmcvZHVhbC11c2UgcmVnZXg7IGJvdW5kZWQgTmF0aXZlIE1lc3NhZ2luZyBGUCBleGNsdXNpb24iLAogIkZhbHNlUG9zaXRpdmVSZWR1Y3Rpb24iOiAiRG9lcyBub3QgZXhjbHVkZSBjbWQuZXhlIGdsb2JhbGx5OyBvbmx5IGNocm9tZS5leGUgcGFyZW50IHBsdXMgQWRvYmUvQ2hyb21lIE5hdGl2ZSBNZXNzYWdpbmcgY29tbWFuZC1saW5lIHBhdHRlcm4iLAogIkJlbmNobWFya1NjZW5hcmlvIjogIkI1IiwKICJBcnRpZmFjdFByb2ZpbGUiOiAiUDQgTG93IEJhc2ljIHYyIiwKICJSb3V0ZXJQcm9maWxlIjogIlA0IiwKICJTb3VyY2VBcnRpZmFjdCI6ICJDdXN0b20uVEZNLkhJRFMuUDQuTG93LkJhc2ljX3YyL0NVMDAyX1NvdXJjZV9URUMwMDJfQ01EX0Jhc2ljIiwKICJSb3V0ZXJBcnRpZmFjdCI6ICJDdXN0b20uVEZNLkhJRFMuUm91dGVyLkpTT05MLkRpc2NvcmQuRmluYWxfdjNfZml4MyIKfQ==
               CurrentDirectory: C:\Users\seguridad\Desktop\TFM\Velociraptor\
               User: LT29\seguridad
               LogonGuid: {6bc49a7d-4e8b-69fb-7a91-080000000000}
               LogonId: 0x8917A
               TerminalSessionId: 1
               IntegrityLevel: High
               Hashes: MD5=DFD66604CA0898E8E26DF7B1635B6326,SHA256=D23B67799A0DA0143E395BA5DB906A22AB08FAC4BD5581E275B1E0F1B3FAC55C,IMPHASH=88CB9A420410BDA787E305B65518A934
               ParentProcessGuid: {6bc49a7d-f41d-6a26-f11e-000000009401}
               ParentProcessId: 8852
               ParentImage: C:\Users\seguridad\Desktop\TFM\Velociraptor\velociraptor-v0.75.6-windows-amd64.exe
               ParentCommandLine: "C:\Users\seguridad\Desktop\TFM\Velociraptor\velociraptor-v0.75.6-windows-amd64.exe"  --config server.config.yaml gui
               ParentUser: LT29\seguridad

TimeCreated  : 09/06/2026 20:01:55
Id           : 1
ProviderName : Microsoft-Windows-Sysmon
Message      : Process Create:
               RuleName: -
               UtcTime: 2026-06-09 18:01:55.948
               ProcessGuid: {6bc49a7d-5513-6a28-2728-000000009401}
               ProcessId: 448
               Image: C:\Windows\System32\cmd.exe
               FileVersion: 10.0.19041.746 (WinBuild.160101.0800)
               Description: Windows Command Processor
               Product: Microsoft® Windows® Operating System
               Company: Microsoft Corporation
               OriginalFileName: Cmd.Exe
               CommandLine: "cmd.exe" /d /c sc.exe create "TFM TEC005 Test Service" binPath= "C:\Windows\System32\cmd.exe /c echo TEC005_OK ^> C:\Users\Public\tec005_ok.txt" start= demand
               CurrentDirectory: C:\Windows\system32\
               User: LT29\seguridad
               LogonGuid: {6bc49a7d-4e8b-69fb-7a91-080000000000}
               LogonId: 0x8917A
               TerminalSessionId: 1
               IntegrityLevel: High
               Hashes: MD5=8A2122E8162DBEF04694B9C3E0B6CDEE,SHA256=B99D61D874728EDC0918CA0EB10EAB93D381E7367E377406E65963366C874450,IMPHASH=272245E2988E1E430500B852C4FB5E18
               ParentProcessGuid: {6bc49a7d-4b45-6a28-b426-000000009401}
               ParentProcessId: 2600
               ParentImage: C:\Windows\System32\WindowsPowerShell\v1.0\powershell.exe
               ParentCommandLine: "C:\Windows\System32\WindowsPowerShell\v1.0\powershell.exe" 
               ParentUser: LT29\seguridad

TimeCreated  : 09/06/2026 20:01:55
Id           : 11
ProviderName : Microsoft-Windows-Sysmon
Message      : File created:
               RuleName: -
               UtcTime: 2026-06-09 18:01:55.699
               ProcessGuid: {6bc49a7d-5513-6a28-2628-000000009401}
               ProcessId: 11660
               Image: C:\Windows\System32\WindowsPowerShell\v1.0\powershell.exe
               TargetFilename: C:\Program Files\Velociraptor\Tools\__PSScriptPolicyTest_vekeequb.pxl.ps1
               CreationUtcTime: 2026-06-09 18:01:55.699
               User: LT29\seguridad

TimeCreated  : 09/06/2026 20:01:55
Id           : 11
ProviderName : Microsoft-Windows-Sysmon
Message      : File created:
               RuleName: -
               UtcTime: 2026-06-09 18:01:55.533
               ProcessGuid: {6bc49a7d-5513-6a28-2528-000000009401}
               ProcessId: 6384
               Image: C:\Windows\System32\WindowsPowerShell\v1.0\powershell.exe
               TargetFilename: C:\Program Files\Velociraptor\Tools\__PSScriptPolicyTest_jfolw0dx.wbr.ps1
               CreationUtcTime: 2026-06-09 18:01:55.533
               User: LT29\seguridad

TimeCreated  : 09/06/2026 20:01:55
Id           : 1
ProviderName : Microsoft-Windows-Sysmon
Message      : Process Create:
               RuleName: -
               UtcTime: 2026-06-09 18:01:55.270
               ProcessGuid: {6bc49a7d-5513-6a28-2628-000000009401}
               ProcessId: 11660
               Image: C:\Windows\System32\WindowsPowerShell\v1.0\powershell.exe
               FileVersion: 10.0.19041.3393 (WinBuild.160101.0800)
               Description: Windows PowerShell
               Product: Microsoft® Windows® Operating System
               Company: Microsoft Corporation
               OriginalFileName: PowerShell.EXE
               CommandLine: powershell.exe -NoProfile -NonInteractive -ExecutionPolicy Bypass -Command "& { param([string]$p,[string]$b64) $json=[System.Text.Encoding]::UTF8.GetString([System.Convert]::FromBase64String($b64)); $compact=($json | ConvertFrom-Json | ConvertTo-Json -Compress -Depth 20); $d=Split-Path -Parent $p; if (!(Test-Path -LiteralPath $d)) { New-Item -ItemType Directory -Path $d -Force | Out-Null }; Add-Content -LiteralPath $p -Value $compact -Encoding UTF8 }" \\VBOXSVR\Carpeta_Compartida_TFM\inbox\alerts.jsonl ewogIlJvdXRlclRpbWUiOiAiMjAyNi0wNi0wOVQxODowMTo1NVoiLAogIkRldGVjdGlvblRpbWUiOiAxNzgxMDI4MDIwLjYwMTAwNDgsCiAiQ2xpZW50SWQiOiAiQy4zNjQ5MDcxNzI3OTNmOGM3IiwKICJIb3N0bmFtZSI6ICJMVDI5LmFpdC51cy5lcyIsCiAiQ1VfSUQiOiAiQ1UtMDAxIiwKICJJRF9UZWNuaWNhX0ludGVybmEiOiAiVEVDLTAwMSIsCiAiTUlUUkVfSUQiOiAiVDEwNTkuMDAxIiwKICJNSVRSRV9UYWN0aWMiOiAiRXhlY3V0aW9uIiwKICJNSVRSRV9UYWN0aWNfQ29udGV4dCI6ICIiLAogIlNpZ25hbFR5cGUiOiAiUHJvY2Vzc0NyZWF0aW9uIiwKICJBbGVydE5hbWUiOiAiUG93ZXJTaGVsbCBzdXNwaWNpb3VzIGV4ZWN1dGlvbiAtIGJhc2ljIHByb2ZpbGUgdjIiLAogIlNldmVyaXR5IjogIk1lZGl1bSIsCiAiUHJpb3JpdHkiOiAiUDMiLAogIkNvbmZpZGVuY2UiOiAiTWVkaXVtIiwKICJEZXRlY3Rpb25TY29wZSI6ICJIb3N0LWJhc2VkIHByb2Nlc3MgY3JlYXRpb24iLAogIk91dHB1dFR5cGUiOiAiRGV0ZWNjaW9uIC8gQWxlcnRhIFJUIHNpIHNlIGVucnV0YSIsCiAiRlBfUmlzayI6ICJNZWRpbyIsCiAiQ1VfUmVhc29uIjogInBvd2Vyc2hlbGwuZXhlL3B3c2guZXhlIHdpdGggc3VzcGljaW91cyBleGVjdXRpb24gZmxhZ3Mgb3IgY29tbWFuZCBwYXR0ZXJucyIsCiAiQ1VfRXZpZGVuY2UiOiAicG93ZXJzaGVsbC5leGUgIC1Ob1Byb2ZpbGUgLUV4ZWN1dGlvblBvbGljeSBCeXBhc3MgLUZpbGUgXCJDOlxcVXNlcnNcXHNlZ3VyaWRhZFxcRGVza3RvcFxcVEZNXFxQcnVlYmFzXFxURUMtMDA3X1JhbnNvbXdhcmVcXGNyZWFyX2RpcmVjdG9yaW9fZHVtbXkucHMxXCIgIiwKICJFdmVudElEIjogMSwKICJDaGFubmVsIjogIk1pY3Jvc29mdC1XaW5kb3dzLVN5c21vbi9PcGVyYXRpb25hbCIsCiAiUHJvdmlkZXIiOiAiTWljcm9zb2Z0LVdpbmRvd3MtU3lzbW9uIiwKICJJbWFnZSI6ICJDOlxcV2luZG93c1xcU3lzdGVtMzJcXFdpbmRvd3NQb3dlclNoZWxsXFx2MS4wXFxwb3dlcnNoZWxsLmV4ZSIsCiAiQ29tbWFuZExpbmUiOiAicG93ZXJzaGVsbC5leGUgIC1Ob1Byb2ZpbGUgLUV4ZWN1dGlvblBvbGljeSBCeXBhc3MgLUZpbGUgXCJDOlxcVXNlcnNcXHNlZ3VyaWRhZFxcRGVza3RvcFxcVEZNXFxQcnVlYmFzXFxURUMtMDA3X1JhbnNvbXdhcmVcXGNyZWFyX2RpcmVjdG9yaW9fZHVtbXkucHMxXCIgIiwKICJQYXJlbnRJbWFnZSI6ICJDOlxcV2luZG93c1xcU3lzdGVtMzJcXGNtZC5leGUiLAogIlBhcmVudENvbW1hbmRMaW5lIjogIlwiY21kLmV4ZVwiIC9kIC9jIHBvd2Vyc2hlbGwuZXhlIC1Ob1Byb2ZpbGUgLUV4ZWN1dGlvblBvbGljeSBCeXBhc3MgLUZpbGUgXCJDOlxcVXNlcnNcXHNlZ3VyaWRhZFxcRGVza3RvcFxcVEZNXFxQcnVlYmFzXFxURUMtMDA3X1JhbnNvbXdhcmVcXGNyZWFyX2RpcmVjdG9yaW9fZHVtbXkucHMxXCIgIiwKICJVc2VyIjogIkxUMjlcXHNlZ3VyaWRhZCIsCiAiVGFyZ2V0RmlsZW5hbWUiOiAiIiwKICJEZXRlY3Rpb25Mb2dpYyI6ICJTeXNtb24gSUQgMSArIFBvd2VyU2hlbGwgaW1hZ2UgKyBzdXNwaWNpb3VzIGZsYWdzOyBleGNsdWRlcyByb3V0ZXIgSlNPTkwgc2VsZi1ldmVudHMiLAogIkZhbHNlUG9zaXRpdmVSZWR1Y3Rpb24iOiAiUm91dGVyIEpTT05MIHNlbGYtZXZlbnRzIGV4Y2x1ZGVkIGJ5IEFkZC1Db250ZW50L0Zyb21CYXNlNjRTdHJpbmcvYWxlcnRzLmpzb25sIHBhdHRlcm47IFBvd2VyU2hlbGwgQnlwYXNzIHJlbWFpbnMgdmlzaWJsZSBvdGhlcndpc2UiLAogIkJlbmNobWFya1NjZW5hcmlvIjogIkI1IiwKICJBcnRpZmFjdFByb2ZpbGUiOiAiUDQgTG93IEJhc2ljIHYyIiwKICJSb3V0ZXJQcm9maWxlIjogIlA0IiwKICJTb3VyY2VBcnRpZmFjdCI6ICJDdXN0b20uVEZNLkhJRFMuUDQuTG93LkJhc2ljX3YyL0NVMDAxX1NvdXJjZV9URUMwMDFfUG93ZXJTaGVsbF9CYXNpYyIsCiAiUm91dGVyQXJ0aWZhY3QiOiAiQ3VzdG9tLlRGTS5ISURTLlJvdXRlci5KU09OTC5EaXNjb3JkLkZpbmFsX3YzX2ZpeDMiCn0=
               CurrentDirectory: C:\Users\seguridad\Desktop\TFM\Velociraptor\
               User: LT29\seguridad
               LogonGuid: {6bc49a7d-4e8b-69fb-7a91-080000000000}
               LogonId: 0x8917A
               TerminalSessionId: 1
               IntegrityLevel: High
               Hashes: MD5=DFD66604CA0898E8E26DF7B1635B6326,SHA256=D23B67799A0DA0143E395BA5DB906A22AB08FAC4BD5581E275B1E0F1B3FAC55C,IMPHASH=88CB9A420410BDA787E305B65518A934
               ParentProcessGuid: {6bc49a7d-f41d-6a26-f11e-000000009401}
               ParentProcessId: 8852
               ParentImage: C:\Users\seguridad\Desktop\TFM\Velociraptor\velociraptor-v0.75.6-windows-amd64.exe
               ParentCommandLine: "C:\Users\seguridad\Desktop\TFM\Velociraptor\velociraptor-v0.75.6-windows-amd64.exe"  --config server.config.yaml gui
               ParentUser: LT29\seguridad

TimeCreated  : 09/06/2026 20:01:55
Id           : 1
ProviderName : Microsoft-Windows-Sysmon
Message      : Process Create:
               RuleName: -
               UtcTime: 2026-06-09 18:01:55.259
               ProcessGuid: {6bc49a7d-5513-6a28-2528-000000009401}
               ProcessId: 6384
               Image: C:\Windows\System32\WindowsPowerShell\v1.0\powershell.exe
               FileVersion: 10.0.19041.3393 (WinBuild.160101.0800)
               Description: Windows PowerShell
               Product: Microsoft® Windows® Operating System
               Company: Microsoft Corporation
               OriginalFileName: PowerShell.EXE
               CommandLine: powershell.exe -NoProfile -NonInteractive -ExecutionPolicy Bypass -Command "& { param([string]$p,[string]$b64) $json=[System.Text.Encoding]::UTF8.GetString([System.Convert]::FromBase64String($b64)); $compact=($json | ConvertFrom-Json | ConvertTo-Json -Compress -Depth 20); $d=Split-Path -Parent $p; if (!(Test-Path -LiteralPath $d)) { New-Item -ItemType Directory -Path $d -Force | Out-Null }; Add-Content -LiteralPath $p -Value $compact -Encoding UTF8 }" \\VBOXSVR\Carpeta_Compartida_TFM\inbox\alerts.jsonl ewogIlJvdXRlclRpbWUiOiAiMjAyNi0wNi0wOVQxODowMTo1NVoiLAogIkRldGVjdGlvblRpbWUiOiAxNzgxMDI4MDIwLjQ1MzUwNzIsCiAiQ2xpZW50SWQiOiAiQy4zNjQ5MDcxNzI3OTNmOGM3IiwKICJIb3N0bmFtZSI6ICJMVDI5LmFpdC51cy5lcyIsCiAiQ1VfSUQiOiAiQ1UtMDAyIiwKICJJRF9UZWNuaWNhX0ludGVybmEiOiAiVEVDLTAwMiIsCiAiTUlUUkVfSUQiOiAiVDEwNTkuMDAzIiwKICJNSVRSRV9UYWN0aWMiOiAiRXhlY3V0aW9uIiwKICJNSVRSRV9UYWN0aWNfQ29udGV4dCI6ICIiLAogIlNpZ25hbFR5cGUiOiAiUHJvY2Vzc0NyZWF0aW9uIiwKICJBbGVydE5hbWUiOiAiV2luZG93cyBDb21tYW5kIFNoZWxsIHN1c3BpY2lvdXMgZXhlY3V0aW9uIC0gYmFzaWMgcHJvZmlsZSB2MiIsCiAiU2V2ZXJpdHkiOiAiTWVkaXVtIiwKICJQcmlvcml0eSI6ICJQMyIsCiAiQ29uZmlkZW5jZSI6ICJNZWRpdW0iLAogIkRldGVjdGlvblNjb3BlIjogIkhvc3QtYmFzZWQgcHJvY2VzcyBjcmVhdGlvbiIsCiAiT3V0cHV0VHlwZSI6ICJEZXRlY2Npb24gLyBBbGVydGEgUlQgc2kgc2UgZW5ydXRhIiwKICJGUF9SaXNrIjogIk1lZGlvIiwKICJDVV9SZWFzb24iOiAiY21kLmV4ZSB3aXRoIGNoYWluaW5nLCBQb3dlclNoZWxsIG9yIGFkbWluaXN0cmF0aXZlIHRvb2wgdXNhZ2UiLAogIkNVX0V2aWRlbmNlIjogIlwiY21kLmV4ZVwiIC9kIC9jIHNjaHRhc2tzLmV4ZSAvZGVsZXRlIC90biBcIlRGTS1URUMtMDAzXCIgL2YiLAogIkV2ZW50SUQiOiAxLAogIkNoYW5uZWwiOiAiTWljcm9zb2Z0LVdpbmRvd3MtU3lzbW9uL09wZXJhdGlvbmFsIiwKICJQcm92aWRlciI6ICJNaWNyb3NvZnQtV2luZG93cy1TeXNtb24iLAogIkltYWdlIjogIkM6XFxXaW5kb3dzXFxTeXN0ZW0zMlxcY21kLmV4ZSIsCiAiQ29tbWFuZExpbmUiOiAiXCJjbWQuZXhlXCIgL2QgL2Mgc2NodGFza3MuZXhlIC9kZWxldGUgL3RuIFwiVEZNLVRFQy0wMDNcIiAvZiIsCiAiUGFyZW50SW1hZ2UiOiAiQzpcXFdpbmRvd3NcXFN5c3RlbTMyXFxXaW5kb3dzUG93ZXJTaGVsbFxcdjEuMFxccG93ZXJzaGVsbC5leGUiLAogIlBhcmVudENvbW1hbmRMaW5lIjogIlwiQzpcXFdpbmRvd3NcXFN5c3RlbTMyXFxXaW5kb3dzUG93ZXJTaGVsbFxcdjEuMFxccG93ZXJzaGVsbC5leGVcIiAiLAogIlVzZXIiOiAiTFQyOVxcc2VndXJpZGFkIiwKICJUYXJnZXRGaWxlbmFtZSI6ICIiLAogIkRldGVjdGlvbkxvZ2ljIjogIlN5c21vbiBJRCAxICsgY21kLmV4ZSArIGNoYWluaW5nL2R1YWwtdXNlIHJlZ2V4OyBib3VuZGVkIE5hdGl2ZSBNZXNzYWdpbmcgRlAgZXhjbHVzaW9uIiwKICJGYWxzZVBvc2l0aXZlUmVkdWN0aW9uIjogIkRvZXMgbm90IGV4Y2x1ZGUgY21kLmV4ZSBnbG9iYWxseTsgb25seSBjaHJvbWUuZXhlIHBhcmVudCBwbHVzIEFkb2JlL0Nocm9tZSBOYXRpdmUgTWVzc2FnaW5nIGNvbW1hbmQtbGluZSBwYXR0ZXJuIiwKICJCZW5jaG1hcmtTY2VuYXJpbyI6ICJCNSIsCiAiQXJ0aWZhY3RQcm9maWxlIjogIlA0IExvdyBCYXNpYyB2MiIsCiAiUm91dGVyUHJvZmlsZSI6ICJQNCIsCiAiU291cmNlQXJ0aWZhY3QiOiAiQ3VzdG9tLlRGTS5ISURTLlA0Lkxvdy5CYXNpY192Mi9DVTAwMl9Tb3VyY2VfVEVDMDAyX0NNRF9CYXNpYyIsCiAiUm91dGVyQXJ0aWZhY3QiOiAiQ3VzdG9tLlRGTS5ISURTLlJvdXRlci5KU09OTC5EaXNjb3JkLkZpbmFsX3YzX2ZpeDMiCn0=
               CurrentDirectory: C:\Users\seguridad\Desktop\TFM\Velociraptor\
               User: LT29\seguridad
               LogonGuid: {6bc49a7d-4e8b-69fb-7a91-080000000000}
               LogonId: 0x8917A
               TerminalSessionId: 1
               IntegrityLevel: High
               Hashes: MD5=DFD66604CA0898E8E26DF7B1635B6326,SHA256=D23B67799A0DA0143E395BA5DB906A22AB08FAC4BD5581E275B1E0F1B3FAC55C,IMPHASH=88CB9A420410BDA787E305B65518A934
               ParentProcessGuid: {6bc49a7d-f41d-6a26-f11e-000000009401}
               ParentProcessId: 8852
               ParentImage: C:\Users\seguridad\Desktop\TFM\Velociraptor\velociraptor-v0.75.6-windows-amd64.exe
               ParentCommandLine: "C:\Users\seguridad\Desktop\TFM\Velociraptor\velociraptor-v0.75.6-windows-amd64.exe"  --config server.config.yaml gui
               ParentUser: LT29\seguridad

TimeCreated  : 09/06/2026 20:01:45
Id           : 1
ProviderName : Microsoft-Windows-Sysmon
Message      : Process Create:
               RuleName: -
               UtcTime: 2026-06-09 18:01:45.852
               ProcessGuid: {6bc49a7d-5509-6a28-2328-000000009401}
               ProcessId: 12856
               Image: C:\Windows\System32\cmd.exe
               FileVersion: 10.0.19041.746 (WinBuild.160101.0800)
               Description: Windows Command Processor
               Product: Microsoft® Windows® Operating System
               Company: Microsoft Corporation
               OriginalFileName: Cmd.Exe
               CommandLine: "cmd.exe" /d /c reg.exe delete "HKCU\Software\Microsoft\Windows\CurrentVersion\Run" /v "TFM_T1547_001_test" /f
               CurrentDirectory: C:\Windows\system32\
               User: LT29\seguridad
               LogonGuid: {6bc49a7d-4e8b-69fb-7a91-080000000000}
               LogonId: 0x8917A
               TerminalSessionId: 1
               IntegrityLevel: High
               Hashes: MD5=8A2122E8162DBEF04694B9C3E0B6CDEE,SHA256=B99D61D874728EDC0918CA0EB10EAB93D381E7367E377406E65963366C874450,IMPHASH=272245E2988E1E430500B852C4FB5E18
               ParentProcessGuid: {6bc49a7d-4b45-6a28-b426-000000009401}
               ParentProcessId: 2600
               ParentImage: C:\Windows\System32\WindowsPowerShell\v1.0\powershell.exe
               ParentCommandLine: "C:\Windows\System32\WindowsPowerShell\v1.0\powershell.exe" 
               ParentUser: LT29\seguridad

TimeCreated  : 09/06/2026 20:01:43
Id           : 1
ProviderName : Microsoft-Windows-Sysmon
Message      : Process Create:
               RuleName: -
               UtcTime: 2026-06-09 18:01:43.794
               ProcessGuid: {6bc49a7d-5507-6a28-2128-000000009401}
               ProcessId: 6168
               Image: C:\Windows\System32\cmd.exe
               FileVersion: 10.0.19041.746 (WinBuild.160101.0800)
               Description: Windows Command Processor
               Product: Microsoft® Windows® Operating System
               Company: Microsoft Corporation
               OriginalFileName: Cmd.Exe
               CommandLine: "cmd.exe" /d /c reg.exe add "HKCU\Software\Microsoft\Windows\CurrentVersion\Run" /v "TFM_T1547_001_test" /t REG_SZ /d "C:\Windows\System32\calc.exe" /f
               CurrentDirectory: C:\Windows\system32\
               User: LT29\seguridad
               LogonGuid: {6bc49a7d-4e8b-69fb-7a91-080000000000}
               LogonId: 0x8917A
               TerminalSessionId: 1
               IntegrityLevel: High
               Hashes: MD5=8A2122E8162DBEF04694B9C3E0B6CDEE,SHA256=B99D61D874728EDC0918CA0EB10EAB93D381E7367E377406E65963366C874450,IMPHASH=272245E2988E1E430500B852C4FB5E18
               ParentProcessGuid: {6bc49a7d-4b45-6a28-b426-000000009401}
               ParentProcessId: 2600
               ParentImage: C:\Windows\System32\WindowsPowerShell\v1.0\powershell.exe
               ParentCommandLine: "C:\Windows\System32\WindowsPowerShell\v1.0\powershell.exe" 
               ParentUser: LT29\seguridad

TimeCreated  : 09/06/2026 20:01:33
Id           : 1
ProviderName : Microsoft-Windows-Sysmon
Message      : Process Create:
               RuleName: -
               UtcTime: 2026-06-09 18:01:33.701
               ProcessGuid: {6bc49a7d-54fd-6a28-1f28-000000009401}
               ProcessId: 15044
               Image: C:\Windows\System32\cmd.exe
               FileVersion: 10.0.19041.746 (WinBuild.160101.0800)
               Description: Windows Command Processor
               Product: Microsoft® Windows® Operating System
               Company: Microsoft Corporation
               OriginalFileName: Cmd.Exe
               CommandLine: "cmd.exe" /d /c schtasks.exe /delete /tn "TFM-TEC-003" /f
               CurrentDirectory: C:\Windows\system32\
               User: LT29\seguridad
               LogonGuid: {6bc49a7d-4e8b-69fb-7a91-080000000000}
               LogonId: 0x8917A
               TerminalSessionId: 1
               IntegrityLevel: High
               Hashes: MD5=8A2122E8162DBEF04694B9C3E0B6CDEE,SHA256=B99D61D874728EDC0918CA0EB10EAB93D381E7367E377406E65963366C874450,IMPHASH=272245E2988E1E430500B852C4FB5E18
               ParentProcessGuid: {6bc49a7d-4b45-6a28-b426-000000009401}
               ParentProcessId: 2600
               ParentImage: C:\Windows\System32\WindowsPowerShell\v1.0\powershell.exe
               ParentCommandLine: "C:\Windows\System32\WindowsPowerShell\v1.0\powershell.exe" 
               ParentUser: LT29\seguridad

TimeCreated  : 09/06/2026 20:01:31
Id           : 1
ProviderName : Microsoft-Windows-Sysmon
Message      : Process Create:
               RuleName: -
               UtcTime: 2026-06-09 18:01:31.649
               ProcessGuid: {6bc49a7d-54fb-6a28-1b28-000000009401}
               ProcessId: 11464
               Image: C:\Windows\System32\cmd.exe
               FileVersion: 10.0.19041.746 (WinBuild.160101.0800)
               Description: Windows Command Processor
               Product: Microsoft® Windows® Operating System
               Company: Microsoft Corporation
               OriginalFileName: Cmd.Exe
               CommandLine: "cmd.exe" /d /c schtasks.exe /run /tn "TFM-TEC-003"
               CurrentDirectory: C:\Windows\system32\
               User: LT29\seguridad
               LogonGuid: {6bc49a7d-4e8b-69fb-7a91-080000000000}
               LogonId: 0x8917A
               TerminalSessionId: 1
               IntegrityLevel: High
               Hashes: MD5=8A2122E8162DBEF04694B9C3E0B6CDEE,SHA256=B99D61D874728EDC0918CA0EB10EAB93D381E7367E377406E65963366C874450,IMPHASH=272245E2988E1E430500B852C4FB5E18
               ParentProcessGuid: {6bc49a7d-4b45-6a28-b426-000000009401}
               ParentProcessId: 2600
               ParentImage: C:\Windows\System32\WindowsPowerShell\v1.0\powershell.exe
               ParentCommandLine: "C:\Windows\System32\WindowsPowerShell\v1.0\powershell.exe" 
               ParentUser: LT29\seguridad

TimeCreated  : 09/06/2026 20:01:29
Id           : 1
ProviderName : Microsoft-Windows-Sysmon
Message      : Process Create:
               RuleName: -
               UtcTime: 2026-06-09 18:01:29.556
               ProcessGuid: {6bc49a7d-54f9-6a28-1928-000000009401}
               ProcessId: 6516
               Image: C:\Windows\System32\cmd.exe
               FileVersion: 10.0.19041.746 (WinBuild.160101.0800)
               Description: Windows Command Processor
               Product: Microsoft® Windows® Operating System
               Company: Microsoft Corporation
               OriginalFileName: Cmd.Exe
               CommandLine: "cmd.exe" /d /c schtasks.exe /create /tn "TFM-TEC-003" /tr "cmd.exe /c echo TEC003_OK ^> C:\Users\Public\tec003_ok.txt" /sc once /st 20:06 /f
               CurrentDirectory: C:\Windows\system32\
               User: LT29\seguridad
               LogonGuid: {6bc49a7d-4e8b-69fb-7a91-080000000000}
               LogonId: 0x8917A
               TerminalSessionId: 1
               IntegrityLevel: High
               Hashes: MD5=8A2122E8162DBEF04694B9C3E0B6CDEE,SHA256=B99D61D874728EDC0918CA0EB10EAB93D381E7367E377406E65963366C874450,IMPHASH=272245E2988E1E430500B852C4FB5E18
               ParentProcessGuid: {6bc49a7d-4b45-6a28-b426-000000009401}
               ParentProcessId: 2600
               ParentImage: C:\Windows\System32\WindowsPowerShell\v1.0\powershell.exe
               ParentCommandLine: "C:\Windows\System32\WindowsPowerShell\v1.0\powershell.exe" 
               ParentUser: LT29\seguridad

TimeCreated  : 09/06/2026 20:01:17
Id           : 11
ProviderName : Microsoft-Windows-Sysmon
Message      : File created:
               RuleName: -
               UtcTime: 2026-06-09 18:01:17.850
               ProcessGuid: {6bc49a7d-54ed-6a28-1828-000000009401}
               ProcessId: 14100
               Image: C:\Windows\System32\WindowsPowerShell\v1.0\powershell.exe
               TargetFilename: C:\Users\seguridad\AppData\Local\Temp\__PSScriptPolicyTest_5etsxn11.ofi.ps1
               CreationUtcTime: 2026-06-09 18:01:17.850
               User: LT29\seguridad

TimeCreated  : 09/06/2026 20:01:17
Id           : 1
ProviderName : Microsoft-Windows-Sysmon
Message      : Process Create:
               RuleName: -
               UtcTime: 2026-06-09 18:01:17.774
               ProcessGuid: {6bc49a7d-54ed-6a28-1828-000000009401}
               ProcessId: 14100
               Image: C:\Windows\System32\WindowsPowerShell\v1.0\powershell.exe
               FileVersion: 10.0.19041.3393 (WinBuild.160101.0800)
               Description: Windows PowerShell
               Product: Microsoft® Windows® Operating System
               Company: Microsoft Corporation
               OriginalFileName: PowerShell.EXE
               CommandLine: powershell.exe  -NoProfile -Command Get-Process
               CurrentDirectory: C:\Windows\system32\
               User: LT29\seguridad
               LogonGuid: {6bc49a7d-4e8b-69fb-7a91-080000000000}
               LogonId: 0x8917A
               TerminalSessionId: 1
               IntegrityLevel: High
               Hashes: MD5=DFD66604CA0898E8E26DF7B1635B6326,SHA256=D23B67799A0DA0143E395BA5DB906A22AB08FAC4BD5581E275B1E0F1B3FAC55C,IMPHASH=88CB9A420410BDA787E305B65518A934
               ParentProcessGuid: {6bc49a7d-54ed-6a28-1728-000000009401}
               ParentProcessId: 3096
               ParentImage: C:\Windows\System32\cmd.exe
               ParentCommandLine: cmd.exe  /c "echo TEC002_OK & powershell.exe -NoProfile -Command Get-Process"
               ParentUser: LT29\seguridad

TimeCreated  : 09/06/2026 20:01:17
Id           : 1
ProviderName : Microsoft-Windows-Sysmon
Message      : Process Create:
               RuleName: -
               UtcTime: 2026-06-09 18:01:17.754
               ProcessGuid: {6bc49a7d-54ed-6a28-1728-000000009401}
               ProcessId: 3096
               Image: C:\Windows\System32\cmd.exe
               FileVersion: 10.0.19041.746 (WinBuild.160101.0800)
               Description: Windows Command Processor
               Product: Microsoft® Windows® Operating System
               Company: Microsoft Corporation
               OriginalFileName: Cmd.Exe
               CommandLine: cmd.exe  /c "echo TEC002_OK & powershell.exe -NoProfile -Command Get-Process"
               CurrentDirectory: C:\Windows\system32\
               User: LT29\seguridad
               LogonGuid: {6bc49a7d-4e8b-69fb-7a91-080000000000}
               LogonId: 0x8917A
               TerminalSessionId: 1
               IntegrityLevel: High
               Hashes: MD5=8A2122E8162DBEF04694B9C3E0B6CDEE,SHA256=B99D61D874728EDC0918CA0EB10EAB93D381E7367E377406E65963366C874450,IMPHASH=272245E2988E1E430500B852C4FB5E18
               ParentProcessGuid: {6bc49a7d-54ed-6a28-1628-000000009401}
               ParentProcessId: 14532
               ParentImage: C:\Windows\System32\cmd.exe
               ParentCommandLine: "cmd.exe" /d /c cmd.exe /c "echo TEC002_OK & powershell.exe -NoProfile -Command Get-Process"
               ParentUser: LT29\seguridad

TimeCreated  : 09/06/2026 20:01:17
Id           : 1
ProviderName : Microsoft-Windows-Sysmon
Message      : Process Create:
               RuleName: -
               UtcTime: 2026-06-09 18:01:17.745
               ProcessGuid: {6bc49a7d-54ed-6a28-1628-000000009401}
               ProcessId: 14532
               Image: C:\Windows\System32\cmd.exe
               FileVersion: 10.0.19041.746 (WinBuild.160101.0800)
               Description: Windows Command Processor
               Product: Microsoft® Windows® Operating System
               Company: Microsoft Corporation
               OriginalFileName: Cmd.Exe
               CommandLine: "cmd.exe" /d /c cmd.exe /c "echo TEC002_OK & powershell.exe -NoProfile -Command Get-Process"
               CurrentDirectory: C:\Windows\system32\
               User: LT29\seguridad
               LogonGuid: {6bc49a7d-4e8b-69fb-7a91-080000000000}
               LogonId: 0x8917A
               TerminalSessionId: 1
               IntegrityLevel: High
               Hashes: MD5=8A2122E8162DBEF04694B9C3E0B6CDEE,SHA256=B99D61D874728EDC0918CA0EB10EAB93D381E7367E377406E65963366C874450,IMPHASH=272245E2988E1E430500B852C4FB5E18
               ParentProcessGuid: {6bc49a7d-4b45-6a28-b426-000000009401}
               ParentProcessId: 2600
               ParentImage: C:\Windows\System32\WindowsPowerShell\v1.0\powershell.exe
               ParentCommandLine: "C:\Windows\System32\WindowsPowerShell\v1.0\powershell.exe" 
               ParentUser: LT29\seguridad

