TimeCreated  : 09/06/2026 20:03:41
Id           : 11
ProviderName : Microsoft-Windows-Sysmon
Message      : File created:
               RuleName: -
               UtcTime: 2026-06-09 18:03:41.956
               ProcessGuid: {6bc49a7d-557d-6a28-6428-000000009401}
               ProcessId: 7760
               Image: C:\Windows\System32\WindowsPowerShell\v1.0\powershell.exe
               TargetFilename: C:\Program Files\Velociraptor\Tools\__PSScriptPolicyTest_xu4sxy5n.jf4.ps1
               CreationUtcTime: 2026-06-09 18:03:41.956
               User: LT29\seguridad

TimeCreated  : 09/06/2026 20:03:41
Id           : 1
ProviderName : Microsoft-Windows-Sysmon
Message      : Process Create:
               RuleName: -
               UtcTime: 2026-06-09 18:03:41.827
               ProcessGuid: {6bc49a7d-557d-6a28-6428-000000009401}
               ProcessId: 7760
               Image: C:\Windows\System32\WindowsPowerShell\v1.0\powershell.exe
               FileVersion: 10.0.19041.3393 (WinBuild.160101.0800)
               Description: Windows PowerShell
               Product: Microsoft® Windows® Operating System
               Company: Microsoft Corporation
               OriginalFileName: PowerShell.EXE
               CommandLine: powershell.exe -NoProfile -NonInteractive -ExecutionPolicy Bypass -Command "& { param([string]$p,[string]$b64) $json=[System.Text.Encoding]::UTF8.GetString([System.Convert]::FromBase64String($b64)); $compact=($json | ConvertFrom-Json | ConvertTo-Json -Compress -Depth 20); $d=Split-Path -Parent $p; if (!(Test-Path -LiteralPath $d)) { New-Item -ItemType Directory -Path $d -Force | Out-Null }; Add-Content -LiteralPath $p -Value $compact -Encoding UTF8 }" \\VBOXSVR\Carpeta_Compartida_TFM\inbox\alerts.jsonl ewogIlJvdXRlclRpbWUiOiAiMjAyNi0wNi0wOVQxODowMzo0MVoiLAogIkRldGVjdGlvblRpbWUiOiAxNzgxMDI4MTE1Ljk2NTcwNTYsCiAiQ2xpZW50SWQiOiAiQy4zNjQ5MDcxNzI3OTNmOGM3IiwKICJIb3N0bmFtZSI6ICJMVDI5LmFpdC51cy5lcyIsCiAiQ1VfSUQiOiAiQ1UtMDA1IiwKICJJRF9UZWNuaWNhX0ludGVybmEiOiAiVEVDLTAwNSIsCiAiTUlUUkVfSUQiOiAiVDE1NjkuMDAyIiwKICJNSVRSRV9UYWN0aWMiOiAiRXhlY3V0aW9uIiwKICJNSVRSRV9UYWN0aWNfQ29udGV4dCI6ICIiLAogIlNpZ25hbFR5cGUiOiAiV2luZG93cyBTeXN0ZW0gRXZlbnQgNzA0NSIsCiAiQWxlcnROYW1lIjogIldpbmRvd3Mgc2VydmljZSBjcmVhdGlvbiBkZXRlY3RlZCAtIGJhc2ljIHByb2ZpbGUgdjIiLAogIlNldmVyaXR5IjogIkhpZ2giLAogIlByaW9yaXR5IjogIlAyIiwKICJDb25maWRlbmNlIjogIkhpZ2giLAogIkRldGVjdGlvblNjb3BlIjogIkhvc3QtYmFzZWQgV2luZG93cyBFdmVudCBMb2ciLAogIk91dHB1dFR5cGUiOiAiRGV0ZWNjaW9uIC8gQWxlcnRhIFJUIHNpIHNlIGVucnV0YSIsCiAiRlBfUmlzayI6ICJCYWpvL01lZGlvIiwKICJDVV9SZWFzb24iOiAiRXZlbnRJRCA3MDQ1IGluZGljYXRlcyBzZXJ2aWNlIGluc3RhbGxhdGlvbiIsCiAiQ1VfRXZpZGVuY2UiOiAiQzpcXFdpbmRvd3NcXFN5c3RlbTMyXFxjbWQuZXhlIC9jIGVjaG8gVEVDMDA1X09LIF5cdTAwM2UgQzpcXFVzZXJzXFxQdWJsaWNcXHRlYzAwNV9vay50eHQiLAogIkV2ZW50SUQiOiA3MDQ1LAogIkNoYW5uZWwiOiAiU3lzdGVtIiwKICJQcm92aWRlciI6ICJTZXJ2aWNlIENvbnRyb2wgTWFuYWdlciIsCiAiSW1hZ2UiOiAiQzpcXFdpbmRvd3NcXFN5c3RlbTMyXFxjbWQuZXhlIC9jIGVjaG8gVEVDMDA1X09LIF5cdTAwM2UgQzpcXFVzZXJzXFxQdWJsaWNcXHRlYzAwNV9vay50eHQiLAogIkNvbW1hbmRMaW5lIjogIkM6XFxXaW5kb3dzXFxTeXN0ZW0zMlxcY21kLmV4ZSAvYyBlY2hvIFRFQzAwNV9PSyBeXHUwMDNlIEM6XFxVc2Vyc1xcUHVibGljXFx0ZWMwMDVfb2sudHh0IiwKICJQYXJlbnRJbWFnZSI6ICIiLAogIlBhcmVudENvbW1hbmRMaW5lIjogIiIsCiAiVXNlciI6ICIiLAogIlRhcmdldEZpbGVuYW1lIjogIlRGTSBURUMwMDUgVGVzdCBTZXJ2aWNlIiwKICJEZXRlY3Rpb25Mb2dpYyI6ICJTeXN0ZW0uZXZ0eCArIEV2ZW50SUQgNzA0NSIsCiAiRmFsc2VQb3NpdGl2ZVJlZHVjdGlvbiI6ICJSZXZpZXcgbGVnaXRpbWF0ZSB1cGRhdGVyL2NvcnBvcmF0ZSBzZXJ2aWNlcyIsCiAiQmVuY2htYXJrU2NlbmFyaW8iOiAiQjUiLAogIkFydGlmYWN0UHJvZmlsZSI6ICJQNCBMb3cgQmFzaWMgdjIiLAogIlJvdXRlclByb2ZpbGUiOiAiUDQiLAogIlNvdXJjZUFydGlmYWN0IjogIkN1c3RvbS5URk0uSElEUy5QNC5Mb3cuQmFzaWNfdjIvQ1UwMDVfU291cmNlX1RFQzAwNV9TZXJ2aWNlQ3JlYXRpb25fNzA0NSIsCiAiUm91dGVyQXJ0aWZhY3QiOiAiQ3VzdG9tLlRGTS5ISURTLlJvdXRlci5KU09OTC5EaXNjb3JkLkZpbmFsX3YzX2ZpeDMiCn0=
               CurrentDirectory: C:\Users\seguridad\Desktop\TFM\Velociraptor\
               User: LT29\seguridad
               LogonGuid: {6bc49a7d-4e8b-69fb-7a91-080000000000}
               LogonId: 0x8917A
               TerminalSessionId: 1
               IntegrityLevel: High
               Hashes: MD5=DFD66604CA0898E8E26DF7B1635B6326,SHA256=D23B67799A0DA0143E395BA5DB906A22AB08FAC4BD5581E275B1E0F1B3FAC55C,IMPHASH=88CB9A420410BDA787E305B65518A934
               ParentProcessGuid: {6bc49a7d-f41d-6a26-f11e-000000009401}
               ParentProcessId: 8852
               ParentImage: C:\Users\seguridad\Desktop\TFM\Velociraptor\velociraptor-v0.75.6-windows-amd64.exe
               ParentCommandLine: "C:\Users\seguridad\Desktop\TFM\Velociraptor\velociraptor-v0.75.6-windows-amd64.exe"  --config server.config.yaml gui
               ParentUser: LT29\seguridad

TimeCreated  : 09/06/2026 20:03:07
Id           : 11
ProviderName : Microsoft-Windows-Sysmon
Message      : File created:
               RuleName: -
               UtcTime: 2026-06-09 18:03:07.673
               ProcessGuid: {6bc49a7d-555b-6a28-6328-000000009401}
               ProcessId: 14316
               Image: C:\Windows\System32\WindowsPowerShell\v1.0\powershell.exe
               TargetFilename: C:\Users\seguridad\AppData\Local\Temp\__PSScriptPolicyTest_evxjcwox.zxy.ps1
               CreationUtcTime: 2026-06-09 18:03:07.673
               User: LT29\seguridad

TimeCreated  : 09/06/2026 20:03:07
Id           : 1
ProviderName : Microsoft-Windows-Sysmon
Message      : Process Create:
               RuleName: -
               UtcTime: 2026-06-09 18:03:07.496
               ProcessGuid: {6bc49a7d-555b-6a28-6328-000000009401}
               ProcessId: 14316
               Image: C:\Windows\System32\WindowsPowerShell\v1.0\powershell.exe
               FileVersion: 10.0.19041.3393 (WinBuild.160101.0800)
               Description: Windows PowerShell
               Product: Microsoft® Windows® Operating System
               Company: Microsoft Corporation
               OriginalFileName: PowerShell.EXE
               CommandLine: powershell.exe  -NoProfile -ExecutionPolicy Bypass -Command "$target = 'C:\Users\seguridad\Desktop\TFM\Pruebas\DUMB_LAB'; Write-Host 'TEC008_OK'; Get-ChildItem $target -Recurse -File | ForEach-Object { Remove-Item $_.FullName -Force }; Start-Sleep 3"
               CurrentDirectory: C:\Windows\system32\
               User: LT29\seguridad
               LogonGuid: {6bc49a7d-4e8b-69fb-7a91-080000000000}
               LogonId: 0x8917A
               TerminalSessionId: 1
               IntegrityLevel: High
               Hashes: MD5=DFD66604CA0898E8E26DF7B1635B6326,SHA256=D23B67799A0DA0143E395BA5DB906A22AB08FAC4BD5581E275B1E0F1B3FAC55C,IMPHASH=88CB9A420410BDA787E305B65518A934
               ParentProcessGuid: {6bc49a7d-555b-6a28-6228-000000009401}
               ParentProcessId: 15072
               ParentImage: C:\Windows\System32\cmd.exe
               ParentCommandLine: "cmd.exe" /d /c powershell.exe -NoProfile -ExecutionPolicy Bypass -Command "$target = 'C:\Users\seguridad\Desktop\TFM\Pruebas\DUMB_LAB'; Write-Host 'TEC008_OK'; Get-ChildItem $target -Recurse -File | ForEach-Object { Remove-Item $_.FullName -Force }; Start-Sleep 3"
               ParentUser: LT29\seguridad

TimeCreated  : 09/06/2026 20:03:07
Id           : 1
ProviderName : Microsoft-Windows-Sysmon
Message      : Process Create:
               RuleName: -
               UtcTime: 2026-06-09 18:03:07.463
               ProcessGuid: {6bc49a7d-555b-6a28-6228-000000009401}
               ProcessId: 15072
               Image: C:\Windows\System32\cmd.exe
               FileVersion: 10.0.19041.746 (WinBuild.160101.0800)
               Description: Windows Command Processor
               Product: Microsoft® Windows® Operating System
               Company: Microsoft Corporation
               OriginalFileName: Cmd.Exe
               CommandLine: "cmd.exe" /d /c powershell.exe -NoProfile -ExecutionPolicy Bypass -Command "$target = 'C:\Users\seguridad\Desktop\TFM\Pruebas\DUMB_LAB'; Write-Host 'TEC008_OK'; Get-ChildItem $target -Recurse -File | ForEach-Object { Remove-Item $_.FullName -Force }; Start-Sleep 3"
               CurrentDirectory: C:\Windows\system32\
               User: LT29\seguridad
               LogonGuid: {6bc49a7d-4e8b-69fb-7a91-080000000000}
               LogonId: 0x8917A
               TerminalSessionId: 1
               IntegrityLevel: High
               Hashes: MD5=8A2122E8162DBEF04694B9C3E0B6CDEE,SHA256=B99D61D874728EDC0918CA0EB10EAB93D381E7367E377406E65963366C874450,IMPHASH=272245E2988E1E430500B852C4FB5E18
               ParentProcessGuid: {6bc49a7d-4b45-6a28-b426-000000009401}
               ParentProcessId: 2600
               ParentImage: C:\Windows\System32\WindowsPowerShell\v1.0\powershell.exe
               ParentCommandLine: "C:\Windows\System32\WindowsPowerShell\v1.0\powershell.exe" 
               ParentUser: LT29\seguridad

TimeCreated  : 09/06/2026 20:03:00
Id           : 11
ProviderName : Microsoft-Windows-Sysmon
Message      : File created:
               RuleName: -
               UtcTime: 2026-06-09 18:03:00.661
               ProcessGuid: {6bc49a7d-5554-6a28-6028-000000009401}
               ProcessId: 7676
               Image: C:\Windows\System32\WindowsPowerShell\v1.0\powershell.exe
               TargetFilename: C:\Users\seguridad\AppData\Local\Temp\__PSScriptPolicyTest_ng1tphus.1mh.ps1
               CreationUtcTime: 2026-06-09 18:03:00.661
               User: LT29\seguridad

TimeCreated  : 09/06/2026 20:03:00
Id           : 1
ProviderName : Microsoft-Windows-Sysmon
Message      : Process Create:
               RuleName: -
               UtcTime: 2026-06-09 18:03:00.588
               ProcessGuid: {6bc49a7d-5554-6a28-6028-000000009401}
               ProcessId: 7676
               Image: C:\Windows\System32\WindowsPowerShell\v1.0\powershell.exe
               FileVersion: 10.0.19041.3393 (WinBuild.160101.0800)
               Description: Windows PowerShell
               Product: Microsoft® Windows® Operating System
               Company: Microsoft Corporation
               OriginalFileName: PowerShell.EXE
               CommandLine: powershell.exe  -NoProfile -ExecutionPolicy Bypass -File "C:\Users\seguridad\Desktop\TFM\Pruebas\TEC-008_Sabotaje\crear_directorio_dummy.ps1" 
               CurrentDirectory: C:\Windows\system32\
               User: LT29\seguridad
               LogonGuid: {6bc49a7d-4e8b-69fb-7a91-080000000000}
               LogonId: 0x8917A
               TerminalSessionId: 1
               IntegrityLevel: High
               Hashes: MD5=DFD66604CA0898E8E26DF7B1635B6326,SHA256=D23B67799A0DA0143E395BA5DB906A22AB08FAC4BD5581E275B1E0F1B3FAC55C,IMPHASH=88CB9A420410BDA787E305B65518A934
               ParentProcessGuid: {6bc49a7d-5554-6a28-5f28-000000009401}
               ParentProcessId: 12788
               ParentImage: C:\Windows\System32\cmd.exe
               ParentCommandLine: "cmd.exe" /d /c powershell.exe -NoProfile -ExecutionPolicy Bypass -File "C:\Users\seguridad\Desktop\TFM\Pruebas\TEC-008_Sabotaje\crear_directorio_dummy.ps1" 
               ParentUser: LT29\seguridad

TimeCreated  : 09/06/2026 20:03:00
Id           : 1
ProviderName : Microsoft-Windows-Sysmon
Message      : Process Create:
               RuleName: -
               UtcTime: 2026-06-09 18:03:00.575
               ProcessGuid: {6bc49a7d-5554-6a28-5f28-000000009401}
               ProcessId: 12788
               Image: C:\Windows\System32\cmd.exe
               FileVersion: 10.0.19041.746 (WinBuild.160101.0800)
               Description: Windows Command Processor
               Product: Microsoft® Windows® Operating System
               Company: Microsoft Corporation
               OriginalFileName: Cmd.Exe
               CommandLine: "cmd.exe" /d /c powershell.exe -NoProfile -ExecutionPolicy Bypass -File "C:\Users\seguridad\Desktop\TFM\Pruebas\TEC-008_Sabotaje\crear_directorio_dummy.ps1" 
               CurrentDirectory: C:\Windows\system32\
               User: LT29\seguridad
               LogonGuid: {6bc49a7d-4e8b-69fb-7a91-080000000000}
               LogonId: 0x8917A
               TerminalSessionId: 1
               IntegrityLevel: High
               Hashes: MD5=8A2122E8162DBEF04694B9C3E0B6CDEE,SHA256=B99D61D874728EDC0918CA0EB10EAB93D381E7367E377406E65963366C874450,IMPHASH=272245E2988E1E430500B852C4FB5E18
               ParentProcessGuid: {6bc49a7d-4b45-6a28-b426-000000009401}
               ParentProcessId: 2600
               ParentImage: C:\Windows\System32\WindowsPowerShell\v1.0\powershell.exe
               ParentCommandLine: "C:\Windows\System32\WindowsPowerShell\v1.0\powershell.exe" 
               ParentUser: LT29\seguridad

TimeCreated  : 09/06/2026 20:02:54
Id           : 11
ProviderName : Microsoft-Windows-Sysmon
Message      : File created:
               RuleName: -
               UtcTime: 2026-06-09 18:02:54.744
               ProcessGuid: {6bc49a7d-554e-6a28-5e28-000000009401}
               ProcessId: 7384
               Image: C:\Windows\System32\WindowsPowerShell\v1.0\powershell.exe
               TargetFilename: C:\Program Files\Velociraptor\Tools\__PSScriptPolicyTest_ureh2iki.1bl.ps1
               CreationUtcTime: 2026-06-09 18:02:54.744
               User: LT29\seguridad

TimeCreated  : 09/06/2026 20:02:54
Id           : 1
ProviderName : Microsoft-Windows-Sysmon
Message      : Process Create:
               RuleName: -
               UtcTime: 2026-06-09 18:02:54.644
               ProcessGuid: {6bc49a7d-554e-6a28-5e28-000000009401}
               ProcessId: 7384
               Image: C:\Windows\System32\WindowsPowerShell\v1.0\powershell.exe
               FileVersion: 10.0.19041.3393 (WinBuild.160101.0800)
               Description: Windows PowerShell
               Product: Microsoft® Windows® Operating System
               Company: Microsoft Corporation
               OriginalFileName: PowerShell.EXE
               CommandLine: powershell.exe -NoProfile -NonInteractive -ExecutionPolicy Bypass -Command "& { param([string]$p,[string]$b64) $json=[System.Text.Encoding]::UTF8.GetString([System.Convert]::FromBase64String($b64)); $compact=($json | ConvertFrom-Json | ConvertTo-Json -Compress -Depth 20); $d=Split-Path -Parent $p; if (!(Test-Path -LiteralPath $d)) { New-Item -ItemType Directory -Path $d -Force | Out-Null }; Add-Content -LiteralPath $p -Value $compact -Encoding UTF8 }" \\VBOXSVR\Carpeta_Compartida_TFM\inbox\alerts.jsonl ewogIlJvdXRlclRpbWUiOiAiMjAyNi0wNi0wOVQxODowMjo1M1oiLAogIkRldGVjdGlvblRpbWUiOiAxNzgxMDI4MTA1Ljg2ODQ3MiwKICJDbGllbnRJZCI6ICJDLjM2NDkwNzE3Mjc5M2Y4YzciLAogIkhvc3RuYW1lIjogIkxUMjkuYWl0LnVzLmVzIiwKICJDVV9JRCI6ICJDVS0wMDQiLAogIklEX1RlY25pY2FfSW50ZXJuYSI6ICJURUMtMDA0IiwKICJNSVRSRV9JRCI6ICJUMTU0Ny4wMDEiLAogIk1JVFJFX1RhY3RpYyI6ICJQZXJzaXN0ZW5jZSIsCiAiTUlUUkVfVGFjdGljX0NvbnRleHQiOiAiUHJpdmlsZWdlIEVzY2FsYXRpb24iLAogIlNpZ25hbFR5cGUiOiAiUHJvY2Vzc0NyZWF0aW9uIiwKICJBbGVydE5hbWUiOiAiUmVnaXN0cnkgUnVuIEtleSBtb2RpZmljYXRpb24gYnkgcmVnLmV4ZSAtIGJhc2ljIHByb2ZpbGUgdjIiLAogIlNldmVyaXR5IjogIkhpZ2giLAogIlByaW9yaXR5IjogIlAyIiwKICJDb25maWRlbmNlIjogIk1lZGl1bSIsCiAiRGV0ZWN0aW9uU2NvcGUiOiAiSG9zdC1iYXNlZCBwcm9jZXNzIGNyZWF0aW9uIiwKICJPdXRwdXRUeXBlIjogIkRldGVjY2lvbiAvIEFsZXJ0YSBSVCBzaSBzZSBlbnJ1dGEiLAogIkZQX1Jpc2siOiAiTWVkaW8iLAogIkNVX1JlYXNvbiI6ICJyZWcuZXhlIG1vZGlmeWluZyBSdW4vUnVuT25jZSIsCiAiQ1VfRXZpZGVuY2UiOiAicmVnLmV4ZSAgZGVsZXRlIFwiSEtDVVxcU29mdHdhcmVcXE1pY3Jvc29mdFxcV2luZG93c1xcQ3VycmVudFZlcnNpb25cXFJ1blwiIC92IFwiVEZNX1QxNTQ3XzAwMV90ZXN0XCIgL2YiLAogIkV2ZW50SUQiOiAxLAogIkNoYW5uZWwiOiAiTWljcm9zb2Z0LVdpbmRvd3MtU3lzbW9uL09wZXJhdGlvbmFsIiwKICJQcm92aWRlciI6ICJNaWNyb3NvZnQtV2luZG93cy1TeXNtb24iLAogIkltYWdlIjogIkM6XFxXaW5kb3dzXFxTeXN0ZW0zMlxccmVnLmV4ZSIsCiAiQ29tbWFuZExpbmUiOiAicmVnLmV4ZSAgZGVsZXRlIFwiSEtDVVxcU29mdHdhcmVcXE1pY3Jvc29mdFxcV2luZG93c1xcQ3VycmVudFZlcnNpb25cXFJ1blwiIC92IFwiVEZNX1QxNTQ3XzAwMV90ZXN0XCIgL2YiLAogIlBhcmVudEltYWdlIjogIkM6XFxXaW5kb3dzXFxTeXN0ZW0zMlxcY21kLmV4ZSIsCiAiUGFyZW50Q29tbWFuZExpbmUiOiAiXCJjbWQuZXhlXCIgL2QgL2MgcmVnLmV4ZSBkZWxldGUgXCJIS0NVXFxTb2Z0d2FyZVxcTWljcm9zb2Z0XFxXaW5kb3dzXFxDdXJyZW50VmVyc2lvblxcUnVuXCIgL3YgXCJURk1fVDE1NDdfMDAxX3Rlc3RcIiAvZiIsCiAiVXNlciI6ICJMVDI5XFxzZWd1cmlkYWQiLAogIlRhcmdldEZpbGVuYW1lIjogIiIsCiAiRGV0ZWN0aW9uTG9naWMiOiAiU3lzbW9uIElEIDEgKyByZWcuZXhlICsgUnVuL1J1bk9uY2UiLAogIkZhbHNlUG9zaXRpdmVSZWR1Y3Rpb24iOiAiTGVnaXRpbWF0ZSBpbnN0YWxsZXJzIG1heSBtb2RpZnkgUnVuIEtleXM7IHJldmlldyBpbWFnZS91c2VyL3BhdGggY29udGV4dCIsCiAiQmVuY2htYXJrU2NlbmFyaW8iOiAiQjUiLAogIkFydGlmYWN0UHJvZmlsZSI6ICJQNCBMb3cgQmFzaWMgdjIiLAogIlJvdXRlclByb2ZpbGUiOiAiUDQiLAogIlNvdXJjZUFydGlmYWN0IjogIkN1c3RvbS5URk0uSElEUy5QNC5Mb3cuQmFzaWNfdjIvQ1UwMDRfU291cmNlX1RFQzAwNF9SdW5LZXlzX0Jhc2ljIiwKICJSb3V0ZXJBcnRpZmFjdCI6ICJDdXN0b20uVEZNLkhJRFMuUm91dGVyLkpTT05MLkRpc2NvcmQuRmluYWxfdjNfZml4MyIKfQ==
               CurrentDirectory: C:\Users\seguridad\Desktop\TFM\Velociraptor\
               User: LT29\seguridad
               LogonGuid: {6bc49a7d-4e8b-69fb-7a91-080000000000}
               LogonId: 0x8917A
               TerminalSessionId: 1
               IntegrityLevel: High
               Hashes: MD5=DFD66604CA0898E8E26DF7B1635B6326,SHA256=D23B67799A0DA0143E395BA5DB906A22AB08FAC4BD5581E275B1E0F1B3FAC55C,IMPHASH=88CB9A420410BDA787E305B65518A934
               ParentProcessGuid: {6bc49a7d-f41d-6a26-f11e-000000009401}
               ParentProcessId: 8852
               ParentImage: C:\Users\seguridad\Desktop\TFM\Velociraptor\velociraptor-v0.75.6-windows-amd64.exe
               ParentCommandLine: "C:\Users\seguridad\Desktop\TFM\Velociraptor\velociraptor-v0.75.6-windows-amd64.exe"  --config server.config.yaml gui
               ParentUser: LT29\seguridad

TimeCreated  : 09/06/2026 20:02:54
Id           : 11
ProviderName : Microsoft-Windows-Sysmon
Message      : File created:
               RuleName: -
               UtcTime: 2026-06-09 18:02:54.225
               ProcessGuid: {6bc49a7d-554e-6a28-5d28-000000009401}
               ProcessId: 4928
               Image: C:\Windows\System32\WindowsPowerShell\v1.0\powershell.exe
               TargetFilename: C:\Program Files\Velociraptor\Tools\__PSScriptPolicyTest_4ylpke0i.tsu.ps1
               CreationUtcTime: 2026-06-09 18:02:54.225
               User: LT29\seguridad

TimeCreated  : 09/06/2026 20:02:54
Id           : 1
ProviderName : Microsoft-Windows-Sysmon
Message      : Process Create:
               RuleName: -
               UtcTime: 2026-06-09 18:02:54.140
               ProcessGuid: {6bc49a7d-554e-6a28-5d28-000000009401}
               ProcessId: 4928
               Image: C:\Windows\System32\WindowsPowerShell\v1.0\powershell.exe
               FileVersion: 10.0.19041.3393 (WinBuild.160101.0800)
               Description: Windows PowerShell
               Product: Microsoft® Windows® Operating System
               Company: Microsoft Corporation
               OriginalFileName: PowerShell.EXE
               CommandLine: powershell.exe -NoProfile -NonInteractive -ExecutionPolicy Bypass -Command "& { param([string]$p,[string]$b64) $json=[System.Text.Encoding]::UTF8.GetString([System.Convert]::FromBase64String($b64)); $compact=($json | ConvertFrom-Json | ConvertTo-Json -Compress -Depth 20); $d=Split-Path -Parent $p; if (!(Test-Path -LiteralPath $d)) { New-Item -ItemType Directory -Path $d -Force | Out-Null }; Add-Content -LiteralPath $p -Value $compact -Encoding UTF8 }" \\VBOXSVR\Carpeta_Compartida_TFM\inbox\alerts.jsonl ewogIlJvdXRlclRpbWUiOiAiMjAyNi0wNi0wOVQxODowMjo1M1oiLAogIkRldGVjdGlvblRpbWUiOiAxNzgxMDI4MTAzLjgxMzI5NzUsCiAiQ2xpZW50SWQiOiAiQy4zNjQ5MDcxNzI3OTNmOGM3IiwKICJIb3N0bmFtZSI6ICJMVDI5LmFpdC51cy5lcyIsCiAiQ1VfSUQiOiAiQ1UtMDA0IiwKICJJRF9UZWNuaWNhX0ludGVybmEiOiAiVEVDLTAwNCIsCiAiTUlUUkVfSUQiOiAiVDE1NDcuMDAxIiwKICJNSVRSRV9UYWN0aWMiOiAiUGVyc2lzdGVuY2UiLAogIk1JVFJFX1RhY3RpY19Db250ZXh0IjogIlByaXZpbGVnZSBFc2NhbGF0aW9uIiwKICJTaWduYWxUeXBlIjogIlByb2Nlc3NDcmVhdGlvbiIsCiAiQWxlcnROYW1lIjogIlJlZ2lzdHJ5IFJ1biBLZXkgbW9kaWZpY2F0aW9uIGJ5IHJlZy5leGUgLSBiYXNpYyBwcm9maWxlIHYyIiwKICJTZXZlcml0eSI6ICJIaWdoIiwKICJQcmlvcml0eSI6ICJQMiIsCiAiQ29uZmlkZW5jZSI6ICJNZWRpdW0iLAogIkRldGVjdGlvblNjb3BlIjogIkhvc3QtYmFzZWQgcHJvY2VzcyBjcmVhdGlvbiIsCiAiT3V0cHV0VHlwZSI6ICJEZXRlY2Npb24gLyBBbGVydGEgUlQgc2kgc2UgZW5ydXRhIiwKICJGUF9SaXNrIjogIk1lZGlvIiwKICJDVV9SZWFzb24iOiAicmVnLmV4ZSBtb2RpZnlpbmcgUnVuL1J1bk9uY2UiLAogIkNVX0V2aWRlbmNlIjogInJlZy5leGUgIGFkZCBcIkhLQ1VcXFNvZnR3YXJlXFxNaWNyb3NvZnRcXFdpbmRvd3NcXEN1cnJlbnRWZXJzaW9uXFxSdW5cIiAvdiBcIlRGTV9UMTU0N18wMDFfdGVzdFwiIC90IFJFR19TWiAvZCBcIkM6XFxXaW5kb3dzXFxTeXN0ZW0zMlxcY2FsYy5leGVcIiAvZiIsCiAiRXZlbnRJRCI6IDEsCiAiQ2hhbm5lbCI6ICJNaWNyb3NvZnQtV2luZG93cy1TeXNtb24vT3BlcmF0aW9uYWwiLAogIlByb3ZpZGVyIjogIk1pY3Jvc29mdC1XaW5kb3dzLVN5c21vbiIsCiAiSW1hZ2UiOiAiQzpcXFdpbmRvd3NcXFN5c3RlbTMyXFxyZWcuZXhlIiwKICJDb21tYW5kTGluZSI6ICJyZWcuZXhlICBhZGQgXCJIS0NVXFxTb2Z0d2FyZVxcTWljcm9zb2Z0XFxXaW5kb3dzXFxDdXJyZW50VmVyc2lvblxcUnVuXCIgL3YgXCJURk1fVDE1NDdfMDAxX3Rlc3RcIiAvdCBSRUdfU1ogL2QgXCJDOlxcV2luZG93c1xcU3lzdGVtMzJcXGNhbGMuZXhlXCIgL2YiLAogIlBhcmVudEltYWdlIjogIkM6XFxXaW5kb3dzXFxTeXN0ZW0zMlxcY21kLmV4ZSIsCiAiUGFyZW50Q29tbWFuZExpbmUiOiAiXCJjbWQuZXhlXCIgL2QgL2MgcmVnLmV4ZSBhZGQgXCJIS0NVXFxTb2Z0d2FyZVxcTWljcm9zb2Z0XFxXaW5kb3dzXFxDdXJyZW50VmVyc2lvblxcUnVuXCIgL3YgXCJURk1fVDE1NDdfMDAxX3Rlc3RcIiAvdCBSRUdfU1ogL2QgXCJDOlxcV2luZG93c1xcU3lzdGVtMzJcXGNhbGMuZXhlXCIgL2YiLAogIlVzZXIiOiAiTFQyOVxcc2VndXJpZGFkIiwKICJUYXJnZXRGaWxlbmFtZSI6ICIiLAogIkRldGVjdGlvbkxvZ2ljIjogIlN5c21vbiBJRCAxICsgcmVnLmV4ZSArIFJ1bi9SdW5PbmNlIiwKICJGYWxzZVBvc2l0aXZlUmVkdWN0aW9uIjogIkxlZ2l0aW1hdGUgaW5zdGFsbGVycyBtYXkgbW9kaWZ5IFJ1biBLZXlzOyByZXZpZXcgaW1hZ2UvdXNlci9wYXRoIGNvbnRleHQiLAogIkJlbmNobWFya1NjZW5hcmlvIjogIkI1IiwKICJBcnRpZmFjdFByb2ZpbGUiOiAiUDQgTG93IEJhc2ljIHYyIiwKICJSb3V0ZXJQcm9maWxlIjogIlA0IiwKICJTb3VyY2VBcnRpZmFjdCI6ICJDdXN0b20uVEZNLkhJRFMuUDQuTG93LkJhc2ljX3YyL0NVMDA0X1NvdXJjZV9URUMwMDRfUnVuS2V5c19CYXNpYyIsCiAiUm91dGVyQXJ0aWZhY3QiOiAiQ3VzdG9tLlRGTS5ISURTLlJvdXRlci5KU09OTC5EaXNjb3JkLkZpbmFsX3YzX2ZpeDMiCn0=
               CurrentDirectory: C:\Users\seguridad\Desktop\TFM\Velociraptor\
               User: LT29\seguridad
               LogonGuid: {6bc49a7d-4e8b-69fb-7a91-080000000000}
               LogonId: 0x8917A
               TerminalSessionId: 1
               IntegrityLevel: High
               Hashes: MD5=DFD66604CA0898E8E26DF7B1635B6326,SHA256=D23B67799A0DA0143E395BA5DB906A22AB08FAC4BD5581E275B1E0F1B3FAC55C,IMPHASH=88CB9A420410BDA787E305B65518A934
               ParentProcessGuid: {6bc49a7d-f41d-6a26-f11e-000000009401}
               ParentProcessId: 8852
               ParentImage: C:\Users\seguridad\Desktop\TFM\Velociraptor\velociraptor-v0.75.6-windows-amd64.exe
               ParentCommandLine: "C:\Users\seguridad\Desktop\TFM\Velociraptor\velociraptor-v0.75.6-windows-amd64.exe"  --config server.config.yaml gui
               ParentUser: LT29\seguridad

TimeCreated  : 09/06/2026 20:02:53
Id           : 11
ProviderName : Microsoft-Windows-Sysmon
Message      : File created:
               RuleName: -
               UtcTime: 2026-06-09 18:02:53.543
               ProcessGuid: {6bc49a7d-554d-6a28-5c28-000000009401}
               ProcessId: 14288
               Image: C:\Windows\System32\WindowsPowerShell\v1.0\powershell.exe
               TargetFilename: C:\Program Files\Velociraptor\Tools\__PSScriptPolicyTest_rpm334da.c3f.ps1
               CreationUtcTime: 2026-06-09 18:02:53.543
               User: LT29\seguridad

TimeCreated  : 09/06/2026 20:02:53
Id           : 1
ProviderName : Microsoft-Windows-Sysmon
Message      : Process Create:
               RuleName: -
               UtcTime: 2026-06-09 18:02:53.352
               ProcessGuid: {6bc49a7d-554d-6a28-5c28-000000009401}
               ProcessId: 14288
               Image: C:\Windows\System32\WindowsPowerShell\v1.0\powershell.exe
               FileVersion: 10.0.19041.3393 (WinBuild.160101.0800)
               Description: Windows PowerShell
               Product: Microsoft® Windows® Operating System
               Company: Microsoft Corporation
               OriginalFileName: PowerShell.EXE
               CommandLine: powershell.exe -NoProfile -NonInteractive -ExecutionPolicy Bypass -Command "& { param([string]$p,[string]$b64) $json=[System.Text.Encoding]::UTF8.GetString([System.Convert]::FromBase64String($b64)); $compact=($json | ConvertFrom-Json | ConvertTo-Json -Compress -Depth 20); $d=Split-Path -Parent $p; if (!(Test-Path -LiteralPath $d)) { New-Item -ItemType Directory -Path $d -Force | Out-Null }; Add-Content -LiteralPath $p -Value $compact -Encoding UTF8 }" \\VBOXSVR\Carpeta_Compartida_TFM\inbox\alerts.jsonl ewogIlJvdXRlclRpbWUiOiAiMjAyNi0wNi0wOVQxODowMjo1M1oiLAogIkRldGVjdGlvblRpbWUiOiAxNzgxMDI4MDQzLjQ3NTQzODQsCiAiQ2xpZW50SWQiOiAiQy4zNjQ5MDcxNzI3OTNmOGM3IiwKICJIb3N0bmFtZSI6ICJMVDI5LmFpdC51cy5lcyIsCiAiQ1VfSUQiOiAiQ1UtMDA0IiwKICJJRF9UZWNuaWNhX0ludGVybmEiOiAiVEVDLTAwNCIsCiAiTUlUUkVfSUQiOiAiVDE1NDcuMDAxIiwKICJNSVRSRV9UYWN0aWMiOiAiUGVyc2lzdGVuY2UiLAogIk1JVFJFX1RhY3RpY19Db250ZXh0IjogIlByaXZpbGVnZSBFc2NhbGF0aW9uIiwKICJTaWduYWxUeXBlIjogIlByb2Nlc3NDcmVhdGlvbiIsCiAiQWxlcnROYW1lIjogIlJlZ2lzdHJ5IFJ1biBLZXkgbW9kaWZpY2F0aW9uIGJ5IHJlZy5leGUgLSBiYXNpYyBwcm9maWxlIHYyIiwKICJTZXZlcml0eSI6ICJIaWdoIiwKICJQcmlvcml0eSI6ICJQMiIsCiAiQ29uZmlkZW5jZSI6ICJNZWRpdW0iLAogIkRldGVjdGlvblNjb3BlIjogIkhvc3QtYmFzZWQgcHJvY2VzcyBjcmVhdGlvbiIsCiAiT3V0cHV0VHlwZSI6ICJEZXRlY2Npb24gLyBBbGVydGEgUlQgc2kgc2UgZW5ydXRhIiwKICJGUF9SaXNrIjogIk1lZGlvIiwKICJDVV9SZWFzb24iOiAicmVnLmV4ZSBtb2RpZnlpbmcgUnVuL1J1bk9uY2UiLAogIkNVX0V2aWRlbmNlIjogInJlZy5leGUgIGRlbGV0ZSBcIkhLQ1VcXFNvZnR3YXJlXFxNaWNyb3NvZnRcXFdpbmRvd3NcXEN1cnJlbnRWZXJzaW9uXFxSdW5cIiAvdiBcIlRGTV9UMTU0N18wMDFfdGVzdFwiIC9mIiwKICJFdmVudElEIjogMSwKICJDaGFubmVsIjogIk1pY3Jvc29mdC1XaW5kb3dzLVN5c21vbi9PcGVyYXRpb25hbCIsCiAiUHJvdmlkZXIiOiAiTWljcm9zb2Z0LVdpbmRvd3MtU3lzbW9uIiwKICJJbWFnZSI6ICJDOlxcV2luZG93c1xcU3lzdGVtMzJcXHJlZy5leGUiLAogIkNvbW1hbmRMaW5lIjogInJlZy5leGUgIGRlbGV0ZSBcIkhLQ1VcXFNvZnR3YXJlXFxNaWNyb3NvZnRcXFdpbmRvd3NcXEN1cnJlbnRWZXJzaW9uXFxSdW5cIiAvdiBcIlRGTV9UMTU0N18wMDFfdGVzdFwiIC9mIiwKICJQYXJlbnRJbWFnZSI6ICJDOlxcV2luZG93c1xcU3lzdGVtMzJcXGNtZC5leGUiLAogIlBhcmVudENvbW1hbmRMaW5lIjogIlwiY21kLmV4ZVwiIC9kIC9jIHJlZy5leGUgZGVsZXRlIFwiSEtDVVxcU29mdHdhcmVcXE1pY3Jvc29mdFxcV2luZG93c1xcQ3VycmVudFZlcnNpb25cXFJ1blwiIC92IFwiVEZNX1QxNTQ3XzAwMV90ZXN0XCIgL2YiLAogIlVzZXIiOiAiTFQyOVxcc2VndXJpZGFkIiwKICJUYXJnZXRGaWxlbmFtZSI6ICIiLAogIkRldGVjdGlvbkxvZ2ljIjogIlN5c21vbiBJRCAxICsgcmVnLmV4ZSArIFJ1bi9SdW5PbmNlIiwKICJGYWxzZVBvc2l0aXZlUmVkdWN0aW9uIjogIkxlZ2l0aW1hdGUgaW5zdGFsbGVycyBtYXkgbW9kaWZ5IFJ1biBLZXlzOyByZXZpZXcgaW1hZ2UvdXNlci9wYXRoIGNvbnRleHQiLAogIkJlbmNobWFya1NjZW5hcmlvIjogIkI1IiwKICJBcnRpZmFjdFByb2ZpbGUiOiAiUDQgTG93IEJhc2ljIHYyIiwKICJSb3V0ZXJQcm9maWxlIjogIlA0IiwKICJTb3VyY2VBcnRpZmFjdCI6ICJDdXN0b20uVEZNLkhJRFMuUDQuTG93LkJhc2ljX3YyL0NVMDA0X1NvdXJjZV9URUMwMDRfUnVuS2V5c19CYXNpYyIsCiAiUm91dGVyQXJ0aWZhY3QiOiAiQ3VzdG9tLlRGTS5ISURTLlJvdXRlci5KU09OTC5EaXNjb3JkLkZpbmFsX3YzX2ZpeDMiCn0=
               CurrentDirectory: C:\Users\seguridad\Desktop\TFM\Velociraptor\
               User: LT29\seguridad
               LogonGuid: {6bc49a7d-4e8b-69fb-7a91-080000000000}
               LogonId: 0x8917A
               TerminalSessionId: 1
               IntegrityLevel: High
               Hashes: MD5=DFD66604CA0898E8E26DF7B1635B6326,SHA256=D23B67799A0DA0143E395BA5DB906A22AB08FAC4BD5581E275B1E0F1B3FAC55C,IMPHASH=88CB9A420410BDA787E305B65518A934
               ParentProcessGuid: {6bc49a7d-f41d-6a26-f11e-000000009401}
               ParentProcessId: 8852
               ParentImage: C:\Users\seguridad\Desktop\TFM\Velociraptor\velociraptor-v0.75.6-windows-amd64.exe
               ParentCommandLine: "C:\Users\seguridad\Desktop\TFM\Velociraptor\velociraptor-v0.75.6-windows-amd64.exe"  --config server.config.yaml gui
               ParentUser: LT29\seguridad

TimeCreated  : 09/06/2026 20:02:47
Id           : 11
ProviderName : Microsoft-Windows-Sysmon
Message      : File created:
               RuleName: -
               UtcTime: 2026-06-09 18:02:47.358
               ProcessGuid: {6bc49a7d-5546-6a28-5b28-000000009401}
               ProcessId: 5248
               Image: C:\Windows\System32\WindowsPowerShell\v1.0\powershell.exe
               TargetFilename: C:\Program Files\Velociraptor\Tools\__PSScriptPolicyTest_3bubdh31.hca.ps1
               CreationUtcTime: 2026-06-09 18:02:47.358
               User: LT29\seguridad

TimeCreated  : 09/06/2026 20:02:46
Id           : 1
ProviderName : Microsoft-Windows-Sysmon
Message      : Process Create:
               RuleName: -
               UtcTime: 2026-06-09 18:02:46.595
               ProcessGuid: {6bc49a7d-5546-6a28-5b28-000000009401}
               ProcessId: 5248
               Image: C:\Windows\System32\WindowsPowerShell\v1.0\powershell.exe
               FileVersion: 10.0.19041.3393 (WinBuild.160101.0800)
               Description: Windows PowerShell
               Product: Microsoft® Windows® Operating System
               Company: Microsoft Corporation
               OriginalFileName: PowerShell.EXE
               CommandLine: powershell.exe -NoProfile -NonInteractive -ExecutionPolicy Bypass -Command "& { param([string]$p,[string]$b64) $json=[System.Text.Encoding]::UTF8.GetString([System.Convert]::FromBase64String($b64)); $compact=($json | ConvertFrom-Json | ConvertTo-Json -Compress -Depth 20); $d=Split-Path -Parent $p; if (!(Test-Path -LiteralPath $d)) { New-Item -ItemType Directory -Path $d -Force | Out-Null }; Add-Content -LiteralPath $p -Value $compact -Encoding UTF8 }" \\VBOXSVR\Carpeta_Compartida_TFM\inbox\alerts.jsonl ewogIlJvdXRlclRpbWUiOiAiMjAyNi0wNi0wOVQxODowMjo0NloiLAogIkRldGVjdGlvblRpbWUiOiAxNzgxMDI4MDQzLjM0NDYxNDUsCiAiQ2xpZW50SWQiOiAiQy4zNjQ5MDcxNzI3OTNmOGM3IiwKICJIb3N0bmFtZSI6ICJMVDI5LmFpdC51cy5lcyIsCiAiQ1VfSUQiOiAiQ1UtMDA3IiwKICJJRF9UZWNuaWNhX0ludGVybmEiOiAiVEVDLTAwNyIsCiAiTUlUUkVfSUQiOiAiVDE0ODYiLAogIk1JVFJFX1RhY3RpYyI6ICJJbXBhY3QiLAogIk1JVFJFX1RhY3RpY19Db250ZXh0IjogIiIsCiAiU2lnbmFsVHlwZSI6ICJQb3dlclNoZWxsIDQxMDQiLAogIkFsZXJ0TmFtZSI6ICJQb3NzaWJsZSByYW5zb213YXJlLWxpa2UgZW5jcnlwdGlvbiBiZWhhdmlvciAtIGJlaGF2aW9yYWwgcHJvZmlsZSB2MyIsCiAiU2V2ZXJpdHkiOiAiQ3JpdGljYWwiLAogIlByaW9yaXR5IjogIlAxIiwKICJDb25maWRlbmNlIjogIkhpZ2giLAogIkRldGVjdGlvblNjb3BlIjogIlBvd2VyU2hlbGwgU2NyaXB0IEJsb2NrIExvZ2dpbmciLAogIk91dHB1dFR5cGUiOiAiQWxlcnRhIFJUIC8gRGlzY29yZCByZWNvbWVuZGFkbyBzb2xvIHRyYXMgdmFsaWRhciBKU09OTCIsCiAiRlBfUmlzayI6ICJCYWpvL01lZGlvIiwKICJDVV9SZWFzb24iOiAiU3Ryb25nIFBvd2VyU2hlbGwgY3J5cHRvL2VuY3J5cHRpb24gaW5kaWNhdG9ycyIsCiAiQ1VfRXZpZGVuY2UiOiAiJGJhc2UgPSBcIkM6XFxVc2Vyc1xcc2VndXJpZGFkXFxEZXNrdG9wXFxURk1cIlxuJG91dCA9IEpvaW4tUGF0aCAkYmFzZSBcImRpYWdfcDN2M1wiXG4kanNvbmwgPSBcIlxcXFxWQk9YU1ZSXFxDYXJwZXRhX0NvbXBhcnRpZGFfVEZNXFxpbmJveFxcYWxlcnRzLmpzb25sXCJcblxuTmV3LUl0ZW0gLUl0ZW1UeXBlIERpcmVjdG9yeSAtRm9yY2UgLVBhdGggJG91dCB8IE91dC1OdWxsXG5cbiMgTGltcGlhciBKU09OTFxuQ2xlYXItQ29udGVudCAkanNvbmxcblxuIyBNYXJjYWRvciB0ZW1wb3JhbFxuJHQwID0gR2V0LURhdGVcblwiU1RBUlQ9JCgkdDAuVG9TdHJpbmcoJ28nKSlcIiB8IE91dC1GaWxlIFwiJG91dFxcMDBfdGltZV9tYXJrZXIudHh0XCIgLUVuY29kaW5nIHV0ZjhcblxuIyBFamVjdXRhciBjYW1wYcOxYVxuU2V0LUV4ZWN1dGlvblBvbGljeSBCeXBhc3MgLVNjb3BlIFByb2Nlc3MgLUZvcmNlXG5jZCAkYmFzZVxuLlxccnVubmVyX2NhbmRpZGF0ZVxcVEZNX1J1bl9BbGxfVEVDX1Rlc3RzX3YyLnBzMSAqXHUwMDNlXHUwMDI2MSB8IFRlZS1PYmplY3QgXCIkb3V0XFwwMV9ydW5uZXJfY29uc29sZS50eHRcIlxuXG4kdDEgPSBHZXQtRGF0ZVxuXCJFTkQ9JCgkdDEuVG9TdHJpbmcoJ28nKSlcIiB8IEFkZC1Db250ZW50IFwiJG91dFxcMDBfdGltZV9tYXJrZXIudHh0XCJcblxuIyBDb3BpYXIgSlNPTkxcbkNvcHktSXRlbSAkanNvbmwgXCIkb3V0XFwwMl9hbGVydHMuanNvbmxcIiAtRm9yY2VcblxuIyBDb3BpYXIgw7psdGltbyBsb2cgZGVsIHJ1bm5lclxuJGxhdGVzdExvZyA9IEdldC1DaGlsZEl0ZW0gXCIkYmFzZVxcUHJ1ZWJhc1xcTG9nc19QcnVlYmFzX1RGTVxcVEZNX1RFQ19SdW5fQ0FORElEQVRFX3YyXyoubG9nXCIgfFxuU29ydC1PYmplY3QgTGFzdFdyaXRlVGltZSAtRGVzY2VuZGluZyB8XG5TZWxlY3QtT2JqZWN0IC1GaXJzdCAxXG5cbmlmICgkbGF0ZXN0TG9nKSB7XG4gICAgQ29weS1JdGVtICRsYXRlc3RMb2cuRnVsbE5hbWUgXCIkb3V0XFwwM19ydW5uZXJfbGF0ZXN0LmxvZ1wiIC1Gb3JjZVxufVxuXG4jIFJlc3VtZW4gSlNPTkxcbiRhbGVydHMgPSBHZXQtQ29udGVudCAkanNvbmwgfCBXaGVyZS1PYmplY3QgeyAkXy5UcmltKCkgfSB8IENvbnZlcnRGcm9tLUpzb25cblxuJGFsZXJ0cy5Db3VudCB8IE91dC1GaWxlIFwiJG91dFxcMDRfYWxlcnRzX2NvdW50LnR4dFwiIC1FbmNvZGluZyB1dGY4XG5cbiRhbGVydHMgfFxuR3JvdXAtT2JqZWN0IENVX0lEIHxcblNvcnQtT2JqZWN0IE5hbWUgfFxuU2VsZWN0LU9iamVjdCBOYW1lLENvdW50IHxcbk91dC1GaWxlIFwiJG91dFxcMDVfYWxlcnRzX2J5X0NVLnR4dFwiIC1FbmNvZGluZyB1dGY4XG5cbiRhbGVydHMgfFxuR3JvdXAtT2JqZWN0IFNvdXJjZUFydGlmYWN0IHxcblNvcnQtT2JqZWN0IENvdW50IC1EZXNjZW5kaW5nIHxcblNlbGVjdC1PYmplY3QgTmFtZSxDb3VudCB8XG5PdXQtRmlsZSBcIiRvdXRcXDA2X2FsZXJ0c19ieV9Tb3VyY2VBcnRpZmFjdC50eHRcIiAtRW5jb2RpbmcgdXRmOFxuXG4kYWxlcnRzIHxcbldoZXJlLU9iamVjdCB7ICRfLkNVX0lEIC1pbiBAKCdDVS0wMDYnLCdDVS0wMDcnLCdDVS0wMDgnLCdDVS0wMDknKSB9IHxcblNlbGVjdC1PYmplY3QgQ1VfSUQsTUlUUkVfSUQsU291cmNlQXJ0aWZhY3QsQWxlcnROYW1lLENVX1JlYXNvbixDVV9FdmlkZW5jZSB8XG5Gb3JtYXQtTGlzdCB8XG5PdXQtRmlsZSBcIiRvdXRcXDA3X2FsZXJ0c19DVTAwNl8wMDlfZGV0YWlsLnR4dFwiIC1XaWR0aCAyMDAwIC1FbmNvZGluZyB1dGY4XG5cbiMgUG93ZXJTaGVsbCA0MTA0XG4kcGF0NDEwNCA9IFwiU2VjdXJpdHlDZW50ZXIyfEFudGl2aXJ1c1Byb2R1Y3R8R2V0LUNpbUluc3RhbmNlfEdldC1XbWlPYmplY3R8d21pY3xXaW4zMl9TZXJ2aWNlfEdldC1DaGlsZEl0
               ZW18UmVtb3ZlLUl0ZW18Rm9yRWFjaC1PYmplY3R8Q29tcHJlc3MtQXJjaGl2ZXxDb3B5LUl0ZW18VGNwQ2xpZW50fENvbm5lY3R8QUVTfENyeXB0b1N0cmVhbXxDcmVhdGVFbmNyeXB0b3J8XFwuYWVzXCJcblxuJHBzNDEwNCA9IEdldC1XaW5FdmVudCAtRmlsdGVySGFzaHRhYmxlIEB7XG4gICAgTG9nTmFtZT1cIk1pY3Jvc29mdC1XaW5kb3dzLVBvd2VyU2hlbGwvT3BlcmF0aW9uYWxcIlxuICAgIElkPTQxMDRcbiAgICBTdGFydFRpbWU9JHQwXG4gICAgRW5kVGltZT0kdDFcbn0gLUVycm9yQWN0aW9uIFNpbGVudGx5Q29udGludWVcblxuJHBzNDEwNCB8XG5XaGVyZS1PYmplY3QgeyAkXy5NZXNzYWdlIC1tYXRjaCAkcGF0NDEwNCB9IHxcblNlbGVjdC1PYmplY3QgVGltZUNyZWF0ZWQsSWQsTWVzc2FnZSB8XG5Gb3JtYXQtTGlzdCB8XG5PdXQtRmlsZSBcIiRvdXRcXDA4X3Bvd2Vyc2hlbGxfNDEwNF9yZWxldmFudC50eHRcIiAtV2lkdGggNDAwMCAtRW5jb2RpbmcgdXRmOFxuXG5bUFNDdXN0b21PYmplY3RdQHtcbiAgICBDVTAwNl80MTA0ID0gQCgkcHM0MTA0IHwgV2hlcmUtT2JqZWN0IHsgJF8uTWVzc2FnZSAtbWF0Y2ggXCJTZWN1cml0eUNlbnRlcjJ8QW50aXZpcnVzUHJvZHVjdHxHZXQtQ2ltSW5zdGFuY2V8R2V0LVdtaU9iamVjdHx3bWljfFdpbjMyX1NlcnZpY2VcIiB9KS5Db3VudFxuICAgIENVMDA3XzQxMDQgPSBAKCRwczQxMDQgfCBXaGVyZS1PYmplY3QgeyAkXy5NZXNzYWdlIC1tYXRjaCBcIkFFU3xDcnlwdG9TdHJlYW18Q3JlYXRlRW5jcnlwdG9yfFxcLmFlc1wiIH0pLkNvdW50XG4gICAgQ1UwMDhfNDEwNCA9IEAoJHBzNDEwNCB8IFdoZXJlLU9iamVjdCB7ICRfLk1lc3NhZ2UgLW1hdGNoIFwiR2V0LUNoaWxkSXRlbXxSZW1vdmUtSXRlbXxGb3JFYWNoLU9iamVjdHwtRm9yY2VcIiB9KS5Db3VudFxuICAgIENVMDA5XzQxMDQgPSBAKCRwczQxMDQgfCBXaGVyZS1PYmplY3QgeyAkXy5NZXNzYWdlIC1tYXRjaCBcIkNvbXByZXNzLUFyY2hpdmV8Q29weS1JdGVtfFRjcENsaWVudHxDb25uZWN0XCIgfSkuQ291bnRcbn0gfFxuRm9ybWF0LUxpc3QgfFxuT3V0LUZpbGUgXCIkb3V0XFwwOV80MTA0X3N1bW1hcnkudHh0XCIgLUVuY29kaW5nIHV0ZjhcblxuIyBTeXNtb25cbiRwYXRTeXNtb24gPSBcInBvd2Vyc2hlbGwuZXhlfHdtaWMuZXhlfFNlY3VyaXR5Q2VudGVyMnxBbnRpdmlydXNQcm9kdWN0fFxcLnppcHxcXC5hZXN8ZXhhbXBsZS5jb218OTNcXC4xODRcXC4yMTZcXC4zNHxSZW1vdmUtSXRlbXxDb21wcmVzcy1BcmNoaXZlfENvcHktSXRlbXxUY3BDbGllbnRcIlxuXG4kc3lzbW9uID0gR2V0LVdpbkV2ZW50IC1GaWx0ZXJIYXNodGFibGUgQHtcbiAgICBMb2dOYW1lPVwiTWljcm9zb2Z0LVdpbmRvd3MtU3lzbW9uL09wZXJhdGlvbmFsXCJcbiAgICBTdGFydFRpbWU9JHQwXG4gICAgRW5kVGltZT0kdDFcbn0gLUVycm9yQWN0aW9uIFNpbGVudGx5Q29udGludWVcblxuJHN5c21vbiB8XG5XaGVyZS1PYmplY3QgeyAkXy5JZCAtaW4gQCgxLDMsMTEsMjIsMjYpIC1hbmQgJF8uTWVzc2FnZSAtbWF0Y2ggJHBhdFN5c21vbiB9IHxcblNlbGVjdC1PYmplY3QgVGltZUNyZWF0ZWQsSWQsUHJvdmlkZXJOYW1lLE1lc3NhZ2UgfFxuRm9ybWF0LUxpc3QgfFxuT3V0LUZpbGUgXCIkb3V0XFwxMF9zeXNtb25fcmVsZXZhbnQudHh0XCIgLVdpZHRoIDQwMDAgLUVuY29kaW5nIHV0ZjhcblxuJHN5c21vbiB8XG5XaGVyZS1PYmplY3QgeyAkXy5JZCAtaW4gQCgxLDMsMTEsMjIsMjYpIH0gfFxuR3JvdXAtT2JqZWN0IElkIHxcblNvcnQtT2JqZWN0IE5hbWUgfFxuU2VsZWN0LU9iamVjdCBOYW1lLENvdW50IHxcbk91dC1GaWxlIFwiJG91dFxcMTFfc3lzbW9uX2J5X2V2ZW50aWQudHh0XCIgLUVuY29kaW5nIHV0ZjhcblxuIyBaSVAgZGlhZ27Ds3N0aWNvXG5Db21wcmVzcy1BcmNoaXZlIC1QYXRoIFwiJG91dFxcKlwiIC1EZXN0aW5hdGlvblBhdGggXCIkYmFzZVxcZGlhZ19wM3YzLnppcFwiIC1Gb3JjZVxuXG5Xcml0ZS1Ib3N0IFwiRElBRyBaSVAgY3JlYWRvIGVuOiAkYmFzZVxcZGlhZ19wM3YzLnppcFwiIiwKICJFdmVudElEIjogNDEwNCwKICJDaGFubmVsIjogIk1pY3Jvc29mdC1XaW5kb3dzLVBvd2VyU2hlbGwvT3BlcmF0aW9uYWwiLAogIlByb3ZpZGVyIjogIk1pY3Jvc29mdC1XaW5kb3dzLVBvd2VyU2hlbGwiLAogIkltYWdlIjogInBvd2Vyc2hlbGwuZXhlIiwKICJDb21tYW5kTGluZSI6ICIkYmFzZSA9IFwiQzpcXFVzZXJzXFxzZWd1cmlkYWRcXERlc2t0b3BcXFRGTVwiXG4kb3V0ID0gSm9pbi1QYXRoICRiYXNlIFwiZGlhZ19wM3YzXCJcbiRqc29ubCA9IFwiXFxcXFZCT1hTVlJcXENhcnBldGFfQ29tcGFydGlkYV9URk1cXGluYm94XFxhbGVydHMuanNvbmxcIlxuXG5OZXctSXRlbSAtSXRlbVR5cGUgRGlyZWN0b3J5IC1Gb3JjZSAtUGF0aCAkb3V0IHwgT3V0LU51bGxcblxuIyBMaW1waWFyIEpTT05MXG5DbGVhci1Db250ZW50ICRqc29ubFxuXG4jIE1hcmNhZG9yIHRlbXBvcmFsXG4kdDAgPSBHZXQtRGF0ZVxuXCJTVEFSVD0kKCR0MC5Ub1N0cmluZygnbycpKVwiIHwgT3V0LUZpbGUgXCIkb3V0XFwwMF90aW1lX21hcmtlci50eHRcIiAtRW5jb2RpbmcgdXRmOFxuXG4jIEVqZWN1dGFyIGNhbXBhw7FhXG5TZXQtRXhlY3V0aW9uUG9saWN5IEJ5cGFzcyAtU2NvcGUgUHJvY2VzcyAtRm9yY2VcbmNkICRiYXNlXG4uXFxydW5uZXJfY2FuZGlkYXRlXFxURk1fUnVuX0FsbF9URUNfVGVzdHNfdjIucHMxICpcdTAwM2VcdTAwMjYxIHwgVGVlLU9iamVjdCBcIiRvdXRcXDAxX3J1bm5lcl9jb25zb2xlLnR4dFwiXG5cbiR0MSA9IEdldC1EYXRlXG5cIkVORD0kKCR0MS5Ub1N0cmluZygnbycpKVwiIHwgQWRkLUNvbnRlbnQgXCIkb3V0XFwwMF90aW1lX21hcmtlci50eHRcIlxuXG4jIENvcGlhciBKU09OTFxuQ29weS1JdGVtICRqc29ubCBcIiRvdXRcXDAyX2FsZXJ0cy5qc29ubFwiIC1Gb3JjZVxuXG4jIENvcGlhciDDumx0aW1vIGxvZyBkZWwgcnVubmVyXG4kb
               GF0ZXN0TG9nID0gR2V0LUNoaWxkSXRlbSBcIiRiYXNlXFxQcnVlYmFzXFxMb2dzX1BydWViYXNfVEZNXFxURk1fVEVDX1J1bl9DQU5ESURBVEVfdjJfKi5sb2dcIiB8XG5Tb3J0LU9iamVjdCBMYXN0V3JpdGVUaW1lIC1EZXNjZW5kaW5nIHxcblNlbGVjdC1PYmplY3QgLUZpcnN0IDFcblxuaWYgKCRsYXRlc3RMb2cpIHtcbiAgICBDb3B5LUl0ZW0gJGxhdGVzdExvZy5GdWxsTmFtZSBcIiRvdXRcXDAzX3J1bm5lcl9sYXRlc3QubG9nXCIgLUZvcmNlXG59XG5cbiMgUmVzdW1lbiBKU09OTFxuJGFsZXJ0cyA9IEdldC1Db250ZW50ICRqc29ubCB8IFdoZXJlLU9iamVjdCB7ICRfLlRyaW0oKSB9IHwgQ29udmVydEZyb20tSnNvblxuXG4kYWxlcnRzLkNvdW50IHwgT3V0LUZpbGUgXCIkb3V0XFwwNF9hbGVydHNfY291bnQudHh0XCIgLUVuY29kaW5nIHV0ZjhcblxuJGFsZXJ0cyB8XG5Hcm91cC1PYmplY3QgQ1VfSUQgfFxuU29ydC1PYmplY3QgTmFtZSB8XG5TZWxlY3QtT2JqZWN0IE5hbWUsQ291bnQgfFxuT3V0LUZpbGUgXCIkb3V0XFwwNV9hbGVydHNfYnlfQ1UudHh0XCIgLUVuY29kaW5nIHV0ZjhcblxuJGFsZXJ0cyB8XG5Hcm91cC1PYmplY3QgU291cmNlQXJ0aWZhY3QgfFxuU29ydC1PYmplY3QgQ291bnQgLURlc2NlbmRpbmcgfFxuU2VsZWN0LU9iamVjdCBOYW1lLENvdW50IHxcbk91dC1GaWxlIFwiJG91dFxcMDZfYWxlcnRzX2J5X1NvdXJjZUFydGlmYWN0LnR4dFwiIC1FbmNvZGluZyB1dGY4XG5cbiRhbGVydHMgfFxuV2hlcmUtT2JqZWN0IHsgJF8uQ1VfSUQgLWluIEAoJ0NVLTAwNicsJ0NVLTAwNycsJ0NVLTAwOCcsJ0NVLTAwOScpIH0gfFxuU2VsZWN0LU9iamVjdCBDVV9JRCxNSVRSRV9JRCxTb3VyY2VBcnRpZmFjdCxBbGVydE5hbWUsQ1VfUmVhc29uLENVX0V2aWRlbmNlIHxcbkZvcm1hdC1MaXN0IHxcbk91dC1GaWxlIFwiJG91dFxcMDdfYWxlcnRzX0NVMDA2XzAwOV9kZXRhaWwudHh0XCIgLVdpZHRoIDIwMDAgLUVuY29kaW5nIHV0ZjhcblxuIyBQb3dlclNoZWxsIDQxMDRcbiRwYXQ0MTA0ID0gXCJTZWN1cml0eUNlbnRlcjJ8QW50aXZpcnVzUHJvZHVjdHxHZXQtQ2ltSW5zdGFuY2V8R2V0LVdtaU9iamVjdHx3bWljfFdpbjMyX1NlcnZpY2V8R2V0LUNoaWxkSXRlbXxSZW1vdmUtSXRlbXxGb3JFYWNoLU9iamVjdHxDb21wcmVzcy1BcmNoaXZlfENvcHktSXRlbXxUY3BDbGllbnR8Q29ubmVjdHxBRVN8Q3J5cHRvU3RyZWFtfENyZWF0ZUVuY3J5cHRvcnxcXC5hZXNcIlxuXG4kcHM0MTA0ID0gR2V0LVdpbkV2ZW50IC1GaWx0ZXJIYXNodGFibGUgQHtcbiAgICBMb2dOYW1lPVwiTWljcm9zb2Z0LVdpbmRvd3MtUG93ZXJTaGVsbC9PcGVyYXRpb25hbFwiXG4gICAgSWQ9NDEwNFxuICAgIFN0YXJ0VGltZT0kdDBcbiAgICBFbmRUaW1lPSR0MVxufSAtRXJyb3JBY3Rpb24gU2lsZW50bHlDb250aW51ZVxuXG4kcHM0MTA0IHxcbldoZXJlLU9iamVjdCB7ICRfLk1lc3NhZ2UgLW1hdGNoICRwYXQ0MTA0IH0gfFxuU2VsZWN0LU9iamVjdCBUaW1lQ3JlYXRlZCxJZCxNZXNzYWdlIHxcbkZvcm1hdC1MaXN0IHxcbk91dC1GaWxlIFwiJG91dFxcMDhfcG93ZXJzaGVsbF80MTA0X3JlbGV2YW50LnR4dFwiIC1XaWR0aCA0MDAwIC1FbmNvZGluZyB1dGY4XG5cbltQU0N1c3RvbU9iamVjdF1Ae1xuICAgIENVMDA2XzQxMDQgPSBAKCRwczQxMDQgfCBXaGVyZS1PYmplY3QgeyAkXy5NZXNzYWdlIC1tYXRjaCBcIlNlY3VyaXR5Q2VudGVyMnxBbnRpdmlydXNQcm9kdWN0fEdldC1DaW1JbnN0YW5jZXxHZXQtV21pT2JqZWN0fHdtaWN8V2luMzJfU2VydmljZVwiIH0pLkNvdW50XG4gICAgQ1UwMDdfNDEwNCA9IEAoJHBzNDEwNCB8IFdoZXJlLU9iamVjdCB7ICRfLk1lc3NhZ2UgLW1hdGNoIFwiQUVTfENyeXB0b1N0cmVhbXxDcmVhdGVFbmNyeXB0b3J8XFwuYWVzXCIgfSkuQ291bnRcbiAgICBDVTAwOF80MTA0ID0gQCgkcHM0MTA0IHwgV2hlcmUtT2JqZWN0IHsgJF8uTWVzc2FnZSAtbWF0Y2ggXCJHZXQtQ2hpbGRJdGVtfFJlbW92ZS1JdGVtfEZvckVhY2gtT2JqZWN0fC1Gb3JjZVwiIH0pLkNvdW50XG4gICAgQ1UwMDlfNDEwNCA9IEAoJHBzNDEwNCB8IFdoZXJlLU9iamVjdCB7ICRfLk1lc3NhZ2UgLW1hdGNoIFwiQ29tcHJlc3MtQXJjaGl2ZXxDb3B5LUl0ZW18VGNwQ2xpZW50fENvbm5lY3RcIiB9KS5Db3VudFxufSB8XG5Gb3JtYXQtTGlzdCB8XG5PdXQtRmlsZSBcIiRvdXRcXDA5XzQxMDRfc3VtbWFyeS50eHRcIiAtRW5jb2RpbmcgdXRmOFxuXG4jIFN5c21vblxuJHBhdFN5c21vbiA9IFwicG93ZXJzaGVsbC5leGV8d21pYy5leGV8U2VjdXJpdHlDZW50ZXIyfEFudGl2aXJ1c1Byb2R1Y3R8XFwuemlwfFxcLmFlc3xleGFtcGxlLmNvbXw5M1xcLjE4NFxcLjIxNlxcLjM0fFJlbW92ZS1JdGVtfENvbXByZXNzLUFyY2hpdmV8Q29weS1JdGVtfFRjcENsaWVudFwiXG5cbiRzeXNtb24gPSBHZXQtV2luRXZlbnQgLUZpbHRlckhhc2h0YWJsZSBAe1xuICAgIExvZ05hbWU9XCJNaWNyb3NvZnQtV2luZG93cy1TeXNtb24vT3BlcmF0aW9uYWxcIlxuICAgIFN0YXJ0VGltZT0kdDBcbiAgICBFbmRUaW1lPSR0MVxufSAtRXJyb3JBY3Rpb24gU2lsZW50bHlDb250aW51ZVxuXG4kc3lzbW9uIHxcbldoZXJlLU9iamVjdCB7ICRfLklkIC1pbiBAKDEsMywxMSwyMiwyNikgLWFuZCAkXy5NZXNzYWdlIC1tYXRjaCAkcGF0U3lzbW9uIH0gfFxuU2VsZWN0LU9iamVjdCBUaW1lQ3JlYXRlZCxJZCxQcm92aWRlck5hbWUsTWVzc2FnZSB8XG5Gb3JtYXQtTGlzdCB8XG5PdXQtRmlsZSBcIiRvdXRcXDEwX3N5c21vbl9yZWxldmFudC50eHRcIiAtV2lkdGggNDAwMCAtRW5jb2RpbmcgdXRmOFxuXG4kc3lzbW9uIHxcbldoZXJlLU9iamVjdCB7ICRfLklkIC1pbiBAKDEsMywxMSwyMiwyNikgfSB8XG5Hcm91cC1PYmplY3QgSWQgfFxuU29ydC1PYmplY3QgTmFtZSB8XG5TZWxlY3QtT2JqZWN0IE5hbWUsQ291bnQgfFxuT3V0LUZpbGUgXCIkb3V0XFwxMV9zeXNtb25fYnlfZXZlbnRpZC50eHRcIi
               AtRW5jb2RpbmcgdXRmOFxuXG4jIFpJUCBkaWFnbsOzc3RpY29cbkNvbXByZXNzLUFyY2hpdmUgLVBhdGggXCIkb3V0XFwqXCIgLURlc3RpbmF0aW9uUGF0aCBcIiRiYXNlXFxkaWFnX3AzdjMuemlwXCIgLUZvcmNlXG5cbldyaXRlLUhvc3QgXCJESUFHIFpJUCBjcmVhZG8gZW46ICRiYXNlXFxkaWFnX3AzdjMuemlwXCIiLAogIlBhcmVudEltYWdlIjogIiIsCiAiUGFyZW50Q29tbWFuZExpbmUiOiAiIiwKICJVc2VyIjogbnVsbCwKICJUYXJnZXRGaWxlbmFtZSI6ICIiLAogIkRldGVjdGlvbkxvZ2ljIjogIjQxMDQgKyBzdHJvbmcgY3J5cHRvIHJlZ2V4OyBwcmlvcml0eSBvdmVyIENVLTAwOC9DVS0wMDkgd2hlbiBjcnlwdG8gaXMgcHJlc2VudCIsCiAiRmFsc2VQb3NpdGl2ZVJlZHVjdGlvbiI6ICJNYXkgbWF0Y2ggbGVnaXRpbWF0ZSBlbmNyeXB0aW9uIHRvb2xzOyBubyBzY3JpcHQtbmFtZSBvciBsYWItcGF0aCBkZXBlbmRlbmN5IiwKICJCZW5jaG1hcmtTY2VuYXJpbyI6ICJCNiIsCiAiQXJ0aWZhY3RQcm9maWxlIjogIlAzIE1lZGl1bSBCZWhhdmlvcmFsIHYzIiwKICJSb3V0ZXJQcm9maWxlIjogIlAzIiwKICJTb3VyY2VBcnRpZmFjdCI6ICJDdXN0b20uVEZNLkhJRFMuUDMuTWVkaXVtLkJlaGF2aW9yYWxfdjMvQ1UwMDdfU291cmNlX1RFQzAwN19SYW5zb213YXJlX0JlaGF2aW9yYWwiLAogIlJvdXRlckFydGlmYWN0IjogIkN1c3RvbS5URk0uSElEUy5Sb3V0ZXIuSlNPTkwuRGlzY29yZC5GaW5hbF92M19maXgzIgp9
               CurrentDirectory: C:\Users\seguridad\Desktop\TFM\Velociraptor\
               User: LT29\seguridad
               LogonGuid: {6bc49a7d-4e8b-69fb-7a91-080000000000}
               LogonId: 0x8917A
               TerminalSessionId: 1
               IntegrityLevel: High
               Hashes: MD5=DFD66604CA0898E8E26DF7B1635B6326,SHA256=D23B67799A0DA0143E395BA5DB906A22AB08FAC4BD5581E275B1E0F1B3FAC55C,IMPHASH=88CB9A420410BDA787E305B65518A934
               ParentProcessGuid: {6bc49a7d-f41d-6a26-f11e-000000009401}
               ParentProcessId: 8852
               ParentImage: C:\Users\seguridad\Desktop\TFM\Velociraptor\velociraptor-v0.75.6-windows-amd64.exe
               ParentCommandLine: "C:\Users\seguridad\Desktop\TFM\Velociraptor\velociraptor-v0.75.6-windows-amd64.exe"  --config server.config.yaml gui
               ParentUser: LT29\seguridad

TimeCreated  : 09/06/2026 20:02:43
Id           : 11
ProviderName : Microsoft-Windows-Sysmon
Message      : File created:
               RuleName: -
               UtcTime: 2026-06-09 18:02:43.197
               ProcessGuid: {6bc49a7d-5543-6a28-5a28-000000009401}
               ProcessId: 1944
               Image: C:\Windows\System32\WindowsPowerShell\v1.0\powershell.exe
               TargetFilename: C:\Users\seguridad\AppData\Local\Temp\__PSScriptPolicyTest_0bk3l0vl.mcd.ps1
               CreationUtcTime: 2026-06-09 18:02:43.197
               User: LT29\seguridad

TimeCreated  : 09/06/2026 20:02:43
Id           : 1
ProviderName : Microsoft-Windows-Sysmon
Message      : Process Create:
               RuleName: -
               UtcTime: 2026-06-09 18:02:43.129
               ProcessGuid: {6bc49a7d-5543-6a28-5a28-000000009401}
               ProcessId: 1944
               Image: C:\Windows\System32\WindowsPowerShell\v1.0\powershell.exe
               FileVersion: 10.0.19041.3393 (WinBuild.160101.0800)
               Description: Windows PowerShell
               Product: Microsoft® Windows® Operating System
               Company: Microsoft Corporation
               OriginalFileName: PowerShell.EXE
               CommandLine: powershell.exe  -NoProfile -ExecutionPolicy Bypass -File "C:\Users\seguridad\Desktop\TFM\Pruebas\TEC-007_Ransomware\crear_directorio_dummy.ps1" 
               CurrentDirectory: C:\Windows\system32\
               User: LT29\seguridad
               LogonGuid: {6bc49a7d-4e8b-69fb-7a91-080000000000}
               LogonId: 0x8917A
               TerminalSessionId: 1
               IntegrityLevel: High
               Hashes: MD5=DFD66604CA0898E8E26DF7B1635B6326,SHA256=D23B67799A0DA0143E395BA5DB906A22AB08FAC4BD5581E275B1E0F1B3FAC55C,IMPHASH=88CB9A420410BDA787E305B65518A934
               ParentProcessGuid: {6bc49a7d-5543-6a28-5928-000000009401}
               ParentProcessId: 7488
               ParentImage: C:\Windows\System32\cmd.exe
               ParentCommandLine: "cmd.exe" /d /c powershell.exe -NoProfile -ExecutionPolicy Bypass -File "C:\Users\seguridad\Desktop\TFM\Pruebas\TEC-007_Ransomware\crear_directorio_dummy.ps1" 
               ParentUser: LT29\seguridad

TimeCreated  : 09/06/2026 20:02:43
Id           : 1
ProviderName : Microsoft-Windows-Sysmon
Message      : Process Create:
               RuleName: -
               UtcTime: 2026-06-09 18:02:43.119
               ProcessGuid: {6bc49a7d-5543-6a28-5928-000000009401}
               ProcessId: 7488
               Image: C:\Windows\System32\cmd.exe
               FileVersion: 10.0.19041.746 (WinBuild.160101.0800)
               Description: Windows Command Processor
               Product: Microsoft® Windows® Operating System
               Company: Microsoft Corporation
               OriginalFileName: Cmd.Exe
               CommandLine: "cmd.exe" /d /c powershell.exe -NoProfile -ExecutionPolicy Bypass -File "C:\Users\seguridad\Desktop\TFM\Pruebas\TEC-007_Ransomware\crear_directorio_dummy.ps1" 
               CurrentDirectory: C:\Windows\system32\
               User: LT29\seguridad
               LogonGuid: {6bc49a7d-4e8b-69fb-7a91-080000000000}
               LogonId: 0x8917A
               TerminalSessionId: 1
               IntegrityLevel: High
               Hashes: MD5=8A2122E8162DBEF04694B9C3E0B6CDEE,SHA256=B99D61D874728EDC0918CA0EB10EAB93D381E7367E377406E65963366C874450,IMPHASH=272245E2988E1E430500B852C4FB5E18
               ParentProcessGuid: {6bc49a7d-4b45-6a28-b426-000000009401}
               ParentProcessId: 2600
               ParentImage: C:\Windows\System32\WindowsPowerShell\v1.0\powershell.exe
               ParentCommandLine: "C:\Windows\System32\WindowsPowerShell\v1.0\powershell.exe" 
               ParentUser: LT29\seguridad

TimeCreated  : 09/06/2026 20:02:38
Id           : 11
ProviderName : Microsoft-Windows-Sysmon
Message      : File created:
               RuleName: -
               UtcTime: 2026-06-09 18:02:38.242
               ProcessGuid: {6bc49a7d-553e-6a28-5728-000000009401}
               ProcessId: 8964
               Image: C:\Windows\System32\WindowsPowerShell\v1.0\powershell.exe
               TargetFilename: C:\Users\seguridad\AppData\Local\Temp\__PSScriptPolicyTest_ich5aw44.ale.ps1
               CreationUtcTime: 2026-06-09 18:02:38.242
               User: LT29\seguridad

TimeCreated  : 09/06/2026 20:02:38
Id           : 1
ProviderName : Microsoft-Windows-Sysmon
Message      : Process Create:
               RuleName: -
               UtcTime: 2026-06-09 18:02:38.163
               ProcessGuid: {6bc49a7d-553e-6a28-5728-000000009401}
               ProcessId: 8964
               Image: C:\Windows\System32\WindowsPowerShell\v1.0\powershell.exe
               FileVersion: 10.0.19041.3393 (WinBuild.160101.0800)
               Description: Windows PowerShell
               Product: Microsoft® Windows® Operating System
               Company: Microsoft Corporation
               OriginalFileName: PowerShell.EXE
               CommandLine: powershell.exe  -NoProfile -ExecutionPolicy Bypass -File "C:\Users\seguridad\Desktop\TFM\scripts_candidate\Scriptransom_v2.ps1" -WorkDir "C:\Users\seguridad\Desktop\TFM\scripts_candidate" -ListFile "C:\Users\seguridad\Desktop\TFM\scripts_candidate\lista_archivos.csv" -PasswordFile "C:\Users\seguridad\Desktop\TFM\Pruebas\TEC-007_Ransomware\password.txt" -MaxFiles 25
               CurrentDirectory: C:\Windows\system32\
               User: LT29\seguridad
               LogonGuid: {6bc49a7d-4e8b-69fb-7a91-080000000000}
               LogonId: 0x8917A
               TerminalSessionId: 1
               IntegrityLevel: High
               Hashes: MD5=DFD66604CA0898E8E26DF7B1635B6326,SHA256=D23B67799A0DA0143E395BA5DB906A22AB08FAC4BD5581E275B1E0F1B3FAC55C,IMPHASH=88CB9A420410BDA787E305B65518A934
               ParentProcessGuid: {6bc49a7d-553e-6a28-5628-000000009401}
               ParentProcessId: 9208
               ParentImage: C:\Windows\System32\cmd.exe
               ParentCommandLine: "cmd.exe" /d /c powershell.exe -NoProfile -ExecutionPolicy Bypass -File "C:\Users\seguridad\Desktop\TFM\scripts_candidate\Scriptransom_v2.ps1" -WorkDir "C:\Users\seguridad\Desktop\TFM\scripts_candidate" -ListFile "C:\Users\seguridad\Desktop\TFM\scripts_candidate\lista_archivos.csv" -PasswordFile "C:\Users\seguridad\Desktop\TFM\Pruebas\TEC-007_Ransomware\password.txt" -MaxFiles 25
               ParentUser: LT29\seguridad

