TimeCreated  : 09/06/2026 20:02:01
Id           : 1
ProviderName : Microsoft-Windows-Sysmon
Message      : Process Create:
               RuleName: -
               UtcTime: 2026-06-09 18:02:01.449
               ProcessGuid: {6bc49a7d-5519-6a28-3b28-000000009401}
               ProcessId: 2484
               Image: C:\Windows\System32\WindowsPowerShell\v1.0\powershell.exe
               FileVersion: 10.0.19041.3393 (WinBuild.160101.0800)
               Description: Windows PowerShell
               Product: Microsoft® Windows® Operating System
               Company: Microsoft Corporation
               OriginalFileName: PowerShell.EXE
               CommandLine: powershell.exe -NoProfile -NonInteractive -ExecutionPolicy Bypass -Command "& { param([string]$p,[string]$b64) $json=[System.Text.Encoding]::UTF8.GetString([System.Convert]::FromBase64String($b64)); $compact=($json | ConvertFrom-Json | ConvertTo-Json -Compress -Depth 20); $d=Split-Path -Parent $p; if (!(Test-Path -LiteralPath $d)) { New-Item -ItemType Directory -Path $d -Force | Out-Null }; Add-Content -LiteralPath $p -Value $compact -Encoding UTF8 }" \\VBOXSVR\Carpeta_Compartida_TFM\inbox\alerts.jsonl ewogIlJvdXRlclRpbWUiOiAiMjAyNi0wNi0wOVQxODowMjowMFoiLAogIkRldGVjdGlvblRpbWUiOiAxNzgxMDI4MDQzLjUxMzczOSwKICJDbGllbnRJZCI6ICJDLjM2NDkwNzE3Mjc5M2Y4YzciLAogIkhvc3RuYW1lIjogIkxUMjkuYWl0LnVzLmVzIiwKICJDVV9JRCI6ICJDVS0wMDIiLAogIklEX1RlY25pY2FfSW50ZXJuYSI6ICJURUMtMDAyIiwKICJNSVRSRV9JRCI6ICJUMTA1OS4wMDMiLAogIk1JVFJFX1RhY3RpYyI6ICJFeGVjdXRpb24iLAogIk1JVFJFX1RhY3RpY19Db250ZXh0IjogIiIsCiAiU2lnbmFsVHlwZSI6ICJQcm9jZXNzQ3JlYXRpb24iLAogIkFsZXJ0TmFtZSI6ICJXaW5kb3dzIENvbW1hbmQgU2hlbGwgc3VzcGljaW91cyBleGVjdXRpb24gLSBiYXNpYyBwcm9maWxlIHYyIiwKICJTZXZlcml0eSI6ICJNZWRpdW0iLAogIlByaW9yaXR5IjogIlAzIiwKICJDb25maWRlbmNlIjogIk1lZGl1bSIsCiAiRGV0ZWN0aW9uU2NvcGUiOiAiSG9zdC1iYXNlZCBwcm9jZXNzIGNyZWF0aW9uIiwKICJPdXRwdXRUeXBlIjogIkRldGVjY2lvbiAvIEFsZXJ0YSBSVCBzaSBzZSBlbnJ1dGEiLAogIkZQX1Jpc2siOiAiTWVkaW8iLAogIkNVX1JlYXNvbiI6ICJjbWQuZXhlIHdpdGggY2hhaW5pbmcsIFBvd2VyU2hlbGwgb3IgYWRtaW5pc3RyYXRpdmUgdG9vbCB1c2FnZSIsCiAiQ1VfRXZpZGVuY2UiOiAiXCJjbWQuZXhlXCIgL2QgL2MgcG93ZXJzaGVsbC5leGUgLU5vUHJvZmlsZSAtRXhlY3V0aW9uUG9saWN5IEJ5cGFzcyAtRmlsZSBcIkM6XFxVc2Vyc1xcc2VndXJpZGFkXFxEZXNrdG9wXFxURk1cXFBydWViYXNcXFRFQy0wMDdfUmFuc29td2FyZVxcY3JlYXJfZGlyZWN0b3Jpb19kdW1teS5wczFcIiAiLAogIkV2ZW50SUQiOiAxLAogIkNoYW5uZWwiOiAiTWljcm9zb2Z0LVdpbmRvd3MtU3lzbW9uL09wZXJhdGlvbmFsIiwKICJQcm92aWRlciI6ICJNaWNyb3NvZnQtV2luZG93cy1TeXNtb24iLAogIkltYWdlIjogIkM6XFxXaW5kb3dzXFxTeXN0ZW0zMlxcY21kLmV4ZSIsCiAiQ29tbWFuZExpbmUiOiAiXCJjbWQuZXhlXCIgL2QgL2MgcG93ZXJzaGVsbC5leGUgLU5vUHJvZmlsZSAtRXhlY3V0aW9uUG9saWN5IEJ5cGFzcyAtRmlsZSBcIkM6XFxVc2Vyc1xcc2VndXJpZGFkXFxEZXNrdG9wXFxURk1cXFBydWViYXNcXFRFQy0wMDdfUmFuc29td2FyZVxcY3JlYXJfZGlyZWN0b3Jpb19kdW1teS5wczFcIiAiLAogIlBhcmVudEltYWdlIjogIkM6XFxXaW5kb3dzXFxTeXN0ZW0zMlxcV2luZG93c1Bvd2VyU2hlbGxcXHYxLjBcXHBvd2Vyc2hlbGwuZXhlIiwKICJQYXJlbnRDb21tYW5kTGluZSI6ICJcIkM6XFxXaW5kb3dzXFxTeXN0ZW0zMlxcV2luZG93c1Bvd2VyU2hlbGxcXHYxLjBcXHBvd2Vyc2hlbGwuZXhlXCIgIiwKICJVc2VyIjogIkxUMjlcXHNlZ3VyaWRhZCIsCiAiVGFyZ2V0RmlsZW5hbWUiOiAiIiwKICJEZXRlY3Rpb25Mb2dpYyI6ICJTeXNtb24gSUQgMSArIGNtZC5leGUgKyBjaGFpbmluZy9kdWFsLXVzZSByZWdleDsgYm91bmRlZCBOYXRpdmUgTWVzc2FnaW5nIEZQIGV4Y2x1c2lvbiIsCiAiRmFsc2VQb3NpdGl2ZVJlZHVjdGlvbiI6ICJEb2VzIG5vdCBleGNsdWRlIGNtZC5leGUgZ2xvYmFsbHk7IG9ubHkgY2hyb21lLmV4ZSBwYXJlbnQgcGx1cyBBZG9iZS9DaHJvbWUgTmF0aXZlIE1lc3NhZ2luZyBjb21tYW5kLWxpbmUgcGF0dGVybiIsCiAiQmVuY2htYXJrU2NlbmFyaW8iOiAiQjUiLAogIkFydGlmYWN0UHJvZmlsZSI6ICJQNCBMb3cgQmFzaWMgdjIiLAogIlJvdXRlclByb2ZpbGUiOiAiUDQiLAogIlNvdXJjZUFydGlmYWN0IjogIkN1c3RvbS5URk0uSElEUy5QNC5Mb3cuQmFzaWNfdjIvQ1UwMDJfU291cmNlX1RFQzAwMl9DTURfQmFzaWMiLAogIlJvdXRlckFydGlmYWN0IjogIkN1c3RvbS5URk0uSElEUy5Sb3V0ZXIuSlNPTkwuRGlzY29yZC5GaW5hbF92M19maXgzIgp9
               CurrentDirectory: C:\Users\seguridad\Desktop\TFM\Velociraptor\
               User: LT29\seguridad
               LogonGuid: {6bc49a7d-4e8b-69fb-7a91-080000000000}
               LogonId: 0x8917A
               TerminalSessionId: 1
               IntegrityLevel: High
               Hashes: MD5=DFD66604CA0898E8E26DF7B1635B6326,SHA256=D23B67799A0DA0143E395BA5DB906A22AB08FAC4BD5581E275B1E0F1B3FAC55C,IMPHASH=88CB9A420410BDA787E305B65518A934
               ParentProcessGuid: {00000000-0000-0000-0000-000000000000}
               ParentProcessId: 8852
               ParentImage: -
               ParentCommandLine: -
               ParentUser: -

TimeCreated  : 09/06/2026 20:02:01
Id           : 11
ProviderName : Microsoft-Windows-Sysmon
Message      : File created:
               RuleName: -
               UtcTime: 2026-06-09 18:02:00.992
               ProcessGuid: {6bc49a7d-5518-6a28-3a28-000000009401}
               ProcessId: 13996
               Image: C:\Windows\System32\WindowsPowerShell\v1.0\powershell.exe
               TargetFilename: C:\Program Files\Velociraptor\Tools\__PSScriptPolicyTest_uzeqw4ix.4ty.ps1
               CreationUtcTime: 2026-06-09 18:02:00.992
               User: LT29\seguridad

TimeCreated  : 09/06/2026 20:02:00
Id           : 1
ProviderName : Microsoft-Windows-Sysmon
Message      : Process Create:
               RuleName: -
               UtcTime: 2026-06-09 18:02:00.880
               ProcessGuid: {6bc49a7d-5518-6a28-3a28-000000009401}
               ProcessId: 13996
               Image: C:\Windows\System32\WindowsPowerShell\v1.0\powershell.exe
               FileVersion: 10.0.19041.3393 (WinBuild.160101.0800)
               Description: Windows PowerShell
               Product: Microsoft® Windows® Operating System
               Company: Microsoft Corporation
               OriginalFileName: PowerShell.EXE
               CommandLine: powershell.exe -NoProfile -NonInteractive -ExecutionPolicy Bypass -Command "& { param([string]$p,[string]$b64) $json=[System.Text.Encoding]::UTF8.GetString([System.Convert]::FromBase64String($b64)); $compact=($json | ConvertFrom-Json | ConvertTo-Json -Compress -Depth 20); $d=Split-Path -Parent $p; if (!(Test-Path -LiteralPath $d)) { New-Item -ItemType Directory -Path $d -Force | Out-Null }; Add-Content -LiteralPath $p -Value $compact -Encoding UTF8 }" \\VBOXSVR\Carpeta_Compartida_TFM\inbox\alerts.jsonl ewogIlJvdXRlclRpbWUiOiAiMjAyNi0wNi0wOVQxODowMTo1OVoiLAogIkRldGVjdGlvblRpbWUiOiAxNzgxMDI4MDQzLjQ2MjA1MjgsCiAiQ2xpZW50SWQiOiAiQy4zNjQ5MDcxNzI3OTNmOGM3IiwKICJIb3N0bmFtZSI6ICJMVDI5LmFpdC51cy5lcyIsCiAiQ1VfSUQiOiAiQ1UtMDAyIiwKICJJRF9UZWNuaWNhX0ludGVybmEiOiAiVEVDLTAwMiIsCiAiTUlUUkVfSUQiOiAiVDEwNTkuMDAzIiwKICJNSVRSRV9UYWN0aWMiOiAiRXhlY3V0aW9uIiwKICJNSVRSRV9UYWN0aWNfQ29udGV4dCI6ICIiLAogIlNpZ25hbFR5cGUiOiAiUHJvY2Vzc0NyZWF0aW9uIiwKICJBbGVydE5hbWUiOiAiV2luZG93cyBDb21tYW5kIFNoZWxsIHN1c3BpY2lvdXMgZXhlY3V0aW9uIC0gYmFzaWMgcHJvZmlsZSB2MiIsCiAiU2V2ZXJpdHkiOiAiTWVkaXVtIiwKICJQcmlvcml0eSI6ICJQMyIsCiAiQ29uZmlkZW5jZSI6ICJNZWRpdW0iLAogIkRldGVjdGlvblNjb3BlIjogIkhvc3QtYmFzZWQgcHJvY2VzcyBjcmVhdGlvbiIsCiAiT3V0cHV0VHlwZSI6ICJEZXRlY2Npb24gLyBBbGVydGEgUlQgc2kgc2UgZW5ydXRhIiwKICJGUF9SaXNrIjogIk1lZGlvIiwKICJDVV9SZWFzb24iOiAiY21kLmV4ZSB3aXRoIGNoYWluaW5nLCBQb3dlclNoZWxsIG9yIGFkbWluaXN0cmF0aXZlIHRvb2wgdXNhZ2UiLAogIkNVX0V2aWRlbmNlIjogIlwiY21kLmV4ZVwiIC9kIC9jIHJlZy5leGUgZGVsZXRlIFwiSEtDVVxcU29mdHdhcmVcXE1pY3Jvc29mdFxcV2luZG93c1xcQ3VycmVudFZlcnNpb25cXFJ1blwiIC92IFwiVEZNX1QxNTQ3XzAwMV90ZXN0XCIgL2YiLAogIkV2ZW50SUQiOiAxLAogIkNoYW5uZWwiOiAiTWljcm9zb2Z0LVdpbmRvd3MtU3lzbW9uL09wZXJhdGlvbmFsIiwKICJQcm92aWRlciI6ICJNaWNyb3NvZnQtV2luZG93cy1TeXNtb24iLAogIkltYWdlIjogIkM6XFxXaW5kb3dzXFxTeXN0ZW0zMlxcY21kLmV4ZSIsCiAiQ29tbWFuZExpbmUiOiAiXCJjbWQuZXhlXCIgL2QgL2MgcmVnLmV4ZSBkZWxldGUgXCJIS0NVXFxTb2Z0d2FyZVxcTWljcm9zb2Z0XFxXaW5kb3dzXFxDdXJyZW50VmVyc2lvblxcUnVuXCIgL3YgXCJURk1fVDE1NDdfMDAxX3Rlc3RcIiAvZiIsCiAiUGFyZW50SW1hZ2UiOiAiQzpcXFdpbmRvd3NcXFN5c3RlbTMyXFxXaW5kb3dzUG93ZXJTaGVsbFxcdjEuMFxccG93ZXJzaGVsbC5leGUiLAogIlBhcmVudENvbW1hbmRMaW5lIjogIlwiQzpcXFdpbmRvd3NcXFN5c3RlbTMyXFxXaW5kb3dzUG93ZXJTaGVsbFxcdjEuMFxccG93ZXJzaGVsbC5leGVcIiAiLAogIlVzZXIiOiAiTFQyOVxcc2VndXJpZGFkIiwKICJUYXJnZXRGaWxlbmFtZSI6ICIiLAogIkRldGVjdGlvbkxvZ2ljIjogIlN5c21vbiBJRCAxICsgY21kLmV4ZSArIGNoYWluaW5nL2R1YWwtdXNlIHJlZ2V4OyBib3VuZGVkIE5hdGl2ZSBNZXNzYWdpbmcgRlAgZXhjbHVzaW9uIiwKICJGYWxzZVBvc2l0aXZlUmVkdWN0aW9uIjogIkRvZXMgbm90IGV4Y2x1ZGUgY21kLmV4ZSBnbG9iYWxseTsgb25seSBjaHJvbWUuZXhlIHBhcmVudCBwbHVzIEFkb2JlL0Nocm9tZSBOYXRpdmUgTWVzc2FnaW5nIGNvbW1hbmQtbGluZSBwYXR0ZXJuIiwKICJCZW5jaG1hcmtTY2VuYXJpbyI6ICJCNSIsCiAiQXJ0aWZhY3RQcm9maWxlIjogIlA0IExvdyBCYXNpYyB2MiIsCiAiUm91dGVyUHJvZmlsZSI6ICJQNCIsCiAiU291cmNlQXJ0aWZhY3QiOiAiQ3VzdG9tLlRGTS5ISURTLlA0Lkxvdy5CYXNpY192Mi9DVTAwMl9Tb3VyY2VfVEVDMDAyX0NNRF9CYXNpYyIsCiAiUm91dGVyQXJ0aWZhY3QiOiAiQ3VzdG9tLlRGTS5ISURTLlJvdXRlci5KU09OTC5EaXNjb3JkLkZpbmFsX3YzX2ZpeDMiCn0=
               CurrentDirectory: C:\Users\seguridad\Desktop\TFM\Velociraptor\
               User: LT29\seguridad
               LogonGuid: {6bc49a7d-4e8b-69fb-7a91-080000000000}
               LogonId: 0x8917A
               TerminalSessionId: 1
               IntegrityLevel: High
               Hashes: MD5=DFD66604CA0898E8E26DF7B1635B6326,SHA256=D23B67799A0DA0143E395BA5DB906A22AB08FAC4BD5581E275B1E0F1B3FAC55C,IMPHASH=88CB9A420410BDA787E305B65518A934
               ParentProcessGuid: {00000000-0000-0000-0000-000000000000}
               ParentProcessId: 8852
               ParentImage: -
               ParentCommandLine: -
               ParentUser: -

TimeCreated  : 09/06/2026 20:02:00
Id           : 11
ProviderName : Microsoft-Windows-Sysmon
Message      : File created:
               RuleName: -
               UtcTime: 2026-06-09 18:02:00.410
               ProcessGuid: {6bc49a7d-5518-6a28-3928-000000009401}
               ProcessId: 2076
               Image: C:\Windows\System32\WindowsPowerShell\v1.0\powershell.exe
               TargetFilename: C:\Program Files\Velociraptor\Tools\__PSScriptPolicyTest_wmneecla.t3u.ps1
               CreationUtcTime: 2026-06-09 18:02:00.410
               User: LT29\seguridad

TimeCreated  : 09/06/2026 20:02:00
Id           : 1
ProviderName : Microsoft-Windows-Sysmon
Message      : Process Create:
               RuleName: -
               UtcTime: 2026-06-09 18:02:00.222
               ProcessGuid: {6bc49a7d-5518-6a28-3928-000000009401}
               ProcessId: 2076
               Image: C:\Windows\System32\WindowsPowerShell\v1.0\powershell.exe
               FileVersion: 10.0.19041.3393 (WinBuild.160101.0800)
               Description: Windows PowerShell
               Product: Microsoft® Windows® Operating System
               Company: Microsoft Corporation
               OriginalFileName: PowerShell.EXE
               CommandLine: powershell.exe -NoProfile -NonInteractive -ExecutionPolicy Bypass -Command "& { param([string]$p,[string]$b64) $json=[System.Text.Encoding]::UTF8.GetString([System.Convert]::FromBase64String($b64)); $compact=($json | ConvertFrom-Json | ConvertTo-Json -Compress -Depth 20); $d=Split-Path -Parent $p; if (!(Test-Path -LiteralPath $d)) { New-Item -ItemType Directory -Path $d -Force | Out-Null }; Add-Content -LiteralPath $p -Value $compact -Encoding UTF8 }" \\VBOXSVR\Carpeta_Compartida_TFM\inbox\alerts.jsonl ewogIlJvdXRlclRpbWUiOiAiMjAyNi0wNi0wOVQxODowMTo1OFoiLAogIkRldGVjdGlvblRpbWUiOiAxNzgxMDI4MDc3Ljc4Mjg1OSwKICJDbGllbnRJZCI6ICJDLjM2NDkwNzE3Mjc5M2Y4YzciLAogIkhvc3RuYW1lIjogIkxUMjkuYWl0LnVzLmVzIiwKICJDVV9JRCI6ICJDVS0wMDEiLAogIklEX1RlY25pY2FfSW50ZXJuYSI6ICJURUMtMDAxIiwKICJNSVRSRV9JRCI6ICJUMTA1OS4wMDEiLAogIk1JVFJFX1RhY3RpYyI6ICJFeGVjdXRpb24iLAogIk1JVFJFX1RhY3RpY19Db250ZXh0IjogIiIsCiAiU2lnbmFsVHlwZSI6ICJQcm9jZXNzQ3JlYXRpb24iLAogIkFsZXJ0TmFtZSI6ICJQb3dlclNoZWxsIHN1c3BpY2lvdXMgZXhlY3V0aW9uIC0gYmFzaWMgcHJvZmlsZSB2MiIsCiAiU2V2ZXJpdHkiOiAiTWVkaXVtIiwKICJQcmlvcml0eSI6ICJQMyIsCiAiQ29uZmlkZW5jZSI6ICJNZWRpdW0iLAogIkRldGVjdGlvblNjb3BlIjogIkhvc3QtYmFzZWQgcHJvY2VzcyBjcmVhdGlvbiIsCiAiT3V0cHV0VHlwZSI6ICJEZXRlY2Npb24gLyBBbGVydGEgUlQgc2kgc2UgZW5ydXRhIiwKICJGUF9SaXNrIjogIk1lZGlvIiwKICJDVV9SZWFzb24iOiAicG93ZXJzaGVsbC5leGUvcHdzaC5leGUgd2l0aCBzdXNwaWNpb3VzIGV4ZWN1dGlvbiBmbGFncyBvciBjb21tYW5kIHBhdHRlcm5zIiwKICJDVV9FdmlkZW5jZSI6ICJwb3dlcnNoZWxsLmV4ZSAgLU5vUHJvZmlsZSAtQ29tbWFuZCBHZXQtUHJvY2VzcyIsCiAiRXZlbnRJRCI6IDEsCiAiQ2hhbm5lbCI6ICJNaWNyb3NvZnQtV2luZG93cy1TeXNtb24vT3BlcmF0aW9uYWwiLAogIlByb3ZpZGVyIjogIk1pY3Jvc29mdC1XaW5kb3dzLVN5c21vbiIsCiAiSW1hZ2UiOiAiQzpcXFdpbmRvd3NcXFN5c3RlbTMyXFxXaW5kb3dzUG93ZXJTaGVsbFxcdjEuMFxccG93ZXJzaGVsbC5leGUiLAogIkNvbW1hbmRMaW5lIjogInBvd2Vyc2hlbGwuZXhlICAtTm9Qcm9maWxlIC1Db21tYW5kIEdldC1Qcm9jZXNzIiwKICJQYXJlbnRJbWFnZSI6ICJDOlxcV2luZG93c1xcU3lzdGVtMzJcXGNtZC5leGUiLAogIlBhcmVudENvbW1hbmRMaW5lIjogImNtZC5leGUgIC9jIFwiZWNobyBURUMwMDJfT0sgXHUwMDI2IHBvd2Vyc2hlbGwuZXhlIC1Ob1Byb2ZpbGUgLUNvbW1hbmQgR2V0LVByb2Nlc3NcIiIsCiAiVXNlciI6ICJMVDI5XFxzZWd1cmlkYWQiLAogIlRhcmdldEZpbGVuYW1lIjogIiIsCiAiRGV0ZWN0aW9uTG9naWMiOiAiU3lzbW9uIElEIDEgKyBQb3dlclNoZWxsIGltYWdlICsgc3VzcGljaW91cyBmbGFnczsgZXhjbHVkZXMgcm91dGVyIEpTT05MIHNlbGYtZXZlbnRzIiwKICJGYWxzZVBvc2l0aXZlUmVkdWN0aW9uIjogIlJvdXRlciBKU09OTCBzZWxmLWV2ZW50cyBleGNsdWRlZCBieSBBZGQtQ29udGVudC9Gcm9tQmFzZTY0U3RyaW5nL2FsZXJ0cy5qc29ubCBwYXR0ZXJuOyBQb3dlclNoZWxsIEJ5cGFzcyByZW1haW5zIHZpc2libGUgb3RoZXJ3aXNlIiwKICJCZW5jaG1hcmtTY2VuYXJpbyI6ICJCNSIsCiAiQXJ0aWZhY3RQcm9maWxlIjogIlA0IExvdyBCYXNpYyB2MiIsCiAiUm91dGVyUHJvZmlsZSI6ICJQNCIsCiAiU291cmNlQXJ0aWZhY3QiOiAiQ3VzdG9tLlRGTS5ISURTLlA0Lkxvdy5CYXNpY192Mi9DVTAwMV9Tb3VyY2VfVEVDMDAxX1Bvd2VyU2hlbGxfQmFzaWMiLAogIlJvdXRlckFydGlmYWN0IjogIkN1c3RvbS5URk0uSElEUy5Sb3V0ZXIuSlNPTkwuRGlzY29yZC5GaW5hbF92M19maXgzIgp9
               CurrentDirectory: C:\Users\seguridad\Desktop\TFM\Velociraptor\
               User: LT29\seguridad
               LogonGuid: {6bc49a7d-4e8b-69fb-7a91-080000000000}
               LogonId: 0x8917A
               TerminalSessionId: 1
               IntegrityLevel: High
               Hashes: MD5=DFD66604CA0898E8E26DF7B1635B6326,SHA256=D23B67799A0DA0143E395BA5DB906A22AB08FAC4BD5581E275B1E0F1B3FAC55C,IMPHASH=88CB9A420410BDA787E305B65518A934
               ParentProcessGuid: {6bc49a7d-f41d-6a26-f11e-000000009401}
               ParentProcessId: 8852
               ParentImage: C:\Users\seguridad\Desktop\TFM\Velociraptor\velociraptor-v0.75.6-windows-amd64.exe
               ParentCommandLine: "C:\Users\seguridad\Desktop\TFM\Velociraptor\velociraptor-v0.75.6-windows-amd64.exe"  --config server.config.yaml gui
               ParentUser: LT29\seguridad

TimeCreated  : 09/06/2026 20:02:00
Id           : 11
ProviderName : Microsoft-Windows-Sysmon
Message      : File created:
               RuleName: -
               UtcTime: 2026-06-09 18:02:00.202
               ProcessGuid: {6bc49a7d-5518-6a28-3628-000000009401}
               ProcessId: 8408
               Image: C:\Windows\System32\WindowsPowerShell\v1.0\powershell.exe
               TargetFilename: C:\Program Files\Velociraptor\Tools\__PSScriptPolicyTest_ecxax1yd.tsz.ps1
               CreationUtcTime: 2026-06-09 18:02:00.202
               User: LT29\seguridad

TimeCreated  : 09/06/2026 20:02:00
Id           : 1
ProviderName : Microsoft-Windows-Sysmon
Message      : Process Create:
               RuleName: -
               UtcTime: 2026-06-09 18:02:00.200
               ProcessGuid: {6bc49a7d-5518-6a28-3728-000000009401}
               ProcessId: 2528
               Image: C:\Windows\System32\cmd.exe
               FileVersion: 10.0.19041.746 (WinBuild.160101.0800)
               Description: Windows Command Processor
               Product: Microsoft® Windows® Operating System
               Company: Microsoft Corporation
               OriginalFileName: Cmd.Exe
               CommandLine: "cmd.exe" /d /c sc.exe delete "TFM TEC005 Test Service"
               CurrentDirectory: C:\Windows\system32\
               User: LT29\seguridad
               LogonGuid: {6bc49a7d-4e8b-69fb-7a91-080000000000}
               LogonId: 0x8917A
               TerminalSessionId: 1
               IntegrityLevel: High
               Hashes: MD5=8A2122E8162DBEF04694B9C3E0B6CDEE,SHA256=B99D61D874728EDC0918CA0EB10EAB93D381E7367E377406E65963366C874450,IMPHASH=272245E2988E1E430500B852C4FB5E18
               ParentProcessGuid: {6bc49a7d-4b45-6a28-b426-000000009401}
               ParentProcessId: 2600
               ParentImage: C:\Windows\System32\WindowsPowerShell\v1.0\powershell.exe
               ParentCommandLine: "C:\Windows\System32\WindowsPowerShell\v1.0\powershell.exe" 
               ParentUser: LT29\seguridad

TimeCreated  : 09/06/2026 20:02:00
Id           : 1
ProviderName : Microsoft-Windows-Sysmon
Message      : Process Create:
               RuleName: -
               UtcTime: 2026-06-09 18:02:00.069
               ProcessGuid: {6bc49a7d-5518-6a28-3628-000000009401}
               ProcessId: 8408
               Image: C:\Windows\System32\WindowsPowerShell\v1.0\powershell.exe
               FileVersion: 10.0.19041.3393 (WinBuild.160101.0800)
               Description: Windows PowerShell
               Product: Microsoft® Windows® Operating System
               Company: Microsoft Corporation
               OriginalFileName: PowerShell.EXE
               CommandLine: powershell.exe -NoProfile -NonInteractive -ExecutionPolicy Bypass -Command "& { param([string]$p,[string]$b64) $json=[System.Text.Encoding]::UTF8.GetString([System.Convert]::FromBase64String($b64)); $compact=($json | ConvertFrom-Json | ConvertTo-Json -Compress -Depth 20); $d=Split-Path -Parent $p; if (!(Test-Path -LiteralPath $d)) { New-Item -ItemType Directory -Path $d -Force | Out-Null }; Add-Content -LiteralPath $p -Value $compact -Encoding UTF8 }" \\VBOXSVR\Carpeta_Compartida_TFM\inbox\alerts.jsonl ewogIlJvdXRlclRpbWUiOiAiMjAyNi0wNi0wOVQxODowMTo1OFoiLAogIkRldGVjdGlvblRpbWUiOiAxNzgxMDI4MDQzLjQyMTA1OTEsCiAiQ2xpZW50SWQiOiAiQy4zNjQ5MDcxNzI3OTNmOGM3IiwKICJIb3N0bmFtZSI6ICJMVDI5LmFpdC51cy5lcyIsCiAiQ1VfSUQiOiAiQ1UtMDAyIiwKICJJRF9UZWNuaWNhX0ludGVybmEiOiAiVEVDLTAwMiIsCiAiTUlUUkVfSUQiOiAiVDEwNTkuMDAzIiwKICJNSVRSRV9UYWN0aWMiOiAiRXhlY3V0aW9uIiwKICJNSVRSRV9UYWN0aWNfQ29udGV4dCI6ICIiLAogIlNpZ25hbFR5cGUiOiAiUHJvY2Vzc0NyZWF0aW9uIiwKICJBbGVydE5hbWUiOiAiV2luZG93cyBDb21tYW5kIFNoZWxsIHN1c3BpY2lvdXMgZXhlY3V0aW9uIC0gYmFzaWMgcHJvZmlsZSB2MiIsCiAiU2V2ZXJpdHkiOiAiTWVkaXVtIiwKICJQcmlvcml0eSI6ICJQMyIsCiAiQ29uZmlkZW5jZSI6ICJNZWRpdW0iLAogIkRldGVjdGlvblNjb3BlIjogIkhvc3QtYmFzZWQgcHJvY2VzcyBjcmVhdGlvbiIsCiAiT3V0cHV0VHlwZSI6ICJEZXRlY2Npb24gLyBBbGVydGEgUlQgc2kgc2UgZW5ydXRhIiwKICJGUF9SaXNrIjogIk1lZGlvIiwKICJDVV9SZWFzb24iOiAiY21kLmV4ZSB3aXRoIGNoYWluaW5nLCBQb3dlclNoZWxsIG9yIGFkbWluaXN0cmF0aXZlIHRvb2wgdXNhZ2UiLAogIkNVX0V2aWRlbmNlIjogIlwiY21kLmV4ZVwiIC9kIC9jIHNjLmV4ZSBkZWxldGUgXCJURk0gVEVDMDA1IFRlc3QgU2VydmljZVwiIiwKICJFdmVudElEIjogMSwKICJDaGFubmVsIjogIk1pY3Jvc29mdC1XaW5kb3dzLVN5c21vbi9PcGVyYXRpb25hbCIsCiAiUHJvdmlkZXIiOiAiTWljcm9zb2Z0LVdpbmRvd3MtU3lzbW9uIiwKICJJbWFnZSI6ICJDOlxcV2luZG93c1xcU3lzdGVtMzJcXGNtZC5leGUiLAogIkNvbW1hbmRMaW5lIjogIlwiY21kLmV4ZVwiIC9kIC9jIHNjLmV4ZSBkZWxldGUgXCJURk0gVEVDMDA1IFRlc3QgU2VydmljZVwiIiwKICJQYXJlbnRJbWFnZSI6ICJDOlxcV2luZG93c1xcU3lzdGVtMzJcXFdpbmRvd3NQb3dlclNoZWxsXFx2MS4wXFxwb3dlcnNoZWxsLmV4ZSIsCiAiUGFyZW50Q29tbWFuZExpbmUiOiAiXCJDOlxcV2luZG93c1xcU3lzdGVtMzJcXFdpbmRvd3NQb3dlclNoZWxsXFx2MS4wXFxwb3dlcnNoZWxsLmV4ZVwiICIsCiAiVXNlciI6ICJMVDI5XFxzZWd1cmlkYWQiLAogIlRhcmdldEZpbGVuYW1lIjogIiIsCiAiRGV0ZWN0aW9uTG9naWMiOiAiU3lzbW9uIElEIDEgKyBjbWQuZXhlICsgY2hhaW5pbmcvZHVhbC11c2UgcmVnZXg7IGJvdW5kZWQgTmF0aXZlIE1lc3NhZ2luZyBGUCBleGNsdXNpb24iLAogIkZhbHNlUG9zaXRpdmVSZWR1Y3Rpb24iOiAiRG9lcyBub3QgZXhjbHVkZSBjbWQuZXhlIGdsb2JhbGx5OyBvbmx5IGNocm9tZS5leGUgcGFyZW50IHBsdXMgQWRvYmUvQ2hyb21lIE5hdGl2ZSBNZXNzYWdpbmcgY29tbWFuZC1saW5lIHBhdHRlcm4iLAogIkJlbmNobWFya1NjZW5hcmlvIjogIkI1IiwKICJBcnRpZmFjdFByb2ZpbGUiOiAiUDQgTG93IEJhc2ljIHYyIiwKICJSb3V0ZXJQcm9maWxlIjogIlA0IiwKICJTb3VyY2VBcnRpZmFjdCI6ICJDdXN0b20uVEZNLkhJRFMuUDQuTG93LkJhc2ljX3YyL0NVMDAyX1NvdXJjZV9URUMwMDJfQ01EX0Jhc2ljIiwKICJSb3V0ZXJBcnRpZmFjdCI6ICJDdXN0b20uVEZNLkhJRFMuUm91dGVyLkpTT05MLkRpc2NvcmQuRmluYWxfdjNfZml4MyIKfQ==
               CurrentDirectory: C:\Users\seguridad\Desktop\TFM\Velociraptor\
               User: LT29\seguridad
               LogonGuid: {6bc49a7d-4e8b-69fb-7a91-080000000000}
               LogonId: 0x8917A
               TerminalSessionId: 1
               IntegrityLevel: High
               Hashes: MD5=DFD66604CA0898E8E26DF7B1635B6326,SHA256=D23B67799A0DA0143E395BA5DB906A22AB08FAC4BD5581E275B1E0F1B3FAC55C,IMPHASH=88CB9A420410BDA787E305B65518A934
               ParentProcessGuid: {6bc49a7d-f41d-6a26-f11e-000000009401}
               ParentProcessId: 8852
               ParentImage: C:\Users\seguridad\Desktop\TFM\Velociraptor\velociraptor-v0.75.6-windows-amd64.exe
               ParentCommandLine: "C:\Users\seguridad\Desktop\TFM\Velociraptor\velociraptor-v0.75.6-windows-amd64.exe"  --config server.config.yaml gui
               ParentUser: LT29\seguridad

TimeCreated  : 09/06/2026 20:01:59
Id           : 11
ProviderName : Microsoft-Windows-Sysmon
Message      : File created:
               RuleName: -
               UtcTime: 2026-06-09 18:01:59.630
               ProcessGuid: {6bc49a7d-5517-6a28-3528-000000009401}
               ProcessId: 12692
               Image: C:\Windows\System32\WindowsPowerShell\v1.0\powershell.exe
               TargetFilename: C:\Program Files\Velociraptor\Tools\__PSScriptPolicyTest_1hpnsy3a.acu.ps1
               CreationUtcTime: 2026-06-09 18:01:59.630
               User: LT29\seguridad

TimeCreated  : 09/06/2026 20:01:59
Id           : 11
ProviderName : Microsoft-Windows-Sysmon
Message      : File created:
               RuleName: -
               UtcTime: 2026-06-09 18:01:59.471
               ProcessGuid: {6bc49a7d-5517-6a28-3428-000000009401}
               ProcessId: 1352
               Image: C:\Windows\System32\WindowsPowerShell\v1.0\powershell.exe
               TargetFilename: C:\Program Files\Velociraptor\Tools\__PSScriptPolicyTest_qbvvx1xo.qda.ps1
               CreationUtcTime: 2026-06-09 18:01:59.471
               User: LT29\seguridad

TimeCreated  : 09/06/2026 20:01:59
Id           : 1
ProviderName : Microsoft-Windows-Sysmon
Message      : Process Create:
               RuleName: -
               UtcTime: 2026-06-09 18:01:59.400
               ProcessGuid: {6bc49a7d-5517-6a28-3528-000000009401}
               ProcessId: 12692
               Image: C:\Windows\System32\WindowsPowerShell\v1.0\powershell.exe
               FileVersion: 10.0.19041.3393 (WinBuild.160101.0800)
               Description: Windows PowerShell
               Product: Microsoft® Windows® Operating System
               Company: Microsoft Corporation
               OriginalFileName: PowerShell.EXE
               CommandLine: powershell.exe -NoProfile -NonInteractive -ExecutionPolicy Bypass -Command "& { param([string]$p,[string]$b64) $json=[System.Text.Encoding]::UTF8.GetString([System.Convert]::FromBase64String($b64)); $compact=($json | ConvertFrom-Json | ConvertTo-Json -Compress -Depth 20); $d=Split-Path -Parent $p; if (!(Test-Path -LiteralPath $d)) { New-Item -ItemType Directory -Path $d -Force | Out-Null }; Add-Content -LiteralPath $p -Value $compact -Encoding UTF8 }" \\VBOXSVR\Carpeta_Compartida_TFM\inbox\alerts.jsonl ewogIlJvdXRlclRpbWUiOiAiMjAyNi0wNi0wOVQxODowMTo1N1oiLAogIkRldGVjdGlvblRpbWUiOiAxNzgxMDI4MDY0LjAwNzY2NTYsCiAiQ2xpZW50SWQiOiAiQy4zNjQ5MDcxNzI3OTNmOGM3IiwKICJIb3N0bmFtZSI6ICJMVDI5LmFpdC51cy5lcyIsCiAiQ1VfSUQiOiAiQ1UtMDAxIiwKICJJRF9UZWNuaWNhX0ludGVybmEiOiAiVEVDLTAwMSIsCiAiTUlUUkVfSUQiOiAiVDEwNTkuMDAxIiwKICJNSVRSRV9UYWN0aWMiOiAiRXhlY3V0aW9uIiwKICJNSVRSRV9UYWN0aWNfQ29udGV4dCI6ICIiLAogIlNpZ25hbFR5cGUiOiAiUHJvY2Vzc0NyZWF0aW9uIiwKICJBbGVydE5hbWUiOiAiUG93ZXJTaGVsbCBzdXNwaWNpb3VzIGV4ZWN1dGlvbiAtIGJhc2ljIHByb2ZpbGUgdjIiLAogIlNldmVyaXR5IjogIk1lZGl1bSIsCiAiUHJpb3JpdHkiOiAiUDMiLAogIkNvbmZpZGVuY2UiOiAiTWVkaXVtIiwKICJEZXRlY3Rpb25TY29wZSI6ICJIb3N0LWJhc2VkIHByb2Nlc3MgY3JlYXRpb24iLAogIk91dHB1dFR5cGUiOiAiRGV0ZWNjaW9uIC8gQWxlcnRhIFJUIHNpIHNlIGVucnV0YSIsCiAiRlBfUmlzayI6ICJNZWRpbyIsCiAiQ1VfUmVhc29uIjogInBvd2Vyc2hlbGwuZXhlL3B3c2guZXhlIHdpdGggc3VzcGljaW91cyBleGVjdXRpb24gZmxhZ3Mgb3IgY29tbWFuZCBwYXR0ZXJucyIsCiAiQ1VfRXZpZGVuY2UiOiAicG93ZXJzaGVsbC5leGUgIC1Ob1Byb2ZpbGUgLUV4ZWN1dGlvblBvbGljeSBCeXBhc3MgLUNvbW1hbmQgXCJXcml0ZS1Ib3N0IFRFQzAwMV9PSzsgU3RhcnQtU2xlZXAgM1wiIiwKICJFdmVudElEIjogMSwKICJDaGFubmVsIjogIk1pY3Jvc29mdC1XaW5kb3dzLVN5c21vbi9PcGVyYXRpb25hbCIsCiAiUHJvdmlkZXIiOiAiTWljcm9zb2Z0LVdpbmRvd3MtU3lzbW9uIiwKICJJbWFnZSI6ICJDOlxcV2luZG93c1xcU3lzdGVtMzJcXFdpbmRvd3NQb3dlclNoZWxsXFx2MS4wXFxwb3dlcnNoZWxsLmV4ZSIsCiAiQ29tbWFuZExpbmUiOiAicG93ZXJzaGVsbC5leGUgIC1Ob1Byb2ZpbGUgLUV4ZWN1dGlvblBvbGljeSBCeXBhc3MgLUNvbW1hbmQgXCJXcml0ZS1Ib3N0IFRFQzAwMV9PSzsgU3RhcnQtU2xlZXAgM1wiIiwKICJQYXJlbnRJbWFnZSI6ICJDOlxcV2luZG93c1xcU3lzdGVtMzJcXGNtZC5leGUiLAogIlBhcmVudENvbW1hbmRMaW5lIjogIlwiY21kLmV4ZVwiIC9kIC9jIHBvd2Vyc2hlbGwuZXhlIC1Ob1Byb2ZpbGUgLUV4ZWN1dGlvblBvbGljeSBCeXBhc3MgLUNvbW1hbmQgXCJXcml0ZS1Ib3N0IFRFQzAwMV9PSzsgU3RhcnQtU2xlZXAgM1wiIiwKICJVc2VyIjogIkxUMjlcXHNlZ3VyaWRhZCIsCiAiVGFyZ2V0RmlsZW5hbWUiOiAiIiwKICJEZXRlY3Rpb25Mb2dpYyI6ICJTeXNtb24gSUQgMSArIFBvd2VyU2hlbGwgaW1hZ2UgKyBzdXNwaWNpb3VzIGZsYWdzOyBleGNsdWRlcyByb3V0ZXIgSlNPTkwgc2VsZi1ldmVudHMiLAogIkZhbHNlUG9zaXRpdmVSZWR1Y3Rpb24iOiAiUm91dGVyIEpTT05MIHNlbGYtZXZlbnRzIGV4Y2x1ZGVkIGJ5IEFkZC1Db250ZW50L0Zyb21CYXNlNjRTdHJpbmcvYWxlcnRzLmpzb25sIHBhdHRlcm47IFBvd2VyU2hlbGwgQnlwYXNzIHJlbWFpbnMgdmlzaWJsZSBvdGhlcndpc2UiLAogIkJlbmNobWFya1NjZW5hcmlvIjogIkI1IiwKICJBcnRpZmFjdFByb2ZpbGUiOiAiUDQgTG93IEJhc2ljIHYyIiwKICJSb3V0ZXJQcm9maWxlIjogIlA0IiwKICJTb3VyY2VBcnRpZmFjdCI6ICJDdXN0b20uVEZNLkhJRFMuUDQuTG93LkJhc2ljX3YyL0NVMDAxX1NvdXJjZV9URUMwMDFfUG93ZXJTaGVsbF9CYXNpYyIsCiAiUm91dGVyQXJ0aWZhY3QiOiAiQ3VzdG9tLlRGTS5ISURTLlJvdXRlci5KU09OTC5EaXNjb3JkLkZpbmFsX3YzX2ZpeDMiCn0=
               CurrentDirectory: C:\Users\seguridad\Desktop\TFM\Velociraptor\
               User: LT29\seguridad
               LogonGuid: {6bc49a7d-4e8b-69fb-7a91-080000000000}
               LogonId: 0x8917A
               TerminalSessionId: 1
               IntegrityLevel: High
               Hashes: MD5=DFD66604CA0898E8E26DF7B1635B6326,SHA256=D23B67799A0DA0143E395BA5DB906A22AB08FAC4BD5581E275B1E0F1B3FAC55C,IMPHASH=88CB9A420410BDA787E305B65518A934
               ParentProcessGuid: {6bc49a7d-f41d-6a26-f11e-000000009401}
               ParentProcessId: 8852
               ParentImage: C:\Users\seguridad\Desktop\TFM\Velociraptor\velociraptor-v0.75.6-windows-amd64.exe
               ParentCommandLine: "C:\Users\seguridad\Desktop\TFM\Velociraptor\velociraptor-v0.75.6-windows-amd64.exe"  --config server.config.yaml gui
               ParentUser: LT29\seguridad

TimeCreated  : 09/06/2026 20:01:59
Id           : 1
ProviderName : Microsoft-Windows-Sysmon
Message      : Process Create:
               RuleName: -
               UtcTime: 2026-06-09 18:01:59.323
               ProcessGuid: {6bc49a7d-5517-6a28-3428-000000009401}
               ProcessId: 1352
               Image: C:\Windows\System32\WindowsPowerShell\v1.0\powershell.exe
               FileVersion: 10.0.19041.3393 (WinBuild.160101.0800)
               Description: Windows PowerShell
               Product: Microsoft® Windows® Operating System
               Company: Microsoft Corporation
               OriginalFileName: PowerShell.EXE
               CommandLine: powershell.exe -NoProfile -NonInteractive -ExecutionPolicy Bypass -Command "& { param([string]$p,[string]$b64) $json=[System.Text.Encoding]::UTF8.GetString([System.Convert]::FromBase64String($b64)); $compact=($json | ConvertFrom-Json | ConvertTo-Json -Compress -Depth 20); $d=Split-Path -Parent $p; if (!(Test-Path -LiteralPath $d)) { New-Item -ItemType Directory -Path $d -Force | Out-Null }; Add-Content -LiteralPath $p -Value $compact -Encoding UTF8 }" \\VBOXSVR\Carpeta_Compartida_TFM\inbox\alerts.jsonl ewogIlJvdXRlclRpbWUiOiAiMjAyNi0wNi0wOVQxODowMTo1N1oiLAogIkRldGVjdGlvblRpbWUiOiAxNzgxMDI4MDQzLjM3NTIxNiwKICJDbGllbnRJZCI6ICJDLjM2NDkwNzE3Mjc5M2Y4YzciLAogIkhvc3RuYW1lIjogIkxUMjkuYWl0LnVzLmVzIiwKICJDVV9JRCI6ICJDVS0wMDIiLAogIklEX1RlY25pY2FfSW50ZXJuYSI6ICJURUMtMDAyIiwKICJNSVRSRV9JRCI6ICJUMTA1OS4wMDMiLAogIk1JVFJFX1RhY3RpYyI6ICJFeGVjdXRpb24iLAogIk1JVFJFX1RhY3RpY19Db250ZXh0IjogIiIsCiAiU2lnbmFsVHlwZSI6ICJQcm9jZXNzQ3JlYXRpb24iLAogIkFsZXJ0TmFtZSI6ICJXaW5kb3dzIENvbW1hbmQgU2hlbGwgc3VzcGljaW91cyBleGVjdXRpb24gLSBiYXNpYyBwcm9maWxlIHYyIiwKICJTZXZlcml0eSI6ICJNZWRpdW0iLAogIlByaW9yaXR5IjogIlAzIiwKICJDb25maWRlbmNlIjogIk1lZGl1bSIsCiAiRGV0ZWN0aW9uU2NvcGUiOiAiSG9zdC1iYXNlZCBwcm9jZXNzIGNyZWF0aW9uIiwKICJPdXRwdXRUeXBlIjogIkRldGVjY2lvbiAvIEFsZXJ0YSBSVCBzaSBzZSBlbnJ1dGEiLAogIkZQX1Jpc2siOiAiTWVkaW8iLAogIkNVX1JlYXNvbiI6ICJjbWQuZXhlIHdpdGggY2hhaW5pbmcsIFBvd2VyU2hlbGwgb3IgYWRtaW5pc3RyYXRpdmUgdG9vbCB1c2FnZSIsCiAiQ1VfRXZpZGVuY2UiOiAiXCJjbWQuZXhlXCIgL2QgL2Mgc2NodGFza3MuZXhlIC9kZWxldGUgL3RuIFwiVEZNLVRFQy0wMDNcIiAvZiIsCiAiRXZlbnRJRCI6IDEsCiAiQ2hhbm5lbCI6ICJNaWNyb3NvZnQtV2luZG93cy1TeXNtb24vT3BlcmF0aW9uYWwiLAogIlByb3ZpZGVyIjogIk1pY3Jvc29mdC1XaW5kb3dzLVN5c21vbiIsCiAiSW1hZ2UiOiAiQzpcXFdpbmRvd3NcXFN5c3RlbTMyXFxjbWQuZXhlIiwKICJDb21tYW5kTGluZSI6ICJcImNtZC5leGVcIiAvZCAvYyBzY2h0YXNrcy5leGUgL2RlbGV0ZSAvdG4gXCJURk0tVEVDLTAwM1wiIC9mIiwKICJQYXJlbnRJbWFnZSI6ICJDOlxcV2luZG93c1xcU3lzdGVtMzJcXFdpbmRvd3NQb3dlclNoZWxsXFx2MS4wXFxwb3dlcnNoZWxsLmV4ZSIsCiAiUGFyZW50Q29tbWFuZExpbmUiOiAiXCJDOlxcV2luZG93c1xcU3lzdGVtMzJcXFdpbmRvd3NQb3dlclNoZWxsXFx2MS4wXFxwb3dlcnNoZWxsLmV4ZVwiICIsCiAiVXNlciI6ICJMVDI5XFxzZWd1cmlkYWQiLAogIlRhcmdldEZpbGVuYW1lIjogIiIsCiAiRGV0ZWN0aW9uTG9naWMiOiAiU3lzbW9uIElEIDEgKyBjbWQuZXhlICsgY2hhaW5pbmcvZHVhbC11c2UgcmVnZXg7IGJvdW5kZWQgTmF0aXZlIE1lc3NhZ2luZyBGUCBleGNsdXNpb24iLAogIkZhbHNlUG9zaXRpdmVSZWR1Y3Rpb24iOiAiRG9lcyBub3QgZXhjbHVkZSBjbWQuZXhlIGdsb2JhbGx5OyBvbmx5IGNocm9tZS5leGUgcGFyZW50IHBsdXMgQWRvYmUvQ2hyb21lIE5hdGl2ZSBNZXNzYWdpbmcgY29tbWFuZC1saW5lIHBhdHRlcm4iLAogIkJlbmNobWFya1NjZW5hcmlvIjogIkI1IiwKICJBcnRpZmFjdFByb2ZpbGUiOiAiUDQgTG93IEJhc2ljIHYyIiwKICJSb3V0ZXJQcm9maWxlIjogIlA0IiwKICJTb3VyY2VBcnRpZmFjdCI6ICJDdXN0b20uVEZNLkhJRFMuUDQuTG93LkJhc2ljX3YyL0NVMDAyX1NvdXJjZV9URUMwMDJfQ01EX0Jhc2ljIiwKICJSb3V0ZXJBcnRpZmFjdCI6ICJDdXN0b20uVEZNLkhJRFMuUm91dGVyLkpTT05MLkRpc2NvcmQuRmluYWxfdjNfZml4MyIKfQ==
               CurrentDirectory: C:\Users\seguridad\Desktop\TFM\Velociraptor\
               User: LT29\seguridad
               LogonGuid: {6bc49a7d-4e8b-69fb-7a91-080000000000}
               LogonId: 0x8917A
               TerminalSessionId: 1
               IntegrityLevel: High
               Hashes: MD5=DFD66604CA0898E8E26DF7B1635B6326,SHA256=D23B67799A0DA0143E395BA5DB906A22AB08FAC4BD5581E275B1E0F1B3FAC55C,IMPHASH=88CB9A420410BDA787E305B65518A934
               ParentProcessGuid: {6bc49a7d-f41d-6a26-f11e-000000009401}
               ParentProcessId: 8852
               ParentImage: C:\Users\seguridad\Desktop\TFM\Velociraptor\velociraptor-v0.75.6-windows-amd64.exe
               ParentCommandLine: "C:\Users\seguridad\Desktop\TFM\Velociraptor\velociraptor-v0.75.6-windows-amd64.exe"  --config server.config.yaml gui
               ParentUser: LT29\seguridad

TimeCreated  : 09/06/2026 20:01:58
Id           : 11
ProviderName : Microsoft-Windows-Sysmon
Message      : File created:
               RuleName: -
               UtcTime: 2026-06-09 18:01:58.832
               ProcessGuid: {6bc49a7d-5516-6a28-3328-000000009401}
               ProcessId: 11968
               Image: C:\Windows\System32\WindowsPowerShell\v1.0\powershell.exe
               TargetFilename: C:\Program Files\Velociraptor\Tools\__PSScriptPolicyTest_l5sdi3gx.puj.ps1
               CreationUtcTime: 2026-06-09 18:01:58.832
               User: LT29\seguridad

TimeCreated  : 09/06/2026 20:01:58
Id           : 11
ProviderName : Microsoft-Windows-Sysmon
Message      : File created:
               RuleName: -
               UtcTime: 2026-06-09 18:01:58.677
               ProcessGuid: {6bc49a7d-5516-6a28-3228-000000009401}
               ProcessId: 12876
               Image: C:\Windows\System32\WindowsPowerShell\v1.0\powershell.exe
               TargetFilename: C:\Program Files\Velociraptor\Tools\__PSScriptPolicyTest_me5irgk4.oow.ps1
               CreationUtcTime: 2026-06-09 18:01:58.677
               User: LT29\seguridad

TimeCreated  : 09/06/2026 20:01:58
Id           : 1
ProviderName : Microsoft-Windows-Sysmon
Message      : Process Create:
               RuleName: -
               UtcTime: 2026-06-09 18:01:58.606
               ProcessGuid: {6bc49a7d-5516-6a28-3328-000000009401}
               ProcessId: 11968
               Image: C:\Windows\System32\WindowsPowerShell\v1.0\powershell.exe
               FileVersion: 10.0.19041.3393 (WinBuild.160101.0800)
               Description: Windows PowerShell
               Product: Microsoft® Windows® Operating System
               Company: Microsoft Corporation
               OriginalFileName: PowerShell.EXE
               CommandLine: powershell.exe -NoProfile -NonInteractive -ExecutionPolicy Bypass -Command "& { param([string]$p,[string]$b64) $json=[System.Text.Encoding]::UTF8.GetString([System.Convert]::FromBase64String($b64)); $compact=($json | ConvertFrom-Json | ConvertTo-Json -Compress -Depth 20); $d=Split-Path -Parent $p; if (!(Test-Path -LiteralPath $d)) { New-Item -ItemType Directory -Path $d -Force | Out-Null }; Add-Content -LiteralPath $p -Value $compact -Encoding UTF8 }" \\VBOXSVR\Carpeta_Compartida_TFM\inbox\alerts.jsonl ewogIlJvdXRlclRpbWUiOiAiMjAyNi0wNi0wOVQxODowMTo1N1oiLAogIkRldGVjdGlvblRpbWUiOiAxNzgxMDI4MDU2LjU2MDMzMSwKICJDbGllbnRJZCI6ICJDLjM2NDkwNzE3Mjc5M2Y4YzciLAogIkhvc3RuYW1lIjogIkxUMjkuYWl0LnVzLmVzIiwKICJDVV9JRCI6ICJDVS0wMDEiLAogIklEX1RlY25pY2FfSW50ZXJuYSI6ICJURUMtMDAxIiwKICJNSVRSRV9JRCI6ICJUMTA1OS4wMDEiLAogIk1JVFJFX1RhY3RpYyI6ICJFeGVjdXRpb24iLAogIk1JVFJFX1RhY3RpY19Db250ZXh0IjogIiIsCiAiU2lnbmFsVHlwZSI6ICJQcm9jZXNzQ3JlYXRpb24iLAogIkFsZXJ0TmFtZSI6ICJQb3dlclNoZWxsIHN1c3BpY2lvdXMgZXhlY3V0aW9uIC0gYmFzaWMgcHJvZmlsZSB2MiIsCiAiU2V2ZXJpdHkiOiAiTWVkaXVtIiwKICJQcmlvcml0eSI6ICJQMyIsCiAiQ29uZmlkZW5jZSI6ICJNZWRpdW0iLAogIkRldGVjdGlvblNjb3BlIjogIkhvc3QtYmFzZWQgcHJvY2VzcyBjcmVhdGlvbiIsCiAiT3V0cHV0VHlwZSI6ICJEZXRlY2Npb24gLyBBbGVydGEgUlQgc2kgc2UgZW5ydXRhIiwKICJGUF9SaXNrIjogIk1lZGlvIiwKICJDVV9SZWFzb24iOiAicG93ZXJzaGVsbC5leGUvcHdzaC5leGUgd2l0aCBzdXNwaWNpb3VzIGV4ZWN1dGlvbiBmbGFncyBvciBjb21tYW5kIHBhdHRlcm5zIiwKICJDVV9FdmlkZW5jZSI6ICJwb3dlcnNoZWxsLmV4ZSAgLU5vUHJvZmlsZSAtRXhlY3V0aW9uUG9saWN5IEJ5cGFzcyAtRmlsZSBcIkM6XFxVc2Vyc1xcc2VndXJpZGFkXFxEZXNrdG9wXFxURk1cXFBydWViYXNcXFRFQy0wMDlfRXhmaWx0cmFjaW9uXFxjcmVhcl9kaXJlY3RvcmlvX2R1bW15LnBzMVwiICIsCiAiRXZlbnRJRCI6IDEsCiAiQ2hhbm5lbCI6ICJNaWNyb3NvZnQtV2luZG93cy1TeXNtb24vT3BlcmF0aW9uYWwiLAogIlByb3ZpZGVyIjogIk1pY3Jvc29mdC1XaW5kb3dzLVN5c21vbiIsCiAiSW1hZ2UiOiAiQzpcXFdpbmRvd3NcXFN5c3RlbTMyXFxXaW5kb3dzUG93ZXJTaGVsbFxcdjEuMFxccG93ZXJzaGVsbC5leGUiLAogIkNvbW1hbmRMaW5lIjogInBvd2Vyc2hlbGwuZXhlICAtTm9Qcm9maWxlIC1FeGVjdXRpb25Qb2xpY3kgQnlwYXNzIC1GaWxlIFwiQzpcXFVzZXJzXFxzZWd1cmlkYWRcXERlc2t0b3BcXFRGTVxcUHJ1ZWJhc1xcVEVDLTAwOV9FeGZpbHRyYWNpb25cXGNyZWFyX2RpcmVjdG9yaW9fZHVtbXkucHMxXCIgIiwKICJQYXJlbnRJbWFnZSI6ICJDOlxcV2luZG93c1xcU3lzdGVtMzJcXGNtZC5leGUiLAogIlBhcmVudENvbW1hbmRMaW5lIjogIlwiY21kLmV4ZVwiIC9kIC9jIHBvd2Vyc2hlbGwuZXhlIC1Ob1Byb2ZpbGUgLUV4ZWN1dGlvblBvbGljeSBCeXBhc3MgLUZpbGUgXCJDOlxcVXNlcnNcXHNlZ3VyaWRhZFxcRGVza3RvcFxcVEZNXFxQcnVlYmFzXFxURUMtMDA5X0V4ZmlsdHJhY2lvblxcY3JlYXJfZGlyZWN0b3Jpb19kdW1teS5wczFcIiAiLAogIlVzZXIiOiAiTFQyOVxcc2VndXJpZGFkIiwKICJUYXJnZXRGaWxlbmFtZSI6ICIiLAogIkRldGVjdGlvbkxvZ2ljIjogIlN5c21vbiBJRCAxICsgUG93ZXJTaGVsbCBpbWFnZSArIHN1c3BpY2lvdXMgZmxhZ3M7IGV4Y2x1ZGVzIHJvdXRlciBKU09OTCBzZWxmLWV2ZW50cyIsCiAiRmFsc2VQb3NpdGl2ZVJlZHVjdGlvbiI6ICJSb3V0ZXIgSlNPTkwgc2VsZi1ldmVudHMgZXhjbHVkZWQgYnkgQWRkLUNvbnRlbnQvRnJvbUJhc2U2NFN0cmluZy9hbGVydHMuanNvbmwgcGF0dGVybjsgUG93ZXJTaGVsbCBCeXBhc3MgcmVtYWlucyB2aXNpYmxlIG90aGVyd2lzZSIsCiAiQmVuY2htYXJrU2NlbmFyaW8iOiAiQjUiLAogIkFydGlmYWN0UHJvZmlsZSI6ICJQNCBMb3cgQmFzaWMgdjIiLAogIlJvdXRlclByb2ZpbGUiOiAiUDQiLAogIlNvdXJjZUFydGlmYWN0IjogIkN1c3RvbS5URk0uSElEUy5QNC5Mb3cuQmFzaWNfdjIvQ1UwMDFfU291cmNlX1RFQzAwMV9Qb3dlclNoZWxsX0Jhc2ljIiwKICJSb3V0ZXJBcnRpZmFjdCI6ICJDdXN0b20uVEZNLkhJRFMuUm91dGVyLkpTT05MLkRpc2NvcmQuRmluYWxfdjNfZml4MyIKfQ==
               CurrentDirectory: C:\Users\seguridad\Desktop\TFM\Velociraptor\
               User: LT29\seguridad
               LogonGuid: {6bc49a7d-4e8b-69fb-7a91-080000000000}
               LogonId: 0x8917A
               TerminalSessionId: 1
               IntegrityLevel: High
               Hashes: MD5=DFD66604CA0898E8E26DF7B1635B6326,SHA256=D23B67799A0DA0143E395BA5DB906A22AB08FAC4BD5581E275B1E0F1B3FAC55C,IMPHASH=88CB9A420410BDA787E305B65518A934
               ParentProcessGuid: {6bc49a7d-f41d-6a26-f11e-000000009401}
               ParentProcessId: 8852
               ParentImage: C:\Users\seguridad\Desktop\TFM\Velociraptor\velociraptor-v0.75.6-windows-amd64.exe
               ParentCommandLine: "C:\Users\seguridad\Desktop\TFM\Velociraptor\velociraptor-v0.75.6-windows-amd64.exe"  --config server.config.yaml gui
               ParentUser: LT29\seguridad

TimeCreated  : 09/06/2026 20:01:58
Id           : 1
ProviderName : Microsoft-Windows-Sysmon
Message      : Process Create:
               RuleName: -
               UtcTime: 2026-06-09 18:01:58.509
               ProcessGuid: {6bc49a7d-5516-6a28-3228-000000009401}
               ProcessId: 12876
               Image: C:\Windows\System32\WindowsPowerShell\v1.0\powershell.exe
               FileVersion: 10.0.19041.3393 (WinBuild.160101.0800)
               Description: Windows PowerShell
               Product: Microsoft® Windows® Operating System
               Company: Microsoft Corporation
               OriginalFileName: PowerShell.EXE
               CommandLine: powershell.exe -NoProfile -NonInteractive -ExecutionPolicy Bypass -Command "& { param([string]$p,[string]$b64) $json=[System.Text.Encoding]::UTF8.GetString([System.Convert]::FromBase64String($b64)); $compact=($json | ConvertFrom-Json | ConvertTo-Json -Compress -Depth 20); $d=Split-Path -Parent $p; if (!(Test-Path -LiteralPath $d)) { New-Item -ItemType Directory -Path $d -Force | Out-Null }; Add-Content -LiteralPath $p -Value $compact -Encoding UTF8 }" \\VBOXSVR\Carpeta_Compartida_TFM\inbox\alerts.jsonl ewogIlJvdXRlclRpbWUiOiAiMjAyNi0wNi0wOVQxODowMTo1NloiLAogIkRldGVjdGlvblRpbWUiOiAxNzgxMDI4MDI3LjMwNjI4NSwKICJDbGllbnRJZCI6ICJDLjM2NDkwNzE3Mjc5M2Y4YzciLAogIkhvc3RuYW1lIjogIkxUMjkuYWl0LnVzLmVzIiwKICJDVV9JRCI6ICJDVS0wMDIiLAogIklEX1RlY25pY2FfSW50ZXJuYSI6ICJURUMtMDAyIiwKICJNSVRSRV9JRCI6ICJUMTA1OS4wMDMiLAogIk1JVFJFX1RhY3RpYyI6ICJFeGVjdXRpb24iLAogIk1JVFJFX1RhY3RpY19Db250ZXh0IjogIiIsCiAiU2lnbmFsVHlwZSI6ICJQcm9jZXNzQ3JlYXRpb24iLAogIkFsZXJ0TmFtZSI6ICJXaW5kb3dzIENvbW1hbmQgU2hlbGwgc3VzcGljaW91cyBleGVjdXRpb24gLSBiYXNpYyBwcm9maWxlIHYyIiwKICJTZXZlcml0eSI6ICJNZWRpdW0iLAogIlByaW9yaXR5IjogIlAzIiwKICJDb25maWRlbmNlIjogIk1lZGl1bSIsCiAiRGV0ZWN0aW9uU2NvcGUiOiAiSG9zdC1iYXNlZCBwcm9jZXNzIGNyZWF0aW9uIiwKICJPdXRwdXRUeXBlIjogIkRldGVjY2lvbiAvIEFsZXJ0YSBSVCBzaSBzZSBlbnJ1dGEiLAogIkZQX1Jpc2siOiAiTWVkaW8iLAogIkNVX1JlYXNvbiI6ICJjbWQuZXhlIHdpdGggY2hhaW5pbmcsIFBvd2VyU2hlbGwgb3IgYWRtaW5pc3RyYXRpdmUgdG9vbCB1c2FnZSIsCiAiQ1VfRXZpZGVuY2UiOiAiXCJjbWQuZXhlXCIgL2QgL2MgcG93ZXJzaGVsbC5leGUgLU5vUHJvZmlsZSAtRXhlY3V0aW9uUG9saWN5IEJ5cGFzcyAtRmlsZSBcIkM6XFxVc2Vyc1xcc2VndXJpZGFkXFxEZXNrdG9wXFxURk1cXFBydWViYXNcXFRFQy0wMDhfU2Fib3RhamVcXGNyZWFyX2RpcmVjdG9yaW9fZHVtbXkucHMxXCIgIiwKICJFdmVudElEIjogMSwKICJDaGFubmVsIjogIk1pY3Jvc29mdC1XaW5kb3dzLVN5c21vbi9PcGVyYXRpb25hbCIsCiAiUHJvdmlkZXIiOiAiTWljcm9zb2Z0LVdpbmRvd3MtU3lzbW9uIiwKICJJbWFnZSI6ICJDOlxcV2luZG93c1xcU3lzdGVtMzJcXGNtZC5leGUiLAogIkNvbW1hbmRMaW5lIjogIlwiY21kLmV4ZVwiIC9kIC9jIHBvd2Vyc2hlbGwuZXhlIC1Ob1Byb2ZpbGUgLUV4ZWN1dGlvblBvbGljeSBCeXBhc3MgLUZpbGUgXCJDOlxcVXNlcnNcXHNlZ3VyaWRhZFxcRGVza3RvcFxcVEZNXFxQcnVlYmFzXFxURUMtMDA4X1NhYm90YWplXFxjcmVhcl9kaXJlY3RvcmlvX2R1bW15LnBzMVwiICIsCiAiUGFyZW50SW1hZ2UiOiAiQzpcXFdpbmRvd3NcXFN5c3RlbTMyXFxXaW5kb3dzUG93ZXJTaGVsbFxcdjEuMFxccG93ZXJzaGVsbC5leGUiLAogIlBhcmVudENvbW1hbmRMaW5lIjogIlwiQzpcXFdpbmRvd3NcXFN5c3RlbTMyXFxXaW5kb3dzUG93ZXJTaGVsbFxcdjEuMFxccG93ZXJzaGVsbC5leGVcIiAiLAogIlVzZXIiOiAiTFQyOVxcc2VndXJpZGFkIiwKICJUYXJnZXRGaWxlbmFtZSI6ICIiLAogIkRldGVjdGlvbkxvZ2ljIjogIlN5c21vbiBJRCAxICsgY21kLmV4ZSArIGNoYWluaW5nL2R1YWwtdXNlIHJlZ2V4OyBib3VuZGVkIE5hdGl2ZSBNZXNzYWdpbmcgRlAgZXhjbHVzaW9uIiwKICJGYWxzZVBvc2l0aXZlUmVkdWN0aW9uIjogIkRvZXMgbm90IGV4Y2x1ZGUgY21kLmV4ZSBnbG9iYWxseTsgb25seSBjaHJvbWUuZXhlIHBhcmVudCBwbHVzIEFkb2JlL0Nocm9tZSBOYXRpdmUgTWVzc2FnaW5nIGNvbW1hbmQtbGluZSBwYXR0ZXJuIiwKICJCZW5jaG1hcmtTY2VuYXJpbyI6ICJCNSIsCiAiQXJ0aWZhY3RQcm9maWxlIjogIlA0IExvdyBCYXNpYyB2MiIsCiAiUm91dGVyUHJvZmlsZSI6ICJQNCIsCiAiU291cmNlQXJ0aWZhY3QiOiAiQ3VzdG9tLlRGTS5ISURTLlA0Lkxvdy5CYXNpY192Mi9DVTAwMl9Tb3VyY2VfVEVDMDAyX0NNRF9CYXNpYyIsCiAiUm91dGVyQXJ0aWZhY3QiOiAiQ3VzdG9tLlRGTS5ISURTLlJvdXRlci5KU09OTC5EaXNjb3JkLkZpbmFsX3YzX2ZpeDMiCn0=
               CurrentDirectory: C:\Users\seguridad\Desktop\TFM\Velociraptor\
               User: LT29\seguridad
               LogonGuid: {6bc49a7d-4e8b-69fb-7a91-080000000000}
               LogonId: 0x8917A
               TerminalSessionId: 1
               IntegrityLevel: High
               Hashes: MD5=DFD66604CA0898E8E26DF7B1635B6326,SHA256=D23B67799A0DA0143E395BA5DB906A22AB08FAC4BD5581E275B1E0F1B3FAC55C,IMPHASH=88CB9A420410BDA787E305B65518A934
               ParentProcessGuid: {6bc49a7d-f41d-6a26-f11e-000000009401}
               ParentProcessId: 8852
               ParentImage: C:\Users\seguridad\Desktop\TFM\Velociraptor\velociraptor-v0.75.6-windows-amd64.exe
               ParentCommandLine: "C:\Users\seguridad\Desktop\TFM\Velociraptor\velociraptor-v0.75.6-windows-amd64.exe"  --config server.config.yaml gui
               ParentUser: LT29\seguridad

TimeCreated  : 09/06/2026 20:01:58
Id           : 1
ProviderName : Microsoft-Windows-Sysmon
Message      : Process Create:
               RuleName: -
               UtcTime: 2026-06-09 18:01:58.063
               ProcessGuid: {6bc49a7d-5516-6a28-2f28-000000009401}
               ProcessId: 14296
               Image: C:\Windows\System32\cmd.exe
               FileVersion: 10.0.19041.746 (WinBuild.160101.0800)
               Description: Windows Command Processor
               Product: Microsoft® Windows® Operating System
               Company: Microsoft Corporation
               OriginalFileName: Cmd.Exe
               CommandLine: "cmd.exe" /d /c sc.exe start "TFM TEC005 Test Service"
               CurrentDirectory: C:\Windows\system32\
               User: LT29\seguridad
               LogonGuid: {6bc49a7d-4e8b-69fb-7a91-080000000000}
               LogonId: 0x8917A
               TerminalSessionId: 1
               IntegrityLevel: High
               Hashes: MD5=8A2122E8162DBEF04694B9C3E0B6CDEE,SHA256=B99D61D874728EDC0918CA0EB10EAB93D381E7367E377406E65963366C874450,IMPHASH=272245E2988E1E430500B852C4FB5E18
               ParentProcessGuid: {6bc49a7d-4b45-6a28-b426-000000009401}
               ParentProcessId: 2600
               ParentImage: C:\Windows\System32\WindowsPowerShell\v1.0\powershell.exe
               ParentCommandLine: "C:\Windows\System32\WindowsPowerShell\v1.0\powershell.exe" 
               ParentUser: LT29\seguridad

TimeCreated  : 09/06/2026 20:01:58
Id           : 11
ProviderName : Microsoft-Windows-Sysmon
Message      : File created:
               RuleName: -
               UtcTime: 2026-06-09 18:01:58.013
               ProcessGuid: {6bc49a7d-5515-6a28-2e28-000000009401}
               ProcessId: 12124
               Image: C:\Windows\System32\WindowsPowerShell\v1.0\powershell.exe
               TargetFilename: C:\Program Files\Velociraptor\Tools\__PSScriptPolicyTest_dudl3rsu.n2e.ps1
               CreationUtcTime: 2026-06-09 18:01:58.013
               User: LT29\seguridad

TimeCreated  : 09/06/2026 20:01:57
Id           : 11
ProviderName : Microsoft-Windows-Sysmon
Message      : File created:
               RuleName: -
               UtcTime: 2026-06-09 18:01:57.875
               ProcessGuid: {6bc49a7d-5515-6a28-2d28-000000009401}
               ProcessId: 13944
               Image: C:\Windows\System32\WindowsPowerShell\v1.0\powershell.exe
               TargetFilename: C:\Program Files\Velociraptor\Tools\__PSScriptPolicyTest_mq2qvyjx.3q2.ps1
               CreationUtcTime: 2026-06-09 18:01:57.875
               User: LT29\seguridad

TimeCreated  : 09/06/2026 20:01:57
Id           : 1
ProviderName : Microsoft-Windows-Sysmon
Message      : Process Create:
               RuleName: -
               UtcTime: 2026-06-09 18:01:57.831
               ProcessGuid: {6bc49a7d-5515-6a28-2e28-000000009401}
               ProcessId: 12124
               Image: C:\Windows\System32\WindowsPowerShell\v1.0\powershell.exe
               FileVersion: 10.0.19041.3393 (WinBuild.160101.0800)
               Description: Windows PowerShell
               Product: Microsoft® Windows® Operating System
               Company: Microsoft Corporation
               OriginalFileName: PowerShell.EXE
               CommandLine: powershell.exe -NoProfile -NonInteractive -ExecutionPolicy Bypass -Command "& { param([string]$p,[string]$b64) $json=[System.Text.Encoding]::UTF8.GetString([System.Convert]::FromBase64String($b64)); $compact=($json | ConvertFrom-Json | ConvertTo-Json -Compress -Depth 20); $d=Split-Path -Parent $p; if (!(Test-Path -LiteralPath $d)) { New-Item -ItemType Directory -Path $d -Force | Out-Null }; Add-Content -LiteralPath $p -Value $compact -Encoding UTF8 }" \\VBOXSVR\Carpeta_Compartida_TFM\inbox\alerts.jsonl ewogIlJvdXRlclRpbWUiOiAiMjAyNi0wNi0wOVQxODowMTo1NloiLAogIkRldGVjdGlvblRpbWUiOiAxNzgxMDI4MDQ5Ljc1NjMzNzYsCiAiQ2xpZW50SWQiOiAiQy4zNjQ5MDcxNzI3OTNmOGM3IiwKICJIb3N0bmFtZSI6ICJMVDI5LmFpdC51cy5lcyIsCiAiQ1VfSUQiOiAiQ1UtMDAxIiwKICJJRF9UZWNuaWNhX0ludGVybmEiOiAiVEVDLTAwMSIsCiAiTUlUUkVfSUQiOiAiVDEwNTkuMDAxIiwKICJNSVRSRV9UYWN0aWMiOiAiRXhlY3V0aW9uIiwKICJNSVRSRV9UYWN0aWNfQ29udGV4dCI6ICIiLAogIlNpZ25hbFR5cGUiOiAiUHJvY2Vzc0NyZWF0aW9uIiwKICJBbGVydE5hbWUiOiAiUG93ZXJTaGVsbCBzdXNwaWNpb3VzIGV4ZWN1dGlvbiAtIGJhc2ljIHByb2ZpbGUgdjIiLAogIlNldmVyaXR5IjogIk1lZGl1bSIsCiAiUHJpb3JpdHkiOiAiUDMiLAogIkNvbmZpZGVuY2UiOiAiTWVkaXVtIiwKICJEZXRlY3Rpb25TY29wZSI6ICJIb3N0LWJhc2VkIHByb2Nlc3MgY3JlYXRpb24iLAogIk91dHB1dFR5cGUiOiAiRGV0ZWNjaW9uIC8gQWxlcnRhIFJUIHNpIHNlIGVucnV0YSIsCiAiRlBfUmlzayI6ICJNZWRpbyIsCiAiQ1VfUmVhc29uIjogInBvd2Vyc2hlbGwuZXhlL3B3c2guZXhlIHdpdGggc3VzcGljaW91cyBleGVjdXRpb24gZmxhZ3Mgb3IgY29tbWFuZCBwYXR0ZXJucyIsCiAiQ1VfRXZpZGVuY2UiOiAicG93ZXJzaGVsbC5leGUgIC1Ob1Byb2ZpbGUgLUV4ZWN1dGlvblBvbGljeSBCeXBhc3MgLUZpbGUgXCJDOlxcVXNlcnNcXHNlZ3VyaWRhZFxcRGVza3RvcFxcVEZNXFxQcnVlYmFzXFxURUMtMDA4X1NhYm90YWplXFxjcmVhcl9kaXJlY3RvcmlvX2R1bW15LnBzMVwiICIsCiAiRXZlbnRJRCI6IDEsCiAiQ2hhbm5lbCI6ICJNaWNyb3NvZnQtV2luZG93cy1TeXNtb24vT3BlcmF0aW9uYWwiLAogIlByb3ZpZGVyIjogIk1pY3Jvc29mdC1XaW5kb3dzLVN5c21vbiIsCiAiSW1hZ2UiOiAiQzpcXFdpbmRvd3NcXFN5c3RlbTMyXFxXaW5kb3dzUG93ZXJTaGVsbFxcdjEuMFxccG93ZXJzaGVsbC5leGUiLAogIkNvbW1hbmRMaW5lIjogInBvd2Vyc2hlbGwuZXhlICAtTm9Qcm9maWxlIC1FeGVjdXRpb25Qb2xpY3kgQnlwYXNzIC1GaWxlIFwiQzpcXFVzZXJzXFxzZWd1cmlkYWRcXERlc2t0b3BcXFRGTVxcUHJ1ZWJhc1xcVEVDLTAwOF9TYWJvdGFqZVxcY3JlYXJfZGlyZWN0b3Jpb19kdW1teS5wczFcIiAiLAogIlBhcmVudEltYWdlIjogIkM6XFxXaW5kb3dzXFxTeXN0ZW0zMlxcY21kLmV4ZSIsCiAiUGFyZW50Q29tbWFuZExpbmUiOiAiXCJjbWQuZXhlXCIgL2QgL2MgcG93ZXJzaGVsbC5leGUgLU5vUHJvZmlsZSAtRXhlY3V0aW9uUG9saWN5IEJ5cGFzcyAtRmlsZSBcIkM6XFxVc2Vyc1xcc2VndXJpZGFkXFxEZXNrdG9wXFxURk1cXFBydWViYXNcXFRFQy0wMDhfU2Fib3RhamVcXGNyZWFyX2RpcmVjdG9yaW9fZHVtbXkucHMxXCIgIiwKICJVc2VyIjogIkxUMjlcXHNlZ3VyaWRhZCIsCiAiVGFyZ2V0RmlsZW5hbWUiOiAiIiwKICJEZXRlY3Rpb25Mb2dpYyI6ICJTeXNtb24gSUQgMSArIFBvd2VyU2hlbGwgaW1hZ2UgKyBzdXNwaWNpb3VzIGZsYWdzOyBleGNsdWRlcyByb3V0ZXIgSlNPTkwgc2VsZi1ldmVudHMiLAogIkZhbHNlUG9zaXRpdmVSZWR1Y3Rpb24iOiAiUm91dGVyIEpTT05MIHNlbGYtZXZlbnRzIGV4Y2x1ZGVkIGJ5IEFkZC1Db250ZW50L0Zyb21CYXNlNjRTdHJpbmcvYWxlcnRzLmpzb25sIHBhdHRlcm47IFBvd2VyU2hlbGwgQnlwYXNzIHJlbWFpbnMgdmlzaWJsZSBvdGhlcndpc2UiLAogIkJlbmNobWFya1NjZW5hcmlvIjogIkI1IiwKICJBcnRpZmFjdFByb2ZpbGUiOiAiUDQgTG93IEJhc2ljIHYyIiwKICJSb3V0ZXJQcm9maWxlIjogIlA0IiwKICJTb3VyY2VBcnRpZmFjdCI6ICJDdXN0b20uVEZNLkhJRFMuUDQuTG93LkJhc2ljX3YyL0NVMDAxX1NvdXJjZV9URUMwMDFfUG93ZXJTaGVsbF9CYXNpYyIsCiAiUm91dGVyQXJ0aWZhY3QiOiAiQ3VzdG9tLlRGTS5ISURTLlJvdXRlci5KU09OTC5EaXNjb3JkLkZpbmFsX3YzX2ZpeDMiCn0=
               CurrentDirectory: C:\Users\seguridad\Desktop\TFM\Velociraptor\
               User: LT29\seguridad
               LogonGuid: {6bc49a7d-4e8b-69fb-7a91-080000000000}
               LogonId: 0x8917A
               TerminalSessionId: 1
               IntegrityLevel: High
               Hashes: MD5=DFD66604CA0898E8E26DF7B1635B6326,SHA256=D23B67799A0DA0143E395BA5DB906A22AB08FAC4BD5581E275B1E0F1B3FAC55C,IMPHASH=88CB9A420410BDA787E305B65518A934
               ParentProcessGuid: {6bc49a7d-f41d-6a26-f11e-000000009401}
               ParentProcessId: 8852
               ParentImage: C:\Users\seguridad\Desktop\TFM\Velociraptor\velociraptor-v0.75.6-windows-amd64.exe
               ParentCommandLine: "C:\Users\seguridad\Desktop\TFM\Velociraptor\velociraptor-v0.75.6-windows-amd64.exe"  --config server.config.yaml gui
               ParentUser: LT29\seguridad

