

TimeCreated  : 09/06/2026 20:06:34
Id           : 11
ProviderName : Microsoft-Windows-Sysmon
Message      : File created:
               RuleName: -
               UtcTime: 2026-06-09 18:06:34.033
               ProcessGuid: {6bc49a7d-5629-6a28-9928-000000009401}
               ProcessId: 9424
               Image: C:\Windows\System32\WindowsPowerShell\v1.0\powershell.exe
               TargetFilename: C:\Program Files\Velociraptor\Tools\__PSScriptPolicyTest_wxmlucon.ltn.ps1
               CreationUtcTime: 2026-06-09 18:06:34.033
               User: LT29\seguridad

TimeCreated  : 09/06/2026 20:06:33
Id           : 11
ProviderName : Microsoft-Windows-Sysmon
Message      : File created:
               RuleName: -
               UtcTime: 2026-06-09 18:06:33.848
               ProcessGuid: {6bc49a7d-5629-6a28-9828-000000009401}
               ProcessId: 3924
               Image: C:\Windows\System32\WindowsPowerShell\v1.0\powershell.exe
               TargetFilename: C:\Program Files\Velociraptor\Tools\__PSScriptPolicyTest_lr554c0u.2fd.ps1
               CreationUtcTime: 2026-06-09 18:06:33.848
               User: LT29\seguridad

TimeCreated  : 09/06/2026 20:06:33
Id           : 1
ProviderName : Microsoft-Windows-Sysmon
Message      : Process Create:
               RuleName: -
               UtcTime: 2026-06-09 18:06:33.603
               ProcessGuid: {6bc49a7d-5629-6a28-9928-000000009401}
               ProcessId: 9424
               Image: C:\Windows\System32\WindowsPowerShell\v1.0\powershell.exe
               FileVersion: 10.0.19041.3393 (WinBuild.160101.0800)
               Description: Windows PowerShell
               Product: Microsoft® Windows® Operating System
               Company: Microsoft Corporation
               OriginalFileName: PowerShell.EXE
               CommandLine: powershell.exe -NoProfile -NonInteractive -ExecutionPolicy Bypass -Command "& { param([string]$p,[string]$b64) $json=[System.Text.Encoding]::UTF8.GetString([System.Convert]::FromBase64String($b64)); $compact=($json | ConvertFrom-Json | ConvertTo-Json -Compress -Depth 20); $d=Split-Path -Parent $p; if (!(Test-Path -LiteralPath $d)) { New-Item -ItemType Directory -Path $d -Force | Out-Null }; Add-Content -LiteralPath $p -Value $compact -Encoding UTF8 }" \\VBOXSVR\Carpeta_Compartida_TFM\inbox\alerts.jsonl ewogIlJvdXRlclRpbWUiOiAiMjAyNi0wNi0wOVQxODowNjoyN1oiLAogIkRldGVjdGlvblRpbWUiOiAxNzgxMDI4MzU3LjkwODY2NywKICJDbGllbnRJZCI6ICJDLjM2NDkwNzE3Mjc5M2Y4YzciLAogIkhvc3RuYW1lIjogIkxUMjkuYWl0LnVzLmVzIiwKICJDVV9JRCI6ICJDVS0wMDEiLAogIklEX1RlY25pY2FfSW50ZXJuYSI6ICJURUMtMDAxIiwKICJNSVRSRV9JRCI6ICJUMTA1OS4wMDEiLAogIk1JVFJFX1RhY3RpYyI6ICJFeGVjdXRpb24iLAogIk1JVFJFX1RhY3RpY19Db250ZXh0IjogIiIsCiAiU2lnbmFsVHlwZSI6ICJQcm9jZXNzQ3JlYXRpb24iLAogIkFsZXJ0TmFtZSI6ICJQb3dlclNoZWxsIHN1c3BpY2lvdXMgZXhlY3V0aW9uIC0gYmFzaWMgcHJvZmlsZSB2MiIsCiAiU2V2ZXJpdHkiOiAiTWVkaXVtIiwKICJQcmlvcml0eSI6ICJQMyIsCiAiQ29uZmlkZW5jZSI6ICJNZWRpdW0iLAogIkRldGVjdGlvblNjb3BlIjogIkhvc3QtYmFzZWQgcHJvY2VzcyBjcmVhdGlvbiIsCiAiT3V0cHV0VHlwZSI6ICJEZXRlY2Npb24gLyBBbGVydGEgUlQgc2kgc2UgZW5ydXRhIiwKICJGUF9SaXNrIjogIk1lZGlvIiwKICJDVV9SZWFzb24iOiAicG93ZXJzaGVsbC5leGUvcHdzaC5leGUgd2l0aCBzdXNwaWNpb3VzIGV4ZWN1dGlvbiBmbGFncyBvciBjb21tYW5kIHBhdHRlcm5zIiwKICJDVV9FdmlkZW5jZSI6ICJwb3dlcnNoZWxsLmV4ZSAgLU5vUHJvZmlsZSAtRXhlY3V0aW9uUG9saWN5IEJ5cGFzcyAtRmlsZSBcIkM6XFxVc2Vyc1xcc2VndXJpZGFkXFxEZXNrdG9wXFxURk1cXFBydWViYXNcXFRFQy0wMDlfRXhmaWx0cmFjaW9uXFxjcmVhcl9kaXJlY3RvcmlvX2R1bW15LnBzMVwiICIsCiAiRXZlbnRJRCI6IDEsCiAiQ2hhbm5lbCI6ICJNaWNyb3NvZnQtV2luZG93cy1TeXNtb24vT3BlcmF0aW9uYWwiLAogIlByb3ZpZGVyIjogIk1pY3Jvc29mdC1XaW5kb3dzLVN5c21vbiIsCiAiSW1hZ2UiOiAiQzpcXFdpbmRvd3NcXFN5c3RlbTMyXFxXaW5kb3dzUG93ZXJTaGVsbFxcdjEuMFxccG93ZXJzaGVsbC5leGUiLAogIkNvbW1hbmRMaW5lIjogInBvd2Vyc2hlbGwuZXhlICAtTm9Qcm9maWxlIC1FeGVjdXRpb25Qb2xpY3kgQnlwYXNzIC1GaWxlIFwiQzpcXFVzZXJzXFxzZWd1cmlkYWRcXERlc2t0b3BcXFRGTVxcUHJ1ZWJhc1xcVEVDLTAwOV9FeGZpbHRyYWNpb25cXGNyZWFyX2RpcmVjdG9yaW9fZHVtbXkucHMxXCIgIiwKICJQYXJlbnRJbWFnZSI6ICJDOlxcV2luZG93c1xcU3lzdGVtMzJcXGNtZC5leGUiLAogIlBhcmVudENvbW1hbmRMaW5lIjogIlwiY21kLmV4ZVwiIC9kIC9jIHBvd2Vyc2hlbGwuZXhlIC1Ob1Byb2ZpbGUgLUV4ZWN1dGlvblBvbGljeSBCeXBhc3MgLUZpbGUgXCJDOlxcVXNlcnNcXHNlZ3VyaWRhZFxcRGVza3RvcFxcVEZNXFxQcnVlYmFzXFxURUMtMDA5X0V4ZmlsdHJhY2lvblxcY3JlYXJfZGlyZWN0b3Jpb19kdW1teS5wczFcIiAiLAogIlVzZXIiOiAiTFQyOVxcc2VndXJpZGFkIiwKICJUYXJnZXRGaWxlbmFtZSI6ICIiLAogIkRldGVjdGlvbkxvZ2ljIjogIlN5c21vbiBJRCAxICsgUG93ZXJTaGVsbCBpbWFnZSArIHN1c3BpY2lvdXMgZmxhZ3M7IGV4Y2x1ZGVzIHJvdXRlciBKU09OTCBzZWxmLWV2ZW50cyIsCiAiRmFsc2VQb3NpdGl2ZVJlZHVjdGlvbiI6ICJSb3V0ZXIgSlNPTkwgc2VsZi1ldmVudHMgZXhjbHVkZWQgYnkgQWRkLUNvbnRlbnQvRnJvbUJhc2U2NFN0cmluZy9hbGVydHMuanNvbmwgcGF0dGVybjsgUG93ZXJTaGVsbCBCeXBhc3MgcmVtYWlucyB2aXNpYmxlIG90aGVyd2lzZSIsCiAiQmVuY2htYXJrU2NlbmFyaW8iOiAiQjUiLAogIkFydGlmYWN0UHJvZmlsZSI6ICJQNCBMb3cgQmFzaWMgdjIiLAogIlJvdXRlclByb2ZpbGUiOiAiUDQiLAogIlNvdXJjZUFydGlmYWN0IjogIkN1c3RvbS5URk0uSElEUy5QNC5Mb3cuQmFzaWNfdjIvQ1UwMDFfU291cmNlX1RFQzAwMV9Qb3dlclNoZWxsX0Jhc2ljIiwKICJSb3V0ZXJBcnRpZmFjdCI6ICJDdXN0b20uVEZNLkhJRFMuUm91dGVyLkpTT05MLkRpc2NvcmQuRmluYWxfdjNfZml4MyIKfQ==
               CurrentDirectory: C:\Users\seguridad\Desktop\TFM\Velociraptor\
               User: LT29\seguridad
               LogonGuid: {6bc49a7d-4e8b-69fb-7a91-080000000000}
               LogonId: 0x8917A
               TerminalSessionId: 1
               IntegrityLevel: High
               Hashes: MD5=DFD66604CA0898E8E26DF7B1635B6326,SHA256=D23B67799A0DA0143E395BA5DB906A22AB08FAC4BD5581E275B1E0F1B3FAC55C,IMPHASH=88CB9A420410BDA787E305B65518A934
               ParentProcessGuid: {6bc49a7d-f41d-6a26-f11e-000000009401}
               ParentProcessId: 8852
               ParentImage: C:\Users\seguridad\Desktop\TFM\Velociraptor\velociraptor-v0.75.6-windows-amd64.exe
               ParentCommandLine: "C:\Users\seguridad\Desktop\TFM\Velociraptor\velociraptor-v0.75.6-windows-amd64.exe"  --config server.config.yaml gui
               ParentUser: LT29\seguridad

TimeCreated  : 09/06/2026 20:06:33
Id           : 1
ProviderName : Microsoft-Windows-Sysmon
Message      : Process Create:
               RuleName: -
               UtcTime: 2026-06-09 18:06:33.396
               ProcessGuid: {6bc49a7d-5629-6a28-9828-000000009401}
               ProcessId: 3924
               Image: C:\Windows\System32\WindowsPowerShell\v1.0\powershell.exe
               FileVersion: 10.0.19041.3393 (WinBuild.160101.0800)
               Description: Windows PowerShell
               Product: Microsoft® Windows® Operating System
               Company: Microsoft Corporation
               OriginalFileName: PowerShell.EXE
               CommandLine: powershell.exe -NoProfile -NonInteractive -ExecutionPolicy Bypass -Command "& { param([string]$p,[string]$b64) $json=[System.Text.Encoding]::UTF8.GetString([System.Convert]::FromBase64String($b64)); $compact=($json | ConvertFrom-Json | ConvertTo-Json -Compress -Depth 20); $d=Split-Path -Parent $p; if (!(Test-Path -LiteralPath $d)) { New-Item -ItemType Directory -Path $d -Force | Out-Null }; Add-Content -LiteralPath $p -Value $compact -Encoding UTF8 }" \\VBOXSVR\Carpeta_Compartida_TFM\inbox\alerts.jsonl ewogIlJvdXRlclRpbWUiOiAiMjAyNi0wNi0wOVQxODowNjoyN1oiLAogIkRldGVjdGlvblRpbWUiOiAxNzgxMDI4MzU3Ljg5MjIwMTcsCiAiQ2xpZW50SWQiOiAiQy4zNjQ5MDcxNzI3OTNmOGM3IiwKICJIb3N0bmFtZSI6ICJMVDI5LmFpdC51cy5lcyIsCiAiQ1VfSUQiOiAiQ1UtMDAyIiwKICJJRF9UZWNuaWNhX0ludGVybmEiOiAiVEVDLTAwMiIsCiAiTUlUUkVfSUQiOiAiVDEwNTkuMDAzIiwKICJNSVRSRV9UYWN0aWMiOiAiRXhlY3V0aW9uIiwKICJNSVRSRV9UYWN0aWNfQ29udGV4dCI6ICIiLAogIlNpZ25hbFR5cGUiOiAiUHJvY2Vzc0NyZWF0aW9uIiwKICJBbGVydE5hbWUiOiAiV2luZG93cyBDb21tYW5kIFNoZWxsIHN1c3BpY2lvdXMgZXhlY3V0aW9uIC0gYmFzaWMgcHJvZmlsZSB2MiIsCiAiU2V2ZXJpdHkiOiAiTWVkaXVtIiwKICJQcmlvcml0eSI6ICJQMyIsCiAiQ29uZmlkZW5jZSI6ICJNZWRpdW0iLAogIkRldGVjdGlvblNjb3BlIjogIkhvc3QtYmFzZWQgcHJvY2VzcyBjcmVhdGlvbiIsCiAiT3V0cHV0VHlwZSI6ICJEZXRlY2Npb24gLyBBbGVydGEgUlQgc2kgc2UgZW5ydXRhIiwKICJGUF9SaXNrIjogIk1lZGlvIiwKICJDVV9SZWFzb24iOiAiY21kLmV4ZSB3aXRoIGNoYWluaW5nLCBQb3dlclNoZWxsIG9yIGFkbWluaXN0cmF0aXZlIHRvb2wgdXNhZ2UiLAogIkNVX0V2aWRlbmNlIjogIlwiY21kLmV4ZVwiIC9kIC9jIHBvd2Vyc2hlbGwuZXhlIC1Ob1Byb2ZpbGUgLUV4ZWN1dGlvblBvbGljeSBCeXBhc3MgLUZpbGUgXCJDOlxcVXNlcnNcXHNlZ3VyaWRhZFxcRGVza3RvcFxcVEZNXFxQcnVlYmFzXFxURUMtMDA5X0V4ZmlsdHJhY2lvblxcY3JlYXJfZGlyZWN0b3Jpb19kdW1teS5wczFcIiAiLAogIkV2ZW50SUQiOiAxLAogIkNoYW5uZWwiOiAiTWljcm9zb2Z0LVdpbmRvd3MtU3lzbW9uL09wZXJhdGlvbmFsIiwKICJQcm92aWRlciI6ICJNaWNyb3NvZnQtV2luZG93cy1TeXNtb24iLAogIkltYWdlIjogIkM6XFxXaW5kb3dzXFxTeXN0ZW0zMlxcY21kLmV4ZSIsCiAiQ29tbWFuZExpbmUiOiAiXCJjbWQuZXhlXCIgL2QgL2MgcG93ZXJzaGVsbC5leGUgLU5vUHJvZmlsZSAtRXhlY3V0aW9uUG9saWN5IEJ5cGFzcyAtRmlsZSBcIkM6XFxVc2Vyc1xcc2VndXJpZGFkXFxEZXNrdG9wXFxURk1cXFBydWViYXNcXFRFQy0wMDlfRXhmaWx0cmFjaW9uXFxjcmVhcl9kaXJlY3RvcmlvX2R1bW15LnBzMVwiICIsCiAiUGFyZW50SW1hZ2UiOiAiQzpcXFdpbmRvd3NcXFN5c3RlbTMyXFxXaW5kb3dzUG93ZXJTaGVsbFxcdjEuMFxccG93ZXJzaGVsbC5leGUiLAogIlBhcmVudENvbW1hbmRMaW5lIjogIlwiQzpcXFdpbmRvd3NcXFN5c3RlbTMyXFxXaW5kb3dzUG93ZXJTaGVsbFxcdjEuMFxccG93ZXJzaGVsbC5leGVcIiAiLAogIlVzZXIiOiAiTFQyOVxcc2VndXJpZGFkIiwKICJUYXJnZXRGaWxlbmFtZSI6ICIiLAogIkRldGVjdGlvbkxvZ2ljIjogIlN5c21vbiBJRCAxICsgY21kLmV4ZSArIGNoYWluaW5nL2R1YWwtdXNlIHJlZ2V4OyBib3VuZGVkIE5hdGl2ZSBNZXNzYWdpbmcgRlAgZXhjbHVzaW9uIiwKICJGYWxzZVBvc2l0aXZlUmVkdWN0aW9uIjogIkRvZXMgbm90IGV4Y2x1ZGUgY21kLmV4ZSBnbG9iYWxseTsgb25seSBjaHJvbWUuZXhlIHBhcmVudCBwbHVzIEFkb2JlL0Nocm9tZSBOYXRpdmUgTWVzc2FnaW5nIGNvbW1hbmQtbGluZSBwYXR0ZXJuIiwKICJCZW5jaG1hcmtTY2VuYXJpbyI6ICJCNSIsCiAiQXJ0aWZhY3RQcm9maWxlIjogIlA0IExvdyBCYXNpYyB2MiIsCiAiUm91dGVyUHJvZmlsZSI6ICJQNCIsCiAiU291cmNlQXJ0aWZhY3QiOiAiQ3VzdG9tLlRGTS5ISURTLlA0Lkxvdy5CYXNpY192Mi9DVTAwMl9Tb3VyY2VfVEVDMDAyX0NNRF9CYXNpYyIsCiAiUm91dGVyQXJ0aWZhY3QiOiAiQ3VzdG9tLlRGTS5ISURTLlJvdXRlci5KU09OTC5EaXNjb3JkLkZpbmFsX3YzX2ZpeDMiCn0=
               CurrentDirectory: C:\Users\seguridad\Desktop\TFM\Velociraptor\
               User: LT29\seguridad
               LogonGuid: {6bc49a7d-4e8b-69fb-7a91-080000000000}
               LogonId: 0x8917A
               TerminalSessionId: 1
               IntegrityLevel: High
               Hashes: MD5=DFD66604CA0898E8E26DF7B1635B6326,SHA256=D23B67799A0DA0143E395BA5DB906A22AB08FAC4BD5581E275B1E0F1B3FAC55C,IMPHASH=88CB9A420410BDA787E305B65518A934
               ParentProcessGuid: {6bc49a7d-f41d-6a26-f11e-000000009401}
               ParentProcessId: 8852
               ParentImage: C:\Users\seguridad\Desktop\TFM\Velociraptor\velociraptor-v0.75.6-windows-amd64.exe
               ParentCommandLine: "C:\Users\seguridad\Desktop\TFM\Velociraptor\velociraptor-v0.75.6-windows-amd64.exe"  --config server.config.yaml gui
               ParentUser: LT29\seguridad

TimeCreated  : 09/06/2026 20:06:31
Id           : 11
ProviderName : Microsoft-Windows-Sysmon
Message      : File created:
               RuleName: -
               UtcTime: 2026-06-09 18:06:31.104
               ProcessGuid: {6bc49a7d-5626-6a28-9728-000000009401}
               ProcessId: 3724
               Image: C:\Windows\System32\WindowsPowerShell\v1.0\powershell.exe
               TargetFilename: C:\Program Files\Velociraptor\Tools\__PSScriptPolicyTest_0iqd2msx.di1.ps1
               CreationUtcTime: 2026-06-09 18:06:31.104
               User: LT29\seguridad

TimeCreated  : 09/06/2026 20:06:30
Id           : 11
ProviderName : Microsoft-Windows-Sysmon
Message      : File created:
               RuleName: -
               UtcTime: 2026-06-09 18:06:30.845
               ProcessGuid: {6bc49a7d-5626-6a28-9628-000000009401}
               ProcessId: 2628
               Image: C:\Windows\System32\WindowsPowerShell\v1.0\powershell.exe
               TargetFilename: C:\Program Files\Velociraptor\Tools\__PSScriptPolicyTest_vpdk3h0b.bxy.ps1
               CreationUtcTime: 2026-06-09 18:06:30.845
               User: LT29\seguridad

TimeCreated  : 09/06/2026 20:06:30
Id           : 1
ProviderName : Microsoft-Windows-Sysmon
Message      : Process Create:
               RuleName: -
               UtcTime: 2026-06-09 18:06:30.718
               ProcessGuid: {6bc49a7d-5626-6a28-9728-000000009401}
               ProcessId: 3724
               Image: C:\Windows\System32\WindowsPowerShell\v1.0\powershell.exe
               FileVersion: 10.0.19041.3393 (WinBuild.160101.0800)
               Description: Windows PowerShell
               Product: Microsoft® Windows® Operating System
               Company: Microsoft Corporation
               OriginalFileName: PowerShell.EXE
               CommandLine: powershell.exe -NoProfile -NonInteractive -ExecutionPolicy Bypass -Command "& { param([string]$p,[string]$b64) $json=[System.Text.Encoding]::UTF8.GetString([System.Convert]::FromBase64String($b64)); $compact=($json | ConvertFrom-Json | ConvertTo-Json -Compress -Depth 20); $d=Split-Path -Parent $p; if (!(Test-Path -LiteralPath $d)) { New-Item -ItemType Directory -Path $d -Force | Out-Null }; Add-Content -LiteralPath $p -Value $compact -Encoding UTF8 }" \\VBOXSVR\Carpeta_Compartida_TFM\inbox\alerts.jsonl 
               ewogIlJvdXRlclRpbWUiOiAiMjAyNi0wNi0wOVQxODowNjoyNVoiLAogIkRldGVjdGlvblRpbWUiOiAxNzgxMDI4MjU4LjU5ODcxODQsCiAiQ2xpZW50SWQiOiAiQy4zNjQ5MDcxNzI3OTNmOGM3IiwKICJIb3N0bmFtZSI6ICJMVDI5LmFpdC51cy5lcyIsCiAiQ1VfSUQiOiAiQ1UtMDAxIiwKICJJRF9UZWNuaWNhX0ludGVybmEiOiAiVEVDLTAwMSIsCiAiTUlUUkVfSUQiOiAiVDEwNTkuMDAxIiwKICJNSVRSRV9UYWN0aWMiOiAiRXhlY3V0aW9uIiwKICJNSVRSRV9UYWN0aWNfQ29udGV4dCI6ICIiLAogIlNpZ25hbFR5cGUiOiAiUHJvY2Vzc0NyZWF0aW9uIiwKICJBbGVydE5hbWUiOiAiUG93ZXJTaGVsbCBzdXNwaWNpb3VzIGV4ZWN1dGlvbiAtIGJhc2ljIHByb2ZpbGUgdjIiLAogIlNldmVyaXR5IjogIk1lZGl1bSIsCiAiUHJpb3JpdHkiOiAiUDMiLAogIkNvbmZpZGVuY2UiOiAiTWVkaXVtIiwKICJEZXRlY3Rpb25TY29wZSI6ICJIb3N0LWJhc2VkIHByb2Nlc3MgY3JlYXRpb24iLAogIk91dHB1dFR5cGUiOiAiRGV0ZWNjaW9uIC8gQWxlcnRhIFJUIHNpIHNlIGVucnV0YSIsCiAiRlBfUmlzayI6ICJNZWRpbyIsCiAiQ1VfUmVhc29uIjogInBvd2Vyc2hlbGwuZXhlL3B3c2guZXhlIHdpdGggc3VzcGljaW91cyBleGVjdXRpb24gZmxhZ3Mgb3IgY29tbWFuZCBwYXR0ZXJucyIsCiAiQ1VfRXZpZGVuY2UiOiAicG93ZXJzaGVsbC5leGUgIC1Ob1Byb2ZpbGUgLUV4ZWN1dGlvblBvbGljeSBCeXBhc3MgLUZpbGUgXCJDOlxcVXNlcnNcXHNlZ3VyaWRhZFxcRGVza3RvcFxcVEZNXFxzY3JpcHRzX2NhbmRpZGF0ZVxcZXhmaWx0cmFjaW9uX3YyLnBzMVwiIC1Tb3VyY2VQYXRoIFwiQzpcXFVzZXJzXFxzZWd1cmlkYWRcXERlc2t0b3BcXFRGTVxcUHJ1ZWJhc1xcRFVNQl9MQUJcIiAtU3RhZ2luZ1BhdGggXCJDOlxcVXNlcnNcXHNlZ3VyaWRhZFxcRGVza3RvcFxcVEZNXFxQcnVlYmFzXFxURUMtMDA5X0V4ZmlsdHJhY2lvblxcZGF0b3Nfcm9iYWRvc1wiIC1SZW1vdGVIb3N0IFwiZXhhbXBsZS5jb21cIiAtUmVtb3RlUG9ydCA4MCAtSG9sZFNlY29uZHMgMjAiLAogIkV2ZW50SUQiOiAxLAogIkNoYW5uZWwiOiAiTWljcm9zb2Z0LVdpbmRvd3MtU3lzbW9uL09wZXJhdGlvbmFsIiwKICJQcm92aWRlciI6ICJNaWNyb3NvZnQtV2luZG93cy1TeXNtb24iLAogIkltYWdlIjogIkM6XFxXaW5kb3dzXFxTeXN0ZW0zMlxcV2luZG93c1Bvd2VyU2hlbGxcXHYxLjBcXHBvd2Vyc2hlbGwuZXhlIiwKICJDb21tYW5kTGluZSI6ICJwb3dlcnNoZWxsLmV4ZSAgLU5vUHJvZmlsZSAtRXhlY3V0aW9uUG9saWN5IEJ5cGFzcyAtRmlsZSBcIkM6XFxVc2Vyc1xcc2VndXJpZGFkXFxEZXNrdG9wXFxURk1cXHNjcmlwdHNfY2FuZGlkYXRlXFxleGZpbHRyYWNpb25fdjIucHMxXCIgLVNvdXJjZVBhdGggXCJDOlxcVXNlcnNcXHNlZ3VyaWRhZFxcRGVza3RvcFxcVEZNXFxQcnVlYmFzXFxEVU1CX0xBQlwiIC1TdGFnaW5nUGF0aCBcIkM6XFxVc2Vyc1xcc2VndXJpZGFkXFxEZXNrdG9wXFxURk1cXFBydWViYXNcXFRFQy0wMDlfRXhmaWx0cmFjaW9uXFxkYXRvc19yb2JhZG9zXCIgLVJlbW90ZUhvc3QgXCJleGFtcGxlLmNvbVwiIC1SZW1vdGVQb3J0IDgwIC1Ib2xkU2Vjb25kcyAyMCIsCiAiUGFyZW50SW1hZ2UiOiAiQzpcXFdpbmRvd3NcXFN5c3RlbTMyXFxjbWQuZXhlIiwKICJQYXJlbnRDb21tYW5kTGluZSI6ICJcImNtZC5leGVcIiAvZCAvYyBwb3dlcnNoZWxsLmV4ZSAtTm9Qcm9maWxlIC1FeGVjdXRpb25Qb2xpY3kgQnlwYXNzIC1GaWxlIFwiQzpcXFVzZXJzXFxzZWd1cmlkYWRcXERlc2t0b3BcXFRGTVxcc2NyaXB0c19jYW5kaWRhdGVcXGV4ZmlsdHJhY2lvbl92Mi5wczFcIiAtU291cmNlUGF0aCBcIkM6XFxVc2Vyc1xcc2VndXJpZGFkXFxEZXNrdG9wXFxURk1cXFBydWViYXNcXERVTUJfTEFCXCIgLVN0YWdpbmdQYXRoIFwiQzpcXFVzZXJzXFxzZWd1cmlkYWRcXERlc2t0b3BcXFRGTVxcUHJ1ZWJhc1xcVEVDLTAwOV9FeGZpbHRyYWNpb25cXGRhdG9zX3JvYmFkb3NcIiAtUmVtb3RlSG9zdCBcImV4YW1wbGUuY29tXCIgLVJlbW90ZVBvcnQgODAgLUhvbGRTZWNvbmRzIDIwIiwKICJVc2VyIjogIkxUMjlcXHNlZ3VyaWRhZCIsCiAiVGFyZ2V0RmlsZW5hbWUiOiAiIiwKICJEZXRlY3Rpb25Mb2dpYyI6ICJTeXNtb24gSUQgMSArIFBvd2VyU2hlbGwgaW1hZ2UgKyBzdXNwaWNpb3VzIGZsYWdzOyBleGNsdWRlcyByb3V0ZXIgSlNPTkwgc2VsZi1ldmVudHMiLAogIkZhbHNlUG9zaXRpdmVSZWR1Y3Rpb24iOiAiUm91dGVyIEpTT05MIHNlbGYtZXZlbnRzIGV4Y2x1ZGVkIGJ5IEFkZC1Db250ZW50L0Zyb21CYXNlNjRTdHJpbmcvYWxlcnRzLmpzb25sIHBhdHRlcm47IFBvd2VyU2hlbGwgQnlwYXNzIHJlbWFpbnMgdmlzaWJsZSBvdGhlcndpc2UiLAogIkJlbmNobWFya1NjZW5hcmlvIjogIkI1IiwKICJBcnRpZmFjdFByb2ZpbGUiOiAiUDQgTG93IEJhc2ljIHYyIiwKICJSb3V0ZXJQcm9maWxlIjogIlA0IiwKICJTb3VyY2VBcnRpZmFjdCI6ICJDdXN0b20uVEZNLkhJRFMuUDQuTG93LkJhc2ljX3YyL0NVMDAxX1NvdXJjZV9URUMwMDFfUG93ZXJTaGVsbF9CYXNpYyIsCiAiUm91dGVyQXJ0aWZhY3QiOiAiQ3VzdG9tLlRGTS5ISURTLlJvdXRlci5KU09OTC5EaXNjb3JkLkZpbmFsX3YzX2ZpeDMiCn0=
               CurrentDirectory: C:\Users\seguridad\Desktop\TFM\Velociraptor\
               User: LT29\seguridad
               LogonGuid: {6bc49a7d-4e8b-69fb-7a91-080000000000}
               LogonId: 0x8917A
               TerminalSessionId: 1
               IntegrityLevel: High
               Hashes: MD5=DFD66604CA0898E8E26DF7B1635B6326,SHA256=D23B67799A0DA0143E395BA5DB906A22AB08FAC4BD5581E275B1E0F1B3FAC55C,IMPHASH=88CB9A420410BDA787E305B65518A934
               ParentProcessGuid: {6bc49a7d-f41d-6a26-f11e-000000009401}
               ParentProcessId: 8852
               ParentImage: C:\Users\seguridad\Desktop\TFM\Velociraptor\velociraptor-v0.75.6-windows-amd64.exe
               ParentCommandLine: "C:\Users\seguridad\Desktop\TFM\Velociraptor\velociraptor-v0.75.6-windows-amd64.exe"  --config server.config.yaml gui
               ParentUser: LT29\seguridad

TimeCreated  : 09/06/2026 20:06:30
Id           : 1
ProviderName : Microsoft-Windows-Sysmon
Message      : Process Create:
               RuleName: -
               UtcTime: 2026-06-09 18:06:30.395
               ProcessGuid: {6bc49a7d-5626-6a28-9628-000000009401}
               ProcessId: 2628
               Image: C:\Windows\System32\WindowsPowerShell\v1.0\powershell.exe
               FileVersion: 10.0.19041.3393 (WinBuild.160101.0800)
               Description: Windows PowerShell
               Product: Microsoft® Windows® Operating System
               Company: Microsoft Corporation
               OriginalFileName: PowerShell.EXE
               CommandLine: powershell.exe -NoProfile -NonInteractive -ExecutionPolicy Bypass -Command "& { param([string]$p,[string]$b64) $json=[System.Text.Encoding]::UTF8.GetString([System.Convert]::FromBase64String($b64)); $compact=($json | ConvertFrom-Json | ConvertTo-Json -Compress -Depth 20); $d=Split-Path -Parent $p; if (!(Test-Path -LiteralPath $d)) { New-Item -ItemType Directory -Path $d -Force | Out-Null }; Add-Content -LiteralPath $p -Value $compact -Encoding UTF8 }" \\VBOXSVR\Carpeta_Compartida_TFM\inbox\alerts.jsonl ewogIlJvdXRlclRpbWUiOiAiMjAyNi0wNi0wOVQxODowNjoyNVoiLAogIkRldGVjdGlvblRpbWUiOiAxNzgxMDI4MjU4LjU1NDE3NiwKICJDbGllbnRJZCI6ICJDLjM2NDkwNzE3Mjc5M2Y4YzciLAogIkhvc3RuYW1lIjogIkxUMjkuYWl0LnVzLmVzIiwKICJDVV9JRCI6ICJDVS0wMDIiLAogIklEX1RlY25pY2FfSW50ZXJuYSI6ICJURUMtMDAyIiwKICJNSVRSRV9JRCI6ICJUMTA1OS4wMDMiLAogIk1JVFJFX1RhY3RpYyI6ICJFeGVjdXRpb24iLAogIk1JVFJFX1RhY3RpY19Db250ZXh0IjogIiIsCiAiU2lnbmFsVHlwZSI6ICJQcm9jZXNzQ3JlYXRpb24iLAogIkFsZXJ0TmFtZSI6ICJXaW5kb3dzIENvbW1hbmQgU2hlbGwgc3VzcGljaW91cyBleGVjdXRpb24gLSBiYXNpYyBwcm9maWxlIHYyIiwKICJTZXZlcml0eSI6ICJNZWRpdW0iLAogIlByaW9yaXR5IjogIlAzIiwKICJDb25maWRlbmNlIjogIk1lZGl1bSIsCiAiRGV0ZWN0aW9uU2NvcGUiOiAiSG9zdC1iYXNlZCBwcm9jZXNzIGNyZWF0aW9uIiwKICJPdXRwdXRUeXBlIjogIkRldGVjY2lvbiAvIEFsZXJ0YSBSVCBzaSBzZSBlbnJ1dGEiLAogIkZQX1Jpc2siOiAiTWVkaW8iLAogIkNVX1JlYXNvbiI6ICJjbWQuZXhlIHdpdGggY2hhaW5pbmcsIFBvd2VyU2hlbGwgb3IgYWRtaW5pc3RyYXRpdmUgdG9vbCB1c2FnZSIsCiAiQ1VfRXZpZGVuY2UiOiAiXCJjbWQuZXhlXCIgL2QgL2MgcG93ZXJzaGVsbC5leGUgLU5vUHJvZmlsZSAtRXhlY3V0aW9uUG9saWN5IEJ5cGFzcyAtRmlsZSBcIkM6XFxVc2Vyc1xcc2VndXJpZGFkXFxEZXNrdG9wXFxURk1cXHNjcmlwdHNfY2FuZGlkYXRlXFxleGZpbHRyYWNpb25fdjIucHMxXCIgLVNvdXJjZVBhdGggXCJDOlxcVXNlcnNcXHNlZ3VyaWRhZFxcRGVza3RvcFxcVEZNXFxQcnVlYmFzXFxEVU1CX0xBQlwiIC1TdGFnaW5nUGF0aCBcIkM6XFxVc2Vyc1xcc2VndXJpZGFkXFxEZXNrdG9wXFxURk1cXFBydWViYXNcXFRFQy0wMDlfRXhmaWx0cmFjaW9uXFxkYXRvc19yb2JhZG9zXCIgLVJlbW90ZUhvc3QgXCJleGFtcGxlLmNvbVwiIC1SZW1vdGVQb3J0IDgwIC1Ib2xkU2Vjb25kcyAyMCIsCiAiRXZlbnRJRCI6IDEsCiAiQ2hhbm5lbCI6ICJNaWNyb3NvZnQtV2luZG93cy1TeXNtb24vT3BlcmF0aW9uYWwiLAogIlByb3ZpZGVyIjogIk1pY3Jvc29mdC1XaW5kb3dzLVN5c21vbiIsCiAiSW1hZ2UiOiAiQzpcXFdpbmRvd3NcXFN5c3RlbTMyXFxjbWQuZXhlIiwKICJDb21tYW5kTGluZSI6ICJcImNtZC5leGVcIiAvZCAvYyBwb3dlcnNoZWxsLmV4ZSAtTm9Qcm9maWxlIC1FeGVjdXRpb25Qb2xpY3kgQnlwYXNzIC1GaWxlIFwiQzpcXFVzZXJzXFxzZWd1cmlkYWRcXERlc2t0b3BcXFRGTVxcc2NyaXB0c19jYW5kaWRhdGVcXGV4ZmlsdHJhY2lvbl92Mi5wczFcIiAtU291cmNlUGF0aCBcIkM6XFxVc2Vyc1xcc2VndXJpZGFkXFxEZXNrdG9wXFxURk1cXFBydWViYXNcXERVTUJfTEFCXCIgLVN0YWdpbmdQYXRoIFwiQzpcXFVzZXJzXFxzZWd1cmlkYWRcXERlc2t0b3BcXFRGTVxcUHJ1ZWJhc1xcVEVDLTAwOV9FeGZpbHRyYWNpb25cXGRhdG9zX3JvYmFkb3NcIiAtUmVtb3RlSG9zdCBcImV4YW1wbGUuY29tXCIgLVJlbW90ZVBvcnQgODAgLUhvbGRTZWNvbmRzIDIwIiwKICJQYXJlbnRJbWFnZSI6ICJDOlxcV2luZG93c1xcU3lzdGVtMzJcXFdpbmRvd3NQb3dlclNoZWxsXFx2MS4wXFxwb3dlcnNoZWxsLmV4ZSIsCiAiUGFyZW50Q29tbWFuZExpbmUiOiAiXCJDOlxcV2luZG93c1xcU3lzdGVtMzJcXFdpbmRvd3NQb3dlclNoZWxsXFx2MS4wXFxwb3dlcnNoZWxsLmV4ZVwiICIsCiAiVXNlciI6ICJMVDI5XFxzZWd1cmlkYWQiLAogIlRhcmdldEZpbGVuYW1lIjogIiIsCiAiRGV0ZWN0aW9uTG9naWMiOiAiU3lzbW9uIElEIDEgKyBjbWQuZXhlICsgY2hhaW5pbmcvZHVhbC11c2UgcmVnZXg7IGJvdW5kZWQgTmF0aXZlIE1lc3NhZ2luZyBGUCBleGNsdXNpb24iLAogIkZhbHNlUG9zaXRpdmVSZWR1Y3Rpb24iOiAiRG9lcyBub3QgZXhjbHVkZSBjbWQuZXhlIGdsb2JhbGx5OyBvbmx5IGNocm9tZS5leGUgcGFyZW50IHBsdXMgQWRvYmUvQ2hyb21lIE5hdGl2ZSBNZXNzYWdpbmcgY29tbWFuZC1saW5lIHBhdHRlcm4iLAogIkJlbmNobWFya1NjZW5hcmlvIjogIkI1IiwKICJBcnRpZmFjdFByb2ZpbGUiOiAiUDQgTG93IEJhc2ljIHYyIiwKICJSb3V0ZXJQcm9maWxlIjogIlA0IiwKICJTb3VyY2VBcnRpZmFjdCI6ICJDdXN0b20uVEZNLkhJRFMuUDQuTG93LkJhc2ljX3YyL0NVMDAyX1NvdXJjZV9URUMwMDJfQ01EX0Jhc2ljIiwKICJSb3V0ZXJBcnRpZmFjdCI6ICJDdXN0b20uVEZNLkhJRFMuUm91dGVyLkpTT05MLkRpc2NvcmQuRmluYWxfdjNfZml4MyIKfQ==
               CurrentDirectory: C:\Users\seguridad\Desktop\TFM\Velociraptor\
               User: LT29\seguridad
               LogonGuid: {6bc49a7d-4e8b-69fb-7a91-080000000000}
               LogonId: 0x8917A
               TerminalSessionId: 1
               IntegrityLevel: High
               Hashes: MD5=DFD66604CA0898E8E26DF7B1635B6326,SHA256=D23B67799A0DA0143E395BA5DB906A22AB08FAC4BD5581E275B1E0F1B3FAC55C,IMPHASH=88CB9A420410BDA787E305B65518A934
               ParentProcessGuid: {6bc49a7d-f41d-6a26-f11e-000000009401}
               ParentProcessId: 8852
               ParentImage: C:\Users\seguridad\Desktop\TFM\Velociraptor\velociraptor-v0.75.6-windows-amd64.exe
               ParentCommandLine: "C:\Users\seguridad\Desktop\TFM\Velociraptor\velociraptor-v0.75.6-windows-amd64.exe"  --config server.config.yaml gui
               ParentUser: LT29\seguridad

TimeCreated  : 09/06/2026 20:06:28
Id           : 11
ProviderName : Microsoft-Windows-Sysmon
Message      : File created:
               RuleName: -
               UtcTime: 2026-06-09 18:06:28.255
               ProcessGuid: {6bc49a7d-5624-6a28-9528-000000009401}
               ProcessId: 9400
               Image: C:\Windows\System32\WindowsPowerShell\v1.0\powershell.exe
               TargetFilename: C:\Program Files\Velociraptor\Tools\__PSScriptPolicyTest_npwby3ou.xx2.ps1
               CreationUtcTime: 2026-06-09 18:06:28.255
               User: LT29\seguridad

TimeCreated  : 09/06/2026 20:06:28
Id           : 11
ProviderName : Microsoft-Windows-Sysmon
Message      : File created:
               RuleName: -
               UtcTime: 2026-06-09 18:06:28.194
               ProcessGuid: {6bc49a7d-5623-6a28-9428-000000009401}
               ProcessId: 7332
               Image: C:\Windows\System32\WindowsPowerShell\v1.0\powershell.exe
               TargetFilename: C:\Program Files\Velociraptor\Tools\__PSScriptPolicyTest_1hkfzgk1.3te.ps1
               CreationUtcTime: 2026-06-09 18:06:28.194
               User: LT29\seguridad

TimeCreated  : 09/06/2026 20:06:28
Id           : 1
ProviderName : Microsoft-Windows-Sysmon
Message      : Process Create:
               RuleName: -
               UtcTime: 2026-06-09 18:06:28.051
               ProcessGuid: {6bc49a7d-5624-6a28-9528-000000009401}
               ProcessId: 9400
               Image: C:\Windows\System32\WindowsPowerShell\v1.0\powershell.exe
               FileVersion: 10.0.19041.3393 (WinBuild.160101.0800)
               Description: Windows PowerShell
               Product: Microsoft® Windows® Operating System
               Company: Microsoft Corporation
               OriginalFileName: PowerShell.EXE
               CommandLine: powershell.exe -NoProfile -NonInteractive -ExecutionPolicy Bypass -Command "& { param([string]$p,[string]$b64) $json=[System.Text.Encoding]::UTF8.GetString([System.Convert]::FromBase64String($b64)); $compact=($json | ConvertFrom-Json | ConvertTo-Json -Compress -Depth 20); $d=Split-Path -Parent $p; if (!(Test-Path -LiteralPath $d)) { New-Item -ItemType Directory -Path $d -Force | Out-Null }; Add-Content -LiteralPath $p -Value $compact -Encoding UTF8 }" \\VBOXSVR\Carpeta_Compartida_TFM\inbox\alerts.jsonl ewogIlJvdXRlclRpbWUiOiAiMjAyNi0wNi0wOVQxODowNjoyNVoiLAogIkRldGVjdGlvblRpbWUiOiAxNzgxMDI4MjUxLjc0Njk1ODUsCiAiQ2xpZW50SWQiOiAiQy4zNjQ5MDcxNzI3OTNmOGM3IiwKICJIb3N0bmFtZSI6ICJMVDI5LmFpdC51cy5lcyIsCiAiQ1VfSUQiOiAiQ1UtMDAxIiwKICJJRF9UZWNuaWNhX0ludGVybmEiOiAiVEVDLTAwMSIsCiAiTUlUUkVfSUQiOiAiVDEwNTkuMDAxIiwKICJNSVRSRV9UYWN0aWMiOiAiRXhlY3V0aW9uIiwKICJNSVRSRV9UYWN0aWNfQ29udGV4dCI6ICIiLAogIlNpZ25hbFR5cGUiOiAiUHJvY2Vzc0NyZWF0aW9uIiwKICJBbGVydE5hbWUiOiAiUG93ZXJTaGVsbCBzdXNwaWNpb3VzIGV4ZWN1dGlvbiAtIGJhc2ljIHByb2ZpbGUgdjIiLAogIlNldmVyaXR5IjogIk1lZGl1bSIsCiAiUHJpb3JpdHkiOiAiUDMiLAogIkNvbmZpZGVuY2UiOiAiTWVkaXVtIiwKICJEZXRlY3Rpb25TY29wZSI6ICJIb3N0LWJhc2VkIHByb2Nlc3MgY3JlYXRpb24iLAogIk91dHB1dFR5cGUiOiAiRGV0ZWNjaW9uIC8gQWxlcnRhIFJUIHNpIHNlIGVucnV0YSIsCiAiRlBfUmlzayI6ICJNZWRpbyIsCiAiQ1VfUmVhc29uIjogInBvd2Vyc2hlbGwuZXhlL3B3c2guZXhlIHdpdGggc3VzcGljaW91cyBleGVjdXRpb24gZmxhZ3Mgb3IgY29tbWFuZCBwYXR0ZXJucyIsCiAiQ1VfRXZpZGVuY2UiOiAicG93ZXJzaGVsbC5leGUgIC1Ob1Byb2ZpbGUgLUV4ZWN1dGlvblBvbGljeSBCeXBhc3MgLUZpbGUgXCJDOlxcVXNlcnNcXHNlZ3VyaWRhZFxcRGVza3RvcFxcVEZNXFxQcnVlYmFzXFxURUMtMDA5X0V4ZmlsdHJhY2lvblxcY3JlYXJfZGlyZWN0b3Jpb19kdW1teS5wczFcIiAiLAogIkV2ZW50SUQiOiAxLAogIkNoYW5uZWwiOiAiTWljcm9zb2Z0LVdpbmRvd3MtU3lzbW9uL09wZXJhdGlvbmFsIiwKICJQcm92aWRlciI6ICJNaWNyb3NvZnQtV2luZG93cy1TeXNtb24iLAogIkltYWdlIjogIkM6XFxXaW5kb3dzXFxTeXN0ZW0zMlxcV2luZG93c1Bvd2VyU2hlbGxcXHYxLjBcXHBvd2Vyc2hlbGwuZXhlIiwKICJDb21tYW5kTGluZSI6ICJwb3dlcnNoZWxsLmV4ZSAgLU5vUHJvZmlsZSAtRXhlY3V0aW9uUG9saWN5IEJ5cGFzcyAtRmlsZSBcIkM6XFxVc2Vyc1xcc2VndXJpZGFkXFxEZXNrdG9wXFxURk1cXFBydWViYXNcXFRFQy0wMDlfRXhmaWx0cmFjaW9uXFxjcmVhcl9kaXJlY3RvcmlvX2R1bW15LnBzMVwiICIsCiAiUGFyZW50SW1hZ2UiOiAiQzpcXFdpbmRvd3NcXFN5c3RlbTMyXFxjbWQuZXhlIiwKICJQYXJlbnRDb21tYW5kTGluZSI6ICJcImNtZC5leGVcIiAvZCAvYyBwb3dlcnNoZWxsLmV4ZSAtTm9Qcm9maWxlIC1FeGVjdXRpb25Qb2xpY3kgQnlwYXNzIC1GaWxlIFwiQzpcXFVzZXJzXFxzZWd1cmlkYWRcXERlc2t0b3BcXFRGTVxcUHJ1ZWJhc1xcVEVDLTAwOV9FeGZpbHRyYWNpb25cXGNyZWFyX2RpcmVjdG9yaW9fZHVtbXkucHMxXCIgIiwKICJVc2VyIjogIkxUMjlcXHNlZ3VyaWRhZCIsCiAiVGFyZ2V0RmlsZW5hbWUiOiAiIiwKICJEZXRlY3Rpb25Mb2dpYyI6ICJTeXNtb24gSUQgMSArIFBvd2VyU2hlbGwgaW1hZ2UgKyBzdXNwaWNpb3VzIGZsYWdzOyBleGNsdWRlcyByb3V0ZXIgSlNPTkwgc2VsZi1ldmVudHMiLAogIkZhbHNlUG9zaXRpdmVSZWR1Y3Rpb24iOiAiUm91dGVyIEpTT05MIHNlbGYtZXZlbnRzIGV4Y2x1ZGVkIGJ5IEFkZC1Db250ZW50L0Zyb21CYXNlNjRTdHJpbmcvYWxlcnRzLmpzb25sIHBhdHRlcm47IFBvd2VyU2hlbGwgQnlwYXNzIHJlbWFpbnMgdmlzaWJsZSBvdGhlcndpc2UiLAogIkJlbmNobWFya1NjZW5hcmlvIjogIkI1IiwKICJBcnRpZmFjdFByb2ZpbGUiOiAiUDQgTG93IEJhc2ljIHYyIiwKICJSb3V0ZXJQcm9maWxlIjogIlA0IiwKICJTb3VyY2VBcnRpZmFjdCI6ICJDdXN0b20uVEZNLkhJRFMuUDQuTG93LkJhc2ljX3YyL0NVMDAxX1NvdXJjZV9URUMwMDFfUG93ZXJTaGVsbF9CYXNpYyIsCiAiUm91dGVyQXJ0aWZhY3QiOiAiQ3VzdG9tLlRGTS5ISURTLlJvdXRlci5KU09OTC5EaXNjb3JkLkZpbmFsX3YzX2ZpeDMiCn0=
               CurrentDirectory: C:\Users\seguridad\Desktop\TFM\Velociraptor\
               User: LT29\seguridad
               LogonGuid: {6bc49a7d-4e8b-69fb-7a91-080000000000}
               LogonId: 0x8917A
               TerminalSessionId: 1
               IntegrityLevel: High
               Hashes: MD5=DFD66604CA0898E8E26DF7B1635B6326,SHA256=D23B67799A0DA0143E395BA5DB906A22AB08FAC4BD5581E275B1E0F1B3FAC55C,IMPHASH=88CB9A420410BDA787E305B65518A934
               ParentProcessGuid: {6bc49a7d-f41d-6a26-f11e-000000009401}
               ParentProcessId: 8852
               ParentImage: C:\Users\seguridad\Desktop\TFM\Velociraptor\velociraptor-v0.75.6-windows-amd64.exe
               ParentCommandLine: "C:\Users\seguridad\Desktop\TFM\Velociraptor\velociraptor-v0.75.6-windows-amd64.exe"  --config server.config.yaml gui
               ParentUser: LT29\seguridad

TimeCreated  : 09/06/2026 20:06:27
Id           : 1
ProviderName : Microsoft-Windows-Sysmon
Message      : Process Create:
               RuleName: -
               UtcTime: 2026-06-09 18:06:27.941
               ProcessGuid: {6bc49a7d-5623-6a28-9428-000000009401}
               ProcessId: 7332
               Image: C:\Windows\System32\WindowsPowerShell\v1.0\powershell.exe
               FileVersion: 10.0.19041.3393 (WinBuild.160101.0800)
               Description: Windows PowerShell
               Product: Microsoft® Windows® Operating System
               Company: Microsoft Corporation
               OriginalFileName: PowerShell.EXE
               CommandLine: powershell.exe -NoProfile -NonInteractive -ExecutionPolicy Bypass -Command "& { param([string]$p,[string]$b64) $json=[System.Text.Encoding]::UTF8.GetString([System.Convert]::FromBase64String($b64)); $compact=($json | ConvertFrom-Json | ConvertTo-Json -Compress -Depth 20); $d=Split-Path -Parent $p; if (!(Test-Path -LiteralPath $d)) { New-Item -ItemType Directory -Path $d -Force | Out-Null }; Add-Content -LiteralPath $p -Value $compact -Encoding UTF8 }" \\VBOXSVR\Carpeta_Compartida_TFM\inbox\alerts.jsonl ewogIlJvdXRlclRpbWUiOiAiMjAyNi0wNi0wOVQxODowNjoyNVoiLAogIkRldGVjdGlvblRpbWUiOiAxNzgxMDI4MjUxLjcyODA3MiwKICJDbGllbnRJZCI6ICJDLjM2NDkwNzE3Mjc5M2Y4YzciLAogIkhvc3RuYW1lIjogIkxUMjkuYWl0LnVzLmVzIiwKICJDVV9JRCI6ICJDVS0wMDIiLAogIklEX1RlY25pY2FfSW50ZXJuYSI6ICJURUMtMDAyIiwKICJNSVRSRV9JRCI6ICJUMTA1OS4wMDMiLAogIk1JVFJFX1RhY3RpYyI6ICJFeGVjdXRpb24iLAogIk1JVFJFX1RhY3RpY19Db250ZXh0IjogIiIsCiAiU2lnbmFsVHlwZSI6ICJQcm9jZXNzQ3JlYXRpb24iLAogIkFsZXJ0TmFtZSI6ICJXaW5kb3dzIENvbW1hbmQgU2hlbGwgc3VzcGljaW91cyBleGVjdXRpb24gLSBiYXNpYyBwcm9maWxlIHYyIiwKICJTZXZlcml0eSI6ICJNZWRpdW0iLAogIlByaW9yaXR5IjogIlAzIiwKICJDb25maWRlbmNlIjogIk1lZGl1bSIsCiAiRGV0ZWN0aW9uU2NvcGUiOiAiSG9zdC1iYXNlZCBwcm9jZXNzIGNyZWF0aW9uIiwKICJPdXRwdXRUeXBlIjogIkRldGVjY2lvbiAvIEFsZXJ0YSBSVCBzaSBzZSBlbnJ1dGEiLAogIkZQX1Jpc2siOiAiTWVkaW8iLAogIkNVX1JlYXNvbiI6ICJjbWQuZXhlIHdpdGggY2hhaW5pbmcsIFBvd2VyU2hlbGwgb3IgYWRtaW5pc3RyYXRpdmUgdG9vbCB1c2FnZSIsCiAiQ1VfRXZpZGVuY2UiOiAiXCJjbWQuZXhlXCIgL2QgL2MgcG93ZXJzaGVsbC5leGUgLU5vUHJvZmlsZSAtRXhlY3V0aW9uUG9saWN5IEJ5cGFzcyAtRmlsZSBcIkM6XFxVc2Vyc1xcc2VndXJpZGFkXFxEZXNrdG9wXFxURk1cXFBydWViYXNcXFRFQy0wMDlfRXhmaWx0cmFjaW9uXFxjcmVhcl9kaXJlY3RvcmlvX2R1bW15LnBzMVwiICIsCiAiRXZlbnRJRCI6IDEsCiAiQ2hhbm5lbCI6ICJNaWNyb3NvZnQtV2luZG93cy1TeXNtb24vT3BlcmF0aW9uYWwiLAogIlByb3ZpZGVyIjogIk1pY3Jvc29mdC1XaW5kb3dzLVN5c21vbiIsCiAiSW1hZ2UiOiAiQzpcXFdpbmRvd3NcXFN5c3RlbTMyXFxjbWQuZXhlIiwKICJDb21tYW5kTGluZSI6ICJcImNtZC5leGVcIiAvZCAvYyBwb3dlcnNoZWxsLmV4ZSAtTm9Qcm9maWxlIC1FeGVjdXRpb25Qb2xpY3kgQnlwYXNzIC1GaWxlIFwiQzpcXFVzZXJzXFxzZWd1cmlkYWRcXERlc2t0b3BcXFRGTVxcUHJ1ZWJhc1xcVEVDLTAwOV9FeGZpbHRyYWNpb25cXGNyZWFyX2RpcmVjdG9yaW9fZHVtbXkucHMxXCIgIiwKICJQYXJlbnRJbWFnZSI6ICJDOlxcV2luZG93c1xcU3lzdGVtMzJcXFdpbmRvd3NQb3dlclNoZWxsXFx2MS4wXFxwb3dlcnNoZWxsLmV4ZSIsCiAiUGFyZW50Q29tbWFuZExpbmUiOiAiXCJDOlxcV2luZG93c1xcU3lzdGVtMzJcXFdpbmRvd3NQb3dlclNoZWxsXFx2MS4wXFxwb3dlcnNoZWxsLmV4ZVwiICIsCiAiVXNlciI6ICJMVDI5XFxzZWd1cmlkYWQiLAogIlRhcmdldEZpbGVuYW1lIjogIiIsCiAiRGV0ZWN0aW9uTG9naWMiOiAiU3lzbW9uIElEIDEgKyBjbWQuZXhlICsgY2hhaW5pbmcvZHVhbC11c2UgcmVnZXg7IGJvdW5kZWQgTmF0aXZlIE1lc3NhZ2luZyBGUCBleGNsdXNpb24iLAogIkZhbHNlUG9zaXRpdmVSZWR1Y3Rpb24iOiAiRG9lcyBub3QgZXhjbHVkZSBjbWQuZXhlIGdsb2JhbGx5OyBvbmx5IGNocm9tZS5leGUgcGFyZW50IHBsdXMgQWRvYmUvQ2hyb21lIE5hdGl2ZSBNZXNzYWdpbmcgY29tbWFuZC1saW5lIHBhdHRlcm4iLAogIkJlbmNobWFya1NjZW5hcmlvIjogIkI1IiwKICJBcnRpZmFjdFByb2ZpbGUiOiAiUDQgTG93IEJhc2ljIHYyIiwKICJSb3V0ZXJQcm9maWxlIjogIlA0IiwKICJTb3VyY2VBcnRpZmFjdCI6ICJDdXN0b20uVEZNLkhJRFMuUDQuTG93LkJhc2ljX3YyL0NVMDAyX1NvdXJjZV9URUMwMDJfQ01EX0Jhc2ljIiwKICJSb3V0ZXJBcnRpZmFjdCI6ICJDdXN0b20uVEZNLkhJRFMuUm91dGVyLkpTT05MLkRpc2NvcmQuRmluYWxfdjNfZml4MyIKfQ==
               CurrentDirectory: C:\Users\seguridad\Desktop\TFM\Velociraptor\
               User: LT29\seguridad
               LogonGuid: {6bc49a7d-4e8b-69fb-7a91-080000000000}
               LogonId: 0x8917A
               TerminalSessionId: 1
               IntegrityLevel: High
               Hashes: MD5=DFD66604CA0898E8E26DF7B1635B6326,SHA256=D23B67799A0DA0143E395BA5DB906A22AB08FAC4BD5581E275B1E0F1B3FAC55C,IMPHASH=88CB9A420410BDA787E305B65518A934
               ParentProcessGuid: {6bc49a7d-f41d-6a26-f11e-000000009401}
               ParentProcessId: 8852
               ParentImage: C:\Users\seguridad\Desktop\TFM\Velociraptor\velociraptor-v0.75.6-windows-amd64.exe
               ParentCommandLine: "C:\Users\seguridad\Desktop\TFM\Velociraptor\velociraptor-v0.75.6-windows-amd64.exe"  --config server.config.yaml gui
               ParentUser: LT29\seguridad

TimeCreated  : 09/06/2026 20:06:27
Id           : 11
ProviderName : Microsoft-Windows-Sysmon
Message      : File created:
               RuleName: -
               UtcTime: 2026-06-09 18:06:27.506
               ProcessGuid: {6bc49a7d-5622-6a28-9328-000000009401}
               ProcessId: 8084
               Image: C:\Windows\System32\WindowsPowerShell\v1.0\powershell.exe
               TargetFilename: C:\Users\seguridad\AppData\Local\Temp\__PSScriptPolicyTest_nk52wctj.ywz.ps1
               CreationUtcTime: 2026-06-09 18:06:27.506
               User: LT29\seguridad

TimeCreated  : 09/06/2026 20:06:26
Id           : 1
ProviderName : Microsoft-Windows-Sysmon
Message      : Process Create:
               RuleName: -
               UtcTime: 2026-06-09 18:06:26.814
               ProcessGuid: {6bc49a7d-5622-6a28-9328-000000009401}
               ProcessId: 8084
               Image: C:\Windows\System32\WindowsPowerShell\v1.0\powershell.exe
               FileVersion: 10.0.19041.3393 (WinBuild.160101.0800)
               Description: Windows PowerShell
               Product: Microsoft® Windows® Operating System
               Company: Microsoft Corporation
               OriginalFileName: PowerShell.EXE
               CommandLine: powershell.exe  -NoProfile -ExecutionPolicy Bypass -File "C:\Users\seguridad\Desktop\TFM\Pruebas\TEC-009_Exfiltracion\crear_directorio_dummy.ps1" 
               CurrentDirectory: C:\Windows\system32\
               User: LT29\seguridad
               LogonGuid: {6bc49a7d-4e8b-69fb-7a91-080000000000}
               LogonId: 0x8917A
               TerminalSessionId: 1
               IntegrityLevel: High
               Hashes: MD5=DFD66604CA0898E8E26DF7B1635B6326,SHA256=D23B67799A0DA0143E395BA5DB906A22AB08FAC4BD5581E275B1E0F1B3FAC55C,IMPHASH=88CB9A420410BDA787E305B65518A934
               ParentProcessGuid: {6bc49a7d-5622-6a28-9228-000000009401}
               ParentProcessId: 444
               ParentImage: C:\Windows\System32\cmd.exe
               ParentCommandLine: "cmd.exe" /d /c powershell.exe -NoProfile -ExecutionPolicy Bypass -File "C:\Users\seguridad\Desktop\TFM\Pruebas\TEC-009_Exfiltracion\crear_directorio_dummy.ps1" 
               ParentUser: LT29\seguridad

TimeCreated  : 09/06/2026 20:06:26
Id           : 1
ProviderName : Microsoft-Windows-Sysmon
Message      : Process Create:
               RuleName: -
               UtcTime: 2026-06-09 18:06:26.754
               ProcessGuid: {6bc49a7d-5622-6a28-9228-000000009401}
               ProcessId: 444
               Image: C:\Windows\System32\cmd.exe
               FileVersion: 10.0.19041.746 (WinBuild.160101.0800)
               Description: Windows Command Processor
               Product: Microsoft® Windows® Operating System
               Company: Microsoft Corporation
               OriginalFileName: Cmd.Exe
               CommandLine: "cmd.exe" /d /c powershell.exe -NoProfile -ExecutionPolicy Bypass -File "C:\Users\seguridad\Desktop\TFM\Pruebas\TEC-009_Exfiltracion\crear_directorio_dummy.ps1" 
               CurrentDirectory: C:\Windows\system32\
               User: LT29\seguridad
               LogonGuid: {6bc49a7d-4e8b-69fb-7a91-080000000000}
               LogonId: 0x8917A
               TerminalSessionId: 1
               IntegrityLevel: High
               Hashes: MD5=8A2122E8162DBEF04694B9C3E0B6CDEE,SHA256=B99D61D874728EDC0918CA0EB10EAB93D381E7367E377406E65963366C874450,IMPHASH=272245E2988E1E430500B852C4FB5E18
               ParentProcessGuid: {6bc49a7d-4b45-6a28-b426-000000009401}
               ParentProcessId: 2600
               ParentImage: C:\Windows\System32\WindowsPowerShell\v1.0\powershell.exe
               ParentCommandLine: "C:\Windows\System32\WindowsPowerShell\v1.0\powershell.exe" 
               ParentUser: LT29\seguridad

TimeCreated  : 09/06/2026 20:06:26
Id           : 11
ProviderName : Microsoft-Windows-Sysmon
Message      : File created:
               RuleName: -
               UtcTime: 2026-06-09 18:06:26.433
               ProcessGuid: {6bc49a7d-5622-6a28-9128-000000009401}
               ProcessId: 9384
               Image: C:\Windows\System32\WindowsPowerShell\v1.0\powershell.exe
               TargetFilename: C:\Program Files\Velociraptor\Tools\__PSScriptPolicyTest_odfa35zj.5ue.ps1
               CreationUtcTime: 2026-06-09 18:06:26.433
               User: LT29\seguridad

TimeCreated  : 09/06/2026 20:06:26
Id           : 1
ProviderName : Microsoft-Windows-Sysmon
Message      : Process Create:
               RuleName: -
               UtcTime: 2026-06-09 18:06:26.250
               ProcessGuid: {6bc49a7d-5622-6a28-9128-000000009401}
               ProcessId: 9384
               Image: C:\Windows\System32\WindowsPowerShell\v1.0\powershell.exe
               FileVersion: 10.0.19041.3393 (WinBuild.160101.0800)
               Description: Windows PowerShell
               Product: Microsoft® Windows® Operating System
               Company: Microsoft Corporation
               OriginalFileName: PowerShell.EXE
               CommandLine: powershell.exe -NoProfile -NonInteractive -ExecutionPolicy Bypass -Command "& { param([string]$p,[string]$b64) $json=[System.Text.Encoding]::UTF8.GetString([System.Convert]::FromBase64String($b64)); $compact=($json | ConvertFrom-Json | ConvertTo-Json -Compress -Depth 20); $d=Split-Path -Parent $p; if (!(Test-Path -LiteralPath $d)) { New-Item -ItemType Directory -Path $d -Force | Out-Null }; Add-Content -LiteralPath $p -Value $compact -Encoding UTF8 }" \\VBOXSVR\Carpeta_Compartida_TFM\inbox\alerts.jsonl ewogIlJvdXRlclRpbWUiOiAiMjAyNi0wNi0wOVQxODowNjoyNVoiLAogIkRldGVjdGlvblRpbWUiOiAxNzgxMDI4MjM1LjY2MTQ0MTYsCiAiQ2xpZW50SWQiOiAiQy4zNjQ5MDcxNzI3OTNmOGM3IiwKICJIb3N0bmFtZSI6ICJMVDI5LmFpdC51cy5lcyIsCiAiQ1VfSUQiOiAiQ1UtMDAxIiwKICJJRF9UZWNuaWNhX0ludGVybmEiOiAiVEVDLTAwMSIsCiAiTUlUUkVfSUQiOiAiVDEwNTkuMDAxIiwKICJNSVRSRV9UYWN0aWMiOiAiRXhlY3V0aW9uIiwKICJNSVRSRV9UYWN0aWNfQ29udGV4dCI6ICIiLAogIlNpZ25hbFR5cGUiOiAiUHJvY2Vzc0NyZWF0aW9uIiwKICJBbGVydE5hbWUiOiAiUG93ZXJTaGVsbCBzdXNwaWNpb3VzIGV4ZWN1dGlvbiAtIGJhc2ljIHByb2ZpbGUgdjIiLAogIlNldmVyaXR5IjogIk1lZGl1bSIsCiAiUHJpb3JpdHkiOiAiUDMiLAogIkNvbmZpZGVuY2UiOiAiTWVkaXVtIiwKICJEZXRlY3Rpb25TY29wZSI6ICJIb3N0LWJhc2VkIHByb2Nlc3MgY3JlYXRpb24iLAogIk91dHB1dFR5cGUiOiAiRGV0ZWNjaW9uIC8gQWxlcnRhIFJUIHNpIHNlIGVucnV0YSIsCiAiRlBfUmlzayI6ICJNZWRpbyIsCiAiQ1VfUmVhc29uIjogInBvd2Vyc2hlbGwuZXhlL3B3c2guZXhlIHdpdGggc3VzcGljaW91cyBleGVjdXRpb24gZmxhZ3Mgb3IgY29tbWFuZCBwYXR0ZXJucyIsCiAiQ1VfRXZpZGVuY2UiOiAicG93ZXJzaGVsbC5leGUgIC1Ob1Byb2ZpbGUgLUV4ZWN1dGlvblBvbGljeSBCeXBhc3MgLUZpbGUgXCJDOlxcVXNlcnNcXHNlZ3VyaWRhZFxcRGVza3RvcFxcVEZNXFxQcnVlYmFzXFxURUMtMDA4X1NhYm90YWplXFxjcmVhcl9kaXJlY3RvcmlvX2R1bW15LnBzMVwiICIsCiAiRXZlbnRJRCI6IDEsCiAiQ2hhbm5lbCI6ICJNaWNyb3NvZnQtV2luZG93cy1TeXNtb24vT3BlcmF0aW9uYWwiLAogIlByb3ZpZGVyIjogIk1pY3Jvc29mdC1XaW5kb3dzLVN5c21vbiIsCiAiSW1hZ2UiOiAiQzpcXFdpbmRvd3NcXFN5c3RlbTMyXFxXaW5kb3dzUG93ZXJTaGVsbFxcdjEuMFxccG93ZXJzaGVsbC5leGUiLAogIkNvbW1hbmRMaW5lIjogInBvd2Vyc2hlbGwuZXhlICAtTm9Qcm9maWxlIC1FeGVjdXRpb25Qb2xpY3kgQnlwYXNzIC1GaWxlIFwiQzpcXFVzZXJzXFxzZWd1cmlkYWRcXERlc2t0b3BcXFRGTVxcUHJ1ZWJhc1xcVEVDLTAwOF9TYWJvdGFqZVxcY3JlYXJfZGlyZWN0b3Jpb19kdW1teS5wczFcIiAiLAogIlBhcmVudEltYWdlIjogIkM6XFxXaW5kb3dzXFxTeXN0ZW0zMlxcY21kLmV4ZSIsCiAiUGFyZW50Q29tbWFuZExpbmUiOiAiXCJjbWQuZXhlXCIgL2QgL2MgcG93ZXJzaGVsbC5leGUgLU5vUHJvZmlsZSAtRXhlY3V0aW9uUG9saWN5IEJ5cGFzcyAtRmlsZSBcIkM6XFxVc2Vyc1xcc2VndXJpZGFkXFxEZXNrdG9wXFxURk1cXFBydWViYXNcXFRFQy0wMDhfU2Fib3RhamVcXGNyZWFyX2RpcmVjdG9yaW9fZHVtbXkucHMxXCIgIiwKICJVc2VyIjogIkxUMjlcXHNlZ3VyaWRhZCIsCiAiVGFyZ2V0RmlsZW5hbWUiOiAiIiwKICJEZXRlY3Rpb25Mb2dpYyI6ICJTeXNtb24gSUQgMSArIFBvd2VyU2hlbGwgaW1hZ2UgKyBzdXNwaWNpb3VzIGZsYWdzOyBleGNsdWRlcyByb3V0ZXIgSlNPTkwgc2VsZi1ldmVudHMiLAogIkZhbHNlUG9zaXRpdmVSZWR1Y3Rpb24iOiAiUm91dGVyIEpTT05MIHNlbGYtZXZlbnRzIGV4Y2x1ZGVkIGJ5IEFkZC1Db250ZW50L0Zyb21CYXNlNjRTdHJpbmcvYWxlcnRzLmpzb25sIHBhdHRlcm47IFBvd2VyU2hlbGwgQnlwYXNzIHJlbWFpbnMgdmlzaWJsZSBvdGhlcndpc2UiLAogIkJlbmNobWFya1NjZW5hcmlvIjogIkI1IiwKICJBcnRpZmFjdFByb2ZpbGUiOiAiUDQgTG93IEJhc2ljIHYyIiwKICJSb3V0ZXJQcm9maWxlIjogIlA0IiwKICJTb3VyY2VBcnRpZmFjdCI6ICJDdXN0b20uVEZNLkhJRFMuUDQuTG93LkJhc2ljX3YyL0NVMDAxX1NvdXJjZV9URUMwMDFfUG93ZXJTaGVsbF9CYXNpYyIsCiAiUm91dGVyQXJ0aWZhY3QiOiAiQ3VzdG9tLlRGTS5ISURTLlJvdXRlci5KU09OTC5EaXNjb3JkLkZpbmFsX3YzX2ZpeDMiCn0=
               CurrentDirectory: C:\Users\seguridad\Desktop\TFM\Velociraptor\
               User: LT29\seguridad
               LogonGuid: {6bc49a7d-4e8b-69fb-7a91-080000000000}
               LogonId: 0x8917A
               TerminalSessionId: 1
               IntegrityLevel: High
               Hashes: MD5=DFD66604CA0898E8E26DF7B1635B6326,SHA256=D23B67799A0DA0143E395BA5DB906A22AB08FAC4BD5581E275B1E0F1B3FAC55C,IMPHASH=88CB9A420410BDA787E305B65518A934
               ParentProcessGuid: {6bc49a7d-f41d-6a26-f11e-000000009401}
               ParentProcessId: 8852
               ParentImage: C:\Users\seguridad\Desktop\TFM\Velociraptor\velociraptor-v0.75.6-windows-amd64.exe
               ParentCommandLine: "C:\Users\seguridad\Desktop\TFM\Velociraptor\velociraptor-v0.75.6-windows-amd64.exe"  --config server.config.yaml gui
               ParentUser: LT29\seguridad

TimeCreated  : 09/06/2026 20:06:26
Id           : 11
ProviderName : Microsoft-Windows-Sysmon
Message      : File created:
               RuleName: -
               UtcTime: 2026-06-09 18:06:26.162
               ProcessGuid: {6bc49a7d-5621-6a28-9028-000000009401}
               ProcessId: 13316
               Image: C:\Windows\System32\WindowsPowerShell\v1.0\powershell.exe
               TargetFilename: C:\Program Files\Velociraptor\Tools\__PSScriptPolicyTest_arlcceky.sb0.ps1
               CreationUtcTime: 2026-06-09 18:06:26.162
               User: LT29\seguridad

TimeCreated  : 09/06/2026 20:06:25
Id           : 1
ProviderName : Microsoft-Windows-Sysmon
Message      : Process Create:
               RuleName: -
               UtcTime: 2026-06-09 18:06:25.869
               ProcessGuid: {6bc49a7d-5621-6a28-9028-000000009401}
               ProcessId: 13316
               Image: C:\Windows\System32\WindowsPowerShell\v1.0\powershell.exe
               FileVersion: 10.0.19041.3393 (WinBuild.160101.0800)
               Description: Windows PowerShell
               Product: Microsoft® Windows® Operating System
               Company: Microsoft Corporation
               OriginalFileName: PowerShell.EXE
               CommandLine: powershell.exe -NoProfile -NonInteractive -ExecutionPolicy Bypass -Command "& { param([string]$p,[string]$b64) $json=[System.Text.Encoding]::UTF8.GetString([System.Convert]::FromBase64String($b64)); $compact=($json | ConvertFrom-Json | ConvertTo-Json -Compress -Depth 20); $d=Split-Path -Parent $p; if (!(Test-Path -LiteralPath $d)) { New-Item -ItemType Directory -Path $d -Force | Out-Null }; Add-Content -LiteralPath $p -Value $compact -Encoding UTF8 }" \\VBOXSVR\Carpeta_Compartida_TFM\inbox\alerts.jsonl ewogIlJvdXRlclRpbWUiOiAiMjAyNi0wNi0wOVQxODowNjoyNVoiLAogIkRldGVjdGlvblRpbWUiOiAxNzgxMDI4MjM1LjY0NDg1MjksCiAiQ2xpZW50SWQiOiAiQy4zNjQ5MDcxNzI3OTNmOGM3IiwKICJIb3N0bmFtZSI6ICJMVDI5LmFpdC51cy5lcyIsCiAiQ1VfSUQiOiAiQ1UtMDAyIiwKICJJRF9UZWNuaWNhX0ludGVybmEiOiAiVEVDLTAwMiIsCiAiTUlUUkVfSUQiOiAiVDEwNTkuMDAzIiwKICJNSVRSRV9UYWN0aWMiOiAiRXhlY3V0aW9uIiwKICJNSVRSRV9UYWN0aWNfQ29udGV4dCI6ICIiLAogIlNpZ25hbFR5cGUiOiAiUHJvY2Vzc0NyZWF0aW9uIiwKICJBbGVydE5hbWUiOiAiV2luZG93cyBDb21tYW5kIFNoZWxsIHN1c3BpY2lvdXMgZXhlY3V0aW9uIC0gYmFzaWMgcHJvZmlsZSB2MiIsCiAiU2V2ZXJpdHkiOiAiTWVkaXVtIiwKICJQcmlvcml0eSI6ICJQMyIsCiAiQ29uZmlkZW5jZSI6ICJNZWRpdW0iLAogIkRldGVjdGlvblNjb3BlIjogIkhvc3QtYmFzZWQgcHJvY2VzcyBjcmVhdGlvbiIsCiAiT3V0cHV0VHlwZSI6ICJEZXRlY2Npb24gLyBBbGVydGEgUlQgc2kgc2UgZW5ydXRhIiwKICJGUF9SaXNrIjogIk1lZGlvIiwKICJDVV9SZWFzb24iOiAiY21kLmV4ZSB3aXRoIGNoYWluaW5nLCBQb3dlclNoZWxsIG9yIGFkbWluaXN0cmF0aXZlIHRvb2wgdXNhZ2UiLAogIkNVX0V2aWRlbmNlIjogIlwiY21kLmV4ZVwiIC9kIC9jIHBvd2Vyc2hlbGwuZXhlIC1Ob1Byb2ZpbGUgLUV4ZWN1dGlvblBvbGljeSBCeXBhc3MgLUZpbGUgXCJDOlxcVXNlcnNcXHNlZ3VyaWRhZFxcRGVza3RvcFxcVEZNXFxQcnVlYmFzXFxURUMtMDA4X1NhYm90YWplXFxjcmVhcl9kaXJlY3RvcmlvX2R1bW15LnBzMVwiICIsCiAiRXZlbnRJRCI6IDEsCiAiQ2hhbm5lbCI6ICJNaWNyb3NvZnQtV2luZG93cy1TeXNtb24vT3BlcmF0aW9uYWwiLAogIlByb3ZpZGVyIjogIk1pY3Jvc29mdC1XaW5kb3dzLVN5c21vbiIsCiAiSW1hZ2UiOiAiQzpcXFdpbmRvd3NcXFN5c3RlbTMyXFxjbWQuZXhlIiwKICJDb21tYW5kTGluZSI6ICJcImNtZC5leGVcIiAvZCAvYyBwb3dlcnNoZWxsLmV4ZSAtTm9Qcm9maWxlIC1FeGVjdXRpb25Qb2xpY3kgQnlwYXNzIC1GaWxlIFwiQzpcXFVzZXJzXFxzZWd1cmlkYWRcXERlc2t0b3BcXFRGTVxcUHJ1ZWJhc1xcVEVDLTAwOF9TYWJvdGFqZVxcY3JlYXJfZGlyZWN0b3Jpb19kdW1teS5wczFcIiAiLAogIlBhcmVudEltYWdlIjogIkM6XFxXaW5kb3dzXFxTeXN0ZW0zMlxcV2luZG93c1Bvd2VyU2hlbGxcXHYxLjBcXHBvd2Vyc2hlbGwuZXhlIiwKICJQYXJlbnRDb21tYW5kTGluZSI6ICJcIkM6XFxXaW5kb3dzXFxTeXN0ZW0zMlxcV2luZG93c1Bvd2VyU2hlbGxcXHYxLjBcXHBvd2Vyc2hlbGwuZXhlXCIgIiwKICJVc2VyIjogIkxUMjlcXHNlZ3VyaWRhZCIsCiAiVGFyZ2V0RmlsZW5hbWUiOiAiIiwKICJEZXRlY3Rpb25Mb2dpYyI6ICJTeXNtb24gSUQgMSArIGNtZC5leGUgKyBjaGFpbmluZy9kdWFsLXVzZSByZWdleDsgYm91bmRlZCBOYXRpdmUgTWVzc2FnaW5nIEZQIGV4Y2x1c2lvbiIsCiAiRmFsc2VQb3NpdGl2ZVJlZHVjdGlvbiI6ICJEb2VzIG5vdCBleGNsdWRlIGNtZC5leGUgZ2xvYmFsbHk7IG9ubHkgY2hyb21lLmV4ZSBwYXJlbnQgcGx1cyBBZG9iZS9DaHJvbWUgTmF0aXZlIE1lc3NhZ2luZyBjb21tYW5kLWxpbmUgcGF0dGVybiIsCiAiQmVuY2htYXJrU2NlbmFyaW8iOiAiQjUiLAogIkFydGlmYWN0UHJvZmlsZSI6ICJQNCBMb3cgQmFzaWMgdjIiLAogIlJvdXRlclByb2ZpbGUiOiAiUDQiLAogIlNvdXJjZUFydGlmYWN0IjogIkN1c3RvbS5URk0uSElEUy5QNC5Mb3cuQmFzaWNfdjIvQ1UwMDJfU291cmNlX1RFQzAwMl9DTURfQmFzaWMiLAogIlJvdXRlckFydGlmYWN0IjogIkN1c3RvbS5URk0uSElEUy5Sb3V0ZXIuSlNPTkwuRGlzY29yZC5GaW5hbF92M19maXgzIgp9
               CurrentDirectory: C:\Users\seguridad\Desktop\TFM\Velociraptor\
               User: LT29\seguridad
               LogonGuid: {6bc49a7d-4e8b-69fb-7a91-080000000000}
               LogonId: 0x8917A
               TerminalSessionId: 1
               IntegrityLevel: High
               Hashes: MD5=DFD66604CA0898E8E26DF7B1635B6326,SHA256=D23B67799A0DA0143E395BA5DB906A22AB08FAC4BD5581E275B1E0F1B3FAC55C,IMPHASH=88CB9A420410BDA787E305B65518A934
               ParentProcessGuid: {6bc49a7d-f41d-6a26-f11e-000000009401}
               ParentProcessId: 8852
               ParentImage: C:\Users\seguridad\Desktop\TFM\Velociraptor\velociraptor-v0.75.6-windows-amd64.exe
               ParentCommandLine: "C:\Users\seguridad\Desktop\TFM\Velociraptor\velociraptor-v0.75.6-windows-amd64.exe"  --config server.config.yaml gui
               ParentUser: LT29\seguridad

TimeCreated  : 09/06/2026 20:06:19
Id           : 11
ProviderName : Microsoft-Windows-Sysmon
Message      : File created:
               RuleName: -
               UtcTime: 2026-06-09 18:06:19.522
               ProcessGuid: {6bc49a7d-561b-6a28-8f28-000000009401}
               ProcessId: 4160
               Image: C:\Windows\System32\WindowsPowerShell\v1.0\powershell.exe
               TargetFilename: C:\Users\seguridad\AppData\Local\Temp\__PSScriptPolicyTest_4ppxez3j.3j1.ps1
               CreationUtcTime: 2026-06-09 18:06:19.522
               User: LT29\seguridad

TimeCreated  : 09/06/2026 20:06:19
Id           : 1
ProviderName : Microsoft-Windows-Sysmon
Message      : Process Create:
               RuleName: -
               UtcTime: 2026-06-09 18:06:19.410
               ProcessGuid: {6bc49a7d-561b-6a28-8f28-000000009401}
               ProcessId: 4160
               Image: C:\Windows\System32\WindowsPowerShell\v1.0\powershell.exe
               FileVersion: 10.0.19041.3393 (WinBuild.160101.0800)
               Description: Windows PowerShell
               Product: Microsoft® Windows® Operating System
               Company: Microsoft Corporation
               OriginalFileName: PowerShell.EXE
               CommandLine: powershell.exe  -NoProfile -ExecutionPolicy Bypass -File "C:\Users\seguridad\Desktop\TFM\Pruebas\TEC-008_Sabotaje\crear_directorio_dummy.ps1" 
               CurrentDirectory: C:\Windows\system32\
               User: LT29\seguridad
               LogonGuid: {6bc49a7d-4e8b-69fb-7a91-080000000000}
               LogonId: 0x8917A
               TerminalSessionId: 1
               IntegrityLevel: High
               Hashes: MD5=DFD66604CA0898E8E26DF7B1635B6326,SHA256=D23B67799A0DA0143E395BA5DB906A22AB08FAC4BD5581E275B1E0F1B3FAC55C,IMPHASH=88CB9A420410BDA787E305B65518A934
               ParentProcessGuid: {6bc49a7d-561b-6a28-8e28-000000009401}
               ParentProcessId: 7756
               ParentImage: C:\Windows\System32\cmd.exe
               ParentCommandLine: "cmd.exe" /d /c powershell.exe -NoProfile -ExecutionPolicy Bypass -File "C:\Users\seguridad\Desktop\TFM\Pruebas\TEC-008_Sabotaje\crear_directorio_dummy.ps1" 
               ParentUser: LT29\seguridad

