TimeCreated  : 09/06/2026 20:04:12
Id           : 1
ProviderName : Microsoft-Windows-Sysmon
Message      : Process Create:
               RuleName: -
               UtcTime: 2026-06-09 18:04:12.056
               ProcessGuid: {6bc49a7d-559c-6a28-7028-000000009401}
               ProcessId: 1216
               Image: C:\Windows\System32\WindowsPowerShell\v1.0\powershell.exe
               FileVersion: 10.0.19041.3393 (WinBuild.160101.0800)
               Description: Windows PowerShell
               Product: Microsoft® Windows® Operating System
               Company: Microsoft Corporation
               OriginalFileName: PowerShell.EXE
               CommandLine: powershell.exe -NoProfile -NonInteractive -ExecutionPolicy Bypass -Command "& { param([string]$p,[string]$b64) $json=[System.Text.Encoding]::UTF8.GetString([System.Convert]::FromBase64String($b64)); $compact=($json | ConvertFrom-Json | ConvertTo-Json -Compress -Depth 20); $d=Split-Path -Parent $p; if (!(Test-Path -LiteralPath $d)) { New-Item -ItemType Directory -Path $d -Force | Out-Null }; Add-Content -LiteralPath $p -Value $compact -Encoding UTF8 }" \\VBOXSVR\Carpeta_Compartida_TFM\inbox\alerts.jsonl 
               ewogIlJvdXRlclRpbWUiOiAiMjAyNi0wNi0wOVQxODowNDoxMFoiLAogIkRldGVjdGlvblRpbWUiOiAxNzgxMDI4MTU4LjE3MjAxNzYsCiAiQ2xpZW50SWQiOiAiQy4zNjQ5MDcxNzI3OTNmOGM3IiwKICJIb3N0bmFtZSI6ICJMVDI5LmFpdC51cy5lcyIsCiAiQ1VfSUQiOiAiQ1UtMDAxIiwKICJJRF9UZWNuaWNhX0ludGVybmEiOiAiVEVDLTAwMSIsCiAiTUlUUkVfSUQiOiAiVDEwNTkuMDAxIiwKICJNSVRSRV9UYWN0aWMiOiAiRXhlY3V0aW9uIiwKICJNSVRSRV9UYWN0aWNfQ29udGV4dCI6ICIiLAogIlNpZ25hbFR5cGUiOiAiUHJvY2Vzc0NyZWF0aW9uIiwKICJBbGVydE5hbWUiOiAiUG93ZXJTaGVsbCBzdXNwaWNpb3VzIGV4ZWN1dGlvbiAtIGJhc2ljIHByb2ZpbGUgdjIiLAogIlNldmVyaXR5IjogIk1lZGl1bSIsCiAiUHJpb3JpdHkiOiAiUDMiLAogIkNvbmZpZGVuY2UiOiAiTWVkaXVtIiwKICJEZXRlY3Rpb25TY29wZSI6ICJIb3N0LWJhc2VkIHByb2Nlc3MgY3JlYXRpb24iLAogIk91dHB1dFR5cGUiOiAiRGV0ZWNjaW9uIC8gQWxlcnRhIFJUIHNpIHNlIGVucnV0YSIsCiAiRlBfUmlzayI6ICJNZWRpbyIsCiAiQ1VfUmVhc29uIjogInBvd2Vyc2hlbGwuZXhlL3B3c2guZXhlIHdpdGggc3VzcGljaW91cyBleGVjdXRpb24gZmxhZ3Mgb3IgY29tbWFuZCBwYXR0ZXJucyIsCiAiQ1VfRXZpZGVuY2UiOiAicG93ZXJzaGVsbC5leGUgIC1Ob1Byb2ZpbGUgLUV4ZWN1dGlvblBvbGljeSBCeXBhc3MgLUZpbGUgXCJDOlxcVXNlcnNcXHNlZ3VyaWRhZFxcRGVza3RvcFxcVEZNXFxzY3JpcHRzX2NhbmRpZGF0ZVxcU2NyaXB0cmFuc29tX3YyLnBzMVwiIC1Xb3JrRGlyIFwiQzpcXFVzZXJzXFxzZWd1cmlkYWRcXERlc2t0b3BcXFRGTVxcc2NyaXB0c19jYW5kaWRhdGVcIiAtTGlzdEZpbGUgXCJDOlxcVXNlcnNcXHNlZ3VyaWRhZFxcRGVza3RvcFxcVEZNXFxzY3JpcHRzX2NhbmRpZGF0ZVxcbGlzdGFfYXJjaGl2b3MuY3N2XCIgLVBhc3N3b3JkRmlsZSBcIkM6XFxVc2Vyc1xcc2VndXJpZGFkXFxEZXNrdG9wXFxURk1cXFBydWViYXNcXFRFQy0wMDdfUmFuc29td2FyZVxccGFzc3dvcmQudHh0XCIgLU1heEZpbGVzIDI1IiwKICJFdmVudElEIjogMSwKICJDaGFubmVsIjogIk1pY3Jvc29mdC1XaW5kb3dzLVN5c21vbi9PcGVyYXRpb25hbCIsCiAiUHJvdmlkZXIiOiAiTWljcm9zb2Z0LVdpbmRvd3MtU3lzbW9uIiwKICJJbWFnZSI6ICJDOlxcV2luZG93c1xcU3lzdGVtMzJcXFdpbmRvd3NQb3dlclNoZWxsXFx2MS4wXFxwb3dlcnNoZWxsLmV4ZSIsCiAiQ29tbWFuZExpbmUiOiAicG93ZXJzaGVsbC5leGUgIC1Ob1Byb2ZpbGUgLUV4ZWN1dGlvblBvbGljeSBCeXBhc3MgLUZpbGUgXCJDOlxcVXNlcnNcXHNlZ3VyaWRhZFxcRGVza3RvcFxcVEZNXFxzY3JpcHRzX2NhbmRpZGF0ZVxcU2NyaXB0cmFuc29tX3YyLnBzMVwiIC1Xb3JrRGlyIFwiQzpcXFVzZXJzXFxzZWd1cmlkYWRcXERlc2t0b3BcXFRGTVxcc2NyaXB0c19jYW5kaWRhdGVcIiAtTGlzdEZpbGUgXCJDOlxcVXNlcnNcXHNlZ3VyaWRhZFxcRGVza3RvcFxcVEZNXFxzY3JpcHRzX2NhbmRpZGF0ZVxcbGlzdGFfYXJjaGl2b3MuY3N2XCIgLVBhc3N3b3JkRmlsZSBcIkM6XFxVc2Vyc1xcc2VndXJpZGFkXFxEZXNrdG9wXFxURk1cXFBydWViYXNcXFRFQy0wMDdfUmFuc29td2FyZVxccGFzc3dvcmQudHh0XCIgLU1heEZpbGVzIDI1IiwKICJQYXJlbnRJbWFnZSI6ICJDOlxcV2luZG93c1xcU3lzdGVtMzJcXGNtZC5leGUiLAogIlBhcmVudENvbW1hbmRMaW5lIjogIlwiY21kLmV4ZVwiIC9kIC9jIHBvd2Vyc2hlbGwuZXhlIC1Ob1Byb2ZpbGUgLUV4ZWN1dGlvblBvbGljeSBCeXBhc3MgLUZpbGUgXCJDOlxcVXNlcnNcXHNlZ3VyaWRhZFxcRGVza3RvcFxcVEZNXFxzY3JpcHRzX2NhbmRpZGF0ZVxcU2NyaXB0cmFuc29tX3YyLnBzMVwiIC1Xb3JrRGlyIFwiQzpcXFVzZXJzXFxzZWd1cmlkYWRcXERlc2t0b3BcXFRGTVxcc2NyaXB0c19jYW5kaWRhdGVcIiAtTGlzdEZpbGUgXCJDOlxcVXNlcnNcXHNlZ3VyaWRhZFxcRGVza3RvcFxcVEZNXFxzY3JpcHRzX2NhbmRpZGF0ZVxcbGlzdGFfYXJjaGl2b3MuY3N2XCIgLVBhc3N3b3JkRmlsZSBcIkM6XFxVc2Vyc1xcc2VndXJpZGFkXFxEZXNrdG9wXFxURk1cXFBydWViYXNcXFRFQy0wMDdfUmFuc29td2FyZVxccGFzc3dvcmQudHh0XCIgLU1heEZpbGVzIDI1IiwKICJVc2VyIjogIkxUMjlcXHNlZ3VyaWRhZCIsCiAiVGFyZ2V0RmlsZW5hbWUiOiAiIiwKICJEZXRlY3Rpb25Mb2dpYyI6ICJTeXNtb24gSUQgMSArIFBvd2VyU2hlbGwgaW1hZ2UgKyBzdXNwaWNpb3VzIGZsYWdzOyBleGNsdWRlcyByb3V0ZXIgSlNPTkwgc2VsZi1ldmVudHMiLAogIkZhbHNlUG9zaXRpdmVSZWR1Y3Rpb24iOiAiUm91dGVyIEpTT05MIHNlbGYtZXZlbnRzIGV4Y2x1ZGVkIGJ5IEFkZC1Db250ZW50L0Zyb21CYXNlNjRTdHJpbmcvYWxlcnRzLmpzb25sIHBhdHRlcm47IFBvd2VyU2hlbGwgQnlwYXNzIHJlbWFpbnMgdmlzaWJsZSBvdGhlcndpc2UiLAogIkJlbmNobWFya1NjZW5hcmlvIjogIkI1IiwKICJBcnRpZmFjdFByb2ZpbGUiOiAiUDQgTG93IEJhc2ljIHYyIiwKICJSb3V0ZXJQcm9maWxlIjogIlA0IiwKICJTb3VyY2VBcnRpZmFjdCI6ICJDdXN0b20uVEZNLkhJRFMuUDQuTG93LkJhc2ljX3YyL0NVMDAxX1NvdXJjZV9URUMwMDFfUG93ZXJTaGVsbF9CYXNpYyIsCiAiUm91dGVyQXJ0aWZhY3QiOiAiQ3VzdG9tLlRGTS5ISURTLlJvdXRlci5KU09OTC5EaXNjb3JkLkZpbmFsX3YzX2ZpeDMiCn0=
               CurrentDirectory: C:\Users\seguridad\Desktop\TFM\Velociraptor\
               User: LT29\seguridad
               LogonGuid: {6bc49a7d-4e8b-69fb-7a91-080000000000}
               LogonId: 0x8917A
               TerminalSessionId: 1
               IntegrityLevel: High
               Hashes: MD5=DFD66604CA0898E8E26DF7B1635B6326,SHA256=D23B67799A0DA0143E395BA5DB906A22AB08FAC4BD5581E275B1E0F1B3FAC55C,IMPHASH=88CB9A420410BDA787E305B65518A934
               ParentProcessGuid: {6bc49a7d-f41d-6a26-f11e-000000009401}
               ParentProcessId: 8852
               ParentImage: C:\Users\seguridad\Desktop\TFM\Velociraptor\velociraptor-v0.75.6-windows-amd64.exe
               ParentCommandLine: "C:\Users\seguridad\Desktop\TFM\Velociraptor\velociraptor-v0.75.6-windows-amd64.exe"  --config server.config.yaml gui
               ParentUser: LT29\seguridad

TimeCreated  : 09/06/2026 20:04:12
Id           : 11
ProviderName : Microsoft-Windows-Sysmon
Message      : File created:
               RuleName: -
               UtcTime: 2026-06-09 18:04:12.051
               ProcessGuid: {6bc49a7d-559b-6a28-6f28-000000009401}
               ProcessId: 9604
               Image: C:\Windows\System32\WindowsPowerShell\v1.0\powershell.exe
               TargetFilename: C:\Program Files\Velociraptor\Tools\__PSScriptPolicyTest_uewepelt.knt.ps1
               CreationUtcTime: 2026-06-09 18:04:12.051
               User: LT29\seguridad

TimeCreated  : 09/06/2026 20:04:11
Id           : 1
ProviderName : Microsoft-Windows-Sysmon
Message      : Process Create:
               RuleName: -
               UtcTime: 2026-06-09 18:04:11.955
               ProcessGuid: {6bc49a7d-559b-6a28-6f28-000000009401}
               ProcessId: 9604
               Image: C:\Windows\System32\WindowsPowerShell\v1.0\powershell.exe
               FileVersion: 10.0.19041.3393 (WinBuild.160101.0800)
               Description: Windows PowerShell
               Product: Microsoft® Windows® Operating System
               Company: Microsoft Corporation
               OriginalFileName: PowerShell.EXE
               CommandLine: powershell.exe -NoProfile -NonInteractive -ExecutionPolicy Bypass -Command "& { param([string]$p,[string]$b64) $json=[System.Text.Encoding]::UTF8.GetString([System.Convert]::FromBase64String($b64)); $compact=($json | ConvertFrom-Json | ConvertTo-Json -Compress -Depth 20); $d=Split-Path -Parent $p; if (!(Test-Path -LiteralPath $d)) { New-Item -ItemType Directory -Path $d -Force | Out-Null }; Add-Content -LiteralPath $p -Value $compact -Encoding UTF8 }" \\VBOXSVR\Carpeta_Compartida_TFM\inbox\alerts.jsonl ewogIlJvdXRlclRpbWUiOiAiMjAyNi0wNi0wOVQxODowNDoxMFoiLAogIkRldGVjdGlvblRpbWUiOiAxNzgxMDI4MTIwLjIwNTEwNzIsCiAiQ2xpZW50SWQiOiAiQy4zNjQ5MDcxNzI3OTNmOGM3IiwKICJIb3N0bmFtZSI6ICJMVDI5LmFpdC51cy5lcyIsCiAiQ1VfSUQiOiAiQ1UtMDAyIiwKICJJRF9UZWNuaWNhX0ludGVybmEiOiAiVEVDLTAwMiIsCiAiTUlUUkVfSUQiOiAiVDEwNTkuMDAzIiwKICJNSVRSRV9UYWN0aWMiOiAiRXhlY3V0aW9uIiwKICJNSVRSRV9UYWN0aWNfQ29udGV4dCI6ICIiLAogIlNpZ25hbFR5cGUiOiAiUHJvY2Vzc0NyZWF0aW9uIiwKICJBbGVydE5hbWUiOiAiV2luZG93cyBDb21tYW5kIFNoZWxsIHN1c3BpY2lvdXMgZXhlY3V0aW9uIC0gYmFzaWMgcHJvZmlsZSB2MiIsCiAiU2V2ZXJpdHkiOiAiTWVkaXVtIiwKICJQcmlvcml0eSI6ICJQMyIsCiAiQ29uZmlkZW5jZSI6ICJNZWRpdW0iLAogIkRldGVjdGlvblNjb3BlIjogIkhvc3QtYmFzZWQgcHJvY2VzcyBjcmVhdGlvbiIsCiAiT3V0cHV0VHlwZSI6ICJEZXRlY2Npb24gLyBBbGVydGEgUlQgc2kgc2UgZW5ydXRhIiwKICJGUF9SaXNrIjogIk1lZGlvIiwKICJDVV9SZWFzb24iOiAiY21kLmV4ZSB3aXRoIGNoYWluaW5nLCBQb3dlclNoZWxsIG9yIGFkbWluaXN0cmF0aXZlIHRvb2wgdXNhZ2UiLAogIkNVX0V2aWRlbmNlIjogIlwiY21kLmV4ZVwiIC9kIC9jIHNjLmV4ZSBkZWxldGUgXCJURk0gVEVDMDA1IFRlc3QgU2VydmljZVwiIiwKICJFdmVudElEIjogMSwKICJDaGFubmVsIjogIk1pY3Jvc29mdC1XaW5kb3dzLVN5c21vbi9PcGVyYXRpb25hbCIsCiAiUHJvdmlkZXIiOiAiTWljcm9zb2Z0LVdpbmRvd3MtU3lzbW9uIiwKICJJbWFnZSI6ICJDOlxcV2luZG93c1xcU3lzdGVtMzJcXGNtZC5leGUiLAogIkNvbW1hbmRMaW5lIjogIlwiY21kLmV4ZVwiIC9kIC9jIHNjLmV4ZSBkZWxldGUgXCJURk0gVEVDMDA1IFRlc3QgU2VydmljZVwiIiwKICJQYXJlbnRJbWFnZSI6ICJDOlxcV2luZG93c1xcU3lzdGVtMzJcXFdpbmRvd3NQb3dlclNoZWxsXFx2MS4wXFxwb3dlcnNoZWxsLmV4ZSIsCiAiUGFyZW50Q29tbWFuZExpbmUiOiAiXCJDOlxcV2luZG93c1xcU3lzdGVtMzJcXFdpbmRvd3NQb3dlclNoZWxsXFx2MS4wXFxwb3dlcnNoZWxsLmV4ZVwiICIsCiAiVXNlciI6ICJMVDI5XFxzZWd1cmlkYWQiLAogIlRhcmdldEZpbGVuYW1lIjogIiIsCiAiRGV0ZWN0aW9uTG9naWMiOiAiU3lzbW9uIElEIDEgKyBjbWQuZXhlICsgY2hhaW5pbmcvZHVhbC11c2UgcmVnZXg7IGJvdW5kZWQgTmF0aXZlIE1lc3NhZ2luZyBGUCBleGNsdXNpb24iLAogIkZhbHNlUG9zaXRpdmVSZWR1Y3Rpb24iOiAiRG9lcyBub3QgZXhjbHVkZSBjbWQuZXhlIGdsb2JhbGx5OyBvbmx5IGNocm9tZS5leGUgcGFyZW50IHBsdXMgQWRvYmUvQ2hyb21lIE5hdGl2ZSBNZXNzYWdpbmcgY29tbWFuZC1saW5lIHBhdHRlcm4iLAogIkJlbmNobWFya1NjZW5hcmlvIjogIkI1IiwKICJBcnRpZmFjdFByb2ZpbGUiOiAiUDQgTG93IEJhc2ljIHYyIiwKICJSb3V0ZXJQcm9maWxlIjogIlA0IiwKICJTb3VyY2VBcnRpZmFjdCI6ICJDdXN0b20uVEZNLkhJRFMuUDQuTG93LkJhc2ljX3YyL0NVMDAyX1NvdXJjZV9URUMwMDJfQ01EX0Jhc2ljIiwKICJSb3V0ZXJBcnRpZmFjdCI6ICJDdXN0b20uVEZNLkhJRFMuUm91dGVyLkpTT05MLkRpc2NvcmQuRmluYWxfdjNfZml4MyIKfQ==
               CurrentDirectory: C:\Users\seguridad\Desktop\TFM\Velociraptor\
               User: LT29\seguridad
               LogonGuid: {6bc49a7d-4e8b-69fb-7a91-080000000000}
               LogonId: 0x8917A
               TerminalSessionId: 1
               IntegrityLevel: High
               Hashes: MD5=DFD66604CA0898E8E26DF7B1635B6326,SHA256=D23B67799A0DA0143E395BA5DB906A22AB08FAC4BD5581E275B1E0F1B3FAC55C,IMPHASH=88CB9A420410BDA787E305B65518A934
               ParentProcessGuid: {6bc49a7d-f41d-6a26-f11e-000000009401}
               ParentProcessId: 8852
               ParentImage: C:\Users\seguridad\Desktop\TFM\Velociraptor\velociraptor-v0.75.6-windows-amd64.exe
               ParentCommandLine: "C:\Users\seguridad\Desktop\TFM\Velociraptor\velociraptor-v0.75.6-windows-amd64.exe"  --config server.config.yaml gui
               ParentUser: LT29\seguridad

TimeCreated  : 09/06/2026 20:04:11
Id           : 11
ProviderName : Microsoft-Windows-Sysmon
Message      : File created:
               RuleName: -
               UtcTime: 2026-06-09 18:04:11.815
               ProcessGuid: {6bc49a7d-559b-6a28-6e28-000000009401}
               ProcessId: 12764
               Image: C:\Windows\System32\WindowsPowerShell\v1.0\powershell.exe
               TargetFilename: C:\Users\seguridad\AppData\Local\Temp\__PSScriptPolicyTest_fcbyhy4p.zzf.ps1
               CreationUtcTime: 2026-06-09 18:04:11.815
               User: LT29\seguridad

TimeCreated  : 09/06/2026 20:04:11
Id           : 1
ProviderName : Microsoft-Windows-Sysmon
Message      : Process Create:
               RuleName: -
               UtcTime: 2026-06-09 18:04:11.737
               ProcessGuid: {6bc49a7d-559b-6a28-6e28-000000009401}
               ProcessId: 12764
               Image: C:\Windows\System32\WindowsPowerShell\v1.0\powershell.exe
               FileVersion: 10.0.19041.3393 (WinBuild.160101.0800)
               Description: Windows PowerShell
               Product: Microsoft® Windows® Operating System
               Company: Microsoft Corporation
               OriginalFileName: PowerShell.EXE
               CommandLine: powershell.exe  -NoProfile -ExecutionPolicy Bypass -File "C:\Users\seguridad\Desktop\TFM\Pruebas\TEC-009_Exfiltracion\crear_directorio_dummy.ps1" 
               CurrentDirectory: C:\Windows\system32\
               User: LT29\seguridad
               LogonGuid: {6bc49a7d-4e8b-69fb-7a91-080000000000}
               LogonId: 0x8917A
               TerminalSessionId: 1
               IntegrityLevel: High
               Hashes: MD5=DFD66604CA0898E8E26DF7B1635B6326,SHA256=D23B67799A0DA0143E395BA5DB906A22AB08FAC4BD5581E275B1E0F1B3FAC55C,IMPHASH=88CB9A420410BDA787E305B65518A934
               ParentProcessGuid: {6bc49a7d-559b-6a28-6d28-000000009401}
               ParentProcessId: 13584
               ParentImage: C:\Windows\System32\cmd.exe
               ParentCommandLine: "cmd.exe" /d /c powershell.exe -NoProfile -ExecutionPolicy Bypass -File "C:\Users\seguridad\Desktop\TFM\Pruebas\TEC-009_Exfiltracion\crear_directorio_dummy.ps1" 
               ParentUser: LT29\seguridad

TimeCreated  : 09/06/2026 20:04:11
Id           : 1
ProviderName : Microsoft-Windows-Sysmon
Message      : Process Create:
               RuleName: -
               UtcTime: 2026-06-09 18:04:11.725
               ProcessGuid: {6bc49a7d-559b-6a28-6d28-000000009401}
               ProcessId: 13584
               Image: C:\Windows\System32\cmd.exe
               FileVersion: 10.0.19041.746 (WinBuild.160101.0800)
               Description: Windows Command Processor
               Product: Microsoft® Windows® Operating System
               Company: Microsoft Corporation
               OriginalFileName: Cmd.Exe
               CommandLine: "cmd.exe" /d /c powershell.exe -NoProfile -ExecutionPolicy Bypass -File "C:\Users\seguridad\Desktop\TFM\Pruebas\TEC-009_Exfiltracion\crear_directorio_dummy.ps1" 
               CurrentDirectory: C:\Windows\system32\
               User: LT29\seguridad
               LogonGuid: {6bc49a7d-4e8b-69fb-7a91-080000000000}
               LogonId: 0x8917A
               TerminalSessionId: 1
               IntegrityLevel: High
               Hashes: MD5=8A2122E8162DBEF04694B9C3E0B6CDEE,SHA256=B99D61D874728EDC0918CA0EB10EAB93D381E7367E377406E65963366C874450,IMPHASH=272245E2988E1E430500B852C4FB5E18
               ParentProcessGuid: {6bc49a7d-4b45-6a28-b426-000000009401}
               ParentProcessId: 2600
               ParentImage: C:\Windows\System32\WindowsPowerShell\v1.0\powershell.exe
               ParentCommandLine: "C:\Windows\System32\WindowsPowerShell\v1.0\powershell.exe" 
               ParentUser: LT29\seguridad

TimeCreated  : 09/06/2026 20:04:11
Id           : 11
ProviderName : Microsoft-Windows-Sysmon
Message      : File created:
               RuleName: -
               UtcTime: 2026-06-09 18:04:11.543
               ProcessGuid: {6bc49a7d-559b-6a28-6c28-000000009401}
               ProcessId: 13512
               Image: C:\Windows\System32\WindowsPowerShell\v1.0\powershell.exe
               TargetFilename: C:\Program Files\Velociraptor\Tools\__PSScriptPolicyTest_cjildfmi.tou.ps1
               CreationUtcTime: 2026-06-09 18:04:11.543
               User: LT29\seguridad

TimeCreated  : 09/06/2026 20:04:11
Id           : 11
ProviderName : Microsoft-Windows-Sysmon
Message      : File created:
               RuleName: -
               UtcTime: 2026-06-09 18:04:11.480
               ProcessGuid: {6bc49a7d-559b-6a28-6b28-000000009401}
               ProcessId: 13364
               Image: C:\Windows\System32\WindowsPowerShell\v1.0\powershell.exe
               TargetFilename: C:\Program Files\Velociraptor\Tools\__PSScriptPolicyTest_kp4aimtm.tbn.ps1
               CreationUtcTime: 2026-06-09 18:04:11.480
               User: LT29\seguridad

TimeCreated  : 09/06/2026 20:04:11
Id           : 1
ProviderName : Microsoft-Windows-Sysmon
Message      : Process Create:
               RuleName: -
               UtcTime: 2026-06-09 18:04:11.438
               ProcessGuid: {6bc49a7d-559b-6a28-6c28-000000009401}
               ProcessId: 13512
               Image: C:\Windows\System32\WindowsPowerShell\v1.0\powershell.exe
               FileVersion: 10.0.19041.3393 (WinBuild.160101.0800)
               Description: Windows PowerShell
               Product: Microsoft® Windows® Operating System
               Company: Microsoft Corporation
               OriginalFileName: PowerShell.EXE
               CommandLine: powershell.exe -NoProfile -NonInteractive -ExecutionPolicy Bypass -Command "& { param([string]$p,[string]$b64) $json=[System.Text.Encoding]::UTF8.GetString([System.Convert]::FromBase64String($b64)); $compact=($json | ConvertFrom-Json | ConvertTo-Json -Compress -Depth 20); $d=Split-Path -Parent $p; if (!(Test-Path -LiteralPath $d)) { New-Item -ItemType Directory -Path $d -Force | Out-Null }; Add-Content -LiteralPath $p -Value $compact -Encoding UTF8 }" \\VBOXSVR\Carpeta_Compartida_TFM\inbox\alerts.jsonl ewogIlJvdXRlclRpbWUiOiAiMjAyNi0wNi0wOVQxODowNDoxMFoiLAogIkRldGVjdGlvblRpbWUiOiAxNzgxMDI4MTUwLjI4NDQzMDUsCiAiQ2xpZW50SWQiOiAiQy4zNjQ5MDcxNzI3OTNmOGM3IiwKICJIb3N0bmFtZSI6ICJMVDI5LmFpdC51cy5lcyIsCiAiQ1VfSUQiOiAiQ1UtMDAxIiwKICJJRF9UZWNuaWNhX0ludGVybmEiOiAiVEVDLTAwMSIsCiAiTUlUUkVfSUQiOiAiVDEwNTkuMDAxIiwKICJNSVRSRV9UYWN0aWMiOiAiRXhlY3V0aW9uIiwKICJNSVRSRV9UYWN0aWNfQ29udGV4dCI6ICIiLAogIlNpZ25hbFR5cGUiOiAiUHJvY2Vzc0NyZWF0aW9uIiwKICJBbGVydE5hbWUiOiAiUG93ZXJTaGVsbCBzdXNwaWNpb3VzIGV4ZWN1dGlvbiAtIGJhc2ljIHByb2ZpbGUgdjIiLAogIlNldmVyaXR5IjogIk1lZGl1bSIsCiAiUHJpb3JpdHkiOiAiUDMiLAogIkNvbmZpZGVuY2UiOiAiTWVkaXVtIiwKICJEZXRlY3Rpb25TY29wZSI6ICJIb3N0LWJhc2VkIHByb2Nlc3MgY3JlYXRpb24iLAogIk91dHB1dFR5cGUiOiAiRGV0ZWNjaW9uIC8gQWxlcnRhIFJUIHNpIHNlIGVucnV0YSIsCiAiRlBfUmlzayI6ICJNZWRpbyIsCiAiQ1VfUmVhc29uIjogInBvd2Vyc2hlbGwuZXhlL3B3c2guZXhlIHdpdGggc3VzcGljaW91cyBleGVjdXRpb24gZmxhZ3Mgb3IgY29tbWFuZCBwYXR0ZXJucyIsCiAiQ1VfRXZpZGVuY2UiOiAicG93ZXJzaGVsbC5leGUgIC1Ob1Byb2ZpbGUgLUV4ZWN1dGlvblBvbGljeSBCeXBhc3MgLUZpbGUgXCJDOlxcVXNlcnNcXHNlZ3VyaWRhZFxcRGVza3RvcFxcVEZNXFxzY3JpcHRzX2NhbmRpZGF0ZVxcZW51bWVyYWNpb25fdjIucHMxXCIgLVRhcmdldFBhdGggXCJDOlxcVXNlcnNcXHNlZ3VyaWRhZFxcRGVza3RvcFxcVEZNXFxQcnVlYmFzXFxEVU1CX0xBQlwiIC1PdXRwdXREaXIgXCJDOlxcVXNlcnNcXHNlZ3VyaWRhZFxcRGVza3RvcFxcVEZNXFxzY3JpcHRzX2NhbmRpZGF0ZVwiIiwKICJFdmVudElEIjogMSwKICJDaGFubmVsIjogIk1pY3Jvc29mdC1XaW5kb3dzLVN5c21vbi9PcGVyYXRpb25hbCIsCiAiUHJvdmlkZXIiOiAiTWljcm9zb2Z0LVdpbmRvd3MtU3lzbW9uIiwKICJJbWFnZSI6ICJDOlxcV2luZG93c1xcU3lzdGVtMzJcXFdpbmRvd3NQb3dlclNoZWxsXFx2MS4wXFxwb3dlcnNoZWxsLmV4ZSIsCiAiQ29tbWFuZExpbmUiOiAicG93ZXJzaGVsbC5leGUgIC1Ob1Byb2ZpbGUgLUV4ZWN1dGlvblBvbGljeSBCeXBhc3MgLUZpbGUgXCJDOlxcVXNlcnNcXHNlZ3VyaWRhZFxcRGVza3RvcFxcVEZNXFxzY3JpcHRzX2NhbmRpZGF0ZVxcZW51bWVyYWNpb25fdjIucHMxXCIgLVRhcmdldFBhdGggXCJDOlxcVXNlcnNcXHNlZ3VyaWRhZFxcRGVza3RvcFxcVEZNXFxQcnVlYmFzXFxEVU1CX0xBQlwiIC1PdXRwdXREaXIgXCJDOlxcVXNlcnNcXHNlZ3VyaWRhZFxcRGVza3RvcFxcVEZNXFxzY3JpcHRzX2NhbmRpZGF0ZVwiIiwKICJQYXJlbnRJbWFnZSI6ICJDOlxcV2luZG93c1xcU3lzdGVtMzJcXGNtZC5leGUiLAogIlBhcmVudENvbW1hbmRMaW5lIjogIlwiY21kLmV4ZVwiIC9kIC9jIHBvd2Vyc2hlbGwuZXhlIC1Ob1Byb2ZpbGUgLUV4ZWN1dGlvblBvbGljeSBCeXBhc3MgLUZpbGUgXCJDOlxcVXNlcnNcXHNlZ3VyaWRhZFxcRGVza3RvcFxcVEZNXFxzY3JpcHRzX2NhbmRpZGF0ZVxcZW51bWVyYWNpb25fdjIucHMxXCIgLVRhcmdldFBhdGggXCJDOlxcVXNlcnNcXHNlZ3VyaWRhZFxcRGVza3RvcFxcVEZNXFxQcnVlYmFzXFxEVU1CX0xBQlwiIC1PdXRwdXREaXIgXCJDOlxcVXNlcnNcXHNlZ3VyaWRhZFxcRGVza3RvcFxcVEZNXFxzY3JpcHRzX2NhbmRpZGF0ZVwiIiwKICJVc2VyIjogIkxUMjlcXHNlZ3VyaWRhZCIsCiAiVGFyZ2V0RmlsZW5hbWUiOiAiIiwKICJEZXRlY3Rpb25Mb2dpYyI6ICJTeXNtb24gSUQgMSArIFBvd2VyU2hlbGwgaW1hZ2UgKyBzdXNwaWNpb3VzIGZsYWdzOyBleGNsdWRlcyByb3V0ZXIgSlNPTkwgc2VsZi1ldmVudHMiLAogIkZhbHNlUG9zaXRpdmVSZWR1Y3Rpb24iOiAiUm91dGVyIEpTT05MIHNlbGYtZXZlbnRzIGV4Y2x1ZGVkIGJ5IEFkZC1Db250ZW50L0Zyb21CYXNlNjRTdHJpbmcvYWxlcnRzLmpzb25sIHBhdHRlcm47IFBvd2VyU2hlbGwgQnlwYXNzIHJlbWFpbnMgdmlzaWJsZSBvdGhlcndpc2UiLAogIkJlbmNobWFya1NjZW5hcmlvIjogIkI1IiwKICJBcnRpZmFjdFByb2ZpbGUiOiAiUDQgTG93IEJhc2ljIHYyIiwKICJSb3V0ZXJQcm9maWxlIjogIlA0IiwKICJTb3VyY2VBcnRpZmFjdCI6ICJDdXN0b20uVEZNLkhJRFMuUDQuTG93LkJhc2ljX3YyL0NVMDAxX1NvdXJjZV9URUMwMDFfUG93ZXJTaGVsbF9CYXNpYyIsCiAiUm91dGVyQXJ0aWZhY3QiOiAiQ3VzdG9tLlRGTS5ISURTLlJvdXRlci5KU09OTC5EaXNjb3JkLkZpbmFsX3YzX2ZpeDMiCn0=
               CurrentDirectory: C:\Users\seguridad\Desktop\TFM\Velociraptor\
               User: LT29\seguridad
               LogonGuid: {6bc49a7d-4e8b-69fb-7a91-080000000000}
               LogonId: 0x8917A
               TerminalSessionId: 1
               IntegrityLevel: High
               Hashes: MD5=DFD66604CA0898E8E26DF7B1635B6326,SHA256=D23B67799A0DA0143E395BA5DB906A22AB08FAC4BD5581E275B1E0F1B3FAC55C,IMPHASH=88CB9A420410BDA787E305B65518A934
               ParentProcessGuid: {6bc49a7d-f41d-6a26-f11e-000000009401}
               ParentProcessId: 8852
               ParentImage: C:\Users\seguridad\Desktop\TFM\Velociraptor\velociraptor-v0.75.6-windows-amd64.exe
               ParentCommandLine: "C:\Users\seguridad\Desktop\TFM\Velociraptor\velociraptor-v0.75.6-windows-amd64.exe"  --config server.config.yaml gui
               ParentUser: LT29\seguridad

TimeCreated  : 09/06/2026 20:04:11
Id           : 1
ProviderName : Microsoft-Windows-Sysmon
Message      : Process Create:
               RuleName: -
               UtcTime: 2026-06-09 18:04:11.349
               ProcessGuid: {6bc49a7d-559b-6a28-6b28-000000009401}
               ProcessId: 13364
               Image: C:\Windows\System32\WindowsPowerShell\v1.0\powershell.exe
               FileVersion: 10.0.19041.3393 (WinBuild.160101.0800)
               Description: Windows PowerShell
               Product: Microsoft® Windows® Operating System
               Company: Microsoft Corporation
               OriginalFileName: PowerShell.EXE
               CommandLine: powershell.exe -NoProfile -NonInteractive -ExecutionPolicy Bypass -Command "& { param([string]$p,[string]$b64) $json=[System.Text.Encoding]::UTF8.GetString([System.Convert]::FromBase64String($b64)); $compact=($json | ConvertFrom-Json | ConvertTo-Json -Compress -Depth 20); $d=Split-Path -Parent $p; if (!(Test-Path -LiteralPath $d)) { New-Item -ItemType Directory -Path $d -Force | Out-Null }; Add-Content -LiteralPath $p -Value $compact -Encoding UTF8 }" \\VBOXSVR\Carpeta_Compartida_TFM\inbox\alerts.jsonl ewogIlJvdXRlclRpbWUiOiAiMjAyNi0wNi0wOVQxODowNDoxMFoiLAogIkRldGVjdGlvblRpbWUiOiAxNzgxMDI4MTE4LjEyMDU0ODcsCiAiQ2xpZW50SWQiOiAiQy4zNjQ5MDcxNzI3OTNmOGM3IiwKICJIb3N0bmFtZSI6ICJMVDI5LmFpdC51cy5lcyIsCiAiQ1VfSUQiOiAiQ1UtMDAyIiwKICJJRF9UZWNuaWNhX0ludGVybmEiOiAiVEVDLTAwMiIsCiAiTUlUUkVfSUQiOiAiVDEwNTkuMDAzIiwKICJNSVRSRV9UYWN0aWMiOiAiRXhlY3V0aW9uIiwKICJNSVRSRV9UYWN0aWNfQ29udGV4dCI6ICIiLAogIlNpZ25hbFR5cGUiOiAiUHJvY2Vzc0NyZWF0aW9uIiwKICJBbGVydE5hbWUiOiAiV2luZG93cyBDb21tYW5kIFNoZWxsIHN1c3BpY2lvdXMgZXhlY3V0aW9uIC0gYmFzaWMgcHJvZmlsZSB2MiIsCiAiU2V2ZXJpdHkiOiAiTWVkaXVtIiwKICJQcmlvcml0eSI6ICJQMyIsCiAiQ29uZmlkZW5jZSI6ICJNZWRpdW0iLAogIkRldGVjdGlvblNjb3BlIjogIkhvc3QtYmFzZWQgcHJvY2VzcyBjcmVhdGlvbiIsCiAiT3V0cHV0VHlwZSI6ICJEZXRlY2Npb24gLyBBbGVydGEgUlQgc2kgc2UgZW5ydXRhIiwKICJGUF9SaXNrIjogIk1lZGlvIiwKICJDVV9SZWFzb24iOiAiY21kLmV4ZSB3aXRoIGNoYWluaW5nLCBQb3dlclNoZWxsIG9yIGFkbWluaXN0cmF0aXZlIHRvb2wgdXNhZ2UiLAogIkNVX0V2aWRlbmNlIjogIkM6XFxXaW5kb3dzXFxTeXN0ZW0zMlxcY21kLmV4ZSAvYyBlY2hvIFRFQzAwNV9PSyBeXHUwMDNlIEM6XFxVc2Vyc1xcUHVibGljXFx0ZWMwMDVfb2sudHh0IiwKICJFdmVudElEIjogMSwKICJDaGFubmVsIjogIk1pY3Jvc29mdC1XaW5kb3dzLVN5c21vbi9PcGVyYXRpb25hbCIsCiAiUHJvdmlkZXIiOiAiTWljcm9zb2Z0LVdpbmRvd3MtU3lzbW9uIiwKICJJbWFnZSI6ICJDOlxcV2luZG93c1xcU3lzdGVtMzJcXGNtZC5leGUiLAogIkNvbW1hbmRMaW5lIjogIkM6XFxXaW5kb3dzXFxTeXN0ZW0zMlxcY21kLmV4ZSAvYyBlY2hvIFRFQzAwNV9PSyBeXHUwMDNlIEM6XFxVc2Vyc1xcUHVibGljXFx0ZWMwMDVfb2sudHh0IiwKICJQYXJlbnRJbWFnZSI6ICJDOlxcV2luZG93c1xcU3lzdGVtMzJcXHNlcnZpY2VzLmV4ZSIsCiAiUGFyZW50Q29tbWFuZExpbmUiOiAiQzpcXFdpbmRvd3NcXHN5c3RlbTMyXFxzZXJ2aWNlcy5leGUiLAogIlVzZXIiOiAiTlQgQVVUSE9SSVRZXFxTWVNURU0iLAogIlRhcmdldEZpbGVuYW1lIjogIiIsCiAiRGV0ZWN0aW9uTG9naWMiOiAiU3lzbW9uIElEIDEgKyBjbWQuZXhlICsgY2hhaW5pbmcvZHVhbC11c2UgcmVnZXg7IGJvdW5kZWQgTmF0aXZlIE1lc3NhZ2luZyBGUCBleGNsdXNpb24iLAogIkZhbHNlUG9zaXRpdmVSZWR1Y3Rpb24iOiAiRG9lcyBub3QgZXhjbHVkZSBjbWQuZXhlIGdsb2JhbGx5OyBvbmx5IGNocm9tZS5leGUgcGFyZW50IHBsdXMgQWRvYmUvQ2hyb21lIE5hdGl2ZSBNZXNzYWdpbmcgY29tbWFuZC1saW5lIHBhdHRlcm4iLAogIkJlbmNobWFya1NjZW5hcmlvIjogIkI1IiwKICJBcnRpZmFjdFByb2ZpbGUiOiAiUDQgTG93IEJhc2ljIHYyIiwKICJSb3V0ZXJQcm9maWxlIjogIlA0IiwKICJTb3VyY2VBcnRpZmFjdCI6ICJDdXN0b20uVEZNLkhJRFMuUDQuTG93LkJhc2ljX3YyL0NVMDAyX1NvdXJjZV9URUMwMDJfQ01EX0Jhc2ljIiwKICJSb3V0ZXJBcnRpZmFjdCI6ICJDdXN0b20uVEZNLkhJRFMuUm91dGVyLkpTT05MLkRpc2NvcmQuRmluYWxfdjNfZml4MyIKfQ==
               CurrentDirectory: C:\Users\seguridad\Desktop\TFM\Velociraptor\
               User: LT29\seguridad
               LogonGuid: {6bc49a7d-4e8b-69fb-7a91-080000000000}
               LogonId: 0x8917A
               TerminalSessionId: 1
               IntegrityLevel: High
               Hashes: MD5=DFD66604CA0898E8E26DF7B1635B6326,SHA256=D23B67799A0DA0143E395BA5DB906A22AB08FAC4BD5581E275B1E0F1B3FAC55C,IMPHASH=88CB9A420410BDA787E305B65518A934
               ParentProcessGuid: {6bc49a7d-f41d-6a26-f11e-000000009401}
               ParentProcessId: 8852
               ParentImage: C:\Users\seguridad\Desktop\TFM\Velociraptor\velociraptor-v0.75.6-windows-amd64.exe
               ParentCommandLine: "C:\Users\seguridad\Desktop\TFM\Velociraptor\velociraptor-v0.75.6-windows-amd64.exe"  --config server.config.yaml gui
               ParentUser: LT29\seguridad

TimeCreated  : 09/06/2026 20:04:11
Id           : 11
ProviderName : Microsoft-Windows-Sysmon
Message      : File created:
               RuleName: -
               UtcTime: 2026-06-09 18:04:11.006
               ProcessGuid: {6bc49a7d-559a-6a28-6a28-000000009401}
               ProcessId: 15280
               Image: C:\Windows\System32\WindowsPowerShell\v1.0\powershell.exe
               TargetFilename: C:\Program Files\Velociraptor\Tools\__PSScriptPolicyTest_oss2t1ks.en4.ps1
               CreationUtcTime: 2026-06-09 18:04:11.006
               User: LT29\seguridad

TimeCreated  : 09/06/2026 20:04:10
Id           : 11
ProviderName : Microsoft-Windows-Sysmon
Message      : File created:
               RuleName: -
               UtcTime: 2026-06-09 18:04:10.897
               ProcessGuid: {6bc49a7d-559a-6a28-6928-000000009401}
               ProcessId: 8784
               Image: C:\Windows\System32\WindowsPowerShell\v1.0\powershell.exe
               TargetFilename: C:\Program Files\Velociraptor\Tools\__PSScriptPolicyTest_3guojiq3.205.ps1
               CreationUtcTime: 2026-06-09 18:04:10.897
               User: LT29\seguridad

TimeCreated  : 09/06/2026 20:04:10
Id           : 1
ProviderName : Microsoft-Windows-Sysmon
Message      : Process Create:
               RuleName: -
               UtcTime: 2026-06-09 18:04:10.875
               ProcessGuid: {6bc49a7d-559a-6a28-6a28-000000009401}
               ProcessId: 15280
               Image: C:\Windows\System32\WindowsPowerShell\v1.0\powershell.exe
               FileVersion: 10.0.19041.3393 (WinBuild.160101.0800)
               Description: Windows PowerShell
               Product: Microsoft® Windows® Operating System
               Company: Microsoft Corporation
               OriginalFileName: PowerShell.EXE
               CommandLine: powershell.exe -NoProfile -NonInteractive -ExecutionPolicy Bypass -Command "& { param([string]$p,[string]$b64) $json=[System.Text.Encoding]::UTF8.GetString([System.Convert]::FromBase64String($b64)); $compact=($json | ConvertFrom-Json | ConvertTo-Json -Compress -Depth 20); $d=Split-Path -Parent $p; if (!(Test-Path -LiteralPath $d)) { New-Item -ItemType Directory -Path $d -Force | Out-Null }; Add-Content -LiteralPath $p -Value $compact -Encoding UTF8 }" \\VBOXSVR\Carpeta_Compartida_TFM\inbox\alerts.jsonl ewogIlJvdXRlclRpbWUiOiAiMjAyNi0wNi0wOVQxODowNDoxMFoiLAogIkRldGVjdGlvblRpbWUiOiAxNzgxMDI4MTQyLjk5MDQ4OTUsCiAiQ2xpZW50SWQiOiAiQy4zNjQ5MDcxNzI3OTNmOGM3IiwKICJIb3N0bmFtZSI6ICJMVDI5LmFpdC51cy5lcyIsCiAiQ1VfSUQiOiAiQ1UtMDAxIiwKICJJRF9UZWNuaWNhX0ludGVybmEiOiAiVEVDLTAwMSIsCiAiTUlUUkVfSUQiOiAiVDEwNTkuMDAxIiwKICJNSVRSRV9UYWN0aWMiOiAiRXhlY3V0aW9uIiwKICJNSVRSRV9UYWN0aWNfQ29udGV4dCI6ICIiLAogIlNpZ25hbFR5cGUiOiAiUHJvY2Vzc0NyZWF0aW9uIiwKICJBbGVydE5hbWUiOiAiUG93ZXJTaGVsbCBzdXNwaWNpb3VzIGV4ZWN1dGlvbiAtIGJhc2ljIHByb2ZpbGUgdjIiLAogIlNldmVyaXR5IjogIk1lZGl1bSIsCiAiUHJpb3JpdHkiOiAiUDMiLAogIkNvbmZpZGVuY2UiOiAiTWVkaXVtIiwKICJEZXRlY3Rpb25TY29wZSI6ICJIb3N0LWJhc2VkIHByb2Nlc3MgY3JlYXRpb24iLAogIk91dHB1dFR5cGUiOiAiRGV0ZWNjaW9uIC8gQWxlcnRhIFJUIHNpIHNlIGVucnV0YSIsCiAiRlBfUmlzayI6ICJNZWRpbyIsCiAiQ1VfUmVhc29uIjogInBvd2Vyc2hlbGwuZXhlL3B3c2guZXhlIHdpdGggc3VzcGljaW91cyBleGVjdXRpb24gZmxhZ3Mgb3IgY29tbWFuZCBwYXR0ZXJucyIsCiAiQ1VfRXZpZGVuY2UiOiAicG93ZXJzaGVsbC5leGUgIC1Ob1Byb2ZpbGUgLUV4ZWN1dGlvblBvbGljeSBCeXBhc3MgLUZpbGUgXCJDOlxcVXNlcnNcXHNlZ3VyaWRhZFxcRGVza3RvcFxcVEZNXFxQcnVlYmFzXFxURUMtMDA3X1JhbnNvbXdhcmVcXGNyZWFyX2RpcmVjdG9yaW9fZHVtbXkucHMxXCIgIiwKICJFdmVudElEIjogMSwKICJDaGFubmVsIjogIk1pY3Jvc29mdC1XaW5kb3dzLVN5c21vbi9PcGVyYXRpb25hbCIsCiAiUHJvdmlkZXIiOiAiTWljcm9zb2Z0LVdpbmRvd3MtU3lzbW9uIiwKICJJbWFnZSI6ICJDOlxcV2luZG93c1xcU3lzdGVtMzJcXFdpbmRvd3NQb3dlclNoZWxsXFx2MS4wXFxwb3dlcnNoZWxsLmV4ZSIsCiAiQ29tbWFuZExpbmUiOiAicG93ZXJzaGVsbC5leGUgIC1Ob1Byb2ZpbGUgLUV4ZWN1dGlvblBvbGljeSBCeXBhc3MgLUZpbGUgXCJDOlxcVXNlcnNcXHNlZ3VyaWRhZFxcRGVza3RvcFxcVEZNXFxQcnVlYmFzXFxURUMtMDA3X1JhbnNvbXdhcmVcXGNyZWFyX2RpcmVjdG9yaW9fZHVtbXkucHMxXCIgIiwKICJQYXJlbnRJbWFnZSI6ICJDOlxcV2luZG93c1xcU3lzdGVtMzJcXGNtZC5leGUiLAogIlBhcmVudENvbW1hbmRMaW5lIjogIlwiY21kLmV4ZVwiIC9kIC9jIHBvd2Vyc2hlbGwuZXhlIC1Ob1Byb2ZpbGUgLUV4ZWN1dGlvblBvbGljeSBCeXBhc3MgLUZpbGUgXCJDOlxcVXNlcnNcXHNlZ3VyaWRhZFxcRGVza3RvcFxcVEZNXFxQcnVlYmFzXFxURUMtMDA3X1JhbnNvbXdhcmVcXGNyZWFyX2RpcmVjdG9yaW9fZHVtbXkucHMxXCIgIiwKICJVc2VyIjogIkxUMjlcXHNlZ3VyaWRhZCIsCiAiVGFyZ2V0RmlsZW5hbWUiOiAiIiwKICJEZXRlY3Rpb25Mb2dpYyI6ICJTeXNtb24gSUQgMSArIFBvd2VyU2hlbGwgaW1hZ2UgKyBzdXNwaWNpb3VzIGZsYWdzOyBleGNsdWRlcyByb3V0ZXIgSlNPTkwgc2VsZi1ldmVudHMiLAogIkZhbHNlUG9zaXRpdmVSZWR1Y3Rpb24iOiAiUm91dGVyIEpTT05MIHNlbGYtZXZlbnRzIGV4Y2x1ZGVkIGJ5IEFkZC1Db250ZW50L0Zyb21CYXNlNjRTdHJpbmcvYWxlcnRzLmpzb25sIHBhdHRlcm47IFBvd2VyU2hlbGwgQnlwYXNzIHJlbWFpbnMgdmlzaWJsZSBvdGhlcndpc2UiLAogIkJlbmNobWFya1NjZW5hcmlvIjogIkI1IiwKICJBcnRpZmFjdFByb2ZpbGUiOiAiUDQgTG93IEJhc2ljIHYyIiwKICJSb3V0ZXJQcm9maWxlIjogIlA0IiwKICJTb3VyY2VBcnRpZmFjdCI6ICJDdXN0b20uVEZNLkhJRFMuUDQuTG93LkJhc2ljX3YyL0NVMDAxX1NvdXJjZV9URUMwMDFfUG93ZXJTaGVsbF9CYXNpYyIsCiAiUm91dGVyQXJ0aWZhY3QiOiAiQ3VzdG9tLlRGTS5ISURTLlJvdXRlci5KU09OTC5EaXNjb3JkLkZpbmFsX3YzX2ZpeDMiCn0=
               CurrentDirectory: C:\Users\seguridad\Desktop\TFM\Velociraptor\
               User: LT29\seguridad
               LogonGuid: {6bc49a7d-4e8b-69fb-7a91-080000000000}
               LogonId: 0x8917A
               TerminalSessionId: 1
               IntegrityLevel: High
               Hashes: MD5=DFD66604CA0898E8E26DF7B1635B6326,SHA256=D23B67799A0DA0143E395BA5DB906A22AB08FAC4BD5581E275B1E0F1B3FAC55C,IMPHASH=88CB9A420410BDA787E305B65518A934
               ParentProcessGuid: {6bc49a7d-f41d-6a26-f11e-000000009401}
               ParentProcessId: 8852
               ParentImage: C:\Users\seguridad\Desktop\TFM\Velociraptor\velociraptor-v0.75.6-windows-amd64.exe
               ParentCommandLine: "C:\Users\seguridad\Desktop\TFM\Velociraptor\velociraptor-v0.75.6-windows-amd64.exe"  --config server.config.yaml gui
               ParentUser: LT29\seguridad

TimeCreated  : 09/06/2026 20:04:10
Id           : 1
ProviderName : Microsoft-Windows-Sysmon
Message      : Process Create:
               RuleName: -
               UtcTime: 2026-06-09 18:04:10.814
               ProcessGuid: {6bc49a7d-559a-6a28-6928-000000009401}
               ProcessId: 8784
               Image: C:\Windows\System32\WindowsPowerShell\v1.0\powershell.exe
               FileVersion: 10.0.19041.3393 (WinBuild.160101.0800)
               Description: Windows PowerShell
               Product: Microsoft® Windows® Operating System
               Company: Microsoft Corporation
               OriginalFileName: PowerShell.EXE
               CommandLine: powershell.exe -NoProfile -NonInteractive -ExecutionPolicy Bypass -Command "& { param([string]$p,[string]$b64) $json=[System.Text.Encoding]::UTF8.GetString([System.Convert]::FromBase64String($b64)); $compact=($json | ConvertFrom-Json | ConvertTo-Json -Compress -Depth 20); $d=Split-Path -Parent $p; if (!(Test-Path -LiteralPath $d)) { New-Item -ItemType Directory -Path $d -Force | Out-Null }; Add-Content -LiteralPath $p -Value $compact -Encoding UTF8 }" \\VBOXSVR\Carpeta_Compartida_TFM\inbox\alerts.jsonl ewogIlJvdXRlclRpbWUiOiAiMjAyNi0wNi0wOVQxODowNDoxMFoiLAogIkRldGVjdGlvblRpbWUiOiAxNzgxMDI4MTE4LjA3NTg0NDgsCiAiQ2xpZW50SWQiOiAiQy4zNjQ5MDcxNzI3OTNmOGM3IiwKICJIb3N0bmFtZSI6ICJMVDI5LmFpdC51cy5lcyIsCiAiQ1VfSUQiOiAiQ1UtMDAyIiwKICJJRF9UZWNuaWNhX0ludGVybmEiOiAiVEVDLTAwMiIsCiAiTUlUUkVfSUQiOiAiVDEwNTkuMDAzIiwKICJNSVRSRV9UYWN0aWMiOiAiRXhlY3V0aW9uIiwKICJNSVRSRV9UYWN0aWNfQ29udGV4dCI6ICIiLAogIlNpZ25hbFR5cGUiOiAiUHJvY2Vzc0NyZWF0aW9uIiwKICJBbGVydE5hbWUiOiAiV2luZG93cyBDb21tYW5kIFNoZWxsIHN1c3BpY2lvdXMgZXhlY3V0aW9uIC0gYmFzaWMgcHJvZmlsZSB2MiIsCiAiU2V2ZXJpdHkiOiAiTWVkaXVtIiwKICJQcmlvcml0eSI6ICJQMyIsCiAiQ29uZmlkZW5jZSI6ICJNZWRpdW0iLAogIkRldGVjdGlvblNjb3BlIjogIkhvc3QtYmFzZWQgcHJvY2VzcyBjcmVhdGlvbiIsCiAiT3V0cHV0VHlwZSI6ICJEZXRlY2Npb24gLyBBbGVydGEgUlQgc2kgc2UgZW5ydXRhIiwKICJGUF9SaXNrIjogIk1lZGlvIiwKICJDVV9SZWFzb24iOiAiY21kLmV4ZSB3aXRoIGNoYWluaW5nLCBQb3dlclNoZWxsIG9yIGFkbWluaXN0cmF0aXZlIHRvb2wgdXNhZ2UiLAogIkNVX0V2aWRlbmNlIjogIlwiY21kLmV4ZVwiIC9kIC9jIHNjLmV4ZSBzdGFydCBcIlRGTSBURUMwMDUgVGVzdCBTZXJ2aWNlXCIiLAogIkV2ZW50SUQiOiAxLAogIkNoYW5uZWwiOiAiTWljcm9zb2Z0LVdpbmRvd3MtU3lzbW9uL09wZXJhdGlvbmFsIiwKICJQcm92aWRlciI6ICJNaWNyb3NvZnQtV2luZG93cy1TeXNtb24iLAogIkltYWdlIjogIkM6XFxXaW5kb3dzXFxTeXN0ZW0zMlxcY21kLmV4ZSIsCiAiQ29tbWFuZExpbmUiOiAiXCJjbWQuZXhlXCIgL2QgL2Mgc2MuZXhlIHN0YXJ0IFwiVEZNIFRFQzAwNSBUZXN0IFNlcnZpY2VcIiIsCiAiUGFyZW50SW1hZ2UiOiAiQzpcXFdpbmRvd3NcXFN5c3RlbTMyXFxXaW5kb3dzUG93ZXJTaGVsbFxcdjEuMFxccG93ZXJzaGVsbC5leGUiLAogIlBhcmVudENvbW1hbmRMaW5lIjogIlwiQzpcXFdpbmRvd3NcXFN5c3RlbTMyXFxXaW5kb3dzUG93ZXJTaGVsbFxcdjEuMFxccG93ZXJzaGVsbC5leGVcIiAiLAogIlVzZXIiOiAiTFQyOVxcc2VndXJpZGFkIiwKICJUYXJnZXRGaWxlbmFtZSI6ICIiLAogIkRldGVjdGlvbkxvZ2ljIjogIlN5c21vbiBJRCAxICsgY21kLmV4ZSArIGNoYWluaW5nL2R1YWwtdXNlIHJlZ2V4OyBib3VuZGVkIE5hdGl2ZSBNZXNzYWdpbmcgRlAgZXhjbHVzaW9uIiwKICJGYWxzZVBvc2l0aXZlUmVkdWN0aW9uIjogIkRvZXMgbm90IGV4Y2x1ZGUgY21kLmV4ZSBnbG9iYWxseTsgb25seSBjaHJvbWUuZXhlIHBhcmVudCBwbHVzIEFkb2JlL0Nocm9tZSBOYXRpdmUgTWVzc2FnaW5nIGNvbW1hbmQtbGluZSBwYXR0ZXJuIiwKICJCZW5jaG1hcmtTY2VuYXJpbyI6ICJCNSIsCiAiQXJ0aWZhY3RQcm9maWxlIjogIlA0IExvdyBCYXNpYyB2MiIsCiAiUm91dGVyUHJvZmlsZSI6ICJQNCIsCiAiU291cmNlQXJ0aWZhY3QiOiAiQ3VzdG9tLlRGTS5ISURTLlA0Lkxvdy5CYXNpY192Mi9DVTAwMl9Tb3VyY2VfVEVDMDAyX0NNRF9CYXNpYyIsCiAiUm91dGVyQXJ0aWZhY3QiOiAiQ3VzdG9tLlRGTS5ISURTLlJvdXRlci5KU09OTC5EaXNjb3JkLkZpbmFsX3YzX2ZpeDMiCn0=
               CurrentDirectory: C:\Users\seguridad\Desktop\TFM\Velociraptor\
               User: LT29\seguridad
               LogonGuid: {6bc49a7d-4e8b-69fb-7a91-080000000000}
               LogonId: 0x8917A
               TerminalSessionId: 1
               IntegrityLevel: High
               Hashes: MD5=DFD66604CA0898E8E26DF7B1635B6326,SHA256=D23B67799A0DA0143E395BA5DB906A22AB08FAC4BD5581E275B1E0F1B3FAC55C,IMPHASH=88CB9A420410BDA787E305B65518A934
               ParentProcessGuid: {6bc49a7d-f41d-6a26-f11e-000000009401}
               ParentProcessId: 8852
               ParentImage: C:\Users\seguridad\Desktop\TFM\Velociraptor\velociraptor-v0.75.6-windows-amd64.exe
               ParentCommandLine: "C:\Users\seguridad\Desktop\TFM\Velociraptor\velociraptor-v0.75.6-windows-amd64.exe"  --config server.config.yaml gui
               ParentUser: LT29\seguridad

TimeCreated  : 09/06/2026 20:04:10
Id           : 11
ProviderName : Microsoft-Windows-Sysmon
Message      : File created:
               RuleName: -
               UtcTime: 2026-06-09 18:04:10.359
               ProcessGuid: {6bc49a7d-559a-6a28-6728-000000009401}
               ProcessId: 2192
               Image: C:\Windows\System32\WindowsPowerShell\v1.0\powershell.exe
               TargetFilename: C:\Program Files\Velociraptor\Tools\__PSScriptPolicyTest_rs0f0jwt.1fi.ps1
               CreationUtcTime: 2026-06-09 18:04:10.359
               User: LT29\seguridad

TimeCreated  : 09/06/2026 20:04:10
Id           : 11
ProviderName : Microsoft-Windows-Sysmon
Message      : File created:
               RuleName: -
               UtcTime: 2026-06-09 18:04:10.359
               ProcessGuid: {6bc49a7d-559a-6a28-6828-000000009401}
               ProcessId: 5972
               Image: C:\Windows\System32\WindowsPowerShell\v1.0\powershell.exe
               TargetFilename: C:\Program Files\Velociraptor\Tools\__PSScriptPolicyTest_vltk3iqc.c3j.ps1
               CreationUtcTime: 2026-06-09 18:04:10.359
               User: LT29\seguridad

TimeCreated  : 09/06/2026 20:04:10
Id           : 1
ProviderName : Microsoft-Windows-Sysmon
Message      : Process Create:
               RuleName: -
               UtcTime: 2026-06-09 18:04:10.048
               ProcessGuid: {6bc49a7d-559a-6a28-6728-000000009401}
               ProcessId: 2192
               Image: C:\Windows\System32\WindowsPowerShell\v1.0\powershell.exe
               FileVersion: 10.0.19041.3393 (WinBuild.160101.0800)
               Description: Windows PowerShell
               Product: Microsoft® Windows® Operating System
               Company: Microsoft Corporation
               OriginalFileName: PowerShell.EXE
               CommandLine: powershell.exe -NoProfile -NonInteractive -ExecutionPolicy Bypass -Command "& { param([string]$p,[string]$b64) $json=[System.Text.Encoding]::UTF8.GetString([System.Convert]::FromBase64String($b64)); $compact=($json | ConvertFrom-Json | ConvertTo-Json -Compress -Depth 20); $d=Split-Path -Parent $p; if (!(Test-Path -LiteralPath $d)) { New-Item -ItemType Directory -Path $d -Force | Out-Null }; Add-Content -LiteralPath $p -Value $compact -Encoding UTF8 }" \\VBOXSVR\Carpeta_Compartida_TFM\inbox\alerts.jsonl ewogIlJvdXRlclRpbWUiOiAiMjAyNi0wNi0wOVQxODowNDoxMFoiLAogIkRldGVjdGlvblRpbWUiOiAxNzgxMDI4MTE1Ljk1MTk2LAogIkNsaWVudElkIjogIkMuMzY0OTA3MTcyNzkzZjhjNyIsCiAiSG9zdG5hbWUiOiAiTFQyOS5haXQudXMuZXMiLAogIkNVX0lEIjogIkNVLTAwMiIsCiAiSURfVGVjbmljYV9JbnRlcm5hIjogIlRFQy0wMDIiLAogIk1JVFJFX0lEIjogIlQxMDU5LjAwMyIsCiAiTUlUUkVfVGFjdGljIjogIkV4ZWN1dGlvbiIsCiAiTUlUUkVfVGFjdGljX0NvbnRleHQiOiAiIiwKICJTaWduYWxUeXBlIjogIlByb2Nlc3NDcmVhdGlvbiIsCiAiQWxlcnROYW1lIjogIldpbmRvd3MgQ29tbWFuZCBTaGVsbCBzdXNwaWNpb3VzIGV4ZWN1dGlvbiAtIGJhc2ljIHByb2ZpbGUgdjIiLAogIlNldmVyaXR5IjogIk1lZGl1bSIsCiAiUHJpb3JpdHkiOiAiUDMiLAogIkNvbmZpZGVuY2UiOiAiTWVkaXVtIiwKICJEZXRlY3Rpb25TY29wZSI6ICJIb3N0LWJhc2VkIHByb2Nlc3MgY3JlYXRpb24iLAogIk91dHB1dFR5cGUiOiAiRGV0ZWNjaW9uIC8gQWxlcnRhIFJUIHNpIHNlIGVucnV0YSIsCiAiRlBfUmlzayI6ICJNZWRpbyIsCiAiQ1VfUmVhc29uIjogImNtZC5leGUgd2l0aCBjaGFpbmluZywgUG93ZXJTaGVsbCBvciBhZG1pbmlzdHJhdGl2ZSB0b29sIHVzYWdlIiwKICJDVV9FdmlkZW5jZSI6ICJcImNtZC5leGVcIiAvZCAvYyBzYy5leGUgY3JlYXRlIFwiVEZNIFRFQzAwNSBUZXN0IFNlcnZpY2VcIiBiaW5QYXRoPSBcIkM6XFxXaW5kb3dzXFxTeXN0ZW0zMlxcY21kLmV4ZSAvYyBlY2hvIFRFQzAwNV9PSyBeXHUwMDNlIEM6XFxVc2Vyc1xcUHVibGljXFx0ZWMwMDVfb2sudHh0XCIgc3RhcnQ9IGRlbWFuZCIsCiAiRXZlbnRJRCI6IDEsCiAiQ2hhbm5lbCI6ICJNaWNyb3NvZnQtV2luZG93cy1TeXNtb24vT3BlcmF0aW9uYWwiLAogIlByb3ZpZGVyIjogIk1pY3Jvc29mdC1XaW5kb3dzLVN5c21vbiIsCiAiSW1hZ2UiOiAiQzpcXFdpbmRvd3NcXFN5c3RlbTMyXFxjbWQuZXhlIiwKICJDb21tYW5kTGluZSI6ICJcImNtZC5leGVcIiAvZCAvYyBzYy5leGUgY3JlYXRlIFwiVEZNIFRFQzAwNSBUZXN0IFNlcnZpY2VcIiBiaW5QYXRoPSBcIkM6XFxXaW5kb3dzXFxTeXN0ZW0zMlxcY21kLmV4ZSAvYyBlY2hvIFRFQzAwNV9PSyBeXHUwMDNlIEM6XFxVc2Vyc1xcUHVibGljXFx0ZWMwMDVfb2sudHh0XCIgc3RhcnQ9IGRlbWFuZCIsCiAiUGFyZW50SW1hZ2UiOiAiQzpcXFdpbmRvd3NcXFN5c3RlbTMyXFxXaW5kb3dzUG93ZXJTaGVsbFxcdjEuMFxccG93ZXJzaGVsbC5leGUiLAogIlBhcmVudENvbW1hbmRMaW5lIjogIlwiQzpcXFdpbmRvd3NcXFN5c3RlbTMyXFxXaW5kb3dzUG93ZXJTaGVsbFxcdjEuMFxccG93ZXJzaGVsbC5leGVcIiAiLAogIlVzZXIiOiAiTFQyOVxcc2VndXJpZGFkIiwKICJUYXJnZXRGaWxlbmFtZSI6ICIiLAogIkRldGVjdGlvbkxvZ2ljIjogIlN5c21vbiBJRCAxICsgY21kLmV4ZSArIGNoYWluaW5nL2R1YWwtdXNlIHJlZ2V4OyBib3VuZGVkIE5hdGl2ZSBNZXNzYWdpbmcgRlAgZXhjbHVzaW9uIiwKICJGYWxzZVBvc2l0aXZlUmVkdWN0aW9uIjogIkRvZXMgbm90IGV4Y2x1ZGUgY21kLmV4ZSBnbG9iYWxseTsgb25seSBjaHJvbWUuZXhlIHBhcmVudCBwbHVzIEFkb2JlL0Nocm9tZSBOYXRpdmUgTWVzc2FnaW5nIGNvbW1hbmQtbGluZSBwYXR0ZXJuIiwKICJCZW5jaG1hcmtTY2VuYXJpbyI6ICJCNSIsCiAiQXJ0aWZhY3RQcm9maWxlIjogIlA0IExvdyBCYXNpYyB2MiIsCiAiUm91dGVyUHJvZmlsZSI6ICJQNCIsCiAiU291cmNlQXJ0aWZhY3QiOiAiQ3VzdG9tLlRGTS5ISURTLlA0Lkxvdy5CYXNpY192Mi9DVTAwMl9Tb3VyY2VfVEVDMDAyX0NNRF9CYXNpYyIsCiAiUm91dGVyQXJ0aWZhY3QiOiAiQ3VzdG9tLlRGTS5ISURTLlJvdXRlci5KU09OTC5EaXNjb3JkLkZpbmFsX3YzX2ZpeDMiCn0=
               CurrentDirectory: C:\Users\seguridad\Desktop\TFM\Velociraptor\
               User: LT29\seguridad
               LogonGuid: {6bc49a7d-4e8b-69fb-7a91-080000000000}
               LogonId: 0x8917A
               TerminalSessionId: 1
               IntegrityLevel: High
               Hashes: MD5=DFD66604CA0898E8E26DF7B1635B6326,SHA256=D23B67799A0DA0143E395BA5DB906A22AB08FAC4BD5581E275B1E0F1B3FAC55C,IMPHASH=88CB9A420410BDA787E305B65518A934
               ParentProcessGuid: {6bc49a7d-f41d-6a26-f11e-000000009401}
               ParentProcessId: 8852
               ParentImage: C:\Users\seguridad\Desktop\TFM\Velociraptor\velociraptor-v0.75.6-windows-amd64.exe
               ParentCommandLine: "C:\Users\seguridad\Desktop\TFM\Velociraptor\velociraptor-v0.75.6-windows-amd64.exe"  --config server.config.yaml gui
               ParentUser: LT29\seguridad

TimeCreated  : 09/06/2026 20:04:10
Id           : 1
ProviderName : Microsoft-Windows-Sysmon
Message      : Process Create:
               RuleName: -
               UtcTime: 2026-06-09 18:04:10.055
               ProcessGuid: {6bc49a7d-559a-6a28-6828-000000009401}
               ProcessId: 5972
               Image: C:\Windows\System32\WindowsPowerShell\v1.0\powershell.exe
               FileVersion: 10.0.19041.3393 (WinBuild.160101.0800)
               Description: Windows PowerShell
               Product: Microsoft® Windows® Operating System
               Company: Microsoft Corporation
               OriginalFileName: PowerShell.EXE
               CommandLine: powershell.exe -NoProfile -NonInteractive -ExecutionPolicy Bypass -Command "& { param([string]$p,[string]$b64) $json=[System.Text.Encoding]::UTF8.GetString([System.Convert]::FromBase64String($b64)); $compact=($json | ConvertFrom-Json | ConvertTo-Json -Compress -Depth 20); $d=Split-Path -Parent $p; if (!(Test-Path -LiteralPath $d)) { New-Item -ItemType Directory -Path $d -Force | Out-Null }; Add-Content -LiteralPath $p -Value $compact -Encoding UTF8 }" \\VBOXSVR\Carpeta_Compartida_TFM\inbox\alerts.jsonl ewogIlJvdXRlclRpbWUiOiAiMjAyNi0wNi0wOVQxODowNDoxMFoiLAogIkRldGVjdGlvblRpbWUiOiAxNzgxMDI4MTMwLjM4MjA0LAogIkNsaWVudElkIjogIkMuMzY0OTA3MTcyNzkzZjhjNyIsCiAiSG9zdG5hbWUiOiAiTFQyOS5haXQudXMuZXMiLAogIkNVX0lEIjogIkNVLTAwMSIsCiAiSURfVGVjbmljYV9JbnRlcm5hIjogIlRFQy0wMDEiLAogIk1JVFJFX0lEIjogIlQxMDU5LjAwMSIsCiAiTUlUUkVfVGFjdGljIjogIkV4ZWN1dGlvbiIsCiAiTUlUUkVfVGFjdGljX0NvbnRleHQiOiAiIiwKICJTaWduYWxUeXBlIjogIlByb2Nlc3NDcmVhdGlvbiIsCiAiQWxlcnROYW1lIjogIlBvd2VyU2hlbGwgc3VzcGljaW91cyBleGVjdXRpb24gLSBiYXNpYyBwcm9maWxlIHYyIiwKICJTZXZlcml0eSI6ICJNZWRpdW0iLAogIlByaW9yaXR5IjogIlAzIiwKICJDb25maWRlbmNlIjogIk1lZGl1bSIsCiAiRGV0ZWN0aW9uU2NvcGUiOiAiSG9zdC1iYXNlZCBwcm9jZXNzIGNyZWF0aW9uIiwKICJPdXRwdXRUeXBlIjogIkRldGVjY2lvbiAvIEFsZXJ0YSBSVCBzaSBzZSBlbnJ1dGEiLAogIkZQX1Jpc2siOiAiTWVkaW8iLAogIkNVX1JlYXNvbiI6ICJwb3dlcnNoZWxsLmV4ZS9wd3NoLmV4ZSB3aXRoIHN1c3BpY2lvdXMgZXhlY3V0aW9uIGZsYWdzIG9yIGNvbW1hbmQgcGF0dGVybnMiLAogIkNVX0V2aWRlbmNlIjogInBvd2Vyc2hlbGwuZXhlICAtTm9Qcm9maWxlIC1FeGVjdXRpb25Qb2xpY3kgQnlwYXNzIC1Db21tYW5kIFwiR2V0LUNpbUluc3RhbmNlIC1OYW1lc3BhY2Ugcm9vdC9TZWN1cml0eUNlbnRlcjIgLUNsYXNzTmFtZSBBbnRpdmlydXNQcm9kdWN0IHwgU2VsZWN0LU9iamVjdCBkaXNwbGF5TmFtZSxwcm9kdWN0U3RhdGVcIiIsCiAiRXZlbnRJRCI6IDEsCiAiQ2hhbm5lbCI6ICJNaWNyb3NvZnQtV2luZG93cy1TeXNtb24vT3BlcmF0aW9uYWwiLAogIlByb3ZpZGVyIjogIk1pY3Jvc29mdC1XaW5kb3dzLVN5c21vbiIsCiAiSW1hZ2UiOiAiQzpcXFdpbmRvd3NcXFN5c3RlbTMyXFxXaW5kb3dzUG93ZXJTaGVsbFxcdjEuMFxccG93ZXJzaGVsbC5leGUiLAogIkNvbW1hbmRMaW5lIjogInBvd2Vyc2hlbGwuZXhlICAtTm9Qcm9maWxlIC1FeGVjdXRpb25Qb2xpY3kgQnlwYXNzIC1Db21tYW5kIFwiR2V0LUNpbUluc3RhbmNlIC1OYW1lc3BhY2Ugcm9vdC9TZWN1cml0eUNlbnRlcjIgLUNsYXNzTmFtZSBBbnRpdmlydXNQcm9kdWN0IHwgU2VsZWN0LU9iamVjdCBkaXNwbGF5TmFtZSxwcm9kdWN0U3RhdGVcIiIsCiAiUGFyZW50SW1hZ2UiOiAiQzpcXFdpbmRvd3NcXFN5c3RlbTMyXFxjbWQuZXhlIiwKICJQYXJlbnRDb21tYW5kTGluZSI6ICJcImNtZC5leGVcIiAvZCAvYyBwb3dlcnNoZWxsLmV4ZSAtTm9Qcm9maWxlIC1FeGVjdXRpb25Qb2xpY3kgQnlwYXNzIC1Db21tYW5kIFwiR2V0LUNpbUluc3RhbmNlIC1OYW1lc3BhY2Ugcm9vdC9TZWN1cml0eUNlbnRlcjIgLUNsYXNzTmFtZSBBbnRpdmlydXNQcm9kdWN0IHwgU2VsZWN0LU9iamVjdCBkaXNwbGF5TmFtZSxwcm9kdWN0U3RhdGVcIiIsCiAiVXNlciI6ICJMVDI5XFxzZWd1cmlkYWQiLAogIlRhcmdldEZpbGVuYW1lIjogIiIsCiAiRGV0ZWN0aW9uTG9naWMiOiAiU3lzbW9uIElEIDEgKyBQb3dlclNoZWxsIGltYWdlICsgc3VzcGljaW91cyBmbGFnczsgZXhjbHVkZXMgcm91dGVyIEpTT05MIHNlbGYtZXZlbnRzIiwKICJGYWxzZVBvc2l0aXZlUmVkdWN0aW9uIjogIlJvdXRlciBKU09OTCBzZWxmLWV2ZW50cyBleGNsdWRlZCBieSBBZGQtQ29udGVudC9Gcm9tQmFzZTY0U3RyaW5nL2FsZXJ0cy5qc29ubCBwYXR0ZXJuOyBQb3dlclNoZWxsIEJ5cGFzcyByZW1haW5zIHZpc2libGUgb3RoZXJ3aXNlIiwKICJCZW5jaG1hcmtTY2VuYXJpbyI6ICJCNSIsCiAiQXJ0aWZhY3RQcm9maWxlIjogIlA0IExvdyBCYXNpYyB2MiIsCiAiUm91dGVyUHJvZmlsZSI6ICJQNCIsCiAiU291cmNlQXJ0aWZhY3QiOiAiQ3VzdG9tLlRGTS5ISURTLlA0Lkxvdy5CYXNpY192Mi9DVTAwMV9Tb3VyY2VfVEVDMDAxX1Bvd2VyU2hlbGxfQmFzaWMiLAogIlJvdXRlckFydGlmYWN0IjogIkN1c3RvbS5URk0uSElEUy5Sb3V0ZXIuSlNPTkwuRGlzY29yZC5GaW5hbF92M19maXgzIgp9
               CurrentDirectory: C:\Users\seguridad\Desktop\TFM\Velociraptor\
               User: LT29\seguridad
               LogonGuid: {6bc49a7d-4e8b-69fb-7a91-080000000000}
               LogonId: 0x8917A
               TerminalSessionId: 1
               IntegrityLevel: High
               Hashes: MD5=DFD66604CA0898E8E26DF7B1635B6326,SHA256=D23B67799A0DA0143E395BA5DB906A22AB08FAC4BD5581E275B1E0F1B3FAC55C,IMPHASH=88CB9A420410BDA787E305B65518A934
               ParentProcessGuid: {6bc49a7d-f41d-6a26-f11e-000000009401}
               ParentProcessId: 8852
               ParentImage: C:\Users\seguridad\Desktop\TFM\Velociraptor\velociraptor-v0.75.6-windows-amd64.exe
               ParentCommandLine: "C:\Users\seguridad\Desktop\TFM\Velociraptor\velociraptor-v0.75.6-windows-amd64.exe"  --config server.config.yaml gui
               ParentUser: LT29\seguridad

TimeCreated  : 09/06/2026 20:03:55
Id           : 11
ProviderName : Microsoft-Windows-Sysmon
Message      : File created:
               RuleName: -
               UtcTime: 2026-06-09 18:03:55.724
               ProcessGuid: {6bc49a7d-558b-6a28-6628-000000009401}
               ProcessId: 10456
               Image: C:\Windows\System32\WindowsPowerShell\v1.0\powershell.exe
               TargetFilename: C:\Users\seguridad\AppData\Local\Temp\__PSScriptPolicyTest_3iwwswjp.f2j.ps1
               CreationUtcTime: 2026-06-09 18:03:55.724
               User: LT29\seguridad

TimeCreated  : 09/06/2026 20:03:55
Id           : 1
ProviderName : Microsoft-Windows-Sysmon
Message      : Process Create:
               RuleName: -
               UtcTime: 2026-06-09 18:03:55.653
               ProcessGuid: {6bc49a7d-558b-6a28-6628-000000009401}
               ProcessId: 10456
               Image: C:\Windows\System32\WindowsPowerShell\v1.0\powershell.exe
               FileVersion: 10.0.19041.3393 (WinBuild.160101.0800)
               Description: Windows PowerShell
               Product: Microsoft® Windows® Operating System
               Company: Microsoft Corporation
               OriginalFileName: PowerShell.EXE
               CommandLine: powershell.exe  -NoProfile -ExecutionPolicy Bypass -File "C:\Users\seguridad\Desktop\TFM\Pruebas\TEC-008_Sabotaje\crear_directorio_dummy.ps1" 
               CurrentDirectory: C:\Windows\system32\
               User: LT29\seguridad
               LogonGuid: {6bc49a7d-4e8b-69fb-7a91-080000000000}
               LogonId: 0x8917A
               TerminalSessionId: 1
               IntegrityLevel: High
               Hashes: MD5=DFD66604CA0898E8E26DF7B1635B6326,SHA256=D23B67799A0DA0143E395BA5DB906A22AB08FAC4BD5581E275B1E0F1B3FAC55C,IMPHASH=88CB9A420410BDA787E305B65518A934
               ParentProcessGuid: {6bc49a7d-558b-6a28-6528-000000009401}
               ParentProcessId: 14528
               ParentImage: C:\Windows\System32\cmd.exe
               ParentCommandLine: "cmd.exe" /d /c powershell.exe -NoProfile -ExecutionPolicy Bypass -File "C:\Users\seguridad\Desktop\TFM\Pruebas\TEC-008_Sabotaje\crear_directorio_dummy.ps1" 
               ParentUser: LT29\seguridad

TimeCreated  : 09/06/2026 20:03:55
Id           : 1
ProviderName : Microsoft-Windows-Sysmon
Message      : Process Create:
               RuleName: -
               UtcTime: 2026-06-09 18:03:55.643
               ProcessGuid: {6bc49a7d-558b-6a28-6528-000000009401}
               ProcessId: 14528
               Image: C:\Windows\System32\cmd.exe
               FileVersion: 10.0.19041.746 (WinBuild.160101.0800)
               Description: Windows Command Processor
               Product: Microsoft® Windows® Operating System
               Company: Microsoft Corporation
               OriginalFileName: Cmd.Exe
               CommandLine: "cmd.exe" /d /c powershell.exe -NoProfile -ExecutionPolicy Bypass -File "C:\Users\seguridad\Desktop\TFM\Pruebas\TEC-008_Sabotaje\crear_directorio_dummy.ps1" 
               CurrentDirectory: C:\Windows\system32\
               User: LT29\seguridad
               LogonGuid: {6bc49a7d-4e8b-69fb-7a91-080000000000}
               LogonId: 0x8917A
               TerminalSessionId: 1
               IntegrityLevel: High
               Hashes: MD5=8A2122E8162DBEF04694B9C3E0B6CDEE,SHA256=B99D61D874728EDC0918CA0EB10EAB93D381E7367E377406E65963366C874450,IMPHASH=272245E2988E1E430500B852C4FB5E18
               ParentProcessGuid: {6bc49a7d-4b45-6a28-b426-000000009401}
               ParentProcessId: 2600
               ParentImage: C:\Windows\System32\WindowsPowerShell\v1.0\powershell.exe
               ParentCommandLine: "C:\Windows\System32\WindowsPowerShell\v1.0\powershell.exe" 
               ParentUser: LT29\seguridad

