{"Timestamp":"2026-07-12T13:26:34.322721481Z","Computer":"LT29.ait.us.es","Channel":"Microsoft-Windows-Sysmon/Operational","EID":1,"Level":"medium","Title":"Schedule Task Creation From Env Variable Or Potentially Suspicious Path Via Schtasks.EXE 2","RecordID":105155,"Details":"Cmdline: \"cmd.exe\" /c echo TEC003_OK ^\u003e C:\\Users\\Public\\tec003_ok.txt ¦ Proc: C:\\Windows\\System32\\cmd.exe ¦ User: LT29\\seguridad ¦ ParentCmdline: C:\\Windows\\system32\\svchost.exe -k netsvcs -p -s Schedule ¦ LID: 2673254 ¦ LGUID: 6BC49A7D-7A59-6A53-66CA-280000000000 ¦ PID: 8568 ¦ PGUID: 6BC49A7D-960A-6A53-9606-000000009A01 ¦ ParentPID: 1320 ¦ ParentPGUID: 6BC49A7D-7994-6A53-1B00-000000009A01 ¦ Description: Windows Command Processor ¦ Product: Microsoft® Windows® Operating System ¦ Company: Microsoft Corporation ¦ Hashes: MD5=8A2122E8162DBEF04694B9C3E0B6CDEE,SHA256=B99D61D874728EDC0918CA0EB10EAB93D381E7367E377406E65963366C874450,IMPHASH=272245E2988E1E430500B852C4FB5E18","_Event":{"System":{"Provider":{"Name":"Microsoft-Windows-Sysmon","Guid":"5770385F-C22A-43E0-BF4C-06F5698FFBD9"},"EventID":{"Value":1},"Version":5,"Level":4,"Task":1,"Opcode":0,"Keywords":9223372036854775808,"TimeCreated":{"SystemTime":1783862794.3227215},"EventRecordID":105155,"Correlation":{},"Execution":{"ProcessID":4652,"ThreadID":6392},"Channel":"Microsoft-Windows-Sysmon/Operational","Computer":"LT29.ait.us.es","Security":{"UserID":"S-1-5-18"}},"EventData":{"RuleName":"-","UtcTime":"2026-07-12 13:26:34.315","ProcessGuid":"6BC49A7D-960A-6A53-9606-000000009A01","ProcessId":8568,"Image":"C:\\Windows\\System32\\cmd.exe","FileVersion":"10.0.19041.746 (WinBuild.160101.0800)","Description":"Windows Command Processor","Product":"Microsoft® Windows® Operating System","Company":"Microsoft Corporation","OriginalFileName":"Cmd.Exe","CommandLine":"\"cmd.exe\" /c echo TEC003_OK ^\u003e C:\\Users\\Public\\tec003_ok.txt","CurrentDirectory":"C:\\Windows\\system32\\","User":"LT29\\seguridad","LogonGuid":"6BC49A7D-7A59-6A53-66CA-280000000000","LogonId":2673254,"TerminalSessionId":1,"IntegrityLevel":"Medium","Hashes":"MD5=8A2122E8162DBEF04694B9C3E0B6CDEE,SHA256=B99D61D874728EDC0918CA0EB10EAB93D381E7367E377406E65963366C874450,IMPHASH=272245E2988E1E430500B852C4FB5E18","ParentProcessGuid":"6BC49A7D-7994-6A53-1B00-000000009A01","ParentProcessId":1320,"ParentImage":"C:\\Windows\\System32\\svchost.exe","ParentCommandLine":"C:\\Windows\\system32\\svchost.exe -k netsvcs -p -s Schedule","ParentUser":"NT AUTHORITY\\SYSTEM"},"Message":"Process Create:\nRuleName: -!s!\nUtcTime: 2026-07-12 13:26:34.315!s!\nProcessGuid: 6BC49A7D-960A-6A53-9606-000000009A01!s!\nProcessId: 8568!s!\nImage: C:\\Windows\\System32\\cmd.exe!s!\nFileVersion: 10.0.19041.746 (WinBuild.160101.0800)!s!\nDescription: Windows Command Processor!s!\nProduct: Microsoft® Windows® Operating System!s!\nCompany: Microsoft Corporation!s!\nOriginalFileName: Cmd.Exe!s!\nCommandLine: \"cmd.exe\" /c echo TEC003_OK ^\u003e C:\\Users\\Public\\tec003_ok.txt!s!\nCurrentDirectory: C:\\Windows\\system32\\!s!\nUser: LT29\\seguridad!s!\nLogonGuid: 6BC49A7D-7A59-6A53-66CA-280000000000!s!\nLogonId: 2673254!s!\nTerminalSessionId: 1!s!\nIntegrityLevel: Medium!s!\nHashes: MD5=8A2122E8162DBEF04694B9C3E0B6CDEE,SHA256=B99D61D874728EDC0918CA0EB10EAB93D381E7367E377406E65963366C874450,IMPHASH=272245E2988E1E430500B852C4FB5E18!s!\nParentProcessGuid: 6BC49A7D-7994-6A53-1B00-000000009A01!s!\nParentProcessId: 1320!s!\nParentImage: C:\\Windows\\System32\\svchost.exe!s!\nParentCommandLine: C:\\Windows\\system32\\svchost.exe -k netsvcs -p -s Schedule!s!\nParentUser: NT AUTHORITY\\SYSTEM!s!\r\n"},"_Source":"Windows.Sigma.BaseEvents","ClientId":"C.364907172793f8c7","_ts":1783862861607}
{"Timestamp":"2026-07-12T13:26:46.925535917Z","Computer":"LT29.ait.us.es","Channel":"Microsoft-Windows-Sysmon/Operational","EID":1,"Level":"medium","Title":"Potential Persistence Attempt Via Run Keys Using Reg.EXE 2","RecordID":105159,"Details":"Cmdline: reg.exe  add \"HKCU\\Software\\Microsoft\\Windows\\CurrentVersion\\Run\" /v \"TFM_T1547_001_test\" /t REG_SZ /d \"C:\\Windows\\System32\\calc.exe\" /f ¦ Proc: C:\\Windows\\System32\\reg.exe ¦ User: LT29\\seguridad ¦ ParentCmdline: \"cmd.exe\" /d /c reg.exe add \"HKCU\\Software\\Microsoft\\Windows\\CurrentVersion\\Run\" /v \"TFM_T1547_001_test\" /t REG_SZ /d \"C:\\Windows\\System32\\calc.exe\" /f ¦ LID: 2673153 ¦ LGUID: 6BC49A7D-7A59-6A53-01CA-280000000000 ¦ PID: 11696 ¦ PGUID: 6BC49A7D-9616-6A53-9B06-000000009A01 ¦ ParentPID: 10048 ¦ ParentPGUID: 6BC49A7D-9616-6A53-9A06-000000009A01 ¦ Description: Registry Console Tool ¦ Product: Microsoft® Windows® Operating System ¦ Company: Microsoft Corporation ¦ Hashes: MD5=227F63E1D9008B36BDBCC4B397780BE4,SHA256=C0E25B1F9B22DE445298C1E96DDFCEAD265CA030FA6626F61A4A4786CC4A3B7D,IMPHASH=BE482BE427FE212CFEF2CDA0E61F19AC","_Event":{"System":{"Provider":{"Name":"Microsoft-Windows-Sysmon","Guid":"5770385F-C22A-43E0-BF4C-06F5698FFBD9"},"EventID":{"Value":1},"Version":5,"Level":4,"Task":1,"Opcode":0,"Keywords":9223372036854775808,"TimeCreated":{"SystemTime":1783862806.925536},"EventRecordID":105159,"Correlation":{},"Execution":{"ProcessID":4652,"ThreadID":6392},"Channel":"Microsoft-Windows-Sysmon/Operational","Computer":"LT29.ait.us.es","Security":{"UserID":"S-1-5-18"}},"EventData":{"RuleName":"-","UtcTime":"2026-07-12 13:26:46.915","ProcessGuid":"6BC49A7D-9616-6A53-9B06-000000009A01","ProcessId":11696,"Image":"C:\\Windows\\System32\\reg.exe","FileVersion":"10.0.19041.1 (WinBuild.160101.0800)","Description":"Registry Console Tool","Product":"Microsoft® Windows® Operating System","Company":"Microsoft Corporation","OriginalFileName":"reg.exe","CommandLine":"reg.exe  add \"HKCU\\Software\\Microsoft\\Windows\\CurrentVersion\\Run\" /v \"TFM_T1547_001_test\" /t REG_SZ /d \"C:\\Windows\\System32\\calc.exe\" /f","CurrentDirectory":"C:\\Windows\\system32\\","User":"LT29\\seguridad","LogonGuid":"6BC49A7D-7A59-6A53-01CA-280000000000","LogonId":2673153,"TerminalSessionId":1,"IntegrityLevel":"High","Hashes":"MD5=227F63E1D9008B36BDBCC4B397780BE4,SHA256=C0E25B1F9B22DE445298C1E96DDFCEAD265CA030FA6626F61A4A4786CC4A3B7D,IMPHASH=BE482BE427FE212CFEF2CDA0E61F19AC","ParentProcessGuid":"6BC49A7D-9616-6A53-9A06-000000009A01","ParentProcessId":10048,"ParentImage":"C:\\Windows\\System32\\cmd.exe","ParentCommandLine":"\"cmd.exe\" /d /c reg.exe add \"HKCU\\Software\\Microsoft\\Windows\\CurrentVersion\\Run\" /v \"TFM_T1547_001_test\" /t REG_SZ /d \"C:\\Windows\\System32\\calc.exe\" /f","ParentUser":"LT29\\seguridad"},"Message":"Process Create:\nRuleName: -!s!\nUtcTime: 2026-07-12 13:26:46.915!s!\nProcessGuid: 6BC49A7D-9616-6A53-9B06-000000009A01!s!\nProcessId: 11696!s!\nImage: C:\\Windows\\System32\\reg.exe!s!\nFileVersion: 10.0.19041.1 (WinBuild.160101.0800)!s!\nDescription: Registry Console Tool!s!\nProduct: Microsoft® Windows® Operating System!s!\nCompany: Microsoft Corporation!s!\nOriginalFileName: reg.exe!s!\nCommandLine: reg.exe  add \"HKCU\\Software\\Microsoft\\Windows\\CurrentVersion\\Run\" /v \"TFM_T1547_001_test\" /t REG_SZ /d \"C:\\Windows\\System32\\calc.exe\" /f!s!\nCurrentDirectory: C:\\Windows\\system32\\!s!\nUser: LT29\\seguridad!s!\nLogonGuid: 6BC49A7D-7A59-6A53-01CA-280000000000!s!\nLogonId: 2673153!s!\nTerminalSessionId: 1!s!\nIntegrityLevel: High!s!\nHashes: MD5=227F63E1D9008B36BDBCC4B397780BE4,SHA256=C0E25B1F9B22DE445298C1E96DDFCEAD265CA030FA6626F61A4A4786CC4A3B7D,IMPHASH=BE482BE427FE212CFEF2CDA0E61F19AC!s!\nParentProcessGuid: 6BC49A7D-9616-6A53-9A06-000000009A01!s!\nParentProcessId: 10048!s!\nParentImage: C:\\Windows\\System32\\cmd.exe!s!\nParentCommandLine: \"cmd.exe\" /d /c reg.exe add \"HKCU\\Software\\Microsoft\\Windows\\CurrentVersion\\Run\" /v \"TFM_T1547_001_test\" /t REG_SZ /d \"C:\\Windows\\System32\\calc.exe\" /f!s!\nParentUser: LT29\\seguridad!s!\r\n"},"_Source":"Windows.Sigma.BaseEvents","ClientId":"C.364907172793f8c7","_ts":1783862861607}
{"Timestamp":"2026-07-12T13:26:46.925535917Z","Computer":"LT29.ait.us.es","Channel":"Microsoft-Windows-Sysmon/Operational","EID":1,"Level":"medium","Title":"Direct Autorun Keys Modification 2","RecordID":105159,"Details":"Cmdline: reg.exe  add \"HKCU\\Software\\Microsoft\\Windows\\CurrentVersion\\Run\" /v \"TFM_T1547_001_test\" /t REG_SZ /d \"C:\\Windows\\System32\\calc.exe\" /f ¦ Proc: C:\\Windows\\System32\\reg.exe ¦ User: LT29\\seguridad ¦ ParentCmdline: \"cmd.exe\" /d /c reg.exe add \"HKCU\\Software\\Microsoft\\Windows\\CurrentVersion\\Run\" /v \"TFM_T1547_001_test\" /t REG_SZ /d \"C:\\Windows\\System32\\calc.exe\" /f ¦ LID: 2673153 ¦ LGUID: 6BC49A7D-7A59-6A53-01CA-280000000000 ¦ PID: 11696 ¦ PGUID: 6BC49A7D-9616-6A53-9B06-000000009A01 ¦ ParentPID: 10048 ¦ ParentPGUID: 6BC49A7D-9616-6A53-9A06-000000009A01 ¦ Description: Registry Console Tool ¦ Product: Microsoft® Windows® Operating System ¦ Company: Microsoft Corporation ¦ Hashes: MD5=227F63E1D9008B36BDBCC4B397780BE4,SHA256=C0E25B1F9B22DE445298C1E96DDFCEAD265CA030FA6626F61A4A4786CC4A3B7D,IMPHASH=BE482BE427FE212CFEF2CDA0E61F19AC","_Event":{"System":{"Provider":{"Name":"Microsoft-Windows-Sysmon","Guid":"5770385F-C22A-43E0-BF4C-06F5698FFBD9"},"EventID":{"Value":1},"Version":5,"Level":4,"Task":1,"Opcode":0,"Keywords":9223372036854775808,"TimeCreated":{"SystemTime":1783862806.925536},"EventRecordID":105159,"Correlation":{},"Execution":{"ProcessID":4652,"ThreadID":6392},"Channel":"Microsoft-Windows-Sysmon/Operational","Computer":"LT29.ait.us.es","Security":{"UserID":"S-1-5-18"}},"EventData":{"RuleName":"-","UtcTime":"2026-07-12 13:26:46.915","ProcessGuid":"6BC49A7D-9616-6A53-9B06-000000009A01","ProcessId":11696,"Image":"C:\\Windows\\System32\\reg.exe","FileVersion":"10.0.19041.1 (WinBuild.160101.0800)","Description":"Registry Console Tool","Product":"Microsoft® Windows® Operating System","Company":"Microsoft Corporation","OriginalFileName":"reg.exe","CommandLine":"reg.exe  add \"HKCU\\Software\\Microsoft\\Windows\\CurrentVersion\\Run\" /v \"TFM_T1547_001_test\" /t REG_SZ /d \"C:\\Windows\\System32\\calc.exe\" /f","CurrentDirectory":"C:\\Windows\\system32\\","User":"LT29\\seguridad","LogonGuid":"6BC49A7D-7A59-6A53-01CA-280000000000","LogonId":2673153,"TerminalSessionId":1,"IntegrityLevel":"High","Hashes":"MD5=227F63E1D9008B36BDBCC4B397780BE4,SHA256=C0E25B1F9B22DE445298C1E96DDFCEAD265CA030FA6626F61A4A4786CC4A3B7D,IMPHASH=BE482BE427FE212CFEF2CDA0E61F19AC","ParentProcessGuid":"6BC49A7D-9616-6A53-9A06-000000009A01","ParentProcessId":10048,"ParentImage":"C:\\Windows\\System32\\cmd.exe","ParentCommandLine":"\"cmd.exe\" /d /c reg.exe add \"HKCU\\Software\\Microsoft\\Windows\\CurrentVersion\\Run\" /v \"TFM_T1547_001_test\" /t REG_SZ /d \"C:\\Windows\\System32\\calc.exe\" /f","ParentUser":"LT29\\seguridad"},"Message":"Process Create:\nRuleName: -!s!\nUtcTime: 2026-07-12 13:26:46.915!s!\nProcessGuid: 6BC49A7D-9616-6A53-9B06-000000009A01!s!\nProcessId: 11696!s!\nImage: C:\\Windows\\System32\\reg.exe!s!\nFileVersion: 10.0.19041.1 (WinBuild.160101.0800)!s!\nDescription: Registry Console Tool!s!\nProduct: Microsoft® Windows® Operating System!s!\nCompany: Microsoft Corporation!s!\nOriginalFileName: reg.exe!s!\nCommandLine: reg.exe  add \"HKCU\\Software\\Microsoft\\Windows\\CurrentVersion\\Run\" /v \"TFM_T1547_001_test\" /t REG_SZ /d \"C:\\Windows\\System32\\calc.exe\" /f!s!\nCurrentDirectory: C:\\Windows\\system32\\!s!\nUser: LT29\\seguridad!s!\nLogonGuid: 6BC49A7D-7A59-6A53-01CA-280000000000!s!\nLogonId: 2673153!s!\nTerminalSessionId: 1!s!\nIntegrityLevel: High!s!\nHashes: MD5=227F63E1D9008B36BDBCC4B397780BE4,SHA256=C0E25B1F9B22DE445298C1E96DDFCEAD265CA030FA6626F61A4A4786CC4A3B7D,IMPHASH=BE482BE427FE212CFEF2CDA0E61F19AC!s!\nParentProcessGuid: 6BC49A7D-9616-6A53-9A06-000000009A01!s!\nParentProcessId: 10048!s!\nParentImage: C:\\Windows\\System32\\cmd.exe!s!\nParentCommandLine: \"cmd.exe\" /d /c reg.exe add \"HKCU\\Software\\Microsoft\\Windows\\CurrentVersion\\Run\" /v \"TFM_T1547_001_test\" /t REG_SZ /d \"C:\\Windows\\System32\\calc.exe\" /f!s!\nParentUser: LT29\\seguridad!s!\r\n"},"_Source":"Windows.Sigma.BaseEvents","ClientId":"C.364907172793f8c7","_ts":1783862861607}
{"Timestamp":"2026-07-12T13:27:03.069209575Z","Computer":"LT29.ait.us.es","Channel":"Microsoft-Windows-Sysmon/Operational","EID":1,"Level":"medium","Title":"Cmd Stream Redirection 2","RecordID":105174,"Details":"Cmdline: C:\\Windows\\System32\\cmd.exe /c echo TEC005_OK ^\u003e C:\\Users\\Public\\tec005_ok.txt ¦ Proc: C:\\Windows\\System32\\cmd.exe ¦ User: NT AUTHORITY\\SYSTEM ¦ ParentCmdline: C:\\Windows\\system32\\services.exe ¦ LID: 999 ¦ LGUID: 6BC49A7D-7991-6A53-E703-000000000000 ¦ PID: 1036 ¦ PGUID: 6BC49A7D-9627-6A53-A606-000000009A01 ¦ ParentPID: 772 ¦ ParentPGUID: 6BC49A7D-7991-6A53-0B00-000000009A01 ¦ Description: Windows Command Processor ¦ Product: Microsoft® Windows® Operating System ¦ Company: Microsoft Corporation ¦ Hashes: MD5=8A2122E8162DBEF04694B9C3E0B6CDEE,SHA256=B99D61D874728EDC0918CA0EB10EAB93D381E7367E377406E65963366C874450,IMPHASH=272245E2988E1E430500B852C4FB5E18","_Event":{"System":{"Provider":{"Name":"Microsoft-Windows-Sysmon","Guid":"5770385F-C22A-43E0-BF4C-06F5698FFBD9"},"EventID":{"Value":1},"Version":5,"Level":4,"Task":1,"Opcode":0,"Keywords":9223372036854775808,"TimeCreated":{"SystemTime":1783862823.0692096},"EventRecordID":105174,"Correlation":{},"Execution":{"ProcessID":4652,"ThreadID":6392},"Channel":"Microsoft-Windows-Sysmon/Operational","Computer":"LT29.ait.us.es","Security":{"UserID":"S-1-5-18"}},"EventData":{"RuleName":"-","UtcTime":"2026-07-12 13:27:03.067","ProcessGuid":"6BC49A7D-9627-6A53-A606-000000009A01","ProcessId":1036,"Image":"C:\\Windows\\System32\\cmd.exe","FileVersion":"10.0.19041.746 (WinBuild.160101.0800)","Description":"Windows Command Processor","Product":"Microsoft® Windows® Operating System","Company":"Microsoft Corporation","OriginalFileName":"Cmd.Exe","CommandLine":"C:\\Windows\\System32\\cmd.exe /c echo TEC005_OK ^\u003e C:\\Users\\Public\\tec005_ok.txt","CurrentDirectory":"C:\\Windows\\system32\\","User":"NT AUTHORITY\\SYSTEM","LogonGuid":"6BC49A7D-7991-6A53-E703-000000000000","LogonId":999,"TerminalSessionId":0,"IntegrityLevel":"System","Hashes":"MD5=8A2122E8162DBEF04694B9C3E0B6CDEE,SHA256=B99D61D874728EDC0918CA0EB10EAB93D381E7367E377406E65963366C874450,IMPHASH=272245E2988E1E430500B852C4FB5E18","ParentProcessGuid":"6BC49A7D-7991-6A53-0B00-000000009A01","ParentProcessId":772,"ParentImage":"C:\\Windows\\System32\\services.exe","ParentCommandLine":"C:\\Windows\\system32\\services.exe","ParentUser":"NT AUTHORITY\\SYSTEM"},"Message":"Process Create:\nRuleName: -!s!\nUtcTime: 2026-07-12 13:27:03.067!s!\nProcessGuid: 6BC49A7D-9627-6A53-A606-000000009A01!s!\nProcessId: 1036!s!\nImage: C:\\Windows\\System32\\cmd.exe!s!\nFileVersion: 10.0.19041.746 (WinBuild.160101.0800)!s!\nDescription: Windows Command Processor!s!\nProduct: Microsoft® Windows® Operating System!s!\nCompany: Microsoft Corporation!s!\nOriginalFileName: Cmd.Exe!s!\nCommandLine: C:\\Windows\\System32\\cmd.exe /c echo TEC005_OK ^\u003e C:\\Users\\Public\\tec005_ok.txt!s!\nCurrentDirectory: C:\\Windows\\system32\\!s!\nUser: NT AUTHORITY\\SYSTEM!s!\nLogonGuid: 6BC49A7D-7991-6A53-E703-000000000000!s!\nLogonId: 999!s!\nTerminalSessionId: 0!s!\nIntegrityLevel: System!s!\nHashes: MD5=8A2122E8162DBEF04694B9C3E0B6CDEE,SHA256=B99D61D874728EDC0918CA0EB10EAB93D381E7367E377406E65963366C874450,IMPHASH=272245E2988E1E430500B852C4FB5E18!s!\nParentProcessGuid: 6BC49A7D-7991-6A53-0B00-000000009A01!s!\nParentProcessId: 772!s!\nParentImage: C:\\Windows\\System32\\services.exe!s!\nParentCommandLine: C:\\Windows\\system32\\services.exe!s!\nParentUser: NT AUTHORITY\\SYSTEM!s!\r\n"},"_Source":"Windows.Sigma.BaseEvents","ClientId":"C.364907172793f8c7","_ts":1783862861607}
{"Timestamp":"2026-07-12T13:27:14.005164861Z","Computer":"LT29.ait.us.es","Channel":"Microsoft-Windows-Sysmon/Operational","EID":1,"Level":"medium","Title":"Potential Product Reconnaissance Via Wmic.EXE 2","RecordID":105185,"Details":"Cmdline: wmic  /namespace:\\\\root\\SecurityCenter2 path AntivirusProduct get displayName,productState ¦ Proc: C:\\Windows\\System32\\wbem\\WMIC.exe ¦ User: LT29\\seguridad ¦ ParentCmdline: cmd.exe  /c \"wmic /namespace:\\\\root\\SecurityCenter2 path AntivirusProduct get displayName,productState\" ¦ LID: 2673153 ¦ LGUID: 6BC49A7D-7A59-6A53-01CA-280000000000 ¦ PID: 4360 ¦ PGUID: 6BC49A7D-9632-6A53-AD06-000000009A01 ¦ ParentPID: 9464 ¦ ParentPGUID: 6BC49A7D-9631-6A53-AC06-000000009A01 ¦ Description: WMI Commandline Utility ¦ Product: Microsoft® Windows® Operating System ¦ Company: Microsoft Corporation ¦ Hashes: MD5=C37F2F4F4B3CD128BDABCAEB2266A785,SHA256=12ABB45620A7A1FFD8BB953DEBA3FCC30B8BA14B2FF523F1F519BF2BF6BA7D4C,IMPHASH=527C7C66CDD13D72D793BCA3A417BCBE","_Event":{"System":{"Provider":{"Name":"Microsoft-Windows-Sysmon","Guid":"5770385F-C22A-43E0-BF4C-06F5698FFBD9"},"EventID":{"Value":1},"Version":5,"Level":4,"Task":1,"Opcode":0,"Keywords":9223372036854775808,"TimeCreated":{"SystemTime":1783862834.0051649},"EventRecordID":105185,"Correlation":{},"Execution":{"ProcessID":4652,"ThreadID":6392},"Channel":"Microsoft-Windows-Sysmon/Operational","Computer":"LT29.ait.us.es","Security":{"UserID":"S-1-5-18"}},"EventData":{"RuleName":"-","UtcTime":"2026-07-12 13:27:14.001","ProcessGuid":"6BC49A7D-9632-6A53-AD06-000000009A01","ProcessId":4360,"Image":"C:\\Windows\\System32\\wbem\\WMIC.exe","FileVersion":"10.0.19041.1741 (WinBuild.160101.0800)","Description":"WMI Commandline Utility","Product":"Microsoft® Windows® Operating System","Company":"Microsoft Corporation","OriginalFileName":"wmic.exe","CommandLine":"wmic  /namespace:\\\\root\\SecurityCenter2 path AntivirusProduct get displayName,productState","CurrentDirectory":"C:\\Windows\\system32\\","User":"LT29\\seguridad","LogonGuid":"6BC49A7D-7A59-6A53-01CA-280000000000","LogonId":2673153,"TerminalSessionId":1,"IntegrityLevel":"High","Hashes":"MD5=C37F2F4F4B3CD128BDABCAEB2266A785,SHA256=12ABB45620A7A1FFD8BB953DEBA3FCC30B8BA14B2FF523F1F519BF2BF6BA7D4C,IMPHASH=527C7C66CDD13D72D793BCA3A417BCBE","ParentProcessGuid":"6BC49A7D-9631-6A53-AC06-000000009A01","ParentProcessId":9464,"ParentImage":"C:\\Windows\\System32\\cmd.exe","ParentCommandLine":"cmd.exe  /c \"wmic /namespace:\\\\root\\SecurityCenter2 path AntivirusProduct get displayName,productState\"","ParentUser":"LT29\\seguridad"},"Message":"Process Create:\nRuleName: -!s!\nUtcTime: 2026-07-12 13:27:14.001!s!\nProcessGuid: 6BC49A7D-9632-6A53-AD06-000000009A01!s!\nProcessId: 4360!s!\nImage: C:\\Windows\\System32\\wbem\\WMIC.exe!s!\nFileVersion: 10.0.19041.1741 (WinBuild.160101.0800)!s!\nDescription: WMI Commandline Utility!s!\nProduct: Microsoft® Windows® Operating System!s!\nCompany: Microsoft Corporation!s!\nOriginalFileName: wmic.exe!s!\nCommandLine: wmic  /namespace:\\\\root\\SecurityCenter2 path AntivirusProduct get displayName,productState!s!\nCurrentDirectory: C:\\Windows\\system32\\!s!\nUser: LT29\\seguridad!s!\nLogonGuid: 6BC49A7D-7A59-6A53-01CA-280000000000!s!\nLogonId: 2673153!s!\nTerminalSessionId: 1!s!\nIntegrityLevel: High!s!\nHashes: MD5=C37F2F4F4B3CD128BDABCAEB2266A785,SHA256=12ABB45620A7A1FFD8BB953DEBA3FCC30B8BA14B2FF523F1F519BF2BF6BA7D4C,IMPHASH=527C7C66CDD13D72D793BCA3A417BCBE!s!\nParentProcessGuid: 6BC49A7D-9631-6A53-AC06-000000009A01!s!\nParentProcessId: 9464!s!\nParentImage: C:\\Windows\\System32\\cmd.exe!s!\nParentCommandLine: cmd.exe  /c \"wmic /namespace:\\\\root\\SecurityCenter2 path AntivirusProduct get displayName,productState\"!s!\nParentUser: LT29\\seguridad!s!\r\n"},"_Source":"Windows.Sigma.BaseEvents","ClientId":"C.364907172793f8c7","_ts":1783862861607}
{"Timestamp":"2026-07-12T13:27:14.005164861Z","Computer":"LT29.ait.us.es","Channel":"Microsoft-Windows-Sysmon/Operational","EID":1,"Level":"medium","Title":"Potential Product Class Reconnaissance Via Wmic.EXE 2","RecordID":105185,"Details":"Cmdline: wmic  /namespace:\\\\root\\SecurityCenter2 path AntivirusProduct get displayName,productState ¦ Proc: C:\\Windows\\System32\\wbem\\WMIC.exe ¦ User: LT29\\seguridad ¦ ParentCmdline: cmd.exe  /c \"wmic /namespace:\\\\root\\SecurityCenter2 path AntivirusProduct get displayName,productState\" ¦ LID: 2673153 ¦ LGUID: 6BC49A7D-7A59-6A53-01CA-280000000000 ¦ PID: 4360 ¦ PGUID: 6BC49A7D-9632-6A53-AD06-000000009A01 ¦ ParentPID: 9464 ¦ ParentPGUID: 6BC49A7D-9631-6A53-AC06-000000009A01 ¦ Description: WMI Commandline Utility ¦ Product: Microsoft® Windows® Operating System ¦ Company: Microsoft Corporation ¦ Hashes: MD5=C37F2F4F4B3CD128BDABCAEB2266A785,SHA256=12ABB45620A7A1FFD8BB953DEBA3FCC30B8BA14B2FF523F1F519BF2BF6BA7D4C,IMPHASH=527C7C66CDD13D72D793BCA3A417BCBE","_Event":{"System":{"Provider":{"Name":"Microsoft-Windows-Sysmon","Guid":"5770385F-C22A-43E0-BF4C-06F5698FFBD9"},"EventID":{"Value":1},"Version":5,"Level":4,"Task":1,"Opcode":0,"Keywords":9223372036854775808,"TimeCreated":{"SystemTime":1783862834.0051649},"EventRecordID":105185,"Correlation":{},"Execution":{"ProcessID":4652,"ThreadID":6392},"Channel":"Microsoft-Windows-Sysmon/Operational","Computer":"LT29.ait.us.es","Security":{"UserID":"S-1-5-18"}},"EventData":{"RuleName":"-","UtcTime":"2026-07-12 13:27:14.001","ProcessGuid":"6BC49A7D-9632-6A53-AD06-000000009A01","ProcessId":4360,"Image":"C:\\Windows\\System32\\wbem\\WMIC.exe","FileVersion":"10.0.19041.1741 (WinBuild.160101.0800)","Description":"WMI Commandline Utility","Product":"Microsoft® Windows® Operating System","Company":"Microsoft Corporation","OriginalFileName":"wmic.exe","CommandLine":"wmic  /namespace:\\\\root\\SecurityCenter2 path AntivirusProduct get displayName,productState","CurrentDirectory":"C:\\Windows\\system32\\","User":"LT29\\seguridad","LogonGuid":"6BC49A7D-7A59-6A53-01CA-280000000000","LogonId":2673153,"TerminalSessionId":1,"IntegrityLevel":"High","Hashes":"MD5=C37F2F4F4B3CD128BDABCAEB2266A785,SHA256=12ABB45620A7A1FFD8BB953DEBA3FCC30B8BA14B2FF523F1F519BF2BF6BA7D4C,IMPHASH=527C7C66CDD13D72D793BCA3A417BCBE","ParentProcessGuid":"6BC49A7D-9631-6A53-AC06-000000009A01","ParentProcessId":9464,"ParentImage":"C:\\Windows\\System32\\cmd.exe","ParentCommandLine":"cmd.exe  /c \"wmic /namespace:\\\\root\\SecurityCenter2 path AntivirusProduct get displayName,productState\"","ParentUser":"LT29\\seguridad"},"Message":"Process Create:\nRuleName: -!s!\nUtcTime: 2026-07-12 13:27:14.001!s!\nProcessGuid: 6BC49A7D-9632-6A53-AD06-000000009A01!s!\nProcessId: 4360!s!\nImage: C:\\Windows\\System32\\wbem\\WMIC.exe!s!\nFileVersion: 10.0.19041.1741 (WinBuild.160101.0800)!s!\nDescription: WMI Commandline Utility!s!\nProduct: Microsoft® Windows® Operating System!s!\nCompany: Microsoft Corporation!s!\nOriginalFileName: wmic.exe!s!\nCommandLine: wmic  /namespace:\\\\root\\SecurityCenter2 path AntivirusProduct get displayName,productState!s!\nCurrentDirectory: C:\\Windows\\system32\\!s!\nUser: LT29\\seguridad!s!\nLogonGuid: 6BC49A7D-7A59-6A53-01CA-280000000000!s!\nLogonId: 2673153!s!\nTerminalSessionId: 1!s!\nIntegrityLevel: High!s!\nHashes: MD5=C37F2F4F4B3CD128BDABCAEB2266A785,SHA256=12ABB45620A7A1FFD8BB953DEBA3FCC30B8BA14B2FF523F1F519BF2BF6BA7D4C,IMPHASH=527C7C66CDD13D72D793BCA3A417BCBE!s!\nParentProcessGuid: 6BC49A7D-9631-6A53-AC06-000000009A01!s!\nParentProcessId: 9464!s!\nParentImage: C:\\Windows\\System32\\cmd.exe!s!\nParentCommandLine: cmd.exe  /c \"wmic /namespace:\\\\root\\SecurityCenter2 path AntivirusProduct get displayName,productState\"!s!\nParentUser: LT29\\seguridad!s!\r\n"},"_Source":"Windows.Sigma.BaseEvents","ClientId":"C.364907172793f8c7","_ts":1783862861607}
{"Timestamp":"2026-07-12T13:26:46.949819087Z","Computer":"LT29.ait.us.es","Channel":"Microsoft-Windows-Sysmon/Operational","EID":13,"Level":"medium","Title":"CurrentVersion Autorun Keys Modification 2","RecordID":105160,"Details":"EventType: null ¦ TgtObj: HKU\\S-1-5-21-2237245112-686140129-944090608-1004\\SOFTWARE\\Microsoft\\Windows\\CurrentVersion\\Run\\TFM_T1547_001_test: C:\\Windows\\System32\\calc.exe ¦ Proc: C:\\Windows\\system32\\reg.exe ¦ PID: 11696 ¦ PGUID: 6BC49A7D-9616-6A53-9B06-000000009A01","_Event":{"System":{"Provider":{"Name":"Microsoft-Windows-Sysmon","Guid":"5770385F-C22A-43E0-BF4C-06F5698FFBD9"},"EventID":{"Value":13},"Version":2,"Level":4,"Task":13,"Opcode":0,"Keywords":9223372036854775808,"TimeCreated":{"SystemTime":1783862806.949819},"EventRecordID":105160,"Correlation":{},"Execution":{"ProcessID":4652,"ThreadID":6392},"Channel":"Microsoft-Windows-Sysmon/Operational","Computer":"LT29.ait.us.es","Security":{"UserID":"S-1-5-18"}},"EventData":{"RuleName":"T1060,RunKey","EventType":"SetValue","UtcTime":"2026-07-12 13:26:46.945","ProcessGuid":"6BC49A7D-9616-6A53-9B06-000000009A01","ProcessId":11696,"Image":"C:\\Windows\\system32\\reg.exe","TargetObject":"HKU\\S-1-5-21-2237245112-686140129-944090608-1004\\SOFTWARE\\Microsoft\\Windows\\CurrentVersion\\Run\\TFM_T1547_001_test","Details":"C:\\Windows\\System32\\calc.exe","User":"LT29\\seguridad"},"Message":"Registry value set:\nRuleName: T1060,RunKey!s!\nEventType: SetValue!s!\nUtcTime: 2026-07-12 13:26:46.945!s!\nProcessGuid: 6BC49A7D-9616-6A53-9B06-000000009A01!s!\nProcessId: 11696!s!\nImage: C:\\Windows\\system32\\reg.exe!s!\nTargetObject: HKU\\S-1-5-21-2237245112-686140129-944090608-1004\\SOFTWARE\\Microsoft\\Windows\\CurrentVersion\\Run\\TFM_T1547_001_test!s!\nDetails: C:\\Windows\\System32\\calc.exe!s!\nUser: LT29\\seguridad!s!\r\n"},"_Source":"Windows.Sigma.BaseEvents","ClientId":"C.364907172793f8c7","_ts":1783862861607}
{"Timestamp":"2026-07-12T13:27:14.005164861Z","Computer":"LT29.ait.us.es","Channel":"Microsoft-Windows-Sysmon/Operational","EID":1,"Level":"low","Title":"System Information Discovery Via Wmic.EXE 2","RecordID":105185,"Details":"Cmdline: wmic  /namespace:\\\\root\\SecurityCenter2 path AntivirusProduct get displayName,productState ¦ Proc: C:\\Windows\\System32\\wbem\\WMIC.exe ¦ User: LT29\\seguridad ¦ ParentCmdline: cmd.exe  /c \"wmic /namespace:\\\\root\\SecurityCenter2 path AntivirusProduct get displayName,productState\" ¦ LID: 2673153 ¦ LGUID: 6BC49A7D-7A59-6A53-01CA-280000000000 ¦ PID: 4360 ¦ PGUID: 6BC49A7D-9632-6A53-AD06-000000009A01 ¦ ParentPID: 9464 ¦ ParentPGUID: 6BC49A7D-9631-6A53-AC06-000000009A01 ¦ Description: WMI Commandline Utility ¦ Product: Microsoft® Windows® Operating System ¦ Company: Microsoft Corporation ¦ Hashes: MD5=C37F2F4F4B3CD128BDABCAEB2266A785,SHA256=12ABB45620A7A1FFD8BB953DEBA3FCC30B8BA14B2FF523F1F519BF2BF6BA7D4C,IMPHASH=527C7C66CDD13D72D793BCA3A417BCBE","_Event":{"System":{"Provider":{"Name":"Microsoft-Windows-Sysmon","Guid":"5770385F-C22A-43E0-BF4C-06F5698FFBD9"},"EventID":{"Value":1},"Version":5,"Level":4,"Task":1,"Opcode":0,"Keywords":9223372036854775808,"TimeCreated":{"SystemTime":1783862834.0051649},"EventRecordID":105185,"Correlation":{},"Execution":{"ProcessID":4652,"ThreadID":6392},"Channel":"Microsoft-Windows-Sysmon/Operational","Computer":"LT29.ait.us.es","Security":{"UserID":"S-1-5-18"}},"EventData":{"RuleName":"-","UtcTime":"2026-07-12 13:27:14.001","ProcessGuid":"6BC49A7D-9632-6A53-AD06-000000009A01","ProcessId":4360,"Image":"C:\\Windows\\System32\\wbem\\WMIC.exe","FileVersion":"10.0.19041.1741 (WinBuild.160101.0800)","Description":"WMI Commandline Utility","Product":"Microsoft® Windows® Operating System","Company":"Microsoft Corporation","OriginalFileName":"wmic.exe","CommandLine":"wmic  /namespace:\\\\root\\SecurityCenter2 path AntivirusProduct get displayName,productState","CurrentDirectory":"C:\\Windows\\system32\\","User":"LT29\\seguridad","LogonGuid":"6BC49A7D-7A59-6A53-01CA-280000000000","LogonId":2673153,"TerminalSessionId":1,"IntegrityLevel":"High","Hashes":"MD5=C37F2F4F4B3CD128BDABCAEB2266A785,SHA256=12ABB45620A7A1FFD8BB953DEBA3FCC30B8BA14B2FF523F1F519BF2BF6BA7D4C,IMPHASH=527C7C66CDD13D72D793BCA3A417BCBE","ParentProcessGuid":"6BC49A7D-9631-6A53-AC06-000000009A01","ParentProcessId":9464,"ParentImage":"C:\\Windows\\System32\\cmd.exe","ParentCommandLine":"cmd.exe  /c \"wmic /namespace:\\\\root\\SecurityCenter2 path AntivirusProduct get displayName,productState\"","ParentUser":"LT29\\seguridad"},"Message":"Process Create:\nRuleName: -!s!\nUtcTime: 2026-07-12 13:27:14.001!s!\nProcessGuid: 6BC49A7D-9632-6A53-AD06-000000009A01!s!\nProcessId: 4360!s!\nImage: C:\\Windows\\System32\\wbem\\WMIC.exe!s!\nFileVersion: 10.0.19041.1741 (WinBuild.160101.0800)!s!\nDescription: WMI Commandline Utility!s!\nProduct: Microsoft® Windows® Operating System!s!\nCompany: Microsoft Corporation!s!\nOriginalFileName: wmic.exe!s!\nCommandLine: wmic  /namespace:\\\\root\\SecurityCenter2 path AntivirusProduct get displayName,productState!s!\nCurrentDirectory: C:\\Windows\\system32\\!s!\nUser: LT29\\seguridad!s!\nLogonGuid: 6BC49A7D-7A59-6A53-01CA-280000000000!s!\nLogonId: 2673153!s!\nTerminalSessionId: 1!s!\nIntegrityLevel: High!s!\nHashes: MD5=C37F2F4F4B3CD128BDABCAEB2266A785,SHA256=12ABB45620A7A1FFD8BB953DEBA3FCC30B8BA14B2FF523F1F519BF2BF6BA7D4C,IMPHASH=527C7C66CDD13D72D793BCA3A417BCBE!s!\nParentProcessGuid: 6BC49A7D-9631-6A53-AC06-000000009A01!s!\nParentProcessId: 9464!s!\nParentImage: C:\\Windows\\System32\\cmd.exe!s!\nParentCommandLine: cmd.exe  /c \"wmic /namespace:\\\\root\\SecurityCenter2 path AntivirusProduct get displayName,productState\"!s!\nParentUser: LT29\\seguridad!s!\r\n"},"_Source":"Windows.Sigma.BaseEvents","ClientId":"C.364907172793f8c7","_ts":1783862861607}
{"Timestamp":"2026-07-12T13:26:59.677686452Z","Computer":"LT29.ait.us.es","Channel":"Microsoft-Windows-Sysmon/Operational","EID":1,"Level":"low","Title":"CMD Shell Output Redirect 2","RecordID":105166,"Details":"Cmdline: \"cmd.exe\" /d /c sc.exe create \"TFM TEC005 Test Service\" binPath= \"C:\\Windows\\System32\\cmd.exe /c echo TEC005_OK ^\u003e C:\\Users\\Public\\tec005_ok.txt\" start= demand ¦ Proc: C:\\Windows\\System32\\cmd.exe ¦ User: LT29\\seguridad ¦ ParentCmdline: \"C:\\Windows\\System32\\WindowsPowerShell\\v1.0\\powershell.exe\"  ¦ LID: 2673153 ¦ LGUID: 6BC49A7D-7A59-6A53-01CA-280000000000 ¦ PID: 7844 ¦ PGUID: 6BC49A7D-9623-6A53-A006-000000009A01 ¦ ParentPID: 12104 ¦ ParentPGUID: 6BC49A7D-7F1E-6A53-1C04-000000009A01 ¦ Description: Windows Command Processor ¦ Product: Microsoft® Windows® Operating System ¦ Company: Microsoft Corporation ¦ Hashes: MD5=8A2122E8162DBEF04694B9C3E0B6CDEE,SHA256=B99D61D874728EDC0918CA0EB10EAB93D381E7367E377406E65963366C874450,IMPHASH=272245E2988E1E430500B852C4FB5E18","_Event":{"System":{"Provider":{"Name":"Microsoft-Windows-Sysmon","Guid":"5770385F-C22A-43E0-BF4C-06F5698FFBD9"},"EventID":{"Value":1},"Version":5,"Level":4,"Task":1,"Opcode":0,"Keywords":9223372036854775808,"TimeCreated":{"SystemTime":1783862819.6776865},"EventRecordID":105166,"Correlation":{},"Execution":{"ProcessID":4652,"ThreadID":6392},"Channel":"Microsoft-Windows-Sysmon/Operational","Computer":"LT29.ait.us.es","Security":{"UserID":"S-1-5-18"}},"EventData":{"RuleName":"-","UtcTime":"2026-07-12 13:26:59.671","ProcessGuid":"6BC49A7D-9623-6A53-A006-000000009A01","ProcessId":7844,"Image":"C:\\Windows\\System32\\cmd.exe","FileVersion":"10.0.19041.746 (WinBuild.160101.0800)","Description":"Windows Command Processor","Product":"Microsoft® Windows® Operating System","Company":"Microsoft Corporation","OriginalFileName":"Cmd.Exe","CommandLine":"\"cmd.exe\" /d /c sc.exe create \"TFM TEC005 Test Service\" binPath= \"C:\\Windows\\System32\\cmd.exe /c echo TEC005_OK ^\u003e C:\\Users\\Public\\tec005_ok.txt\" start= demand","CurrentDirectory":"C:\\Windows\\system32\\","User":"LT29\\seguridad","LogonGuid":"6BC49A7D-7A59-6A53-01CA-280000000000","LogonId":2673153,"TerminalSessionId":1,"IntegrityLevel":"High","Hashes":"MD5=8A2122E8162DBEF04694B9C3E0B6CDEE,SHA256=B99D61D874728EDC0918CA0EB10EAB93D381E7367E377406E65963366C874450,IMPHASH=272245E2988E1E430500B852C4FB5E18","ParentProcessGuid":"6BC49A7D-7F1E-6A53-1C04-000000009A01","ParentProcessId":12104,"ParentImage":"C:\\Windows\\System32\\WindowsPowerShell\\v1.0\\powershell.exe","ParentCommandLine":"\"C:\\Windows\\System32\\WindowsPowerShell\\v1.0\\powershell.exe\" ","ParentUser":"LT29\\seguridad"},"Message":"Process Create:\nRuleName: -!s!\nUtcTime: 2026-07-12 13:26:59.671!s!\nProcessGuid: 6BC49A7D-9623-6A53-A006-000000009A01!s!\nProcessId: 7844!s!\nImage: C:\\Windows\\System32\\cmd.exe!s!\nFileVersion: 10.0.19041.746 (WinBuild.160101.0800)!s!\nDescription: Windows Command Processor!s!\nProduct: Microsoft® Windows® Operating System!s!\nCompany: Microsoft Corporation!s!\nOriginalFileName: Cmd.Exe!s!\nCommandLine: \"cmd.exe\" /d /c sc.exe create \"TFM TEC005 Test Service\" binPath= \"C:\\Windows\\System32\\cmd.exe /c echo TEC005_OK ^\u003e C:\\Users\\Public\\tec005_ok.txt\" start= demand!s!\nCurrentDirectory: C:\\Windows\\system32\\!s!\nUser: LT29\\seguridad!s!\nLogonGuid: 6BC49A7D-7A59-6A53-01CA-280000000000!s!\nLogonId: 2673153!s!\nTerminalSessionId: 1!s!\nIntegrityLevel: High!s!\nHashes: MD5=8A2122E8162DBEF04694B9C3E0B6CDEE,SHA256=B99D61D874728EDC0918CA0EB10EAB93D381E7367E377406E65963366C874450,IMPHASH=272245E2988E1E430500B852C4FB5E18!s!\nParentProcessGuid: 6BC49A7D-7F1E-6A53-1C04-000000009A01!s!\nParentProcessId: 12104!s!\nParentImage: C:\\Windows\\System32\\WindowsPowerShell\\v1.0\\powershell.exe!s!\nParentCommandLine: \"C:\\Windows\\System32\\WindowsPowerShell\\v1.0\\powershell.exe\" !s!\nParentUser: LT29\\seguridad!s!\r\n"},"_Source":"Windows.Sigma.BaseEvents","ClientId":"C.364907172793f8c7","_ts":1783862861607}
{"Timestamp":"2026-07-12T13:26:59.734751939Z","Computer":"LT29.ait.us.es","Channel":"Microsoft-Windows-Sysmon/Operational","EID":1,"Level":"low","Title":"New Service Creation Using Sc.EXE 2","RecordID":105167,"Details":"Cmdline: sc.exe  create \"TFM TEC005 Test Service\" binPath= \"C:\\Windows\\System32\\cmd.exe /c echo TEC005_OK ^\u003e C:\\Users\\Public\\tec005_ok.txt\" start= demand ¦ Proc: C:\\Windows\\System32\\sc.exe ¦ User: LT29\\seguridad ¦ ParentCmdline: \"cmd.exe\" /d /c sc.exe create \"TFM TEC005 Test Service\" binPath= \"C:\\Windows\\System32\\cmd.exe /c echo TEC005_OK ^\u003e C:\\Users\\Public\\tec005_ok.txt\" start= demand ¦ LID: 2673153 ¦ LGUID: 6BC49A7D-7A59-6A53-01CA-280000000000 ¦ PID: 5360 ¦ PGUID: 6BC49A7D-9623-6A53-A106-000000009A01 ¦ ParentPID: 7844 ¦ ParentPGUID: 6BC49A7D-9623-6A53-A006-000000009A01 ¦ Description: Service Control Manager Configuration Tool ¦ Product: Microsoft® Windows® Operating System ¦ Company: Microsoft Corporation ¦ Hashes: MD5=3FB5CF71F7E7EB49790CB0E663434D80,SHA256=41F067C3A11B02FE39947F9EBA68AE5C7CB5BD1872A6009A4CD1506554A9ABA9,IMPHASH=803254E010814E69947095A2725B2AFD","_Event":{"System":{"Provider":{"Name":"Microsoft-Windows-Sysmon","Guid":"5770385F-C22A-43E0-BF4C-06F5698FFBD9"},"EventID":{"Value":1},"Version":5,"Level":4,"Task":1,"Opcode":0,"Keywords":9223372036854775808,"TimeCreated":{"SystemTime":1783862819.734752},"EventRecordID":105167,"Correlation":{},"Execution":{"ProcessID":4652,"ThreadID":6392},"Channel":"Microsoft-Windows-Sysmon/Operational","Computer":"LT29.ait.us.es","Security":{"UserID":"S-1-5-18"}},"EventData":{"RuleName":"-","UtcTime":"2026-07-12 13:26:59.725","ProcessGuid":"6BC49A7D-9623-6A53-A106-000000009A01","ProcessId":5360,"Image":"C:\\Windows\\System32\\sc.exe","FileVersion":"10.0.19041.1 (WinBuild.160101.0800)","Description":"Service Control Manager Configuration Tool","Product":"Microsoft® Windows® Operating System","Company":"Microsoft Corporation","OriginalFileName":"sc.exe","CommandLine":"sc.exe  create \"TFM TEC005 Test Service\" binPath= \"C:\\Windows\\System32\\cmd.exe /c echo TEC005_OK ^\u003e C:\\Users\\Public\\tec005_ok.txt\" start= demand","CurrentDirectory":"C:\\Windows\\system32\\","User":"LT29\\seguridad","LogonGuid":"6BC49A7D-7A59-6A53-01CA-280000000000","LogonId":2673153,"TerminalSessionId":1,"IntegrityLevel":"High","Hashes":"MD5=3FB5CF71F7E7EB49790CB0E663434D80,SHA256=41F067C3A11B02FE39947F9EBA68AE5C7CB5BD1872A6009A4CD1506554A9ABA9,IMPHASH=803254E010814E69947095A2725B2AFD","ParentProcessGuid":"6BC49A7D-9623-6A53-A006-000000009A01","ParentProcessId":7844,"ParentImage":"C:\\Windows\\System32\\cmd.exe","ParentCommandLine":"\"cmd.exe\" /d /c sc.exe create \"TFM TEC005 Test Service\" binPath= \"C:\\Windows\\System32\\cmd.exe /c echo TEC005_OK ^\u003e C:\\Users\\Public\\tec005_ok.txt\" start= demand","ParentUser":"LT29\\seguridad"},"Message":"Process Create:\nRuleName: -!s!\nUtcTime: 2026-07-12 13:26:59.725!s!\nProcessGuid: 6BC49A7D-9623-6A53-A106-000000009A01!s!\nProcessId: 5360!s!\nImage: C:\\Windows\\System32\\sc.exe!s!\nFileVersion: 10.0.19041.1 (WinBuild.160101.0800)!s!\nDescription: Service Control Manager Configuration Tool!s!\nProduct: Microsoft® Windows® Operating System!s!\nCompany: Microsoft Corporation!s!\nOriginalFileName: sc.exe!s!\nCommandLine: sc.exe  create \"TFM TEC005 Test Service\" binPath= \"C:\\Windows\\System32\\cmd.exe /c echo TEC005_OK ^\u003e C:\\Users\\Public\\tec005_ok.txt\" start= demand!s!\nCurrentDirectory: C:\\Windows\\system32\\!s!\nUser: LT29\\seguridad!s!\nLogonGuid: 6BC49A7D-7A59-6A53-01CA-280000000000!s!\nLogonId: 2673153!s!\nTerminalSessionId: 1!s!\nIntegrityLevel: High!s!\nHashes: MD5=3FB5CF71F7E7EB49790CB0E663434D80,SHA256=41F067C3A11B02FE39947F9EBA68AE5C7CB5BD1872A6009A4CD1506554A9ABA9,IMPHASH=803254E010814E69947095A2725B2AFD!s!\nParentProcessGuid: 6BC49A7D-9623-6A53-A006-000000009A01!s!\nParentProcessId: 7844!s!\nParentImage: C:\\Windows\\System32\\cmd.exe!s!\nParentCommandLine: \"cmd.exe\" /d /c sc.exe create \"TFM TEC005 Test Service\" binPath= \"C:\\Windows\\System32\\cmd.exe /c echo TEC005_OK ^\u003e C:\\Users\\Public\\tec005_ok.txt\" start= demand!s!\nParentUser: LT29\\seguridad!s!\r\n"},"_Source":"Windows.Sigma.BaseEvents","ClientId":"C.364907172793f8c7","_ts":1783862861607}
{"Timestamp":"2026-07-12T13:26:34.322721481Z","Computer":"LT29.ait.us.es","Channel":"Microsoft-Windows-Sysmon/Operational","EID":1,"Level":"low","Title":"CMD Shell Output Redirect 2","RecordID":105155,"Details":"Cmdline: \"cmd.exe\" /c echo TEC003_OK ^\u003e C:\\Users\\Public\\tec003_ok.txt ¦ Proc: C:\\Windows\\System32\\cmd.exe ¦ User: LT29\\seguridad ¦ ParentCmdline: C:\\Windows\\system32\\svchost.exe -k netsvcs -p -s Schedule ¦ LID: 2673254 ¦ LGUID: 6BC49A7D-7A59-6A53-66CA-280000000000 ¦ PID: 8568 ¦ PGUID: 6BC49A7D-960A-6A53-9606-000000009A01 ¦ ParentPID: 1320 ¦ ParentPGUID: 6BC49A7D-7994-6A53-1B00-000000009A01 ¦ Description: Windows Command Processor ¦ Product: Microsoft® Windows® Operating System ¦ Company: Microsoft Corporation ¦ Hashes: MD5=8A2122E8162DBEF04694B9C3E0B6CDEE,SHA256=B99D61D874728EDC0918CA0EB10EAB93D381E7367E377406E65963366C874450,IMPHASH=272245E2988E1E430500B852C4FB5E18","_Event":{"System":{"Provider":{"Name":"Microsoft-Windows-Sysmon","Guid":"5770385F-C22A-43E0-BF4C-06F5698FFBD9"},"EventID":{"Value":1},"Version":5,"Level":4,"Task":1,"Opcode":0,"Keywords":9223372036854775808,"TimeCreated":{"SystemTime":1783862794.3227215},"EventRecordID":105155,"Correlation":{},"Execution":{"ProcessID":4652,"ThreadID":6392},"Channel":"Microsoft-Windows-Sysmon/Operational","Computer":"LT29.ait.us.es","Security":{"UserID":"S-1-5-18"}},"EventData":{"RuleName":"-","UtcTime":"2026-07-12 13:26:34.315","ProcessGuid":"6BC49A7D-960A-6A53-9606-000000009A01","ProcessId":8568,"Image":"C:\\Windows\\System32\\cmd.exe","FileVersion":"10.0.19041.746 (WinBuild.160101.0800)","Description":"Windows Command Processor","Product":"Microsoft® Windows® Operating System","Company":"Microsoft Corporation","OriginalFileName":"Cmd.Exe","CommandLine":"\"cmd.exe\" /c echo TEC003_OK ^\u003e C:\\Users\\Public\\tec003_ok.txt","CurrentDirectory":"C:\\Windows\\system32\\","User":"LT29\\seguridad","LogonGuid":"6BC49A7D-7A59-6A53-66CA-280000000000","LogonId":2673254,"TerminalSessionId":1,"IntegrityLevel":"Medium","Hashes":"MD5=8A2122E8162DBEF04694B9C3E0B6CDEE,SHA256=B99D61D874728EDC0918CA0EB10EAB93D381E7367E377406E65963366C874450,IMPHASH=272245E2988E1E430500B852C4FB5E18","ParentProcessGuid":"6BC49A7D-7994-6A53-1B00-000000009A01","ParentProcessId":1320,"ParentImage":"C:\\Windows\\System32\\svchost.exe","ParentCommandLine":"C:\\Windows\\system32\\svchost.exe -k netsvcs -p -s Schedule","ParentUser":"NT AUTHORITY\\SYSTEM"},"Message":"Process Create:\nRuleName: -!s!\nUtcTime: 2026-07-12 13:26:34.315!s!\nProcessGuid: 6BC49A7D-960A-6A53-9606-000000009A01!s!\nProcessId: 8568!s!\nImage: C:\\Windows\\System32\\cmd.exe!s!\nFileVersion: 10.0.19041.746 (WinBuild.160101.0800)!s!\nDescription: Windows Command Processor!s!\nProduct: Microsoft® Windows® Operating System!s!\nCompany: Microsoft Corporation!s!\nOriginalFileName: Cmd.Exe!s!\nCommandLine: \"cmd.exe\" /c echo TEC003_OK ^\u003e C:\\Users\\Public\\tec003_ok.txt!s!\nCurrentDirectory: C:\\Windows\\system32\\!s!\nUser: LT29\\seguridad!s!\nLogonGuid: 6BC49A7D-7A59-6A53-66CA-280000000000!s!\nLogonId: 2673254!s!\nTerminalSessionId: 1!s!\nIntegrityLevel: Medium!s!\nHashes: MD5=8A2122E8162DBEF04694B9C3E0B6CDEE,SHA256=B99D61D874728EDC0918CA0EB10EAB93D381E7367E377406E65963366C874450,IMPHASH=272245E2988E1E430500B852C4FB5E18!s!\nParentProcessGuid: 6BC49A7D-7994-6A53-1B00-000000009A01!s!\nParentProcessId: 1320!s!\nParentImage: C:\\Windows\\System32\\svchost.exe!s!\nParentCommandLine: C:\\Windows\\system32\\svchost.exe -k netsvcs -p -s Schedule!s!\nParentUser: NT AUTHORITY\\SYSTEM!s!\r\n"},"_Source":"Windows.Sigma.BaseEvents","ClientId":"C.364907172793f8c7","_ts":1783862861607}
{"Timestamp":"2026-07-12T13:26:59.734751939Z","Computer":"LT29.ait.us.es","Channel":"Microsoft-Windows-Sysmon/Operational","EID":1,"Level":"high","Title":"Suspicious New Service Creation 2","RecordID":105167,"Details":"Cmdline: sc.exe  create \"TFM TEC005 Test Service\" binPath= \"C:\\Windows\\System32\\cmd.exe /c echo TEC005_OK ^\u003e C:\\Users\\Public\\tec005_ok.txt\" start= demand ¦ Proc: C:\\Windows\\System32\\sc.exe ¦ User: LT29\\seguridad ¦ ParentCmdline: \"cmd.exe\" /d /c sc.exe create \"TFM TEC005 Test Service\" binPath= \"C:\\Windows\\System32\\cmd.exe /c echo TEC005_OK ^\u003e C:\\Users\\Public\\tec005_ok.txt\" start= demand ¦ LID: 2673153 ¦ LGUID: 6BC49A7D-7A59-6A53-01CA-280000000000 ¦ PID: 5360 ¦ PGUID: 6BC49A7D-9623-6A53-A106-000000009A01 ¦ ParentPID: 7844 ¦ ParentPGUID: 6BC49A7D-9623-6A53-A006-000000009A01 ¦ Description: Service Control Manager Configuration Tool ¦ Product: Microsoft® Windows® Operating System ¦ Company: Microsoft Corporation ¦ Hashes: MD5=3FB5CF71F7E7EB49790CB0E663434D80,SHA256=41F067C3A11B02FE39947F9EBA68AE5C7CB5BD1872A6009A4CD1506554A9ABA9,IMPHASH=803254E010814E69947095A2725B2AFD","_Event":{"System":{"Provider":{"Name":"Microsoft-Windows-Sysmon","Guid":"5770385F-C22A-43E0-BF4C-06F5698FFBD9"},"EventID":{"Value":1},"Version":5,"Level":4,"Task":1,"Opcode":0,"Keywords":9223372036854775808,"TimeCreated":{"SystemTime":1783862819.734752},"EventRecordID":105167,"Correlation":{},"Execution":{"ProcessID":4652,"ThreadID":6392},"Channel":"Microsoft-Windows-Sysmon/Operational","Computer":"LT29.ait.us.es","Security":{"UserID":"S-1-5-18"}},"EventData":{"RuleName":"-","UtcTime":"2026-07-12 13:26:59.725","ProcessGuid":"6BC49A7D-9623-6A53-A106-000000009A01","ProcessId":5360,"Image":"C:\\Windows\\System32\\sc.exe","FileVersion":"10.0.19041.1 (WinBuild.160101.0800)","Description":"Service Control Manager Configuration Tool","Product":"Microsoft® Windows® Operating System","Company":"Microsoft Corporation","OriginalFileName":"sc.exe","CommandLine":"sc.exe  create \"TFM TEC005 Test Service\" binPath= \"C:\\Windows\\System32\\cmd.exe /c echo TEC005_OK ^\u003e C:\\Users\\Public\\tec005_ok.txt\" start= demand","CurrentDirectory":"C:\\Windows\\system32\\","User":"LT29\\seguridad","LogonGuid":"6BC49A7D-7A59-6A53-01CA-280000000000","LogonId":2673153,"TerminalSessionId":1,"IntegrityLevel":"High","Hashes":"MD5=3FB5CF71F7E7EB49790CB0E663434D80,SHA256=41F067C3A11B02FE39947F9EBA68AE5C7CB5BD1872A6009A4CD1506554A9ABA9,IMPHASH=803254E010814E69947095A2725B2AFD","ParentProcessGuid":"6BC49A7D-9623-6A53-A006-000000009A01","ParentProcessId":7844,"ParentImage":"C:\\Windows\\System32\\cmd.exe","ParentCommandLine":"\"cmd.exe\" /d /c sc.exe create \"TFM TEC005 Test Service\" binPath= \"C:\\Windows\\System32\\cmd.exe /c echo TEC005_OK ^\u003e C:\\Users\\Public\\tec005_ok.txt\" start= demand","ParentUser":"LT29\\seguridad"},"Message":"Process Create:\nRuleName: -!s!\nUtcTime: 2026-07-12 13:26:59.725!s!\nProcessGuid: 6BC49A7D-9623-6A53-A106-000000009A01!s!\nProcessId: 5360!s!\nImage: C:\\Windows\\System32\\sc.exe!s!\nFileVersion: 10.0.19041.1 (WinBuild.160101.0800)!s!\nDescription: Service Control Manager Configuration Tool!s!\nProduct: Microsoft® Windows® Operating System!s!\nCompany: Microsoft Corporation!s!\nOriginalFileName: sc.exe!s!\nCommandLine: sc.exe  create \"TFM TEC005 Test Service\" binPath= \"C:\\Windows\\System32\\cmd.exe /c echo TEC005_OK ^\u003e C:\\Users\\Public\\tec005_ok.txt\" start= demand!s!\nCurrentDirectory: C:\\Windows\\system32\\!s!\nUser: LT29\\seguridad!s!\nLogonGuid: 6BC49A7D-7A59-6A53-01CA-280000000000!s!\nLogonId: 2673153!s!\nTerminalSessionId: 1!s!\nIntegrityLevel: High!s!\nHashes: MD5=3FB5CF71F7E7EB49790CB0E663434D80,SHA256=41F067C3A11B02FE39947F9EBA68AE5C7CB5BD1872A6009A4CD1506554A9ABA9,IMPHASH=803254E010814E69947095A2725B2AFD!s!\nParentProcessGuid: 6BC49A7D-9623-6A53-A006-000000009A01!s!\nParentProcessId: 7844!s!\nParentImage: C:\\Windows\\System32\\cmd.exe!s!\nParentCommandLine: \"cmd.exe\" /d /c sc.exe create \"TFM TEC005 Test Service\" binPath= \"C:\\Windows\\System32\\cmd.exe /c echo TEC005_OK ^\u003e C:\\Users\\Public\\tec005_ok.txt\" start= demand!s!\nParentUser: LT29\\seguridad!s!\r\n"},"_Source":"Windows.Sigma.BaseEvents","ClientId":"C.364907172793f8c7","_ts":1783862861607}
{"Timestamp":"2026-07-12T13:26:29.602799892Z","Computer":"LT29.ait.us.es","Channel":"Microsoft-Windows-Sysmon/Operational","EID":1,"Level":"low","Title":"Scheduled Task Creation Via Schtasks.EXE 2","RecordID":105149,"Details":"Cmdline: schtasks.exe  /create /tn \"TFM-TEC-003\" /tr \"cmd.exe /c echo TEC003_OK ^\u003e C:\\Users\\Public\\tec003_ok.txt\" /sc once /st 15:31 /f ¦ Proc: C:\\Windows\\System32\\schtasks.exe ¦ User: LT29\\seguridad ¦ ParentCmdline: \"cmd.exe\" /d /c schtasks.exe /create /tn \"TFM-TEC-003\" /tr \"cmd.exe /c echo TEC003_OK ^\u003e C:\\Users\\Public\\tec003_ok.txt\" /sc once /st 15:31 /f ¦ LID: 2673153 ¦ LGUID: 6BC49A7D-7A59-6A53-01CA-280000000000 ¦ PID: 7748 ¦ PGUID: 6BC49A7D-9605-6A53-9106-000000009A01 ¦ ParentPID: 11360 ¦ ParentPGUID: 6BC49A7D-9605-6A53-9006-000000009A01 ¦ Description: Task Scheduler Configuration Tool ¦ Product: Microsoft® Windows® Operating System ¦ Company: Microsoft Corporation ¦ Hashes: MD5=76CD6626DD8834BD4A42E6A565104DC2,SHA256=013C013E0EFD13C9380FAD58418B7ACA8356E591A5CCEFFDB910F7D8B0AD28EF,IMPHASH=ECCE05491F2E8F279F4790BCB1318C05","_Event":{"System":{"Provider":{"Name":"Microsoft-Windows-Sysmon","Guid":"5770385F-C22A-43E0-BF4C-06F5698FFBD9"},"EventID":{"Value":1},"Version":5,"Level":4,"Task":1,"Opcode":0,"Keywords":9223372036854775808,"TimeCreated":{"SystemTime":1783862789.6028},"EventRecordID":105149,"Correlation":{},"Execution":{"ProcessID":4652,"ThreadID":6392},"Channel":"Microsoft-Windows-Sysmon/Operational","Computer":"LT29.ait.us.es","Security":{"UserID":"S-1-5-18"}},"EventData":{"RuleName":"-","UtcTime":"2026-07-12 13:26:29.589","ProcessGuid":"6BC49A7D-9605-6A53-9106-000000009A01","ProcessId":7748,"Image":"C:\\Windows\\System32\\schtasks.exe","FileVersion":"10.0.19041.1503 (WinBuild.160101.0800)","Description":"Task Scheduler Configuration Tool","Product":"Microsoft® Windows® Operating System","Company":"Microsoft Corporation","OriginalFileName":"schtasks.exe","CommandLine":"schtasks.exe  /create /tn \"TFM-TEC-003\" /tr \"cmd.exe /c echo TEC003_OK ^\u003e C:\\Users\\Public\\tec003_ok.txt\" /sc once /st 15:31 /f","CurrentDirectory":"C:\\Windows\\system32\\","User":"LT29\\seguridad","LogonGuid":"6BC49A7D-7A59-6A53-01CA-280000000000","LogonId":2673153,"TerminalSessionId":1,"IntegrityLevel":"High","Hashes":"MD5=76CD6626DD8834BD4A42E6A565104DC2,SHA256=013C013E0EFD13C9380FAD58418B7ACA8356E591A5CCEFFDB910F7D8B0AD28EF,IMPHASH=ECCE05491F2E8F279F4790BCB1318C05","ParentProcessGuid":"6BC49A7D-9605-6A53-9006-000000009A01","ParentProcessId":11360,"ParentImage":"C:\\Windows\\System32\\cmd.exe","ParentCommandLine":"\"cmd.exe\" /d /c schtasks.exe /create /tn \"TFM-TEC-003\" /tr \"cmd.exe /c echo TEC003_OK ^\u003e C:\\Users\\Public\\tec003_ok.txt\" /sc once /st 15:31 /f","ParentUser":"LT29\\seguridad"},"Message":"Process Create:\nRuleName: -!s!\nUtcTime: 2026-07-12 13:26:29.589!s!\nProcessGuid: 6BC49A7D-9605-6A53-9106-000000009A01!s!\nProcessId: 7748!s!\nImage: C:\\Windows\\System32\\schtasks.exe!s!\nFileVersion: 10.0.19041.1503 (WinBuild.160101.0800)!s!\nDescription: Task Scheduler Configuration Tool!s!\nProduct: Microsoft® Windows® Operating System!s!\nCompany: Microsoft Corporation!s!\nOriginalFileName: schtasks.exe!s!\nCommandLine: schtasks.exe  /create /tn \"TFM-TEC-003\" /tr \"cmd.exe /c echo TEC003_OK ^\u003e C:\\Users\\Public\\tec003_ok.txt\" /sc once /st 15:31 /f!s!\nCurrentDirectory: C:\\Windows\\system32\\!s!\nUser: LT29\\seguridad!s!\nLogonGuid: 6BC49A7D-7A59-6A53-01CA-280000000000!s!\nLogonId: 2673153!s!\nTerminalSessionId: 1!s!\nIntegrityLevel: High!s!\nHashes: MD5=76CD6626DD8834BD4A42E6A565104DC2,SHA256=013C013E0EFD13C9380FAD58418B7ACA8356E591A5CCEFFDB910F7D8B0AD28EF,IMPHASH=ECCE05491F2E8F279F4790BCB1318C05!s!\nParentProcessGuid: 6BC49A7D-9605-6A53-9006-000000009A01!s!\nParentProcessId: 11360!s!\nParentImage: C:\\Windows\\System32\\cmd.exe!s!\nParentCommandLine: \"cmd.exe\" /d /c schtasks.exe /create /tn \"TFM-TEC-003\" /tr \"cmd.exe /c echo TEC003_OK ^\u003e C:\\Users\\Public\\tec003_ok.txt\" /sc once /st 15:31 /f!s!\nParentUser: LT29\\seguridad!s!\r\n"},"_Source":"Windows.Sigma.BaseEvents","ClientId":"C.364907172793f8c7","_ts":1783862861607}
