{"Timestamp":"2026-07-12T13:25:53.045763254Z","Computer":"LT29.ait.us.es","Channel":"Windows PowerShell","EID":400,"Level":"informational","Title":"PwSh Engine Started","RecordID":130945,"Details":"HostApplication: powershell.exe -NoProfile -ExecutionPolicy Bypass -Command Write-Host TEC001_OK; Start-Sleep 3","_Event":{"System":{"Provider":{"Name":"PowerShell"},"EventID":{"Qualifiers":0,"Value":400},"Version":0,"Level":4,"Task":4,"Opcode":0,"Keywords":36028797018963968,"TimeCreated":{"SystemTime":1783862753.0457633},"EventRecordID":130945,"Correlation":{},"Execution":{"ProcessID":0,"ThreadID":0},"Channel":"Windows PowerShell","Computer":"LT29.ait.us.es","Security":{}},"EventData":{"Data":"\tNewEngineState=Available\r\n\tPreviousEngineState=None\r\n\r\n\tSequenceNumber=13\r\n\r\n\tHostName=ConsoleHost\r\n\tHostVersion=5.1.19041.3031\r\n\tHostId=a242bc3b-682c-4cba-8372-ba9b5ccd086e\r\n\tHostApplication=powershell.exe -NoProfile -ExecutionPolicy Bypass -Command Write-Host TEC001_OK; Start-Sleep 3\r\n\tEngineVersion=5.1.19041.3031\r\n\tRunspaceId=b39c1918-e5b9-455b-84d6-da751ef15450\r\n\tPipelineId=\r\n\tCommandName=\r\n\tCommandType=\r\n\tScriptName=\r\n\tCommandPath=\r\n\tCommandLine=","HostApplication":"powershell.exe -NoProfile -ExecutionPolicy Bypass -Command Write-Host TEC001_OK; Start-Sleep 3"},"Message":"El estado del motor ha cambiado de None a Available. \n\nDetalles: \n\tNewEngineState=Available\r\n\tPreviousEngineState=None\r\n\r\n\tSequenceNumber=13\r\n\r\n\tHostName=ConsoleHost\r\n\tHostVersion=5.1.19041.3031\r\n\tHostId=a242bc3b-682c-4cba-8372-ba9b5ccd086e\r\n\tHostApplication=powershell.exe -NoProfile -ExecutionPolicy Bypass -Command Write-Host TEC001_OK; Start-Sleep 3\r\n\tEngineVersion=5.1.19041.3031\r\n\tRunspaceId=b39c1918-e5b9-455b-84d6-da751ef15450\r\n\tPipelineId=\r\n\tCommandName=\r\n\tCommandType=\r\n\tScriptName=\r\n\tCommandPath=\r\n\tCommandLine=\r\n"},"_Source":"Windows.Sigma.BaseEvents","ClientId":"C.364907172793f8c7","_ts":1783862861607}
{"Timestamp":"2026-07-12T13:24:40.475345611Z","Computer":"LT29.ait.us.es","Channel":"Microsoft-Windows-Sysmon/Operational","EID":3,"Level":"medium","Title":"Net Conn (Sysmon Alert)","RecordID":105119,"Details":"Initiated: false ¦ Proto: tcp ¦ SrcIP: 0:0:0:0:0:0:0:1 ¦ SrcPort: 50900 ¦ SrcHost: LT29.ait.us.es ¦ TgtIP: 0:0:0:0:0:0:0:1 ¦ TgtPort: 8443 ¦ TgtHost: LT29.ait.us.es ¦ User: LT29\\seguridad ¦ Proc: C:\\Users\\seguridad\\Desktop\\TFM\\Velociraptor\\velociraptor-v0.75.6-windows-amd64.exe ¦ PID: 5276 ¦ PGUID: 6BC49A7D-7CD5-6A53-7102-000000009A01","_Event":{"System":{"Provider":{"Name":"Microsoft-Windows-Sysmon","Guid":"5770385F-C22A-43E0-BF4C-06F5698FFBD9"},"EventID":{"Value":3},"Version":5,"Level":4,"Task":3,"Opcode":0,"Keywords":9223372036854775808,"TimeCreated":{"SystemTime":1783862680.4753456},"EventRecordID":105119,"Correlation":{},"Execution":{"ProcessID":4652,"ThreadID":6168},"Channel":"Microsoft-Windows-Sysmon/Operational","Computer":"LT29.ait.us.es","Security":{"UserID":"S-1-5-18"}},"EventData":{"RuleName":"Usermode","UtcTime":"2026-07-12 13:24:53.858","ProcessGuid":"6BC49A7D-7CD5-6A53-7102-000000009A01","ProcessId":5276,"Image":"C:\\Users\\seguridad\\Desktop\\TFM\\Velociraptor\\velociraptor-v0.75.6-windows-amd64.exe","User":"LT29\\seguridad","Protocol":"tcp","Initiated":false,"SourceIsIpv6":true,"SourceIp":"0:0:0:0:0:0:0:1","SourceHostname":"LT29.ait.us.es","SourcePort":50900,"SourcePortName":"-","DestinationIsIpv6":true,"DestinationIp":"0:0:0:0:0:0:0:1","DestinationHostname":"LT29.ait.us.es","DestinationPort":8443,"DestinationPortName":"-"},"Message":"Network connection detected:\nRuleName: Usermode!s!\nUtcTime: 2026-07-12 13:24:53.858!s!\nProcessGuid: 6BC49A7D-7CD5-6A53-7102-000000009A01!s!\nProcessId: 5276!s!\nImage: C:\\Users\\seguridad\\Desktop\\TFM\\Velociraptor\\velociraptor-v0.75.6-windows-amd64.exe!s!\nUser: LT29\\seguridad!s!\nProtocol: tcp!s!\nInitiated: false!s!\nSourceIsIpv6: true!s!\nSourceIp: 0:0:0:0:0:0:0:1!s!\nSourceHostname: LT29.ait.us.es!s!\nSourcePort: 50900!s!\nSourcePortName: -!s!\nDestinationIsIpv6: true!s!\nDestinationIp: 0:0:0:0:0:0:0:1!s!\nDestinationHostname: LT29.ait.us.es!s!\nDestinationPort: 8443!s!\nDestinationPortName: -!s!\r\n"},"_Source":"Windows.Sigma.BaseEvents","ClientId":"C.364907172793f8c7","_ts":1783862861607}
{"Timestamp":"2026-07-12T13:25:56.313316822Z","Computer":"LT29.ait.us.es","Channel":"Microsoft-Windows-Sysmon/Operational","EID":3,"Level":"medium","Title":"Net Conn (Sysmon Alert)","RecordID":105138,"Details":"Initiated: false ¦ Proto: tcp ¦ SrcIP: 0:0:0:0:0:0:0:1 ¦ SrcPort: 50903 ¦ SrcHost: LT29.ait.us.es ¦ TgtIP: 0:0:0:0:0:0:0:1 ¦ TgtPort: 8443 ¦ TgtHost: LT29.ait.us.es ¦ User: LT29\\seguridad ¦ Proc: C:\\Users\\seguridad\\Desktop\\TFM\\Velociraptor\\velociraptor-v0.75.6-windows-amd64.exe ¦ PID: 5276 ¦ PGUID: 6BC49A7D-7CD5-6A53-7102-000000009A01","_Event":{"System":{"Provider":{"Name":"Microsoft-Windows-Sysmon","Guid":"5770385F-C22A-43E0-BF4C-06F5698FFBD9"},"EventID":{"Value":3},"Version":5,"Level":4,"Task":3,"Opcode":0,"Keywords":9223372036854775808,"TimeCreated":{"SystemTime":1783862756.3133168},"EventRecordID":105138,"Correlation":{},"Execution":{"ProcessID":4652,"ThreadID":6168},"Channel":"Microsoft-Windows-Sysmon/Operational","Computer":"LT29.ait.us.es","Security":{"UserID":"S-1-5-18"}},"EventData":{"RuleName":"Usermode","UtcTime":"2026-07-12 13:26:10.877","ProcessGuid":"6BC49A7D-7CD5-6A53-7102-000000009A01","ProcessId":5276,"Image":"C:\\Users\\seguridad\\Desktop\\TFM\\Velociraptor\\velociraptor-v0.75.6-windows-amd64.exe","User":"LT29\\seguridad","Protocol":"tcp","Initiated":false,"SourceIsIpv6":true,"SourceIp":"0:0:0:0:0:0:0:1","SourceHostname":"LT29.ait.us.es","SourcePort":50903,"SourcePortName":"-","DestinationIsIpv6":true,"DestinationIp":"0:0:0:0:0:0:0:1","DestinationHostname":"LT29.ait.us.es","DestinationPort":8443,"DestinationPortName":"-"},"Message":"Network connection detected:\nRuleName: Usermode!s!\nUtcTime: 2026-07-12 13:26:10.877!s!\nProcessGuid: 6BC49A7D-7CD5-6A53-7102-000000009A01!s!\nProcessId: 5276!s!\nImage: C:\\Users\\seguridad\\Desktop\\TFM\\Velociraptor\\velociraptor-v0.75.6-windows-amd64.exe!s!\nUser: LT29\\seguridad!s!\nProtocol: tcp!s!\nInitiated: false!s!\nSourceIsIpv6: true!s!\nSourceIp: 0:0:0:0:0:0:0:1!s!\nSourceHostname: LT29.ait.us.es!s!\nSourcePort: 50903!s!\nSourcePortName: -!s!\nDestinationIsIpv6: true!s!\nDestinationIp: 0:0:0:0:0:0:0:1!s!\nDestinationHostname: LT29.ait.us.es!s!\nDestinationPort: 8443!s!\nDestinationPortName: -!s!\r\n"},"_Source":"Windows.Sigma.BaseEvents","ClientId":"C.364907172793f8c7","_ts":1783862861607}
{"Timestamp":"2026-07-12T13:25:56.313339233Z","Computer":"LT29.ait.us.es","Channel":"Microsoft-Windows-Sysmon/Operational","EID":3,"Level":"medium","Title":"Net Conn (Sysmon Alert)","RecordID":105139,"Details":"Initiated: false ¦ Proto: tcp ¦ SrcIP: 0:0:0:0:0:0:0:1 ¦ SrcPort: 50904 ¦ SrcHost: LT29.ait.us.es ¦ TgtIP: 0:0:0:0:0:0:0:1 ¦ TgtPort: 8443 ¦ TgtHost: LT29.ait.us.es ¦ User: LT29\\seguridad ¦ Proc: C:\\Users\\seguridad\\Desktop\\TFM\\Velociraptor\\velociraptor-v0.75.6-windows-amd64.exe ¦ PID: 5276 ¦ PGUID: 6BC49A7D-7CD5-6A53-7102-000000009A01","_Event":{"System":{"Provider":{"Name":"Microsoft-Windows-Sysmon","Guid":"5770385F-C22A-43E0-BF4C-06F5698FFBD9"},"EventID":{"Value":3},"Version":5,"Level":4,"Task":3,"Opcode":0,"Keywords":9223372036854775808,"TimeCreated":{"SystemTime":1783862756.3133392},"EventRecordID":105139,"Correlation":{},"Execution":{"ProcessID":4652,"ThreadID":6168},"Channel":"Microsoft-Windows-Sysmon/Operational","Computer":"LT29.ait.us.es","Security":{"UserID":"S-1-5-18"}},"EventData":{"RuleName":"Usermode","UtcTime":"2026-07-12 13:26:10.893","ProcessGuid":"6BC49A7D-7CD5-6A53-7102-000000009A01","ProcessId":5276,"Image":"C:\\Users\\seguridad\\Desktop\\TFM\\Velociraptor\\velociraptor-v0.75.6-windows-amd64.exe","User":"LT29\\seguridad","Protocol":"tcp","Initiated":false,"SourceIsIpv6":true,"SourceIp":"0:0:0:0:0:0:0:1","SourceHostname":"LT29.ait.us.es","SourcePort":50904,"SourcePortName":"-","DestinationIsIpv6":true,"DestinationIp":"0:0:0:0:0:0:0:1","DestinationHostname":"LT29.ait.us.es","DestinationPort":8443,"DestinationPortName":"-"},"Message":"Network connection detected:\nRuleName: Usermode!s!\nUtcTime: 2026-07-12 13:26:10.893!s!\nProcessGuid: 6BC49A7D-7CD5-6A53-7102-000000009A01!s!\nProcessId: 5276!s!\nImage: C:\\Users\\seguridad\\Desktop\\TFM\\Velociraptor\\velociraptor-v0.75.6-windows-amd64.exe!s!\nUser: LT29\\seguridad!s!\nProtocol: tcp!s!\nInitiated: false!s!\nSourceIsIpv6: true!s!\nSourceIp: 0:0:0:0:0:0:0:1!s!\nSourceHostname: LT29.ait.us.es!s!\nSourcePort: 50904!s!\nSourcePortName: -!s!\nDestinationIsIpv6: true!s!\nDestinationIp: 0:0:0:0:0:0:0:1!s!\nDestinationHostname: LT29.ait.us.es!s!\nDestinationPort: 8443!s!\nDestinationPortName: -!s!\r\n"},"_Source":"Windows.Sigma.BaseEvents","ClientId":"C.364907172793f8c7","_ts":1783862861607}
{"Timestamp":"2026-07-12T13:26:14.598910331Z","Computer":"LT29.ait.us.es","Channel":"Microsoft-Windows-Sysmon/Operational","EID":1,"Level":"low","Title":"Whoami Utility Execution 2","RecordID":105145,"Details":"Cmdline: whoami   ¦ Proc: C:\\Windows\\System32\\whoami.exe ¦ User: LT29\\seguridad ¦ ParentCmdline: cmd.exe  /c \"echo TEC002_OK \u0026 whoami \u0026 powershell.exe -NoProfile -Command Get-Process\" ¦ LID: 2673153 ¦ LGUID: 6BC49A7D-7A59-6A53-01CA-280000000000 ¦ PID: 2688 ¦ PGUID: 6BC49A7D-95F6-6A53-8E06-000000009A01 ¦ ParentPID: 8436 ¦ ParentPGUID: 6BC49A7D-95F6-6A53-8D06-000000009A01 ¦ Description: whoami - displays logged on user information ¦ Product: Microsoft® Windows® Operating System ¦ Company: Microsoft Corporation ¦ Hashes: MD5=A4A6924F3EAF97981323703D38FD99C4,SHA256=1D4902A04D99E8CCBFE7085E63155955FEE397449D386453F6C452AE407B8743,IMPHASH=7FF0758B766F747CE57DFAC70743FB88","_Event":{"System":{"Provider":{"Name":"Microsoft-Windows-Sysmon","Guid":"5770385F-C22A-43E0-BF4C-06F5698FFBD9"},"EventID":{"Value":1},"Version":5,"Level":4,"Task":1,"Opcode":0,"Keywords":9223372036854775808,"TimeCreated":{"SystemTime":1783862774.5989103},"EventRecordID":105145,"Correlation":{},"Execution":{"ProcessID":4652,"ThreadID":6392},"Channel":"Microsoft-Windows-Sysmon/Operational","Computer":"LT29.ait.us.es","Security":{"UserID":"S-1-5-18"}},"EventData":{"RuleName":"-","UtcTime":"2026-07-12 13:26:14.589","ProcessGuid":"6BC49A7D-95F6-6A53-8E06-000000009A01","ProcessId":2688,"Image":"C:\\Windows\\System32\\whoami.exe","FileVersion":"10.0.19041.1 (WinBuild.160101.0800)","Description":"whoami - displays logged on user information","Product":"Microsoft® Windows® Operating System","Company":"Microsoft Corporation","OriginalFileName":"whoami.exe","CommandLine":"whoami  ","CurrentDirectory":"C:\\Windows\\system32\\","User":"LT29\\seguridad","LogonGuid":"6BC49A7D-7A59-6A53-01CA-280000000000","LogonId":2673153,"TerminalSessionId":1,"IntegrityLevel":"High","Hashes":"MD5=A4A6924F3EAF97981323703D38FD99C4,SHA256=1D4902A04D99E8CCBFE7085E63155955FEE397449D386453F6C452AE407B8743,IMPHASH=7FF0758B766F747CE57DFAC70743FB88","ParentProcessGuid":"6BC49A7D-95F6-6A53-8D06-000000009A01","ParentProcessId":8436,"ParentImage":"C:\\Windows\\System32\\cmd.exe","ParentCommandLine":"cmd.exe  /c \"echo TEC002_OK \u0026 whoami \u0026 powershell.exe -NoProfile -Command Get-Process\"","ParentUser":"LT29\\seguridad"},"Message":"Process Create:\nRuleName: -!s!\nUtcTime: 2026-07-12 13:26:14.589!s!\nProcessGuid: 6BC49A7D-95F6-6A53-8E06-000000009A01!s!\nProcessId: 2688!s!\nImage: C:\\Windows\\System32\\whoami.exe!s!\nFileVersion: 10.0.19041.1 (WinBuild.160101.0800)!s!\nDescription: whoami - displays logged on user information!s!\nProduct: Microsoft® Windows® Operating System!s!\nCompany: Microsoft Corporation!s!\nOriginalFileName: whoami.exe!s!\nCommandLine: whoami  !s!\nCurrentDirectory: C:\\Windows\\system32\\!s!\nUser: LT29\\seguridad!s!\nLogonGuid: 6BC49A7D-7A59-6A53-01CA-280000000000!s!\nLogonId: 2673153!s!\nTerminalSessionId: 1!s!\nIntegrityLevel: High!s!\nHashes: MD5=A4A6924F3EAF97981323703D38FD99C4,SHA256=1D4902A04D99E8CCBFE7085E63155955FEE397449D386453F6C452AE407B8743,IMPHASH=7FF0758B766F747CE57DFAC70743FB88!s!\nParentProcessGuid: 6BC49A7D-95F6-6A53-8D06-000000009A01!s!\nParentProcessId: 8436!s!\nParentImage: C:\\Windows\\System32\\cmd.exe!s!\nParentCommandLine: cmd.exe  /c \"echo TEC002_OK \u0026 whoami \u0026 powershell.exe -NoProfile -Command Get-Process\"!s!\nParentUser: LT29\\seguridad!s!\r\n"},"_Source":"Windows.Sigma.BaseEvents","ClientId":"C.364907172793f8c7","_ts":1783862861607}
{"Timestamp":"2026-07-12T13:26:29.574336051Z","Computer":"LT29.ait.us.es","Channel":"Microsoft-Windows-Sysmon/Operational","EID":1,"Level":"medium","Title":"Cmd Stream Redirection 2","RecordID":105148,"Details":"Cmdline: \"cmd.exe\" /d /c schtasks.exe /create /tn \"TFM-TEC-003\" /tr \"cmd.exe /c echo TEC003_OK ^\u003e C:\\Users\\Public\\tec003_ok.txt\" /sc once /st 15:31 /f ¦ Proc: C:\\Windows\\System32\\cmd.exe ¦ User: LT29\\seguridad ¦ ParentCmdline: \"C:\\Windows\\System32\\WindowsPowerShell\\v1.0\\powershell.exe\"  ¦ LID: 2673153 ¦ LGUID: 6BC49A7D-7A59-6A53-01CA-280000000000 ¦ PID: 11360 ¦ PGUID: 6BC49A7D-9605-6A53-9006-000000009A01 ¦ ParentPID: 12104 ¦ ParentPGUID: 6BC49A7D-7F1E-6A53-1C04-000000009A01 ¦ Description: Windows Command Processor ¦ Product: Microsoft® Windows® Operating System ¦ Company: Microsoft Corporation ¦ Hashes: MD5=8A2122E8162DBEF04694B9C3E0B6CDEE,SHA256=B99D61D874728EDC0918CA0EB10EAB93D381E7367E377406E65963366C874450,IMPHASH=272245E2988E1E430500B852C4FB5E18","_Event":{"System":{"Provider":{"Name":"Microsoft-Windows-Sysmon","Guid":"5770385F-C22A-43E0-BF4C-06F5698FFBD9"},"EventID":{"Value":1},"Version":5,"Level":4,"Task":1,"Opcode":0,"Keywords":9223372036854775808,"TimeCreated":{"SystemTime":1783862789.574336},"EventRecordID":105148,"Correlation":{},"Execution":{"ProcessID":4652,"ThreadID":6392},"Channel":"Microsoft-Windows-Sysmon/Operational","Computer":"LT29.ait.us.es","Security":{"UserID":"S-1-5-18"}},"EventData":{"RuleName":"-","UtcTime":"2026-07-12 13:26:29.555","ProcessGuid":"6BC49A7D-9605-6A53-9006-000000009A01","ProcessId":11360,"Image":"C:\\Windows\\System32\\cmd.exe","FileVersion":"10.0.19041.746 (WinBuild.160101.0800)","Description":"Windows Command Processor","Product":"Microsoft® Windows® Operating System","Company":"Microsoft Corporation","OriginalFileName":"Cmd.Exe","CommandLine":"\"cmd.exe\" /d /c schtasks.exe /create /tn \"TFM-TEC-003\" /tr \"cmd.exe /c echo TEC003_OK ^\u003e C:\\Users\\Public\\tec003_ok.txt\" /sc once /st 15:31 /f","CurrentDirectory":"C:\\Windows\\system32\\","User":"LT29\\seguridad","LogonGuid":"6BC49A7D-7A59-6A53-01CA-280000000000","LogonId":2673153,"TerminalSessionId":1,"IntegrityLevel":"High","Hashes":"MD5=8A2122E8162DBEF04694B9C3E0B6CDEE,SHA256=B99D61D874728EDC0918CA0EB10EAB93D381E7367E377406E65963366C874450,IMPHASH=272245E2988E1E430500B852C4FB5E18","ParentProcessGuid":"6BC49A7D-7F1E-6A53-1C04-000000009A01","ParentProcessId":12104,"ParentImage":"C:\\Windows\\System32\\WindowsPowerShell\\v1.0\\powershell.exe","ParentCommandLine":"\"C:\\Windows\\System32\\WindowsPowerShell\\v1.0\\powershell.exe\" ","ParentUser":"LT29\\seguridad"},"Message":"Process Create:\nRuleName: -!s!\nUtcTime: 2026-07-12 13:26:29.555!s!\nProcessGuid: 6BC49A7D-9605-6A53-9006-000000009A01!s!\nProcessId: 11360!s!\nImage: C:\\Windows\\System32\\cmd.exe!s!\nFileVersion: 10.0.19041.746 (WinBuild.160101.0800)!s!\nDescription: Windows Command Processor!s!\nProduct: Microsoft® Windows® Operating System!s!\nCompany: Microsoft Corporation!s!\nOriginalFileName: Cmd.Exe!s!\nCommandLine: \"cmd.exe\" /d /c schtasks.exe /create /tn \"TFM-TEC-003\" /tr \"cmd.exe /c echo TEC003_OK ^\u003e C:\\Users\\Public\\tec003_ok.txt\" /sc once /st 15:31 /f!s!\nCurrentDirectory: C:\\Windows\\system32\\!s!\nUser: LT29\\seguridad!s!\nLogonGuid: 6BC49A7D-7A59-6A53-01CA-280000000000!s!\nLogonId: 2673153!s!\nTerminalSessionId: 1!s!\nIntegrityLevel: High!s!\nHashes: MD5=8A2122E8162DBEF04694B9C3E0B6CDEE,SHA256=B99D61D874728EDC0918CA0EB10EAB93D381E7367E377406E65963366C874450,IMPHASH=272245E2988E1E430500B852C4FB5E18!s!\nParentProcessGuid: 6BC49A7D-7F1E-6A53-1C04-000000009A01!s!\nParentProcessId: 12104!s!\nParentImage: C:\\Windows\\System32\\WindowsPowerShell\\v1.0\\powershell.exe!s!\nParentCommandLine: \"C:\\Windows\\System32\\WindowsPowerShell\\v1.0\\powershell.exe\" !s!\nParentUser: LT29\\seguridad!s!\r\n"},"_Source":"Windows.Sigma.BaseEvents","ClientId":"C.364907172793f8c7","_ts":1783862861607}
{"Timestamp":"2026-07-12T13:25:16.989881515Z","Computer":"LT29.ait.us.es","Channel":"Microsoft-Windows-Sysmon/Operational","EID":1,"Level":"low","Title":"Non Interactive PowerShell Process Spawned 2","RecordID":105130,"Details":"Cmdline: powershell.exe  -NoProfile -ExecutionPolicy Bypass -File \"C:\\Users\\seguridad\\Desktop\\TFM\\01_ACTIVE_TESTS\\Pruebas\\TEC-008_Sabotaje\\crear_directorio_dummy.ps1\"  ¦ Proc: C:\\Windows\\System32\\WindowsPowerShell\\v1.0\\powershell.exe ¦ User: LT29\\seguridad ¦ ParentCmdline: \"cmd.exe\" /d /c powershell.exe -NoProfile -ExecutionPolicy Bypass -File \"C:\\Users\\seguridad\\Desktop\\TFM\\01_ACTIVE_TESTS\\Pruebas\\TEC-008_Sabotaje\\crear_directorio_dummy.ps1\"  ¦ LID: 2673153 ¦ LGUID: 6BC49A7D-7A59-6A53-01CA-280000000000 ¦ PID: 5160 ¦ PGUID: 6BC49A7D-95BC-6A53-8506-000000009A01 ¦ ParentPID: 6856 ¦ ParentPGUID: 6BC49A7D-95BC-6A53-8406-000000009A01 ¦ Description: Windows PowerShell ¦ Product: Microsoft® Windows® Operating System ¦ Company: Microsoft Corporation ¦ Hashes: MD5=DFD66604CA0898E8E26DF7B1635B6326,SHA256=D23B67799A0DA0143E395BA5DB906A22AB08FAC4BD5581E275B1E0F1B3FAC55C,IMPHASH=88CB9A420410BDA787E305B65518A934","_Event":{"System":{"Provider":{"Name":"Microsoft-Windows-Sysmon","Guid":"5770385F-C22A-43E0-BF4C-06F5698FFBD9"},"EventID":{"Value":1},"Version":5,"Level":4,"Task":1,"Opcode":0,"Keywords":9223372036854775808,"TimeCreated":{"SystemTime":1783862716.9898815},"EventRecordID":105130,"Correlation":{},"Execution":{"ProcessID":4652,"ThreadID":6392},"Channel":"Microsoft-Windows-Sysmon/Operational","Computer":"LT29.ait.us.es","Security":{"UserID":"S-1-5-18"}},"EventData":{"RuleName":"-","UtcTime":"2026-07-12 13:25:16.977","ProcessGuid":"6BC49A7D-95BC-6A53-8506-000000009A01","ProcessId":5160,"Image":"C:\\Windows\\System32\\WindowsPowerShell\\v1.0\\powershell.exe","FileVersion":"10.0.19041.3393 (WinBuild.160101.0800)","Description":"Windows PowerShell","Product":"Microsoft® Windows® Operating System","Company":"Microsoft Corporation","OriginalFileName":"PowerShell.EXE","CommandLine":"powershell.exe  -NoProfile -ExecutionPolicy Bypass -File \"C:\\Users\\seguridad\\Desktop\\TFM\\01_ACTIVE_TESTS\\Pruebas\\TEC-008_Sabotaje\\crear_directorio_dummy.ps1\" ","CurrentDirectory":"C:\\Windows\\system32\\","User":"LT29\\seguridad","LogonGuid":"6BC49A7D-7A59-6A53-01CA-280000000000","LogonId":2673153,"TerminalSessionId":1,"IntegrityLevel":"High","Hashes":"MD5=DFD66604CA0898E8E26DF7B1635B6326,SHA256=D23B67799A0DA0143E395BA5DB906A22AB08FAC4BD5581E275B1E0F1B3FAC55C,IMPHASH=88CB9A420410BDA787E305B65518A934","ParentProcessGuid":"6BC49A7D-95BC-6A53-8406-000000009A01","ParentProcessId":6856,"ParentImage":"C:\\Windows\\System32\\cmd.exe","ParentCommandLine":"\"cmd.exe\" /d /c powershell.exe -NoProfile -ExecutionPolicy Bypass -File \"C:\\Users\\seguridad\\Desktop\\TFM\\01_ACTIVE_TESTS\\Pruebas\\TEC-008_Sabotaje\\crear_directorio_dummy.ps1\" ","ParentUser":"LT29\\seguridad"},"Message":"Process Create:\nRuleName: -!s!\nUtcTime: 2026-07-12 13:25:16.977!s!\nProcessGuid: 6BC49A7D-95BC-6A53-8506-000000009A01!s!\nProcessId: 5160!s!\nImage: C:\\Windows\\System32\\WindowsPowerShell\\v1.0\\powershell.exe!s!\nFileVersion: 10.0.19041.3393 (WinBuild.160101.0800)!s!\nDescription: Windows PowerShell!s!\nProduct: Microsoft® Windows® Operating System!s!\nCompany: Microsoft Corporation!s!\nOriginalFileName: PowerShell.EXE!s!\nCommandLine: powershell.exe  -NoProfile -ExecutionPolicy Bypass -File \"C:\\Users\\seguridad\\Desktop\\TFM\\01_ACTIVE_TESTS\\Pruebas\\TEC-008_Sabotaje\\crear_directorio_dummy.ps1\" !s!\nCurrentDirectory: C:\\Windows\\system32\\!s!\nUser: LT29\\seguridad!s!\nLogonGuid: 6BC49A7D-7A59-6A53-01CA-280000000000!s!\nLogonId: 2673153!s!\nTerminalSessionId: 1!s!\nIntegrityLevel: High!s!\nHashes: MD5=DFD66604CA0898E8E26DF7B1635B6326,SHA256=D23B67799A0DA0143E395BA5DB906A22AB08FAC4BD5581E275B1E0F1B3FAC55C,IMPHASH=88CB9A420410BDA787E305B65518A934!s!\nParentProcessGuid: 6BC49A7D-95BC-6A53-8406-000000009A01!s!\nParentProcessId: 6856!s!\nParentImage: C:\\Windows\\System32\\cmd.exe!s!\nParentCommandLine: \"cmd.exe\" /d /c powershell.exe -NoProfile -ExecutionPolicy Bypass -File \"C:\\Users\\seguridad\\Desktop\\TFM\\01_ACTIVE_TESTS\\Pruebas\\TEC-008_Sabotaje\\crear_directorio_dummy.ps1\" !s!\nParentUser: LT29\\seguridad!s!\r\n"},"_Source":"Windows.Sigma.BaseEvents","ClientId":"C.364907172793f8c7","_ts":1783862861607}
{"Timestamp":"2026-07-12T13:25:16.989881515Z","Computer":"LT29.ait.us.es","Channel":"Microsoft-Windows-Sysmon/Operational","EID":1,"Level":"medium","Title":"Change PowerShell Policies to an Insecure Level 2","RecordID":105130,"Details":"Cmdline: powershell.exe  -NoProfile -ExecutionPolicy Bypass -File \"C:\\Users\\seguridad\\Desktop\\TFM\\01_ACTIVE_TESTS\\Pruebas\\TEC-008_Sabotaje\\crear_directorio_dummy.ps1\"  ¦ Proc: C:\\Windows\\System32\\WindowsPowerShell\\v1.0\\powershell.exe ¦ User: LT29\\seguridad ¦ ParentCmdline: \"cmd.exe\" /d /c powershell.exe -NoProfile -ExecutionPolicy Bypass -File \"C:\\Users\\seguridad\\Desktop\\TFM\\01_ACTIVE_TESTS\\Pruebas\\TEC-008_Sabotaje\\crear_directorio_dummy.ps1\"  ¦ LID: 2673153 ¦ LGUID: 6BC49A7D-7A59-6A53-01CA-280000000000 ¦ PID: 5160 ¦ PGUID: 6BC49A7D-95BC-6A53-8506-000000009A01 ¦ ParentPID: 6856 ¦ ParentPGUID: 6BC49A7D-95BC-6A53-8406-000000009A01 ¦ Description: Windows PowerShell ¦ Product: Microsoft® Windows® Operating System ¦ Company: Microsoft Corporation ¦ Hashes: MD5=DFD66604CA0898E8E26DF7B1635B6326,SHA256=D23B67799A0DA0143E395BA5DB906A22AB08FAC4BD5581E275B1E0F1B3FAC55C,IMPHASH=88CB9A420410BDA787E305B65518A934","_Event":{"System":{"Provider":{"Name":"Microsoft-Windows-Sysmon","Guid":"5770385F-C22A-43E0-BF4C-06F5698FFBD9"},"EventID":{"Value":1},"Version":5,"Level":4,"Task":1,"Opcode":0,"Keywords":9223372036854775808,"TimeCreated":{"SystemTime":1783862716.9898815},"EventRecordID":105130,"Correlation":{},"Execution":{"ProcessID":4652,"ThreadID":6392},"Channel":"Microsoft-Windows-Sysmon/Operational","Computer":"LT29.ait.us.es","Security":{"UserID":"S-1-5-18"}},"EventData":{"RuleName":"-","UtcTime":"2026-07-12 13:25:16.977","ProcessGuid":"6BC49A7D-95BC-6A53-8506-000000009A01","ProcessId":5160,"Image":"C:\\Windows\\System32\\WindowsPowerShell\\v1.0\\powershell.exe","FileVersion":"10.0.19041.3393 (WinBuild.160101.0800)","Description":"Windows PowerShell","Product":"Microsoft® Windows® Operating System","Company":"Microsoft Corporation","OriginalFileName":"PowerShell.EXE","CommandLine":"powershell.exe  -NoProfile -ExecutionPolicy Bypass -File \"C:\\Users\\seguridad\\Desktop\\TFM\\01_ACTIVE_TESTS\\Pruebas\\TEC-008_Sabotaje\\crear_directorio_dummy.ps1\" ","CurrentDirectory":"C:\\Windows\\system32\\","User":"LT29\\seguridad","LogonGuid":"6BC49A7D-7A59-6A53-01CA-280000000000","LogonId":2673153,"TerminalSessionId":1,"IntegrityLevel":"High","Hashes":"MD5=DFD66604CA0898E8E26DF7B1635B6326,SHA256=D23B67799A0DA0143E395BA5DB906A22AB08FAC4BD5581E275B1E0F1B3FAC55C,IMPHASH=88CB9A420410BDA787E305B65518A934","ParentProcessGuid":"6BC49A7D-95BC-6A53-8406-000000009A01","ParentProcessId":6856,"ParentImage":"C:\\Windows\\System32\\cmd.exe","ParentCommandLine":"\"cmd.exe\" /d /c powershell.exe -NoProfile -ExecutionPolicy Bypass -File \"C:\\Users\\seguridad\\Desktop\\TFM\\01_ACTIVE_TESTS\\Pruebas\\TEC-008_Sabotaje\\crear_directorio_dummy.ps1\" ","ParentUser":"LT29\\seguridad"},"Message":"Process Create:\nRuleName: -!s!\nUtcTime: 2026-07-12 13:25:16.977!s!\nProcessGuid: 6BC49A7D-95BC-6A53-8506-000000009A01!s!\nProcessId: 5160!s!\nImage: C:\\Windows\\System32\\WindowsPowerShell\\v1.0\\powershell.exe!s!\nFileVersion: 10.0.19041.3393 (WinBuild.160101.0800)!s!\nDescription: Windows PowerShell!s!\nProduct: Microsoft® Windows® Operating System!s!\nCompany: Microsoft Corporation!s!\nOriginalFileName: PowerShell.EXE!s!\nCommandLine: powershell.exe  -NoProfile -ExecutionPolicy Bypass -File \"C:\\Users\\seguridad\\Desktop\\TFM\\01_ACTIVE_TESTS\\Pruebas\\TEC-008_Sabotaje\\crear_directorio_dummy.ps1\" !s!\nCurrentDirectory: C:\\Windows\\system32\\!s!\nUser: LT29\\seguridad!s!\nLogonGuid: 6BC49A7D-7A59-6A53-01CA-280000000000!s!\nLogonId: 2673153!s!\nTerminalSessionId: 1!s!\nIntegrityLevel: High!s!\nHashes: MD5=DFD66604CA0898E8E26DF7B1635B6326,SHA256=D23B67799A0DA0143E395BA5DB906A22AB08FAC4BD5581E275B1E0F1B3FAC55C,IMPHASH=88CB9A420410BDA787E305B65518A934!s!\nParentProcessGuid: 6BC49A7D-95BC-6A53-8406-000000009A01!s!\nParentProcessId: 6856!s!\nParentImage: C:\\Windows\\System32\\cmd.exe!s!\nParentCommandLine: \"cmd.exe\" /d /c powershell.exe -NoProfile -ExecutionPolicy Bypass -File \"C:\\Users\\seguridad\\Desktop\\TFM\\01_ACTIVE_TESTS\\Pruebas\\TEC-008_Sabotaje\\crear_directorio_dummy.ps1\" !s!\nParentUser: LT29\\seguridad!s!\r\n"},"_Source":"Windows.Sigma.BaseEvents","ClientId":"C.364907172793f8c7","_ts":1783862861607}
{"Timestamp":"2026-07-12T13:25:57.299268722Z","Computer":"LT29.ait.us.es","Channel":"Microsoft-Windows-Sysmon/Operational","EID":1,"Level":"high","Title":"Base64 Encoded PowerShell Command Detected 2","RecordID":105140,"Details":"Cmdline: \"cmd.exe\" /d /c powershell.exe -NoProfile -ExecutionPolicy Bypass -Command \"$b=[Convert]::ToBase64String([Text.Encoding]::UTF8.GetBytes('TEC001_BASE64_OK')); [Text.Encoding]::UTF8.GetString([Convert]::FromBase64String($b)) | Write-Host; IEX 'Write-Host TEC001_IEX_OK'; Start-Sleep 2\" ¦ Proc: C:\\Windows\\System32\\cmd.exe ¦ User: LT29\\seguridad ¦ ParentCmdline: \"C:\\Windows\\System32\\WindowsPowerShell\\v1.0\\powershell.exe\"  ¦ LID: 2673153 ¦ LGUID: 6BC49A7D-7A59-6A53-01CA-280000000000 ¦ PID: 1952 ¦ PGUID: 6BC49A7D-95E5-6A53-8A06-000000009A01 ¦ ParentPID: 12104 ¦ ParentPGUID: 6BC49A7D-7F1E-6A53-1C04-000000009A01 ¦ Description: Windows Command Processor ¦ Product: Microsoft® Windows® Operating System ¦ Company: Microsoft Corporation ¦ Hashes: MD5=8A2122E8162DBEF04694B9C3E0B6CDEE,SHA256=B99D61D874728EDC0918CA0EB10EAB93D381E7367E377406E65963366C874450,IMPHASH=272245E2988E1E430500B852C4FB5E18","_Event":{"System":{"Provider":{"Name":"Microsoft-Windows-Sysmon","Guid":"5770385F-C22A-43E0-BF4C-06F5698FFBD9"},"EventID":{"Value":1},"Version":5,"Level":4,"Task":1,"Opcode":0,"Keywords":9223372036854775808,"TimeCreated":{"SystemTime":1783862757.2992687},"EventRecordID":105140,"Correlation":{},"Execution":{"ProcessID":4652,"ThreadID":6392},"Channel":"Microsoft-Windows-Sysmon/Operational","Computer":"LT29.ait.us.es","Security":{"UserID":"S-1-5-18"}},"EventData":{"RuleName":"-","UtcTime":"2026-07-12 13:25:57.295","ProcessGuid":"6BC49A7D-95E5-6A53-8A06-000000009A01","ProcessId":1952,"Image":"C:\\Windows\\System32\\cmd.exe","FileVersion":"10.0.19041.746 (WinBuild.160101.0800)","Description":"Windows Command Processor","Product":"Microsoft® Windows® Operating System","Company":"Microsoft Corporation","OriginalFileName":"Cmd.Exe","CommandLine":"\"cmd.exe\" /d /c powershell.exe -NoProfile -ExecutionPolicy Bypass -Command \"$b=[Convert]::ToBase64String([Text.Encoding]::UTF8.GetBytes('TEC001_BASE64_OK')); [Text.Encoding]::UTF8.GetString([Convert]::FromBase64String($b)) | Write-Host; IEX 'Write-Host TEC001_IEX_OK'; Start-Sleep 2\"","CurrentDirectory":"C:\\Windows\\system32\\","User":"LT29\\seguridad","LogonGuid":"6BC49A7D-7A59-6A53-01CA-280000000000","LogonId":2673153,"TerminalSessionId":1,"IntegrityLevel":"High","Hashes":"MD5=8A2122E8162DBEF04694B9C3E0B6CDEE,SHA256=B99D61D874728EDC0918CA0EB10EAB93D381E7367E377406E65963366C874450,IMPHASH=272245E2988E1E430500B852C4FB5E18","ParentProcessGuid":"6BC49A7D-7F1E-6A53-1C04-000000009A01","ParentProcessId":12104,"ParentImage":"C:\\Windows\\System32\\WindowsPowerShell\\v1.0\\powershell.exe","ParentCommandLine":"\"C:\\Windows\\System32\\WindowsPowerShell\\v1.0\\powershell.exe\" ","ParentUser":"LT29\\seguridad"},"Message":"Process Create:\nRuleName: -!s!\nUtcTime: 2026-07-12 13:25:57.295!s!\nProcessGuid: 6BC49A7D-95E5-6A53-8A06-000000009A01!s!\nProcessId: 1952!s!\nImage: C:\\Windows\\System32\\cmd.exe!s!\nFileVersion: 10.0.19041.746 (WinBuild.160101.0800)!s!\nDescription: Windows Command Processor!s!\nProduct: Microsoft® Windows® Operating System!s!\nCompany: Microsoft Corporation!s!\nOriginalFileName: Cmd.Exe!s!\nCommandLine: \"cmd.exe\" /d /c powershell.exe -NoProfile -ExecutionPolicy Bypass -Command \"$b=[Convert]::ToBase64String([Text.Encoding]::UTF8.GetBytes('TEC001_BASE64_OK')); [Text.Encoding]::UTF8.GetString([Convert]::FromBase64String($b)) | Write-Host; IEX 'Write-Host TEC001_IEX_OK'; Start-Sleep 2\"!s!\nCurrentDirectory: C:\\Windows\\system32\\!s!\nUser: LT29\\seguridad!s!\nLogonGuid: 6BC49A7D-7A59-6A53-01CA-280000000000!s!\nLogonId: 2673153!s!\nTerminalSessionId: 1!s!\nIntegrityLevel: High!s!\nHashes: MD5=8A2122E8162DBEF04694B9C3E0B6CDEE,SHA256=B99D61D874728EDC0918CA0EB10EAB93D381E7367E377406E65963366C874450,IMPHASH=272245E2988E1E430500B852C4FB5E18!s!\nParentProcessGuid: 6BC49A7D-7F1E-6A53-1C04-000000009A01!s!\nParentProcessId: 12104!s!\nParentImage: C:\\Windows\\System32\\WindowsPowerShell\\v1.0\\powershell.exe!s!\nParentCommandLine: \"C:\\Windows\\System32\\WindowsPowerShell\\v1.0\\powershell.exe\" !s!\nParentUser: LT29\\seguridad!s!\r\n"},"_Source":"Windows.Sigma.BaseEvents","ClientId":"C.364907172793f8c7","_ts":1783862861607}
{"Timestamp":"2026-07-12T13:25:51.9585855Z","Computer":"LT29.ait.us.es","Channel":"Microsoft-Windows-Sysmon/Operational","EID":1,"Level":"low","Title":"Non Interactive PowerShell Process Spawned 2","RecordID":105136,"Details":"Cmdline: powershell.exe  -NoProfile -ExecutionPolicy Bypass -Command \"Write-Host TEC001_OK; Start-Sleep 3\" ¦ Proc: C:\\Windows\\System32\\WindowsPowerShell\\v1.0\\powershell.exe ¦ User: LT29\\seguridad ¦ ParentCmdline: \"cmd.exe\" /d /c powershell.exe -NoProfile -ExecutionPolicy Bypass -Command \"Write-Host TEC001_OK; Start-Sleep 3\" ¦ LID: 2673153 ¦ LGUID: 6BC49A7D-7A59-6A53-01CA-280000000000 ¦ PID: 7104 ¦ PGUID: 6BC49A7D-95DF-6A53-8906-000000009A01 ¦ ParentPID: 11428 ¦ ParentPGUID: 6BC49A7D-95DF-6A53-8806-000000009A01 ¦ Description: Windows PowerShell ¦ Product: Microsoft® Windows® Operating System ¦ Company: Microsoft Corporation ¦ Hashes: MD5=DFD66604CA0898E8E26DF7B1635B6326,SHA256=D23B67799A0DA0143E395BA5DB906A22AB08FAC4BD5581E275B1E0F1B3FAC55C,IMPHASH=88CB9A420410BDA787E305B65518A934","_Event":{"System":{"Provider":{"Name":"Microsoft-Windows-Sysmon","Guid":"5770385F-C22A-43E0-BF4C-06F5698FFBD9"},"EventID":{"Value":1},"Version":5,"Level":4,"Task":1,"Opcode":0,"Keywords":9223372036854775808,"TimeCreated":{"SystemTime":1783862751.9585855},"EventRecordID":105136,"Correlation":{},"Execution":{"ProcessID":4652,"ThreadID":6392},"Channel":"Microsoft-Windows-Sysmon/Operational","Computer":"LT29.ait.us.es","Security":{"UserID":"S-1-5-18"}},"EventData":{"RuleName":"-","UtcTime":"2026-07-12 13:25:51.898","ProcessGuid":"6BC49A7D-95DF-6A53-8906-000000009A01","ProcessId":7104,"Image":"C:\\Windows\\System32\\WindowsPowerShell\\v1.0\\powershell.exe","FileVersion":"10.0.19041.3393 (WinBuild.160101.0800)","Description":"Windows PowerShell","Product":"Microsoft® Windows® Operating System","Company":"Microsoft Corporation","OriginalFileName":"PowerShell.EXE","CommandLine":"powershell.exe  -NoProfile -ExecutionPolicy Bypass -Command \"Write-Host TEC001_OK; Start-Sleep 3\"","CurrentDirectory":"C:\\Windows\\system32\\","User":"LT29\\seguridad","LogonGuid":"6BC49A7D-7A59-6A53-01CA-280000000000","LogonId":2673153,"TerminalSessionId":1,"IntegrityLevel":"High","Hashes":"MD5=DFD66604CA0898E8E26DF7B1635B6326,SHA256=D23B67799A0DA0143E395BA5DB906A22AB08FAC4BD5581E275B1E0F1B3FAC55C,IMPHASH=88CB9A420410BDA787E305B65518A934","ParentProcessGuid":"6BC49A7D-95DF-6A53-8806-000000009A01","ParentProcessId":11428,"ParentImage":"C:\\Windows\\System32\\cmd.exe","ParentCommandLine":"\"cmd.exe\" /d /c powershell.exe -NoProfile -ExecutionPolicy Bypass -Command \"Write-Host TEC001_OK; Start-Sleep 3\"","ParentUser":"LT29\\seguridad"},"Message":"Process Create:\nRuleName: -!s!\nUtcTime: 2026-07-12 13:25:51.898!s!\nProcessGuid: 6BC49A7D-95DF-6A53-8906-000000009A01!s!\nProcessId: 7104!s!\nImage: C:\\Windows\\System32\\WindowsPowerShell\\v1.0\\powershell.exe!s!\nFileVersion: 10.0.19041.3393 (WinBuild.160101.0800)!s!\nDescription: Windows PowerShell!s!\nProduct: Microsoft® Windows® Operating System!s!\nCompany: Microsoft Corporation!s!\nOriginalFileName: PowerShell.EXE!s!\nCommandLine: powershell.exe  -NoProfile -ExecutionPolicy Bypass -Command \"Write-Host TEC001_OK; Start-Sleep 3\"!s!\nCurrentDirectory: C:\\Windows\\system32\\!s!\nUser: LT29\\seguridad!s!\nLogonGuid: 6BC49A7D-7A59-6A53-01CA-280000000000!s!\nLogonId: 2673153!s!\nTerminalSessionId: 1!s!\nIntegrityLevel: High!s!\nHashes: MD5=DFD66604CA0898E8E26DF7B1635B6326,SHA256=D23B67799A0DA0143E395BA5DB906A22AB08FAC4BD5581E275B1E0F1B3FAC55C,IMPHASH=88CB9A420410BDA787E305B65518A934!s!\nParentProcessGuid: 6BC49A7D-95DF-6A53-8806-000000009A01!s!\nParentProcessId: 11428!s!\nParentImage: C:\\Windows\\System32\\cmd.exe!s!\nParentCommandLine: \"cmd.exe\" /d /c powershell.exe -NoProfile -ExecutionPolicy Bypass -Command \"Write-Host TEC001_OK; Start-Sleep 3\"!s!\nParentUser: LT29\\seguridad!s!\r\n"},"_Source":"Windows.Sigma.BaseEvents","ClientId":"C.364907172793f8c7","_ts":1783862861607}
{"Timestamp":"2026-07-12T13:25:51.9585855Z","Computer":"LT29.ait.us.es","Channel":"Microsoft-Windows-Sysmon/Operational","EID":1,"Level":"medium","Title":"Change PowerShell Policies to an Insecure Level 2","RecordID":105136,"Details":"Cmdline: powershell.exe  -NoProfile -ExecutionPolicy Bypass -Command \"Write-Host TEC001_OK; Start-Sleep 3\" ¦ Proc: C:\\Windows\\System32\\WindowsPowerShell\\v1.0\\powershell.exe ¦ User: LT29\\seguridad ¦ ParentCmdline: \"cmd.exe\" /d /c powershell.exe -NoProfile -ExecutionPolicy Bypass -Command \"Write-Host TEC001_OK; Start-Sleep 3\" ¦ LID: 2673153 ¦ LGUID: 6BC49A7D-7A59-6A53-01CA-280000000000 ¦ PID: 7104 ¦ PGUID: 6BC49A7D-95DF-6A53-8906-000000009A01 ¦ ParentPID: 11428 ¦ ParentPGUID: 6BC49A7D-95DF-6A53-8806-000000009A01 ¦ Description: Windows PowerShell ¦ Product: Microsoft® Windows® Operating System ¦ Company: Microsoft Corporation ¦ Hashes: MD5=DFD66604CA0898E8E26DF7B1635B6326,SHA256=D23B67799A0DA0143E395BA5DB906A22AB08FAC4BD5581E275B1E0F1B3FAC55C,IMPHASH=88CB9A420410BDA787E305B65518A934","_Event":{"System":{"Provider":{"Name":"Microsoft-Windows-Sysmon","Guid":"5770385F-C22A-43E0-BF4C-06F5698FFBD9"},"EventID":{"Value":1},"Version":5,"Level":4,"Task":1,"Opcode":0,"Keywords":9223372036854775808,"TimeCreated":{"SystemTime":1783862751.9585855},"EventRecordID":105136,"Correlation":{},"Execution":{"ProcessID":4652,"ThreadID":6392},"Channel":"Microsoft-Windows-Sysmon/Operational","Computer":"LT29.ait.us.es","Security":{"UserID":"S-1-5-18"}},"EventData":{"RuleName":"-","UtcTime":"2026-07-12 13:25:51.898","ProcessGuid":"6BC49A7D-95DF-6A53-8906-000000009A01","ProcessId":7104,"Image":"C:\\Windows\\System32\\WindowsPowerShell\\v1.0\\powershell.exe","FileVersion":"10.0.19041.3393 (WinBuild.160101.0800)","Description":"Windows PowerShell","Product":"Microsoft® Windows® Operating System","Company":"Microsoft Corporation","OriginalFileName":"PowerShell.EXE","CommandLine":"powershell.exe  -NoProfile -ExecutionPolicy Bypass -Command \"Write-Host TEC001_OK; Start-Sleep 3\"","CurrentDirectory":"C:\\Windows\\system32\\","User":"LT29\\seguridad","LogonGuid":"6BC49A7D-7A59-6A53-01CA-280000000000","LogonId":2673153,"TerminalSessionId":1,"IntegrityLevel":"High","Hashes":"MD5=DFD66604CA0898E8E26DF7B1635B6326,SHA256=D23B67799A0DA0143E395BA5DB906A22AB08FAC4BD5581E275B1E0F1B3FAC55C,IMPHASH=88CB9A420410BDA787E305B65518A934","ParentProcessGuid":"6BC49A7D-95DF-6A53-8806-000000009A01","ParentProcessId":11428,"ParentImage":"C:\\Windows\\System32\\cmd.exe","ParentCommandLine":"\"cmd.exe\" /d /c powershell.exe -NoProfile -ExecutionPolicy Bypass -Command \"Write-Host TEC001_OK; Start-Sleep 3\"","ParentUser":"LT29\\seguridad"},"Message":"Process Create:\nRuleName: -!s!\nUtcTime: 2026-07-12 13:25:51.898!s!\nProcessGuid: 6BC49A7D-95DF-6A53-8906-000000009A01!s!\nProcessId: 7104!s!\nImage: C:\\Windows\\System32\\WindowsPowerShell\\v1.0\\powershell.exe!s!\nFileVersion: 10.0.19041.3393 (WinBuild.160101.0800)!s!\nDescription: Windows PowerShell!s!\nProduct: Microsoft® Windows® Operating System!s!\nCompany: Microsoft Corporation!s!\nOriginalFileName: PowerShell.EXE!s!\nCommandLine: powershell.exe  -NoProfile -ExecutionPolicy Bypass -Command \"Write-Host TEC001_OK; Start-Sleep 3\"!s!\nCurrentDirectory: C:\\Windows\\system32\\!s!\nUser: LT29\\seguridad!s!\nLogonGuid: 6BC49A7D-7A59-6A53-01CA-280000000000!s!\nLogonId: 2673153!s!\nTerminalSessionId: 1!s!\nIntegrityLevel: High!s!\nHashes: MD5=DFD66604CA0898E8E26DF7B1635B6326,SHA256=D23B67799A0DA0143E395BA5DB906A22AB08FAC4BD5581E275B1E0F1B3FAC55C,IMPHASH=88CB9A420410BDA787E305B65518A934!s!\nParentProcessGuid: 6BC49A7D-95DF-6A53-8806-000000009A01!s!\nParentProcessId: 11428!s!\nParentImage: C:\\Windows\\System32\\cmd.exe!s!\nParentCommandLine: \"cmd.exe\" /d /c powershell.exe -NoProfile -ExecutionPolicy Bypass -Command \"Write-Host TEC001_OK; Start-Sleep 3\"!s!\nParentUser: LT29\\seguridad!s!\r\n"},"_Source":"Windows.Sigma.BaseEvents","ClientId":"C.364907172793f8c7","_ts":1783862861607}
{"Timestamp":"2026-07-12T13:26:14.677150487Z","Computer":"LT29.ait.us.es","Channel":"Microsoft-Windows-Sysmon/Operational","EID":1,"Level":"low","Title":"Non Interactive PowerShell Process Spawned 2","RecordID":105146,"Details":"Cmdline: powershell.exe  -NoProfile -Command Get-Process ¦ Proc: C:\\Windows\\System32\\WindowsPowerShell\\v1.0\\powershell.exe ¦ User: LT29\\seguridad ¦ ParentCmdline: cmd.exe  /c \"echo TEC002_OK \u0026 whoami \u0026 powershell.exe -NoProfile -Command Get-Process\" ¦ LID: 2673153 ¦ LGUID: 6BC49A7D-7A59-6A53-01CA-280000000000 ¦ PID: 4776 ¦ PGUID: 6BC49A7D-95F6-6A53-8F06-000000009A01 ¦ ParentPID: 8436 ¦ ParentPGUID: 6BC49A7D-95F6-6A53-8D06-000000009A01 ¦ Description: Windows PowerShell ¦ Product: Microsoft® Windows® Operating System ¦ Company: Microsoft Corporation ¦ Hashes: MD5=DFD66604CA0898E8E26DF7B1635B6326,SHA256=D23B67799A0DA0143E395BA5DB906A22AB08FAC4BD5581E275B1E0F1B3FAC55C,IMPHASH=88CB9A420410BDA787E305B65518A934","_Event":{"System":{"Provider":{"Name":"Microsoft-Windows-Sysmon","Guid":"5770385F-C22A-43E0-BF4C-06F5698FFBD9"},"EventID":{"Value":1},"Version":5,"Level":4,"Task":1,"Opcode":0,"Keywords":9223372036854775808,"TimeCreated":{"SystemTime":1783862774.6771505},"EventRecordID":105146,"Correlation":{},"Execution":{"ProcessID":4652,"ThreadID":6392},"Channel":"Microsoft-Windows-Sysmon/Operational","Computer":"LT29.ait.us.es","Security":{"UserID":"S-1-5-18"}},"EventData":{"RuleName":"-","UtcTime":"2026-07-12 13:26:14.657","ProcessGuid":"6BC49A7D-95F6-6A53-8F06-000000009A01","ProcessId":4776,"Image":"C:\\Windows\\System32\\WindowsPowerShell\\v1.0\\powershell.exe","FileVersion":"10.0.19041.3393 (WinBuild.160101.0800)","Description":"Windows PowerShell","Product":"Microsoft® Windows® Operating System","Company":"Microsoft Corporation","OriginalFileName":"PowerShell.EXE","CommandLine":"powershell.exe  -NoProfile -Command Get-Process","CurrentDirectory":"C:\\Windows\\system32\\","User":"LT29\\seguridad","LogonGuid":"6BC49A7D-7A59-6A53-01CA-280000000000","LogonId":2673153,"TerminalSessionId":1,"IntegrityLevel":"High","Hashes":"MD5=DFD66604CA0898E8E26DF7B1635B6326,SHA256=D23B67799A0DA0143E395BA5DB906A22AB08FAC4BD5581E275B1E0F1B3FAC55C,IMPHASH=88CB9A420410BDA787E305B65518A934","ParentProcessGuid":"6BC49A7D-95F6-6A53-8D06-000000009A01","ParentProcessId":8436,"ParentImage":"C:\\Windows\\System32\\cmd.exe","ParentCommandLine":"cmd.exe  /c \"echo TEC002_OK \u0026 whoami \u0026 powershell.exe -NoProfile -Command Get-Process\"","ParentUser":"LT29\\seguridad"},"Message":"Process Create:\nRuleName: -!s!\nUtcTime: 2026-07-12 13:26:14.657!s!\nProcessGuid: 6BC49A7D-95F6-6A53-8F06-000000009A01!s!\nProcessId: 4776!s!\nImage: C:\\Windows\\System32\\WindowsPowerShell\\v1.0\\powershell.exe!s!\nFileVersion: 10.0.19041.3393 (WinBuild.160101.0800)!s!\nDescription: Windows PowerShell!s!\nProduct: Microsoft® Windows® Operating System!s!\nCompany: Microsoft Corporation!s!\nOriginalFileName: PowerShell.EXE!s!\nCommandLine: powershell.exe  -NoProfile -Command Get-Process!s!\nCurrentDirectory: C:\\Windows\\system32\\!s!\nUser: LT29\\seguridad!s!\nLogonGuid: 6BC49A7D-7A59-6A53-01CA-280000000000!s!\nLogonId: 2673153!s!\nTerminalSessionId: 1!s!\nIntegrityLevel: High!s!\nHashes: MD5=DFD66604CA0898E8E26DF7B1635B6326,SHA256=D23B67799A0DA0143E395BA5DB906A22AB08FAC4BD5581E275B1E0F1B3FAC55C,IMPHASH=88CB9A420410BDA787E305B65518A934!s!\nParentProcessGuid: 6BC49A7D-95F6-6A53-8D06-000000009A01!s!\nParentProcessId: 8436!s!\nParentImage: C:\\Windows\\System32\\cmd.exe!s!\nParentCommandLine: cmd.exe  /c \"echo TEC002_OK \u0026 whoami \u0026 powershell.exe -NoProfile -Command Get-Process\"!s!\nParentUser: LT29\\seguridad!s!\r\n"},"_Source":"Windows.Sigma.BaseEvents","ClientId":"C.364907172793f8c7","_ts":1783862861607}
{"Timestamp":"2026-07-12T13:26:14.598910331Z","Computer":"LT29.ait.us.es","Channel":"Microsoft-Windows-Sysmon/Operational","EID":1,"Level":"low","Title":"Local Accounts Discovery 2","RecordID":105145,"Details":"Cmdline: whoami   ¦ Proc: C:\\Windows\\System32\\whoami.exe ¦ User: LT29\\seguridad ¦ ParentCmdline: cmd.exe  /c \"echo TEC002_OK \u0026 whoami \u0026 powershell.exe -NoProfile -Command Get-Process\" ¦ LID: 2673153 ¦ LGUID: 6BC49A7D-7A59-6A53-01CA-280000000000 ¦ PID: 2688 ¦ PGUID: 6BC49A7D-95F6-6A53-8E06-000000009A01 ¦ ParentPID: 8436 ¦ ParentPGUID: 6BC49A7D-95F6-6A53-8D06-000000009A01 ¦ Description: whoami - displays logged on user information ¦ Product: Microsoft® Windows® Operating System ¦ Company: Microsoft Corporation ¦ Hashes: MD5=A4A6924F3EAF97981323703D38FD99C4,SHA256=1D4902A04D99E8CCBFE7085E63155955FEE397449D386453F6C452AE407B8743,IMPHASH=7FF0758B766F747CE57DFAC70743FB88","_Event":{"System":{"Provider":{"Name":"Microsoft-Windows-Sysmon","Guid":"5770385F-C22A-43E0-BF4C-06F5698FFBD9"},"EventID":{"Value":1},"Version":5,"Level":4,"Task":1,"Opcode":0,"Keywords":9223372036854775808,"TimeCreated":{"SystemTime":1783862774.5989103},"EventRecordID":105145,"Correlation":{},"Execution":{"ProcessID":4652,"ThreadID":6392},"Channel":"Microsoft-Windows-Sysmon/Operational","Computer":"LT29.ait.us.es","Security":{"UserID":"S-1-5-18"}},"EventData":{"RuleName":"-","UtcTime":"2026-07-12 13:26:14.589","ProcessGuid":"6BC49A7D-95F6-6A53-8E06-000000009A01","ProcessId":2688,"Image":"C:\\Windows\\System32\\whoami.exe","FileVersion":"10.0.19041.1 (WinBuild.160101.0800)","Description":"whoami - displays logged on user information","Product":"Microsoft® Windows® Operating System","Company":"Microsoft Corporation","OriginalFileName":"whoami.exe","CommandLine":"whoami  ","CurrentDirectory":"C:\\Windows\\system32\\","User":"LT29\\seguridad","LogonGuid":"6BC49A7D-7A59-6A53-01CA-280000000000","LogonId":2673153,"TerminalSessionId":1,"IntegrityLevel":"High","Hashes":"MD5=A4A6924F3EAF97981323703D38FD99C4,SHA256=1D4902A04D99E8CCBFE7085E63155955FEE397449D386453F6C452AE407B8743,IMPHASH=7FF0758B766F747CE57DFAC70743FB88","ParentProcessGuid":"6BC49A7D-95F6-6A53-8D06-000000009A01","ParentProcessId":8436,"ParentImage":"C:\\Windows\\System32\\cmd.exe","ParentCommandLine":"cmd.exe  /c \"echo TEC002_OK \u0026 whoami \u0026 powershell.exe -NoProfile -Command Get-Process\"","ParentUser":"LT29\\seguridad"},"Message":"Process Create:\nRuleName: -!s!\nUtcTime: 2026-07-12 13:26:14.589!s!\nProcessGuid: 6BC49A7D-95F6-6A53-8E06-000000009A01!s!\nProcessId: 2688!s!\nImage: C:\\Windows\\System32\\whoami.exe!s!\nFileVersion: 10.0.19041.1 (WinBuild.160101.0800)!s!\nDescription: whoami - displays logged on user information!s!\nProduct: Microsoft® Windows® Operating System!s!\nCompany: Microsoft Corporation!s!\nOriginalFileName: whoami.exe!s!\nCommandLine: whoami  !s!\nCurrentDirectory: C:\\Windows\\system32\\!s!\nUser: LT29\\seguridad!s!\nLogonGuid: 6BC49A7D-7A59-6A53-01CA-280000000000!s!\nLogonId: 2673153!s!\nTerminalSessionId: 1!s!\nIntegrityLevel: High!s!\nHashes: MD5=A4A6924F3EAF97981323703D38FD99C4,SHA256=1D4902A04D99E8CCBFE7085E63155955FEE397449D386453F6C452AE407B8743,IMPHASH=7FF0758B766F747CE57DFAC70743FB88!s!\nParentProcessGuid: 6BC49A7D-95F6-6A53-8D06-000000009A01!s!\nParentProcessId: 8436!s!\nParentImage: C:\\Windows\\System32\\cmd.exe!s!\nParentCommandLine: cmd.exe  /c \"echo TEC002_OK \u0026 whoami \u0026 powershell.exe -NoProfile -Command Get-Process\"!s!\nParentUser: LT29\\seguridad!s!\r\n"},"_Source":"Windows.Sigma.BaseEvents","ClientId":"C.364907172793f8c7","_ts":1783862861607}
