{"Timestamp":"2026-07-12T13:28:52.926459312Z","Computer":"LT29.ait.us.es","Channel":"Microsoft-Windows-Sysmon/Operational","EID":1,"Level":"low","Title":"Non Interactive PowerShell Process Spawned 2","RecordID":105211,"Details":"Cmdline: powershell.exe  -NoProfile -ExecutionPolicy Bypass -File \"C:\\Users\\seguridad\\Desktop\\TFM\\01_ACTIVE_TESTS\\Pruebas\\TEC-009_Exfiltracion\\crear_directorio_dummy.ps1\"  ¦ Proc: C:\\Windows\\System32\\WindowsPowerShell\\v1.0\\powershell.exe ¦ User: LT29\\seguridad ¦ ParentCmdline: \"cmd.exe\" /d /c powershell.exe -NoProfile -ExecutionPolicy Bypass -File \"C:\\Users\\seguridad\\Desktop\\TFM\\01_ACTIVE_TESTS\\Pruebas\\TEC-009_Exfiltracion\\crear_directorio_dummy.ps1\"  ¦ LID: 2673153 ¦ LGUID: 6BC49A7D-7A59-6A53-01CA-280000000000 ¦ PID: 9488 ¦ PGUID: 6BC49A7D-9694-6A53-C006-000000009A01 ¦ ParentPID: 8204 ¦ ParentPGUID: 6BC49A7D-9694-6A53-BF06-000000009A01 ¦ Description: Windows PowerShell ¦ Product: Microsoft® Windows® Operating System ¦ Company: Microsoft Corporation ¦ Hashes: MD5=DFD66604CA0898E8E26DF7B1635B6326,SHA256=D23B67799A0DA0143E395BA5DB906A22AB08FAC4BD5581E275B1E0F1B3FAC55C,IMPHASH=88CB9A420410BDA787E305B65518A934","_Event":{"System":{"Provider":{"Name":"Microsoft-Windows-Sysmon","Guid":"5770385F-C22A-43E0-BF4C-06F5698FFBD9"},"EventID":{"Value":1},"Version":5,"Level":4,"Task":1,"Opcode":0,"Keywords":9223372036854775808,"TimeCreated":{"SystemTime":1783862932.9264593},"EventRecordID":105211,"Correlation":{},"Execution":{"ProcessID":4652,"ThreadID":6392},"Channel":"Microsoft-Windows-Sysmon/Operational","Computer":"LT29.ait.us.es","Security":{"UserID":"S-1-5-18"}},"EventData":{"RuleName":"-","UtcTime":"2026-07-12 13:28:52.909","ProcessGuid":"6BC49A7D-9694-6A53-C006-000000009A01","ProcessId":9488,"Image":"C:\\Windows\\System32\\WindowsPowerShell\\v1.0\\powershell.exe","FileVersion":"10.0.19041.3393 (WinBuild.160101.0800)","Description":"Windows PowerShell","Product":"Microsoft® Windows® Operating System","Company":"Microsoft Corporation","OriginalFileName":"PowerShell.EXE","CommandLine":"powershell.exe  -NoProfile -ExecutionPolicy Bypass -File \"C:\\Users\\seguridad\\Desktop\\TFM\\01_ACTIVE_TESTS\\Pruebas\\TEC-009_Exfiltracion\\crear_directorio_dummy.ps1\" ","CurrentDirectory":"C:\\Windows\\system32\\","User":"LT29\\seguridad","LogonGuid":"6BC49A7D-7A59-6A53-01CA-280000000000","LogonId":2673153,"TerminalSessionId":1,"IntegrityLevel":"High","Hashes":"MD5=DFD66604CA0898E8E26DF7B1635B6326,SHA256=D23B67799A0DA0143E395BA5DB906A22AB08FAC4BD5581E275B1E0F1B3FAC55C,IMPHASH=88CB9A420410BDA787E305B65518A934","ParentProcessGuid":"6BC49A7D-9694-6A53-BF06-000000009A01","ParentProcessId":8204,"ParentImage":"C:\\Windows\\System32\\cmd.exe","ParentCommandLine":"\"cmd.exe\" /d /c powershell.exe -NoProfile -ExecutionPolicy Bypass -File \"C:\\Users\\seguridad\\Desktop\\TFM\\01_ACTIVE_TESTS\\Pruebas\\TEC-009_Exfiltracion\\crear_directorio_dummy.ps1\" ","ParentUser":"LT29\\seguridad"},"Message":"Process Create:\nRuleName: -!s!\nUtcTime: 2026-07-12 13:28:52.909!s!\nProcessGuid: 6BC49A7D-9694-6A53-C006-000000009A01!s!\nProcessId: 9488!s!\nImage: C:\\Windows\\System32\\WindowsPowerShell\\v1.0\\powershell.exe!s!\nFileVersion: 10.0.19041.3393 (WinBuild.160101.0800)!s!\nDescription: Windows PowerShell!s!\nProduct: Microsoft® Windows® Operating System!s!\nCompany: Microsoft Corporation!s!\nOriginalFileName: PowerShell.EXE!s!\nCommandLine: powershell.exe  -NoProfile -ExecutionPolicy Bypass -File \"C:\\Users\\seguridad\\Desktop\\TFM\\01_ACTIVE_TESTS\\Pruebas\\TEC-009_Exfiltracion\\crear_directorio_dummy.ps1\" !s!\nCurrentDirectory: C:\\Windows\\system32\\!s!\nUser: LT29\\seguridad!s!\nLogonGuid: 6BC49A7D-7A59-6A53-01CA-280000000000!s!\nLogonId: 2673153!s!\nTerminalSessionId: 1!s!\nIntegrityLevel: High!s!\nHashes: MD5=DFD66604CA0898E8E26DF7B1635B6326,SHA256=D23B67799A0DA0143E395BA5DB906A22AB08FAC4BD5581E275B1E0F1B3FAC55C,IMPHASH=88CB9A420410BDA787E305B65518A934!s!\nParentProcessGuid: 6BC49A7D-9694-6A53-BF06-000000009A01!s!\nParentProcessId: 8204!s!\nParentImage: C:\\Windows\\System32\\cmd.exe!s!\nParentCommandLine: \"cmd.exe\" /d /c powershell.exe -NoProfile -ExecutionPolicy Bypass -File \"C:\\Users\\seguridad\\Desktop\\TFM\\01_ACTIVE_TESTS\\Pruebas\\TEC-009_Exfiltracion\\crear_directorio_dummy.ps1\" !s!\nParentUser: LT29\\seguridad!s!\r\n"},"_Source":"Windows.Sigma.BaseEvents","ClientId":"C.364907172793f8c7","_ts":1783863135483}
{"Timestamp":"2026-07-12T13:28:52.926459312Z","Computer":"LT29.ait.us.es","Channel":"Microsoft-Windows-Sysmon/Operational","EID":1,"Level":"medium","Title":"Change PowerShell Policies to an Insecure Level 2","RecordID":105211,"Details":"Cmdline: powershell.exe  -NoProfile -ExecutionPolicy Bypass -File \"C:\\Users\\seguridad\\Desktop\\TFM\\01_ACTIVE_TESTS\\Pruebas\\TEC-009_Exfiltracion\\crear_directorio_dummy.ps1\"  ¦ Proc: C:\\Windows\\System32\\WindowsPowerShell\\v1.0\\powershell.exe ¦ User: LT29\\seguridad ¦ ParentCmdline: \"cmd.exe\" /d /c powershell.exe -NoProfile -ExecutionPolicy Bypass -File \"C:\\Users\\seguridad\\Desktop\\TFM\\01_ACTIVE_TESTS\\Pruebas\\TEC-009_Exfiltracion\\crear_directorio_dummy.ps1\"  ¦ LID: 2673153 ¦ LGUID: 6BC49A7D-7A59-6A53-01CA-280000000000 ¦ PID: 9488 ¦ PGUID: 6BC49A7D-9694-6A53-C006-000000009A01 ¦ ParentPID: 8204 ¦ ParentPGUID: 6BC49A7D-9694-6A53-BF06-000000009A01 ¦ Description: Windows PowerShell ¦ Product: Microsoft® Windows® Operating System ¦ Company: Microsoft Corporation ¦ Hashes: MD5=DFD66604CA0898E8E26DF7B1635B6326,SHA256=D23B67799A0DA0143E395BA5DB906A22AB08FAC4BD5581E275B1E0F1B3FAC55C,IMPHASH=88CB9A420410BDA787E305B65518A934","_Event":{"System":{"Provider":{"Name":"Microsoft-Windows-Sysmon","Guid":"5770385F-C22A-43E0-BF4C-06F5698FFBD9"},"EventID":{"Value":1},"Version":5,"Level":4,"Task":1,"Opcode":0,"Keywords":9223372036854775808,"TimeCreated":{"SystemTime":1783862932.9264593},"EventRecordID":105211,"Correlation":{},"Execution":{"ProcessID":4652,"ThreadID":6392},"Channel":"Microsoft-Windows-Sysmon/Operational","Computer":"LT29.ait.us.es","Security":{"UserID":"S-1-5-18"}},"EventData":{"RuleName":"-","UtcTime":"2026-07-12 13:28:52.909","ProcessGuid":"6BC49A7D-9694-6A53-C006-000000009A01","ProcessId":9488,"Image":"C:\\Windows\\System32\\WindowsPowerShell\\v1.0\\powershell.exe","FileVersion":"10.0.19041.3393 (WinBuild.160101.0800)","Description":"Windows PowerShell","Product":"Microsoft® Windows® Operating System","Company":"Microsoft Corporation","OriginalFileName":"PowerShell.EXE","CommandLine":"powershell.exe  -NoProfile -ExecutionPolicy Bypass -File \"C:\\Users\\seguridad\\Desktop\\TFM\\01_ACTIVE_TESTS\\Pruebas\\TEC-009_Exfiltracion\\crear_directorio_dummy.ps1\" ","CurrentDirectory":"C:\\Windows\\system32\\","User":"LT29\\seguridad","LogonGuid":"6BC49A7D-7A59-6A53-01CA-280000000000","LogonId":2673153,"TerminalSessionId":1,"IntegrityLevel":"High","Hashes":"MD5=DFD66604CA0898E8E26DF7B1635B6326,SHA256=D23B67799A0DA0143E395BA5DB906A22AB08FAC4BD5581E275B1E0F1B3FAC55C,IMPHASH=88CB9A420410BDA787E305B65518A934","ParentProcessGuid":"6BC49A7D-9694-6A53-BF06-000000009A01","ParentProcessId":8204,"ParentImage":"C:\\Windows\\System32\\cmd.exe","ParentCommandLine":"\"cmd.exe\" /d /c powershell.exe -NoProfile -ExecutionPolicy Bypass -File \"C:\\Users\\seguridad\\Desktop\\TFM\\01_ACTIVE_TESTS\\Pruebas\\TEC-009_Exfiltracion\\crear_directorio_dummy.ps1\" ","ParentUser":"LT29\\seguridad"},"Message":"Process Create:\nRuleName: -!s!\nUtcTime: 2026-07-12 13:28:52.909!s!\nProcessGuid: 6BC49A7D-9694-6A53-C006-000000009A01!s!\nProcessId: 9488!s!\nImage: C:\\Windows\\System32\\WindowsPowerShell\\v1.0\\powershell.exe!s!\nFileVersion: 10.0.19041.3393 (WinBuild.160101.0800)!s!\nDescription: Windows PowerShell!s!\nProduct: Microsoft® Windows® Operating System!s!\nCompany: Microsoft Corporation!s!\nOriginalFileName: PowerShell.EXE!s!\nCommandLine: powershell.exe  -NoProfile -ExecutionPolicy Bypass -File \"C:\\Users\\seguridad\\Desktop\\TFM\\01_ACTIVE_TESTS\\Pruebas\\TEC-009_Exfiltracion\\crear_directorio_dummy.ps1\" !s!\nCurrentDirectory: C:\\Windows\\system32\\!s!\nUser: LT29\\seguridad!s!\nLogonGuid: 6BC49A7D-7A59-6A53-01CA-280000000000!s!\nLogonId: 2673153!s!\nTerminalSessionId: 1!s!\nIntegrityLevel: High!s!\nHashes: MD5=DFD66604CA0898E8E26DF7B1635B6326,SHA256=D23B67799A0DA0143E395BA5DB906A22AB08FAC4BD5581E275B1E0F1B3FAC55C,IMPHASH=88CB9A420410BDA787E305B65518A934!s!\nParentProcessGuid: 6BC49A7D-9694-6A53-BF06-000000009A01!s!\nParentProcessId: 8204!s!\nParentImage: C:\\Windows\\System32\\cmd.exe!s!\nParentCommandLine: \"cmd.exe\" /d /c powershell.exe -NoProfile -ExecutionPolicy Bypass -File \"C:\\Users\\seguridad\\Desktop\\TFM\\01_ACTIVE_TESTS\\Pruebas\\TEC-009_Exfiltracion\\crear_directorio_dummy.ps1\" !s!\nParentUser: LT29\\seguridad!s!\r\n"},"_Source":"Windows.Sigma.BaseEvents","ClientId":"C.364907172793f8c7","_ts":1783863135483}
{"Timestamp":"2026-07-12T13:30:19.558972835Z","Computer":"LT29.ait.us.es","Channel":"Microsoft-Windows-Sysmon/Operational","EID":1,"Level":"low","Title":"Non Interactive PowerShell Process Spawned 2","RecordID":105223,"Details":"Cmdline: powershell.exe  -NoProfile -ExecutionPolicy Bypass -File \"C:\\Users\\seguridad\\Desktop\\TFM\\01_ACTIVE_TESTS\\Pruebas\\TEC-007_Ransomware\\crear_directorio_dummy.ps1\"  ¦ Proc: C:\\Windows\\System32\\WindowsPowerShell\\v1.0\\powershell.exe ¦ User: LT29\\seguridad ¦ ParentCmdline: \"cmd.exe\" /d /c powershell.exe -NoProfile -ExecutionPolicy Bypass -File \"C:\\Users\\seguridad\\Desktop\\TFM\\01_ACTIVE_TESTS\\Pruebas\\TEC-007_Ransomware\\crear_directorio_dummy.ps1\"  ¦ LID: 2673153 ¦ LGUID: 6BC49A7D-7A59-6A53-01CA-280000000000 ¦ PID: 3060 ¦ PGUID: 6BC49A7D-96EB-6A53-C806-000000009A01 ¦ ParentPID: 10944 ¦ ParentPGUID: 6BC49A7D-96EB-6A53-C706-000000009A01 ¦ Description: Windows PowerShell ¦ Product: Microsoft® Windows® Operating System ¦ Company: Microsoft Corporation ¦ Hashes: MD5=DFD66604CA0898E8E26DF7B1635B6326,SHA256=D23B67799A0DA0143E395BA5DB906A22AB08FAC4BD5581E275B1E0F1B3FAC55C,IMPHASH=88CB9A420410BDA787E305B65518A934","_Event":{"System":{"Provider":{"Name":"Microsoft-Windows-Sysmon","Guid":"5770385F-C22A-43E0-BF4C-06F5698FFBD9"},"EventID":{"Value":1},"Version":5,"Level":4,"Task":1,"Opcode":0,"Keywords":9223372036854775808,"TimeCreated":{"SystemTime":1783863019.5589728},"EventRecordID":105223,"Correlation":{},"Execution":{"ProcessID":4652,"ThreadID":6392},"Channel":"Microsoft-Windows-Sysmon/Operational","Computer":"LT29.ait.us.es","Security":{"UserID":"S-1-5-18"}},"EventData":{"RuleName":"-","UtcTime":"2026-07-12 13:30:19.542","ProcessGuid":"6BC49A7D-96EB-6A53-C806-000000009A01","ProcessId":3060,"Image":"C:\\Windows\\System32\\WindowsPowerShell\\v1.0\\powershell.exe","FileVersion":"10.0.19041.3393 (WinBuild.160101.0800)","Description":"Windows PowerShell","Product":"Microsoft® Windows® Operating System","Company":"Microsoft Corporation","OriginalFileName":"PowerShell.EXE","CommandLine":"powershell.exe  -NoProfile -ExecutionPolicy Bypass -File \"C:\\Users\\seguridad\\Desktop\\TFM\\01_ACTIVE_TESTS\\Pruebas\\TEC-007_Ransomware\\crear_directorio_dummy.ps1\" ","CurrentDirectory":"C:\\Windows\\system32\\","User":"LT29\\seguridad","LogonGuid":"6BC49A7D-7A59-6A53-01CA-280000000000","LogonId":2673153,"TerminalSessionId":1,"IntegrityLevel":"High","Hashes":"MD5=DFD66604CA0898E8E26DF7B1635B6326,SHA256=D23B67799A0DA0143E395BA5DB906A22AB08FAC4BD5581E275B1E0F1B3FAC55C,IMPHASH=88CB9A420410BDA787E305B65518A934","ParentProcessGuid":"6BC49A7D-96EB-6A53-C706-000000009A01","ParentProcessId":10944,"ParentImage":"C:\\Windows\\System32\\cmd.exe","ParentCommandLine":"\"cmd.exe\" /d /c powershell.exe -NoProfile -ExecutionPolicy Bypass -File \"C:\\Users\\seguridad\\Desktop\\TFM\\01_ACTIVE_TESTS\\Pruebas\\TEC-007_Ransomware\\crear_directorio_dummy.ps1\" ","ParentUser":"LT29\\seguridad"},"Message":"Process Create:\nRuleName: -!s!\nUtcTime: 2026-07-12 13:30:19.542!s!\nProcessGuid: 6BC49A7D-96EB-6A53-C806-000000009A01!s!\nProcessId: 3060!s!\nImage: C:\\Windows\\System32\\WindowsPowerShell\\v1.0\\powershell.exe!s!\nFileVersion: 10.0.19041.3393 (WinBuild.160101.0800)!s!\nDescription: Windows PowerShell!s!\nProduct: Microsoft® Windows® Operating System!s!\nCompany: Microsoft Corporation!s!\nOriginalFileName: PowerShell.EXE!s!\nCommandLine: powershell.exe  -NoProfile -ExecutionPolicy Bypass -File \"C:\\Users\\seguridad\\Desktop\\TFM\\01_ACTIVE_TESTS\\Pruebas\\TEC-007_Ransomware\\crear_directorio_dummy.ps1\" !s!\nCurrentDirectory: C:\\Windows\\system32\\!s!\nUser: LT29\\seguridad!s!\nLogonGuid: 6BC49A7D-7A59-6A53-01CA-280000000000!s!\nLogonId: 2673153!s!\nTerminalSessionId: 1!s!\nIntegrityLevel: High!s!\nHashes: MD5=DFD66604CA0898E8E26DF7B1635B6326,SHA256=D23B67799A0DA0143E395BA5DB906A22AB08FAC4BD5581E275B1E0F1B3FAC55C,IMPHASH=88CB9A420410BDA787E305B65518A934!s!\nParentProcessGuid: 6BC49A7D-96EB-6A53-C706-000000009A01!s!\nParentProcessId: 10944!s!\nParentImage: C:\\Windows\\System32\\cmd.exe!s!\nParentCommandLine: \"cmd.exe\" /d /c powershell.exe -NoProfile -ExecutionPolicy Bypass -File \"C:\\Users\\seguridad\\Desktop\\TFM\\01_ACTIVE_TESTS\\Pruebas\\TEC-007_Ransomware\\crear_directorio_dummy.ps1\" !s!\nParentUser: LT29\\seguridad!s!\r\n"},"_Source":"Windows.Sigma.BaseEvents","ClientId":"C.364907172793f8c7","_ts":1783863135483}
{"Timestamp":"2026-07-12T13:30:19.558972835Z","Computer":"LT29.ait.us.es","Channel":"Microsoft-Windows-Sysmon/Operational","EID":1,"Level":"medium","Title":"Change PowerShell Policies to an Insecure Level 2","RecordID":105223,"Details":"Cmdline: powershell.exe  -NoProfile -ExecutionPolicy Bypass -File \"C:\\Users\\seguridad\\Desktop\\TFM\\01_ACTIVE_TESTS\\Pruebas\\TEC-007_Ransomware\\crear_directorio_dummy.ps1\"  ¦ Proc: C:\\Windows\\System32\\WindowsPowerShell\\v1.0\\powershell.exe ¦ User: LT29\\seguridad ¦ ParentCmdline: \"cmd.exe\" /d /c powershell.exe -NoProfile -ExecutionPolicy Bypass -File \"C:\\Users\\seguridad\\Desktop\\TFM\\01_ACTIVE_TESTS\\Pruebas\\TEC-007_Ransomware\\crear_directorio_dummy.ps1\"  ¦ LID: 2673153 ¦ LGUID: 6BC49A7D-7A59-6A53-01CA-280000000000 ¦ PID: 3060 ¦ PGUID: 6BC49A7D-96EB-6A53-C806-000000009A01 ¦ ParentPID: 10944 ¦ ParentPGUID: 6BC49A7D-96EB-6A53-C706-000000009A01 ¦ Description: Windows PowerShell ¦ Product: Microsoft® Windows® Operating System ¦ Company: Microsoft Corporation ¦ Hashes: MD5=DFD66604CA0898E8E26DF7B1635B6326,SHA256=D23B67799A0DA0143E395BA5DB906A22AB08FAC4BD5581E275B1E0F1B3FAC55C,IMPHASH=88CB9A420410BDA787E305B65518A934","_Event":{"System":{"Provider":{"Name":"Microsoft-Windows-Sysmon","Guid":"5770385F-C22A-43E0-BF4C-06F5698FFBD9"},"EventID":{"Value":1},"Version":5,"Level":4,"Task":1,"Opcode":0,"Keywords":9223372036854775808,"TimeCreated":{"SystemTime":1783863019.5589728},"EventRecordID":105223,"Correlation":{},"Execution":{"ProcessID":4652,"ThreadID":6392},"Channel":"Microsoft-Windows-Sysmon/Operational","Computer":"LT29.ait.us.es","Security":{"UserID":"S-1-5-18"}},"EventData":{"RuleName":"-","UtcTime":"2026-07-12 13:30:19.542","ProcessGuid":"6BC49A7D-96EB-6A53-C806-000000009A01","ProcessId":3060,"Image":"C:\\Windows\\System32\\WindowsPowerShell\\v1.0\\powershell.exe","FileVersion":"10.0.19041.3393 (WinBuild.160101.0800)","Description":"Windows PowerShell","Product":"Microsoft® Windows® Operating System","Company":"Microsoft Corporation","OriginalFileName":"PowerShell.EXE","CommandLine":"powershell.exe  -NoProfile -ExecutionPolicy Bypass -File \"C:\\Users\\seguridad\\Desktop\\TFM\\01_ACTIVE_TESTS\\Pruebas\\TEC-007_Ransomware\\crear_directorio_dummy.ps1\" ","CurrentDirectory":"C:\\Windows\\system32\\","User":"LT29\\seguridad","LogonGuid":"6BC49A7D-7A59-6A53-01CA-280000000000","LogonId":2673153,"TerminalSessionId":1,"IntegrityLevel":"High","Hashes":"MD5=DFD66604CA0898E8E26DF7B1635B6326,SHA256=D23B67799A0DA0143E395BA5DB906A22AB08FAC4BD5581E275B1E0F1B3FAC55C,IMPHASH=88CB9A420410BDA787E305B65518A934","ParentProcessGuid":"6BC49A7D-96EB-6A53-C706-000000009A01","ParentProcessId":10944,"ParentImage":"C:\\Windows\\System32\\cmd.exe","ParentCommandLine":"\"cmd.exe\" /d /c powershell.exe -NoProfile -ExecutionPolicy Bypass -File \"C:\\Users\\seguridad\\Desktop\\TFM\\01_ACTIVE_TESTS\\Pruebas\\TEC-007_Ransomware\\crear_directorio_dummy.ps1\" ","ParentUser":"LT29\\seguridad"},"Message":"Process Create:\nRuleName: -!s!\nUtcTime: 2026-07-12 13:30:19.542!s!\nProcessGuid: 6BC49A7D-96EB-6A53-C806-000000009A01!s!\nProcessId: 3060!s!\nImage: C:\\Windows\\System32\\WindowsPowerShell\\v1.0\\powershell.exe!s!\nFileVersion: 10.0.19041.3393 (WinBuild.160101.0800)!s!\nDescription: Windows PowerShell!s!\nProduct: Microsoft® Windows® Operating System!s!\nCompany: Microsoft Corporation!s!\nOriginalFileName: PowerShell.EXE!s!\nCommandLine: powershell.exe  -NoProfile -ExecutionPolicy Bypass -File \"C:\\Users\\seguridad\\Desktop\\TFM\\01_ACTIVE_TESTS\\Pruebas\\TEC-007_Ransomware\\crear_directorio_dummy.ps1\" !s!\nCurrentDirectory: C:\\Windows\\system32\\!s!\nUser: LT29\\seguridad!s!\nLogonGuid: 6BC49A7D-7A59-6A53-01CA-280000000000!s!\nLogonId: 2673153!s!\nTerminalSessionId: 1!s!\nIntegrityLevel: High!s!\nHashes: MD5=DFD66604CA0898E8E26DF7B1635B6326,SHA256=D23B67799A0DA0143E395BA5DB906A22AB08FAC4BD5581E275B1E0F1B3FAC55C,IMPHASH=88CB9A420410BDA787E305B65518A934!s!\nParentProcessGuid: 6BC49A7D-96EB-6A53-C706-000000009A01!s!\nParentProcessId: 10944!s!\nParentImage: C:\\Windows\\System32\\cmd.exe!s!\nParentCommandLine: \"cmd.exe\" /d /c powershell.exe -NoProfile -ExecutionPolicy Bypass -File \"C:\\Users\\seguridad\\Desktop\\TFM\\01_ACTIVE_TESTS\\Pruebas\\TEC-007_Ransomware\\crear_directorio_dummy.ps1\" !s!\nParentUser: LT29\\seguridad!s!\r\n"},"_Source":"Windows.Sigma.BaseEvents","ClientId":"C.364907172793f8c7","_ts":1783863135483}
{"Timestamp":"2026-07-12T13:30:39.706543922Z","Computer":"LT29.ait.us.es","Channel":"Microsoft-Windows-Sysmon/Operational","EID":1,"Level":"low","Title":"Non Interactive PowerShell Process Spawned 2","RecordID":105226,"Details":"Cmdline: powershell.exe  -NoProfile -ExecutionPolicy Bypass -File \"C:\\Users\\seguridad\\Desktop\\TFM\\01_ACTIVE_TESTS\\Pruebas\\TEC-008_Sabotaje\\crear_directorio_dummy.ps1\"  ¦ Proc: C:\\Windows\\System32\\WindowsPowerShell\\v1.0\\powershell.exe ¦ User: LT29\\seguridad ¦ ParentCmdline: \"cmd.exe\" /d /c powershell.exe -NoProfile -ExecutionPolicy Bypass -File \"C:\\Users\\seguridad\\Desktop\\TFM\\01_ACTIVE_TESTS\\Pruebas\\TEC-008_Sabotaje\\crear_directorio_dummy.ps1\"  ¦ LID: 2673153 ¦ LGUID: 6BC49A7D-7A59-6A53-01CA-280000000000 ¦ PID: 11080 ¦ PGUID: 6BC49A7D-96FF-6A53-CB06-000000009A01 ¦ ParentPID: 9900 ¦ ParentPGUID: 6BC49A7D-96FF-6A53-CA06-000000009A01 ¦ Description: Windows PowerShell ¦ Product: Microsoft® Windows® Operating System ¦ Company: Microsoft Corporation ¦ Hashes: MD5=DFD66604CA0898E8E26DF7B1635B6326,SHA256=D23B67799A0DA0143E395BA5DB906A22AB08FAC4BD5581E275B1E0F1B3FAC55C,IMPHASH=88CB9A420410BDA787E305B65518A934","_Event":{"System":{"Provider":{"Name":"Microsoft-Windows-Sysmon","Guid":"5770385F-C22A-43E0-BF4C-06F5698FFBD9"},"EventID":{"Value":1},"Version":5,"Level":4,"Task":1,"Opcode":0,"Keywords":9223372036854775808,"TimeCreated":{"SystemTime":1783863039.706544},"EventRecordID":105226,"Correlation":{},"Execution":{"ProcessID":4652,"ThreadID":6392},"Channel":"Microsoft-Windows-Sysmon/Operational","Computer":"LT29.ait.us.es","Security":{"UserID":"S-1-5-18"}},"EventData":{"RuleName":"-","UtcTime":"2026-07-12 13:30:39.669","ProcessGuid":"6BC49A7D-96FF-6A53-CB06-000000009A01","ProcessId":11080,"Image":"C:\\Windows\\System32\\WindowsPowerShell\\v1.0\\powershell.exe","FileVersion":"10.0.19041.3393 (WinBuild.160101.0800)","Description":"Windows PowerShell","Product":"Microsoft® Windows® Operating System","Company":"Microsoft Corporation","OriginalFileName":"PowerShell.EXE","CommandLine":"powershell.exe  -NoProfile -ExecutionPolicy Bypass -File \"C:\\Users\\seguridad\\Desktop\\TFM\\01_ACTIVE_TESTS\\Pruebas\\TEC-008_Sabotaje\\crear_directorio_dummy.ps1\" ","CurrentDirectory":"C:\\Windows\\system32\\","User":"LT29\\seguridad","LogonGuid":"6BC49A7D-7A59-6A53-01CA-280000000000","LogonId":2673153,"TerminalSessionId":1,"IntegrityLevel":"High","Hashes":"MD5=DFD66604CA0898E8E26DF7B1635B6326,SHA256=D23B67799A0DA0143E395BA5DB906A22AB08FAC4BD5581E275B1E0F1B3FAC55C,IMPHASH=88CB9A420410BDA787E305B65518A934","ParentProcessGuid":"6BC49A7D-96FF-6A53-CA06-000000009A01","ParentProcessId":9900,"ParentImage":"C:\\Windows\\System32\\cmd.exe","ParentCommandLine":"\"cmd.exe\" /d /c powershell.exe -NoProfile -ExecutionPolicy Bypass -File \"C:\\Users\\seguridad\\Desktop\\TFM\\01_ACTIVE_TESTS\\Pruebas\\TEC-008_Sabotaje\\crear_directorio_dummy.ps1\" ","ParentUser":"LT29\\seguridad"},"Message":"Process Create:\nRuleName: -!s!\nUtcTime: 2026-07-12 13:30:39.669!s!\nProcessGuid: 6BC49A7D-96FF-6A53-CB06-000000009A01!s!\nProcessId: 11080!s!\nImage: C:\\Windows\\System32\\WindowsPowerShell\\v1.0\\powershell.exe!s!\nFileVersion: 10.0.19041.3393 (WinBuild.160101.0800)!s!\nDescription: Windows PowerShell!s!\nProduct: Microsoft® Windows® Operating System!s!\nCompany: Microsoft Corporation!s!\nOriginalFileName: PowerShell.EXE!s!\nCommandLine: powershell.exe  -NoProfile -ExecutionPolicy Bypass -File \"C:\\Users\\seguridad\\Desktop\\TFM\\01_ACTIVE_TESTS\\Pruebas\\TEC-008_Sabotaje\\crear_directorio_dummy.ps1\" !s!\nCurrentDirectory: C:\\Windows\\system32\\!s!\nUser: LT29\\seguridad!s!\nLogonGuid: 6BC49A7D-7A59-6A53-01CA-280000000000!s!\nLogonId: 2673153!s!\nTerminalSessionId: 1!s!\nIntegrityLevel: High!s!\nHashes: MD5=DFD66604CA0898E8E26DF7B1635B6326,SHA256=D23B67799A0DA0143E395BA5DB906A22AB08FAC4BD5581E275B1E0F1B3FAC55C,IMPHASH=88CB9A420410BDA787E305B65518A934!s!\nParentProcessGuid: 6BC49A7D-96FF-6A53-CA06-000000009A01!s!\nParentProcessId: 9900!s!\nParentImage: C:\\Windows\\System32\\cmd.exe!s!\nParentCommandLine: \"cmd.exe\" /d /c powershell.exe -NoProfile -ExecutionPolicy Bypass -File \"C:\\Users\\seguridad\\Desktop\\TFM\\01_ACTIVE_TESTS\\Pruebas\\TEC-008_Sabotaje\\crear_directorio_dummy.ps1\" !s!\nParentUser: LT29\\seguridad!s!\r\n"},"_Source":"Windows.Sigma.BaseEvents","ClientId":"C.364907172793f8c7","_ts":1783863135483}
{"Timestamp":"2026-07-12T13:30:39.706543922Z","Computer":"LT29.ait.us.es","Channel":"Microsoft-Windows-Sysmon/Operational","EID":1,"Level":"medium","Title":"Change PowerShell Policies to an Insecure Level 2","RecordID":105226,"Details":"Cmdline: powershell.exe  -NoProfile -ExecutionPolicy Bypass -File \"C:\\Users\\seguridad\\Desktop\\TFM\\01_ACTIVE_TESTS\\Pruebas\\TEC-008_Sabotaje\\crear_directorio_dummy.ps1\"  ¦ Proc: C:\\Windows\\System32\\WindowsPowerShell\\v1.0\\powershell.exe ¦ User: LT29\\seguridad ¦ ParentCmdline: \"cmd.exe\" /d /c powershell.exe -NoProfile -ExecutionPolicy Bypass -File \"C:\\Users\\seguridad\\Desktop\\TFM\\01_ACTIVE_TESTS\\Pruebas\\TEC-008_Sabotaje\\crear_directorio_dummy.ps1\"  ¦ LID: 2673153 ¦ LGUID: 6BC49A7D-7A59-6A53-01CA-280000000000 ¦ PID: 11080 ¦ PGUID: 6BC49A7D-96FF-6A53-CB06-000000009A01 ¦ ParentPID: 9900 ¦ ParentPGUID: 6BC49A7D-96FF-6A53-CA06-000000009A01 ¦ Description: Windows PowerShell ¦ Product: Microsoft® Windows® Operating System ¦ Company: Microsoft Corporation ¦ Hashes: MD5=DFD66604CA0898E8E26DF7B1635B6326,SHA256=D23B67799A0DA0143E395BA5DB906A22AB08FAC4BD5581E275B1E0F1B3FAC55C,IMPHASH=88CB9A420410BDA787E305B65518A934","_Event":{"System":{"Provider":{"Name":"Microsoft-Windows-Sysmon","Guid":"5770385F-C22A-43E0-BF4C-06F5698FFBD9"},"EventID":{"Value":1},"Version":5,"Level":4,"Task":1,"Opcode":0,"Keywords":9223372036854775808,"TimeCreated":{"SystemTime":1783863039.706544},"EventRecordID":105226,"Correlation":{},"Execution":{"ProcessID":4652,"ThreadID":6392},"Channel":"Microsoft-Windows-Sysmon/Operational","Computer":"LT29.ait.us.es","Security":{"UserID":"S-1-5-18"}},"EventData":{"RuleName":"-","UtcTime":"2026-07-12 13:30:39.669","ProcessGuid":"6BC49A7D-96FF-6A53-CB06-000000009A01","ProcessId":11080,"Image":"C:\\Windows\\System32\\WindowsPowerShell\\v1.0\\powershell.exe","FileVersion":"10.0.19041.3393 (WinBuild.160101.0800)","Description":"Windows PowerShell","Product":"Microsoft® Windows® Operating System","Company":"Microsoft Corporation","OriginalFileName":"PowerShell.EXE","CommandLine":"powershell.exe  -NoProfile -ExecutionPolicy Bypass -File \"C:\\Users\\seguridad\\Desktop\\TFM\\01_ACTIVE_TESTS\\Pruebas\\TEC-008_Sabotaje\\crear_directorio_dummy.ps1\" ","CurrentDirectory":"C:\\Windows\\system32\\","User":"LT29\\seguridad","LogonGuid":"6BC49A7D-7A59-6A53-01CA-280000000000","LogonId":2673153,"TerminalSessionId":1,"IntegrityLevel":"High","Hashes":"MD5=DFD66604CA0898E8E26DF7B1635B6326,SHA256=D23B67799A0DA0143E395BA5DB906A22AB08FAC4BD5581E275B1E0F1B3FAC55C,IMPHASH=88CB9A420410BDA787E305B65518A934","ParentProcessGuid":"6BC49A7D-96FF-6A53-CA06-000000009A01","ParentProcessId":9900,"ParentImage":"C:\\Windows\\System32\\cmd.exe","ParentCommandLine":"\"cmd.exe\" /d /c powershell.exe -NoProfile -ExecutionPolicy Bypass -File \"C:\\Users\\seguridad\\Desktop\\TFM\\01_ACTIVE_TESTS\\Pruebas\\TEC-008_Sabotaje\\crear_directorio_dummy.ps1\" ","ParentUser":"LT29\\seguridad"},"Message":"Process Create:\nRuleName: -!s!\nUtcTime: 2026-07-12 13:30:39.669!s!\nProcessGuid: 6BC49A7D-96FF-6A53-CB06-000000009A01!s!\nProcessId: 11080!s!\nImage: C:\\Windows\\System32\\WindowsPowerShell\\v1.0\\powershell.exe!s!\nFileVersion: 10.0.19041.3393 (WinBuild.160101.0800)!s!\nDescription: Windows PowerShell!s!\nProduct: Microsoft® Windows® Operating System!s!\nCompany: Microsoft Corporation!s!\nOriginalFileName: PowerShell.EXE!s!\nCommandLine: powershell.exe  -NoProfile -ExecutionPolicy Bypass -File \"C:\\Users\\seguridad\\Desktop\\TFM\\01_ACTIVE_TESTS\\Pruebas\\TEC-008_Sabotaje\\crear_directorio_dummy.ps1\" !s!\nCurrentDirectory: C:\\Windows\\system32\\!s!\nUser: LT29\\seguridad!s!\nLogonGuid: 6BC49A7D-7A59-6A53-01CA-280000000000!s!\nLogonId: 2673153!s!\nTerminalSessionId: 1!s!\nIntegrityLevel: High!s!\nHashes: MD5=DFD66604CA0898E8E26DF7B1635B6326,SHA256=D23B67799A0DA0143E395BA5DB906A22AB08FAC4BD5581E275B1E0F1B3FAC55C,IMPHASH=88CB9A420410BDA787E305B65518A934!s!\nParentProcessGuid: 6BC49A7D-96FF-6A53-CA06-000000009A01!s!\nParentProcessId: 9900!s!\nParentImage: C:\\Windows\\System32\\cmd.exe!s!\nParentCommandLine: \"cmd.exe\" /d /c powershell.exe -NoProfile -ExecutionPolicy Bypass -File \"C:\\Users\\seguridad\\Desktop\\TFM\\01_ACTIVE_TESTS\\Pruebas\\TEC-008_Sabotaje\\crear_directorio_dummy.ps1\" !s!\nParentUser: LT29\\seguridad!s!\r\n"},"_Source":"Windows.Sigma.BaseEvents","ClientId":"C.364907172793f8c7","_ts":1783863135483}
{"Timestamp":"2026-07-12T13:29:21.484510421Z","Computer":"LT29.ait.us.es","Channel":"Microsoft-Windows-Sysmon/Operational","EID":3,"Level":"low","Title":"Network Connection Initiated By PowerShell Process 2","RecordID":105216,"Details":"Initiated: true ¦ Proto: tcp ¦ SrcIP: 192.168.1.143 ¦ SrcPort: 50922 ¦ SrcHost: LT29.ait.us.es ¦ TgtIP: 192.168.1.129 ¦ TgtPort: 8088 ¦ TgtHost: - ¦ User: LT29\\seguridad ¦ Proc: C:\\Windows\\System32\\WindowsPowerShell\\v1.0\\powershell.exe ¦ PID: 12104 ¦ PGUID: 6BC49A7D-7F1E-6A53-1C04-000000009A01","_Event":{"System":{"Provider":{"Name":"Microsoft-Windows-Sysmon","Guid":"5770385F-C22A-43E0-BF4C-06F5698FFBD9"},"EventID":{"Value":3},"Version":5,"Level":4,"Task":3,"Opcode":0,"Keywords":9223372036854775808,"TimeCreated":{"SystemTime":1783862961.4845104},"EventRecordID":105216,"Correlation":{},"Execution":{"ProcessID":4652,"ThreadID":6168},"Channel":"Microsoft-Windows-Sysmon/Operational","Computer":"LT29.ait.us.es","Security":{"UserID":"S-1-5-18"}},"EventData":{"RuleName":"-","UtcTime":"2026-07-12 13:29:39.012","ProcessGuid":"6BC49A7D-7F1E-6A53-1C04-000000009A01","ProcessId":12104,"Image":"C:\\Windows\\System32\\WindowsPowerShell\\v1.0\\powershell.exe","User":"LT29\\seguridad","Protocol":"tcp","Initiated":true,"SourceIsIpv6":false,"SourceIp":"192.168.1.143","SourceHostname":"LT29.ait.us.es","SourcePort":50922,"SourcePortName":"-","DestinationIsIpv6":false,"DestinationIp":"192.168.1.129","DestinationHostname":"-","DestinationPort":8088,"DestinationPortName":"-"},"Message":"Network connection detected:\nRuleName: -!s!\nUtcTime: 2026-07-12 13:29:39.012!s!\nProcessGuid: 6BC49A7D-7F1E-6A53-1C04-000000009A01!s!\nProcessId: 12104!s!\nImage: C:\\Windows\\System32\\WindowsPowerShell\\v1.0\\powershell.exe!s!\nUser: LT29\\seguridad!s!\nProtocol: tcp!s!\nInitiated: true!s!\nSourceIsIpv6: false!s!\nSourceIp: 192.168.1.143!s!\nSourceHostname: LT29.ait.us.es!s!\nSourcePort: 50922!s!\nSourcePortName: -!s!\nDestinationIsIpv6: false!s!\nDestinationIp: 192.168.1.129!s!\nDestinationHostname: -!s!\nDestinationPort: 8088!s!\nDestinationPortName: -!s!\r\n"},"_Source":"Windows.Sigma.BaseEvents","ClientId":"C.364907172793f8c7","_ts":1783863135483}
{"Timestamp":"2026-07-12T13:31:00.341150283Z","Computer":"LT29.ait.us.es","Channel":"Windows PowerShell","EID":400,"Level":"informational","Title":"PwSh Engine Started","RecordID":131075,"Details":"HostApplication: powershell.exe -NoProfile -ExecutionPolicy Bypass -File C:\\Users\\seguridad\\Desktop\\TFM\\01_ACTIVE_TESTS\\Pruebas\\TEC-009_Exfiltracion\\crear_directorio_dummy.ps1","_Event":{"System":{"Provider":{"Name":"PowerShell"},"EventID":{"Qualifiers":0,"Value":400},"Version":0,"Level":4,"Task":4,"Opcode":0,"Keywords":36028797018963968,"TimeCreated":{"SystemTime":1783863060.3411503},"EventRecordID":131075,"Correlation":{},"Execution":{"ProcessID":0,"ThreadID":0},"Channel":"Windows PowerShell","Computer":"LT29.ait.us.es","Security":{}},"EventData":{"Data":"\tNewEngineState=Available\r\n\tPreviousEngineState=None\r\n\r\n\tSequenceNumber=13\r\n\r\n\tHostName=ConsoleHost\r\n\tHostVersion=5.1.19041.3031\r\n\tHostId=777b7af6-0159-4171-b520-d2953bcf8a71\r\n\tHostApplication=powershell.exe -NoProfile -ExecutionPolicy Bypass -File C:\\Users\\seguridad\\Desktop\\TFM\\01_ACTIVE_TESTS\\Pruebas\\TEC-009_Exfiltracion\\crear_directorio_dummy.ps1\r\n\tEngineVersion=5.1.19041.3031\r\n\tRunspaceId=24d331ca-d32b-41e5-b8bc-6939f8fd7ba2\r\n\tPipelineId=\r\n\tCommandName=\r\n\tCommandType=\r\n\tScriptName=\r\n\tCommandPath=\r\n\tCommandLine=","HostApplication":"powershell.exe -NoProfile -ExecutionPolicy Bypass -File C:\\Users\\seguridad\\Desktop\\TFM\\01_ACTIVE_TESTS\\Pruebas\\TEC-009_Exfiltracion\\crear_directorio_dummy.ps1"},"Message":"El estado del motor ha cambiado de None a Available. \n\nDetalles: \n\tNewEngineState=Available\r\n\tPreviousEngineState=None\r\n\r\n\tSequenceNumber=13\r\n\r\n\tHostName=ConsoleHost\r\n\tHostVersion=5.1.19041.3031\r\n\tHostId=777b7af6-0159-4171-b520-d2953bcf8a71\r\n\tHostApplication=powershell.exe -NoProfile -ExecutionPolicy Bypass -File C:\\Users\\seguridad\\Desktop\\TFM\\01_ACTIVE_TESTS\\Pruebas\\TEC-009_Exfiltracion\\crear_directorio_dummy.ps1\r\n\tEngineVersion=5.1.19041.3031\r\n\tRunspaceId=24d331ca-d32b-41e5-b8bc-6939f8fd7ba2\r\n\tPipelineId=\r\n\tCommandName=\r\n\tCommandType=\r\n\tScriptName=\r\n\tCommandPath=\r\n\tCommandLine=\r\n"},"_Source":"Windows.Sigma.BaseEvents","ClientId":"C.364907172793f8c7","_ts":1783863135483}
{"Timestamp":"2026-07-12T13:30:40.521867275Z","Computer":"LT29.ait.us.es","Channel":"Windows PowerShell","EID":400,"Level":"informational","Title":"PwSh Engine Started","RecordID":131067,"Details":"HostApplication: powershell.exe -NoProfile -ExecutionPolicy Bypass -File C:\\Users\\seguridad\\Desktop\\TFM\\01_ACTIVE_TESTS\\Pruebas\\TEC-008_Sabotaje\\crear_directorio_dummy.ps1","_Event":{"System":{"Provider":{"Name":"PowerShell"},"EventID":{"Qualifiers":0,"Value":400},"Version":0,"Level":4,"Task":4,"Opcode":0,"Keywords":36028797018963968,"TimeCreated":{"SystemTime":1783863040.5218673},"EventRecordID":131067,"Correlation":{},"Execution":{"ProcessID":0,"ThreadID":0},"Channel":"Windows PowerShell","Computer":"LT29.ait.us.es","Security":{}},"EventData":{"Data":"\tNewEngineState=Available\r\n\tPreviousEngineState=None\r\n\r\n\tSequenceNumber=13\r\n\r\n\tHostName=ConsoleHost\r\n\tHostVersion=5.1.19041.3031\r\n\tHostId=7dbcf6b2-e4c5-48ac-aac2-47d13f40f155\r\n\tHostApplication=powershell.exe -NoProfile -ExecutionPolicy Bypass -File C:\\Users\\seguridad\\Desktop\\TFM\\01_ACTIVE_TESTS\\Pruebas\\TEC-008_Sabotaje\\crear_directorio_dummy.ps1\r\n\tEngineVersion=5.1.19041.3031\r\n\tRunspaceId=1515395e-315f-40c0-aaf6-c08f0cfb2ef4\r\n\tPipelineId=\r\n\tCommandName=\r\n\tCommandType=\r\n\tScriptName=\r\n\tCommandPath=\r\n\tCommandLine=","HostApplication":"powershell.exe -NoProfile -ExecutionPolicy Bypass -File C:\\Users\\seguridad\\Desktop\\TFM\\01_ACTIVE_TESTS\\Pruebas\\TEC-008_Sabotaje\\crear_directorio_dummy.ps1"},"Message":"El estado del motor ha cambiado de None a Available. \n\nDetalles: \n\tNewEngineState=Available\r\n\tPreviousEngineState=None\r\n\r\n\tSequenceNumber=13\r\n\r\n\tHostName=ConsoleHost\r\n\tHostVersion=5.1.19041.3031\r\n\tHostId=7dbcf6b2-e4c5-48ac-aac2-47d13f40f155\r\n\tHostApplication=powershell.exe -NoProfile -ExecutionPolicy Bypass -File C:\\Users\\seguridad\\Desktop\\TFM\\01_ACTIVE_TESTS\\Pruebas\\TEC-008_Sabotaje\\crear_directorio_dummy.ps1\r\n\tEngineVersion=5.1.19041.3031\r\n\tRunspaceId=1515395e-315f-40c0-aaf6-c08f0cfb2ef4\r\n\tPipelineId=\r\n\tCommandName=\r\n\tCommandType=\r\n\tScriptName=\r\n\tCommandPath=\r\n\tCommandLine=\r\n"},"_Source":"Windows.Sigma.BaseEvents","ClientId":"C.364907172793f8c7","_ts":1783863135483}
{"Timestamp":"2026-07-12T13:30:57.954395294Z","Computer":"LT29.ait.us.es","Channel":"Microsoft-Windows-Sysmon/Operational","EID":3,"Level":"medium","Title":"Net Conn (Sysmon Alert)","RecordID":105229,"Details":"Initiated: false ¦ Proto: tcp ¦ SrcIP: 0:0:0:0:0:0:0:1 ¦ SrcPort: 50929 ¦ SrcHost: LT29.ait.us.es ¦ TgtIP: 0:0:0:0:0:0:0:1 ¦ TgtPort: 8443 ¦ TgtHost: LT29.ait.us.es ¦ User: LT29\\seguridad ¦ Proc: C:\\Users\\seguridad\\Desktop\\TFM\\Velociraptor\\velociraptor-v0.75.6-windows-amd64.exe ¦ PID: 5276 ¦ PGUID: 6BC49A7D-7CD5-6A53-7102-000000009A01","_Event":{"System":{"Provider":{"Name":"Microsoft-Windows-Sysmon","Guid":"5770385F-C22A-43E0-BF4C-06F5698FFBD9"},"EventID":{"Value":3},"Version":5,"Level":4,"Task":3,"Opcode":0,"Keywords":9223372036854775808,"TimeCreated":{"SystemTime":1783863057.9543953},"EventRecordID":105229,"Correlation":{},"Execution":{"ProcessID":4652,"ThreadID":6168},"Channel":"Microsoft-Windows-Sysmon/Operational","Computer":"LT29.ait.us.es","Security":{"UserID":"S-1-5-18"}},"EventData":{"RuleName":"Usermode","UtcTime":"2026-07-12 13:30:49.201","ProcessGuid":"6BC49A7D-7CD5-6A53-7102-000000009A01","ProcessId":5276,"Image":"C:\\Users\\seguridad\\Desktop\\TFM\\Velociraptor\\velociraptor-v0.75.6-windows-amd64.exe","User":"LT29\\seguridad","Protocol":"tcp","Initiated":false,"SourceIsIpv6":true,"SourceIp":"0:0:0:0:0:0:0:1","SourceHostname":"LT29.ait.us.es","SourcePort":50929,"SourcePortName":"-","DestinationIsIpv6":true,"DestinationIp":"0:0:0:0:0:0:0:1","DestinationHostname":"LT29.ait.us.es","DestinationPort":8443,"DestinationPortName":"-"},"Message":"Network connection detected:\nRuleName: Usermode!s!\nUtcTime: 2026-07-12 13:30:49.201!s!\nProcessGuid: 6BC49A7D-7CD5-6A53-7102-000000009A01!s!\nProcessId: 5276!s!\nImage: C:\\Users\\seguridad\\Desktop\\TFM\\Velociraptor\\velociraptor-v0.75.6-windows-amd64.exe!s!\nUser: LT29\\seguridad!s!\nProtocol: tcp!s!\nInitiated: false!s!\nSourceIsIpv6: true!s!\nSourceIp: 0:0:0:0:0:0:0:1!s!\nSourceHostname: LT29.ait.us.es!s!\nSourcePort: 50929!s!\nSourcePortName: -!s!\nDestinationIsIpv6: true!s!\nDestinationIp: 0:0:0:0:0:0:0:1!s!\nDestinationHostname: LT29.ait.us.es!s!\nDestinationPort: 8443!s!\nDestinationPortName: -!s!\r\n"},"_Source":"Windows.Sigma.BaseEvents","ClientId":"C.364907172793f8c7","_ts":1783863135483}
{"Timestamp":"2026-07-12T13:30:59.989353656Z","Computer":"LT29.ait.us.es","Channel":"Microsoft-Windows-Sysmon/Operational","EID":1,"Level":"low","Title":"Non Interactive PowerShell Process Spawned 2","RecordID":105231,"Details":"Cmdline: powershell.exe  -NoProfile -ExecutionPolicy Bypass -File \"C:\\Users\\seguridad\\Desktop\\TFM\\01_ACTIVE_TESTS\\Pruebas\\TEC-009_Exfiltracion\\crear_directorio_dummy.ps1\"  ¦ Proc: C:\\Windows\\System32\\WindowsPowerShell\\v1.0\\powershell.exe ¦ User: LT29\\seguridad ¦ ParentCmdline: \"cmd.exe\" /d /c powershell.exe -NoProfile -ExecutionPolicy Bypass -File \"C:\\Users\\seguridad\\Desktop\\TFM\\01_ACTIVE_TESTS\\Pruebas\\TEC-009_Exfiltracion\\crear_directorio_dummy.ps1\"  ¦ LID: 2673153 ¦ LGUID: 6BC49A7D-7A59-6A53-01CA-280000000000 ¦ PID: 10072 ¦ PGUID: 6BC49A7D-9713-6A53-CD06-000000009A01 ¦ ParentPID: 8568 ¦ ParentPGUID: 6BC49A7D-9713-6A53-CC06-000000009A01 ¦ Description: Windows PowerShell ¦ Product: Microsoft® Windows® Operating System ¦ Company: Microsoft Corporation ¦ Hashes: MD5=DFD66604CA0898E8E26DF7B1635B6326,SHA256=D23B67799A0DA0143E395BA5DB906A22AB08FAC4BD5581E275B1E0F1B3FAC55C,IMPHASH=88CB9A420410BDA787E305B65518A934","_Event":{"System":{"Provider":{"Name":"Microsoft-Windows-Sysmon","Guid":"5770385F-C22A-43E0-BF4C-06F5698FFBD9"},"EventID":{"Value":1},"Version":5,"Level":4,"Task":1,"Opcode":0,"Keywords":9223372036854775808,"TimeCreated":{"SystemTime":1783863059.9893537},"EventRecordID":105231,"Correlation":{},"Execution":{"ProcessID":4652,"ThreadID":6392},"Channel":"Microsoft-Windows-Sysmon/Operational","Computer":"LT29.ait.us.es","Security":{"UserID":"S-1-5-18"}},"EventData":{"RuleName":"-","UtcTime":"2026-07-12 13:30:59.969","ProcessGuid":"6BC49A7D-9713-6A53-CD06-000000009A01","ProcessId":10072,"Image":"C:\\Windows\\System32\\WindowsPowerShell\\v1.0\\powershell.exe","FileVersion":"10.0.19041.3393 (WinBuild.160101.0800)","Description":"Windows PowerShell","Product":"Microsoft® Windows® Operating System","Company":"Microsoft Corporation","OriginalFileName":"PowerShell.EXE","CommandLine":"powershell.exe  -NoProfile -ExecutionPolicy Bypass -File \"C:\\Users\\seguridad\\Desktop\\TFM\\01_ACTIVE_TESTS\\Pruebas\\TEC-009_Exfiltracion\\crear_directorio_dummy.ps1\" ","CurrentDirectory":"C:\\Windows\\system32\\","User":"LT29\\seguridad","LogonGuid":"6BC49A7D-7A59-6A53-01CA-280000000000","LogonId":2673153,"TerminalSessionId":1,"IntegrityLevel":"High","Hashes":"MD5=DFD66604CA0898E8E26DF7B1635B6326,SHA256=D23B67799A0DA0143E395BA5DB906A22AB08FAC4BD5581E275B1E0F1B3FAC55C,IMPHASH=88CB9A420410BDA787E305B65518A934","ParentProcessGuid":"6BC49A7D-9713-6A53-CC06-000000009A01","ParentProcessId":8568,"ParentImage":"C:\\Windows\\System32\\cmd.exe","ParentCommandLine":"\"cmd.exe\" /d /c powershell.exe -NoProfile -ExecutionPolicy Bypass -File \"C:\\Users\\seguridad\\Desktop\\TFM\\01_ACTIVE_TESTS\\Pruebas\\TEC-009_Exfiltracion\\crear_directorio_dummy.ps1\" ","ParentUser":"LT29\\seguridad"},"Message":"Process Create:\nRuleName: -!s!\nUtcTime: 2026-07-12 13:30:59.969!s!\nProcessGuid: 6BC49A7D-9713-6A53-CD06-000000009A01!s!\nProcessId: 10072!s!\nImage: C:\\Windows\\System32\\WindowsPowerShell\\v1.0\\powershell.exe!s!\nFileVersion: 10.0.19041.3393 (WinBuild.160101.0800)!s!\nDescription: Windows PowerShell!s!\nProduct: Microsoft® Windows® Operating System!s!\nCompany: Microsoft Corporation!s!\nOriginalFileName: PowerShell.EXE!s!\nCommandLine: powershell.exe  -NoProfile -ExecutionPolicy Bypass -File \"C:\\Users\\seguridad\\Desktop\\TFM\\01_ACTIVE_TESTS\\Pruebas\\TEC-009_Exfiltracion\\crear_directorio_dummy.ps1\" !s!\nCurrentDirectory: C:\\Windows\\system32\\!s!\nUser: LT29\\seguridad!s!\nLogonGuid: 6BC49A7D-7A59-6A53-01CA-280000000000!s!\nLogonId: 2673153!s!\nTerminalSessionId: 1!s!\nIntegrityLevel: High!s!\nHashes: MD5=DFD66604CA0898E8E26DF7B1635B6326,SHA256=D23B67799A0DA0143E395BA5DB906A22AB08FAC4BD5581E275B1E0F1B3FAC55C,IMPHASH=88CB9A420410BDA787E305B65518A934!s!\nParentProcessGuid: 6BC49A7D-9713-6A53-CC06-000000009A01!s!\nParentProcessId: 8568!s!\nParentImage: C:\\Windows\\System32\\cmd.exe!s!\nParentCommandLine: \"cmd.exe\" /d /c powershell.exe -NoProfile -ExecutionPolicy Bypass -File \"C:\\Users\\seguridad\\Desktop\\TFM\\01_ACTIVE_TESTS\\Pruebas\\TEC-009_Exfiltracion\\crear_directorio_dummy.ps1\" !s!\nParentUser: LT29\\seguridad!s!\r\n"},"_Source":"Windows.Sigma.BaseEvents","ClientId":"C.364907172793f8c7","_ts":1783863135483}
{"Timestamp":"2026-07-12T13:30:59.989353656Z","Computer":"LT29.ait.us.es","Channel":"Microsoft-Windows-Sysmon/Operational","EID":1,"Level":"medium","Title":"Change PowerShell Policies to an Insecure Level 2","RecordID":105231,"Details":"Cmdline: powershell.exe  -NoProfile -ExecutionPolicy Bypass -File \"C:\\Users\\seguridad\\Desktop\\TFM\\01_ACTIVE_TESTS\\Pruebas\\TEC-009_Exfiltracion\\crear_directorio_dummy.ps1\"  ¦ Proc: C:\\Windows\\System32\\WindowsPowerShell\\v1.0\\powershell.exe ¦ User: LT29\\seguridad ¦ ParentCmdline: \"cmd.exe\" /d /c powershell.exe -NoProfile -ExecutionPolicy Bypass -File \"C:\\Users\\seguridad\\Desktop\\TFM\\01_ACTIVE_TESTS\\Pruebas\\TEC-009_Exfiltracion\\crear_directorio_dummy.ps1\"  ¦ LID: 2673153 ¦ LGUID: 6BC49A7D-7A59-6A53-01CA-280000000000 ¦ PID: 10072 ¦ PGUID: 6BC49A7D-9713-6A53-CD06-000000009A01 ¦ ParentPID: 8568 ¦ ParentPGUID: 6BC49A7D-9713-6A53-CC06-000000009A01 ¦ Description: Windows PowerShell ¦ Product: Microsoft® Windows® Operating System ¦ Company: Microsoft Corporation ¦ Hashes: MD5=DFD66604CA0898E8E26DF7B1635B6326,SHA256=D23B67799A0DA0143E395BA5DB906A22AB08FAC4BD5581E275B1E0F1B3FAC55C,IMPHASH=88CB9A420410BDA787E305B65518A934","_Event":{"System":{"Provider":{"Name":"Microsoft-Windows-Sysmon","Guid":"5770385F-C22A-43E0-BF4C-06F5698FFBD9"},"EventID":{"Value":1},"Version":5,"Level":4,"Task":1,"Opcode":0,"Keywords":9223372036854775808,"TimeCreated":{"SystemTime":1783863059.9893537},"EventRecordID":105231,"Correlation":{},"Execution":{"ProcessID":4652,"ThreadID":6392},"Channel":"Microsoft-Windows-Sysmon/Operational","Computer":"LT29.ait.us.es","Security":{"UserID":"S-1-5-18"}},"EventData":{"RuleName":"-","UtcTime":"2026-07-12 13:30:59.969","ProcessGuid":"6BC49A7D-9713-6A53-CD06-000000009A01","ProcessId":10072,"Image":"C:\\Windows\\System32\\WindowsPowerShell\\v1.0\\powershell.exe","FileVersion":"10.0.19041.3393 (WinBuild.160101.0800)","Description":"Windows PowerShell","Product":"Microsoft® Windows® Operating System","Company":"Microsoft Corporation","OriginalFileName":"PowerShell.EXE","CommandLine":"powershell.exe  -NoProfile -ExecutionPolicy Bypass -File \"C:\\Users\\seguridad\\Desktop\\TFM\\01_ACTIVE_TESTS\\Pruebas\\TEC-009_Exfiltracion\\crear_directorio_dummy.ps1\" ","CurrentDirectory":"C:\\Windows\\system32\\","User":"LT29\\seguridad","LogonGuid":"6BC49A7D-7A59-6A53-01CA-280000000000","LogonId":2673153,"TerminalSessionId":1,"IntegrityLevel":"High","Hashes":"MD5=DFD66604CA0898E8E26DF7B1635B6326,SHA256=D23B67799A0DA0143E395BA5DB906A22AB08FAC4BD5581E275B1E0F1B3FAC55C,IMPHASH=88CB9A420410BDA787E305B65518A934","ParentProcessGuid":"6BC49A7D-9713-6A53-CC06-000000009A01","ParentProcessId":8568,"ParentImage":"C:\\Windows\\System32\\cmd.exe","ParentCommandLine":"\"cmd.exe\" /d /c powershell.exe -NoProfile -ExecutionPolicy Bypass -File \"C:\\Users\\seguridad\\Desktop\\TFM\\01_ACTIVE_TESTS\\Pruebas\\TEC-009_Exfiltracion\\crear_directorio_dummy.ps1\" ","ParentUser":"LT29\\seguridad"},"Message":"Process Create:\nRuleName: -!s!\nUtcTime: 2026-07-12 13:30:59.969!s!\nProcessGuid: 6BC49A7D-9713-6A53-CD06-000000009A01!s!\nProcessId: 10072!s!\nImage: C:\\Windows\\System32\\WindowsPowerShell\\v1.0\\powershell.exe!s!\nFileVersion: 10.0.19041.3393 (WinBuild.160101.0800)!s!\nDescription: Windows PowerShell!s!\nProduct: Microsoft® Windows® Operating System!s!\nCompany: Microsoft Corporation!s!\nOriginalFileName: PowerShell.EXE!s!\nCommandLine: powershell.exe  -NoProfile -ExecutionPolicy Bypass -File \"C:\\Users\\seguridad\\Desktop\\TFM\\01_ACTIVE_TESTS\\Pruebas\\TEC-009_Exfiltracion\\crear_directorio_dummy.ps1\" !s!\nCurrentDirectory: C:\\Windows\\system32\\!s!\nUser: LT29\\seguridad!s!\nLogonGuid: 6BC49A7D-7A59-6A53-01CA-280000000000!s!\nLogonId: 2673153!s!\nTerminalSessionId: 1!s!\nIntegrityLevel: High!s!\nHashes: MD5=DFD66604CA0898E8E26DF7B1635B6326,SHA256=D23B67799A0DA0143E395BA5DB906A22AB08FAC4BD5581E275B1E0F1B3FAC55C,IMPHASH=88CB9A420410BDA787E305B65518A934!s!\nParentProcessGuid: 6BC49A7D-9713-6A53-CC06-000000009A01!s!\nParentProcessId: 8568!s!\nParentImage: C:\\Windows\\System32\\cmd.exe!s!\nParentCommandLine: \"cmd.exe\" /d /c powershell.exe -NoProfile -ExecutionPolicy Bypass -File \"C:\\Users\\seguridad\\Desktop\\TFM\\01_ACTIVE_TESTS\\Pruebas\\TEC-009_Exfiltracion\\crear_directorio_dummy.ps1\" !s!\nParentUser: LT29\\seguridad!s!\r\n"},"_Source":"Windows.Sigma.BaseEvents","ClientId":"C.364907172793f8c7","_ts":1783863135483}
{"Timestamp":"2026-07-12T13:30:57.437782287Z","Computer":"LT29.ait.us.es","Channel":"Microsoft-Windows-PowerShell/Operational","EID":4104,"Level":"informational","Title":"PwSh Scriptblock","RecordID":3297131,"Details":"ScriptBlock: $global:?","_Event":{"System":{"Provider":{"Name":"Microsoft-Windows-PowerShell","Guid":"A0C1853B-5C40-4B15-8766-3CF1C58F985A"},"EventID":{"Value":4104},"Version":1,"Level":5,"Task":2,"Opcode":15,"Keywords":0,"TimeCreated":{"SystemTime":1783863057.4377823},"EventRecordID":3297131,"Correlation":{"ActivityID":"F2694954-11F0-0000-3B17-6CF2F011DD01"},"Execution":{"ProcessID":11080,"ThreadID":11748},"Channel":"Microsoft-Windows-PowerShell/Operational","Computer":"LT29.ait.us.es","Security":{"UserID":"S-1-5-21-2237245112-686140129-944090608-1004"}},"EventData":{"MessageNumber":1,"MessageTotal":1,"ScriptBlockText":"$global:?","ScriptBlockId":"6505cf03-c7d8-4ca5-af5f-6d7a8a24f962","Path":""},"Message":"Creando texto de bloque de script (1 de 1):\n$global:?\n\nId. de bloque de script: 6505cf03-c7d8-4ca5-af5f-6d7a8a24f962\nRuta de acceso: \r\n"},"_Source":"Windows.Sigma.BaseEvents","ClientId":"C.364907172793f8c7","_ts":1783863135483}
