{"Timestamp":"2026-07-12T13:26:29.602799892Z","Computer":"LT29.ait.us.es","Channel":"Microsoft-Windows-Sysmon/Operational","EID":1,"Level":"medium","Title":"Schedule Task Creation From Env Variable Or Potentially Suspicious Path Via Schtasks.EXE 2","RecordID":105149,"Details":"Cmdline: schtasks.exe  /create /tn \"TFM-TEC-003\" /tr \"cmd.exe /c echo TEC003_OK ^\u003e C:\\Users\\Public\\tec003_ok.txt\" /sc once /st 15:31 /f ¦ Proc: C:\\Windows\\System32\\schtasks.exe ¦ User: LT29\\seguridad ¦ ParentCmdline: \"cmd.exe\" /d /c schtasks.exe /create /tn \"TFM-TEC-003\" /tr \"cmd.exe /c echo TEC003_OK ^\u003e C:\\Users\\Public\\tec003_ok.txt\" /sc once /st 15:31 /f ¦ LID: 2673153 ¦ LGUID: 6BC49A7D-7A59-6A53-01CA-280000000000 ¦ PID: 7748 ¦ PGUID: 6BC49A7D-9605-6A53-9106-000000009A01 ¦ ParentPID: 11360 ¦ ParentPGUID: 6BC49A7D-9605-6A53-9006-000000009A01 ¦ Description: Task Scheduler Configuration Tool ¦ Product: Microsoft® Windows® Operating System ¦ Company: Microsoft Corporation ¦ Hashes: MD5=76CD6626DD8834BD4A42E6A565104DC2,SHA256=013C013E0EFD13C9380FAD58418B7ACA8356E591A5CCEFFDB910F7D8B0AD28EF,IMPHASH=ECCE05491F2E8F279F4790BCB1318C05","_Event":{"System":{"Provider":{"Name":"Microsoft-Windows-Sysmon","Guid":"5770385F-C22A-43E0-BF4C-06F5698FFBD9"},"EventID":{"Value":1},"Version":5,"Level":4,"Task":1,"Opcode":0,"Keywords":9223372036854775808,"TimeCreated":{"SystemTime":1783862789.6028},"EventRecordID":105149,"Correlation":{},"Execution":{"ProcessID":4652,"ThreadID":6392},"Channel":"Microsoft-Windows-Sysmon/Operational","Computer":"LT29.ait.us.es","Security":{"UserID":"S-1-5-18"}},"EventData":{"RuleName":"-","UtcTime":"2026-07-12 13:26:29.589","ProcessGuid":"6BC49A7D-9605-6A53-9106-000000009A01","ProcessId":7748,"Image":"C:\\Windows\\System32\\schtasks.exe","FileVersion":"10.0.19041.1503 (WinBuild.160101.0800)","Description":"Task Scheduler Configuration Tool","Product":"Microsoft® Windows® Operating System","Company":"Microsoft Corporation","OriginalFileName":"schtasks.exe","CommandLine":"schtasks.exe  /create /tn \"TFM-TEC-003\" /tr \"cmd.exe /c echo TEC003_OK ^\u003e C:\\Users\\Public\\tec003_ok.txt\" /sc once /st 15:31 /f","CurrentDirectory":"C:\\Windows\\system32\\","User":"LT29\\seguridad","LogonGuid":"6BC49A7D-7A59-6A53-01CA-280000000000","LogonId":2673153,"TerminalSessionId":1,"IntegrityLevel":"High","Hashes":"MD5=76CD6626DD8834BD4A42E6A565104DC2,SHA256=013C013E0EFD13C9380FAD58418B7ACA8356E591A5CCEFFDB910F7D8B0AD28EF,IMPHASH=ECCE05491F2E8F279F4790BCB1318C05","ParentProcessGuid":"6BC49A7D-9605-6A53-9006-000000009A01","ParentProcessId":11360,"ParentImage":"C:\\Windows\\System32\\cmd.exe","ParentCommandLine":"\"cmd.exe\" /d /c schtasks.exe /create /tn \"TFM-TEC-003\" /tr \"cmd.exe /c echo TEC003_OK ^\u003e C:\\Users\\Public\\tec003_ok.txt\" /sc once /st 15:31 /f","ParentUser":"LT29\\seguridad"},"Message":"Process Create:\nRuleName: -!s!\nUtcTime: 2026-07-12 13:26:29.589!s!\nProcessGuid: 6BC49A7D-9605-6A53-9106-000000009A01!s!\nProcessId: 7748!s!\nImage: C:\\Windows\\System32\\schtasks.exe!s!\nFileVersion: 10.0.19041.1503 (WinBuild.160101.0800)!s!\nDescription: Task Scheduler Configuration Tool!s!\nProduct: Microsoft® Windows® Operating System!s!\nCompany: Microsoft Corporation!s!\nOriginalFileName: schtasks.exe!s!\nCommandLine: schtasks.exe  /create /tn \"TFM-TEC-003\" /tr \"cmd.exe /c echo TEC003_OK ^\u003e C:\\Users\\Public\\tec003_ok.txt\" /sc once /st 15:31 /f!s!\nCurrentDirectory: C:\\Windows\\system32\\!s!\nUser: LT29\\seguridad!s!\nLogonGuid: 6BC49A7D-7A59-6A53-01CA-280000000000!s!\nLogonId: 2673153!s!\nTerminalSessionId: 1!s!\nIntegrityLevel: High!s!\nHashes: MD5=76CD6626DD8834BD4A42E6A565104DC2,SHA256=013C013E0EFD13C9380FAD58418B7ACA8356E591A5CCEFFDB910F7D8B0AD28EF,IMPHASH=ECCE05491F2E8F279F4790BCB1318C05!s!\nParentProcessGuid: 6BC49A7D-9605-6A53-9006-000000009A01!s!\nParentProcessId: 11360!s!\nParentImage: C:\\Windows\\System32\\cmd.exe!s!\nParentCommandLine: \"cmd.exe\" /d /c schtasks.exe /create /tn \"TFM-TEC-003\" /tr \"cmd.exe /c echo TEC003_OK ^\u003e C:\\Users\\Public\\tec003_ok.txt\" /sc once /st 15:31 /f!s!\nParentUser: LT29\\seguridad!s!\r\n"},"_Source":"Windows.Sigma.BaseEvents","ClientId":"C.364907172793f8c7","_ts":1783862861607}
{"Timestamp":"2026-07-12T13:26:59.779288053Z","Computer":"LT29.ait.us.es","Channel":"Microsoft-Windows-Sysmon/Operational","EID":13,"Level":"high","Title":"Service Binary in Suspicious Folder 2","RecordID":105169,"Details":"EventType: null ¦ TgtObj: HKLM\\System\\CurrentControlSet\\Services\\TFM TEC005 Test Service\\ImagePath: C:\\Windows\\System32\\cmd.exe /c echo TEC005_OK ^\u003e C:\\Users\\Public\\tec005_ok.txt ¦ Proc: C:\\Windows\\system32\\services.exe ¦ PID: 772 ¦ PGUID: 6BC49A7D-7991-6A53-0B00-000000009A01","_Event":{"System":{"Provider":{"Name":"Microsoft-Windows-Sysmon","Guid":"5770385F-C22A-43E0-BF4C-06F5698FFBD9"},"EventID":{"Value":13},"Version":2,"Level":4,"Task":13,"Opcode":0,"Keywords":9223372036854775808,"TimeCreated":{"SystemTime":1783862819.779288},"EventRecordID":105169,"Correlation":{},"Execution":{"ProcessID":4652,"ThreadID":6392},"Channel":"Microsoft-Windows-Sysmon/Operational","Computer":"LT29.ait.us.es","Security":{"UserID":"S-1-5-18"}},"EventData":{"RuleName":"T1031,T1050","EventType":"SetValue","UtcTime":"2026-07-12 13:26:59.778","ProcessGuid":"6BC49A7D-7991-6A53-0B00-000000009A01","ProcessId":772,"Image":"C:\\Windows\\system32\\services.exe","TargetObject":"HKLM\\System\\CurrentControlSet\\Services\\TFM TEC005 Test Service\\ImagePath","Details":"C:\\Windows\\System32\\cmd.exe /c echo TEC005_OK ^\u003e C:\\Users\\Public\\tec005_ok.txt","User":"NT AUTHORITY\\SYSTEM"},"Message":"Registry value set:\nRuleName: T1031,T1050!s!\nEventType: SetValue!s!\nUtcTime: 2026-07-12 13:26:59.778!s!\nProcessGuid: 6BC49A7D-7991-6A53-0B00-000000009A01!s!\nProcessId: 772!s!\nImage: C:\\Windows\\system32\\services.exe!s!\nTargetObject: HKLM\\System\\CurrentControlSet\\Services\\TFM TEC005 Test Service\\ImagePath!s!\nDetails: C:\\Windows\\System32\\cmd.exe /c echo TEC005_OK ^\u003e C:\\Users\\Public\\tec005_ok.txt!s!\nUser: NT AUTHORITY\\SYSTEM!s!\r\n"},"_Source":"Windows.Sigma.BaseEvents","ClientId":"C.364907172793f8c7","_ts":1783862861607}
{"Timestamp":"2026-07-12T13:26:29.602799892Z","Computer":"LT29.ait.us.es","Channel":"Microsoft-Windows-Sysmon/Operational","EID":1,"Level":"high","Title":"Suspicious Schtasks Schedule Types 2","RecordID":105149,"Details":"Cmdline: schtasks.exe  /create /tn \"TFM-TEC-003\" /tr \"cmd.exe /c echo TEC003_OK ^\u003e C:\\Users\\Public\\tec003_ok.txt\" /sc once /st 15:31 /f ¦ Proc: C:\\Windows\\System32\\schtasks.exe ¦ User: LT29\\seguridad ¦ ParentCmdline: \"cmd.exe\" /d /c schtasks.exe /create /tn \"TFM-TEC-003\" /tr \"cmd.exe /c echo TEC003_OK ^\u003e C:\\Users\\Public\\tec003_ok.txt\" /sc once /st 15:31 /f ¦ LID: 2673153 ¦ LGUID: 6BC49A7D-7A59-6A53-01CA-280000000000 ¦ PID: 7748 ¦ PGUID: 6BC49A7D-9605-6A53-9106-000000009A01 ¦ ParentPID: 11360 ¦ ParentPGUID: 6BC49A7D-9605-6A53-9006-000000009A01 ¦ Description: Task Scheduler Configuration Tool ¦ Product: Microsoft® Windows® Operating System ¦ Company: Microsoft Corporation ¦ Hashes: MD5=76CD6626DD8834BD4A42E6A565104DC2,SHA256=013C013E0EFD13C9380FAD58418B7ACA8356E591A5CCEFFDB910F7D8B0AD28EF,IMPHASH=ECCE05491F2E8F279F4790BCB1318C05","_Event":{"System":{"Provider":{"Name":"Microsoft-Windows-Sysmon","Guid":"5770385F-C22A-43E0-BF4C-06F5698FFBD9"},"EventID":{"Value":1},"Version":5,"Level":4,"Task":1,"Opcode":0,"Keywords":9223372036854775808,"TimeCreated":{"SystemTime":1783862789.6028},"EventRecordID":105149,"Correlation":{},"Execution":{"ProcessID":4652,"ThreadID":6392},"Channel":"Microsoft-Windows-Sysmon/Operational","Computer":"LT29.ait.us.es","Security":{"UserID":"S-1-5-18"}},"EventData":{"RuleName":"-","UtcTime":"2026-07-12 13:26:29.589","ProcessGuid":"6BC49A7D-9605-6A53-9106-000000009A01","ProcessId":7748,"Image":"C:\\Windows\\System32\\schtasks.exe","FileVersion":"10.0.19041.1503 (WinBuild.160101.0800)","Description":"Task Scheduler Configuration Tool","Product":"Microsoft® Windows® Operating System","Company":"Microsoft Corporation","OriginalFileName":"schtasks.exe","CommandLine":"schtasks.exe  /create /tn \"TFM-TEC-003\" /tr \"cmd.exe /c echo TEC003_OK ^\u003e C:\\Users\\Public\\tec003_ok.txt\" /sc once /st 15:31 /f","CurrentDirectory":"C:\\Windows\\system32\\","User":"LT29\\seguridad","LogonGuid":"6BC49A7D-7A59-6A53-01CA-280000000000","LogonId":2673153,"TerminalSessionId":1,"IntegrityLevel":"High","Hashes":"MD5=76CD6626DD8834BD4A42E6A565104DC2,SHA256=013C013E0EFD13C9380FAD58418B7ACA8356E591A5CCEFFDB910F7D8B0AD28EF,IMPHASH=ECCE05491F2E8F279F4790BCB1318C05","ParentProcessGuid":"6BC49A7D-9605-6A53-9006-000000009A01","ParentProcessId":11360,"ParentImage":"C:\\Windows\\System32\\cmd.exe","ParentCommandLine":"\"cmd.exe\" /d /c schtasks.exe /create /tn \"TFM-TEC-003\" /tr \"cmd.exe /c echo TEC003_OK ^\u003e C:\\Users\\Public\\tec003_ok.txt\" /sc once /st 15:31 /f","ParentUser":"LT29\\seguridad"},"Message":"Process Create:\nRuleName: -!s!\nUtcTime: 2026-07-12 13:26:29.589!s!\nProcessGuid: 6BC49A7D-9605-6A53-9106-000000009A01!s!\nProcessId: 7748!s!\nImage: C:\\Windows\\System32\\schtasks.exe!s!\nFileVersion: 10.0.19041.1503 (WinBuild.160101.0800)!s!\nDescription: Task Scheduler Configuration Tool!s!\nProduct: Microsoft® Windows® Operating System!s!\nCompany: Microsoft Corporation!s!\nOriginalFileName: schtasks.exe!s!\nCommandLine: schtasks.exe  /create /tn \"TFM-TEC-003\" /tr \"cmd.exe /c echo TEC003_OK ^\u003e C:\\Users\\Public\\tec003_ok.txt\" /sc once /st 15:31 /f!s!\nCurrentDirectory: C:\\Windows\\system32\\!s!\nUser: LT29\\seguridad!s!\nLogonGuid: 6BC49A7D-7A59-6A53-01CA-280000000000!s!\nLogonId: 2673153!s!\nTerminalSessionId: 1!s!\nIntegrityLevel: High!s!\nHashes: MD5=76CD6626DD8834BD4A42E6A565104DC2,SHA256=013C013E0EFD13C9380FAD58418B7ACA8356E591A5CCEFFDB910F7D8B0AD28EF,IMPHASH=ECCE05491F2E8F279F4790BCB1318C05!s!\nParentProcessGuid: 6BC49A7D-9605-6A53-9006-000000009A01!s!\nParentProcessId: 11360!s!\nParentImage: C:\\Windows\\System32\\cmd.exe!s!\nParentCommandLine: \"cmd.exe\" /d /c schtasks.exe /create /tn \"TFM-TEC-003\" /tr \"cmd.exe /c echo TEC003_OK ^\u003e C:\\Users\\Public\\tec003_ok.txt\" /sc once /st 15:31 /f!s!\nParentUser: LT29\\seguridad!s!\r\n"},"_Source":"Windows.Sigma.BaseEvents","ClientId":"C.364907172793f8c7","_ts":1783862861607}
{"Timestamp":"2026-07-12T13:27:03.069209575Z","Computer":"LT29.ait.us.es","Channel":"Microsoft-Windows-Sysmon/Operational","EID":1,"Level":"high","Title":"Abused Debug Privilege by Arbitrary Parent Processes 2","RecordID":105174,"Details":"Cmdline: C:\\Windows\\System32\\cmd.exe /c echo TEC005_OK ^\u003e C:\\Users\\Public\\tec005_ok.txt ¦ Proc: C:\\Windows\\System32\\cmd.exe ¦ User: NT AUTHORITY\\SYSTEM ¦ ParentCmdline: C:\\Windows\\system32\\services.exe ¦ LID: 999 ¦ LGUID: 6BC49A7D-7991-6A53-E703-000000000000 ¦ PID: 1036 ¦ PGUID: 6BC49A7D-9627-6A53-A606-000000009A01 ¦ ParentPID: 772 ¦ ParentPGUID: 6BC49A7D-7991-6A53-0B00-000000009A01 ¦ Description: Windows Command Processor ¦ Product: Microsoft® Windows® Operating System ¦ Company: Microsoft Corporation ¦ Hashes: MD5=8A2122E8162DBEF04694B9C3E0B6CDEE,SHA256=B99D61D874728EDC0918CA0EB10EAB93D381E7367E377406E65963366C874450,IMPHASH=272245E2988E1E430500B852C4FB5E18","_Event":{"System":{"Provider":{"Name":"Microsoft-Windows-Sysmon","Guid":"5770385F-C22A-43E0-BF4C-06F5698FFBD9"},"EventID":{"Value":1},"Version":5,"Level":4,"Task":1,"Opcode":0,"Keywords":9223372036854775808,"TimeCreated":{"SystemTime":1783862823.0692096},"EventRecordID":105174,"Correlation":{},"Execution":{"ProcessID":4652,"ThreadID":6392},"Channel":"Microsoft-Windows-Sysmon/Operational","Computer":"LT29.ait.us.es","Security":{"UserID":"S-1-5-18"}},"EventData":{"RuleName":"-","UtcTime":"2026-07-12 13:27:03.067","ProcessGuid":"6BC49A7D-9627-6A53-A606-000000009A01","ProcessId":1036,"Image":"C:\\Windows\\System32\\cmd.exe","FileVersion":"10.0.19041.746 (WinBuild.160101.0800)","Description":"Windows Command Processor","Product":"Microsoft® Windows® Operating System","Company":"Microsoft Corporation","OriginalFileName":"Cmd.Exe","CommandLine":"C:\\Windows\\System32\\cmd.exe /c echo TEC005_OK ^\u003e C:\\Users\\Public\\tec005_ok.txt","CurrentDirectory":"C:\\Windows\\system32\\","User":"NT AUTHORITY\\SYSTEM","LogonGuid":"6BC49A7D-7991-6A53-E703-000000000000","LogonId":999,"TerminalSessionId":0,"IntegrityLevel":"System","Hashes":"MD5=8A2122E8162DBEF04694B9C3E0B6CDEE,SHA256=B99D61D874728EDC0918CA0EB10EAB93D381E7367E377406E65963366C874450,IMPHASH=272245E2988E1E430500B852C4FB5E18","ParentProcessGuid":"6BC49A7D-7991-6A53-0B00-000000009A01","ParentProcessId":772,"ParentImage":"C:\\Windows\\System32\\services.exe","ParentCommandLine":"C:\\Windows\\system32\\services.exe","ParentUser":"NT AUTHORITY\\SYSTEM"},"Message":"Process Create:\nRuleName: -!s!\nUtcTime: 2026-07-12 13:27:03.067!s!\nProcessGuid: 6BC49A7D-9627-6A53-A606-000000009A01!s!\nProcessId: 1036!s!\nImage: C:\\Windows\\System32\\cmd.exe!s!\nFileVersion: 10.0.19041.746 (WinBuild.160101.0800)!s!\nDescription: Windows Command Processor!s!\nProduct: Microsoft® Windows® Operating System!s!\nCompany: Microsoft Corporation!s!\nOriginalFileName: Cmd.Exe!s!\nCommandLine: C:\\Windows\\System32\\cmd.exe /c echo TEC005_OK ^\u003e C:\\Users\\Public\\tec005_ok.txt!s!\nCurrentDirectory: C:\\Windows\\system32\\!s!\nUser: NT AUTHORITY\\SYSTEM!s!\nLogonGuid: 6BC49A7D-7991-6A53-E703-000000000000!s!\nLogonId: 999!s!\nTerminalSessionId: 0!s!\nIntegrityLevel: System!s!\nHashes: MD5=8A2122E8162DBEF04694B9C3E0B6CDEE,SHA256=B99D61D874728EDC0918CA0EB10EAB93D381E7367E377406E65963366C874450,IMPHASH=272245E2988E1E430500B852C4FB5E18!s!\nParentProcessGuid: 6BC49A7D-7991-6A53-0B00-000000009A01!s!\nParentProcessId: 772!s!\nParentImage: C:\\Windows\\System32\\services.exe!s!\nParentCommandLine: C:\\Windows\\system32\\services.exe!s!\nParentUser: NT AUTHORITY\\SYSTEM!s!\r\n"},"_Source":"Windows.Sigma.BaseEvents","ClientId":"C.364907172793f8c7","_ts":1783862861607}
{"Timestamp":"2026-07-12T13:27:03.069209575Z","Computer":"LT29.ait.us.es","Channel":"Microsoft-Windows-Sysmon/Operational","EID":1,"Level":"low","Title":"CMD Shell Output Redirect 2","RecordID":105174,"Details":"Cmdline: C:\\Windows\\System32\\cmd.exe /c echo TEC005_OK ^\u003e C:\\Users\\Public\\tec005_ok.txt ¦ Proc: C:\\Windows\\System32\\cmd.exe ¦ User: NT AUTHORITY\\SYSTEM ¦ ParentCmdline: C:\\Windows\\system32\\services.exe ¦ LID: 999 ¦ LGUID: 6BC49A7D-7991-6A53-E703-000000000000 ¦ PID: 1036 ¦ PGUID: 6BC49A7D-9627-6A53-A606-000000009A01 ¦ ParentPID: 772 ¦ ParentPGUID: 6BC49A7D-7991-6A53-0B00-000000009A01 ¦ Description: Windows Command Processor ¦ Product: Microsoft® Windows® Operating System ¦ Company: Microsoft Corporation ¦ Hashes: MD5=8A2122E8162DBEF04694B9C3E0B6CDEE,SHA256=B99D61D874728EDC0918CA0EB10EAB93D381E7367E377406E65963366C874450,IMPHASH=272245E2988E1E430500B852C4FB5E18","_Event":{"System":{"Provider":{"Name":"Microsoft-Windows-Sysmon","Guid":"5770385F-C22A-43E0-BF4C-06F5698FFBD9"},"EventID":{"Value":1},"Version":5,"Level":4,"Task":1,"Opcode":0,"Keywords":9223372036854775808,"TimeCreated":{"SystemTime":1783862823.0692096},"EventRecordID":105174,"Correlation":{},"Execution":{"ProcessID":4652,"ThreadID":6392},"Channel":"Microsoft-Windows-Sysmon/Operational","Computer":"LT29.ait.us.es","Security":{"UserID":"S-1-5-18"}},"EventData":{"RuleName":"-","UtcTime":"2026-07-12 13:27:03.067","ProcessGuid":"6BC49A7D-9627-6A53-A606-000000009A01","ProcessId":1036,"Image":"C:\\Windows\\System32\\cmd.exe","FileVersion":"10.0.19041.746 (WinBuild.160101.0800)","Description":"Windows Command Processor","Product":"Microsoft® Windows® Operating System","Company":"Microsoft Corporation","OriginalFileName":"Cmd.Exe","CommandLine":"C:\\Windows\\System32\\cmd.exe /c echo TEC005_OK ^\u003e C:\\Users\\Public\\tec005_ok.txt","CurrentDirectory":"C:\\Windows\\system32\\","User":"NT AUTHORITY\\SYSTEM","LogonGuid":"6BC49A7D-7991-6A53-E703-000000000000","LogonId":999,"TerminalSessionId":0,"IntegrityLevel":"System","Hashes":"MD5=8A2122E8162DBEF04694B9C3E0B6CDEE,SHA256=B99D61D874728EDC0918CA0EB10EAB93D381E7367E377406E65963366C874450,IMPHASH=272245E2988E1E430500B852C4FB5E18","ParentProcessGuid":"6BC49A7D-7991-6A53-0B00-000000009A01","ParentProcessId":772,"ParentImage":"C:\\Windows\\System32\\services.exe","ParentCommandLine":"C:\\Windows\\system32\\services.exe","ParentUser":"NT AUTHORITY\\SYSTEM"},"Message":"Process Create:\nRuleName: -!s!\nUtcTime: 2026-07-12 13:27:03.067!s!\nProcessGuid: 6BC49A7D-9627-6A53-A606-000000009A01!s!\nProcessId: 1036!s!\nImage: C:\\Windows\\System32\\cmd.exe!s!\nFileVersion: 10.0.19041.746 (WinBuild.160101.0800)!s!\nDescription: Windows Command Processor!s!\nProduct: Microsoft® Windows® Operating System!s!\nCompany: Microsoft Corporation!s!\nOriginalFileName: Cmd.Exe!s!\nCommandLine: C:\\Windows\\System32\\cmd.exe /c echo TEC005_OK ^\u003e C:\\Users\\Public\\tec005_ok.txt!s!\nCurrentDirectory: C:\\Windows\\system32\\!s!\nUser: NT AUTHORITY\\SYSTEM!s!\nLogonGuid: 6BC49A7D-7991-6A53-E703-000000000000!s!\nLogonId: 999!s!\nTerminalSessionId: 0!s!\nIntegrityLevel: System!s!\nHashes: MD5=8A2122E8162DBEF04694B9C3E0B6CDEE,SHA256=B99D61D874728EDC0918CA0EB10EAB93D381E7367E377406E65963366C874450,IMPHASH=272245E2988E1E430500B852C4FB5E18!s!\nParentProcessGuid: 6BC49A7D-7991-6A53-0B00-000000009A01!s!\nParentProcessId: 772!s!\nParentImage: C:\\Windows\\System32\\services.exe!s!\nParentCommandLine: C:\\Windows\\system32\\services.exe!s!\nParentUser: NT AUTHORITY\\SYSTEM!s!\r\n"},"_Source":"Windows.Sigma.BaseEvents","ClientId":"C.364907172793f8c7","_ts":1783862861607}
{"Timestamp":"2026-07-12T13:27:03.069209575Z","Computer":"LT29.ait.us.es","Channel":"Microsoft-Windows-Sysmon/Operational","EID":1,"Level":"medium","Title":"Elevated System Shell Spawned 2","RecordID":105174,"Details":"Cmdline: C:\\Windows\\System32\\cmd.exe /c echo TEC005_OK ^\u003e C:\\Users\\Public\\tec005_ok.txt ¦ Proc: C:\\Windows\\System32\\cmd.exe ¦ User: NT AUTHORITY\\SYSTEM ¦ ParentCmdline: C:\\Windows\\system32\\services.exe ¦ LID: 999 ¦ LGUID: 6BC49A7D-7991-6A53-E703-000000000000 ¦ PID: 1036 ¦ PGUID: 6BC49A7D-9627-6A53-A606-000000009A01 ¦ ParentPID: 772 ¦ ParentPGUID: 6BC49A7D-7991-6A53-0B00-000000009A01 ¦ Description: Windows Command Processor ¦ Product: Microsoft® Windows® Operating System ¦ Company: Microsoft Corporation ¦ Hashes: MD5=8A2122E8162DBEF04694B9C3E0B6CDEE,SHA256=B99D61D874728EDC0918CA0EB10EAB93D381E7367E377406E65963366C874450,IMPHASH=272245E2988E1E430500B852C4FB5E18","_Event":{"System":{"Provider":{"Name":"Microsoft-Windows-Sysmon","Guid":"5770385F-C22A-43E0-BF4C-06F5698FFBD9"},"EventID":{"Value":1},"Version":5,"Level":4,"Task":1,"Opcode":0,"Keywords":9223372036854775808,"TimeCreated":{"SystemTime":1783862823.0692096},"EventRecordID":105174,"Correlation":{},"Execution":{"ProcessID":4652,"ThreadID":6392},"Channel":"Microsoft-Windows-Sysmon/Operational","Computer":"LT29.ait.us.es","Security":{"UserID":"S-1-5-18"}},"EventData":{"RuleName":"-","UtcTime":"2026-07-12 13:27:03.067","ProcessGuid":"6BC49A7D-9627-6A53-A606-000000009A01","ProcessId":1036,"Image":"C:\\Windows\\System32\\cmd.exe","FileVersion":"10.0.19041.746 (WinBuild.160101.0800)","Description":"Windows Command Processor","Product":"Microsoft® Windows® Operating System","Company":"Microsoft Corporation","OriginalFileName":"Cmd.Exe","CommandLine":"C:\\Windows\\System32\\cmd.exe /c echo TEC005_OK ^\u003e C:\\Users\\Public\\tec005_ok.txt","CurrentDirectory":"C:\\Windows\\system32\\","User":"NT AUTHORITY\\SYSTEM","LogonGuid":"6BC49A7D-7991-6A53-E703-000000000000","LogonId":999,"TerminalSessionId":0,"IntegrityLevel":"System","Hashes":"MD5=8A2122E8162DBEF04694B9C3E0B6CDEE,SHA256=B99D61D874728EDC0918CA0EB10EAB93D381E7367E377406E65963366C874450,IMPHASH=272245E2988E1E430500B852C4FB5E18","ParentProcessGuid":"6BC49A7D-7991-6A53-0B00-000000009A01","ParentProcessId":772,"ParentImage":"C:\\Windows\\System32\\services.exe","ParentCommandLine":"C:\\Windows\\system32\\services.exe","ParentUser":"NT AUTHORITY\\SYSTEM"},"Message":"Process Create:\nRuleName: -!s!\nUtcTime: 2026-07-12 13:27:03.067!s!\nProcessGuid: 6BC49A7D-9627-6A53-A606-000000009A01!s!\nProcessId: 1036!s!\nImage: C:\\Windows\\System32\\cmd.exe!s!\nFileVersion: 10.0.19041.746 (WinBuild.160101.0800)!s!\nDescription: Windows Command Processor!s!\nProduct: Microsoft® Windows® Operating System!s!\nCompany: Microsoft Corporation!s!\nOriginalFileName: Cmd.Exe!s!\nCommandLine: C:\\Windows\\System32\\cmd.exe /c echo TEC005_OK ^\u003e C:\\Users\\Public\\tec005_ok.txt!s!\nCurrentDirectory: C:\\Windows\\system32\\!s!\nUser: NT AUTHORITY\\SYSTEM!s!\nLogonGuid: 6BC49A7D-7991-6A53-E703-000000000000!s!\nLogonId: 999!s!\nTerminalSessionId: 0!s!\nIntegrityLevel: System!s!\nHashes: MD5=8A2122E8162DBEF04694B9C3E0B6CDEE,SHA256=B99D61D874728EDC0918CA0EB10EAB93D381E7367E377406E65963366C874450,IMPHASH=272245E2988E1E430500B852C4FB5E18!s!\nParentProcessGuid: 6BC49A7D-7991-6A53-0B00-000000009A01!s!\nParentProcessId: 772!s!\nParentImage: C:\\Windows\\System32\\services.exe!s!\nParentCommandLine: C:\\Windows\\system32\\services.exe!s!\nParentUser: NT AUTHORITY\\SYSTEM!s!\r\n"},"_Source":"Windows.Sigma.BaseEvents","ClientId":"C.364907172793f8c7","_ts":1783862861607}
{"Timestamp":"2026-07-12T13:27:20.568982362Z","Computer":"LT29.ait.us.es","Channel":"Microsoft-Windows-Sysmon/Operational","EID":1,"Level":"low","Title":"Non Interactive PowerShell Process Spawned 2","RecordID":105187,"Details":"Cmdline: powershell.exe  -NoProfile -ExecutionPolicy Bypass -File \"C:\\Users\\seguridad\\Desktop\\TFM\\01_ACTIVE_TESTS\\Pruebas\\TEC-007_Ransomware\\crear_directorio_dummy.ps1\"  ¦ Proc: C:\\Windows\\System32\\WindowsPowerShell\\v1.0\\powershell.exe ¦ User: LT29\\seguridad ¦ ParentCmdline: \"cmd.exe\" /d /c powershell.exe -NoProfile -ExecutionPolicy Bypass -File \"C:\\Users\\seguridad\\Desktop\\TFM\\01_ACTIVE_TESTS\\Pruebas\\TEC-007_Ransomware\\crear_directorio_dummy.ps1\"  ¦ LID: 2673153 ¦ LGUID: 6BC49A7D-7A59-6A53-01CA-280000000000 ¦ PID: 9964 ¦ PGUID: 6BC49A7D-9638-6A53-AF06-000000009A01 ¦ ParentPID: 8600 ¦ ParentPGUID: 6BC49A7D-9638-6A53-AE06-000000009A01 ¦ Description: Windows PowerShell ¦ Product: Microsoft® Windows® Operating System ¦ Company: Microsoft Corporation ¦ Hashes: MD5=DFD66604CA0898E8E26DF7B1635B6326,SHA256=D23B67799A0DA0143E395BA5DB906A22AB08FAC4BD5581E275B1E0F1B3FAC55C,IMPHASH=88CB9A420410BDA787E305B65518A934","_Event":{"System":{"Provider":{"Name":"Microsoft-Windows-Sysmon","Guid":"5770385F-C22A-43E0-BF4C-06F5698FFBD9"},"EventID":{"Value":1},"Version":5,"Level":4,"Task":1,"Opcode":0,"Keywords":9223372036854775808,"TimeCreated":{"SystemTime":1783862840.5689824},"EventRecordID":105187,"Correlation":{},"Execution":{"ProcessID":4652,"ThreadID":6392},"Channel":"Microsoft-Windows-Sysmon/Operational","Computer":"LT29.ait.us.es","Security":{"UserID":"S-1-5-18"}},"EventData":{"RuleName":"-","UtcTime":"2026-07-12 13:27:20.562","ProcessGuid":"6BC49A7D-9638-6A53-AF06-000000009A01","ProcessId":9964,"Image":"C:\\Windows\\System32\\WindowsPowerShell\\v1.0\\powershell.exe","FileVersion":"10.0.19041.3393 (WinBuild.160101.0800)","Description":"Windows PowerShell","Product":"Microsoft® Windows® Operating System","Company":"Microsoft Corporation","OriginalFileName":"PowerShell.EXE","CommandLine":"powershell.exe  -NoProfile -ExecutionPolicy Bypass -File \"C:\\Users\\seguridad\\Desktop\\TFM\\01_ACTIVE_TESTS\\Pruebas\\TEC-007_Ransomware\\crear_directorio_dummy.ps1\" ","CurrentDirectory":"C:\\Windows\\system32\\","User":"LT29\\seguridad","LogonGuid":"6BC49A7D-7A59-6A53-01CA-280000000000","LogonId":2673153,"TerminalSessionId":1,"IntegrityLevel":"High","Hashes":"MD5=DFD66604CA0898E8E26DF7B1635B6326,SHA256=D23B67799A0DA0143E395BA5DB906A22AB08FAC4BD5581E275B1E0F1B3FAC55C,IMPHASH=88CB9A420410BDA787E305B65518A934","ParentProcessGuid":"6BC49A7D-9638-6A53-AE06-000000009A01","ParentProcessId":8600,"ParentImage":"C:\\Windows\\System32\\cmd.exe","ParentCommandLine":"\"cmd.exe\" /d /c powershell.exe -NoProfile -ExecutionPolicy Bypass -File \"C:\\Users\\seguridad\\Desktop\\TFM\\01_ACTIVE_TESTS\\Pruebas\\TEC-007_Ransomware\\crear_directorio_dummy.ps1\" ","ParentUser":"LT29\\seguridad"},"Message":"Process Create:\nRuleName: -!s!\nUtcTime: 2026-07-12 13:27:20.562!s!\nProcessGuid: 6BC49A7D-9638-6A53-AF06-000000009A01!s!\nProcessId: 9964!s!\nImage: C:\\Windows\\System32\\WindowsPowerShell\\v1.0\\powershell.exe!s!\nFileVersion: 10.0.19041.3393 (WinBuild.160101.0800)!s!\nDescription: Windows PowerShell!s!\nProduct: Microsoft® Windows® Operating System!s!\nCompany: Microsoft Corporation!s!\nOriginalFileName: PowerShell.EXE!s!\nCommandLine: powershell.exe  -NoProfile -ExecutionPolicy Bypass -File \"C:\\Users\\seguridad\\Desktop\\TFM\\01_ACTIVE_TESTS\\Pruebas\\TEC-007_Ransomware\\crear_directorio_dummy.ps1\" !s!\nCurrentDirectory: C:\\Windows\\system32\\!s!\nUser: LT29\\seguridad!s!\nLogonGuid: 6BC49A7D-7A59-6A53-01CA-280000000000!s!\nLogonId: 2673153!s!\nTerminalSessionId: 1!s!\nIntegrityLevel: High!s!\nHashes: MD5=DFD66604CA0898E8E26DF7B1635B6326,SHA256=D23B67799A0DA0143E395BA5DB906A22AB08FAC4BD5581E275B1E0F1B3FAC55C,IMPHASH=88CB9A420410BDA787E305B65518A934!s!\nParentProcessGuid: 6BC49A7D-9638-6A53-AE06-000000009A01!s!\nParentProcessId: 8600!s!\nParentImage: C:\\Windows\\System32\\cmd.exe!s!\nParentCommandLine: \"cmd.exe\" /d /c powershell.exe -NoProfile -ExecutionPolicy Bypass -File \"C:\\Users\\seguridad\\Desktop\\TFM\\01_ACTIVE_TESTS\\Pruebas\\TEC-007_Ransomware\\crear_directorio_dummy.ps1\" !s!\nParentUser: LT29\\seguridad!s!\r\n"},"_Source":"Windows.Sigma.BaseEvents","ClientId":"C.364907172793f8c7","_ts":1783862861607}
{"Timestamp":"2026-07-12T13:27:20.568982362Z","Computer":"LT29.ait.us.es","Channel":"Microsoft-Windows-Sysmon/Operational","EID":1,"Level":"medium","Title":"Change PowerShell Policies to an Insecure Level 2","RecordID":105187,"Details":"Cmdline: powershell.exe  -NoProfile -ExecutionPolicy Bypass -File \"C:\\Users\\seguridad\\Desktop\\TFM\\01_ACTIVE_TESTS\\Pruebas\\TEC-007_Ransomware\\crear_directorio_dummy.ps1\"  ¦ Proc: C:\\Windows\\System32\\WindowsPowerShell\\v1.0\\powershell.exe ¦ User: LT29\\seguridad ¦ ParentCmdline: \"cmd.exe\" /d /c powershell.exe -NoProfile -ExecutionPolicy Bypass -File \"C:\\Users\\seguridad\\Desktop\\TFM\\01_ACTIVE_TESTS\\Pruebas\\TEC-007_Ransomware\\crear_directorio_dummy.ps1\"  ¦ LID: 2673153 ¦ LGUID: 6BC49A7D-7A59-6A53-01CA-280000000000 ¦ PID: 9964 ¦ PGUID: 6BC49A7D-9638-6A53-AF06-000000009A01 ¦ ParentPID: 8600 ¦ ParentPGUID: 6BC49A7D-9638-6A53-AE06-000000009A01 ¦ Description: Windows PowerShell ¦ Product: Microsoft® Windows® Operating System ¦ Company: Microsoft Corporation ¦ Hashes: MD5=DFD66604CA0898E8E26DF7B1635B6326,SHA256=D23B67799A0DA0143E395BA5DB906A22AB08FAC4BD5581E275B1E0F1B3FAC55C,IMPHASH=88CB9A420410BDA787E305B65518A934","_Event":{"System":{"Provider":{"Name":"Microsoft-Windows-Sysmon","Guid":"5770385F-C22A-43E0-BF4C-06F5698FFBD9"},"EventID":{"Value":1},"Version":5,"Level":4,"Task":1,"Opcode":0,"Keywords":9223372036854775808,"TimeCreated":{"SystemTime":1783862840.5689824},"EventRecordID":105187,"Correlation":{},"Execution":{"ProcessID":4652,"ThreadID":6392},"Channel":"Microsoft-Windows-Sysmon/Operational","Computer":"LT29.ait.us.es","Security":{"UserID":"S-1-5-18"}},"EventData":{"RuleName":"-","UtcTime":"2026-07-12 13:27:20.562","ProcessGuid":"6BC49A7D-9638-6A53-AF06-000000009A01","ProcessId":9964,"Image":"C:\\Windows\\System32\\WindowsPowerShell\\v1.0\\powershell.exe","FileVersion":"10.0.19041.3393 (WinBuild.160101.0800)","Description":"Windows PowerShell","Product":"Microsoft® Windows® Operating System","Company":"Microsoft Corporation","OriginalFileName":"PowerShell.EXE","CommandLine":"powershell.exe  -NoProfile -ExecutionPolicy Bypass -File \"C:\\Users\\seguridad\\Desktop\\TFM\\01_ACTIVE_TESTS\\Pruebas\\TEC-007_Ransomware\\crear_directorio_dummy.ps1\" ","CurrentDirectory":"C:\\Windows\\system32\\","User":"LT29\\seguridad","LogonGuid":"6BC49A7D-7A59-6A53-01CA-280000000000","LogonId":2673153,"TerminalSessionId":1,"IntegrityLevel":"High","Hashes":"MD5=DFD66604CA0898E8E26DF7B1635B6326,SHA256=D23B67799A0DA0143E395BA5DB906A22AB08FAC4BD5581E275B1E0F1B3FAC55C,IMPHASH=88CB9A420410BDA787E305B65518A934","ParentProcessGuid":"6BC49A7D-9638-6A53-AE06-000000009A01","ParentProcessId":8600,"ParentImage":"C:\\Windows\\System32\\cmd.exe","ParentCommandLine":"\"cmd.exe\" /d /c powershell.exe -NoProfile -ExecutionPolicy Bypass -File \"C:\\Users\\seguridad\\Desktop\\TFM\\01_ACTIVE_TESTS\\Pruebas\\TEC-007_Ransomware\\crear_directorio_dummy.ps1\" ","ParentUser":"LT29\\seguridad"},"Message":"Process Create:\nRuleName: -!s!\nUtcTime: 2026-07-12 13:27:20.562!s!\nProcessGuid: 6BC49A7D-9638-6A53-AF06-000000009A01!s!\nProcessId: 9964!s!\nImage: C:\\Windows\\System32\\WindowsPowerShell\\v1.0\\powershell.exe!s!\nFileVersion: 10.0.19041.3393 (WinBuild.160101.0800)!s!\nDescription: Windows PowerShell!s!\nProduct: Microsoft® Windows® Operating System!s!\nCompany: Microsoft Corporation!s!\nOriginalFileName: PowerShell.EXE!s!\nCommandLine: powershell.exe  -NoProfile -ExecutionPolicy Bypass -File \"C:\\Users\\seguridad\\Desktop\\TFM\\01_ACTIVE_TESTS\\Pruebas\\TEC-007_Ransomware\\crear_directorio_dummy.ps1\" !s!\nCurrentDirectory: C:\\Windows\\system32\\!s!\nUser: LT29\\seguridad!s!\nLogonGuid: 6BC49A7D-7A59-6A53-01CA-280000000000!s!\nLogonId: 2673153!s!\nTerminalSessionId: 1!s!\nIntegrityLevel: High!s!\nHashes: MD5=DFD66604CA0898E8E26DF7B1635B6326,SHA256=D23B67799A0DA0143E395BA5DB906A22AB08FAC4BD5581E275B1E0F1B3FAC55C,IMPHASH=88CB9A420410BDA787E305B65518A934!s!\nParentProcessGuid: 6BC49A7D-9638-6A53-AE06-000000009A01!s!\nParentProcessId: 8600!s!\nParentImage: C:\\Windows\\System32\\cmd.exe!s!\nParentCommandLine: \"cmd.exe\" /d /c powershell.exe -NoProfile -ExecutionPolicy Bypass -File \"C:\\Users\\seguridad\\Desktop\\TFM\\01_ACTIVE_TESTS\\Pruebas\\TEC-007_Ransomware\\crear_directorio_dummy.ps1\" !s!\nParentUser: LT29\\seguridad!s!\r\n"},"_Source":"Windows.Sigma.BaseEvents","ClientId":"C.364907172793f8c7","_ts":1783862861607}
{"Timestamp":"2026-07-12T13:27:12.350644826Z","Computer":"LT29.ait.us.es","Channel":"Microsoft-Windows-PowerShell/Operational","EID":4104,"Level":"informational","Title":"PwSh Scriptblock","RecordID":3271817,"Details":"ScriptBlock: Get-CimInstance -Namespace root/SecurityCenter2 -ClassName AntivirusProduct | Select-Object displayName,productState; Get-Service WinDefend,SecurityHealthService -ErrorAction SilentlyContinue | Select-Object Name,Status","_Event":{"System":{"Provider":{"Name":"Microsoft-Windows-PowerShell","Guid":"A0C1853B-5C40-4B15-8766-3CF1C58F985A"},"EventID":{"Value":4104},"Version":1,"Level":5,"Task":2,"Opcode":15,"Keywords":0,"TimeCreated":{"SystemTime":1783862832.3506448},"EventRecordID":3271817,"Correlation":{"ActivityID":"F2694954-11F0-0003-71CC-6EF2F011DD01"},"Execution":{"ProcessID":3252,"ThreadID":4104},"Channel":"Microsoft-Windows-PowerShell/Operational","Computer":"LT29.ait.us.es","Security":{"UserID":"S-1-5-21-2237245112-686140129-944090608-1004"}},"EventData":{"MessageNumber":1,"MessageTotal":1,"ScriptBlockText":"Get-CimInstance -Namespace root/SecurityCenter2 -ClassName AntivirusProduct | Select-Object displayName,productState; Get-Service WinDefend,SecurityHealthService -ErrorAction SilentlyContinue | Select-Object Name,Status","ScriptBlockId":"21bc9eed-c83a-44c3-b485-3c17d8121eef","Path":""},"Message":"Creando texto de bloque de script (1 de 1):\nGet-CimInstance -Namespace root/SecurityCenter2 -ClassName AntivirusProduct | Select-Object displayName,productState; Get-Service WinDefend,SecurityHealthService -ErrorAction SilentlyContinue | Select-Object Name,Status\n\nId. de bloque de script: 21bc9eed-c83a-44c3-b485-3c17d8121eef\nRuta de acceso: \r\n"},"_Source":"Windows.Sigma.BaseEvents","ClientId":"C.364907172793f8c7","_ts":1783863026787}
{"Timestamp":"2026-07-12T13:27:12.523417711Z","Computer":"LT29.ait.us.es","Channel":"Microsoft-Windows-PowerShell/Operational","EID":4104,"Level":"informational","Title":"PwSh Scriptblock","RecordID":3271821,"Details":"ScriptBlock: Set-Alias -Name gcim -Value Get-CimInstance -Option ReadOnly, AllScope -ErrorAction SilentlyContinue","_Event":{"System":{"Provider":{"Name":"Microsoft-Windows-PowerShell","Guid":"A0C1853B-5C40-4B15-8766-3CF1C58F985A"},"EventID":{"Value":4104},"Version":1,"Level":5,"Task":2,"Opcode":15,"Keywords":0,"TimeCreated":{"SystemTime":1783862832.5234177},"EventRecordID":3271821,"Correlation":{"ActivityID":"F2694954-11F0-0003-7DCC-6EF2F011DD01"},"Execution":{"ProcessID":3252,"ThreadID":4104},"Channel":"Microsoft-Windows-PowerShell/Operational","Computer":"LT29.ait.us.es","Security":{"UserID":"S-1-5-21-2237245112-686140129-944090608-1004"}},"EventData":{"MessageNumber":1,"MessageTotal":1,"ScriptBlockText":"Set-Alias -Name gcim -Value Get-CimInstance -Option ReadOnly, AllScope -ErrorAction SilentlyContinue","ScriptBlockId":"cde61469-330c-481c-86ce-f9fe188f8eb6","Path":""},"Message":"Creando texto de bloque de script (1 de 1):\nSet-Alias -Name gcim -Value Get-CimInstance -Option ReadOnly, AllScope -ErrorAction SilentlyContinue\n\nId. de bloque de script: cde61469-330c-481c-86ce-f9fe188f8eb6\nRuta de acceso: \r\n"},"_Source":"Windows.Sigma.BaseEvents","ClientId":"C.364907172793f8c7","_ts":1783863026787}
{"Timestamp":"2026-07-12T13:27:12.523422479Z","Computer":"LT29.ait.us.es","Channel":"Microsoft-Windows-PowerShell/Operational","EID":4104,"Level":"informational","Title":"PwSh Scriptblock","RecordID":3271823,"Details":"ScriptBlock: Set-Alias -Name scim -Value Set-CimInstance -Option ReadOnly, AllScope -ErrorAction SilentlyContinue","_Event":{"System":{"Provider":{"Name":"Microsoft-Windows-PowerShell","Guid":"A0C1853B-5C40-4B15-8766-3CF1C58F985A"},"EventID":{"Value":4104},"Version":1,"Level":5,"Task":2,"Opcode":15,"Keywords":0,"TimeCreated":{"SystemTime":1783862832.5234225},"EventRecordID":3271823,"Correlation":{"ActivityID":"F2694954-11F0-0003-7DCC-6EF2F011DD01"},"Execution":{"ProcessID":3252,"ThreadID":4104},"Channel":"Microsoft-Windows-PowerShell/Operational","Computer":"LT29.ait.us.es","Security":{"UserID":"S-1-5-21-2237245112-686140129-944090608-1004"}},"EventData":{"MessageNumber":1,"MessageTotal":1,"ScriptBlockText":"Set-Alias -Name scim -Value Set-CimInstance -Option ReadOnly, AllScope -ErrorAction SilentlyContinue","ScriptBlockId":"48a0a14f-21bc-441c-9ab1-6cb3b18a98fe","Path":""},"Message":"Creando texto de bloque de script (1 de 1):\nSet-Alias -Name scim -Value Set-CimInstance -Option ReadOnly, AllScope -ErrorAction SilentlyContinue\n\nId. de bloque de script: 48a0a14f-21bc-441c-9ab1-6cb3b18a98fe\nRuta de acceso: \r\n"},"_Source":"Windows.Sigma.BaseEvents","ClientId":"C.364907172793f8c7","_ts":1783863026787}
{"Timestamp":"2026-07-12T13:27:12.523425579Z","Computer":"LT29.ait.us.es","Channel":"Microsoft-Windows-PowerShell/Operational","EID":4104,"Level":"informational","Title":"PwSh Scriptblock","RecordID":3271825,"Details":"ScriptBlock: Set-Alias -Name ncim -Value New-CimInstance  -Option ReadOnly, AllScope -ErrorAction SilentlyContinue","_Event":{"System":{"Provider":{"Name":"Microsoft-Windows-PowerShell","Guid":"A0C1853B-5C40-4B15-8766-3CF1C58F985A"},"EventID":{"Value":4104},"Version":1,"Level":5,"Task":2,"Opcode":15,"Keywords":0,"TimeCreated":{"SystemTime":1783862832.5234256},"EventRecordID":3271825,"Correlation":{"ActivityID":"F2694954-11F0-0003-7DCC-6EF2F011DD01"},"Execution":{"ProcessID":3252,"ThreadID":4104},"Channel":"Microsoft-Windows-PowerShell/Operational","Computer":"LT29.ait.us.es","Security":{"UserID":"S-1-5-21-2237245112-686140129-944090608-1004"}},"EventData":{"MessageNumber":1,"MessageTotal":1,"ScriptBlockText":"Set-Alias -Name ncim -Value New-CimInstance  -Option ReadOnly, AllScope -ErrorAction SilentlyContinue","ScriptBlockId":"0a701847-bc88-411a-9b00-94a419d61958","Path":""},"Message":"Creando texto de bloque de script (1 de 1):\nSet-Alias -Name ncim -Value New-CimInstance  -Option ReadOnly, AllScope -ErrorAction SilentlyContinue\n\nId. de bloque de script: 0a701847-bc88-411a-9b00-94a419d61958\nRuta de acceso: \r\n"},"_Source":"Windows.Sigma.BaseEvents","ClientId":"C.364907172793f8c7","_ts":1783863026787}
{"Timestamp":"2026-07-12T13:27:12.523428916Z","Computer":"LT29.ait.us.es","Channel":"Microsoft-Windows-PowerShell/Operational","EID":4104,"Level":"informational","Title":"PwSh Scriptblock","RecordID":3271827,"Details":"ScriptBlock: Set-Alias -Name rcim -Value Remove-cimInstance -Option ReadOnly, AllScope -ErrorAction SilentlyContinue","_Event":{"System":{"Provider":{"Name":"Microsoft-Windows-PowerShell","Guid":"A0C1853B-5C40-4B15-8766-3CF1C58F985A"},"EventID":{"Value":4104},"Version":1,"Level":5,"Task":2,"Opcode":15,"Keywords":0,"TimeCreated":{"SystemTime":1783862832.523429},"EventRecordID":3271827,"Correlation":{"ActivityID":"F2694954-11F0-0003-7DCC-6EF2F011DD01"},"Execution":{"ProcessID":3252,"ThreadID":4104},"Channel":"Microsoft-Windows-PowerShell/Operational","Computer":"LT29.ait.us.es","Security":{"UserID":"S-1-5-21-2237245112-686140129-944090608-1004"}},"EventData":{"MessageNumber":1,"MessageTotal":1,"ScriptBlockText":"Set-Alias -Name rcim -Value Remove-cimInstance -Option ReadOnly, AllScope -ErrorAction SilentlyContinue","ScriptBlockId":"61286917-68d2-4eb4-aaef-9e01cf94813a","Path":""},"Message":"Creando texto de bloque de script (1 de 1):\nSet-Alias -Name rcim -Value Remove-cimInstance -Option ReadOnly, AllScope -ErrorAction SilentlyContinue\n\nId. de bloque de script: 61286917-68d2-4eb4-aaef-9e01cf94813a\nRuta de acceso: \r\n"},"_Source":"Windows.Sigma.BaseEvents","ClientId":"C.364907172793f8c7","_ts":1783863026787}
{"Timestamp":"2026-07-12T13:27:12.523425579Z","Computer":"LT29.ait.us.es","Channel":"Microsoft-Windows-PowerShell/Operational","EID":4104,"Level":"low","Title":"Potential PowerShell Obfuscation Using Alias Cmdlets","RecordID":3271825,"Details":"ScriptBlock: Set-Alias -Name ncim -Value New-CimInstance  -Option ReadOnly, AllScope -ErrorAction SilentlyContinue","_Event":{"System":{"Provider":{"Name":"Microsoft-Windows-PowerShell","Guid":"A0C1853B-5C40-4B15-8766-3CF1C58F985A"},"EventID":{"Value":4104},"Version":1,"Level":5,"Task":2,"Opcode":15,"Keywords":0,"TimeCreated":{"SystemTime":1783862832.5234256},"EventRecordID":3271825,"Correlation":{"ActivityID":"F2694954-11F0-0003-7DCC-6EF2F011DD01"},"Execution":{"ProcessID":3252,"ThreadID":4104},"Channel":"Microsoft-Windows-PowerShell/Operational","Computer":"LT29.ait.us.es","Security":{"UserID":"S-1-5-21-2237245112-686140129-944090608-1004"}},"EventData":{"MessageNumber":1,"MessageTotal":1,"ScriptBlockText":"Set-Alias -Name ncim -Value New-CimInstance  -Option ReadOnly, AllScope -ErrorAction SilentlyContinue","ScriptBlockId":"0a701847-bc88-411a-9b00-94a419d61958","Path":""},"Message":"Creando texto de bloque de script (1 de 1):\nSet-Alias -Name ncim -Value New-CimInstance  -Option ReadOnly, AllScope -ErrorAction SilentlyContinue\n\nId. de bloque de script: 0a701847-bc88-411a-9b00-94a419d61958\nRuta de acceso: \r\n"},"_Source":"Windows.Sigma.BaseEvents","ClientId":"C.364907172793f8c7","_ts":1783863026787}
{"Timestamp":"2026-07-12T13:27:12.523432016Z","Computer":"LT29.ait.us.es","Channel":"Microsoft-Windows-PowerShell/Operational","EID":4104,"Level":"informational","Title":"PwSh Scriptblock","RecordID":3271829,"Details":"ScriptBlock: Set-Alias -Name icim -Value Invoke-CimMethod -Option ReadOnly, AllScope -ErrorAction SilentlyContinue","_Event":{"System":{"Provider":{"Name":"Microsoft-Windows-PowerShell","Guid":"A0C1853B-5C40-4B15-8766-3CF1C58F985A"},"EventID":{"Value":4104},"Version":1,"Level":5,"Task":2,"Opcode":15,"Keywords":0,"TimeCreated":{"SystemTime":1783862832.523432},"EventRecordID":3271829,"Correlation":{"ActivityID":"F2694954-11F0-0003-7DCC-6EF2F011DD01"},"Execution":{"ProcessID":3252,"ThreadID":4104},"Channel":"Microsoft-Windows-PowerShell/Operational","Computer":"LT29.ait.us.es","Security":{"UserID":"S-1-5-21-2237245112-686140129-944090608-1004"}},"EventData":{"MessageNumber":1,"MessageTotal":1,"ScriptBlockText":"Set-Alias -Name icim -Value Invoke-CimMethod -Option ReadOnly, AllScope -ErrorAction SilentlyContinue","ScriptBlockId":"5ae26c6a-5e7b-4a6c-9af6-f9e8caa6b9ca","Path":""},"Message":"Creando texto de bloque de script (1 de 1):\nSet-Alias -Name icim -Value Invoke-CimMethod -Option ReadOnly, AllScope -ErrorAction SilentlyContinue\n\nId. de bloque de script: 5ae26c6a-5e7b-4a6c-9af6-f9e8caa6b9ca\nRuta de acceso: \r\n"},"_Source":"Windows.Sigma.BaseEvents","ClientId":"C.364907172793f8c7","_ts":1783863026787}
{"Timestamp":"2026-07-12T13:27:12.523435115Z","Computer":"LT29.ait.us.es","Channel":"Microsoft-Windows-PowerShell/Operational","EID":4104,"Level":"informational","Title":"PwSh Scriptblock","RecordID":3271831,"Details":"ScriptBlock: Set-Alias -Name gcai -Value Get-CimAssociatedInstance -Option ReadOnly, AllScope -ErrorAction SilentlyContinue","_Event":{"System":{"Provider":{"Name":"Microsoft-Windows-PowerShell","Guid":"A0C1853B-5C40-4B15-8766-3CF1C58F985A"},"EventID":{"Value":4104},"Version":1,"Level":5,"Task":2,"Opcode":15,"Keywords":0,"TimeCreated":{"SystemTime":1783862832.523435},"EventRecordID":3271831,"Correlation":{"ActivityID":"F2694954-11F0-0003-7DCC-6EF2F011DD01"},"Execution":{"ProcessID":3252,"ThreadID":4104},"Channel":"Microsoft-Windows-PowerShell/Operational","Computer":"LT29.ait.us.es","Security":{"UserID":"S-1-5-21-2237245112-686140129-944090608-1004"}},"EventData":{"MessageNumber":1,"MessageTotal":1,"ScriptBlockText":"Set-Alias -Name gcai -Value Get-CimAssociatedInstance -Option ReadOnly, AllScope -ErrorAction SilentlyContinue","ScriptBlockId":"df5366e5-9468-4f2c-b84a-dea063983440","Path":""},"Message":"Creando texto de bloque de script (1 de 1):\nSet-Alias -Name gcai -Value Get-CimAssociatedInstance -Option ReadOnly, AllScope -ErrorAction SilentlyContinue\n\nId. de bloque de script: df5366e5-9468-4f2c-b84a-dea063983440\nRuta de acceso: \r\n"},"_Source":"Windows.Sigma.BaseEvents","ClientId":"C.364907172793f8c7","_ts":1783863026787}
{"Timestamp":"2026-07-12T13:27:12.523439884Z","Computer":"LT29.ait.us.es","Channel":"Microsoft-Windows-PowerShell/Operational","EID":4104,"Level":"informational","Title":"PwSh Scriptblock","RecordID":3271835,"Details":"ScriptBlock: Set-Alias -Name ncms -Value New-CimSession -Option ReadOnly, AllScope -ErrorAction SilentlyContinue","_Event":{"System":{"Provider":{"Name":"Microsoft-Windows-PowerShell","Guid":"A0C1853B-5C40-4B15-8766-3CF1C58F985A"},"EventID":{"Value":4104},"Version":1,"Level":5,"Task":2,"Opcode":15,"Keywords":0,"TimeCreated":{"SystemTime":1783862832.52344},"EventRecordID":3271835,"Correlation":{"ActivityID":"F2694954-11F0-0003-7DCC-6EF2F011DD01"},"Execution":{"ProcessID":3252,"ThreadID":4104},"Channel":"Microsoft-Windows-PowerShell/Operational","Computer":"LT29.ait.us.es","Security":{"UserID":"S-1-5-21-2237245112-686140129-944090608-1004"}},"EventData":{"MessageNumber":1,"MessageTotal":1,"ScriptBlockText":"Set-Alias -Name ncms -Value New-CimSession -Option ReadOnly, AllScope -ErrorAction SilentlyContinue","ScriptBlockId":"44f7c994-67bf-4b84-9540-7efb6ab08c32","Path":""},"Message":"Creando texto de bloque de script (1 de 1):\nSet-Alias -Name ncms -Value New-CimSession -Option ReadOnly, AllScope -ErrorAction SilentlyContinue\n\nId. de bloque de script: 44f7c994-67bf-4b84-9540-7efb6ab08c32\nRuta de acceso: \r\n"},"_Source":"Windows.Sigma.BaseEvents","ClientId":"C.364907172793f8c7","_ts":1783863026787}
{"Timestamp":"2026-07-12T13:27:12.523436784Z","Computer":"LT29.ait.us.es","Channel":"Microsoft-Windows-PowerShell/Operational","EID":4104,"Level":"informational","Title":"PwSh Scriptblock","RecordID":3271833,"Details":"ScriptBlock: Set-Alias -Name rcie -Value Register-CimIndicationEvent -Option ReadOnly, AllScope -ErrorAction SilentlyContinue","_Event":{"System":{"Provider":{"Name":"Microsoft-Windows-PowerShell","Guid":"A0C1853B-5C40-4B15-8766-3CF1C58F985A"},"EventID":{"Value":4104},"Version":1,"Level":5,"Task":2,"Opcode":15,"Keywords":0,"TimeCreated":{"SystemTime":1783862832.5234368},"EventRecordID":3271833,"Correlation":{"ActivityID":"F2694954-11F0-0003-7DCC-6EF2F011DD01"},"Execution":{"ProcessID":3252,"ThreadID":4104},"Channel":"Microsoft-Windows-PowerShell/Operational","Computer":"LT29.ait.us.es","Security":{"UserID":"S-1-5-21-2237245112-686140129-944090608-1004"}},"EventData":{"MessageNumber":1,"MessageTotal":1,"ScriptBlockText":"Set-Alias -Name rcie -Value Register-CimIndicationEvent -Option ReadOnly, AllScope -ErrorAction SilentlyContinue","ScriptBlockId":"1c530f13-2d61-4109-aa33-1dbc1ee50011","Path":""},"Message":"Creando texto de bloque de script (1 de 1):\nSet-Alias -Name rcie -Value Register-CimIndicationEvent -Option ReadOnly, AllScope -ErrorAction SilentlyContinue\n\nId. de bloque de script: 1c530f13-2d61-4109-aa33-1dbc1ee50011\nRuta de acceso: \r\n"},"_Source":"Windows.Sigma.BaseEvents","ClientId":"C.364907172793f8c7","_ts":1783863026787}
{"Timestamp":"2026-07-12T13:27:12.523443222Z","Computer":"LT29.ait.us.es","Channel":"Microsoft-Windows-PowerShell/Operational","EID":4104,"Level":"informational","Title":"PwSh Scriptblock","RecordID":3271837,"Details":"ScriptBlock: Set-Alias -Name rcms -Value Remove-cimSession -Option ReadOnly, AllScope -ErrorAction SilentlyContinue","_Event":{"System":{"Provider":{"Name":"Microsoft-Windows-PowerShell","Guid":"A0C1853B-5C40-4B15-8766-3CF1C58F985A"},"EventID":{"Value":4104},"Version":1,"Level":5,"Task":2,"Opcode":15,"Keywords":0,"TimeCreated":{"SystemTime":1783862832.5234432},"EventRecordID":3271837,"Correlation":{"ActivityID":"F2694954-11F0-0003-7DCC-6EF2F011DD01"},"Execution":{"ProcessID":3252,"ThreadID":4104},"Channel":"Microsoft-Windows-PowerShell/Operational","Computer":"LT29.ait.us.es","Security":{"UserID":"S-1-5-21-2237245112-686140129-944090608-1004"}},"EventData":{"MessageNumber":1,"MessageTotal":1,"ScriptBlockText":"Set-Alias -Name rcms -Value Remove-cimSession -Option ReadOnly, AllScope -ErrorAction SilentlyContinue","ScriptBlockId":"015f8631-1e6e-483d-95ce-0f73bd7bbc17","Path":""},"Message":"Creando texto de bloque de script (1 de 1):\nSet-Alias -Name rcms -Value Remove-cimSession -Option ReadOnly, AllScope -ErrorAction SilentlyContinue\n\nId. de bloque de script: 015f8631-1e6e-483d-95ce-0f73bd7bbc17\nRuta de acceso: \r\n"},"_Source":"Windows.Sigma.BaseEvents","ClientId":"C.364907172793f8c7","_ts":1783863026787}
{"Timestamp":"2026-07-12T13:27:12.52344489Z","Computer":"LT29.ait.us.es","Channel":"Microsoft-Windows-PowerShell/Operational","EID":4104,"Level":"informational","Title":"PwSh Scriptblock","RecordID":3271839,"Details":"ScriptBlock: Set-Alias -Name gcms -Value Get-CimSession -Option ReadOnly, AllScope -ErrorAction SilentlyContinue","_Event":{"System":{"Provider":{"Name":"Microsoft-Windows-PowerShell","Guid":"A0C1853B-5C40-4B15-8766-3CF1C58F985A"},"EventID":{"Value":4104},"Version":1,"Level":5,"Task":2,"Opcode":15,"Keywords":0,"TimeCreated":{"SystemTime":1783862832.523445},"EventRecordID":3271839,"Correlation":{"ActivityID":"F2694954-11F0-0003-7DCC-6EF2F011DD01"},"Execution":{"ProcessID":3252,"ThreadID":4104},"Channel":"Microsoft-Windows-PowerShell/Operational","Computer":"LT29.ait.us.es","Security":{"UserID":"S-1-5-21-2237245112-686140129-944090608-1004"}},"EventData":{"MessageNumber":1,"MessageTotal":1,"ScriptBlockText":"Set-Alias -Name gcms -Value Get-CimSession -Option ReadOnly, AllScope -ErrorAction SilentlyContinue","ScriptBlockId":"016838f5-3cb5-47af-85ad-18d9af2b45ca","Path":""},"Message":"Creando texto de bloque de script (1 de 1):\nSet-Alias -Name gcms -Value Get-CimSession -Option ReadOnly, AllScope -ErrorAction SilentlyContinue\n\nId. de bloque de script: 016838f5-3cb5-47af-85ad-18d9af2b45ca\nRuta de acceso: \r\n"},"_Source":"Windows.Sigma.BaseEvents","ClientId":"C.364907172793f8c7","_ts":1783863026787}
{"Timestamp":"2026-07-12T13:27:12.523449659Z","Computer":"LT29.ait.us.es","Channel":"Microsoft-Windows-PowerShell/Operational","EID":4104,"Level":"informational","Title":"PwSh Scriptblock","RecordID":3271841,"Details":"ScriptBlock: Set-Alias -Name ncso -Value New-CimSessionOption -Option ReadOnly, AllScope -ErrorAction SilentlyContinue","_Event":{"System":{"Provider":{"Name":"Microsoft-Windows-PowerShell","Guid":"A0C1853B-5C40-4B15-8766-3CF1C58F985A"},"EventID":{"Value":4104},"Version":1,"Level":5,"Task":2,"Opcode":15,"Keywords":0,"TimeCreated":{"SystemTime":1783862832.5234497},"EventRecordID":3271841,"Correlation":{"ActivityID":"F2694954-11F0-0003-7DCC-6EF2F011DD01"},"Execution":{"ProcessID":3252,"ThreadID":4104},"Channel":"Microsoft-Windows-PowerShell/Operational","Computer":"LT29.ait.us.es","Security":{"UserID":"S-1-5-21-2237245112-686140129-944090608-1004"}},"EventData":{"MessageNumber":1,"MessageTotal":1,"ScriptBlockText":"Set-Alias -Name ncso -Value New-CimSessionOption -Option ReadOnly, AllScope -ErrorAction SilentlyContinue","ScriptBlockId":"0f88ba58-23da-42ee-8f6a-8af0cf2b5023","Path":""},"Message":"Creando texto de bloque de script (1 de 1):\nSet-Alias -Name ncso -Value New-CimSessionOption -Option ReadOnly, AllScope -ErrorAction SilentlyContinue\n\nId. de bloque de script: 0f88ba58-23da-42ee-8f6a-8af0cf2b5023\nRuta de acceso: \r\n"},"_Source":"Windows.Sigma.BaseEvents","ClientId":"C.364907172793f8c7","_ts":1783863026787}
