{"Timestamp":"2026-07-12T13:22:26.55814886Z","Computer":"LT29.ait.us.es","Channel":"Microsoft-Windows-Windows Defender/Operational","EID":1116,"Level":"high","Title":"Windows Defender Threat Detected","RecordID":6285,"Details":"Threat: Trojan:VBA/Killav.VD!MTB ¦ Severity: Grave ¦ Type: Caballo de Troya ¦ User: LT29\\seguridad ¦ Path: file:_C:\\Windows\\Temp\\server_artifacts\\Server.Internal.ArtifactModification\\2026-07-12.json ¦ Proc: C:\\Users\\seguridad\\Desktop\\TFM\\Velociraptor\\velociraptor-v0.75.6-windows-amd64.exe","_Event":{"System":{"Provider":{"Name":"Microsoft-Windows-Windows Defender","Guid":"11CD958A-C507-4EF3-B3F2-5FD9DFBD2C78"},"EventID":{"Value":1116},"Version":0,"Level":3,"Task":0,"Opcode":0,"Keywords":9223372036854775808,"TimeCreated":{"SystemTime":1783862546.5581489},"EventRecordID":6285,"Correlation":{"ActivityID":"51AE8F51-33A6-44BA-9A01-0E2D1984B476"},"Execution":{"ProcessID":4628,"ThreadID":10852},"Channel":"Microsoft-Windows-Windows Defender/Operational","Computer":"LT29.ait.us.es","Security":{"UserID":"S-1-5-18"}},"EventData":{"Product Name":"Antivirus de Microsoft Defender","Product Version":"4.18.26060.3008","Detection ID":"{D6C64A6E-3B6D-4F86-A476-5D4124FC61B1}","Detection Time":"2026-07-12T13:20:55.892Z","Unused":"","Unused2":"","Threat ID":"2147970558","Threat Name":"Trojan:VBA/Killav.VD!MTB","Severity ID":"5","Severity Name":"Grave","Category ID":"8","Category Name":"Caballo de Troya","FWLink":"https://go.microsoft.com/fwlink/?linkid=37020\u0026name=Trojan:VBA/Killav.VD!MTB\u0026threatid=2147970558\u0026enterprise=0","Status Code":"1","Status Description":"","State":"1","Source ID":"3","Source Name":"Protección en tiempo real","Process Name":"C:\\Users\\seguridad\\Desktop\\TFM\\Velociraptor\\velociraptor-v0.75.6-windows-amd64.exe","Detection User":"LT29\\seguridad","Unused3":"","Path":"file:_C:\\Windows\\Temp\\server_artifacts\\Server.Internal.ArtifactModification\\2026-07-12.json","Origin ID":"1","Origin Name":"Equipo local","Execution ID":"1","Execution Name":"Suspendido","Type ID":"0","Type Name":"Concreto","Pre Execution Status":"0","Action ID":"9","Action Name":"No aplicable","Unused4":"","Error Code":"0x00000000","Error Description":"La operación se completó correctamente. ","Unused5":"","Post Clean Status":"0","Additional Actions ID":"0","Additional Actions String":"No additional actions required","Remediation User":"","Unused6":"","Security intelligence Version":"AV: 1.455.102.0, AS: 1.455.102.0, NIS: 1.455.102.0","Engine Version":"AM: 1.1.26060.3008, NIS: 1.1.26060.3008"},"Message":"Antivirus de Microsoft Defender 已偵測到惡意程式碼或其他潛在的垃圾軟體。\n如需詳細資訊，請參閱以下資訊:\nhttps://go.microsoft.com/fwlink/?linkid=37020\u0026name=Trojan:VBA/Killav.VD!MTB\u0026threatid=2147970558\u0026enterprise=0\n \t名稱:%bTrojan:VBA/Killav.VD!MTB\n \t識別碼:%b2147970558\n \t嚴重性:%bGrave\n \t類別:%bCaballo de Troya\n \t路徑:%bfile:_C:\\Windows\\Temp\\server_artifacts\\Server.Internal.ArtifactModification\\2026-07-12.json\n \t偵測原點:%bEquipo local\n \t偵測類型:%bConcreto\n \t偵測來源:%bProtección en tiempo real\n \t使用者:%bLT29\\seguridad\n \t處理序名稱:%bC:\\Users\\seguridad\\Desktop\\TFM\\Velociraptor\\velociraptor-v0.75.6-windows-amd64.exe\n \t安全性情報版本:%bAV: 1.455.102.0, AS: 1.455.102.0, NIS: 1.455.102.0\n \t引擎版本:%bAM: 1.1.26060.3008, NIS: 1.1.26060.3008\r\n"},"_Source":"Windows.Sigma.BaseEvents","ClientId":"C.364907172793f8c7","_ts":1783862616592}
{"Timestamp":"2026-07-12T13:21:00.426696062Z","Computer":"LT29.ait.us.es","Channel":"Microsoft-Windows-Windows Defender/Operational","EID":1116,"Level":"high","Title":"Windows Defender Threat Detected","RecordID":6283,"Details":"Threat: Trojan:VBA/Killav.VD!MTB ¦ Severity: Grave ¦ Type: Caballo de Troya ¦ User: LT29\\seguridad ¦ Path: file:_C:\\Windows\\Temp\\server_artifacts\\Server.Internal.ArtifactModification\\2026-07-12.json ¦ Proc: C:\\Users\\seguridad\\Desktop\\TFM\\Velociraptor\\velociraptor-v0.75.6-windows-amd64.exe","_Event":{"System":{"Provider":{"Name":"Microsoft-Windows-Windows Defender","Guid":"11CD958A-C507-4EF3-B3F2-5FD9DFBD2C78"},"EventID":{"Value":1116},"Version":0,"Level":3,"Task":0,"Opcode":0,"Keywords":9223372036854775808,"TimeCreated":{"SystemTime":1783862460.426696},"EventRecordID":6283,"Correlation":{},"Execution":{"ProcessID":4628,"ThreadID":8524},"Channel":"Microsoft-Windows-Windows Defender/Operational","Computer":"LT29.ait.us.es","Security":{"UserID":"S-1-5-18"}},"EventData":{"Product Name":"Antivirus de Microsoft Defender","Product Version":"4.18.26060.3008","Detection ID":"{D6C64A6E-3B6D-4F86-A476-5D4124FC61B1}","Detection Time":"2026-07-12T13:20:55.892Z","Unused":"","Unused2":"","Threat ID":"2147970558","Threat Name":"Trojan:VBA/Killav.VD!MTB","Severity ID":"5","Severity Name":"Grave","Category ID":"8","Category Name":"Caballo de Troya","FWLink":"https://go.microsoft.com/fwlink/?linkid=37020\u0026name=Trojan:VBA/Killav.VD!MTB\u0026threatid=2147970558\u0026enterprise=0","Status Code":"1","Status Description":"","State":"1","Source ID":"3","Source Name":"Protección en tiempo real","Process Name":"C:\\Users\\seguridad\\Desktop\\TFM\\Velociraptor\\velociraptor-v0.75.6-windows-amd64.exe","Detection User":"LT29\\seguridad","Unused3":"","Path":"file:_C:\\Windows\\Temp\\server_artifacts\\Server.Internal.ArtifactModification\\2026-07-12.json","Origin ID":"1","Origin Name":"Equipo local","Execution ID":"1","Execution Name":"Suspendido","Type ID":"0","Type Name":"Concreto","Pre Execution Status":"0","Action ID":"9","Action Name":"No aplicable","Unused4":"","Error Code":"0x00000000","Error Description":"La operación se completó correctamente. ","Unused5":"","Post Clean Status":"0","Additional Actions ID":"0","Additional Actions String":"No additional actions required","Remediation User":"","Unused6":"","Security intelligence Version":"AV: 1.455.102.0, AS: 1.455.102.0, NIS: 1.455.102.0","Engine Version":"AM: 1.1.26060.3008, NIS: 1.1.26060.3008"},"Message":"Antivirus de Microsoft Defender 已偵測到惡意程式碼或其他潛在的垃圾軟體。\n如需詳細資訊，請參閱以下資訊:\nhttps://go.microsoft.com/fwlink/?linkid=37020\u0026name=Trojan:VBA/Killav.VD!MTB\u0026threatid=2147970558\u0026enterprise=0\n \t名稱:%bTrojan:VBA/Killav.VD!MTB\n \t識別碼:%b2147970558\n \t嚴重性:%bGrave\n \t類別:%bCaballo de Troya\n \t路徑:%bfile:_C:\\Windows\\Temp\\server_artifacts\\Server.Internal.ArtifactModification\\2026-07-12.json\n \t偵測原點:%bEquipo local\n \t偵測類型:%bConcreto\n \t偵測來源:%bProtección en tiempo real\n \t使用者:%bLT29\\seguridad\n \t處理序名稱:%bC:\\Users\\seguridad\\Desktop\\TFM\\Velociraptor\\velociraptor-v0.75.6-windows-amd64.exe\n \t安全性情報版本:%bAV: 1.455.102.0, AS: 1.455.102.0, NIS: 1.455.102.0\n \t引擎版本:%bAM: 1.1.26060.3008, NIS: 1.1.26060.3008\r\n"},"_Source":"Windows.Sigma.BaseEvents","ClientId":"C.364907172793f8c7","_ts":1783862616592}
{"Timestamp":"2026-07-12T13:22:26.509283304Z","Computer":"LT29.ait.us.es","Channel":"System","EID":7045,"Level":"informational","Title":"Svc Installed 2","RecordID":53980,"Details":"Svc: lygsuajn ¦ Path: C:\\Windows\\system32\\drivers\\lygsuajn.sys ¦ Acct:  ¦ StartType: inicio del sistema","_Event":{"System":{"Provider":{"Name":"Service Control Manager","Guid":"{555908d1-a6d7-4695-8e1e-26931d2012f4}","EventSourceName":"Service Control Manager"},"EventID":{"Qualifiers":16384,"Value":7045},"Version":0,"Level":4,"Task":0,"Opcode":0,"Keywords":9259400833873739776,"TimeCreated":{"SystemTime":1783862546.5092833},"EventRecordID":53980,"Correlation":{},"Execution":{"ProcessID":772,"ThreadID":11536},"Channel":"System","Computer":"LT29.ait.us.es","Security":{"UserID":"S-1-5-18"}},"EventData":{"ServiceName":"lygsuajn","ImagePath":"C:\\Windows\\system32\\drivers\\lygsuajn.sys","ServiceType":"controlador de modo kernel","StartType":"inicio del sistema","AccountName":""},"Message":"Se instaló un servicio en el sistema.\n\nNombre del servicio:  lygsuajn\nNombre del archivo del servicio:  C:\\Windows\\system32\\drivers\\lygsuajn.sys\nTipo de servicio:  controlador de modo kernel\nTipo de inicio de servicio:  inicio del sistema\nCuenta de servicio:  \r\n"},"_Source":"Windows.Sigma.BaseEvents","ClientId":"C.364907172793f8c7","_ts":1783862748904}
{"Timestamp":"2026-07-12T13:23:29.882355213Z","Computer":"LT29.ait.us.es","Channel":"Microsoft-Windows-PowerShell/Operational","EID":4104,"Level":"informational","Title":"PwSh Scriptblock","RecordID":3260119,"Details":"ScriptBlock: Start-Sleep -Seconds 90","_Event":{"System":{"Provider":{"Name":"Microsoft-Windows-PowerShell","Guid":"A0C1853B-5C40-4B15-8766-3CF1C58F985A"},"EventID":{"Value":4104},"Version":1,"Level":5,"Task":2,"Opcode":15,"Keywords":0,"TimeCreated":{"SystemTime":1783862609.8823552},"EventRecordID":3260119,"Correlation":{"ActivityID":"F2694954-11F0-0002-7F79-6EF2F011DD01"},"Execution":{"ProcessID":12104,"ThreadID":11372},"Channel":"Microsoft-Windows-PowerShell/Operational","Computer":"LT29.ait.us.es","Security":{"UserID":"S-1-5-21-2237245112-686140129-944090608-1004"}},"EventData":{"MessageNumber":1,"MessageTotal":1,"ScriptBlockText":"Start-Sleep -Seconds 90","ScriptBlockId":"0d1c3bce-8081-4d51-a703-57dbe95396da","Path":""},"Message":"Creando texto de bloque de script (1 de 1):\nStart-Sleep -Seconds 90\n\nId. de bloque de script: 0d1c3bce-8081-4d51-a703-57dbe95396da\nRuta de acceso: \r\n"},"_Source":"Windows.Sigma.BaseEvents","ClientId":"C.364907172793f8c7","_ts":1783862748904}
{"Timestamp":"2026-07-12T13:23:28.008696079Z","Computer":"LT29.ait.us.es","Channel":"Microsoft-Windows-Sysmon/Operational","EID":3,"Level":"medium","Title":"Net Conn (Sysmon Alert)","RecordID":105115,"Details":"Initiated: false ¦ Proto: tcp ¦ SrcIP: 0:0:0:0:0:0:0:1 ¦ SrcPort: 50894 ¦ SrcHost: LT29.ait.us.es ¦ TgtIP: 0:0:0:0:0:0:0:1 ¦ TgtPort: 8443 ¦ TgtHost: LT29.ait.us.es ¦ User: LT29\\seguridad ¦ Proc: C:\\Users\\seguridad\\Desktop\\TFM\\Velociraptor\\velociraptor-v0.75.6-windows-amd64.exe ¦ PID: 5276 ¦ PGUID: 6BC49A7D-7CD5-6A53-7102-000000009A01","_Event":{"System":{"Provider":{"Name":"Microsoft-Windows-Sysmon","Guid":"5770385F-C22A-43E0-BF4C-06F5698FFBD9"},"EventID":{"Value":3},"Version":5,"Level":4,"Task":3,"Opcode":0,"Keywords":9223372036854775808,"TimeCreated":{"SystemTime":1783862608.008696},"EventRecordID":105115,"Correlation":{},"Execution":{"ProcessID":4652,"ThreadID":6168},"Channel":"Microsoft-Windows-Sysmon/Operational","Computer":"LT29.ait.us.es","Security":{"UserID":"S-1-5-18"}},"EventData":{"RuleName":"Usermode","UtcTime":"2026-07-12 13:23:33.814","ProcessGuid":"6BC49A7D-7CD5-6A53-7102-000000009A01","ProcessId":5276,"Image":"C:\\Users\\seguridad\\Desktop\\TFM\\Velociraptor\\velociraptor-v0.75.6-windows-amd64.exe","User":"LT29\\seguridad","Protocol":"tcp","Initiated":false,"SourceIsIpv6":true,"SourceIp":"0:0:0:0:0:0:0:1","SourceHostname":"LT29.ait.us.es","SourcePort":50894,"SourcePortName":"-","DestinationIsIpv6":true,"DestinationIp":"0:0:0:0:0:0:0:1","DestinationHostname":"LT29.ait.us.es","DestinationPort":8443,"DestinationPortName":"-"},"Message":"Network connection detected:\nRuleName: Usermode!s!\nUtcTime: 2026-07-12 13:23:33.814!s!\nProcessGuid: 6BC49A7D-7CD5-6A53-7102-000000009A01!s!\nProcessId: 5276!s!\nImage: C:\\Users\\seguridad\\Desktop\\TFM\\Velociraptor\\velociraptor-v0.75.6-windows-amd64.exe!s!\nUser: LT29\\seguridad!s!\nProtocol: tcp!s!\nInitiated: false!s!\nSourceIsIpv6: true!s!\nSourceIp: 0:0:0:0:0:0:0:1!s!\nSourceHostname: LT29.ait.us.es!s!\nSourcePort: 50894!s!\nSourcePortName: -!s!\nDestinationIsIpv6: true!s!\nDestinationIp: 0:0:0:0:0:0:0:1!s!\nDestinationHostname: LT29.ait.us.es!s!\nDestinationPort: 8443!s!\nDestinationPortName: -!s!\r\n"},"_Source":"Windows.Sigma.BaseEvents","ClientId":"C.364907172793f8c7","_ts":1783862748904}
{"Timestamp":"2026-07-12T13:22:29.343964815Z","Computer":"LT29.ait.us.es","Channel":"Microsoft-Windows-Sysmon/Operational","EID":3,"Level":"medium","Title":"Net Conn (Sysmon Alert)","RecordID":105114,"Details":"Initiated: false ¦ Proto: tcp ¦ SrcIP: 0:0:0:0:0:0:0:1 ¦ SrcPort: 50890 ¦ SrcHost: LT29.ait.us.es ¦ TgtIP: 0:0:0:0:0:0:0:1 ¦ TgtPort: 8443 ¦ TgtHost: LT29.ait.us.es ¦ User: LT29\\seguridad ¦ Proc: C:\\Users\\seguridad\\Desktop\\TFM\\Velociraptor\\velociraptor-v0.75.6-windows-amd64.exe ¦ PID: 5276 ¦ PGUID: 6BC49A7D-7CD5-6A53-7102-000000009A01","_Event":{"System":{"Provider":{"Name":"Microsoft-Windows-Sysmon","Guid":"5770385F-C22A-43E0-BF4C-06F5698FFBD9"},"EventID":{"Value":3},"Version":5,"Level":4,"Task":3,"Opcode":0,"Keywords":9223372036854775808,"TimeCreated":{"SystemTime":1783862549.3439648},"EventRecordID":105114,"Correlation":{},"Execution":{"ProcessID":4652,"ThreadID":6168},"Channel":"Microsoft-Windows-Sysmon/Operational","Computer":"LT29.ait.us.es","Security":{"UserID":"S-1-5-18"}},"EventData":{"RuleName":"Usermode","UtcTime":"2026-07-12 13:22:22.795","ProcessGuid":"6BC49A7D-7CD5-6A53-7102-000000009A01","ProcessId":5276,"Image":"C:\\Users\\seguridad\\Desktop\\TFM\\Velociraptor\\velociraptor-v0.75.6-windows-amd64.exe","User":"LT29\\seguridad","Protocol":"tcp","Initiated":false,"SourceIsIpv6":true,"SourceIp":"0:0:0:0:0:0:0:1","SourceHostname":"LT29.ait.us.es","SourcePort":50890,"SourcePortName":"-","DestinationIsIpv6":true,"DestinationIp":"0:0:0:0:0:0:0:1","DestinationHostname":"LT29.ait.us.es","DestinationPort":8443,"DestinationPortName":"-"},"Message":"Network connection detected:\nRuleName: Usermode!s!\nUtcTime: 2026-07-12 13:22:22.795!s!\nProcessGuid: 6BC49A7D-7CD5-6A53-7102-000000009A01!s!\nProcessId: 5276!s!\nImage: C:\\Users\\seguridad\\Desktop\\TFM\\Velociraptor\\velociraptor-v0.75.6-windows-amd64.exe!s!\nUser: LT29\\seguridad!s!\nProtocol: tcp!s!\nInitiated: false!s!\nSourceIsIpv6: true!s!\nSourceIp: 0:0:0:0:0:0:0:1!s!\nSourceHostname: LT29.ait.us.es!s!\nSourcePort: 50890!s!\nSourcePortName: -!s!\nDestinationIsIpv6: true!s!\nDestinationIp: 0:0:0:0:0:0:0:1!s!\nDestinationHostname: LT29.ait.us.es!s!\nDestinationPort: 8443!s!\nDestinationPortName: -!s!\r\n"},"_Source":"Windows.Sigma.BaseEvents","ClientId":"C.364907172793f8c7","_ts":1783862748904}
{"Timestamp":"2026-07-12T13:23:28.611001491Z","Computer":"LT29.ait.us.es","Channel":"Microsoft-Windows-Sysmon/Operational","EID":3,"Level":"medium","Title":"Net Conn (Sysmon Alert)","RecordID":105116,"Details":"Initiated: false ¦ Proto: tcp ¦ SrcIP: 0:0:0:0:0:0:0:1 ¦ SrcPort: 50895 ¦ SrcHost: LT29.ait.us.es ¦ TgtIP: 0:0:0:0:0:0:0:1 ¦ TgtPort: 8443 ¦ TgtHost: LT29.ait.us.es ¦ User: LT29\\seguridad ¦ Proc: C:\\Users\\seguridad\\Desktop\\TFM\\Velociraptor\\velociraptor-v0.75.6-windows-amd64.exe ¦ PID: 5276 ¦ PGUID: 6BC49A7D-7CD5-6A53-7102-000000009A01","_Event":{"System":{"Provider":{"Name":"Microsoft-Windows-Sysmon","Guid":"5770385F-C22A-43E0-BF4C-06F5698FFBD9"},"EventID":{"Value":3},"Version":5,"Level":4,"Task":3,"Opcode":0,"Keywords":9223372036854775808,"TimeCreated":{"SystemTime":1783862608.6110015},"EventRecordID":105116,"Correlation":{},"Execution":{"ProcessID":4652,"ThreadID":6168},"Channel":"Microsoft-Windows-Sysmon/Operational","Computer":"LT29.ait.us.es","Security":{"UserID":"S-1-5-18"}},"EventData":{"RuleName":"Usermode","UtcTime":"2026-07-12 13:23:33.837","ProcessGuid":"6BC49A7D-7CD5-6A53-7102-000000009A01","ProcessId":5276,"Image":"C:\\Users\\seguridad\\Desktop\\TFM\\Velociraptor\\velociraptor-v0.75.6-windows-amd64.exe","User":"LT29\\seguridad","Protocol":"tcp","Initiated":false,"SourceIsIpv6":true,"SourceIp":"0:0:0:0:0:0:0:1","SourceHostname":"LT29.ait.us.es","SourcePort":50895,"SourcePortName":"-","DestinationIsIpv6":true,"DestinationIp":"0:0:0:0:0:0:0:1","DestinationHostname":"LT29.ait.us.es","DestinationPort":8443,"DestinationPortName":"-"},"Message":"Network connection detected:\nRuleName: Usermode!s!\nUtcTime: 2026-07-12 13:23:33.837!s!\nProcessGuid: 6BC49A7D-7CD5-6A53-7102-000000009A01!s!\nProcessId: 5276!s!\nImage: C:\\Users\\seguridad\\Desktop\\TFM\\Velociraptor\\velociraptor-v0.75.6-windows-amd64.exe!s!\nUser: LT29\\seguridad!s!\nProtocol: tcp!s!\nInitiated: false!s!\nSourceIsIpv6: true!s!\nSourceIp: 0:0:0:0:0:0:0:1!s!\nSourceHostname: LT29.ait.us.es!s!\nSourcePort: 50895!s!\nSourcePortName: -!s!\nDestinationIsIpv6: true!s!\nDestinationIp: 0:0:0:0:0:0:0:1!s!\nDestinationHostname: LT29.ait.us.es!s!\nDestinationPort: 8443!s!\nDestinationPortName: -!s!\r\n"},"_Source":"Windows.Sigma.BaseEvents","ClientId":"C.364907172793f8c7","_ts":1783862748904}
{"Timestamp":"2026-07-12T13:23:28.611001491Z","Computer":"LT29.ait.us.es","Channel":"Microsoft-Windows-Sysmon/Operational","EID":3,"Level":"medium","Title":"Net Conn (Sysmon Alert)","RecordID":105116,"Details":"Initiated: false ¦ Proto: tcp ¦ SrcIP: 0:0:0:0:0:0:0:1 ¦ SrcPort: 50895 ¦ SrcHost: LT29.ait.us.es ¦ TgtIP: 0:0:0:0:0:0:0:1 ¦ TgtPort: 8443 ¦ TgtHost: LT29.ait.us.es ¦ User: LT29\\seguridad ¦ Proc: C:\\Users\\seguridad\\Desktop\\TFM\\Velociraptor\\velociraptor-v0.75.6-windows-amd64.exe ¦ PID: 5276 ¦ PGUID: 6BC49A7D-7CD5-6A53-7102-000000009A01","_Event":{"System":{"Provider":{"Name":"Microsoft-Windows-Sysmon","Guid":"5770385F-C22A-43E0-BF4C-06F5698FFBD9"},"EventID":{"Value":3},"Version":5,"Level":4,"Task":3,"Opcode":0,"Keywords":9223372036854775808,"TimeCreated":{"SystemTime":1783862608.6110015},"EventRecordID":105116,"Correlation":{},"Execution":{"ProcessID":4652,"ThreadID":6168},"Channel":"Microsoft-Windows-Sysmon/Operational","Computer":"LT29.ait.us.es","Security":{"UserID":"S-1-5-18"}},"EventData":{"RuleName":"Usermode","UtcTime":"2026-07-12 13:23:33.837","ProcessGuid":"6BC49A7D-7CD5-6A53-7102-000000009A01","ProcessId":5276,"Image":"C:\\Users\\seguridad\\Desktop\\TFM\\Velociraptor\\velociraptor-v0.75.6-windows-amd64.exe","User":"LT29\\seguridad","Protocol":"tcp","Initiated":false,"SourceIsIpv6":true,"SourceIp":"0:0:0:0:0:0:0:1","SourceHostname":"LT29.ait.us.es","SourcePort":50895,"SourcePortName":"-","DestinationIsIpv6":true,"DestinationIp":"0:0:0:0:0:0:0:1","DestinationHostname":"LT29.ait.us.es","DestinationPort":8443,"DestinationPortName":"-"},"Message":"Network connection detected:\nRuleName: Usermode!s!\nUtcTime: 2026-07-12 13:23:33.837!s!\nProcessGuid: 6BC49A7D-7CD5-6A53-7102-000000009A01!s!\nProcessId: 5276!s!\nImage: C:\\Users\\seguridad\\Desktop\\TFM\\Velociraptor\\velociraptor-v0.75.6-windows-amd64.exe!s!\nUser: LT29\\seguridad!s!\nProtocol: tcp!s!\nInitiated: false!s!\nSourceIsIpv6: true!s!\nSourceIp: 0:0:0:0:0:0:0:1!s!\nSourceHostname: LT29.ait.us.es!s!\nSourcePort: 50895!s!\nSourcePortName: -!s!\nDestinationIsIpv6: true!s!\nDestinationIp: 0:0:0:0:0:0:0:1!s!\nDestinationHostname: LT29.ait.us.es!s!\nDestinationPort: 8443!s!\nDestinationPortName: -!s!\r\n"},"_Source":"Windows.Sigma.BaseEvents","ClientId":"C.364907172793f8c7","_ts":1783862748904}
{"Timestamp":"2026-07-12T13:24:40.475104093Z","Computer":"LT29.ait.us.es","Channel":"Microsoft-Windows-Sysmon/Operational","EID":3,"Level":"medium","Title":"Net Conn (Sysmon Alert)","RecordID":105118,"Details":"Initiated: false ¦ Proto: tcp ¦ SrcIP: 0:0:0:0:0:0:0:1 ¦ SrcPort: 50899 ¦ SrcHost: LT29.ait.us.es ¦ TgtIP: 0:0:0:0:0:0:0:1 ¦ TgtPort: 8443 ¦ TgtHost: LT29.ait.us.es ¦ User: LT29\\seguridad ¦ Proc: C:\\Users\\seguridad\\Desktop\\TFM\\Velociraptor\\velociraptor-v0.75.6-windows-amd64.exe ¦ PID: 5276 ¦ PGUID: 6BC49A7D-7CD5-6A53-7102-000000009A01","_Event":{"System":{"Provider":{"Name":"Microsoft-Windows-Sysmon","Guid":"5770385F-C22A-43E0-BF4C-06F5698FFBD9"},"EventID":{"Value":3},"Version":5,"Level":4,"Task":3,"Opcode":0,"Keywords":9223372036854775808,"TimeCreated":{"SystemTime":1783862680.475104},"EventRecordID":105118,"Correlation":{},"Execution":{"ProcessID":4652,"ThreadID":6168},"Channel":"Microsoft-Windows-Sysmon/Operational","Computer":"LT29.ait.us.es","Security":{"UserID":"S-1-5-18"}},"EventData":{"RuleName":"Usermode","UtcTime":"2026-07-12 13:24:53.852","ProcessGuid":"6BC49A7D-7CD5-6A53-7102-000000009A01","ProcessId":5276,"Image":"C:\\Users\\seguridad\\Desktop\\TFM\\Velociraptor\\velociraptor-v0.75.6-windows-amd64.exe","User":"LT29\\seguridad","Protocol":"tcp","Initiated":false,"SourceIsIpv6":true,"SourceIp":"0:0:0:0:0:0:0:1","SourceHostname":"LT29.ait.us.es","SourcePort":50899,"SourcePortName":"-","DestinationIsIpv6":true,"DestinationIp":"0:0:0:0:0:0:0:1","DestinationHostname":"LT29.ait.us.es","DestinationPort":8443,"DestinationPortName":"-"},"Message":"Network connection detected:\nRuleName: Usermode!s!\nUtcTime: 2026-07-12 13:24:53.852!s!\nProcessGuid: 6BC49A7D-7CD5-6A53-7102-000000009A01!s!\nProcessId: 5276!s!\nImage: C:\\Users\\seguridad\\Desktop\\TFM\\Velociraptor\\velociraptor-v0.75.6-windows-amd64.exe!s!\nUser: LT29\\seguridad!s!\nProtocol: tcp!s!\nInitiated: false!s!\nSourceIsIpv6: true!s!\nSourceIp: 0:0:0:0:0:0:0:1!s!\nSourceHostname: LT29.ait.us.es!s!\nSourcePort: 50899!s!\nSourcePortName: -!s!\nDestinationIsIpv6: true!s!\nDestinationIp: 0:0:0:0:0:0:0:1!s!\nDestinationHostname: LT29.ait.us.es!s!\nDestinationPort: 8443!s!\nDestinationPortName: -!s!\r\n"},"_Source":"Windows.Sigma.BaseEvents","ClientId":"C.364907172793f8c7","_ts":1783862748904}
{"Timestamp":"2026-07-12T13:24:40.475345611Z","Computer":"LT29.ait.us.es","Channel":"Microsoft-Windows-Sysmon/Operational","EID":3,"Level":"medium","Title":"Net Conn (Sysmon Alert)","RecordID":105119,"Details":"Initiated: false ¦ Proto: tcp ¦ SrcIP: 0:0:0:0:0:0:0:1 ¦ SrcPort: 50900 ¦ SrcHost: LT29.ait.us.es ¦ TgtIP: 0:0:0:0:0:0:0:1 ¦ TgtPort: 8443 ¦ TgtHost: LT29.ait.us.es ¦ User: LT29\\seguridad ¦ Proc: C:\\Users\\seguridad\\Desktop\\TFM\\Velociraptor\\velociraptor-v0.75.6-windows-amd64.exe ¦ PID: 5276 ¦ PGUID: 6BC49A7D-7CD5-6A53-7102-000000009A01","_Event":{"System":{"Provider":{"Name":"Microsoft-Windows-Sysmon","Guid":"5770385F-C22A-43E0-BF4C-06F5698FFBD9"},"EventID":{"Value":3},"Version":5,"Level":4,"Task":3,"Opcode":0,"Keywords":9223372036854775808,"TimeCreated":{"SystemTime":1783862680.4753456},"EventRecordID":105119,"Correlation":{},"Execution":{"ProcessID":4652,"ThreadID":6168},"Channel":"Microsoft-Windows-Sysmon/Operational","Computer":"LT29.ait.us.es","Security":{"UserID":"S-1-5-18"}},"EventData":{"RuleName":"Usermode","UtcTime":"2026-07-12 13:24:53.858","ProcessGuid":"6BC49A7D-7CD5-6A53-7102-000000009A01","ProcessId":5276,"Image":"C:\\Users\\seguridad\\Desktop\\TFM\\Velociraptor\\velociraptor-v0.75.6-windows-amd64.exe","User":"LT29\\seguridad","Protocol":"tcp","Initiated":false,"SourceIsIpv6":true,"SourceIp":"0:0:0:0:0:0:0:1","SourceHostname":"LT29.ait.us.es","SourcePort":50900,"SourcePortName":"-","DestinationIsIpv6":true,"DestinationIp":"0:0:0:0:0:0:0:1","DestinationHostname":"LT29.ait.us.es","DestinationPort":8443,"DestinationPortName":"-"},"Message":"Network connection detected:\nRuleName: Usermode!s!\nUtcTime: 2026-07-12 13:24:53.858!s!\nProcessGuid: 6BC49A7D-7CD5-6A53-7102-000000009A01!s!\nProcessId: 5276!s!\nImage: C:\\Users\\seguridad\\Desktop\\TFM\\Velociraptor\\velociraptor-v0.75.6-windows-amd64.exe!s!\nUser: LT29\\seguridad!s!\nProtocol: tcp!s!\nInitiated: false!s!\nSourceIsIpv6: true!s!\nSourceIp: 0:0:0:0:0:0:0:1!s!\nSourceHostname: LT29.ait.us.es!s!\nSourcePort: 50900!s!\nSourcePortName: -!s!\nDestinationIsIpv6: true!s!\nDestinationIp: 0:0:0:0:0:0:0:1!s!\nDestinationHostname: LT29.ait.us.es!s!\nDestinationPort: 8443!s!\nDestinationPortName: -!s!\r\n"},"_Source":"Windows.Sigma.BaseEvents","ClientId":"C.364907172793f8c7","_ts":1783862748904}
{"Timestamp":"2026-07-12T13:24:54.408992052Z","Computer":"LT29.ait.us.es","Channel":"Microsoft-Windows-PowerShell/Operational","EID":4104,"Level":"informational","Title":"PwSh Scriptblock","RecordID":3260124,"Details":"ScriptBlock: prompt","_Event":{"System":{"Provider":{"Name":"Microsoft-Windows-PowerShell","Guid":"A0C1853B-5C40-4B15-8766-3CF1C58F985A"},"EventID":{"Value":4104},"Version":1,"Level":5,"Task":2,"Opcode":15,"Keywords":0,"TimeCreated":{"SystemTime":1783862694.408992},"EventRecordID":3260124,"Correlation":{"ActivityID":"F2694954-11F0-0002-8F79-6EF2F011DD01"},"Execution":{"ProcessID":12104,"ThreadID":11372},"Channel":"Microsoft-Windows-PowerShell/Operational","Computer":"LT29.ait.us.es","Security":{"UserID":"S-1-5-21-2237245112-686140129-944090608-1004"}},"EventData":{"MessageNumber":1,"MessageTotal":1,"ScriptBlockText":"prompt","ScriptBlockId":"05f1b706-fed2-471b-a269-249ee031fcfc","Path":""},"Message":"Creando texto de bloque de script (1 de 1):\nprompt\n\nId. de bloque de script: 05f1b706-fed2-471b-a269-249ee031fcfc\nRuta de acceso: \r\n"},"_Source":"Windows.Sigma.BaseEvents","ClientId":"C.364907172793f8c7","_ts":1783862748904}
{"Timestamp":"2026-07-12T13:25:03.315344095Z","Computer":"LT29.ait.us.es","Channel":"Microsoft-Windows-PowerShell/Operational","EID":4104,"Level":"informational","Title":"PwSh Scriptblock","RecordID":3260131,"Details":"ScriptBlock: Invoke-PublicTEC -ArtifactName \"04_HayabusaMonitoring_CH\"\n\nShow-PublicRange `\n    -Campaign \"04_HayabusaMonitoring_CH\" `\n    -Phase TEC","_Event":{"System":{"Provider":{"Name":"Microsoft-Windows-PowerShell","Guid":"A0C1853B-5C40-4B15-8766-3CF1C58F985A"},"EventID":{"Value":4104},"Version":1,"Level":5,"Task":2,"Opcode":15,"Keywords":0,"TimeCreated":{"SystemTime":1783862703.315344},"EventRecordID":3260131,"Correlation":{"ActivityID":"F2694954-11F0-0002-9279-6EF2F011DD01"},"Execution":{"ProcessID":12104,"ThreadID":11372},"Channel":"Microsoft-Windows-PowerShell/Operational","Computer":"LT29.ait.us.es","Security":{"UserID":"S-1-5-21-2237245112-686140129-944090608-1004"}},"EventData":{"MessageNumber":1,"MessageTotal":1,"ScriptBlockText":"Invoke-PublicTEC -ArtifactName \"04_HayabusaMonitoring_CH\"\n\nShow-PublicRange `\n    -Campaign \"04_HayabusaMonitoring_CH\" `\n    -Phase TEC","ScriptBlockId":"d26856ff-4394-4f9d-90a3-5cb6465e023e","Path":""},"Message":"Creando texto de bloque de script (1 de 1):\nInvoke-PublicTEC -ArtifactName \"04_HayabusaMonitoring_CH\"\n\nShow-PublicRange `\n    -Campaign \"04_HayabusaMonitoring_CH\" `\n    -Phase TEC\n\nId. de bloque de script: d26856ff-4394-4f9d-90a3-5cb6465e023e\nRuta de acceso: \r\n"},"_Source":"Windows.Sigma.BaseEvents","ClientId":"C.364907172793f8c7","_ts":1783862748904}
{"Timestamp":"2026-07-12T13:25:04.319972753Z","Computer":"LT29.ait.us.es","Channel":"Microsoft-Windows-PowerShell/Operational","EID":4104,"Level":"informational","Title":"PwSh Scriptblock","RecordID":3260195,"Details":"ScriptBlock: $Root = 'C:\\Users\\seguridad\\Desktop\\TFM\\Pruebas\\DUMB_LAB'\r\n\r\n$Folders = @(\r\n  'Finance',\r\n  'HR',\r\n  'Legal',\r\n  'Projects',\r\n  'Projects\\2026',\r\n  'Projects\\2025',\r\n  'Shared',\r\n  'Engineering',\r\n  'Backups'\r\n)\r\n\r\n$Exts = @('.docx','.xlsx','.pdf','.txt','.csv','.pptx','.jpg')\r\n\r\n$Names = @(\r\n  'Nominas_Q1_2026',\r\n  'Propuesta_Cliente',\r\n  'Contrato_Proveedor',\r\n  'Inventario',\r\n  'Backup_Resumen',\r\n  'Roadmap_Interno',\r\n  'Presupuesto',\r\n  'Plan_Proyecto',\r\n  'Acta_Reunion',\r\n  'Informe_Final'\r\n)\r\n\r\n# marcador de seguridad\r\nSet-Content \"$Root\\LAB_OK_DO_NOT_TOUCH.txt\" 'TFM TEC-007 SAFE LAB'\r\n\r\n# crear subcarpetas\r\nforeach ($f in $Folders) {\r\n  New-Item -ItemType Directory -Path (Join-Path $Root $f) -Force | Out-Null\r\n}\r\n\r\n# crear 1500 ficheros dummy\r\n1..1500 | ForEach-Object {\r\n  $folder = Get-Random $Folders\r\n  $name   = Get-Random $Names\r\n  $ext    = Get-Random $Exts\r\n  $file   = Join-Path (Join-Path $Root $folder) (\"{0}_{1}{2}\" -f $name, $_, $ext)\r\n\r\n  @\"\r\nDummy file for TEC-007\r\nId: $_\r\nCreated: $(Get-Date)\r\nThis is safe lab content only\r\n\"@ | Set-Content -Path $file -Encoding UTF8\r\n}\r\n\r\nWrite-Host \"OK. Dataset dummy creado en $Root\"","_Event":{"System":{"Provider":{"Name":"Microsoft-Windows-PowerShell","Guid":"A0C1853B-5C40-4B15-8766-3CF1C58F985A"},"EventID":{"Value":4104},"Version":1,"Level":5,"Task":2,"Opcode":15,"Keywords":0,"TimeCreated":{"SystemTime":1783862704.3199728},"EventRecordID":3260195,"Correlation":{"ActivityID":"F2694954-11F0-0003-0A9D-6EF2F011DD01"},"Execution":{"ProcessID":12076,"ThreadID":3648},"Channel":"Microsoft-Windows-PowerShell/Operational","Computer":"LT29.ait.us.es","Security":{"UserID":"S-1-5-21-2237245112-686140129-944090608-1004"}},"EventData":{"MessageNumber":1,"MessageTotal":1,"ScriptBlockText":"$Root = 'C:\\Users\\seguridad\\Desktop\\TFM\\Pruebas\\DUMB_LAB'\r\n\r\n$Folders = @(\r\n  'Finance',\r\n  'HR',\r\n  'Legal',\r\n  'Projects',\r\n  'Projects\\2026',\r\n  'Projects\\2025',\r\n  'Shared',\r\n  'Engineering',\r\n  'Backups'\r\n)\r\n\r\n$Exts = @('.docx','.xlsx','.pdf','.txt','.csv','.pptx','.jpg')\r\n\r\n$Names = @(\r\n  'Nominas_Q1_2026',\r\n  'Propuesta_Cliente',\r\n  'Contrato_Proveedor',\r\n  'Inventario',\r\n  'Backup_Resumen',\r\n  'Roadmap_Interno',\r\n  'Presupuesto',\r\n  'Plan_Proyecto',\r\n  'Acta_Reunion',\r\n  'Informe_Final'\r\n)\r\n\r\n# marcador de seguridad\r\nSet-Content \"$Root\\LAB_OK_DO_NOT_TOUCH.txt\" 'TFM TEC-007 SAFE LAB'\r\n\r\n# crear subcarpetas\r\nforeach ($f in $Folders) {\r\n  New-Item -ItemType Directory -Path (Join-Path $Root $f) -Force | Out-Null\r\n}\r\n\r\n# crear 1500 ficheros dummy\r\n1..1500 | ForEach-Object {\r\n  $folder = Get-Random $Folders\r\n  $name   = Get-Random $Names\r\n  $ext    = Get-Random $Exts\r\n  $file   = Join-Path (Join-Path $Root $folder) (\"{0}_{1}{2}\" -f $name, $_, $ext)\r\n\r\n  @\"\r\nDummy file for TEC-007\r\nId: $_\r\nCreated: $(Get-Date)\r\nThis is safe lab content only\r\n\"@ | Set-Content -Path $file -Encoding UTF8\r\n}\r\n\r\nWrite-Host \"OK. Dataset dummy creado en $Root\"","ScriptBlockId":"ae8d6823-dfa7-4a6f-a65d-f2d4f2d9245a","Path":"C:\\Users\\seguridad\\Desktop\\TFM\\01_ACTIVE_TESTS\\Pruebas\\TEC-007_Ransomware\\crear_directorio_dummy.ps1"},"Message":"Creando texto de bloque de script (1 de 1):\n$Root = 'C:\\Users\\seguridad\\Desktop\\TFM\\Pruebas\\DUMB_LAB'\r\n\r\n$Folders = @(\r\n  'Finance',\r\n  'HR',\r\n  'Legal',\r\n  'Projects',\r\n  'Projects\\2026',\r\n  'Projects\\2025',\r\n  'Shared',\r\n  'Engineering',\r\n  'Backups'\r\n)\r\n\r\n$Exts = @('.docx','.xlsx','.pdf','.txt','.csv','.pptx','.jpg')\r\n\r\n$Names = @(\r\n  'Nominas_Q1_2026',\r\n  'Propuesta_Cliente',\r\n  'Contrato_Proveedor',\r\n  'Inventario',\r\n  'Backup_Resumen',\r\n  'Roadmap_Interno',\r\n  'Presupuesto',\r\n  'Plan_Proyecto',\r\n  'Acta_Reunion',\r\n  'Informe_Final'\r\n)\r\n\r\n# marcador de seguridad\r\nSet-Content \"$Root\\LAB_OK_DO_NOT_TOUCH.txt\" 'TFM TEC-007 SAFE LAB'\r\n\r\n# crear subcarpetas\r\nforeach ($f in $Folders) {\r\n  New-Item -ItemType Directory -Path (Join-Path $Root $f) -Force | Out-Null\r\n}\r\n\r\n# crear 1500 ficheros dummy\r\n1..1500 | ForEach-Object {\r\n  $folder = Get-Random $Folders\r\n  $name   = Get-Random $Names\r\n  $ext    = Get-Random $Exts\r\n  $file   = Join-Path (Join-Path $Root $folder) (\"{0}_{1}{2}\" -f $name, $_, $ext)\r\n\r\n  @\"\r\nDummy file for TEC-007\r\nId: $_\r\nCreated: $(Get-Date)\r\nThis is safe lab content only\r\n\"@ | Set-Content -Path $file -Encoding UTF8\r\n}\r\n\r\nWrite-Host \"OK. Dataset dummy creado en $Root\"\n\nId. de bloque de script: ae8d6823-dfa7-4a6f-a65d-f2d4f2d9245a\nRuta de acceso: C:\\Users\\seguridad\\Desktop\\TFM\\01_ACTIVE_TESTS\\Pruebas\\TEC-007_Ransomware\\crear_directorio_dummy.ps1\r\n"},"_Source":"Windows.Sigma.BaseEvents","ClientId":"C.364907172793f8c7","_ts":1783862748904}
{"Timestamp":"2026-07-12T13:25:04.413499116Z","Computer":"LT29.ait.us.es","Channel":"Microsoft-Windows-PowerShell/Operational","EID":4104,"Level":"informational","Title":"PwSh Scriptblock","RecordID":3260199,"Details":"ScriptBlock: {\r\n  $folder = Get-Random $Folders\r\n  $name   = Get-Random $Names\r\n  $ext    = Get-Random $Exts\r\n  $file   = Join-Path (Join-Path $Root $folder) (\"{0}_{1}{2}\" -f $name, $_, $ext)\r\n\r\n  @\"\r\nDummy file for TEC-007\r\nId: $_\r\nCreated: $(Get-Date)\r\nThis is safe lab content only\r\n\"@ | Set-Content -Path $file -Encoding UTF8\r\n}","_Event":{"System":{"Provider":{"Name":"Microsoft-Windows-PowerShell","Guid":"A0C1853B-5C40-4B15-8766-3CF1C58F985A"},"EventID":{"Value":4104},"Version":1,"Level":5,"Task":2,"Opcode":15,"Keywords":0,"TimeCreated":{"SystemTime":1783862704.413499},"EventRecordID":3260199,"Correlation":{"ActivityID":"F2694954-11F0-0003-259D-6EF2F011DD01"},"Execution":{"ProcessID":12076,"ThreadID":3648},"Channel":"Microsoft-Windows-PowerShell/Operational","Computer":"LT29.ait.us.es","Security":{"UserID":"S-1-5-21-2237245112-686140129-944090608-1004"}},"EventData":{"MessageNumber":1,"MessageTotal":1,"ScriptBlockText":"{\r\n  $folder = Get-Random $Folders\r\n  $name   = Get-Random $Names\r\n  $ext    = Get-Random $Exts\r\n  $file   = Join-Path (Join-Path $Root $folder) (\"{0}_{1}{2}\" -f $name, $_, $ext)\r\n\r\n  @\"\r\nDummy file for TEC-007\r\nId: $_\r\nCreated: $(Get-Date)\r\nThis is safe lab content only\r\n\"@ | Set-Content -Path $file -Encoding UTF8\r\n}","ScriptBlockId":"3f9a2bb4-2e06-47e7-819d-3552ffde7669","Path":"C:\\Users\\seguridad\\Desktop\\TFM\\01_ACTIVE_TESTS\\Pruebas\\TEC-007_Ransomware\\crear_directorio_dummy.ps1"},"Message":"Creando texto de bloque de script (1 de 1):\n{\r\n  $folder = Get-Random $Folders\r\n  $name   = Get-Random $Names\r\n  $ext    = Get-Random $Exts\r\n  $file   = Join-Path (Join-Path $Root $folder) (\"{0}_{1}{2}\" -f $name, $_, $ext)\r\n\r\n  @\"\r\nDummy file for TEC-007\r\nId: $_\r\nCreated: $(Get-Date)\r\nThis is safe lab content only\r\n\"@ | Set-Content -Path $file -Encoding UTF8\r\n}\n\nId. de bloque de script: 3f9a2bb4-2e06-47e7-819d-3552ffde7669\nRuta de acceso: C:\\Users\\seguridad\\Desktop\\TFM\\01_ACTIVE_TESTS\\Pruebas\\TEC-007_Ransomware\\crear_directorio_dummy.ps1\r\n"},"_Source":"Windows.Sigma.BaseEvents","ClientId":"C.364907172793f8c7","_ts":1783862748904}
{"Timestamp":"2026-07-12T13:25:16.760204792Z","Computer":"LT29.ait.us.es","Channel":"Microsoft-Windows-PowerShell/Operational","EID":4104,"Level":"informational","Title":"PwSh Scriptblock","RecordID":3263205,"Details":"ScriptBlock: $global:?","_Event":{"System":{"Provider":{"Name":"Microsoft-Windows-PowerShell","Guid":"A0C1853B-5C40-4B15-8766-3CF1C58F985A"},"EventID":{"Value":4104},"Version":1,"Level":5,"Task":2,"Opcode":15,"Keywords":0,"TimeCreated":{"SystemTime":1783862716.7602048},"EventRecordID":3263205,"Correlation":{"ActivityID":"F2694954-11F0-0001-5CC3-6EF2F011DD01"},"Execution":{"ProcessID":12076,"ThreadID":3648},"Channel":"Microsoft-Windows-PowerShell/Operational","Computer":"LT29.ait.us.es","Security":{"UserID":"S-1-5-21-2237245112-686140129-944090608-1004"}},"EventData":{"MessageNumber":1,"MessageTotal":1,"ScriptBlockText":"$global:?","ScriptBlockId":"4540c0b2-7df2-40b4-842a-1bfc5f428b6d","Path":""},"Message":"Creando texto de bloque de script (1 de 1):\n$global:?\n\nId. de bloque de script: 4540c0b2-7df2-40b4-842a-1bfc5f428b6d\nRuta de acceso: \r\n"},"_Source":"Windows.Sigma.BaseEvents","ClientId":"C.364907172793f8c7","_ts":1783862748904}
{"Timestamp":"2026-07-12T13:25:17.347752094Z","Computer":"LT29.ait.us.es","Channel":"Microsoft-Windows-PowerShell/Operational","EID":4104,"Level":"informational","Title":"PwSh Scriptblock","RecordID":3263221,"Details":"ScriptBlock: $Root = 'C:\\Users\\seguridad\\Desktop\\TFM\\Pruebas\\DUMB_LAB'\r\n\r\n$Folders = @(\r\n  'Finance',\r\n  'HR',\r\n  'Legal',\r\n  'Projects',\r\n  'Projects\\2026',\r\n  'Projects\\2025',\r\n  'Shared',\r\n  'Engineering',\r\n  'Backups'\r\n)\r\n\r\n$Exts = @('.docx','.xlsx','.pdf','.txt','.csv','.pptx','.jpg')\r\n\r\n$Names = @(\r\n  'Nominas_Q1_2026',\r\n  'Propuesta_Cliente',\r\n  'Contrato_Proveedor',\r\n  'Inventario',\r\n  'Backup_Resumen',\r\n  'Roadmap_Interno',\r\n  'Presupuesto',\r\n  'Plan_Proyecto',\r\n  'Acta_Reunion',\r\n  'Informe_Final'\r\n)\r\n\r\n# marcador de seguridad\r\nSet-Content \"$Root\\LAB_OK_DO_NOT_TOUCH.txt\" 'TFM TEC-007 SAFE LAB'\r\n\r\n# crear subcarpetas\r\nforeach ($f in $Folders) {\r\n  New-Item -ItemType Directory -Path (Join-Path $Root $f) -Force | Out-Null\r\n}\r\n\r\n# crear 1500 ficheros dummy\r\n1..1500 | ForEach-Object {\r\n  $folder = Get-Random $Folders\r\n  $name   = Get-Random $Names\r\n  $ext    = Get-Random $Exts\r\n  $file   = Join-Path (Join-Path $Root $folder) (\"{0}_{1}{2}\" -f $name, $_, $ext)\r\n\r\n  @\"\r\nDummy file for TEC-007\r\nId: $_\r\nCreated: $(Get-Date)\r\nThis is safe lab content only\r\n\"@ | Set-Content -Path $file -Encoding UTF8\r\n}\r\n\r\nWrite-Host \"OK. Dataset dummy creado en $Root\"","_Event":{"System":{"Provider":{"Name":"Microsoft-Windows-PowerShell","Guid":"A0C1853B-5C40-4B15-8766-3CF1C58F985A"},"EventID":{"Value":4104},"Version":1,"Level":5,"Task":2,"Opcode":15,"Keywords":0,"TimeCreated":{"SystemTime":1783862717.347752},"EventRecordID":3263221,"Correlation":{"ActivityID":"F2694954-11F0-0002-E687-6EF2F011DD01"},"Execution":{"ProcessID":5160,"ThreadID":11036},"Channel":"Microsoft-Windows-PowerShell/Operational","Computer":"LT29.ait.us.es","Security":{"UserID":"S-1-5-21-2237245112-686140129-944090608-1004"}},"EventData":{"MessageNumber":1,"MessageTotal":1,"ScriptBlockText":"$Root = 'C:\\Users\\seguridad\\Desktop\\TFM\\Pruebas\\DUMB_LAB'\r\n\r\n$Folders = @(\r\n  'Finance',\r\n  'HR',\r\n  'Legal',\r\n  'Projects',\r\n  'Projects\\2026',\r\n  'Projects\\2025',\r\n  'Shared',\r\n  'Engineering',\r\n  'Backups'\r\n)\r\n\r\n$Exts = @('.docx','.xlsx','.pdf','.txt','.csv','.pptx','.jpg')\r\n\r\n$Names = @(\r\n  'Nominas_Q1_2026',\r\n  'Propuesta_Cliente',\r\n  'Contrato_Proveedor',\r\n  'Inventario',\r\n  'Backup_Resumen',\r\n  'Roadmap_Interno',\r\n  'Presupuesto',\r\n  'Plan_Proyecto',\r\n  'Acta_Reunion',\r\n  'Informe_Final'\r\n)\r\n\r\n# marcador de seguridad\r\nSet-Content \"$Root\\LAB_OK_DO_NOT_TOUCH.txt\" 'TFM TEC-007 SAFE LAB'\r\n\r\n# crear subcarpetas\r\nforeach ($f in $Folders) {\r\n  New-Item -ItemType Directory -Path (Join-Path $Root $f) -Force | Out-Null\r\n}\r\n\r\n# crear 1500 ficheros dummy\r\n1..1500 | ForEach-Object {\r\n  $folder = Get-Random $Folders\r\n  $name   = Get-Random $Names\r\n  $ext    = Get-Random $Exts\r\n  $file   = Join-Path (Join-Path $Root $folder) (\"{0}_{1}{2}\" -f $name, $_, $ext)\r\n\r\n  @\"\r\nDummy file for TEC-007\r\nId: $_\r\nCreated: $(Get-Date)\r\nThis is safe lab content only\r\n\"@ | Set-Content -Path $file -Encoding UTF8\r\n}\r\n\r\nWrite-Host \"OK. Dataset dummy creado en $Root\"","ScriptBlockId":"e0e75fb5-89d6-477e-a854-197e1b0ace77","Path":"C:\\Users\\seguridad\\Desktop\\TFM\\01_ACTIVE_TESTS\\Pruebas\\TEC-008_Sabotaje\\crear_directorio_dummy.ps1"},"Message":"Creando texto de bloque de script (1 de 1):\n$Root = 'C:\\Users\\seguridad\\Desktop\\TFM\\Pruebas\\DUMB_LAB'\r\n\r\n$Folders = @(\r\n  'Finance',\r\n  'HR',\r\n  'Legal',\r\n  'Projects',\r\n  'Projects\\2026',\r\n  'Projects\\2025',\r\n  'Shared',\r\n  'Engineering',\r\n  'Backups'\r\n)\r\n\r\n$Exts = @('.docx','.xlsx','.pdf','.txt','.csv','.pptx','.jpg')\r\n\r\n$Names = @(\r\n  'Nominas_Q1_2026',\r\n  'Propuesta_Cliente',\r\n  'Contrato_Proveedor',\r\n  'Inventario',\r\n  'Backup_Resumen',\r\n  'Roadmap_Interno',\r\n  'Presupuesto',\r\n  'Plan_Proyecto',\r\n  'Acta_Reunion',\r\n  'Informe_Final'\r\n)\r\n\r\n# marcador de seguridad\r\nSet-Content \"$Root\\LAB_OK_DO_NOT_TOUCH.txt\" 'TFM TEC-007 SAFE LAB'\r\n\r\n# crear subcarpetas\r\nforeach ($f in $Folders) {\r\n  New-Item -ItemType Directory -Path (Join-Path $Root $f) -Force | Out-Null\r\n}\r\n\r\n# crear 1500 ficheros dummy\r\n1..1500 | ForEach-Object {\r\n  $folder = Get-Random $Folders\r\n  $name   = Get-Random $Names\r\n  $ext    = Get-Random $Exts\r\n  $file   = Join-Path (Join-Path $Root $folder) (\"{0}_{1}{2}\" -f $name, $_, $ext)\r\n\r\n  @\"\r\nDummy file for TEC-007\r\nId: $_\r\nCreated: $(Get-Date)\r\nThis is safe lab content only\r\n\"@ | Set-Content -Path $file -Encoding UTF8\r\n}\r\n\r\nWrite-Host \"OK. Dataset dummy creado en $Root\"\n\nId. de bloque de script: e0e75fb5-89d6-477e-a854-197e1b0ace77\nRuta de acceso: C:\\Users\\seguridad\\Desktop\\TFM\\01_ACTIVE_TESTS\\Pruebas\\TEC-008_Sabotaje\\crear_directorio_dummy.ps1\r\n"},"_Source":"Windows.Sigma.BaseEvents","ClientId":"C.364907172793f8c7","_ts":1783862748904}
{"Timestamp":"2026-07-12T13:25:17.441871881Z","Computer":"LT29.ait.us.es","Channel":"Microsoft-Windows-PowerShell/Operational","EID":4104,"Level":"informational","Title":"PwSh Scriptblock","RecordID":3263225,"Details":"ScriptBlock: {\r\n  $folder = Get-Random $Folders\r\n  $name   = Get-Random $Names\r\n  $ext    = Get-Random $Exts\r\n  $file   = Join-Path (Join-Path $Root $folder) (\"{0}_{1}{2}\" -f $name, $_, $ext)\r\n\r\n  @\"\r\nDummy file for TEC-007\r\nId: $_\r\nCreated: $(Get-Date)\r\nThis is safe lab content only\r\n\"@ | Set-Content -Path $file -Encoding UTF8\r\n}","_Event":{"System":{"Provider":{"Name":"Microsoft-Windows-PowerShell","Guid":"A0C1853B-5C40-4B15-8766-3CF1C58F985A"},"EventID":{"Value":4104},"Version":1,"Level":5,"Task":2,"Opcode":15,"Keywords":0,"TimeCreated":{"SystemTime":1783862717.441872},"EventRecordID":3263225,"Correlation":{"ActivityID":"F2694954-11F0-0002-F787-6EF2F011DD01"},"Execution":{"ProcessID":5160,"ThreadID":11036},"Channel":"Microsoft-Windows-PowerShell/Operational","Computer":"LT29.ait.us.es","Security":{"UserID":"S-1-5-21-2237245112-686140129-944090608-1004"}},"EventData":{"MessageNumber":1,"MessageTotal":1,"ScriptBlockText":"{\r\n  $folder = Get-Random $Folders\r\n  $name   = Get-Random $Names\r\n  $ext    = Get-Random $Exts\r\n  $file   = Join-Path (Join-Path $Root $folder) (\"{0}_{1}{2}\" -f $name, $_, $ext)\r\n\r\n  @\"\r\nDummy file for TEC-007\r\nId: $_\r\nCreated: $(Get-Date)\r\nThis is safe lab content only\r\n\"@ | Set-Content -Path $file -Encoding UTF8\r\n}","ScriptBlockId":"12c200f2-a3aa-475c-ab91-ea63cac0d61d","Path":"C:\\Users\\seguridad\\Desktop\\TFM\\01_ACTIVE_TESTS\\Pruebas\\TEC-008_Sabotaje\\crear_directorio_dummy.ps1"},"Message":"Creando texto de bloque de script (1 de 1):\n{\r\n  $folder = Get-Random $Folders\r\n  $name   = Get-Random $Names\r\n  $ext    = Get-Random $Exts\r\n  $file   = Join-Path (Join-Path $Root $folder) (\"{0}_{1}{2}\" -f $name, $_, $ext)\r\n\r\n  @\"\r\nDummy file for TEC-007\r\nId: $_\r\nCreated: $(Get-Date)\r\nThis is safe lab content only\r\n\"@ | Set-Content -Path $file -Encoding UTF8\r\n}\n\nId. de bloque de script: 12c200f2-a3aa-475c-ab91-ea63cac0d61d\nRuta de acceso: C:\\Users\\seguridad\\Desktop\\TFM\\01_ACTIVE_TESTS\\Pruebas\\TEC-008_Sabotaje\\crear_directorio_dummy.ps1\r\n"},"_Source":"Windows.Sigma.BaseEvents","ClientId":"C.364907172793f8c7","_ts":1783862748904}
{"Timestamp":"2026-07-12T13:25:04.240499258Z","Computer":"LT29.ait.us.es","Channel":"Windows PowerShell","EID":400,"Level":"informational","Title":"PwSh Engine Started","RecordID":130921,"Details":"HostApplication: powershell.exe -NoProfile -ExecutionPolicy Bypass -File C:\\Users\\seguridad\\Desktop\\TFM\\01_ACTIVE_TESTS\\Pruebas\\TEC-007_Ransomware\\crear_directorio_dummy.ps1","_Event":{"System":{"Provider":{"Name":"PowerShell"},"EventID":{"Qualifiers":0,"Value":400},"Version":0,"Level":4,"Task":4,"Opcode":0,"Keywords":36028797018963968,"TimeCreated":{"SystemTime":1783862704.2404993},"EventRecordID":130921,"Correlation":{},"Execution":{"ProcessID":0,"ThreadID":0},"Channel":"Windows PowerShell","Computer":"LT29.ait.us.es","Security":{}},"EventData":{"Data":"\tNewEngineState=Available\r\n\tPreviousEngineState=None\r\n\r\n\tSequenceNumber=13\r\n\r\n\tHostName=ConsoleHost\r\n\tHostVersion=5.1.19041.3031\r\n\tHostId=98fb3662-2444-416d-a917-d7ebfde03c42\r\n\tHostApplication=powershell.exe -NoProfile -ExecutionPolicy Bypass -File C:\\Users\\seguridad\\Desktop\\TFM\\01_ACTIVE_TESTS\\Pruebas\\TEC-007_Ransomware\\crear_directorio_dummy.ps1\r\n\tEngineVersion=5.1.19041.3031\r\n\tRunspaceId=11ea4bf5-5981-4d8e-a82f-98807b567c24\r\n\tPipelineId=\r\n\tCommandName=\r\n\tCommandType=\r\n\tScriptName=\r\n\tCommandPath=\r\n\tCommandLine=","HostApplication":"powershell.exe -NoProfile -ExecutionPolicy Bypass -File C:\\Users\\seguridad\\Desktop\\TFM\\01_ACTIVE_TESTS\\Pruebas\\TEC-007_Ransomware\\crear_directorio_dummy.ps1"},"Message":"El estado del motor ha cambiado de None a Available. \n\nDetalles: \n\tNewEngineState=Available\r\n\tPreviousEngineState=None\r\n\r\n\tSequenceNumber=13\r\n\r\n\tHostName=ConsoleHost\r\n\tHostVersion=5.1.19041.3031\r\n\tHostId=98fb3662-2444-416d-a917-d7ebfde03c42\r\n\tHostApplication=powershell.exe -NoProfile -ExecutionPolicy Bypass -File C:\\Users\\seguridad\\Desktop\\TFM\\01_ACTIVE_TESTS\\Pruebas\\TEC-007_Ransomware\\crear_directorio_dummy.ps1\r\n\tEngineVersion=5.1.19041.3031\r\n\tRunspaceId=11ea4bf5-5981-4d8e-a82f-98807b567c24\r\n\tPipelineId=\r\n\tCommandName=\r\n\tCommandType=\r\n\tScriptName=\r\n\tCommandPath=\r\n\tCommandLine=\r\n"},"_Source":"Windows.Sigma.BaseEvents","ClientId":"C.364907172793f8c7","_ts":1783862861607}
{"Timestamp":"2026-07-12T13:25:17.306625604Z","Computer":"LT29.ait.us.es","Channel":"Windows PowerShell","EID":400,"Level":"informational","Title":"PwSh Engine Started","RecordID":130929,"Details":"HostApplication: powershell.exe -NoProfile -ExecutionPolicy Bypass -File C:\\Users\\seguridad\\Desktop\\TFM\\01_ACTIVE_TESTS\\Pruebas\\TEC-008_Sabotaje\\crear_directorio_dummy.ps1","_Event":{"System":{"Provider":{"Name":"PowerShell"},"EventID":{"Qualifiers":0,"Value":400},"Version":0,"Level":4,"Task":4,"Opcode":0,"Keywords":36028797018963968,"TimeCreated":{"SystemTime":1783862717.3066256},"EventRecordID":130929,"Correlation":{},"Execution":{"ProcessID":0,"ThreadID":0},"Channel":"Windows PowerShell","Computer":"LT29.ait.us.es","Security":{}},"EventData":{"Data":"\tNewEngineState=Available\r\n\tPreviousEngineState=None\r\n\r\n\tSequenceNumber=13\r\n\r\n\tHostName=ConsoleHost\r\n\tHostVersion=5.1.19041.3031\r\n\tHostId=eb01ced4-2f2c-4c7a-92ed-90c4cd9f1d3c\r\n\tHostApplication=powershell.exe -NoProfile -ExecutionPolicy Bypass -File C:\\Users\\seguridad\\Desktop\\TFM\\01_ACTIVE_TESTS\\Pruebas\\TEC-008_Sabotaje\\crear_directorio_dummy.ps1\r\n\tEngineVersion=5.1.19041.3031\r\n\tRunspaceId=d32f0eec-f256-4535-811b-8e530a106de9\r\n\tPipelineId=\r\n\tCommandName=\r\n\tCommandType=\r\n\tScriptName=\r\n\tCommandPath=\r\n\tCommandLine=","HostApplication":"powershell.exe -NoProfile -ExecutionPolicy Bypass -File C:\\Users\\seguridad\\Desktop\\TFM\\01_ACTIVE_TESTS\\Pruebas\\TEC-008_Sabotaje\\crear_directorio_dummy.ps1"},"Message":"El estado del motor ha cambiado de None a Available. \n\nDetalles: \n\tNewEngineState=Available\r\n\tPreviousEngineState=None\r\n\r\n\tSequenceNumber=13\r\n\r\n\tHostName=ConsoleHost\r\n\tHostVersion=5.1.19041.3031\r\n\tHostId=eb01ced4-2f2c-4c7a-92ed-90c4cd9f1d3c\r\n\tHostApplication=powershell.exe -NoProfile -ExecutionPolicy Bypass -File C:\\Users\\seguridad\\Desktop\\TFM\\01_ACTIVE_TESTS\\Pruebas\\TEC-008_Sabotaje\\crear_directorio_dummy.ps1\r\n\tEngineVersion=5.1.19041.3031\r\n\tRunspaceId=d32f0eec-f256-4535-811b-8e530a106de9\r\n\tPipelineId=\r\n\tCommandName=\r\n\tCommandType=\r\n\tScriptName=\r\n\tCommandPath=\r\n\tCommandLine=\r\n"},"_Source":"Windows.Sigma.BaseEvents","ClientId":"C.364907172793f8c7","_ts":1783862861607}
{"Timestamp":"2026-07-12T13:25:31.743511915Z","Computer":"LT29.ait.us.es","Channel":"Windows PowerShell","EID":400,"Level":"informational","Title":"PwSh Engine Started","RecordID":130937,"Details":"HostApplication: powershell.exe -NoProfile -ExecutionPolicy Bypass -File C:\\Users\\seguridad\\Desktop\\TFM\\01_ACTIVE_TESTS\\Pruebas\\TEC-009_Exfiltracion\\crear_directorio_dummy.ps1","_Event":{"System":{"Provider":{"Name":"PowerShell"},"EventID":{"Qualifiers":0,"Value":400},"Version":0,"Level":4,"Task":4,"Opcode":0,"Keywords":36028797018963968,"TimeCreated":{"SystemTime":1783862731.743512},"EventRecordID":130937,"Correlation":{},"Execution":{"ProcessID":0,"ThreadID":0},"Channel":"Windows PowerShell","Computer":"LT29.ait.us.es","Security":{}},"EventData":{"Data":"\tNewEngineState=Available\r\n\tPreviousEngineState=None\r\n\r\n\tSequenceNumber=13\r\n\r\n\tHostName=ConsoleHost\r\n\tHostVersion=5.1.19041.3031\r\n\tHostId=dc1d079e-9c0e-4e75-bdae-99c47b914845\r\n\tHostApplication=powershell.exe -NoProfile -ExecutionPolicy Bypass -File C:\\Users\\seguridad\\Desktop\\TFM\\01_ACTIVE_TESTS\\Pruebas\\TEC-009_Exfiltracion\\crear_directorio_dummy.ps1\r\n\tEngineVersion=5.1.19041.3031\r\n\tRunspaceId=c79c2e29-e862-4d68-ba4e-f968f1356f77\r\n\tPipelineId=\r\n\tCommandName=\r\n\tCommandType=\r\n\tScriptName=\r\n\tCommandPath=\r\n\tCommandLine=","HostApplication":"powershell.exe -NoProfile -ExecutionPolicy Bypass -File C:\\Users\\seguridad\\Desktop\\TFM\\01_ACTIVE_TESTS\\Pruebas\\TEC-009_Exfiltracion\\crear_directorio_dummy.ps1"},"Message":"El estado del motor ha cambiado de None a Available. \n\nDetalles: \n\tNewEngineState=Available\r\n\tPreviousEngineState=None\r\n\r\n\tSequenceNumber=13\r\n\r\n\tHostName=ConsoleHost\r\n\tHostVersion=5.1.19041.3031\r\n\tHostId=dc1d079e-9c0e-4e75-bdae-99c47b914845\r\n\tHostApplication=powershell.exe -NoProfile -ExecutionPolicy Bypass -File C:\\Users\\seguridad\\Desktop\\TFM\\01_ACTIVE_TESTS\\Pruebas\\TEC-009_Exfiltracion\\crear_directorio_dummy.ps1\r\n\tEngineVersion=5.1.19041.3031\r\n\tRunspaceId=c79c2e29-e862-4d68-ba4e-f968f1356f77\r\n\tPipelineId=\r\n\tCommandName=\r\n\tCommandType=\r\n\tScriptName=\r\n\tCommandPath=\r\n\tCommandLine=\r\n"},"_Source":"Windows.Sigma.BaseEvents","ClientId":"C.364907172793f8c7","_ts":1783862861607}
