{"Timestamp":"2026-07-12T13:31:00.579060792Z","Computer":"LT29.ait.us.es","Channel":"Microsoft-Windows-PowerShell/Operational","EID":4104,"Level":"informational","Title":"PwSh Scriptblock","RecordID":3297147,"Details":"ScriptBlock: $Root = 'C:\\Users\\seguridad\\Desktop\\TFM\\Pruebas\\DUMB_LAB'\r\n\r\n$Folders = @(\r\n  'Finance',\r\n  'HR',\r\n  'Legal',\r\n  'Projects',\r\n  'Projects\\2026',\r\n  'Projects\\2025',\r\n  'Shared',\r\n  'Engineering',\r\n  'Backups'\r\n)\r\n\r\n$Exts = @('.docx','.xlsx','.pdf','.txt','.csv','.pptx','.jpg')\r\n\r\n$Names = @(\r\n  'Nominas_Q1_2026',\r\n  'Propuesta_Cliente',\r\n  'Contrato_Proveedor',\r\n  'Inventario',\r\n  'Backup_Resumen',\r\n  'Roadmap_Interno',\r\n  'Presupuesto',\r\n  'Plan_Proyecto',\r\n  'Acta_Reunion',\r\n  'Informe_Final'\r\n)\r\n\r\n# marcador de seguridad\r\nSet-Content \"$Root\\LAB_OK_DO_NOT_TOUCH.txt\" 'TFM TEC-007 SAFE LAB'\r\n\r\n# crear subcarpetas\r\nforeach ($f in $Folders) {\r\n  New-Item -ItemType Directory -Path (Join-Path $Root $f) -Force | Out-Null\r\n}\r\n\r\n# crear 1500 ficheros dummy\r\n1..1500 | ForEach-Object {\r\n  $folder = Get-Random $Folders\r\n  $name   = Get-Random $Names\r\n  $ext    = Get-Random $Exts\r\n  $file   = Join-Path (Join-Path $Root $folder) (\"{0}_{1}{2}\" -f $name, $_, $ext)\r\n\r\n  @\"\r\nDummy file for TEC-007\r\nId: $_\r\nCreated: $(Get-Date)\r\nThis is safe lab content only\r\n\"@ | Set-Content -Path $file -Encoding UTF8\r\n}\r\n\r\nWrite-Host \"OK. Dataset dummy creado en $Root\"","_Event":{"System":{"Provider":{"Name":"Microsoft-Windows-PowerShell","Guid":"A0C1853B-5C40-4B15-8766-3CF1C58F985A"},"EventID":{"Value":4104},"Version":1,"Level":5,"Task":2,"Opcode":15,"Keywords":0,"TimeCreated":{"SystemTime":1783863060.5790608},"EventRecordID":3297147,"Correlation":{"ActivityID":"F2694954-11F0-0003-D851-6FF2F011DD01"},"Execution":{"ProcessID":10072,"ThreadID":11052},"Channel":"Microsoft-Windows-PowerShell/Operational","Computer":"LT29.ait.us.es","Security":{"UserID":"S-1-5-21-2237245112-686140129-944090608-1004"}},"EventData":{"MessageNumber":1,"MessageTotal":1,"ScriptBlockText":"$Root = 'C:\\Users\\seguridad\\Desktop\\TFM\\Pruebas\\DUMB_LAB'\r\n\r\n$Folders = @(\r\n  'Finance',\r\n  'HR',\r\n  'Legal',\r\n  'Projects',\r\n  'Projects\\2026',\r\n  'Projects\\2025',\r\n  'Shared',\r\n  'Engineering',\r\n  'Backups'\r\n)\r\n\r\n$Exts = @('.docx','.xlsx','.pdf','.txt','.csv','.pptx','.jpg')\r\n\r\n$Names = @(\r\n  'Nominas_Q1_2026',\r\n  'Propuesta_Cliente',\r\n  'Contrato_Proveedor',\r\n  'Inventario',\r\n  'Backup_Resumen',\r\n  'Roadmap_Interno',\r\n  'Presupuesto',\r\n  'Plan_Proyecto',\r\n  'Acta_Reunion',\r\n  'Informe_Final'\r\n)\r\n\r\n# marcador de seguridad\r\nSet-Content \"$Root\\LAB_OK_DO_NOT_TOUCH.txt\" 'TFM TEC-007 SAFE LAB'\r\n\r\n# crear subcarpetas\r\nforeach ($f in $Folders) {\r\n  New-Item -ItemType Directory -Path (Join-Path $Root $f) -Force | Out-Null\r\n}\r\n\r\n# crear 1500 ficheros dummy\r\n1..1500 | ForEach-Object {\r\n  $folder = Get-Random $Folders\r\n  $name   = Get-Random $Names\r\n  $ext    = Get-Random $Exts\r\n  $file   = Join-Path (Join-Path $Root $folder) (\"{0}_{1}{2}\" -f $name, $_, $ext)\r\n\r\n  @\"\r\nDummy file for TEC-007\r\nId: $_\r\nCreated: $(Get-Date)\r\nThis is safe lab content only\r\n\"@ | Set-Content -Path $file -Encoding UTF8\r\n}\r\n\r\nWrite-Host \"OK. Dataset dummy creado en $Root\"","ScriptBlockId":"fcd3226d-fac6-4b6d-8646-668276426908","Path":"C:\\Users\\seguridad\\Desktop\\TFM\\01_ACTIVE_TESTS\\Pruebas\\TEC-009_Exfiltracion\\crear_directorio_dummy.ps1"},"Message":"Creando texto de bloque de script (1 de 1):\n$Root = 'C:\\Users\\seguridad\\Desktop\\TFM\\Pruebas\\DUMB_LAB'\r\n\r\n$Folders = @(\r\n  'Finance',\r\n  'HR',\r\n  'Legal',\r\n  'Projects',\r\n  'Projects\\2026',\r\n  'Projects\\2025',\r\n  'Shared',\r\n  'Engineering',\r\n  'Backups'\r\n)\r\n\r\n$Exts = @('.docx','.xlsx','.pdf','.txt','.csv','.pptx','.jpg')\r\n\r\n$Names = @(\r\n  'Nominas_Q1_2026',\r\n  'Propuesta_Cliente',\r\n  'Contrato_Proveedor',\r\n  'Inventario',\r\n  'Backup_Resumen',\r\n  'Roadmap_Interno',\r\n  'Presupuesto',\r\n  'Plan_Proyecto',\r\n  'Acta_Reunion',\r\n  'Informe_Final'\r\n)\r\n\r\n# marcador de seguridad\r\nSet-Content \"$Root\\LAB_OK_DO_NOT_TOUCH.txt\" 'TFM TEC-007 SAFE LAB'\r\n\r\n# crear subcarpetas\r\nforeach ($f in $Folders) {\r\n  New-Item -ItemType Directory -Path (Join-Path $Root $f) -Force | Out-Null\r\n}\r\n\r\n# crear 1500 ficheros dummy\r\n1..1500 | ForEach-Object {\r\n  $folder = Get-Random $Folders\r\n  $name   = Get-Random $Names\r\n  $ext    = Get-Random $Exts\r\n  $file   = Join-Path (Join-Path $Root $folder) (\"{0}_{1}{2}\" -f $name, $_, $ext)\r\n\r\n  @\"\r\nDummy file for TEC-007\r\nId: $_\r\nCreated: $(Get-Date)\r\nThis is safe lab content only\r\n\"@ | Set-Content -Path $file -Encoding UTF8\r\n}\r\n\r\nWrite-Host \"OK. Dataset dummy creado en $Root\"\n\nId. de bloque de script: fcd3226d-fac6-4b6d-8646-668276426908\nRuta de acceso: C:\\Users\\seguridad\\Desktop\\TFM\\01_ACTIVE_TESTS\\Pruebas\\TEC-009_Exfiltracion\\crear_directorio_dummy.ps1\r\n"},"_Source":"Windows.Sigma.BaseEvents","ClientId":"C.364907172793f8c7","_ts":1783863135483}
{"Timestamp":"2026-07-12T13:31:00.719393491Z","Computer":"LT29.ait.us.es","Channel":"Microsoft-Windows-PowerShell/Operational","EID":4104,"Level":"informational","Title":"PwSh Scriptblock","RecordID":3297151,"Details":"ScriptBlock: {\r\n  $folder = Get-Random $Folders\r\n  $name   = Get-Random $Names\r\n  $ext    = Get-Random $Exts\r\n  $file   = Join-Path (Join-Path $Root $folder) (\"{0}_{1}{2}\" -f $name, $_, $ext)\r\n\r\n  @\"\r\nDummy file for TEC-007\r\nId: $_\r\nCreated: $(Get-Date)\r\nThis is safe lab content only\r\n\"@ | Set-Content -Path $file -Encoding UTF8\r\n}","_Event":{"System":{"Provider":{"Name":"Microsoft-Windows-PowerShell","Guid":"A0C1853B-5C40-4B15-8766-3CF1C58F985A"},"EventID":{"Value":4104},"Version":1,"Level":5,"Task":2,"Opcode":15,"Keywords":0,"TimeCreated":{"SystemTime":1783863060.7193935},"EventRecordID":3297151,"Correlation":{"ActivityID":"F2694954-11F0-0002-5C25-6FF2F011DD01"},"Execution":{"ProcessID":10072,"ThreadID":11052},"Channel":"Microsoft-Windows-PowerShell/Operational","Computer":"LT29.ait.us.es","Security":{"UserID":"S-1-5-21-2237245112-686140129-944090608-1004"}},"EventData":{"MessageNumber":1,"MessageTotal":1,"ScriptBlockText":"{\r\n  $folder = Get-Random $Folders\r\n  $name   = Get-Random $Names\r\n  $ext    = Get-Random $Exts\r\n  $file   = Join-Path (Join-Path $Root $folder) (\"{0}_{1}{2}\" -f $name, $_, $ext)\r\n\r\n  @\"\r\nDummy file for TEC-007\r\nId: $_\r\nCreated: $(Get-Date)\r\nThis is safe lab content only\r\n\"@ | Set-Content -Path $file -Encoding UTF8\r\n}","ScriptBlockId":"06e40b85-75ff-443b-b73c-6129930fe9b9","Path":"C:\\Users\\seguridad\\Desktop\\TFM\\01_ACTIVE_TESTS\\Pruebas\\TEC-009_Exfiltracion\\crear_directorio_dummy.ps1"},"Message":"Creando texto de bloque de script (1 de 1):\n{\r\n  $folder = Get-Random $Folders\r\n  $name   = Get-Random $Names\r\n  $ext    = Get-Random $Exts\r\n  $file   = Join-Path (Join-Path $Root $folder) (\"{0}_{1}{2}\" -f $name, $_, $ext)\r\n\r\n  @\"\r\nDummy file for TEC-007\r\nId: $_\r\nCreated: $(Get-Date)\r\nThis is safe lab content only\r\n\"@ | Set-Content -Path $file -Encoding UTF8\r\n}\n\nId. de bloque de script: 06e40b85-75ff-443b-b73c-6129930fe9b9\nRuta de acceso: C:\\Users\\seguridad\\Desktop\\TFM\\01_ACTIVE_TESTS\\Pruebas\\TEC-009_Exfiltracion\\crear_directorio_dummy.ps1\r\n"},"_Source":"Windows.Sigma.BaseEvents","ClientId":"C.364907172793f8c7","_ts":1783863135483}
{"Timestamp":"2026-07-12T13:31:13.67113924Z","Computer":"LT29.ait.us.es","Channel":"Microsoft-Windows-PowerShell/Operational","EID":4104,"Level":"informational","Title":"PwSh Scriptblock","RecordID":3300157,"Details":"ScriptBlock: $global:?","_Event":{"System":{"Provider":{"Name":"Microsoft-Windows-PowerShell","Guid":"A0C1853B-5C40-4B15-8766-3CF1C58F985A"},"EventID":{"Value":4104},"Version":1,"Level":5,"Task":2,"Opcode":15,"Keywords":0,"TimeCreated":{"SystemTime":1783863073.6711392},"EventRecordID":3300157,"Correlation":{"ActivityID":"F2694954-11F0-0001-E15A-6FF2F011DD01"},"Execution":{"ProcessID":10072,"ThreadID":11052},"Channel":"Microsoft-Windows-PowerShell/Operational","Computer":"LT29.ait.us.es","Security":{"UserID":"S-1-5-21-2237245112-686140129-944090608-1004"}},"EventData":{"MessageNumber":1,"MessageTotal":1,"ScriptBlockText":"$global:?","ScriptBlockId":"62df4e0a-10a3-4a66-8ee6-e7cd66063916","Path":""},"Message":"Creando texto de bloque de script (1 de 1):\n$global:?\n\nId. de bloque de script: 62df4e0a-10a3-4a66-8ee6-e7cd66063916\nRuta de acceso: \r\n"},"_Source":"Windows.Sigma.BaseEvents","ClientId":"C.364907172793f8c7","_ts":1783863135483}
{"Timestamp":"2026-07-12T13:32:01.580779314Z","Computer":"LT29.ait.us.es","Channel":"Microsoft-Windows-Sysmon/Operational","EID":3,"Level":"medium","Title":"Net Conn (Sysmon Alert)","RecordID":105254,"Details":"Initiated: false ¦ Proto: tcp ¦ SrcIP: 0:0:0:0:0:0:0:1 ¦ SrcPort: 50974 ¦ SrcHost: LT29.ait.us.es ¦ TgtIP: 0:0:0:0:0:0:0:1 ¦ TgtPort: 8443 ¦ TgtHost: LT29.ait.us.es ¦ User: LT29\\seguridad ¦ Proc: C:\\Users\\seguridad\\Desktop\\TFM\\Velociraptor\\velociraptor-v0.75.6-windows-amd64.exe ¦ PID: 5276 ¦ PGUID: 6BC49A7D-7CD5-6A53-7102-000000009A01","_Event":{"System":{"Provider":{"Name":"Microsoft-Windows-Sysmon","Guid":"5770385F-C22A-43E0-BF4C-06F5698FFBD9"},"EventID":{"Value":3},"Version":5,"Level":4,"Task":3,"Opcode":0,"Keywords":9223372036854775808,"TimeCreated":{"SystemTime":1783863121.5807793},"EventRecordID":105254,"Correlation":{},"Execution":{"ProcessID":4652,"ThreadID":6168},"Channel":"Microsoft-Windows-Sysmon/Operational","Computer":"LT29.ait.us.es","Security":{"UserID":"S-1-5-18"}},"EventData":{"RuleName":"Usermode","UtcTime":"2026-07-12 13:32:15.302","ProcessGuid":"6BC49A7D-7CD5-6A53-7102-000000009A01","ProcessId":5276,"Image":"C:\\Users\\seguridad\\Desktop\\TFM\\Velociraptor\\velociraptor-v0.75.6-windows-amd64.exe","User":"LT29\\seguridad","Protocol":"tcp","Initiated":false,"SourceIsIpv6":true,"SourceIp":"0:0:0:0:0:0:0:1","SourceHostname":"LT29.ait.us.es","SourcePort":50974,"SourcePortName":"-","DestinationIsIpv6":true,"DestinationIp":"0:0:0:0:0:0:0:1","DestinationHostname":"LT29.ait.us.es","DestinationPort":8443,"DestinationPortName":"-"},"Message":"Network connection detected:\nRuleName: Usermode!s!\nUtcTime: 2026-07-12 13:32:15.302!s!\nProcessGuid: 6BC49A7D-7CD5-6A53-7102-000000009A01!s!\nProcessId: 5276!s!\nImage: C:\\Users\\seguridad\\Desktop\\TFM\\Velociraptor\\velociraptor-v0.75.6-windows-amd64.exe!s!\nUser: LT29\\seguridad!s!\nProtocol: tcp!s!\nInitiated: false!s!\nSourceIsIpv6: true!s!\nSourceIp: 0:0:0:0:0:0:0:1!s!\nSourceHostname: LT29.ait.us.es!s!\nSourcePort: 50974!s!\nSourcePortName: -!s!\nDestinationIsIpv6: true!s!\nDestinationIp: 0:0:0:0:0:0:0:1!s!\nDestinationHostname: LT29.ait.us.es!s!\nDestinationPort: 8443!s!\nDestinationPortName: -!s!\r\n"},"_Source":"Windows.Sigma.BaseEvents","ClientId":"C.364907172793f8c7","_ts":1783863285720}
{"Timestamp":"2026-07-12T13:32:01.58079195Z","Computer":"LT29.ait.us.es","Channel":"Microsoft-Windows-Sysmon/Operational","EID":3,"Level":"medium","Title":"Net Conn (Sysmon Alert)","RecordID":105255,"Details":"Initiated: false ¦ Proto: tcp ¦ SrcIP: 0:0:0:0:0:0:0:1 ¦ SrcPort: 50975 ¦ SrcHost: LT29.ait.us.es ¦ TgtIP: 0:0:0:0:0:0:0:1 ¦ TgtPort: 8443 ¦ TgtHost: LT29.ait.us.es ¦ User: LT29\\seguridad ¦ Proc: C:\\Users\\seguridad\\Desktop\\TFM\\Velociraptor\\velociraptor-v0.75.6-windows-amd64.exe ¦ PID: 5276 ¦ PGUID: 6BC49A7D-7CD5-6A53-7102-000000009A01","_Event":{"System":{"Provider":{"Name":"Microsoft-Windows-Sysmon","Guid":"5770385F-C22A-43E0-BF4C-06F5698FFBD9"},"EventID":{"Value":3},"Version":5,"Level":4,"Task":3,"Opcode":0,"Keywords":9223372036854775808,"TimeCreated":{"SystemTime":1783863121.580792},"EventRecordID":105255,"Correlation":{},"Execution":{"ProcessID":4652,"ThreadID":6168},"Channel":"Microsoft-Windows-Sysmon/Operational","Computer":"LT29.ait.us.es","Security":{"UserID":"S-1-5-18"}},"EventData":{"RuleName":"Usermode","UtcTime":"2026-07-12 13:32:15.309","ProcessGuid":"6BC49A7D-7CD5-6A53-7102-000000009A01","ProcessId":5276,"Image":"C:\\Users\\seguridad\\Desktop\\TFM\\Velociraptor\\velociraptor-v0.75.6-windows-amd64.exe","User":"LT29\\seguridad","Protocol":"tcp","Initiated":false,"SourceIsIpv6":true,"SourceIp":"0:0:0:0:0:0:0:1","SourceHostname":"LT29.ait.us.es","SourcePort":50975,"SourcePortName":"-","DestinationIsIpv6":true,"DestinationIp":"0:0:0:0:0:0:0:1","DestinationHostname":"LT29.ait.us.es","DestinationPort":8443,"DestinationPortName":"-"},"Message":"Network connection detected:\nRuleName: Usermode!s!\nUtcTime: 2026-07-12 13:32:15.309!s!\nProcessGuid: 6BC49A7D-7CD5-6A53-7102-000000009A01!s!\nProcessId: 5276!s!\nImage: C:\\Users\\seguridad\\Desktop\\TFM\\Velociraptor\\velociraptor-v0.75.6-windows-amd64.exe!s!\nUser: LT29\\seguridad!s!\nProtocol: tcp!s!\nInitiated: false!s!\nSourceIsIpv6: true!s!\nSourceIp: 0:0:0:0:0:0:0:1!s!\nSourceHostname: LT29.ait.us.es!s!\nSourcePort: 50975!s!\nSourcePortName: -!s!\nDestinationIsIpv6: true!s!\nDestinationIp: 0:0:0:0:0:0:0:1!s!\nDestinationHostname: LT29.ait.us.es!s!\nDestinationPort: 8443!s!\nDestinationPortName: -!s!\r\n"},"_Source":"Windows.Sigma.BaseEvents","ClientId":"C.364907172793f8c7","_ts":1783863285720}
{"Timestamp":"2026-07-12T13:22:26.725265502Z","Computer":"LT29.ait.us.es","Channel":"Microsoft-Windows-Windows Defender/Operational","EID":1117,"Level":"high","Title":"Windows Defender Threat Detected","RecordID":6286,"Details":"Antivirus de Microsoft Defender 已使用 Defender 安全情報偵測到惡意軟體或潛在的垃圾軟體，並套用安全性設定中定義的補救動作。\n如欲了解詳細資訊，請參閱以下內容:\nhttps://go.microsoft.com/fwlink/?linkid=37020\u0026name=Trojan:VBA/Killav.VD!MTB\u0026threatid=2147970558\u0026enterprise=0\n \t名稱:%bTrojan:VBA/Killav.VD!MTB\n \t識別碼:%b2147970558\n \t嚴重性:%bGrave\n \t類別:%bCaballo de Troya\n \t路徑:%bfile:_C:\\Windows\\Temp\\server_artifacts\\Server.Internal.ArtifactModification\\2026-07-12.json\n \t偵測原點:%bEquipo local\n \t偵測類型:%bConcreto\n \t偵測來源:%bProtección en tiempo real\n \t使用者:%bNT AUTHORITY\\SYSTEM\n \t流程名稱:%bC:\\Users\\seguridad\\Desktop\\TFM\\Velociraptor\\velociraptor-v0.75.6-windows-amd64.exe\n \t動作:%bCuarentena\n \t動作狀態: %bNo additional actions required\n \t錯誤碼:%b0x00000000\n \t錯誤描述:%bLa operación se completó correctamente. \n \t安全情報版本:%bAV: 1.455.102.0, AS: 1.455.102.0, NIS: 1.455.102.0\n \t引擎版本:%bAM: 1.1.26060.3008, NIS: 1.1.26060.3008\r\n","_Event":{"System":{"Provider":{"Name":"Microsoft-Windows-Windows Defender","Guid":"11CD958A-C507-4EF3-B3F2-5FD9DFBD2C78"},"EventID":{"Value":1117},"Version":0,"Level":4,"Task":0,"Opcode":0,"Keywords":9223372036854775808,"TimeCreated":{"SystemTime":1783862546.7252655},"EventRecordID":6286,"Correlation":{},"Execution":{"ProcessID":4628,"ThreadID":10852},"Channel":"Microsoft-Windows-Windows Defender/Operational","Computer":"LT29.ait.us.es","Security":{"UserID":"S-1-5-18"}},"EventData":{"Product Name":"Antivirus de Microsoft Defender","Product Version":"4.18.26060.3008","Detection ID":"{D6C64A6E-3B6D-4F86-A476-5D4124FC61B1}","Detection Time":"2026-07-12T13:20:55.892Z","Unused":"","Unused2":"","Threat ID":"2147970558","Threat Name":"Trojan:VBA/Killav.VD!MTB","Severity ID":"5","Severity Name":"Grave","Category ID":"8","Category Name":"Caballo de Troya","FWLink":"https://go.microsoft.com/fwlink/?linkid=37020\u0026name=Trojan:VBA/Killav.VD!MTB\u0026threatid=2147970558\u0026enterprise=0","Status Code":"3","Status Description":"","State":"2","Source ID":"3","Source Name":"Protección en tiempo real","Process Name":"C:\\Users\\seguridad\\Desktop\\TFM\\Velociraptor\\velociraptor-v0.75.6-windows-amd64.exe","Detection User":"LT29\\seguridad","Unused3":"","Path":"file:_C:\\Windows\\Temp\\server_artifacts\\Server.Internal.ArtifactModification\\2026-07-12.json","Origin ID":"1","Origin Name":"Equipo local","Execution ID":"1","Execution Name":"Suspendido","Type ID":"0","Type Name":"Concreto","Pre Execution Status":"0","Action ID":"2","Action Name":"Cuarentena","Unused4":"","Error Code":"0x00000000","Error Description":"La operación se completó correctamente. ","Unused5":"","Post Clean Status":"0","Additional Actions ID":"0","Additional Actions String":"No additional actions required","Remediation User":"NT AUTHORITY\\SYSTEM","Unused6":"","Security intelligence Version":"AV: 1.455.102.0, AS: 1.455.102.0, NIS: 1.455.102.0","Engine Version":"AM: 1.1.26060.3008, NIS: 1.1.26060.3008"},"Message":"Antivirus de Microsoft Defender 已使用 Defender 安全情報偵測到惡意軟體或潛在的垃圾軟體，並套用安全性設定中定義的補救動作。\n如欲了解詳細資訊，請參閱以下內容:\nhttps://go.microsoft.com/fwlink/?linkid=37020\u0026name=Trojan:VBA/Killav.VD!MTB\u0026threatid=2147970558\u0026enterprise=0\n \t名稱:%bTrojan:VBA/Killav.VD!MTB\n \t識別碼:%b2147970558\n \t嚴重性:%bGrave\n \t類別:%bCaballo de Troya\n \t路徑:%bfile:_C:\\Windows\\Temp\\server_artifacts\\Server.Internal.ArtifactModification\\2026-07-12.json\n \t偵測原點:%bEquipo local\n \t偵測類型:%bConcreto\n \t偵測來源:%bProtección en tiempo real\n \t使用者:%bNT AUTHORITY\\SYSTEM\n \t流程名稱:%bC:\\Users\\seguridad\\Desktop\\TFM\\Velociraptor\\velociraptor-v0.75.6-windows-amd64.exe\n \t動作:%bCuarentena\n \t動作狀態: %bNo additional actions required\n \t錯誤碼:%b0x00000000\n \t錯誤描述:%bLa operación se completó correctamente. \n \t安全情報版本:%bAV: 1.455.102.0, AS: 1.455.102.0, NIS: 1.455.102.0\n \t引擎版本:%bAM: 1.1.26060.3008, NIS: 1.1.26060.3008\r\n"},"_Source":"Windows.Sigma.BaseEvents","ClientId":"C.364907172793f8c7","_ts":1783863285720}
{"Timestamp":"2026-07-12T13:22:26.725265502Z","Computer":"LT29.ait.us.es","Channel":"Microsoft-Windows-Windows Defender/Operational","EID":1117,"Level":"high","Title":"Windows Defender Threat Detected","RecordID":6286,"Details":"Antivirus de Microsoft Defender 已使用 Defender 安全情報偵測到惡意軟體或潛在的垃圾軟體，並套用安全性設定中定義的補救動作。\n如欲了解詳細資訊，請參閱以下內容:\nhttps://go.microsoft.com/fwlink/?linkid=37020\u0026name=Trojan:VBA/Killav.VD!MTB\u0026threatid=2147970558\u0026enterprise=0\n \t名稱:%bTrojan:VBA/Killav.VD!MTB\n \t識別碼:%b2147970558\n \t嚴重性:%bGrave\n \t類別:%bCaballo de Troya\n \t路徑:%bfile:_C:\\Windows\\Temp\\server_artifacts\\Server.Internal.ArtifactModification\\2026-07-12.json\n \t偵測原點:%bEquipo local\n \t偵測類型:%bConcreto\n \t偵測來源:%bProtección en tiempo real\n \t使用者:%bNT AUTHORITY\\SYSTEM\n \t流程名稱:%bC:\\Users\\seguridad\\Desktop\\TFM\\Velociraptor\\velociraptor-v0.75.6-windows-amd64.exe\n \t動作:%bCuarentena\n \t動作狀態: %bNo additional actions required\n \t錯誤碼:%b0x00000000\n \t錯誤描述:%bLa operación se completó correctamente. \n \t安全情報版本:%bAV: 1.455.102.0, AS: 1.455.102.0, NIS: 1.455.102.0\n \t引擎版本:%bAM: 1.1.26060.3008, NIS: 1.1.26060.3008\r\n","_Event":{"System":{"Provider":{"Name":"Microsoft-Windows-Windows Defender","Guid":"11CD958A-C507-4EF3-B3F2-5FD9DFBD2C78"},"EventID":{"Value":1117},"Version":0,"Level":4,"Task":0,"Opcode":0,"Keywords":9223372036854775808,"TimeCreated":{"SystemTime":1783862546.7252655},"EventRecordID":6286,"Correlation":{},"Execution":{"ProcessID":4628,"ThreadID":10852},"Channel":"Microsoft-Windows-Windows Defender/Operational","Computer":"LT29.ait.us.es","Security":{"UserID":"S-1-5-18"}},"EventData":{"Product Name":"Antivirus de Microsoft Defender","Product Version":"4.18.26060.3008","Detection ID":"{D6C64A6E-3B6D-4F86-A476-5D4124FC61B1}","Detection Time":"2026-07-12T13:20:55.892Z","Unused":"","Unused2":"","Threat ID":"2147970558","Threat Name":"Trojan:VBA/Killav.VD!MTB","Severity ID":"5","Severity Name":"Grave","Category ID":"8","Category Name":"Caballo de Troya","FWLink":"https://go.microsoft.com/fwlink/?linkid=37020\u0026name=Trojan:VBA/Killav.VD!MTB\u0026threatid=2147970558\u0026enterprise=0","Status Code":"3","Status Description":"","State":"2","Source ID":"3","Source Name":"Protección en tiempo real","Process Name":"C:\\Users\\seguridad\\Desktop\\TFM\\Velociraptor\\velociraptor-v0.75.6-windows-amd64.exe","Detection User":"LT29\\seguridad","Unused3":"","Path":"file:_C:\\Windows\\Temp\\server_artifacts\\Server.Internal.ArtifactModification\\2026-07-12.json","Origin ID":"1","Origin Name":"Equipo local","Execution ID":"1","Execution Name":"Suspendido","Type ID":"0","Type Name":"Concreto","Pre Execution Status":"0","Action ID":"2","Action Name":"Cuarentena","Unused4":"","Error Code":"0x00000000","Error Description":"La operación se completó correctamente. ","Unused5":"","Post Clean Status":"0","Additional Actions ID":"0","Additional Actions String":"No additional actions required","Remediation User":"NT AUTHORITY\\SYSTEM","Unused6":"","Security intelligence Version":"AV: 1.455.102.0, AS: 1.455.102.0, NIS: 1.455.102.0","Engine Version":"AM: 1.1.26060.3008, NIS: 1.1.26060.3008"},"Message":"Antivirus de Microsoft Defender 已使用 Defender 安全情報偵測到惡意軟體或潛在的垃圾軟體，並套用安全性設定中定義的補救動作。\n如欲了解詳細資訊，請參閱以下內容:\nhttps://go.microsoft.com/fwlink/?linkid=37020\u0026name=Trojan:VBA/Killav.VD!MTB\u0026threatid=2147970558\u0026enterprise=0\n \t名稱:%bTrojan:VBA/Killav.VD!MTB\n \t識別碼:%b2147970558\n \t嚴重性:%bGrave\n \t類別:%bCaballo de Troya\n \t路徑:%bfile:_C:\\Windows\\Temp\\server_artifacts\\Server.Internal.ArtifactModification\\2026-07-12.json\n \t偵測原點:%bEquipo local\n \t偵測類型:%bConcreto\n \t偵測來源:%bProtección en tiempo real\n \t使用者:%bNT AUTHORITY\\SYSTEM\n \t流程名稱:%bC:\\Users\\seguridad\\Desktop\\TFM\\Velociraptor\\velociraptor-v0.75.6-windows-amd64.exe\n \t動作:%bCuarentena\n \t動作狀態: %bNo additional actions required\n \t錯誤碼:%b0x00000000\n \t錯誤描述:%bLa operación se completó correctamente. \n \t安全情報版本:%bAV: 1.455.102.0, AS: 1.455.102.0, NIS: 1.455.102.0\n \t引擎版本:%bAM: 1.1.26060.3008, NIS: 1.1.26060.3008\r\n"},"_Source":"Windows.Sigma.BaseEvents","ClientId":"C.364907172793f8c7","_ts":1783863285720}
{"Timestamp":"2026-07-12T13:33:27.26394248Z","Computer":"LT29.ait.us.es","Channel":"Microsoft-Windows-Sysmon/Operational","EID":3,"Level":"medium","Title":"Net Conn (Sysmon Alert)","RecordID":105260,"Details":"Initiated: false ¦ Proto: tcp ¦ SrcIP: 0:0:0:0:0:0:0:1 ¦ SrcPort: 50982 ¦ SrcHost: LT29.ait.us.es ¦ TgtIP: 0:0:0:0:0:0:0:1 ¦ TgtPort: 8443 ¦ TgtHost: LT29.ait.us.es ¦ User: LT29\\seguridad ¦ Proc: C:\\Users\\seguridad\\Desktop\\TFM\\Velociraptor\\velociraptor-v0.75.6-windows-amd64.exe ¦ PID: 5276 ¦ PGUID: 6BC49A7D-7CD5-6A53-7102-000000009A01","_Event":{"System":{"Provider":{"Name":"Microsoft-Windows-Sysmon","Guid":"5770385F-C22A-43E0-BF4C-06F5698FFBD9"},"EventID":{"Value":3},"Version":5,"Level":4,"Task":3,"Opcode":0,"Keywords":9223372036854775808,"TimeCreated":{"SystemTime":1783863207.2639425},"EventRecordID":105260,"Correlation":{},"Execution":{"ProcessID":4652,"ThreadID":6168},"Channel":"Microsoft-Windows-Sysmon/Operational","Computer":"LT29.ait.us.es","Security":{"UserID":"S-1-5-18"}},"EventData":{"RuleName":"Usermode","UtcTime":"2026-07-12 13:33:29.346","ProcessGuid":"6BC49A7D-7CD5-6A53-7102-000000009A01","ProcessId":5276,"Image":"C:\\Users\\seguridad\\Desktop\\TFM\\Velociraptor\\velociraptor-v0.75.6-windows-amd64.exe","User":"LT29\\seguridad","Protocol":"tcp","Initiated":false,"SourceIsIpv6":true,"SourceIp":"0:0:0:0:0:0:0:1","SourceHostname":"LT29.ait.us.es","SourcePort":50982,"SourcePortName":"-","DestinationIsIpv6":true,"DestinationIp":"0:0:0:0:0:0:0:1","DestinationHostname":"LT29.ait.us.es","DestinationPort":8443,"DestinationPortName":"-"},"Message":"Network connection detected:\nRuleName: Usermode!s!\nUtcTime: 2026-07-12 13:33:29.346!s!\nProcessGuid: 6BC49A7D-7CD5-6A53-7102-000000009A01!s!\nProcessId: 5276!s!\nImage: C:\\Users\\seguridad\\Desktop\\TFM\\Velociraptor\\velociraptor-v0.75.6-windows-amd64.exe!s!\nUser: LT29\\seguridad!s!\nProtocol: tcp!s!\nInitiated: false!s!\nSourceIsIpv6: true!s!\nSourceIp: 0:0:0:0:0:0:0:1!s!\nSourceHostname: LT29.ait.us.es!s!\nSourcePort: 50982!s!\nSourcePortName: -!s!\nDestinationIsIpv6: true!s!\nDestinationIp: 0:0:0:0:0:0:0:1!s!\nDestinationHostname: LT29.ait.us.es!s!\nDestinationPort: 8443!s!\nDestinationPortName: -!s!\r\n"},"_Source":"Windows.Sigma.BaseEvents","ClientId":"C.364907172793f8c7","_ts":1783863285720}
{"Timestamp":"2026-07-12T13:33:27.263913631Z","Computer":"LT29.ait.us.es","Channel":"Microsoft-Windows-Sysmon/Operational","EID":3,"Level":"medium","Title":"Net Conn (Sysmon Alert)","RecordID":105259,"Details":"Initiated: false ¦ Proto: tcp ¦ SrcIP: 0:0:0:0:0:0:0:1 ¦ SrcPort: 50981 ¦ SrcHost: LT29.ait.us.es ¦ TgtIP: 0:0:0:0:0:0:0:1 ¦ TgtPort: 8443 ¦ TgtHost: LT29.ait.us.es ¦ User: LT29\\seguridad ¦ Proc: C:\\Users\\seguridad\\Desktop\\TFM\\Velociraptor\\velociraptor-v0.75.6-windows-amd64.exe ¦ PID: 5276 ¦ PGUID: 6BC49A7D-7CD5-6A53-7102-000000009A01","_Event":{"System":{"Provider":{"Name":"Microsoft-Windows-Sysmon","Guid":"5770385F-C22A-43E0-BF4C-06F5698FFBD9"},"EventID":{"Value":3},"Version":5,"Level":4,"Task":3,"Opcode":0,"Keywords":9223372036854775808,"TimeCreated":{"SystemTime":1783863207.2639136},"EventRecordID":105259,"Correlation":{},"Execution":{"ProcessID":4652,"ThreadID":6168},"Channel":"Microsoft-Windows-Sysmon/Operational","Computer":"LT29.ait.us.es","Security":{"UserID":"S-1-5-18"}},"EventData":{"RuleName":"Usermode","UtcTime":"2026-07-12 13:33:29.334","ProcessGuid":"6BC49A7D-7CD5-6A53-7102-000000009A01","ProcessId":5276,"Image":"C:\\Users\\seguridad\\Desktop\\TFM\\Velociraptor\\velociraptor-v0.75.6-windows-amd64.exe","User":"LT29\\seguridad","Protocol":"tcp","Initiated":false,"SourceIsIpv6":true,"SourceIp":"0:0:0:0:0:0:0:1","SourceHostname":"LT29.ait.us.es","SourcePort":50981,"SourcePortName":"-","DestinationIsIpv6":true,"DestinationIp":"0:0:0:0:0:0:0:1","DestinationHostname":"LT29.ait.us.es","DestinationPort":8443,"DestinationPortName":"-"},"Message":"Network connection detected:\nRuleName: Usermode!s!\nUtcTime: 2026-07-12 13:33:29.334!s!\nProcessGuid: 6BC49A7D-7CD5-6A53-7102-000000009A01!s!\nProcessId: 5276!s!\nImage: C:\\Users\\seguridad\\Desktop\\TFM\\Velociraptor\\velociraptor-v0.75.6-windows-amd64.exe!s!\nUser: LT29\\seguridad!s!\nProtocol: tcp!s!\nInitiated: false!s!\nSourceIsIpv6: true!s!\nSourceIp: 0:0:0:0:0:0:0:1!s!\nSourceHostname: LT29.ait.us.es!s!\nSourcePort: 50981!s!\nSourcePortName: -!s!\nDestinationIsIpv6: true!s!\nDestinationIp: 0:0:0:0:0:0:0:1!s!\nDestinationHostname: LT29.ait.us.es!s!\nDestinationPort: 8443!s!\nDestinationPortName: -!s!\r\n"},"_Source":"Windows.Sigma.BaseEvents","ClientId":"C.364907172793f8c7","_ts":1783863285720}
{"Timestamp":"2026-07-12T13:32:01.58079195Z","Computer":"LT29.ait.us.es","Channel":"Microsoft-Windows-Sysmon/Operational","EID":3,"Level":"medium","Title":"Net Conn (Sysmon Alert)","RecordID":105255,"Details":"Initiated: false ¦ Proto: tcp ¦ SrcIP: 0:0:0:0:0:0:0:1 ¦ SrcPort: 50975 ¦ SrcHost: LT29.ait.us.es ¦ TgtIP: 0:0:0:0:0:0:0:1 ¦ TgtPort: 8443 ¦ TgtHost: LT29.ait.us.es ¦ User: LT29\\seguridad ¦ Proc: C:\\Users\\seguridad\\Desktop\\TFM\\Velociraptor\\velociraptor-v0.75.6-windows-amd64.exe ¦ PID: 5276 ¦ PGUID: 6BC49A7D-7CD5-6A53-7102-000000009A01","_Event":{"System":{"Provider":{"Name":"Microsoft-Windows-Sysmon","Guid":"5770385F-C22A-43E0-BF4C-06F5698FFBD9"},"EventID":{"Value":3},"Version":5,"Level":4,"Task":3,"Opcode":0,"Keywords":9223372036854775808,"TimeCreated":{"SystemTime":1783863121.580792},"EventRecordID":105255,"Correlation":{},"Execution":{"ProcessID":4652,"ThreadID":6168},"Channel":"Microsoft-Windows-Sysmon/Operational","Computer":"LT29.ait.us.es","Security":{"UserID":"S-1-5-18"}},"EventData":{"RuleName":"Usermode","UtcTime":"2026-07-12 13:32:15.309","ProcessGuid":"6BC49A7D-7CD5-6A53-7102-000000009A01","ProcessId":5276,"Image":"C:\\Users\\seguridad\\Desktop\\TFM\\Velociraptor\\velociraptor-v0.75.6-windows-amd64.exe","User":"LT29\\seguridad","Protocol":"tcp","Initiated":false,"SourceIsIpv6":true,"SourceIp":"0:0:0:0:0:0:0:1","SourceHostname":"LT29.ait.us.es","SourcePort":50975,"SourcePortName":"-","DestinationIsIpv6":true,"DestinationIp":"0:0:0:0:0:0:0:1","DestinationHostname":"LT29.ait.us.es","DestinationPort":8443,"DestinationPortName":"-"},"Message":"Network connection detected:\nRuleName: Usermode!s!\nUtcTime: 2026-07-12 13:32:15.309!s!\nProcessGuid: 6BC49A7D-7CD5-6A53-7102-000000009A01!s!\nProcessId: 5276!s!\nImage: C:\\Users\\seguridad\\Desktop\\TFM\\Velociraptor\\velociraptor-v0.75.6-windows-amd64.exe!s!\nUser: LT29\\seguridad!s!\nProtocol: tcp!s!\nInitiated: false!s!\nSourceIsIpv6: true!s!\nSourceIp: 0:0:0:0:0:0:0:1!s!\nSourceHostname: LT29.ait.us.es!s!\nSourcePort: 50975!s!\nSourcePortName: -!s!\nDestinationIsIpv6: true!s!\nDestinationIp: 0:0:0:0:0:0:0:1!s!\nDestinationHostname: LT29.ait.us.es!s!\nDestinationPort: 8443!s!\nDestinationPortName: -!s!\r\n"},"_Source":"Windows.Sigma.BaseEvents","ClientId":"C.364907172793f8c7","_ts":1783863285720}
{"Timestamp":"2026-07-12T13:33:04.352920055Z","Computer":"LT29.ait.us.es","Channel":"Microsoft-Windows-PowerShell/Operational","EID":4104,"Level":"informational","Title":"PwSh Scriptblock","RecordID":3300318,"Details":"ScriptBlock: prompt","_Event":{"System":{"Provider":{"Name":"Microsoft-Windows-PowerShell","Guid":"A0C1853B-5C40-4B15-8766-3CF1C58F985A"},"EventID":{"Value":4104},"Version":1,"Level":5,"Task":2,"Opcode":15,"Keywords":0,"TimeCreated":{"SystemTime":1783863184.35292},"EventRecordID":3300318,"Correlation":{"ActivityID":"F2694954-11F0-0003-DA62-6FF2F011DD01"},"Execution":{"ProcessID":12104,"ThreadID":11372},"Channel":"Microsoft-Windows-PowerShell/Operational","Computer":"LT29.ait.us.es","Security":{"UserID":"S-1-5-21-2237245112-686140129-944090608-1004"}},"EventData":{"MessageNumber":1,"MessageTotal":1,"ScriptBlockText":"prompt","ScriptBlockId":"e977908f-4ac8-4a8f-aef7-18b7b35dc974","Path":""},"Message":"Creando texto de bloque de script (1 de 1):\nprompt\n\nId. de bloque de script: e977908f-4ac8-4a8f-aef7-18b7b35dc974\nRuta de acceso: \r\n"},"_Source":"Windows.Sigma.BaseEvents","ClientId":"C.364907172793f8c7","_ts":1783863285720}
{"Timestamp":"2026-07-12T13:34:53.666897535Z","Computer":"LT29.ait.us.es","Channel":"Microsoft-Windows-Sysmon/Operational","EID":3,"Level":"medium","Title":"Net Conn (Sysmon Alert)","RecordID":105261,"Details":"Initiated: false ¦ Proto: tcp ¦ SrcIP: 0:0:0:0:0:0:0:1 ¦ SrcPort: 50987 ¦ SrcHost: LT29.ait.us.es ¦ TgtIP: 0:0:0:0:0:0:0:1 ¦ TgtPort: 8443 ¦ TgtHost: LT29.ait.us.es ¦ User: LT29\\seguridad ¦ Proc: C:\\Users\\seguridad\\Desktop\\TFM\\Velociraptor\\velociraptor-v0.75.6-windows-amd64.exe ¦ PID: 5276 ¦ PGUID: 6BC49A7D-7CD5-6A53-7102-000000009A01","_Event":{"System":{"Provider":{"Name":"Microsoft-Windows-Sysmon","Guid":"5770385F-C22A-43E0-BF4C-06F5698FFBD9"},"EventID":{"Value":3},"Version":5,"Level":4,"Task":3,"Opcode":0,"Keywords":9223372036854775808,"TimeCreated":{"SystemTime":1783863293.6668975},"EventRecordID":105261,"Correlation":{},"Execution":{"ProcessID":4652,"ThreadID":6168},"Channel":"Microsoft-Windows-Sysmon/Operational","Computer":"LT29.ait.us.es","Security":{"UserID":"S-1-5-18"}},"EventData":{"RuleName":"Usermode","UtcTime":"2026-07-12 13:34:54.366","ProcessGuid":"6BC49A7D-7CD5-6A53-7102-000000009A01","ProcessId":5276,"Image":"C:\\Users\\seguridad\\Desktop\\TFM\\Velociraptor\\velociraptor-v0.75.6-windows-amd64.exe","User":"LT29\\seguridad","Protocol":"tcp","Initiated":false,"SourceIsIpv6":true,"SourceIp":"0:0:0:0:0:0:0:1","SourceHostname":"LT29.ait.us.es","SourcePort":50987,"SourcePortName":"-","DestinationIsIpv6":true,"DestinationIp":"0:0:0:0:0:0:0:1","DestinationHostname":"LT29.ait.us.es","DestinationPort":8443,"DestinationPortName":"-"},"Message":"Network connection detected:\nRuleName: Usermode!s!\nUtcTime: 2026-07-12 13:34:54.366!s!\nProcessGuid: 6BC49A7D-7CD5-6A53-7102-000000009A01!s!\nProcessId: 5276!s!\nImage: C:\\Users\\seguridad\\Desktop\\TFM\\Velociraptor\\velociraptor-v0.75.6-windows-amd64.exe!s!\nUser: LT29\\seguridad!s!\nProtocol: tcp!s!\nInitiated: false!s!\nSourceIsIpv6: true!s!\nSourceIp: 0:0:0:0:0:0:0:1!s!\nSourceHostname: LT29.ait.us.es!s!\nSourcePort: 50987!s!\nSourcePortName: -!s!\nDestinationIsIpv6: true!s!\nDestinationIp: 0:0:0:0:0:0:0:1!s!\nDestinationHostname: LT29.ait.us.es!s!\nDestinationPort: 8443!s!\nDestinationPortName: -!s!\r\n"},"_Source":"Windows.Sigma.BaseEvents","ClientId":"C.364907172793f8c7","_ts":1783863382306}
{"Timestamp":"2026-07-12T13:34:54.538739204Z","Computer":"LT29.ait.us.es","Channel":"Microsoft-Windows-Sysmon/Operational","EID":3,"Level":"medium","Title":"Net Conn (Sysmon Alert)","RecordID":105262,"Details":"Initiated: false ¦ Proto: tcp ¦ SrcIP: 0:0:0:0:0:0:0:1 ¦ SrcPort: 50988 ¦ SrcHost: LT29.ait.us.es ¦ TgtIP: 0:0:0:0:0:0:0:1 ¦ TgtPort: 8443 ¦ TgtHost: LT29.ait.us.es ¦ User: LT29\\seguridad ¦ Proc: C:\\Users\\seguridad\\Desktop\\TFM\\Velociraptor\\velociraptor-v0.75.6-windows-amd64.exe ¦ PID: 5276 ¦ PGUID: 6BC49A7D-7CD5-6A53-7102-000000009A01","_Event":{"System":{"Provider":{"Name":"Microsoft-Windows-Sysmon","Guid":"5770385F-C22A-43E0-BF4C-06F5698FFBD9"},"EventID":{"Value":3},"Version":5,"Level":4,"Task":3,"Opcode":0,"Keywords":9223372036854775808,"TimeCreated":{"SystemTime":1783863294.5387392},"EventRecordID":105262,"Correlation":{},"Execution":{"ProcessID":4652,"ThreadID":6168},"Channel":"Microsoft-Windows-Sysmon/Operational","Computer":"LT29.ait.us.es","Security":{"UserID":"S-1-5-18"}},"EventData":{"RuleName":"Usermode","UtcTime":"2026-07-12 13:34:54.388","ProcessGuid":"6BC49A7D-7CD5-6A53-7102-000000009A01","ProcessId":5276,"Image":"C:\\Users\\seguridad\\Desktop\\TFM\\Velociraptor\\velociraptor-v0.75.6-windows-amd64.exe","User":"LT29\\seguridad","Protocol":"tcp","Initiated":false,"SourceIsIpv6":true,"SourceIp":"0:0:0:0:0:0:0:1","SourceHostname":"LT29.ait.us.es","SourcePort":50988,"SourcePortName":"-","DestinationIsIpv6":true,"DestinationIp":"0:0:0:0:0:0:0:1","DestinationHostname":"LT29.ait.us.es","DestinationPort":8443,"DestinationPortName":"-"},"Message":"Network connection detected:\nRuleName: Usermode!s!\nUtcTime: 2026-07-12 13:34:54.388!s!\nProcessGuid: 6BC49A7D-7CD5-6A53-7102-000000009A01!s!\nProcessId: 5276!s!\nImage: C:\\Users\\seguridad\\Desktop\\TFM\\Velociraptor\\velociraptor-v0.75.6-windows-amd64.exe!s!\nUser: LT29\\seguridad!s!\nProtocol: tcp!s!\nInitiated: false!s!\nSourceIsIpv6: true!s!\nSourceIp: 0:0:0:0:0:0:0:1!s!\nSourceHostname: LT29.ait.us.es!s!\nSourcePort: 50988!s!\nSourcePortName: -!s!\nDestinationIsIpv6: true!s!\nDestinationIp: 0:0:0:0:0:0:0:1!s!\nDestinationHostname: LT29.ait.us.es!s!\nDestinationPort: 8443!s!\nDestinationPortName: -!s!\r\n"},"_Source":"Windows.Sigma.BaseEvents","ClientId":"C.364907172793f8c7","_ts":1783863382306}
{"Timestamp":"2026-07-12T13:33:27.26394248Z","Computer":"LT29.ait.us.es","Channel":"Microsoft-Windows-Sysmon/Operational","EID":3,"Level":"medium","Title":"Net Conn (Sysmon Alert)","RecordID":105260,"Details":"Initiated: false ¦ Proto: tcp ¦ SrcIP: 0:0:0:0:0:0:0:1 ¦ SrcPort: 50982 ¦ SrcHost: LT29.ait.us.es ¦ TgtIP: 0:0:0:0:0:0:0:1 ¦ TgtPort: 8443 ¦ TgtHost: LT29.ait.us.es ¦ User: LT29\\seguridad ¦ Proc: C:\\Users\\seguridad\\Desktop\\TFM\\Velociraptor\\velociraptor-v0.75.6-windows-amd64.exe ¦ PID: 5276 ¦ PGUID: 6BC49A7D-7CD5-6A53-7102-000000009A01","_Event":{"System":{"Provider":{"Name":"Microsoft-Windows-Sysmon","Guid":"5770385F-C22A-43E0-BF4C-06F5698FFBD9"},"EventID":{"Value":3},"Version":5,"Level":4,"Task":3,"Opcode":0,"Keywords":9223372036854775808,"TimeCreated":{"SystemTime":1783863207.2639425},"EventRecordID":105260,"Correlation":{},"Execution":{"ProcessID":4652,"ThreadID":6168},"Channel":"Microsoft-Windows-Sysmon/Operational","Computer":"LT29.ait.us.es","Security":{"UserID":"S-1-5-18"}},"EventData":{"RuleName":"Usermode","UtcTime":"2026-07-12 13:33:29.346","ProcessGuid":"6BC49A7D-7CD5-6A53-7102-000000009A01","ProcessId":5276,"Image":"C:\\Users\\seguridad\\Desktop\\TFM\\Velociraptor\\velociraptor-v0.75.6-windows-amd64.exe","User":"LT29\\seguridad","Protocol":"tcp","Initiated":false,"SourceIsIpv6":true,"SourceIp":"0:0:0:0:0:0:0:1","SourceHostname":"LT29.ait.us.es","SourcePort":50982,"SourcePortName":"-","DestinationIsIpv6":true,"DestinationIp":"0:0:0:0:0:0:0:1","DestinationHostname":"LT29.ait.us.es","DestinationPort":8443,"DestinationPortName":"-"},"Message":"Network connection detected:\nRuleName: Usermode!s!\nUtcTime: 2026-07-12 13:33:29.346!s!\nProcessGuid: 6BC49A7D-7CD5-6A53-7102-000000009A01!s!\nProcessId: 5276!s!\nImage: C:\\Users\\seguridad\\Desktop\\TFM\\Velociraptor\\velociraptor-v0.75.6-windows-amd64.exe!s!\nUser: LT29\\seguridad!s!\nProtocol: tcp!s!\nInitiated: false!s!\nSourceIsIpv6: true!s!\nSourceIp: 0:0:0:0:0:0:0:1!s!\nSourceHostname: LT29.ait.us.es!s!\nSourcePort: 50982!s!\nSourcePortName: -!s!\nDestinationIsIpv6: true!s!\nDestinationIp: 0:0:0:0:0:0:0:1!s!\nDestinationHostname: LT29.ait.us.es!s!\nDestinationPort: 8443!s!\nDestinationPortName: -!s!\r\n"},"_Source":"Windows.Sigma.BaseEvents","ClientId":"C.364907172793f8c7","_ts":1783863382306}
{"Timestamp":"2026-07-12T13:34:54.538739204Z","Computer":"LT29.ait.us.es","Channel":"Microsoft-Windows-Sysmon/Operational","EID":3,"Level":"medium","Title":"Net Conn (Sysmon Alert)","RecordID":105262,"Details":"Initiated: false ¦ Proto: tcp ¦ SrcIP: 0:0:0:0:0:0:0:1 ¦ SrcPort: 50988 ¦ SrcHost: LT29.ait.us.es ¦ TgtIP: 0:0:0:0:0:0:0:1 ¦ TgtPort: 8443 ¦ TgtHost: LT29.ait.us.es ¦ User: LT29\\seguridad ¦ Proc: C:\\Users\\seguridad\\Desktop\\TFM\\Velociraptor\\velociraptor-v0.75.6-windows-amd64.exe ¦ PID: 5276 ¦ PGUID: 6BC49A7D-7CD5-6A53-7102-000000009A01","_Event":{"System":{"Provider":{"Name":"Microsoft-Windows-Sysmon","Guid":"5770385F-C22A-43E0-BF4C-06F5698FFBD9"},"EventID":{"Value":3},"Version":5,"Level":4,"Task":3,"Opcode":0,"Keywords":9223372036854775808,"TimeCreated":{"SystemTime":1783863294.5387392},"EventRecordID":105262,"Correlation":{},"Execution":{"ProcessID":4652,"ThreadID":6168},"Channel":"Microsoft-Windows-Sysmon/Operational","Computer":"LT29.ait.us.es","Security":{"UserID":"S-1-5-18"}},"EventData":{"RuleName":"Usermode","UtcTime":"2026-07-12 13:34:54.388","ProcessGuid":"6BC49A7D-7CD5-6A53-7102-000000009A01","ProcessId":5276,"Image":"C:\\Users\\seguridad\\Desktop\\TFM\\Velociraptor\\velociraptor-v0.75.6-windows-amd64.exe","User":"LT29\\seguridad","Protocol":"tcp","Initiated":false,"SourceIsIpv6":true,"SourceIp":"0:0:0:0:0:0:0:1","SourceHostname":"LT29.ait.us.es","SourcePort":50988,"SourcePortName":"-","DestinationIsIpv6":true,"DestinationIp":"0:0:0:0:0:0:0:1","DestinationHostname":"LT29.ait.us.es","DestinationPort":8443,"DestinationPortName":"-"},"Message":"Network connection detected:\nRuleName: Usermode!s!\nUtcTime: 2026-07-12 13:34:54.388!s!\nProcessGuid: 6BC49A7D-7CD5-6A53-7102-000000009A01!s!\nProcessId: 5276!s!\nImage: C:\\Users\\seguridad\\Desktop\\TFM\\Velociraptor\\velociraptor-v0.75.6-windows-amd64.exe!s!\nUser: LT29\\seguridad!s!\nProtocol: tcp!s!\nInitiated: false!s!\nSourceIsIpv6: true!s!\nSourceIp: 0:0:0:0:0:0:0:1!s!\nSourceHostname: LT29.ait.us.es!s!\nSourcePort: 50988!s!\nSourcePortName: -!s!\nDestinationIsIpv6: true!s!\nDestinationIp: 0:0:0:0:0:0:0:1!s!\nDestinationHostname: LT29.ait.us.es!s!\nDestinationPort: 8443!s!\nDestinationPortName: -!s!\r\n"},"_Source":"Windows.Sigma.BaseEvents","ClientId":"C.364907172793f8c7","_ts":1783863550099}
{"Timestamp":"2026-07-12T13:35:29.758558511Z","Computer":"LT29.ait.us.es","Channel":"Microsoft-Windows-Sysmon/Operational","EID":3,"Level":"medium","Title":"Net Conn (Sysmon Alert)","RecordID":105266,"Details":"Initiated: false ¦ Proto: tcp ¦ SrcIP: 0:0:0:0:0:0:0:1 ¦ SrcPort: 50992 ¦ SrcHost: LT29.ait.us.es ¦ TgtIP: 0:0:0:0:0:0:0:1 ¦ TgtPort: 8443 ¦ TgtHost: LT29.ait.us.es ¦ User: LT29\\seguridad ¦ Proc: C:\\Users\\seguridad\\Desktop\\TFM\\Velociraptor\\velociraptor-v0.75.6-windows-amd64.exe ¦ PID: 5276 ¦ PGUID: 6BC49A7D-7CD5-6A53-7102-000000009A01","_Event":{"System":{"Provider":{"Name":"Microsoft-Windows-Sysmon","Guid":"5770385F-C22A-43E0-BF4C-06F5698FFBD9"},"EventID":{"Value":3},"Version":5,"Level":4,"Task":3,"Opcode":0,"Keywords":9223372036854775808,"TimeCreated":{"SystemTime":1783863329.7585585},"EventRecordID":105266,"Correlation":{},"Execution":{"ProcessID":4652,"ThreadID":6168},"Channel":"Microsoft-Windows-Sysmon/Operational","Computer":"LT29.ait.us.es","Security":{"UserID":"S-1-5-18"}},"EventData":{"RuleName":"Usermode","UtcTime":"2026-07-12 13:35:57.406","ProcessGuid":"6BC49A7D-7CD5-6A53-7102-000000009A01","ProcessId":5276,"Image":"C:\\Users\\seguridad\\Desktop\\TFM\\Velociraptor\\velociraptor-v0.75.6-windows-amd64.exe","User":"LT29\\seguridad","Protocol":"tcp","Initiated":false,"SourceIsIpv6":true,"SourceIp":"0:0:0:0:0:0:0:1","SourceHostname":"LT29.ait.us.es","SourcePort":50992,"SourcePortName":"-","DestinationIsIpv6":true,"DestinationIp":"0:0:0:0:0:0:0:1","DestinationHostname":"LT29.ait.us.es","DestinationPort":8443,"DestinationPortName":"-"},"Message":"Network connection detected:\nRuleName: Usermode!s!\nUtcTime: 2026-07-12 13:35:57.406!s!\nProcessGuid: 6BC49A7D-7CD5-6A53-7102-000000009A01!s!\nProcessId: 5276!s!\nImage: C:\\Users\\seguridad\\Desktop\\TFM\\Velociraptor\\velociraptor-v0.75.6-windows-amd64.exe!s!\nUser: LT29\\seguridad!s!\nProtocol: tcp!s!\nInitiated: false!s!\nSourceIsIpv6: true!s!\nSourceIp: 0:0:0:0:0:0:0:1!s!\nSourceHostname: LT29.ait.us.es!s!\nSourcePort: 50992!s!\nSourcePortName: -!s!\nDestinationIsIpv6: true!s!\nDestinationIp: 0:0:0:0:0:0:0:1!s!\nDestinationHostname: LT29.ait.us.es!s!\nDestinationPort: 8443!s!\nDestinationPortName: -!s!\r\n"},"_Source":"Windows.Sigma.BaseEvents","ClientId":"C.364907172793f8c7","_ts":1783863550099}
{"Timestamp":"2026-07-12T13:35:31.192660808Z","Computer":"LT29.ait.us.es","Channel":"Microsoft-Windows-Sysmon/Operational","EID":3,"Level":"medium","Title":"Net Conn (Sysmon Alert)","RecordID":105267,"Details":"Initiated: false ¦ Proto: tcp ¦ SrcIP: 0:0:0:0:0:0:0:1 ¦ SrcPort: 50993 ¦ SrcHost: LT29.ait.us.es ¦ TgtIP: 0:0:0:0:0:0:0:1 ¦ TgtPort: 8443 ¦ TgtHost: LT29.ait.us.es ¦ User: LT29\\seguridad ¦ Proc: C:\\Users\\seguridad\\Desktop\\TFM\\Velociraptor\\velociraptor-v0.75.6-windows-amd64.exe ¦ PID: 5276 ¦ PGUID: 6BC49A7D-7CD5-6A53-7102-000000009A01","_Event":{"System":{"Provider":{"Name":"Microsoft-Windows-Sysmon","Guid":"5770385F-C22A-43E0-BF4C-06F5698FFBD9"},"EventID":{"Value":3},"Version":5,"Level":4,"Task":3,"Opcode":0,"Keywords":9223372036854775808,"TimeCreated":{"SystemTime":1783863331.1926608},"EventRecordID":105267,"Correlation":{},"Execution":{"ProcessID":4652,"ThreadID":6168},"Channel":"Microsoft-Windows-Sysmon/Operational","Computer":"LT29.ait.us.es","Security":{"UserID":"S-1-5-18"}},"EventData":{"RuleName":"Usermode","UtcTime":"2026-07-12 13:35:57.419","ProcessGuid":"6BC49A7D-7CD5-6A53-7102-000000009A01","ProcessId":5276,"Image":"C:\\Users\\seguridad\\Desktop\\TFM\\Velociraptor\\velociraptor-v0.75.6-windows-amd64.exe","User":"LT29\\seguridad","Protocol":"tcp","Initiated":false,"SourceIsIpv6":true,"SourceIp":"0:0:0:0:0:0:0:1","SourceHostname":"LT29.ait.us.es","SourcePort":50993,"SourcePortName":"-","DestinationIsIpv6":true,"DestinationIp":"0:0:0:0:0:0:0:1","DestinationHostname":"LT29.ait.us.es","DestinationPort":8443,"DestinationPortName":"-"},"Message":"Network connection detected:\nRuleName: Usermode!s!\nUtcTime: 2026-07-12 13:35:57.419!s!\nProcessGuid: 6BC49A7D-7CD5-6A53-7102-000000009A01!s!\nProcessId: 5276!s!\nImage: C:\\Users\\seguridad\\Desktop\\TFM\\Velociraptor\\velociraptor-v0.75.6-windows-amd64.exe!s!\nUser: LT29\\seguridad!s!\nProtocol: tcp!s!\nInitiated: false!s!\nSourceIsIpv6: true!s!\nSourceIp: 0:0:0:0:0:0:0:1!s!\nSourceHostname: LT29.ait.us.es!s!\nSourcePort: 50993!s!\nSourcePortName: -!s!\nDestinationIsIpv6: true!s!\nDestinationIp: 0:0:0:0:0:0:0:1!s!\nDestinationHostname: LT29.ait.us.es!s!\nDestinationPort: 8443!s!\nDestinationPortName: -!s!\r\n"},"_Source":"Windows.Sigma.BaseEvents","ClientId":"C.364907172793f8c7","_ts":1783863550099}
{"Timestamp":"2026-07-12T13:36:30.681052684Z","Computer":"LT29.ait.us.es","Channel":"Microsoft-Windows-Sysmon/Operational","EID":3,"Level":"medium","Title":"Net Conn (Sysmon Alert)","RecordID":105270,"Details":"Initiated: false ¦ Proto: tcp ¦ SrcIP: 0:0:0:0:0:0:0:1 ¦ SrcPort: 50998 ¦ SrcHost: LT29.ait.us.es ¦ TgtIP: 0:0:0:0:0:0:0:1 ¦ TgtPort: 8443 ¦ TgtHost: LT29.ait.us.es ¦ User: LT29\\seguridad ¦ Proc: C:\\Users\\seguridad\\Desktop\\TFM\\Velociraptor\\velociraptor-v0.75.6-windows-amd64.exe ¦ PID: 5276 ¦ PGUID: 6BC49A7D-7CD5-6A53-7102-000000009A01","_Event":{"System":{"Provider":{"Name":"Microsoft-Windows-Sysmon","Guid":"5770385F-C22A-43E0-BF4C-06F5698FFBD9"},"EventID":{"Value":3},"Version":5,"Level":4,"Task":3,"Opcode":0,"Keywords":9223372036854775808,"TimeCreated":{"SystemTime":1783863390.6810527},"EventRecordID":105270,"Correlation":{},"Execution":{"ProcessID":4652,"ThreadID":6168},"Channel":"Microsoft-Windows-Sysmon/Operational","Computer":"LT29.ait.us.es","Security":{"UserID":"S-1-5-18"}},"EventData":{"RuleName":"Usermode","UtcTime":"2026-07-12 13:37:01.431","ProcessGuid":"6BC49A7D-7CD5-6A53-7102-000000009A01","ProcessId":5276,"Image":"C:\\Users\\seguridad\\Desktop\\TFM\\Velociraptor\\velociraptor-v0.75.6-windows-amd64.exe","User":"LT29\\seguridad","Protocol":"tcp","Initiated":false,"SourceIsIpv6":true,"SourceIp":"0:0:0:0:0:0:0:1","SourceHostname":"LT29.ait.us.es","SourcePort":50998,"SourcePortName":"-","DestinationIsIpv6":true,"DestinationIp":"0:0:0:0:0:0:0:1","DestinationHostname":"LT29.ait.us.es","DestinationPort":8443,"DestinationPortName":"-"},"Message":"Network connection detected:\nRuleName: Usermode!s!\nUtcTime: 2026-07-12 13:37:01.431!s!\nProcessGuid: 6BC49A7D-7CD5-6A53-7102-000000009A01!s!\nProcessId: 5276!s!\nImage: C:\\Users\\seguridad\\Desktop\\TFM\\Velociraptor\\velociraptor-v0.75.6-windows-amd64.exe!s!\nUser: LT29\\seguridad!s!\nProtocol: tcp!s!\nInitiated: false!s!\nSourceIsIpv6: true!s!\nSourceIp: 0:0:0:0:0:0:0:1!s!\nSourceHostname: LT29.ait.us.es!s!\nSourcePort: 50998!s!\nSourcePortName: -!s!\nDestinationIsIpv6: true!s!\nDestinationIp: 0:0:0:0:0:0:0:1!s!\nDestinationHostname: LT29.ait.us.es!s!\nDestinationPort: 8443!s!\nDestinationPortName: -!s!\r\n"},"_Source":"Windows.Sigma.BaseEvents","ClientId":"C.364907172793f8c7","_ts":1783863550099}
{"Timestamp":"2026-07-12T13:35:31.192660808Z","Computer":"LT29.ait.us.es","Channel":"Microsoft-Windows-Sysmon/Operational","EID":3,"Level":"medium","Title":"Net Conn (Sysmon Alert)","RecordID":105267,"Details":"Initiated: false ¦ Proto: tcp ¦ SrcIP: 0:0:0:0:0:0:0:1 ¦ SrcPort: 50993 ¦ SrcHost: LT29.ait.us.es ¦ TgtIP: 0:0:0:0:0:0:0:1 ¦ TgtPort: 8443 ¦ TgtHost: LT29.ait.us.es ¦ User: LT29\\seguridad ¦ Proc: C:\\Users\\seguridad\\Desktop\\TFM\\Velociraptor\\velociraptor-v0.75.6-windows-amd64.exe ¦ PID: 5276 ¦ PGUID: 6BC49A7D-7CD5-6A53-7102-000000009A01","_Event":{"System":{"Provider":{"Name":"Microsoft-Windows-Sysmon","Guid":"5770385F-C22A-43E0-BF4C-06F5698FFBD9"},"EventID":{"Value":3},"Version":5,"Level":4,"Task":3,"Opcode":0,"Keywords":9223372036854775808,"TimeCreated":{"SystemTime":1783863331.1926608},"EventRecordID":105267,"Correlation":{},"Execution":{"ProcessID":4652,"ThreadID":6168},"Channel":"Microsoft-Windows-Sysmon/Operational","Computer":"LT29.ait.us.es","Security":{"UserID":"S-1-5-18"}},"EventData":{"RuleName":"Usermode","UtcTime":"2026-07-12 13:35:57.419","ProcessGuid":"6BC49A7D-7CD5-6A53-7102-000000009A01","ProcessId":5276,"Image":"C:\\Users\\seguridad\\Desktop\\TFM\\Velociraptor\\velociraptor-v0.75.6-windows-amd64.exe","User":"LT29\\seguridad","Protocol":"tcp","Initiated":false,"SourceIsIpv6":true,"SourceIp":"0:0:0:0:0:0:0:1","SourceHostname":"LT29.ait.us.es","SourcePort":50993,"SourcePortName":"-","DestinationIsIpv6":true,"DestinationIp":"0:0:0:0:0:0:0:1","DestinationHostname":"LT29.ait.us.es","DestinationPort":8443,"DestinationPortName":"-"},"Message":"Network connection detected:\nRuleName: Usermode!s!\nUtcTime: 2026-07-12 13:35:57.419!s!\nProcessGuid: 6BC49A7D-7CD5-6A53-7102-000000009A01!s!\nProcessId: 5276!s!\nImage: C:\\Users\\seguridad\\Desktop\\TFM\\Velociraptor\\velociraptor-v0.75.6-windows-amd64.exe!s!\nUser: LT29\\seguridad!s!\nProtocol: tcp!s!\nInitiated: false!s!\nSourceIsIpv6: true!s!\nSourceIp: 0:0:0:0:0:0:0:1!s!\nSourceHostname: LT29.ait.us.es!s!\nSourcePort: 50993!s!\nSourcePortName: -!s!\nDestinationIsIpv6: true!s!\nDestinationIp: 0:0:0:0:0:0:0:1!s!\nDestinationHostname: LT29.ait.us.es!s!\nDestinationPort: 8443!s!\nDestinationPortName: -!s!\r\n"},"_Source":"Windows.Sigma.BaseEvents","ClientId":"C.364907172793f8c7","_ts":1783863550099}
