{"Timestamp":"2026-07-12T13:28:37.53328967Z","Computer":"LT29.ait.us.es","Channel":"Microsoft-Windows-PowerShell/Operational","EID":4104,"Level":"informational","Title":"PwSh Scriptblock","RecordID":3284463,"Details":"ScriptBlock: $global:?","_Event":{"System":{"Provider":{"Name":"Microsoft-Windows-PowerShell","Guid":"A0C1853B-5C40-4B15-8766-3CF1C58F985A"},"EventID":{"Value":4104},"Version":1,"Level":5,"Task":2,"Opcode":15,"Keywords":0,"TimeCreated":{"SystemTime":1783862917.5332897},"EventRecordID":3284463,"Correlation":{"ActivityID":"F2694954-11F0-0000-4AFB-6BF2F011DD01"},"Execution":{"ProcessID":1908,"ThreadID":9080},"Channel":"Microsoft-Windows-PowerShell/Operational","Computer":"LT29.ait.us.es","Security":{"UserID":"S-1-5-21-2237245112-686140129-944090608-1004"}},"EventData":{"MessageNumber":1,"MessageTotal":1,"ScriptBlockText":"$global:?","ScriptBlockId":"edc35b21-1656-462b-a8c0-5b22fa9591ea","Path":""},"Message":"Creando texto de bloque de script (1 de 1):\n$global:?\n\nId. de bloque de script: edc35b21-1656-462b-a8c0-5b22fa9591ea\nRuta de acceso: \r\n"},"_Source":"Windows.Sigma.BaseEvents","ClientId":"C.364907172793f8c7","_ts":1783863026787}
{"Timestamp":"2026-07-12T13:27:46.251159906Z","Computer":"LT29.ait.us.es","Channel":"Microsoft-Windows-PowerShell/Operational","EID":4104,"Level":"informational","Title":"PwSh Scriptblock","RecordID":3278241,"Details":"ScriptBlock: $global:?","_Event":{"System":{"Provider":{"Name":"Microsoft-Windows-PowerShell","Guid":"A0C1853B-5C40-4B15-8766-3CF1C58F985A"},"EventID":{"Value":4104},"Version":1,"Level":5,"Task":2,"Opcode":15,"Keywords":0,"TimeCreated":{"SystemTime":1783862866.25116},"EventRecordID":3278241,"Correlation":{"ActivityID":"F2694954-11F0-0001-22FA-6EF2F011DD01"},"Execution":{"ProcessID":316,"ThreadID":9060},"Channel":"Microsoft-Windows-PowerShell/Operational","Computer":"LT29.ait.us.es","Security":{"UserID":"S-1-5-21-2237245112-686140129-944090608-1004"}},"EventData":{"MessageNumber":1,"MessageTotal":1,"ScriptBlockText":"$global:?","ScriptBlockId":"284b460b-5084-4d7f-b967-9888f598ee9b","Path":""},"Message":"Creando texto de bloque de script (1 de 1):\n$global:?\n\nId. de bloque de script: 284b460b-5084-4d7f-b967-9888f598ee9b\nRuta de acceso: \r\n"},"_Source":"Windows.Sigma.BaseEvents","ClientId":"C.364907172793f8c7","_ts":1783863026787}
{"Timestamp":"2026-07-12T13:27:56.223831892Z","Computer":"LT29.ait.us.es","Channel":"Microsoft-Windows-PowerShell/Operational","EID":4104,"Level":"informational","Title":"PwSh Scriptblock","RecordID":3278273,"Details":"ScriptBlock: $Root = 'C:\\Users\\seguridad\\Desktop\\TFM\\Pruebas\\DUMB_LAB'\r\n\r\n$Folders = @(\r\n  'Finance',\r\n  'HR',\r\n  'Legal',\r\n  'Projects',\r\n  'Projects\\2026',\r\n  'Projects\\2025',\r\n  'Shared',\r\n  'Engineering',\r\n  'Backups'\r\n)\r\n\r\n$Exts = @('.docx','.xlsx','.pdf','.txt','.csv','.pptx','.jpg')\r\n\r\n$Names = @(\r\n  'Nominas_Q1_2026',\r\n  'Propuesta_Cliente',\r\n  'Contrato_Proveedor',\r\n  'Inventario',\r\n  'Backup_Resumen',\r\n  'Roadmap_Interno',\r\n  'Presupuesto',\r\n  'Plan_Proyecto',\r\n  'Acta_Reunion',\r\n  'Informe_Final'\r\n)\r\n\r\n# marcador de seguridad\r\nSet-Content \"$Root\\LAB_OK_DO_NOT_TOUCH.txt\" 'TFM TEC-007 SAFE LAB'\r\n\r\n# crear subcarpetas\r\nforeach ($f in $Folders) {\r\n  New-Item -ItemType Directory -Path (Join-Path $Root $f) -Force | Out-Null\r\n}\r\n\r\n# crear 1500 ficheros dummy\r\n1..1500 | ForEach-Object {\r\n  $folder = Get-Random $Folders\r\n  $name   = Get-Random $Names\r\n  $ext    = Get-Random $Exts\r\n  $file   = Join-Path (Join-Path $Root $folder) (\"{0}_{1}{2}\" -f $name, $_, $ext)\r\n\r\n  @\"\r\nDummy file for TEC-007\r\nId: $_\r\nCreated: $(Get-Date)\r\nThis is safe lab content only\r\n\"@ | Set-Content -Path $file -Encoding UTF8\r\n}\r\n\r\nWrite-Host \"OK. Dataset dummy creado en $Root\"","_Event":{"System":{"Provider":{"Name":"Microsoft-Windows-PowerShell","Guid":"A0C1853B-5C40-4B15-8766-3CF1C58F985A"},"EventID":{"Value":4104},"Version":1,"Level":5,"Task":2,"Opcode":15,"Keywords":0,"TimeCreated":{"SystemTime":1783862876.223832},"EventRecordID":3278273,"Correlation":{"ActivityID":"F2694954-11F0-0001-92FA-6EF2F011DD01"},"Execution":{"ProcessID":4816,"ThreadID":11964},"Channel":"Microsoft-Windows-PowerShell/Operational","Computer":"LT29.ait.us.es","Security":{"UserID":"S-1-5-21-2237245112-686140129-944090608-1004"}},"EventData":{"MessageNumber":1,"MessageTotal":1,"ScriptBlockText":"$Root = 'C:\\Users\\seguridad\\Desktop\\TFM\\Pruebas\\DUMB_LAB'\r\n\r\n$Folders = @(\r\n  'Finance',\r\n  'HR',\r\n  'Legal',\r\n  'Projects',\r\n  'Projects\\2026',\r\n  'Projects\\2025',\r\n  'Shared',\r\n  'Engineering',\r\n  'Backups'\r\n)\r\n\r\n$Exts = @('.docx','.xlsx','.pdf','.txt','.csv','.pptx','.jpg')\r\n\r\n$Names = @(\r\n  'Nominas_Q1_2026',\r\n  'Propuesta_Cliente',\r\n  'Contrato_Proveedor',\r\n  'Inventario',\r\n  'Backup_Resumen',\r\n  'Roadmap_Interno',\r\n  'Presupuesto',\r\n  'Plan_Proyecto',\r\n  'Acta_Reunion',\r\n  'Informe_Final'\r\n)\r\n\r\n# marcador de seguridad\r\nSet-Content \"$Root\\LAB_OK_DO_NOT_TOUCH.txt\" 'TFM TEC-007 SAFE LAB'\r\n\r\n# crear subcarpetas\r\nforeach ($f in $Folders) {\r\n  New-Item -ItemType Directory -Path (Join-Path $Root $f) -Force | Out-Null\r\n}\r\n\r\n# crear 1500 ficheros dummy\r\n1..1500 | ForEach-Object {\r\n  $folder = Get-Random $Folders\r\n  $name   = Get-Random $Names\r\n  $ext    = Get-Random $Exts\r\n  $file   = Join-Path (Join-Path $Root $folder) (\"{0}_{1}{2}\" -f $name, $_, $ext)\r\n\r\n  @\"\r\nDummy file for TEC-007\r\nId: $_\r\nCreated: $(Get-Date)\r\nThis is safe lab content only\r\n\"@ | Set-Content -Path $file -Encoding UTF8\r\n}\r\n\r\nWrite-Host \"OK. Dataset dummy creado en $Root\"","ScriptBlockId":"aed3af20-618e-442e-a337-9ace28c0e486","Path":"C:\\Users\\seguridad\\Desktop\\TFM\\01_ACTIVE_TESTS\\Pruebas\\TEC-008_Sabotaje\\crear_directorio_dummy.ps1"},"Message":"Creando texto de bloque de script (1 de 1):\n$Root = 'C:\\Users\\seguridad\\Desktop\\TFM\\Pruebas\\DUMB_LAB'\r\n\r\n$Folders = @(\r\n  'Finance',\r\n  'HR',\r\n  'Legal',\r\n  'Projects',\r\n  'Projects\\2026',\r\n  'Projects\\2025',\r\n  'Shared',\r\n  'Engineering',\r\n  'Backups'\r\n)\r\n\r\n$Exts = @('.docx','.xlsx','.pdf','.txt','.csv','.pptx','.jpg')\r\n\r\n$Names = @(\r\n  'Nominas_Q1_2026',\r\n  'Propuesta_Cliente',\r\n  'Contrato_Proveedor',\r\n  'Inventario',\r\n  'Backup_Resumen',\r\n  'Roadmap_Interno',\r\n  'Presupuesto',\r\n  'Plan_Proyecto',\r\n  'Acta_Reunion',\r\n  'Informe_Final'\r\n)\r\n\r\n# marcador de seguridad\r\nSet-Content \"$Root\\LAB_OK_DO_NOT_TOUCH.txt\" 'TFM TEC-007 SAFE LAB'\r\n\r\n# crear subcarpetas\r\nforeach ($f in $Folders) {\r\n  New-Item -ItemType Directory -Path (Join-Path $Root $f) -Force | Out-Null\r\n}\r\n\r\n# crear 1500 ficheros dummy\r\n1..1500 | ForEach-Object {\r\n  $folder = Get-Random $Folders\r\n  $name   = Get-Random $Names\r\n  $ext    = Get-Random $Exts\r\n  $file   = Join-Path (Join-Path $Root $folder) (\"{0}_{1}{2}\" -f $name, $_, $ext)\r\n\r\n  @\"\r\nDummy file for TEC-007\r\nId: $_\r\nCreated: $(Get-Date)\r\nThis is safe lab content only\r\n\"@ | Set-Content -Path $file -Encoding UTF8\r\n}\r\n\r\nWrite-Host \"OK. Dataset dummy creado en $Root\"\n\nId. de bloque de script: aed3af20-618e-442e-a337-9ace28c0e486\nRuta de acceso: C:\\Users\\seguridad\\Desktop\\TFM\\01_ACTIVE_TESTS\\Pruebas\\TEC-008_Sabotaje\\crear_directorio_dummy.ps1\r\n"},"_Source":"Windows.Sigma.BaseEvents","ClientId":"C.364907172793f8c7","_ts":1783863026787}
{"Timestamp":"2026-07-12T13:27:56.302523136Z","Computer":"LT29.ait.us.es","Channel":"Microsoft-Windows-PowerShell/Operational","EID":4104,"Level":"informational","Title":"PwSh Scriptblock","RecordID":3278277,"Details":"ScriptBlock: {\r\n  $folder = Get-Random $Folders\r\n  $name   = Get-Random $Names\r\n  $ext    = Get-Random $Exts\r\n  $file   = Join-Path (Join-Path $Root $folder) (\"{0}_{1}{2}\" -f $name, $_, $ext)\r\n\r\n  @\"\r\nDummy file for TEC-007\r\nId: $_\r\nCreated: $(Get-Date)\r\nThis is safe lab content only\r\n\"@ | Set-Content -Path $file -Encoding UTF8\r\n}","_Event":{"System":{"Provider":{"Name":"Microsoft-Windows-PowerShell","Guid":"A0C1853B-5C40-4B15-8766-3CF1C58F985A"},"EventID":{"Value":4104},"Version":1,"Level":5,"Task":2,"Opcode":15,"Keywords":0,"TimeCreated":{"SystemTime":1783862876.3025231},"EventRecordID":3278277,"Correlation":{"ActivityID":"F2694954-11F0-0002-F4C9-6EF2F011DD01"},"Execution":{"ProcessID":4816,"ThreadID":11964},"Channel":"Microsoft-Windows-PowerShell/Operational","Computer":"LT29.ait.us.es","Security":{"UserID":"S-1-5-21-2237245112-686140129-944090608-1004"}},"EventData":{"MessageNumber":1,"MessageTotal":1,"ScriptBlockText":"{\r\n  $folder = Get-Random $Folders\r\n  $name   = Get-Random $Names\r\n  $ext    = Get-Random $Exts\r\n  $file   = Join-Path (Join-Path $Root $folder) (\"{0}_{1}{2}\" -f $name, $_, $ext)\r\n\r\n  @\"\r\nDummy file for TEC-007\r\nId: $_\r\nCreated: $(Get-Date)\r\nThis is safe lab content only\r\n\"@ | Set-Content -Path $file -Encoding UTF8\r\n}","ScriptBlockId":"9c6b9638-cb70-4532-8e18-14a92c3e9104","Path":"C:\\Users\\seguridad\\Desktop\\TFM\\01_ACTIVE_TESTS\\Pruebas\\TEC-008_Sabotaje\\crear_directorio_dummy.ps1"},"Message":"Creando texto de bloque de script (1 de 1):\n{\r\n  $folder = Get-Random $Folders\r\n  $name   = Get-Random $Names\r\n  $ext    = Get-Random $Exts\r\n  $file   = Join-Path (Join-Path $Root $folder) (\"{0}_{1}{2}\" -f $name, $_, $ext)\r\n\r\n  @\"\r\nDummy file for TEC-007\r\nId: $_\r\nCreated: $(Get-Date)\r\nThis is safe lab content only\r\n\"@ | Set-Content -Path $file -Encoding UTF8\r\n}\n\nId. de bloque de script: 9c6b9638-cb70-4532-8e18-14a92c3e9104\nRuta de acceso: C:\\Users\\seguridad\\Desktop\\TFM\\01_ACTIVE_TESTS\\Pruebas\\TEC-008_Sabotaje\\crear_directorio_dummy.ps1\r\n"},"_Source":"Windows.Sigma.BaseEvents","ClientId":"C.364907172793f8c7","_ts":1783863026787}
{"Timestamp":"2026-07-12T13:27:31.185719966Z","Computer":"LT29.ait.us.es","Channel":"Windows PowerShell","EID":400,"Level":"informational","Title":"PwSh Engine Started","RecordID":130985,"Details":"HostApplication: powershell.exe -NoProfile -ExecutionPolicy Bypass -File C:\\Users\\seguridad\\Desktop\\TFM\\01_ACTIVE_TESTS\\Pruebas\\TEC-007_Ransomware\\enumeracion.ps1","_Event":{"System":{"Provider":{"Name":"PowerShell"},"EventID":{"Qualifiers":0,"Value":400},"Version":0,"Level":4,"Task":4,"Opcode":0,"Keywords":36028797018963968,"TimeCreated":{"SystemTime":1783862851.18572},"EventRecordID":130985,"Correlation":{},"Execution":{"ProcessID":0,"ThreadID":0},"Channel":"Windows PowerShell","Computer":"LT29.ait.us.es","Security":{}},"EventData":{"Data":"\tNewEngineState=Available\r\n\tPreviousEngineState=None\r\n\r\n\tSequenceNumber=13\r\n\r\n\tHostName=ConsoleHost\r\n\tHostVersion=5.1.19041.3031\r\n\tHostId=a01f3c23-7132-44ac-a0cf-f1617ee1d3ab\r\n\tHostApplication=powershell.exe -NoProfile -ExecutionPolicy Bypass -File C:\\Users\\seguridad\\Desktop\\TFM\\01_ACTIVE_TESTS\\Pruebas\\TEC-007_Ransomware\\enumeracion.ps1\r\n\tEngineVersion=5.1.19041.3031\r\n\tRunspaceId=a9be6f0a-4c94-4891-bfac-04c7927a615a\r\n\tPipelineId=\r\n\tCommandName=\r\n\tCommandType=\r\n\tScriptName=\r\n\tCommandPath=\r\n\tCommandLine=","HostApplication":"powershell.exe -NoProfile -ExecutionPolicy Bypass -File C:\\Users\\seguridad\\Desktop\\TFM\\01_ACTIVE_TESTS\\Pruebas\\TEC-007_Ransomware\\enumeracion.ps1"},"Message":"El estado del motor ha cambiado de None a Available. \n\nDetalles: \n\tNewEngineState=Available\r\n\tPreviousEngineState=None\r\n\r\n\tSequenceNumber=13\r\n\r\n\tHostName=ConsoleHost\r\n\tHostVersion=5.1.19041.3031\r\n\tHostId=a01f3c23-7132-44ac-a0cf-f1617ee1d3ab\r\n\tHostApplication=powershell.exe -NoProfile -ExecutionPolicy Bypass -File C:\\Users\\seguridad\\Desktop\\TFM\\01_ACTIVE_TESTS\\Pruebas\\TEC-007_Ransomware\\enumeracion.ps1\r\n\tEngineVersion=5.1.19041.3031\r\n\tRunspaceId=a9be6f0a-4c94-4891-bfac-04c7927a615a\r\n\tPipelineId=\r\n\tCommandName=\r\n\tCommandType=\r\n\tScriptName=\r\n\tCommandPath=\r\n\tCommandLine=\r\n"},"_Source":"Windows.Sigma.BaseEvents","ClientId":"C.364907172793f8c7","_ts":1783863026787}
{"Timestamp":"2026-07-12T13:27:32.006398439Z","Computer":"LT29.ait.us.es","Channel":"Windows PowerShell","EID":400,"Level":"informational","Title":"PwSh Engine Started","RecordID":130993,"Details":"HostApplication: powershell.exe -NoProfile -ExecutionPolicy Bypass -File C:\\Users\\seguridad\\Desktop\\TFM\\01_ACTIVE_TESTS\\Pruebas\\TEC-007_Ransomware\\Scriptransom.ps1","_Event":{"System":{"Provider":{"Name":"PowerShell"},"EventID":{"Qualifiers":0,"Value":400},"Version":0,"Level":4,"Task":4,"Opcode":0,"Keywords":36028797018963968,"TimeCreated":{"SystemTime":1783862852.0063984},"EventRecordID":130993,"Correlation":{},"Execution":{"ProcessID":0,"ThreadID":0},"Channel":"Windows PowerShell","Computer":"LT29.ait.us.es","Security":{}},"EventData":{"Data":"\tNewEngineState=Available\r\n\tPreviousEngineState=None\r\n\r\n\tSequenceNumber=13\r\n\r\n\tHostName=ConsoleHost\r\n\tHostVersion=5.1.19041.3031\r\n\tHostId=d2dbebd7-5e4b-4829-9a1f-2a437bfab4b0\r\n\tHostApplication=powershell.exe -NoProfile -ExecutionPolicy Bypass -File C:\\Users\\seguridad\\Desktop\\TFM\\01_ACTIVE_TESTS\\Pruebas\\TEC-007_Ransomware\\Scriptransom.ps1\r\n\tEngineVersion=5.1.19041.3031\r\n\tRunspaceId=a8009e67-c330-45c3-b3f2-2352bc10d6d6\r\n\tPipelineId=\r\n\tCommandName=\r\n\tCommandType=\r\n\tScriptName=\r\n\tCommandPath=\r\n\tCommandLine=","HostApplication":"powershell.exe -NoProfile -ExecutionPolicy Bypass -File C:\\Users\\seguridad\\Desktop\\TFM\\01_ACTIVE_TESTS\\Pruebas\\TEC-007_Ransomware\\Scriptransom.ps1"},"Message":"El estado del motor ha cambiado de None a Available. \n\nDetalles: \n\tNewEngineState=Available\r\n\tPreviousEngineState=None\r\n\r\n\tSequenceNumber=13\r\n\r\n\tHostName=ConsoleHost\r\n\tHostVersion=5.1.19041.3031\r\n\tHostId=d2dbebd7-5e4b-4829-9a1f-2a437bfab4b0\r\n\tHostApplication=powershell.exe -NoProfile -ExecutionPolicy Bypass -File C:\\Users\\seguridad\\Desktop\\TFM\\01_ACTIVE_TESTS\\Pruebas\\TEC-007_Ransomware\\Scriptransom.ps1\r\n\tEngineVersion=5.1.19041.3031\r\n\tRunspaceId=a8009e67-c330-45c3-b3f2-2352bc10d6d6\r\n\tPipelineId=\r\n\tCommandName=\r\n\tCommandType=\r\n\tScriptName=\r\n\tCommandPath=\r\n\tCommandLine=\r\n"},"_Source":"Windows.Sigma.BaseEvents","ClientId":"C.364907172793f8c7","_ts":1783863026787}
{"Timestamp":"2026-07-12T13:27:34.701036691Z","Computer":"LT29.ait.us.es","Channel":"Windows PowerShell","EID":400,"Level":"informational","Title":"PwSh Engine Started","RecordID":131001,"Details":"HostApplication: powershell.exe -NoProfile -ExecutionPolicy Bypass -File C:\\Users\\seguridad\\Desktop\\TFM\\01_ACTIVE_TESTS\\Pruebas\\TEC-007_Ransomware\\crear_directorio_dummy.ps1","_Event":{"System":{"Provider":{"Name":"PowerShell"},"EventID":{"Qualifiers":0,"Value":400},"Version":0,"Level":4,"Task":4,"Opcode":0,"Keywords":36028797018963968,"TimeCreated":{"SystemTime":1783862854.7010367},"EventRecordID":131001,"Correlation":{},"Execution":{"ProcessID":0,"ThreadID":0},"Channel":"Windows PowerShell","Computer":"LT29.ait.us.es","Security":{}},"EventData":{"Data":"\tNewEngineState=Available\r\n\tPreviousEngineState=None\r\n\r\n\tSequenceNumber=13\r\n\r\n\tHostName=ConsoleHost\r\n\tHostVersion=5.1.19041.3031\r\n\tHostId=0e89a714-d85a-4b21-b88f-f88e093d71b3\r\n\tHostApplication=powershell.exe -NoProfile -ExecutionPolicy Bypass -File C:\\Users\\seguridad\\Desktop\\TFM\\01_ACTIVE_TESTS\\Pruebas\\TEC-007_Ransomware\\crear_directorio_dummy.ps1\r\n\tEngineVersion=5.1.19041.3031\r\n\tRunspaceId=c667f225-6501-41ff-bab5-a00940f3c124\r\n\tPipelineId=\r\n\tCommandName=\r\n\tCommandType=\r\n\tScriptName=\r\n\tCommandPath=\r\n\tCommandLine=","HostApplication":"powershell.exe -NoProfile -ExecutionPolicy Bypass -File C:\\Users\\seguridad\\Desktop\\TFM\\01_ACTIVE_TESTS\\Pruebas\\TEC-007_Ransomware\\crear_directorio_dummy.ps1"},"Message":"El estado del motor ha cambiado de None a Available. \n\nDetalles: \n\tNewEngineState=Available\r\n\tPreviousEngineState=None\r\n\r\n\tSequenceNumber=13\r\n\r\n\tHostName=ConsoleHost\r\n\tHostVersion=5.1.19041.3031\r\n\tHostId=0e89a714-d85a-4b21-b88f-f88e093d71b3\r\n\tHostApplication=powershell.exe -NoProfile -ExecutionPolicy Bypass -File C:\\Users\\seguridad\\Desktop\\TFM\\01_ACTIVE_TESTS\\Pruebas\\TEC-007_Ransomware\\crear_directorio_dummy.ps1\r\n\tEngineVersion=5.1.19041.3031\r\n\tRunspaceId=c667f225-6501-41ff-bab5-a00940f3c124\r\n\tPipelineId=\r\n\tCommandName=\r\n\tCommandType=\r\n\tScriptName=\r\n\tCommandPath=\r\n\tCommandLine=\r\n"},"_Source":"Windows.Sigma.BaseEvents","ClientId":"C.364907172793f8c7","_ts":1783863026787}
{"Timestamp":"2026-07-12T13:27:56.168015956Z","Computer":"LT29.ait.us.es","Channel":"Windows PowerShell","EID":400,"Level":"informational","Title":"PwSh Engine Started","RecordID":131009,"Details":"HostApplication: powershell.exe -NoProfile -ExecutionPolicy Bypass -File C:\\Users\\seguridad\\Desktop\\TFM\\01_ACTIVE_TESTS\\Pruebas\\TEC-008_Sabotaje\\crear_directorio_dummy.ps1","_Event":{"System":{"Provider":{"Name":"PowerShell"},"EventID":{"Qualifiers":0,"Value":400},"Version":0,"Level":4,"Task":4,"Opcode":0,"Keywords":36028797018963968,"TimeCreated":{"SystemTime":1783862876.168016},"EventRecordID":131009,"Correlation":{},"Execution":{"ProcessID":0,"ThreadID":0},"Channel":"Windows PowerShell","Computer":"LT29.ait.us.es","Security":{}},"EventData":{"Data":"\tNewEngineState=Available\r\n\tPreviousEngineState=None\r\n\r\n\tSequenceNumber=13\r\n\r\n\tHostName=ConsoleHost\r\n\tHostVersion=5.1.19041.3031\r\n\tHostId=a1618abe-e8f4-4022-898a-88893e716833\r\n\tHostApplication=powershell.exe -NoProfile -ExecutionPolicy Bypass -File C:\\Users\\seguridad\\Desktop\\TFM\\01_ACTIVE_TESTS\\Pruebas\\TEC-008_Sabotaje\\crear_directorio_dummy.ps1\r\n\tEngineVersion=5.1.19041.3031\r\n\tRunspaceId=2cf4ba48-e07b-4642-9fb8-63eb9c20c4b2\r\n\tPipelineId=\r\n\tCommandName=\r\n\tCommandType=\r\n\tScriptName=\r\n\tCommandPath=\r\n\tCommandLine=","HostApplication":"powershell.exe -NoProfile -ExecutionPolicy Bypass -File C:\\Users\\seguridad\\Desktop\\TFM\\01_ACTIVE_TESTS\\Pruebas\\TEC-008_Sabotaje\\crear_directorio_dummy.ps1"},"Message":"El estado del motor ha cambiado de None a Available. \n\nDetalles: \n\tNewEngineState=Available\r\n\tPreviousEngineState=None\r\n\r\n\tSequenceNumber=13\r\n\r\n\tHostName=ConsoleHost\r\n\tHostVersion=5.1.19041.3031\r\n\tHostId=a1618abe-e8f4-4022-898a-88893e716833\r\n\tHostApplication=powershell.exe -NoProfile -ExecutionPolicy Bypass -File C:\\Users\\seguridad\\Desktop\\TFM\\01_ACTIVE_TESTS\\Pruebas\\TEC-008_Sabotaje\\crear_directorio_dummy.ps1\r\n\tEngineVersion=5.1.19041.3031\r\n\tRunspaceId=2cf4ba48-e07b-4642-9fb8-63eb9c20c4b2\r\n\tPipelineId=\r\n\tCommandName=\r\n\tCommandType=\r\n\tScriptName=\r\n\tCommandPath=\r\n\tCommandLine=\r\n"},"_Source":"Windows.Sigma.BaseEvents","ClientId":"C.364907172793f8c7","_ts":1783863026787}
{"Timestamp":"2026-07-12T13:28:12.07799673Z","Computer":"LT29.ait.us.es","Channel":"Windows PowerShell","EID":400,"Level":"informational","Title":"PwSh Engine Started","RecordID":131017,"Details":"HostApplication: powershell.exe -NoProfile -ExecutionPolicy Bypass -Command $target = 'C:\\Users\\seguridad\\Desktop\\TFM\\01_ACTIVE_TESTS\\Pruebas\\DUMB_LAB'; Write-Host 'TEC008_OK'; Get-ChildItem $target -Recurse -File | ForEach-Object { Remove-Item $_.FullName -Force }; Start-Sleep 3","_Event":{"System":{"Provider":{"Name":"PowerShell"},"EventID":{"Qualifiers":0,"Value":400},"Version":0,"Level":4,"Task":4,"Opcode":0,"Keywords":36028797018963968,"TimeCreated":{"SystemTime":1783862892.0779967},"EventRecordID":131017,"Correlation":{},"Execution":{"ProcessID":0,"ThreadID":0},"Channel":"Windows PowerShell","Computer":"LT29.ait.us.es","Security":{}},"EventData":{"Data":"\tNewEngineState=Available\r\n\tPreviousEngineState=None\r\n\r\n\tSequenceNumber=13\r\n\r\n\tHostName=ConsoleHost\r\n\tHostVersion=5.1.19041.3031\r\n\tHostId=ac316726-5fac-48e6-9bdd-888d34b74e4d\r\n\tHostApplication=powershell.exe -NoProfile -ExecutionPolicy Bypass -Command $target = 'C:\\Users\\seguridad\\Desktop\\TFM\\01_ACTIVE_TESTS\\Pruebas\\DUMB_LAB'; Write-Host 'TEC008_OK'; Get-ChildItem $target -Recurse -File | ForEach-Object { Remove-Item $_.FullName -Force }; Start-Sleep 3\r\n\tEngineVersion=5.1.19041.3031\r\n\tRunspaceId=62be5032-99d8-4f68-8b15-ba94b84945a1\r\n\tPipelineId=\r\n\tCommandName=\r\n\tCommandType=\r\n\tScriptName=\r\n\tCommandPath=\r\n\tCommandLine=","HostApplication":"powershell.exe -NoProfile -ExecutionPolicy Bypass -Command $target = 'C:\\Users\\seguridad\\Desktop\\TFM\\01_ACTIVE_TESTS\\Pruebas\\DUMB_LAB'; Write-Host 'TEC008_OK'; Get-ChildItem $target -Recurse -File | ForEach-Object { Remove-Item $_.FullName -Force }; Start-Sleep 3"},"Message":"El estado del motor ha cambiado de None a Available. \n\nDetalles: \n\tNewEngineState=Available\r\n\tPreviousEngineState=None\r\n\r\n\tSequenceNumber=13\r\n\r\n\tHostName=ConsoleHost\r\n\tHostVersion=5.1.19041.3031\r\n\tHostId=ac316726-5fac-48e6-9bdd-888d34b74e4d\r\n\tHostApplication=powershell.exe -NoProfile -ExecutionPolicy Bypass -Command $target = 'C:\\Users\\seguridad\\Desktop\\TFM\\01_ACTIVE_TESTS\\Pruebas\\DUMB_LAB'; Write-Host 'TEC008_OK'; Get-ChildItem $target -Recurse -File | ForEach-Object { Remove-Item $_.FullName -Force }; Start-Sleep 3\r\n\tEngineVersion=5.1.19041.3031\r\n\tRunspaceId=62be5032-99d8-4f68-8b15-ba94b84945a1\r\n\tPipelineId=\r\n\tCommandName=\r\n\tCommandType=\r\n\tScriptName=\r\n\tCommandPath=\r\n\tCommandLine=\r\n"},"_Source":"Windows.Sigma.BaseEvents","ClientId":"C.364907172793f8c7","_ts":1783863026787}
{"Timestamp":"2026-07-12T13:28:19.99467349Z","Computer":"LT29.ait.us.es","Channel":"Windows PowerShell","EID":400,"Level":"informational","Title":"PwSh Engine Started","RecordID":131025,"Details":"HostApplication: powershell.exe -NoProfile -ExecutionPolicy Bypass -File C:\\Users\\seguridad\\Desktop\\TFM\\01_ACTIVE_TESTS\\Pruebas\\TEC-008_Sabotaje\\crear_directorio_dummy.ps1","_Event":{"System":{"Provider":{"Name":"PowerShell"},"EventID":{"Qualifiers":0,"Value":400},"Version":0,"Level":4,"Task":4,"Opcode":0,"Keywords":36028797018963968,"TimeCreated":{"SystemTime":1783862899.9946735},"EventRecordID":131025,"Correlation":{},"Execution":{"ProcessID":0,"ThreadID":0},"Channel":"Windows PowerShell","Computer":"LT29.ait.us.es","Security":{}},"EventData":{"Data":"\tNewEngineState=Available\r\n\tPreviousEngineState=None\r\n\r\n\tSequenceNumber=13\r\n\r\n\tHostName=ConsoleHost\r\n\tHostVersion=5.1.19041.3031\r\n\tHostId=9386407a-2ab2-4325-abdc-e187010ee99f\r\n\tHostApplication=powershell.exe -NoProfile -ExecutionPolicy Bypass -File C:\\Users\\seguridad\\Desktop\\TFM\\01_ACTIVE_TESTS\\Pruebas\\TEC-008_Sabotaje\\crear_directorio_dummy.ps1\r\n\tEngineVersion=5.1.19041.3031\r\n\tRunspaceId=9469ea1f-add0-47f8-8b8e-b21269b2b58e\r\n\tPipelineId=\r\n\tCommandName=\r\n\tCommandType=\r\n\tScriptName=\r\n\tCommandPath=\r\n\tCommandLine=","HostApplication":"powershell.exe -NoProfile -ExecutionPolicy Bypass -File C:\\Users\\seguridad\\Desktop\\TFM\\01_ACTIVE_TESTS\\Pruebas\\TEC-008_Sabotaje\\crear_directorio_dummy.ps1"},"Message":"El estado del motor ha cambiado de None a Available. \n\nDetalles: \n\tNewEngineState=Available\r\n\tPreviousEngineState=None\r\n\r\n\tSequenceNumber=13\r\n\r\n\tHostName=ConsoleHost\r\n\tHostVersion=5.1.19041.3031\r\n\tHostId=9386407a-2ab2-4325-abdc-e187010ee99f\r\n\tHostApplication=powershell.exe -NoProfile -ExecutionPolicy Bypass -File C:\\Users\\seguridad\\Desktop\\TFM\\01_ACTIVE_TESTS\\Pruebas\\TEC-008_Sabotaje\\crear_directorio_dummy.ps1\r\n\tEngineVersion=5.1.19041.3031\r\n\tRunspaceId=9469ea1f-add0-47f8-8b8e-b21269b2b58e\r\n\tPipelineId=\r\n\tCommandName=\r\n\tCommandType=\r\n\tScriptName=\r\n\tCommandPath=\r\n\tCommandLine=\r\n"},"_Source":"Windows.Sigma.BaseEvents","ClientId":"C.364907172793f8c7","_ts":1783863026787}
{"Timestamp":"2026-07-12T13:28:00.567974328Z","Computer":"LT29.ait.us.es","Channel":"Microsoft-Windows-Sysmon/Operational","EID":3,"Level":"medium","Title":"Net Conn (Sysmon Alert)","RecordID":105202,"Details":"Initiated: false ¦ Proto: tcp ¦ SrcIP: 0:0:0:0:0:0:0:1 ¦ SrcPort: 50918 ¦ SrcHost: LT29.ait.us.es ¦ TgtIP: 0:0:0:0:0:0:0:1 ¦ TgtPort: 8443 ¦ TgtHost: LT29.ait.us.es ¦ User: LT29\\seguridad ¦ Proc: C:\\Users\\seguridad\\Desktop\\TFM\\Velociraptor\\velociraptor-v0.75.6-windows-amd64.exe ¦ PID: 5276 ¦ PGUID: 6BC49A7D-7CD5-6A53-7102-000000009A01","_Event":{"System":{"Provider":{"Name":"Microsoft-Windows-Sysmon","Guid":"5770385F-C22A-43E0-BF4C-06F5698FFBD9"},"EventID":{"Value":3},"Version":5,"Level":4,"Task":3,"Opcode":0,"Keywords":9223372036854775808,"TimeCreated":{"SystemTime":1783862880.5679743},"EventRecordID":105202,"Correlation":{},"Execution":{"ProcessID":4652,"ThreadID":6168},"Channel":"Microsoft-Windows-Sysmon/Operational","Computer":"LT29.ait.us.es","Security":{"UserID":"S-1-5-18"}},"EventData":{"RuleName":"Usermode","UtcTime":"2026-07-12 13:28:35.193","ProcessGuid":"6BC49A7D-7CD5-6A53-7102-000000009A01","ProcessId":5276,"Image":"C:\\Users\\seguridad\\Desktop\\TFM\\Velociraptor\\velociraptor-v0.75.6-windows-amd64.exe","User":"LT29\\seguridad","Protocol":"tcp","Initiated":false,"SourceIsIpv6":true,"SourceIp":"0:0:0:0:0:0:0:1","SourceHostname":"LT29.ait.us.es","SourcePort":50918,"SourcePortName":"-","DestinationIsIpv6":true,"DestinationIp":"0:0:0:0:0:0:0:1","DestinationHostname":"LT29.ait.us.es","DestinationPort":8443,"DestinationPortName":"-"},"Message":"Network connection detected:\nRuleName: Usermode!s!\nUtcTime: 2026-07-12 13:28:35.193!s!\nProcessGuid: 6BC49A7D-7CD5-6A53-7102-000000009A01!s!\nProcessId: 5276!s!\nImage: C:\\Users\\seguridad\\Desktop\\TFM\\Velociraptor\\velociraptor-v0.75.6-windows-amd64.exe!s!\nUser: LT29\\seguridad!s!\nProtocol: tcp!s!\nInitiated: false!s!\nSourceIsIpv6: true!s!\nSourceIp: 0:0:0:0:0:0:0:1!s!\nSourceHostname: LT29.ait.us.es!s!\nSourcePort: 50918!s!\nSourcePortName: -!s!\nDestinationIsIpv6: true!s!\nDestinationIp: 0:0:0:0:0:0:0:1!s!\nDestinationHostname: LT29.ait.us.es!s!\nDestinationPort: 8443!s!\nDestinationPortName: -!s!\r\n"},"_Source":"Windows.Sigma.BaseEvents","ClientId":"C.364907172793f8c7","_ts":1783863026787}
{"Timestamp":"2026-07-12T13:28:01.379380702Z","Computer":"LT29.ait.us.es","Channel":"Microsoft-Windows-Sysmon/Operational","EID":3,"Level":"medium","Title":"Net Conn (Sysmon Alert)","RecordID":105203,"Details":"Initiated: false ¦ Proto: tcp ¦ SrcIP: 0:0:0:0:0:0:0:1 ¦ SrcPort: 50919 ¦ SrcHost: LT29.ait.us.es ¦ TgtIP: 0:0:0:0:0:0:0:1 ¦ TgtPort: 8443 ¦ TgtHost: LT29.ait.us.es ¦ User: LT29\\seguridad ¦ Proc: C:\\Users\\seguridad\\Desktop\\TFM\\Velociraptor\\velociraptor-v0.75.6-windows-amd64.exe ¦ PID: 5276 ¦ PGUID: 6BC49A7D-7CD5-6A53-7102-000000009A01","_Event":{"System":{"Provider":{"Name":"Microsoft-Windows-Sysmon","Guid":"5770385F-C22A-43E0-BF4C-06F5698FFBD9"},"EventID":{"Value":3},"Version":5,"Level":4,"Task":3,"Opcode":0,"Keywords":9223372036854775808,"TimeCreated":{"SystemTime":1783862881.3793807},"EventRecordID":105203,"Correlation":{},"Execution":{"ProcessID":4652,"ThreadID":6168},"Channel":"Microsoft-Windows-Sysmon/Operational","Computer":"LT29.ait.us.es","Security":{"UserID":"S-1-5-18"}},"EventData":{"RuleName":"Usermode","UtcTime":"2026-07-12 13:28:35.683","ProcessGuid":"6BC49A7D-7CD5-6A53-7102-000000009A01","ProcessId":5276,"Image":"C:\\Users\\seguridad\\Desktop\\TFM\\Velociraptor\\velociraptor-v0.75.6-windows-amd64.exe","User":"LT29\\seguridad","Protocol":"tcp","Initiated":false,"SourceIsIpv6":true,"SourceIp":"0:0:0:0:0:0:0:1","SourceHostname":"LT29.ait.us.es","SourcePort":50919,"SourcePortName":"-","DestinationIsIpv6":true,"DestinationIp":"0:0:0:0:0:0:0:1","DestinationHostname":"LT29.ait.us.es","DestinationPort":8443,"DestinationPortName":"-"},"Message":"Network connection detected:\nRuleName: Usermode!s!\nUtcTime: 2026-07-12 13:28:35.683!s!\nProcessGuid: 6BC49A7D-7CD5-6A53-7102-000000009A01!s!\nProcessId: 5276!s!\nImage: C:\\Users\\seguridad\\Desktop\\TFM\\Velociraptor\\velociraptor-v0.75.6-windows-amd64.exe!s!\nUser: LT29\\seguridad!s!\nProtocol: tcp!s!\nInitiated: false!s!\nSourceIsIpv6: true!s!\nSourceIp: 0:0:0:0:0:0:0:1!s!\nSourceHostname: LT29.ait.us.es!s!\nSourcePort: 50919!s!\nSourcePortName: -!s!\nDestinationIsIpv6: true!s!\nDestinationIp: 0:0:0:0:0:0:0:1!s!\nDestinationHostname: LT29.ait.us.es!s!\nDestinationPort: 8443!s!\nDestinationPortName: -!s!\r\n"},"_Source":"Windows.Sigma.BaseEvents","ClientId":"C.364907172793f8c7","_ts":1783863026787}
{"Timestamp":"2026-07-12T13:27:55.847545623Z","Computer":"LT29.ait.us.es","Channel":"Microsoft-Windows-Sysmon/Operational","EID":1,"Level":"low","Title":"Non Interactive PowerShell Process Spawned 2","RecordID":105200,"Details":"Cmdline: powershell.exe  -NoProfile -ExecutionPolicy Bypass -File \"C:\\Users\\seguridad\\Desktop\\TFM\\01_ACTIVE_TESTS\\Pruebas\\TEC-008_Sabotaje\\crear_directorio_dummy.ps1\"  ¦ Proc: C:\\Windows\\System32\\WindowsPowerShell\\v1.0\\powershell.exe ¦ User: LT29\\seguridad ¦ ParentCmdline: \"cmd.exe\" /d /c powershell.exe -NoProfile -ExecutionPolicy Bypass -File \"C:\\Users\\seguridad\\Desktop\\TFM\\01_ACTIVE_TESTS\\Pruebas\\TEC-008_Sabotaje\\crear_directorio_dummy.ps1\"  ¦ LID: 2673153 ¦ LGUID: 6BC49A7D-7A59-6A53-01CA-280000000000 ¦ PID: 4816 ¦ PGUID: 6BC49A7D-965B-6A53-B906-000000009A01 ¦ ParentPID: 1708 ¦ ParentPGUID: 6BC49A7D-965B-6A53-B806-000000009A01 ¦ Description: Windows PowerShell ¦ Product: Microsoft® Windows® Operating System ¦ Company: Microsoft Corporation ¦ Hashes: MD5=DFD66604CA0898E8E26DF7B1635B6326,SHA256=D23B67799A0DA0143E395BA5DB906A22AB08FAC4BD5581E275B1E0F1B3FAC55C,IMPHASH=88CB9A420410BDA787E305B65518A934","_Event":{"System":{"Provider":{"Name":"Microsoft-Windows-Sysmon","Guid":"5770385F-C22A-43E0-BF4C-06F5698FFBD9"},"EventID":{"Value":1},"Version":5,"Level":4,"Task":1,"Opcode":0,"Keywords":9223372036854775808,"TimeCreated":{"SystemTime":1783862875.8475456},"EventRecordID":105200,"Correlation":{},"Execution":{"ProcessID":4652,"ThreadID":6392},"Channel":"Microsoft-Windows-Sysmon/Operational","Computer":"LT29.ait.us.es","Security":{"UserID":"S-1-5-18"}},"EventData":{"RuleName":"-","UtcTime":"2026-07-12 13:27:55.837","ProcessGuid":"6BC49A7D-965B-6A53-B906-000000009A01","ProcessId":4816,"Image":"C:\\Windows\\System32\\WindowsPowerShell\\v1.0\\powershell.exe","FileVersion":"10.0.19041.3393 (WinBuild.160101.0800)","Description":"Windows PowerShell","Product":"Microsoft® Windows® Operating System","Company":"Microsoft Corporation","OriginalFileName":"PowerShell.EXE","CommandLine":"powershell.exe  -NoProfile -ExecutionPolicy Bypass -File \"C:\\Users\\seguridad\\Desktop\\TFM\\01_ACTIVE_TESTS\\Pruebas\\TEC-008_Sabotaje\\crear_directorio_dummy.ps1\" ","CurrentDirectory":"C:\\Windows\\system32\\","User":"LT29\\seguridad","LogonGuid":"6BC49A7D-7A59-6A53-01CA-280000000000","LogonId":2673153,"TerminalSessionId":1,"IntegrityLevel":"High","Hashes":"MD5=DFD66604CA0898E8E26DF7B1635B6326,SHA256=D23B67799A0DA0143E395BA5DB906A22AB08FAC4BD5581E275B1E0F1B3FAC55C,IMPHASH=88CB9A420410BDA787E305B65518A934","ParentProcessGuid":"6BC49A7D-965B-6A53-B806-000000009A01","ParentProcessId":1708,"ParentImage":"C:\\Windows\\System32\\cmd.exe","ParentCommandLine":"\"cmd.exe\" /d /c powershell.exe -NoProfile -ExecutionPolicy Bypass -File \"C:\\Users\\seguridad\\Desktop\\TFM\\01_ACTIVE_TESTS\\Pruebas\\TEC-008_Sabotaje\\crear_directorio_dummy.ps1\" ","ParentUser":"LT29\\seguridad"},"Message":"Process Create:\nRuleName: -!s!\nUtcTime: 2026-07-12 13:27:55.837!s!\nProcessGuid: 6BC49A7D-965B-6A53-B906-000000009A01!s!\nProcessId: 4816!s!\nImage: C:\\Windows\\System32\\WindowsPowerShell\\v1.0\\powershell.exe!s!\nFileVersion: 10.0.19041.3393 (WinBuild.160101.0800)!s!\nDescription: Windows PowerShell!s!\nProduct: Microsoft® Windows® Operating System!s!\nCompany: Microsoft Corporation!s!\nOriginalFileName: PowerShell.EXE!s!\nCommandLine: powershell.exe  -NoProfile -ExecutionPolicy Bypass -File \"C:\\Users\\seguridad\\Desktop\\TFM\\01_ACTIVE_TESTS\\Pruebas\\TEC-008_Sabotaje\\crear_directorio_dummy.ps1\" !s!\nCurrentDirectory: C:\\Windows\\system32\\!s!\nUser: LT29\\seguridad!s!\nLogonGuid: 6BC49A7D-7A59-6A53-01CA-280000000000!s!\nLogonId: 2673153!s!\nTerminalSessionId: 1!s!\nIntegrityLevel: High!s!\nHashes: MD5=DFD66604CA0898E8E26DF7B1635B6326,SHA256=D23B67799A0DA0143E395BA5DB906A22AB08FAC4BD5581E275B1E0F1B3FAC55C,IMPHASH=88CB9A420410BDA787E305B65518A934!s!\nParentProcessGuid: 6BC49A7D-965B-6A53-B806-000000009A01!s!\nParentProcessId: 1708!s!\nParentImage: C:\\Windows\\System32\\cmd.exe!s!\nParentCommandLine: \"cmd.exe\" /d /c powershell.exe -NoProfile -ExecutionPolicy Bypass -File \"C:\\Users\\seguridad\\Desktop\\TFM\\01_ACTIVE_TESTS\\Pruebas\\TEC-008_Sabotaje\\crear_directorio_dummy.ps1\" !s!\nParentUser: LT29\\seguridad!s!\r\n"},"_Source":"Windows.Sigma.BaseEvents","ClientId":"C.364907172793f8c7","_ts":1783863026787}
{"Timestamp":"2026-07-12T13:27:55.847545623Z","Computer":"LT29.ait.us.es","Channel":"Microsoft-Windows-Sysmon/Operational","EID":1,"Level":"medium","Title":"Change PowerShell Policies to an Insecure Level 2","RecordID":105200,"Details":"Cmdline: powershell.exe  -NoProfile -ExecutionPolicy Bypass -File \"C:\\Users\\seguridad\\Desktop\\TFM\\01_ACTIVE_TESTS\\Pruebas\\TEC-008_Sabotaje\\crear_directorio_dummy.ps1\"  ¦ Proc: C:\\Windows\\System32\\WindowsPowerShell\\v1.0\\powershell.exe ¦ User: LT29\\seguridad ¦ ParentCmdline: \"cmd.exe\" /d /c powershell.exe -NoProfile -ExecutionPolicy Bypass -File \"C:\\Users\\seguridad\\Desktop\\TFM\\01_ACTIVE_TESTS\\Pruebas\\TEC-008_Sabotaje\\crear_directorio_dummy.ps1\"  ¦ LID: 2673153 ¦ LGUID: 6BC49A7D-7A59-6A53-01CA-280000000000 ¦ PID: 4816 ¦ PGUID: 6BC49A7D-965B-6A53-B906-000000009A01 ¦ ParentPID: 1708 ¦ ParentPGUID: 6BC49A7D-965B-6A53-B806-000000009A01 ¦ Description: Windows PowerShell ¦ Product: Microsoft® Windows® Operating System ¦ Company: Microsoft Corporation ¦ Hashes: MD5=DFD66604CA0898E8E26DF7B1635B6326,SHA256=D23B67799A0DA0143E395BA5DB906A22AB08FAC4BD5581E275B1E0F1B3FAC55C,IMPHASH=88CB9A420410BDA787E305B65518A934","_Event":{"System":{"Provider":{"Name":"Microsoft-Windows-Sysmon","Guid":"5770385F-C22A-43E0-BF4C-06F5698FFBD9"},"EventID":{"Value":1},"Version":5,"Level":4,"Task":1,"Opcode":0,"Keywords":9223372036854775808,"TimeCreated":{"SystemTime":1783862875.8475456},"EventRecordID":105200,"Correlation":{},"Execution":{"ProcessID":4652,"ThreadID":6392},"Channel":"Microsoft-Windows-Sysmon/Operational","Computer":"LT29.ait.us.es","Security":{"UserID":"S-1-5-18"}},"EventData":{"RuleName":"-","UtcTime":"2026-07-12 13:27:55.837","ProcessGuid":"6BC49A7D-965B-6A53-B906-000000009A01","ProcessId":4816,"Image":"C:\\Windows\\System32\\WindowsPowerShell\\v1.0\\powershell.exe","FileVersion":"10.0.19041.3393 (WinBuild.160101.0800)","Description":"Windows PowerShell","Product":"Microsoft® Windows® Operating System","Company":"Microsoft Corporation","OriginalFileName":"PowerShell.EXE","CommandLine":"powershell.exe  -NoProfile -ExecutionPolicy Bypass -File \"C:\\Users\\seguridad\\Desktop\\TFM\\01_ACTIVE_TESTS\\Pruebas\\TEC-008_Sabotaje\\crear_directorio_dummy.ps1\" ","CurrentDirectory":"C:\\Windows\\system32\\","User":"LT29\\seguridad","LogonGuid":"6BC49A7D-7A59-6A53-01CA-280000000000","LogonId":2673153,"TerminalSessionId":1,"IntegrityLevel":"High","Hashes":"MD5=DFD66604CA0898E8E26DF7B1635B6326,SHA256=D23B67799A0DA0143E395BA5DB906A22AB08FAC4BD5581E275B1E0F1B3FAC55C,IMPHASH=88CB9A420410BDA787E305B65518A934","ParentProcessGuid":"6BC49A7D-965B-6A53-B806-000000009A01","ParentProcessId":1708,"ParentImage":"C:\\Windows\\System32\\cmd.exe","ParentCommandLine":"\"cmd.exe\" /d /c powershell.exe -NoProfile -ExecutionPolicy Bypass -File \"C:\\Users\\seguridad\\Desktop\\TFM\\01_ACTIVE_TESTS\\Pruebas\\TEC-008_Sabotaje\\crear_directorio_dummy.ps1\" ","ParentUser":"LT29\\seguridad"},"Message":"Process Create:\nRuleName: -!s!\nUtcTime: 2026-07-12 13:27:55.837!s!\nProcessGuid: 6BC49A7D-965B-6A53-B906-000000009A01!s!\nProcessId: 4816!s!\nImage: C:\\Windows\\System32\\WindowsPowerShell\\v1.0\\powershell.exe!s!\nFileVersion: 10.0.19041.3393 (WinBuild.160101.0800)!s!\nDescription: Windows PowerShell!s!\nProduct: Microsoft® Windows® Operating System!s!\nCompany: Microsoft Corporation!s!\nOriginalFileName: PowerShell.EXE!s!\nCommandLine: powershell.exe  -NoProfile -ExecutionPolicy Bypass -File \"C:\\Users\\seguridad\\Desktop\\TFM\\01_ACTIVE_TESTS\\Pruebas\\TEC-008_Sabotaje\\crear_directorio_dummy.ps1\" !s!\nCurrentDirectory: C:\\Windows\\system32\\!s!\nUser: LT29\\seguridad!s!\nLogonGuid: 6BC49A7D-7A59-6A53-01CA-280000000000!s!\nLogonId: 2673153!s!\nTerminalSessionId: 1!s!\nIntegrityLevel: High!s!\nHashes: MD5=DFD66604CA0898E8E26DF7B1635B6326,SHA256=D23B67799A0DA0143E395BA5DB906A22AB08FAC4BD5581E275B1E0F1B3FAC55C,IMPHASH=88CB9A420410BDA787E305B65518A934!s!\nParentProcessGuid: 6BC49A7D-965B-6A53-B806-000000009A01!s!\nParentProcessId: 1708!s!\nParentImage: C:\\Windows\\System32\\cmd.exe!s!\nParentCommandLine: \"cmd.exe\" /d /c powershell.exe -NoProfile -ExecutionPolicy Bypass -File \"C:\\Users\\seguridad\\Desktop\\TFM\\01_ACTIVE_TESTS\\Pruebas\\TEC-008_Sabotaje\\crear_directorio_dummy.ps1\" !s!\nParentUser: LT29\\seguridad!s!\r\n"},"_Source":"Windows.Sigma.BaseEvents","ClientId":"C.364907172793f8c7","_ts":1783863026787}
{"Timestamp":"2026-07-12T13:28:19.672203302Z","Computer":"LT29.ait.us.es","Channel":"Microsoft-Windows-Sysmon/Operational","EID":1,"Level":"low","Title":"Non Interactive PowerShell Process Spawned 2","RecordID":105208,"Details":"Cmdline: powershell.exe  -NoProfile -ExecutionPolicy Bypass -File \"C:\\Users\\seguridad\\Desktop\\TFM\\01_ACTIVE_TESTS\\Pruebas\\TEC-008_Sabotaje\\crear_directorio_dummy.ps1\"  ¦ Proc: C:\\Windows\\System32\\WindowsPowerShell\\v1.0\\powershell.exe ¦ User: LT29\\seguridad ¦ ParentCmdline: \"cmd.exe\" /d /c powershell.exe -NoProfile -ExecutionPolicy Bypass -File \"C:\\Users\\seguridad\\Desktop\\TFM\\01_ACTIVE_TESTS\\Pruebas\\TEC-008_Sabotaje\\crear_directorio_dummy.ps1\"  ¦ LID: 2673153 ¦ LGUID: 6BC49A7D-7A59-6A53-01CA-280000000000 ¦ PID: 1908 ¦ PGUID: 6BC49A7D-9673-6A53-BE06-000000009A01 ¦ ParentPID: 10520 ¦ ParentPGUID: 6BC49A7D-9673-6A53-BD06-000000009A01 ¦ Description: Windows PowerShell ¦ Product: Microsoft® Windows® Operating System ¦ Company: Microsoft Corporation ¦ Hashes: MD5=DFD66604CA0898E8E26DF7B1635B6326,SHA256=D23B67799A0DA0143E395BA5DB906A22AB08FAC4BD5581E275B1E0F1B3FAC55C,IMPHASH=88CB9A420410BDA787E305B65518A934","_Event":{"System":{"Provider":{"Name":"Microsoft-Windows-Sysmon","Guid":"5770385F-C22A-43E0-BF4C-06F5698FFBD9"},"EventID":{"Value":1},"Version":5,"Level":4,"Task":1,"Opcode":0,"Keywords":9223372036854775808,"TimeCreated":{"SystemTime":1783862899.6722033},"EventRecordID":105208,"Correlation":{},"Execution":{"ProcessID":4652,"ThreadID":6392},"Channel":"Microsoft-Windows-Sysmon/Operational","Computer":"LT29.ait.us.es","Security":{"UserID":"S-1-5-18"}},"EventData":{"RuleName":"-","UtcTime":"2026-07-12 13:28:19.660","ProcessGuid":"6BC49A7D-9673-6A53-BE06-000000009A01","ProcessId":1908,"Image":"C:\\Windows\\System32\\WindowsPowerShell\\v1.0\\powershell.exe","FileVersion":"10.0.19041.3393 (WinBuild.160101.0800)","Description":"Windows PowerShell","Product":"Microsoft® Windows® Operating System","Company":"Microsoft Corporation","OriginalFileName":"PowerShell.EXE","CommandLine":"powershell.exe  -NoProfile -ExecutionPolicy Bypass -File \"C:\\Users\\seguridad\\Desktop\\TFM\\01_ACTIVE_TESTS\\Pruebas\\TEC-008_Sabotaje\\crear_directorio_dummy.ps1\" ","CurrentDirectory":"C:\\Windows\\system32\\","User":"LT29\\seguridad","LogonGuid":"6BC49A7D-7A59-6A53-01CA-280000000000","LogonId":2673153,"TerminalSessionId":1,"IntegrityLevel":"High","Hashes":"MD5=DFD66604CA0898E8E26DF7B1635B6326,SHA256=D23B67799A0DA0143E395BA5DB906A22AB08FAC4BD5581E275B1E0F1B3FAC55C,IMPHASH=88CB9A420410BDA787E305B65518A934","ParentProcessGuid":"6BC49A7D-9673-6A53-BD06-000000009A01","ParentProcessId":10520,"ParentImage":"C:\\Windows\\System32\\cmd.exe","ParentCommandLine":"\"cmd.exe\" /d /c powershell.exe -NoProfile -ExecutionPolicy Bypass -File \"C:\\Users\\seguridad\\Desktop\\TFM\\01_ACTIVE_TESTS\\Pruebas\\TEC-008_Sabotaje\\crear_directorio_dummy.ps1\" ","ParentUser":"LT29\\seguridad"},"Message":"Process Create:\nRuleName: -!s!\nUtcTime: 2026-07-12 13:28:19.660!s!\nProcessGuid: 6BC49A7D-9673-6A53-BE06-000000009A01!s!\nProcessId: 1908!s!\nImage: C:\\Windows\\System32\\WindowsPowerShell\\v1.0\\powershell.exe!s!\nFileVersion: 10.0.19041.3393 (WinBuild.160101.0800)!s!\nDescription: Windows PowerShell!s!\nProduct: Microsoft® Windows® Operating System!s!\nCompany: Microsoft Corporation!s!\nOriginalFileName: PowerShell.EXE!s!\nCommandLine: powershell.exe  -NoProfile -ExecutionPolicy Bypass -File \"C:\\Users\\seguridad\\Desktop\\TFM\\01_ACTIVE_TESTS\\Pruebas\\TEC-008_Sabotaje\\crear_directorio_dummy.ps1\" !s!\nCurrentDirectory: C:\\Windows\\system32\\!s!\nUser: LT29\\seguridad!s!\nLogonGuid: 6BC49A7D-7A59-6A53-01CA-280000000000!s!\nLogonId: 2673153!s!\nTerminalSessionId: 1!s!\nIntegrityLevel: High!s!\nHashes: MD5=DFD66604CA0898E8E26DF7B1635B6326,SHA256=D23B67799A0DA0143E395BA5DB906A22AB08FAC4BD5581E275B1E0F1B3FAC55C,IMPHASH=88CB9A420410BDA787E305B65518A934!s!\nParentProcessGuid: 6BC49A7D-9673-6A53-BD06-000000009A01!s!\nParentProcessId: 10520!s!\nParentImage: C:\\Windows\\System32\\cmd.exe!s!\nParentCommandLine: \"cmd.exe\" /d /c powershell.exe -NoProfile -ExecutionPolicy Bypass -File \"C:\\Users\\seguridad\\Desktop\\TFM\\01_ACTIVE_TESTS\\Pruebas\\TEC-008_Sabotaje\\crear_directorio_dummy.ps1\" !s!\nParentUser: LT29\\seguridad!s!\r\n"},"_Source":"Windows.Sigma.BaseEvents","ClientId":"C.364907172793f8c7","_ts":1783863026787}
{"Timestamp":"2026-07-12T13:28:19.672203302Z","Computer":"LT29.ait.us.es","Channel":"Microsoft-Windows-Sysmon/Operational","EID":1,"Level":"medium","Title":"Change PowerShell Policies to an Insecure Level 2","RecordID":105208,"Details":"Cmdline: powershell.exe  -NoProfile -ExecutionPolicy Bypass -File \"C:\\Users\\seguridad\\Desktop\\TFM\\01_ACTIVE_TESTS\\Pruebas\\TEC-008_Sabotaje\\crear_directorio_dummy.ps1\"  ¦ Proc: C:\\Windows\\System32\\WindowsPowerShell\\v1.0\\powershell.exe ¦ User: LT29\\seguridad ¦ ParentCmdline: \"cmd.exe\" /d /c powershell.exe -NoProfile -ExecutionPolicy Bypass -File \"C:\\Users\\seguridad\\Desktop\\TFM\\01_ACTIVE_TESTS\\Pruebas\\TEC-008_Sabotaje\\crear_directorio_dummy.ps1\"  ¦ LID: 2673153 ¦ LGUID: 6BC49A7D-7A59-6A53-01CA-280000000000 ¦ PID: 1908 ¦ PGUID: 6BC49A7D-9673-6A53-BE06-000000009A01 ¦ ParentPID: 10520 ¦ ParentPGUID: 6BC49A7D-9673-6A53-BD06-000000009A01 ¦ Description: Windows PowerShell ¦ Product: Microsoft® Windows® Operating System ¦ Company: Microsoft Corporation ¦ Hashes: MD5=DFD66604CA0898E8E26DF7B1635B6326,SHA256=D23B67799A0DA0143E395BA5DB906A22AB08FAC4BD5581E275B1E0F1B3FAC55C,IMPHASH=88CB9A420410BDA787E305B65518A934","_Event":{"System":{"Provider":{"Name":"Microsoft-Windows-Sysmon","Guid":"5770385F-C22A-43E0-BF4C-06F5698FFBD9"},"EventID":{"Value":1},"Version":5,"Level":4,"Task":1,"Opcode":0,"Keywords":9223372036854775808,"TimeCreated":{"SystemTime":1783862899.6722033},"EventRecordID":105208,"Correlation":{},"Execution":{"ProcessID":4652,"ThreadID":6392},"Channel":"Microsoft-Windows-Sysmon/Operational","Computer":"LT29.ait.us.es","Security":{"UserID":"S-1-5-18"}},"EventData":{"RuleName":"-","UtcTime":"2026-07-12 13:28:19.660","ProcessGuid":"6BC49A7D-9673-6A53-BE06-000000009A01","ProcessId":1908,"Image":"C:\\Windows\\System32\\WindowsPowerShell\\v1.0\\powershell.exe","FileVersion":"10.0.19041.3393 (WinBuild.160101.0800)","Description":"Windows PowerShell","Product":"Microsoft® Windows® Operating System","Company":"Microsoft Corporation","OriginalFileName":"PowerShell.EXE","CommandLine":"powershell.exe  -NoProfile -ExecutionPolicy Bypass -File \"C:\\Users\\seguridad\\Desktop\\TFM\\01_ACTIVE_TESTS\\Pruebas\\TEC-008_Sabotaje\\crear_directorio_dummy.ps1\" ","CurrentDirectory":"C:\\Windows\\system32\\","User":"LT29\\seguridad","LogonGuid":"6BC49A7D-7A59-6A53-01CA-280000000000","LogonId":2673153,"TerminalSessionId":1,"IntegrityLevel":"High","Hashes":"MD5=DFD66604CA0898E8E26DF7B1635B6326,SHA256=D23B67799A0DA0143E395BA5DB906A22AB08FAC4BD5581E275B1E0F1B3FAC55C,IMPHASH=88CB9A420410BDA787E305B65518A934","ParentProcessGuid":"6BC49A7D-9673-6A53-BD06-000000009A01","ParentProcessId":10520,"ParentImage":"C:\\Windows\\System32\\cmd.exe","ParentCommandLine":"\"cmd.exe\" /d /c powershell.exe -NoProfile -ExecutionPolicy Bypass -File \"C:\\Users\\seguridad\\Desktop\\TFM\\01_ACTIVE_TESTS\\Pruebas\\TEC-008_Sabotaje\\crear_directorio_dummy.ps1\" ","ParentUser":"LT29\\seguridad"},"Message":"Process Create:\nRuleName: -!s!\nUtcTime: 2026-07-12 13:28:19.660!s!\nProcessGuid: 6BC49A7D-9673-6A53-BE06-000000009A01!s!\nProcessId: 1908!s!\nImage: C:\\Windows\\System32\\WindowsPowerShell\\v1.0\\powershell.exe!s!\nFileVersion: 10.0.19041.3393 (WinBuild.160101.0800)!s!\nDescription: Windows PowerShell!s!\nProduct: Microsoft® Windows® Operating System!s!\nCompany: Microsoft Corporation!s!\nOriginalFileName: PowerShell.EXE!s!\nCommandLine: powershell.exe  -NoProfile -ExecutionPolicy Bypass -File \"C:\\Users\\seguridad\\Desktop\\TFM\\01_ACTIVE_TESTS\\Pruebas\\TEC-008_Sabotaje\\crear_directorio_dummy.ps1\" !s!\nCurrentDirectory: C:\\Windows\\system32\\!s!\nUser: LT29\\seguridad!s!\nLogonGuid: 6BC49A7D-7A59-6A53-01CA-280000000000!s!\nLogonId: 2673153!s!\nTerminalSessionId: 1!s!\nIntegrityLevel: High!s!\nHashes: MD5=DFD66604CA0898E8E26DF7B1635B6326,SHA256=D23B67799A0DA0143E395BA5DB906A22AB08FAC4BD5581E275B1E0F1B3FAC55C,IMPHASH=88CB9A420410BDA787E305B65518A934!s!\nParentProcessGuid: 6BC49A7D-9673-6A53-BD06-000000009A01!s!\nParentProcessId: 10520!s!\nParentImage: C:\\Windows\\System32\\cmd.exe!s!\nParentCommandLine: \"cmd.exe\" /d /c powershell.exe -NoProfile -ExecutionPolicy Bypass -File \"C:\\Users\\seguridad\\Desktop\\TFM\\01_ACTIVE_TESTS\\Pruebas\\TEC-008_Sabotaje\\crear_directorio_dummy.ps1\" !s!\nParentUser: LT29\\seguridad!s!\r\n"},"_Source":"Windows.Sigma.BaseEvents","ClientId":"C.364907172793f8c7","_ts":1783863026787}
