{"Timestamp":"2026-07-12T13:20:54.835516691Z","Computer":"LT29.ait.us.es","Channel":"Microsoft-Windows-Windows Defender/Operational","EID":1116,"Level":"critical","Title":"Defender Alert (Severe)","RecordID":6282,"Details":"Threat: Trojan:VBA/Killav.VD!MTB ¦ Severity: Grave ¦ Type: Caballo de Troya ¦ User: LT29\\seguridad ¦ Path: file:_C:\\Windows\\Temp\\server_artifacts\\Server.Internal.ArtifactModification\\2026-07-12.json ¦ Proc: C:\\Users\\seguridad\\Desktop\\TFM\\Velociraptor\\velociraptor-v0.75.6-windows-amd64.exe","_Event":{"System":{"Provider":{"Name":"Microsoft-Windows-Windows Defender","Guid":"11CD958A-C507-4EF3-B3F2-5FD9DFBD2C78"},"EventID":{"Value":1116},"Version":0,"Level":3,"Task":0,"Opcode":0,"Keywords":9223372036854775808,"TimeCreated":{"SystemTime":1783862454.8355167},"EventRecordID":6282,"Correlation":{},"Execution":{"ProcessID":4628,"ThreadID":11212},"Channel":"Microsoft-Windows-Windows Defender/Operational","Computer":"LT29.ait.us.es","Security":{"UserID":"S-1-5-18"}},"EventData":{"Product Name":"Antivirus de Microsoft Defender","Product Version":"4.18.26060.3008","Detection ID":"{A7249765-EA8C-48FE-A8AA-8A45E4672DC2}","Detection Time":"2026-07-12T13:20:47.123Z","Unused":"","Unused2":"","Threat ID":"2147970558","Threat Name":"Trojan:VBA/Killav.VD!MTB","Severity ID":"5","Severity Name":"Grave","Category ID":"8","Category Name":"Caballo de Troya","FWLink":"https://go.microsoft.com/fwlink/?linkid=37020\u0026name=Trojan:VBA/Killav.VD!MTB\u0026threatid=2147970558\u0026enterprise=0","Status Code":"1","Status Description":"","State":"1","Source ID":"3","Source Name":"Protección en tiempo real","Process Name":"C:\\Users\\seguridad\\Desktop\\TFM\\Velociraptor\\velociraptor-v0.75.6-windows-amd64.exe","Detection User":"LT29\\seguridad","Unused3":"","Path":"file:_C:\\Windows\\Temp\\server_artifacts\\Server.Internal.ArtifactModification\\2026-07-12.json","Origin ID":"1","Origin Name":"Equipo local","Execution ID":"1","Execution Name":"Suspendido","Type ID":"0","Type Name":"Concreto","Pre Execution Status":"0","Action ID":"9","Action Name":"No aplicable","Unused4":"","Error Code":"0x00000000","Error Description":"La operación se completó correctamente. ","Unused5":"","Post Clean Status":"0","Additional Actions ID":"0","Additional Actions String":"No additional actions required","Remediation User":"","Unused6":"","Security intelligence Version":"AV: 1.455.102.0, AS: 1.455.102.0, NIS: 1.455.102.0","Engine Version":"AM: 1.1.26060.3008, NIS: 1.1.26060.3008"},"Message":"Antivirus de Microsoft Defender 已偵測到惡意程式碼或其他潛在的垃圾軟體。\n如需詳細資訊，請參閱以下資訊:\nhttps://go.microsoft.com/fwlink/?linkid=37020\u0026name=Trojan:VBA/Killav.VD!MTB\u0026threatid=2147970558\u0026enterprise=0\n \t名稱:%bTrojan:VBA/Killav.VD!MTB\n \t識別碼:%b2147970558\n \t嚴重性:%bGrave\n \t類別:%bCaballo de Troya\n \t路徑:%bfile:_C:\\Windows\\Temp\\server_artifacts\\Server.Internal.ArtifactModification\\2026-07-12.json\n \t偵測原點:%bEquipo local\n \t偵測類型:%bConcreto\n \t偵測來源:%bProtección en tiempo real\n \t使用者:%bLT29\\seguridad\n \t處理序名稱:%bC:\\Users\\seguridad\\Desktop\\TFM\\Velociraptor\\velociraptor-v0.75.6-windows-amd64.exe\n \t安全性情報版本:%bAV: 1.455.102.0, AS: 1.455.102.0, NIS: 1.455.102.0\n \t引擎版本:%bAM: 1.1.26060.3008, NIS: 1.1.26060.3008\r\n"},"_Source":"Windows.Sigma.BaseEvents","ClientId":"C.364907172793f8c7","_ts":1783862616592}
{"Timestamp":"2026-07-12T13:21:00.426696062Z","Computer":"LT29.ait.us.es","Channel":"Microsoft-Windows-Windows Defender/Operational","EID":1116,"Level":"critical","Title":"Defender Alert (Severe)","RecordID":6283,"Details":"Threat: Trojan:VBA/Killav.VD!MTB ¦ Severity: Grave ¦ Type: Caballo de Troya ¦ User: LT29\\seguridad ¦ Path: file:_C:\\Windows\\Temp\\server_artifacts\\Server.Internal.ArtifactModification\\2026-07-12.json ¦ Proc: C:\\Users\\seguridad\\Desktop\\TFM\\Velociraptor\\velociraptor-v0.75.6-windows-amd64.exe","_Event":{"System":{"Provider":{"Name":"Microsoft-Windows-Windows Defender","Guid":"11CD958A-C507-4EF3-B3F2-5FD9DFBD2C78"},"EventID":{"Value":1116},"Version":0,"Level":3,"Task":0,"Opcode":0,"Keywords":9223372036854775808,"TimeCreated":{"SystemTime":1783862460.426696},"EventRecordID":6283,"Correlation":{},"Execution":{"ProcessID":4628,"ThreadID":8524},"Channel":"Microsoft-Windows-Windows Defender/Operational","Computer":"LT29.ait.us.es","Security":{"UserID":"S-1-5-18"}},"EventData":{"Product Name":"Antivirus de Microsoft Defender","Product Version":"4.18.26060.3008","Detection ID":"{D6C64A6E-3B6D-4F86-A476-5D4124FC61B1}","Detection Time":"2026-07-12T13:20:55.892Z","Unused":"","Unused2":"","Threat ID":"2147970558","Threat Name":"Trojan:VBA/Killav.VD!MTB","Severity ID":"5","Severity Name":"Grave","Category ID":"8","Category Name":"Caballo de Troya","FWLink":"https://go.microsoft.com/fwlink/?linkid=37020\u0026name=Trojan:VBA/Killav.VD!MTB\u0026threatid=2147970558\u0026enterprise=0","Status Code":"1","Status Description":"","State":"1","Source ID":"3","Source Name":"Protección en tiempo real","Process Name":"C:\\Users\\seguridad\\Desktop\\TFM\\Velociraptor\\velociraptor-v0.75.6-windows-amd64.exe","Detection User":"LT29\\seguridad","Unused3":"","Path":"file:_C:\\Windows\\Temp\\server_artifacts\\Server.Internal.ArtifactModification\\2026-07-12.json","Origin ID":"1","Origin Name":"Equipo local","Execution ID":"1","Execution Name":"Suspendido","Type ID":"0","Type Name":"Concreto","Pre Execution Status":"0","Action ID":"9","Action Name":"No aplicable","Unused4":"","Error Code":"0x00000000","Error Description":"La operación se completó correctamente. ","Unused5":"","Post Clean Status":"0","Additional Actions ID":"0","Additional Actions String":"No additional actions required","Remediation User":"","Unused6":"","Security intelligence Version":"AV: 1.455.102.0, AS: 1.455.102.0, NIS: 1.455.102.0","Engine Version":"AM: 1.1.26060.3008, NIS: 1.1.26060.3008"},"Message":"Antivirus de Microsoft Defender 已偵測到惡意程式碼或其他潛在的垃圾軟體。\n如需詳細資訊，請參閱以下資訊:\nhttps://go.microsoft.com/fwlink/?linkid=37020\u0026name=Trojan:VBA/Killav.VD!MTB\u0026threatid=2147970558\u0026enterprise=0\n \t名稱:%bTrojan:VBA/Killav.VD!MTB\n \t識別碼:%b2147970558\n \t嚴重性:%bGrave\n \t類別:%bCaballo de Troya\n \t路徑:%bfile:_C:\\Windows\\Temp\\server_artifacts\\Server.Internal.ArtifactModification\\2026-07-12.json\n \t偵測原點:%bEquipo local\n \t偵測類型:%bConcreto\n \t偵測來源:%bProtección en tiempo real\n \t使用者:%bLT29\\seguridad\n \t處理序名稱:%bC:\\Users\\seguridad\\Desktop\\TFM\\Velociraptor\\velociraptor-v0.75.6-windows-amd64.exe\n \t安全性情報版本:%bAV: 1.455.102.0, AS: 1.455.102.0, NIS: 1.455.102.0\n \t引擎版本:%bAM: 1.1.26060.3008, NIS: 1.1.26060.3008\r\n"},"_Source":"Windows.Sigma.BaseEvents","ClientId":"C.364907172793f8c7","_ts":1783862616592}
{"Timestamp":"2026-07-12T13:20:54.835516691Z","Computer":"LT29.ait.us.es","Channel":"Microsoft-Windows-Windows Defender/Operational","EID":1116,"Level":"critical","Title":"Defender Alert (Severe)","RecordID":6282,"Details":"Threat: Trojan:VBA/Killav.VD!MTB ¦ Severity: Grave ¦ Type: Caballo de Troya ¦ User: LT29\\seguridad ¦ Path: file:_C:\\Windows\\Temp\\server_artifacts\\Server.Internal.ArtifactModification\\2026-07-12.json ¦ Proc: C:\\Users\\seguridad\\Desktop\\TFM\\Velociraptor\\velociraptor-v0.75.6-windows-amd64.exe","_Event":{"System":{"Provider":{"Name":"Microsoft-Windows-Windows Defender","Guid":"11CD958A-C507-4EF3-B3F2-5FD9DFBD2C78"},"EventID":{"Value":1116},"Version":0,"Level":3,"Task":0,"Opcode":0,"Keywords":9223372036854775808,"TimeCreated":{"SystemTime":1783862454.8355167},"EventRecordID":6282,"Correlation":{},"Execution":{"ProcessID":4628,"ThreadID":11212},"Channel":"Microsoft-Windows-Windows Defender/Operational","Computer":"LT29.ait.us.es","Security":{"UserID":"S-1-5-18"}},"EventData":{"Product Name":"Antivirus de Microsoft Defender","Product Version":"4.18.26060.3008","Detection ID":"{A7249765-EA8C-48FE-A8AA-8A45E4672DC2}","Detection Time":"2026-07-12T13:20:47.123Z","Unused":"","Unused2":"","Threat ID":"2147970558","Threat Name":"Trojan:VBA/Killav.VD!MTB","Severity ID":"5","Severity Name":"Grave","Category ID":"8","Category Name":"Caballo de Troya","FWLink":"https://go.microsoft.com/fwlink/?linkid=37020\u0026name=Trojan:VBA/Killav.VD!MTB\u0026threatid=2147970558\u0026enterprise=0","Status Code":"1","Status Description":"","State":"1","Source ID":"3","Source Name":"Protección en tiempo real","Process Name":"C:\\Users\\seguridad\\Desktop\\TFM\\Velociraptor\\velociraptor-v0.75.6-windows-amd64.exe","Detection User":"LT29\\seguridad","Unused3":"","Path":"file:_C:\\Windows\\Temp\\server_artifacts\\Server.Internal.ArtifactModification\\2026-07-12.json","Origin ID":"1","Origin Name":"Equipo local","Execution ID":"1","Execution Name":"Suspendido","Type ID":"0","Type Name":"Concreto","Pre Execution Status":"0","Action ID":"9","Action Name":"No aplicable","Unused4":"","Error Code":"0x00000000","Error Description":"La operación se completó correctamente. ","Unused5":"","Post Clean Status":"0","Additional Actions ID":"0","Additional Actions String":"No additional actions required","Remediation User":"","Unused6":"","Security intelligence Version":"AV: 1.455.102.0, AS: 1.455.102.0, NIS: 1.455.102.0","Engine Version":"AM: 1.1.26060.3008, NIS: 1.1.26060.3008"},"Message":"Antivirus de Microsoft Defender 已偵測到惡意程式碼或其他潛在的垃圾軟體。\n如需詳細資訊，請參閱以下資訊:\nhttps://go.microsoft.com/fwlink/?linkid=37020\u0026name=Trojan:VBA/Killav.VD!MTB\u0026threatid=2147970558\u0026enterprise=0\n \t名稱:%bTrojan:VBA/Killav.VD!MTB\n \t識別碼:%b2147970558\n \t嚴重性:%bGrave\n \t類別:%bCaballo de Troya\n \t路徑:%bfile:_C:\\Windows\\Temp\\server_artifacts\\Server.Internal.ArtifactModification\\2026-07-12.json\n \t偵測原點:%bEquipo local\n \t偵測類型:%bConcreto\n \t偵測來源:%bProtección en tiempo real\n \t使用者:%bLT29\\seguridad\n \t處理序名稱:%bC:\\Users\\seguridad\\Desktop\\TFM\\Velociraptor\\velociraptor-v0.75.6-windows-amd64.exe\n \t安全性情報版本:%bAV: 1.455.102.0, AS: 1.455.102.0, NIS: 1.455.102.0\n \t引擎版本:%bAM: 1.1.26060.3008, NIS: 1.1.26060.3008\r\n"},"_Source":"Windows.Sigma.BaseEvents","ClientId":"C.364907172793f8c7","_ts":1783862616592}
{"Timestamp":"2026-07-12T13:20:54.835516691Z","Computer":"LT29.ait.us.es","Channel":"Microsoft-Windows-Windows Defender/Operational","EID":1116,"Level":"high","Title":"Antivirus Relevant File Paths Alerts","RecordID":6282,"Details":"Threat: Trojan:VBA/Killav.VD!MTB ¦ Severity: Grave ¦ Type: Caballo de Troya ¦ User: LT29\\seguridad ¦ Path: file:_C:\\Windows\\Temp\\server_artifacts\\Server.Internal.ArtifactModification\\2026-07-12.json ¦ Proc: C:\\Users\\seguridad\\Desktop\\TFM\\Velociraptor\\velociraptor-v0.75.6-windows-amd64.exe","_Event":{"System":{"Provider":{"Name":"Microsoft-Windows-Windows Defender","Guid":"11CD958A-C507-4EF3-B3F2-5FD9DFBD2C78"},"EventID":{"Value":1116},"Version":0,"Level":3,"Task":0,"Opcode":0,"Keywords":9223372036854775808,"TimeCreated":{"SystemTime":1783862454.8355167},"EventRecordID":6282,"Correlation":{},"Execution":{"ProcessID":4628,"ThreadID":11212},"Channel":"Microsoft-Windows-Windows Defender/Operational","Computer":"LT29.ait.us.es","Security":{"UserID":"S-1-5-18"}},"EventData":{"Product Name":"Antivirus de Microsoft Defender","Product Version":"4.18.26060.3008","Detection ID":"{A7249765-EA8C-48FE-A8AA-8A45E4672DC2}","Detection Time":"2026-07-12T13:20:47.123Z","Unused":"","Unused2":"","Threat ID":"2147970558","Threat Name":"Trojan:VBA/Killav.VD!MTB","Severity ID":"5","Severity Name":"Grave","Category ID":"8","Category Name":"Caballo de Troya","FWLink":"https://go.microsoft.com/fwlink/?linkid=37020\u0026name=Trojan:VBA/Killav.VD!MTB\u0026threatid=2147970558\u0026enterprise=0","Status Code":"1","Status Description":"","State":"1","Source ID":"3","Source Name":"Protección en tiempo real","Process Name":"C:\\Users\\seguridad\\Desktop\\TFM\\Velociraptor\\velociraptor-v0.75.6-windows-amd64.exe","Detection User":"LT29\\seguridad","Unused3":"","Path":"file:_C:\\Windows\\Temp\\server_artifacts\\Server.Internal.ArtifactModification\\2026-07-12.json","Origin ID":"1","Origin Name":"Equipo local","Execution ID":"1","Execution Name":"Suspendido","Type ID":"0","Type Name":"Concreto","Pre Execution Status":"0","Action ID":"9","Action Name":"No aplicable","Unused4":"","Error Code":"0x00000000","Error Description":"La operación se completó correctamente. ","Unused5":"","Post Clean Status":"0","Additional Actions ID":"0","Additional Actions String":"No additional actions required","Remediation User":"","Unused6":"","Security intelligence Version":"AV: 1.455.102.0, AS: 1.455.102.0, NIS: 1.455.102.0","Engine Version":"AM: 1.1.26060.3008, NIS: 1.1.26060.3008"},"Message":"Antivirus de Microsoft Defender 已偵測到惡意程式碼或其他潛在的垃圾軟體。\n如需詳細資訊，請參閱以下資訊:\nhttps://go.microsoft.com/fwlink/?linkid=37020\u0026name=Trojan:VBA/Killav.VD!MTB\u0026threatid=2147970558\u0026enterprise=0\n \t名稱:%bTrojan:VBA/Killav.VD!MTB\n \t識別碼:%b2147970558\n \t嚴重性:%bGrave\n \t類別:%bCaballo de Troya\n \t路徑:%bfile:_C:\\Windows\\Temp\\server_artifacts\\Server.Internal.ArtifactModification\\2026-07-12.json\n \t偵測原點:%bEquipo local\n \t偵測類型:%bConcreto\n \t偵測來源:%bProtección en tiempo real\n \t使用者:%bLT29\\seguridad\n \t處理序名稱:%bC:\\Users\\seguridad\\Desktop\\TFM\\Velociraptor\\velociraptor-v0.75.6-windows-amd64.exe\n \t安全性情報版本:%bAV: 1.455.102.0, AS: 1.455.102.0, NIS: 1.455.102.0\n \t引擎版本:%bAM: 1.1.26060.3008, NIS: 1.1.26060.3008\r\n"},"_Source":"Windows.Sigma.BaseEvents","ClientId":"C.364907172793f8c7","_ts":1783862616592}
{"Timestamp":"2026-07-12T13:21:00.426696062Z","Computer":"LT29.ait.us.es","Channel":"Microsoft-Windows-Windows Defender/Operational","EID":1116,"Level":"high","Title":"Antivirus Relevant File Paths Alerts","RecordID":6283,"Details":"Threat: Trojan:VBA/Killav.VD!MTB ¦ Severity: Grave ¦ Type: Caballo de Troya ¦ User: LT29\\seguridad ¦ Path: file:_C:\\Windows\\Temp\\server_artifacts\\Server.Internal.ArtifactModification\\2026-07-12.json ¦ Proc: C:\\Users\\seguridad\\Desktop\\TFM\\Velociraptor\\velociraptor-v0.75.6-windows-amd64.exe","_Event":{"System":{"Provider":{"Name":"Microsoft-Windows-Windows Defender","Guid":"11CD958A-C507-4EF3-B3F2-5FD9DFBD2C78"},"EventID":{"Value":1116},"Version":0,"Level":3,"Task":0,"Opcode":0,"Keywords":9223372036854775808,"TimeCreated":{"SystemTime":1783862460.426696},"EventRecordID":6283,"Correlation":{},"Execution":{"ProcessID":4628,"ThreadID":8524},"Channel":"Microsoft-Windows-Windows Defender/Operational","Computer":"LT29.ait.us.es","Security":{"UserID":"S-1-5-18"}},"EventData":{"Product Name":"Antivirus de Microsoft Defender","Product Version":"4.18.26060.3008","Detection ID":"{D6C64A6E-3B6D-4F86-A476-5D4124FC61B1}","Detection Time":"2026-07-12T13:20:55.892Z","Unused":"","Unused2":"","Threat ID":"2147970558","Threat Name":"Trojan:VBA/Killav.VD!MTB","Severity ID":"5","Severity Name":"Grave","Category ID":"8","Category Name":"Caballo de Troya","FWLink":"https://go.microsoft.com/fwlink/?linkid=37020\u0026name=Trojan:VBA/Killav.VD!MTB\u0026threatid=2147970558\u0026enterprise=0","Status Code":"1","Status Description":"","State":"1","Source ID":"3","Source Name":"Protección en tiempo real","Process Name":"C:\\Users\\seguridad\\Desktop\\TFM\\Velociraptor\\velociraptor-v0.75.6-windows-amd64.exe","Detection User":"LT29\\seguridad","Unused3":"","Path":"file:_C:\\Windows\\Temp\\server_artifacts\\Server.Internal.ArtifactModification\\2026-07-12.json","Origin ID":"1","Origin Name":"Equipo local","Execution ID":"1","Execution Name":"Suspendido","Type ID":"0","Type Name":"Concreto","Pre Execution Status":"0","Action ID":"9","Action Name":"No aplicable","Unused4":"","Error Code":"0x00000000","Error Description":"La operación se completó correctamente. ","Unused5":"","Post Clean Status":"0","Additional Actions ID":"0","Additional Actions String":"No additional actions required","Remediation User":"","Unused6":"","Security intelligence Version":"AV: 1.455.102.0, AS: 1.455.102.0, NIS: 1.455.102.0","Engine Version":"AM: 1.1.26060.3008, NIS: 1.1.26060.3008"},"Message":"Antivirus de Microsoft Defender 已偵測到惡意程式碼或其他潛在的垃圾軟體。\n如需詳細資訊，請參閱以下資訊:\nhttps://go.microsoft.com/fwlink/?linkid=37020\u0026name=Trojan:VBA/Killav.VD!MTB\u0026threatid=2147970558\u0026enterprise=0\n \t名稱:%bTrojan:VBA/Killav.VD!MTB\n \t識別碼:%b2147970558\n \t嚴重性:%bGrave\n \t類別:%bCaballo de Troya\n \t路徑:%bfile:_C:\\Windows\\Temp\\server_artifacts\\Server.Internal.ArtifactModification\\2026-07-12.json\n \t偵測原點:%bEquipo local\n \t偵測類型:%bConcreto\n \t偵測來源:%bProtección en tiempo real\n \t使用者:%bLT29\\seguridad\n \t處理序名稱:%bC:\\Users\\seguridad\\Desktop\\TFM\\Velociraptor\\velociraptor-v0.75.6-windows-amd64.exe\n \t安全性情報版本:%bAV: 1.455.102.0, AS: 1.455.102.0, NIS: 1.455.102.0\n \t引擎版本:%bAM: 1.1.26060.3008, NIS: 1.1.26060.3008\r\n"},"_Source":"Windows.Sigma.BaseEvents","ClientId":"C.364907172793f8c7","_ts":1783862616592}
{"Timestamp":"2026-07-12T13:21:00.426696062Z","Computer":"LT29.ait.us.es","Channel":"Microsoft-Windows-Windows Defender/Operational","EID":1116,"Level":"critical","Title":"Defender Alert (Severe)","RecordID":6283,"Details":"Threat: Trojan:VBA/Killav.VD!MTB ¦ Severity: Grave ¦ Type: Caballo de Troya ¦ User: LT29\\seguridad ¦ Path: file:_C:\\Windows\\Temp\\server_artifacts\\Server.Internal.ArtifactModification\\2026-07-12.json ¦ Proc: C:\\Users\\seguridad\\Desktop\\TFM\\Velociraptor\\velociraptor-v0.75.6-windows-amd64.exe","_Event":{"System":{"Provider":{"Name":"Microsoft-Windows-Windows Defender","Guid":"11CD958A-C507-4EF3-B3F2-5FD9DFBD2C78"},"EventID":{"Value":1116},"Version":0,"Level":3,"Task":0,"Opcode":0,"Keywords":9223372036854775808,"TimeCreated":{"SystemTime":1783862460.426696},"EventRecordID":6283,"Correlation":{},"Execution":{"ProcessID":4628,"ThreadID":8524},"Channel":"Microsoft-Windows-Windows Defender/Operational","Computer":"LT29.ait.us.es","Security":{"UserID":"S-1-5-18"}},"EventData":{"Product Name":"Antivirus de Microsoft Defender","Product Version":"4.18.26060.3008","Detection ID":"{D6C64A6E-3B6D-4F86-A476-5D4124FC61B1}","Detection Time":"2026-07-12T13:20:55.892Z","Unused":"","Unused2":"","Threat ID":"2147970558","Threat Name":"Trojan:VBA/Killav.VD!MTB","Severity ID":"5","Severity Name":"Grave","Category ID":"8","Category Name":"Caballo de Troya","FWLink":"https://go.microsoft.com/fwlink/?linkid=37020\u0026name=Trojan:VBA/Killav.VD!MTB\u0026threatid=2147970558\u0026enterprise=0","Status Code":"1","Status Description":"","State":"1","Source ID":"3","Source Name":"Protección en tiempo real","Process Name":"C:\\Users\\seguridad\\Desktop\\TFM\\Velociraptor\\velociraptor-v0.75.6-windows-amd64.exe","Detection User":"LT29\\seguridad","Unused3":"","Path":"file:_C:\\Windows\\Temp\\server_artifacts\\Server.Internal.ArtifactModification\\2026-07-12.json","Origin ID":"1","Origin Name":"Equipo local","Execution ID":"1","Execution Name":"Suspendido","Type ID":"0","Type Name":"Concreto","Pre Execution Status":"0","Action ID":"9","Action Name":"No aplicable","Unused4":"","Error Code":"0x00000000","Error Description":"La operación se completó correctamente. ","Unused5":"","Post Clean Status":"0","Additional Actions ID":"0","Additional Actions String":"No additional actions required","Remediation User":"","Unused6":"","Security intelligence Version":"AV: 1.455.102.0, AS: 1.455.102.0, NIS: 1.455.102.0","Engine Version":"AM: 1.1.26060.3008, NIS: 1.1.26060.3008"},"Message":"Antivirus de Microsoft Defender 已偵測到惡意程式碼或其他潛在的垃圾軟體。\n如需詳細資訊，請參閱以下資訊:\nhttps://go.microsoft.com/fwlink/?linkid=37020\u0026name=Trojan:VBA/Killav.VD!MTB\u0026threatid=2147970558\u0026enterprise=0\n \t名稱:%bTrojan:VBA/Killav.VD!MTB\n \t識別碼:%b2147970558\n \t嚴重性:%bGrave\n \t類別:%bCaballo de Troya\n \t路徑:%bfile:_C:\\Windows\\Temp\\server_artifacts\\Server.Internal.ArtifactModification\\2026-07-12.json\n \t偵測原點:%bEquipo local\n \t偵測類型:%bConcreto\n \t偵測來源:%bProtección en tiempo real\n \t使用者:%bLT29\\seguridad\n \t處理序名稱:%bC:\\Users\\seguridad\\Desktop\\TFM\\Velociraptor\\velociraptor-v0.75.6-windows-amd64.exe\n \t安全性情報版本:%bAV: 1.455.102.0, AS: 1.455.102.0, NIS: 1.455.102.0\n \t引擎版本:%bAM: 1.1.26060.3008, NIS: 1.1.26060.3008\r\n"},"_Source":"Windows.Sigma.BaseEvents","ClientId":"C.364907172793f8c7","_ts":1783862616592}
{"Timestamp":"2026-07-12T13:20:54.835516691Z","Computer":"LT29.ait.us.es","Channel":"Microsoft-Windows-Windows Defender/Operational","EID":1116,"Level":"high","Title":"Antivirus Relevant File Paths Alerts","RecordID":6282,"Details":"Threat: Trojan:VBA/Killav.VD!MTB ¦ Severity: Grave ¦ Type: Caballo de Troya ¦ User: LT29\\seguridad ¦ Path: file:_C:\\Windows\\Temp\\server_artifacts\\Server.Internal.ArtifactModification\\2026-07-12.json ¦ Proc: C:\\Users\\seguridad\\Desktop\\TFM\\Velociraptor\\velociraptor-v0.75.6-windows-amd64.exe","_Event":{"System":{"Provider":{"Name":"Microsoft-Windows-Windows Defender","Guid":"11CD958A-C507-4EF3-B3F2-5FD9DFBD2C78"},"EventID":{"Value":1116},"Version":0,"Level":3,"Task":0,"Opcode":0,"Keywords":9223372036854775808,"TimeCreated":{"SystemTime":1783862454.8355167},"EventRecordID":6282,"Correlation":{},"Execution":{"ProcessID":4628,"ThreadID":11212},"Channel":"Microsoft-Windows-Windows Defender/Operational","Computer":"LT29.ait.us.es","Security":{"UserID":"S-1-5-18"}},"EventData":{"Product Name":"Antivirus de Microsoft Defender","Product Version":"4.18.26060.3008","Detection ID":"{A7249765-EA8C-48FE-A8AA-8A45E4672DC2}","Detection Time":"2026-07-12T13:20:47.123Z","Unused":"","Unused2":"","Threat ID":"2147970558","Threat Name":"Trojan:VBA/Killav.VD!MTB","Severity ID":"5","Severity Name":"Grave","Category ID":"8","Category Name":"Caballo de Troya","FWLink":"https://go.microsoft.com/fwlink/?linkid=37020\u0026name=Trojan:VBA/Killav.VD!MTB\u0026threatid=2147970558\u0026enterprise=0","Status Code":"1","Status Description":"","State":"1","Source ID":"3","Source Name":"Protección en tiempo real","Process Name":"C:\\Users\\seguridad\\Desktop\\TFM\\Velociraptor\\velociraptor-v0.75.6-windows-amd64.exe","Detection User":"LT29\\seguridad","Unused3":"","Path":"file:_C:\\Windows\\Temp\\server_artifacts\\Server.Internal.ArtifactModification\\2026-07-12.json","Origin ID":"1","Origin Name":"Equipo local","Execution ID":"1","Execution Name":"Suspendido","Type ID":"0","Type Name":"Concreto","Pre Execution Status":"0","Action ID":"9","Action Name":"No aplicable","Unused4":"","Error Code":"0x00000000","Error Description":"La operación se completó correctamente. ","Unused5":"","Post Clean Status":"0","Additional Actions ID":"0","Additional Actions String":"No additional actions required","Remediation User":"","Unused6":"","Security intelligence Version":"AV: 1.455.102.0, AS: 1.455.102.0, NIS: 1.455.102.0","Engine Version":"AM: 1.1.26060.3008, NIS: 1.1.26060.3008"},"Message":"Antivirus de Microsoft Defender 已偵測到惡意程式碼或其他潛在的垃圾軟體。\n如需詳細資訊，請參閱以下資訊:\nhttps://go.microsoft.com/fwlink/?linkid=37020\u0026name=Trojan:VBA/Killav.VD!MTB\u0026threatid=2147970558\u0026enterprise=0\n \t名稱:%bTrojan:VBA/Killav.VD!MTB\n \t識別碼:%b2147970558\n \t嚴重性:%bGrave\n \t類別:%bCaballo de Troya\n \t路徑:%bfile:_C:\\Windows\\Temp\\server_artifacts\\Server.Internal.ArtifactModification\\2026-07-12.json\n \t偵測原點:%bEquipo local\n \t偵測類型:%bConcreto\n \t偵測來源:%bProtección en tiempo real\n \t使用者:%bLT29\\seguridad\n \t處理序名稱:%bC:\\Users\\seguridad\\Desktop\\TFM\\Velociraptor\\velociraptor-v0.75.6-windows-amd64.exe\n \t安全性情報版本:%bAV: 1.455.102.0, AS: 1.455.102.0, NIS: 1.455.102.0\n \t引擎版本:%bAM: 1.1.26060.3008, NIS: 1.1.26060.3008\r\n"},"_Source":"Windows.Sigma.BaseEvents","ClientId":"C.364907172793f8c7","_ts":1783862616592}
{"Timestamp":"2026-07-12T13:20:54.835516691Z","Computer":"LT29.ait.us.es","Channel":"Microsoft-Windows-Windows Defender/Operational","EID":1116,"Level":"high","Title":"Windows Defender Threat Detected","RecordID":6282,"Details":"Threat: Trojan:VBA/Killav.VD!MTB ¦ Severity: Grave ¦ Type: Caballo de Troya ¦ User: LT29\\seguridad ¦ Path: file:_C:\\Windows\\Temp\\server_artifacts\\Server.Internal.ArtifactModification\\2026-07-12.json ¦ Proc: C:\\Users\\seguridad\\Desktop\\TFM\\Velociraptor\\velociraptor-v0.75.6-windows-amd64.exe","_Event":{"System":{"Provider":{"Name":"Microsoft-Windows-Windows Defender","Guid":"11CD958A-C507-4EF3-B3F2-5FD9DFBD2C78"},"EventID":{"Value":1116},"Version":0,"Level":3,"Task":0,"Opcode":0,"Keywords":9223372036854775808,"TimeCreated":{"SystemTime":1783862454.8355167},"EventRecordID":6282,"Correlation":{},"Execution":{"ProcessID":4628,"ThreadID":11212},"Channel":"Microsoft-Windows-Windows Defender/Operational","Computer":"LT29.ait.us.es","Security":{"UserID":"S-1-5-18"}},"EventData":{"Product Name":"Antivirus de Microsoft Defender","Product Version":"4.18.26060.3008","Detection ID":"{A7249765-EA8C-48FE-A8AA-8A45E4672DC2}","Detection Time":"2026-07-12T13:20:47.123Z","Unused":"","Unused2":"","Threat ID":"2147970558","Threat Name":"Trojan:VBA/Killav.VD!MTB","Severity ID":"5","Severity Name":"Grave","Category ID":"8","Category Name":"Caballo de Troya","FWLink":"https://go.microsoft.com/fwlink/?linkid=37020\u0026name=Trojan:VBA/Killav.VD!MTB\u0026threatid=2147970558\u0026enterprise=0","Status Code":"1","Status Description":"","State":"1","Source ID":"3","Source Name":"Protección en tiempo real","Process Name":"C:\\Users\\seguridad\\Desktop\\TFM\\Velociraptor\\velociraptor-v0.75.6-windows-amd64.exe","Detection User":"LT29\\seguridad","Unused3":"","Path":"file:_C:\\Windows\\Temp\\server_artifacts\\Server.Internal.ArtifactModification\\2026-07-12.json","Origin ID":"1","Origin Name":"Equipo local","Execution ID":"1","Execution Name":"Suspendido","Type ID":"0","Type Name":"Concreto","Pre Execution Status":"0","Action ID":"9","Action Name":"No aplicable","Unused4":"","Error Code":"0x00000000","Error Description":"La operación se completó correctamente. ","Unused5":"","Post Clean Status":"0","Additional Actions ID":"0","Additional Actions String":"No additional actions required","Remediation User":"","Unused6":"","Security intelligence Version":"AV: 1.455.102.0, AS: 1.455.102.0, NIS: 1.455.102.0","Engine Version":"AM: 1.1.26060.3008, NIS: 1.1.26060.3008"},"Message":"Antivirus de Microsoft Defender 已偵測到惡意程式碼或其他潛在的垃圾軟體。\n如需詳細資訊，請參閱以下資訊:\nhttps://go.microsoft.com/fwlink/?linkid=37020\u0026name=Trojan:VBA/Killav.VD!MTB\u0026threatid=2147970558\u0026enterprise=0\n \t名稱:%bTrojan:VBA/Killav.VD!MTB\n \t識別碼:%b2147970558\n \t嚴重性:%bGrave\n \t類別:%bCaballo de Troya\n \t路徑:%bfile:_C:\\Windows\\Temp\\server_artifacts\\Server.Internal.ArtifactModification\\2026-07-12.json\n \t偵測原點:%bEquipo local\n \t偵測類型:%bConcreto\n \t偵測來源:%bProtección en tiempo real\n \t使用者:%bLT29\\seguridad\n \t處理序名稱:%bC:\\Users\\seguridad\\Desktop\\TFM\\Velociraptor\\velociraptor-v0.75.6-windows-amd64.exe\n \t安全性情報版本:%bAV: 1.455.102.0, AS: 1.455.102.0, NIS: 1.455.102.0\n \t引擎版本:%bAM: 1.1.26060.3008, NIS: 1.1.26060.3008\r\n"},"_Source":"Windows.Sigma.BaseEvents","ClientId":"C.364907172793f8c7","_ts":1783862616592}
{"Timestamp":"2026-07-12T13:21:00.426696062Z","Computer":"LT29.ait.us.es","Channel":"Microsoft-Windows-Windows Defender/Operational","EID":1116,"Level":"high","Title":"Antivirus Relevant File Paths Alerts","RecordID":6283,"Details":"Threat: Trojan:VBA/Killav.VD!MTB ¦ Severity: Grave ¦ Type: Caballo de Troya ¦ User: LT29\\seguridad ¦ Path: file:_C:\\Windows\\Temp\\server_artifacts\\Server.Internal.ArtifactModification\\2026-07-12.json ¦ Proc: C:\\Users\\seguridad\\Desktop\\TFM\\Velociraptor\\velociraptor-v0.75.6-windows-amd64.exe","_Event":{"System":{"Provider":{"Name":"Microsoft-Windows-Windows Defender","Guid":"11CD958A-C507-4EF3-B3F2-5FD9DFBD2C78"},"EventID":{"Value":1116},"Version":0,"Level":3,"Task":0,"Opcode":0,"Keywords":9223372036854775808,"TimeCreated":{"SystemTime":1783862460.426696},"EventRecordID":6283,"Correlation":{},"Execution":{"ProcessID":4628,"ThreadID":8524},"Channel":"Microsoft-Windows-Windows Defender/Operational","Computer":"LT29.ait.us.es","Security":{"UserID":"S-1-5-18"}},"EventData":{"Product Name":"Antivirus de Microsoft Defender","Product Version":"4.18.26060.3008","Detection ID":"{D6C64A6E-3B6D-4F86-A476-5D4124FC61B1}","Detection Time":"2026-07-12T13:20:55.892Z","Unused":"","Unused2":"","Threat ID":"2147970558","Threat Name":"Trojan:VBA/Killav.VD!MTB","Severity ID":"5","Severity Name":"Grave","Category ID":"8","Category Name":"Caballo de Troya","FWLink":"https://go.microsoft.com/fwlink/?linkid=37020\u0026name=Trojan:VBA/Killav.VD!MTB\u0026threatid=2147970558\u0026enterprise=0","Status Code":"1","Status Description":"","State":"1","Source ID":"3","Source Name":"Protección en tiempo real","Process Name":"C:\\Users\\seguridad\\Desktop\\TFM\\Velociraptor\\velociraptor-v0.75.6-windows-amd64.exe","Detection User":"LT29\\seguridad","Unused3":"","Path":"file:_C:\\Windows\\Temp\\server_artifacts\\Server.Internal.ArtifactModification\\2026-07-12.json","Origin ID":"1","Origin Name":"Equipo local","Execution ID":"1","Execution Name":"Suspendido","Type ID":"0","Type Name":"Concreto","Pre Execution Status":"0","Action ID":"9","Action Name":"No aplicable","Unused4":"","Error Code":"0x00000000","Error Description":"La operación se completó correctamente. ","Unused5":"","Post Clean Status":"0","Additional Actions ID":"0","Additional Actions String":"No additional actions required","Remediation User":"","Unused6":"","Security intelligence Version":"AV: 1.455.102.0, AS: 1.455.102.0, NIS: 1.455.102.0","Engine Version":"AM: 1.1.26060.3008, NIS: 1.1.26060.3008"},"Message":"Antivirus de Microsoft Defender 已偵測到惡意程式碼或其他潛在的垃圾軟體。\n如需詳細資訊，請參閱以下資訊:\nhttps://go.microsoft.com/fwlink/?linkid=37020\u0026name=Trojan:VBA/Killav.VD!MTB\u0026threatid=2147970558\u0026enterprise=0\n \t名稱:%bTrojan:VBA/Killav.VD!MTB\n \t識別碼:%b2147970558\n \t嚴重性:%bGrave\n \t類別:%bCaballo de Troya\n \t路徑:%bfile:_C:\\Windows\\Temp\\server_artifacts\\Server.Internal.ArtifactModification\\2026-07-12.json\n \t偵測原點:%bEquipo local\n \t偵測類型:%bConcreto\n \t偵測來源:%bProtección en tiempo real\n \t使用者:%bLT29\\seguridad\n \t處理序名稱:%bC:\\Users\\seguridad\\Desktop\\TFM\\Velociraptor\\velociraptor-v0.75.6-windows-amd64.exe\n \t安全性情報版本:%bAV: 1.455.102.0, AS: 1.455.102.0, NIS: 1.455.102.0\n \t引擎版本:%bAM: 1.1.26060.3008, NIS: 1.1.26060.3008\r\n"},"_Source":"Windows.Sigma.BaseEvents","ClientId":"C.364907172793f8c7","_ts":1783862616592}
{"Timestamp":"2026-07-12T13:20:54.835516691Z","Computer":"LT29.ait.us.es","Channel":"Microsoft-Windows-Windows Defender/Operational","EID":1116,"Level":"high","Title":"Windows Defender Threat Detected","RecordID":6282,"Details":"Threat: Trojan:VBA/Killav.VD!MTB ¦ Severity: Grave ¦ Type: Caballo de Troya ¦ User: LT29\\seguridad ¦ Path: file:_C:\\Windows\\Temp\\server_artifacts\\Server.Internal.ArtifactModification\\2026-07-12.json ¦ Proc: C:\\Users\\seguridad\\Desktop\\TFM\\Velociraptor\\velociraptor-v0.75.6-windows-amd64.exe","_Event":{"System":{"Provider":{"Name":"Microsoft-Windows-Windows Defender","Guid":"11CD958A-C507-4EF3-B3F2-5FD9DFBD2C78"},"EventID":{"Value":1116},"Version":0,"Level":3,"Task":0,"Opcode":0,"Keywords":9223372036854775808,"TimeCreated":{"SystemTime":1783862454.8355167},"EventRecordID":6282,"Correlation":{},"Execution":{"ProcessID":4628,"ThreadID":11212},"Channel":"Microsoft-Windows-Windows Defender/Operational","Computer":"LT29.ait.us.es","Security":{"UserID":"S-1-5-18"}},"EventData":{"Product Name":"Antivirus de Microsoft Defender","Product Version":"4.18.26060.3008","Detection ID":"{A7249765-EA8C-48FE-A8AA-8A45E4672DC2}","Detection Time":"2026-07-12T13:20:47.123Z","Unused":"","Unused2":"","Threat ID":"2147970558","Threat Name":"Trojan:VBA/Killav.VD!MTB","Severity ID":"5","Severity Name":"Grave","Category ID":"8","Category Name":"Caballo de Troya","FWLink":"https://go.microsoft.com/fwlink/?linkid=37020\u0026name=Trojan:VBA/Killav.VD!MTB\u0026threatid=2147970558\u0026enterprise=0","Status Code":"1","Status Description":"","State":"1","Source ID":"3","Source Name":"Protección en tiempo real","Process Name":"C:\\Users\\seguridad\\Desktop\\TFM\\Velociraptor\\velociraptor-v0.75.6-windows-amd64.exe","Detection User":"LT29\\seguridad","Unused3":"","Path":"file:_C:\\Windows\\Temp\\server_artifacts\\Server.Internal.ArtifactModification\\2026-07-12.json","Origin ID":"1","Origin Name":"Equipo local","Execution ID":"1","Execution Name":"Suspendido","Type ID":"0","Type Name":"Concreto","Pre Execution Status":"0","Action ID":"9","Action Name":"No aplicable","Unused4":"","Error Code":"0x00000000","Error Description":"La operación se completó correctamente. ","Unused5":"","Post Clean Status":"0","Additional Actions ID":"0","Additional Actions String":"No additional actions required","Remediation User":"","Unused6":"","Security intelligence Version":"AV: 1.455.102.0, AS: 1.455.102.0, NIS: 1.455.102.0","Engine Version":"AM: 1.1.26060.3008, NIS: 1.1.26060.3008"},"Message":"Antivirus de Microsoft Defender 已偵測到惡意程式碼或其他潛在的垃圾軟體。\n如需詳細資訊，請參閱以下資訊:\nhttps://go.microsoft.com/fwlink/?linkid=37020\u0026name=Trojan:VBA/Killav.VD!MTB\u0026threatid=2147970558\u0026enterprise=0\n \t名稱:%bTrojan:VBA/Killav.VD!MTB\n \t識別碼:%b2147970558\n \t嚴重性:%bGrave\n \t類別:%bCaballo de Troya\n \t路徑:%bfile:_C:\\Windows\\Temp\\server_artifacts\\Server.Internal.ArtifactModification\\2026-07-12.json\n \t偵測原點:%bEquipo local\n \t偵測類型:%bConcreto\n \t偵測來源:%bProtección en tiempo real\n \t使用者:%bLT29\\seguridad\n \t處理序名稱:%bC:\\Users\\seguridad\\Desktop\\TFM\\Velociraptor\\velociraptor-v0.75.6-windows-amd64.exe\n \t安全性情報版本:%bAV: 1.455.102.0, AS: 1.455.102.0, NIS: 1.455.102.0\n \t引擎版本:%bAM: 1.1.26060.3008, NIS: 1.1.26060.3008\r\n"},"_Source":"Windows.Sigma.BaseEvents","ClientId":"C.364907172793f8c7","_ts":1783862616592}
{"Timestamp":"2026-07-12T13:21:00.426696062Z","Computer":"LT29.ait.us.es","Channel":"Microsoft-Windows-Windows Defender/Operational","EID":1116,"Level":"high","Title":"Windows Defender Threat Detected","RecordID":6283,"Details":"Threat: Trojan:VBA/Killav.VD!MTB ¦ Severity: Grave ¦ Type: Caballo de Troya ¦ User: LT29\\seguridad ¦ Path: file:_C:\\Windows\\Temp\\server_artifacts\\Server.Internal.ArtifactModification\\2026-07-12.json ¦ Proc: C:\\Users\\seguridad\\Desktop\\TFM\\Velociraptor\\velociraptor-v0.75.6-windows-amd64.exe","_Event":{"System":{"Provider":{"Name":"Microsoft-Windows-Windows Defender","Guid":"11CD958A-C507-4EF3-B3F2-5FD9DFBD2C78"},"EventID":{"Value":1116},"Version":0,"Level":3,"Task":0,"Opcode":0,"Keywords":9223372036854775808,"TimeCreated":{"SystemTime":1783862460.426696},"EventRecordID":6283,"Correlation":{},"Execution":{"ProcessID":4628,"ThreadID":8524},"Channel":"Microsoft-Windows-Windows Defender/Operational","Computer":"LT29.ait.us.es","Security":{"UserID":"S-1-5-18"}},"EventData":{"Product Name":"Antivirus de Microsoft Defender","Product Version":"4.18.26060.3008","Detection ID":"{D6C64A6E-3B6D-4F86-A476-5D4124FC61B1}","Detection Time":"2026-07-12T13:20:55.892Z","Unused":"","Unused2":"","Threat ID":"2147970558","Threat Name":"Trojan:VBA/Killav.VD!MTB","Severity ID":"5","Severity Name":"Grave","Category ID":"8","Category Name":"Caballo de Troya","FWLink":"https://go.microsoft.com/fwlink/?linkid=37020\u0026name=Trojan:VBA/Killav.VD!MTB\u0026threatid=2147970558\u0026enterprise=0","Status Code":"1","Status Description":"","State":"1","Source ID":"3","Source Name":"Protección en tiempo real","Process Name":"C:\\Users\\seguridad\\Desktop\\TFM\\Velociraptor\\velociraptor-v0.75.6-windows-amd64.exe","Detection User":"LT29\\seguridad","Unused3":"","Path":"file:_C:\\Windows\\Temp\\server_artifacts\\Server.Internal.ArtifactModification\\2026-07-12.json","Origin ID":"1","Origin Name":"Equipo local","Execution ID":"1","Execution Name":"Suspendido","Type ID":"0","Type Name":"Concreto","Pre Execution Status":"0","Action ID":"9","Action Name":"No aplicable","Unused4":"","Error Code":"0x00000000","Error Description":"La operación se completó correctamente. ","Unused5":"","Post Clean Status":"0","Additional Actions ID":"0","Additional Actions String":"No additional actions required","Remediation User":"","Unused6":"","Security intelligence Version":"AV: 1.455.102.0, AS: 1.455.102.0, NIS: 1.455.102.0","Engine Version":"AM: 1.1.26060.3008, NIS: 1.1.26060.3008"},"Message":"Antivirus de Microsoft Defender 已偵測到惡意程式碼或其他潛在的垃圾軟體。\n如需詳細資訊，請參閱以下資訊:\nhttps://go.microsoft.com/fwlink/?linkid=37020\u0026name=Trojan:VBA/Killav.VD!MTB\u0026threatid=2147970558\u0026enterprise=0\n \t名稱:%bTrojan:VBA/Killav.VD!MTB\n \t識別碼:%b2147970558\n \t嚴重性:%bGrave\n \t類別:%bCaballo de Troya\n \t路徑:%bfile:_C:\\Windows\\Temp\\server_artifacts\\Server.Internal.ArtifactModification\\2026-07-12.json\n \t偵測原點:%bEquipo local\n \t偵測類型:%bConcreto\n \t偵測來源:%bProtección en tiempo real\n \t使用者:%bLT29\\seguridad\n \t處理序名稱:%bC:\\Users\\seguridad\\Desktop\\TFM\\Velociraptor\\velociraptor-v0.75.6-windows-amd64.exe\n \t安全性情報版本:%bAV: 1.455.102.0, AS: 1.455.102.0, NIS: 1.455.102.0\n \t引擎版本:%bAM: 1.1.26060.3008, NIS: 1.1.26060.3008\r\n"},"_Source":"Windows.Sigma.BaseEvents","ClientId":"C.364907172793f8c7","_ts":1783862616592}
{"Timestamp":"2026-07-12T13:21:00.426696062Z","Computer":"LT29.ait.us.es","Channel":"Microsoft-Windows-Windows Defender/Operational","EID":1116,"Level":"high","Title":"Windows Defender Threat Detected","RecordID":6283,"Details":"Threat: Trojan:VBA/Killav.VD!MTB ¦ Severity: Grave ¦ Type: Caballo de Troya ¦ User: LT29\\seguridad ¦ Path: file:_C:\\Windows\\Temp\\server_artifacts\\Server.Internal.ArtifactModification\\2026-07-12.json ¦ Proc: C:\\Users\\seguridad\\Desktop\\TFM\\Velociraptor\\velociraptor-v0.75.6-windows-amd64.exe","_Event":{"System":{"Provider":{"Name":"Microsoft-Windows-Windows Defender","Guid":"11CD958A-C507-4EF3-B3F2-5FD9DFBD2C78"},"EventID":{"Value":1116},"Version":0,"Level":3,"Task":0,"Opcode":0,"Keywords":9223372036854775808,"TimeCreated":{"SystemTime":1783862460.426696},"EventRecordID":6283,"Correlation":{},"Execution":{"ProcessID":4628,"ThreadID":8524},"Channel":"Microsoft-Windows-Windows Defender/Operational","Computer":"LT29.ait.us.es","Security":{"UserID":"S-1-5-18"}},"EventData":{"Product Name":"Antivirus de Microsoft Defender","Product Version":"4.18.26060.3008","Detection ID":"{D6C64A6E-3B6D-4F86-A476-5D4124FC61B1}","Detection Time":"2026-07-12T13:20:55.892Z","Unused":"","Unused2":"","Threat ID":"2147970558","Threat Name":"Trojan:VBA/Killav.VD!MTB","Severity ID":"5","Severity Name":"Grave","Category ID":"8","Category Name":"Caballo de Troya","FWLink":"https://go.microsoft.com/fwlink/?linkid=37020\u0026name=Trojan:VBA/Killav.VD!MTB\u0026threatid=2147970558\u0026enterprise=0","Status Code":"1","Status Description":"","State":"1","Source ID":"3","Source Name":"Protección en tiempo real","Process Name":"C:\\Users\\seguridad\\Desktop\\TFM\\Velociraptor\\velociraptor-v0.75.6-windows-amd64.exe","Detection User":"LT29\\seguridad","Unused3":"","Path":"file:_C:\\Windows\\Temp\\server_artifacts\\Server.Internal.ArtifactModification\\2026-07-12.json","Origin ID":"1","Origin Name":"Equipo local","Execution ID":"1","Execution Name":"Suspendido","Type ID":"0","Type Name":"Concreto","Pre Execution Status":"0","Action ID":"9","Action Name":"No aplicable","Unused4":"","Error Code":"0x00000000","Error Description":"La operación se completó correctamente. ","Unused5":"","Post Clean Status":"0","Additional Actions ID":"0","Additional Actions String":"No additional actions required","Remediation User":"","Unused6":"","Security intelligence Version":"AV: 1.455.102.0, AS: 1.455.102.0, NIS: 1.455.102.0","Engine Version":"AM: 1.1.26060.3008, NIS: 1.1.26060.3008"},"Message":"Antivirus de Microsoft Defender 已偵測到惡意程式碼或其他潛在的垃圾軟體。\n如需詳細資訊，請參閱以下資訊:\nhttps://go.microsoft.com/fwlink/?linkid=37020\u0026name=Trojan:VBA/Killav.VD!MTB\u0026threatid=2147970558\u0026enterprise=0\n \t名稱:%bTrojan:VBA/Killav.VD!MTB\n \t識別碼:%b2147970558\n \t嚴重性:%bGrave\n \t類別:%bCaballo de Troya\n \t路徑:%bfile:_C:\\Windows\\Temp\\server_artifacts\\Server.Internal.ArtifactModification\\2026-07-12.json\n \t偵測原點:%bEquipo local\n \t偵測類型:%bConcreto\n \t偵測來源:%bProtección en tiempo real\n \t使用者:%bLT29\\seguridad\n \t處理序名稱:%bC:\\Users\\seguridad\\Desktop\\TFM\\Velociraptor\\velociraptor-v0.75.6-windows-amd64.exe\n \t安全性情報版本:%bAV: 1.455.102.0, AS: 1.455.102.0, NIS: 1.455.102.0\n \t引擎版本:%bAM: 1.1.26060.3008, NIS: 1.1.26060.3008\r\n"},"_Source":"Windows.Sigma.BaseEvents","ClientId":"C.364907172793f8c7","_ts":1783862616592}
{"Timestamp":"2026-07-12T13:22:29.343964815Z","Computer":"LT29.ait.us.es","Channel":"Microsoft-Windows-Sysmon/Operational","EID":3,"Level":"medium","Title":"Net Conn (Sysmon Alert)","RecordID":105114,"Details":"Initiated: false ¦ Proto: tcp ¦ SrcIP: 0:0:0:0:0:0:0:1 ¦ SrcPort: 50890 ¦ SrcHost: LT29.ait.us.es ¦ TgtIP: 0:0:0:0:0:0:0:1 ¦ TgtPort: 8443 ¦ TgtHost: LT29.ait.us.es ¦ User: LT29\\seguridad ¦ Proc: C:\\Users\\seguridad\\Desktop\\TFM\\Velociraptor\\velociraptor-v0.75.6-windows-amd64.exe ¦ PID: 5276 ¦ PGUID: 6BC49A7D-7CD5-6A53-7102-000000009A01","_Event":{"System":{"Provider":{"Name":"Microsoft-Windows-Sysmon","Guid":"5770385F-C22A-43E0-BF4C-06F5698FFBD9"},"EventID":{"Value":3},"Version":5,"Level":4,"Task":3,"Opcode":0,"Keywords":9223372036854775808,"TimeCreated":{"SystemTime":1783862549.3439648},"EventRecordID":105114,"Correlation":{},"Execution":{"ProcessID":4652,"ThreadID":6168},"Channel":"Microsoft-Windows-Sysmon/Operational","Computer":"LT29.ait.us.es","Security":{"UserID":"S-1-5-18"}},"EventData":{"RuleName":"Usermode","UtcTime":"2026-07-12 13:22:22.795","ProcessGuid":"6BC49A7D-7CD5-6A53-7102-000000009A01","ProcessId":5276,"Image":"C:\\Users\\seguridad\\Desktop\\TFM\\Velociraptor\\velociraptor-v0.75.6-windows-amd64.exe","User":"LT29\\seguridad","Protocol":"tcp","Initiated":false,"SourceIsIpv6":true,"SourceIp":"0:0:0:0:0:0:0:1","SourceHostname":"LT29.ait.us.es","SourcePort":50890,"SourcePortName":"-","DestinationIsIpv6":true,"DestinationIp":"0:0:0:0:0:0:0:1","DestinationHostname":"LT29.ait.us.es","DestinationPort":8443,"DestinationPortName":"-"},"Message":"Network connection detected:\nRuleName: Usermode!s!\nUtcTime: 2026-07-12 13:22:22.795!s!\nProcessGuid: 6BC49A7D-7CD5-6A53-7102-000000009A01!s!\nProcessId: 5276!s!\nImage: C:\\Users\\seguridad\\Desktop\\TFM\\Velociraptor\\velociraptor-v0.75.6-windows-amd64.exe!s!\nUser: LT29\\seguridad!s!\nProtocol: tcp!s!\nInitiated: false!s!\nSourceIsIpv6: true!s!\nSourceIp: 0:0:0:0:0:0:0:1!s!\nSourceHostname: LT29.ait.us.es!s!\nSourcePort: 50890!s!\nSourcePortName: -!s!\nDestinationIsIpv6: true!s!\nDestinationIp: 0:0:0:0:0:0:0:1!s!\nDestinationHostname: LT29.ait.us.es!s!\nDestinationPort: 8443!s!\nDestinationPortName: -!s!\r\n"},"_Source":"Windows.Sigma.BaseEvents","ClientId":"C.364907172793f8c7","_ts":1783862616592}
{"Timestamp":"2026-07-12T13:22:28.050863981Z","Computer":"LT29.ait.us.es","Channel":"Microsoft-Windows-Sysmon/Operational","EID":3,"Level":"medium","Title":"Net Conn (Sysmon Alert)","RecordID":105113,"Details":"Initiated: false ¦ Proto: tcp ¦ SrcIP: 0:0:0:0:0:0:0:1 ¦ SrcPort: 50889 ¦ SrcHost: LT29.ait.us.es ¦ TgtIP: 0:0:0:0:0:0:0:1 ¦ TgtPort: 8443 ¦ TgtHost: LT29.ait.us.es ¦ User: LT29\\seguridad ¦ Proc: C:\\Users\\seguridad\\Desktop\\TFM\\Velociraptor\\velociraptor-v0.75.6-windows-amd64.exe ¦ PID: 5276 ¦ PGUID: 6BC49A7D-7CD5-6A53-7102-000000009A01","_Event":{"System":{"Provider":{"Name":"Microsoft-Windows-Sysmon","Guid":"5770385F-C22A-43E0-BF4C-06F5698FFBD9"},"EventID":{"Value":3},"Version":5,"Level":4,"Task":3,"Opcode":0,"Keywords":9223372036854775808,"TimeCreated":{"SystemTime":1783862548.050864},"EventRecordID":105113,"Correlation":{},"Execution":{"ProcessID":4652,"ThreadID":6168},"Channel":"Microsoft-Windows-Sysmon/Operational","Computer":"LT29.ait.us.es","Security":{"UserID":"S-1-5-18"}},"EventData":{"RuleName":"Usermode","UtcTime":"2026-07-12 13:22:22.755","ProcessGuid":"6BC49A7D-7CD5-6A53-7102-000000009A01","ProcessId":5276,"Image":"C:\\Users\\seguridad\\Desktop\\TFM\\Velociraptor\\velociraptor-v0.75.6-windows-amd64.exe","User":"LT29\\seguridad","Protocol":"tcp","Initiated":false,"SourceIsIpv6":true,"SourceIp":"0:0:0:0:0:0:0:1","SourceHostname":"LT29.ait.us.es","SourcePort":50889,"SourcePortName":"-","DestinationIsIpv6":true,"DestinationIp":"0:0:0:0:0:0:0:1","DestinationHostname":"LT29.ait.us.es","DestinationPort":8443,"DestinationPortName":"-"},"Message":"Network connection detected:\nRuleName: Usermode!s!\nUtcTime: 2026-07-12 13:22:22.755!s!\nProcessGuid: 6BC49A7D-7CD5-6A53-7102-000000009A01!s!\nProcessId: 5276!s!\nImage: C:\\Users\\seguridad\\Desktop\\TFM\\Velociraptor\\velociraptor-v0.75.6-windows-amd64.exe!s!\nUser: LT29\\seguridad!s!\nProtocol: tcp!s!\nInitiated: false!s!\nSourceIsIpv6: true!s!\nSourceIp: 0:0:0:0:0:0:0:1!s!\nSourceHostname: LT29.ait.us.es!s!\nSourcePort: 50889!s!\nSourcePortName: -!s!\nDestinationIsIpv6: true!s!\nDestinationIp: 0:0:0:0:0:0:0:1!s!\nDestinationHostname: LT29.ait.us.es!s!\nDestinationPort: 8443!s!\nDestinationPortName: -!s!\r\n"},"_Source":"Windows.Sigma.BaseEvents","ClientId":"C.364907172793f8c7","_ts":1783862616592}
{"Timestamp":"2026-07-12T13:21:00.426696062Z","Computer":"LT29.ait.us.es","Channel":"Microsoft-Windows-Windows Defender/Operational","EID":1116,"Level":"critical","Title":"Defender Alert (Severe)","RecordID":6283,"Details":"Threat: Trojan:VBA/Killav.VD!MTB ¦ Severity: Grave ¦ Type: Caballo de Troya ¦ User: LT29\\seguridad ¦ Path: file:_C:\\Windows\\Temp\\server_artifacts\\Server.Internal.ArtifactModification\\2026-07-12.json ¦ Proc: C:\\Users\\seguridad\\Desktop\\TFM\\Velociraptor\\velociraptor-v0.75.6-windows-amd64.exe","_Event":{"System":{"Provider":{"Name":"Microsoft-Windows-Windows Defender","Guid":"11CD958A-C507-4EF3-B3F2-5FD9DFBD2C78"},"EventID":{"Value":1116},"Version":0,"Level":3,"Task":0,"Opcode":0,"Keywords":9223372036854775808,"TimeCreated":{"SystemTime":1783862460.426696},"EventRecordID":6283,"Correlation":{},"Execution":{"ProcessID":4628,"ThreadID":8524},"Channel":"Microsoft-Windows-Windows Defender/Operational","Computer":"LT29.ait.us.es","Security":{"UserID":"S-1-5-18"}},"EventData":{"Product Name":"Antivirus de Microsoft Defender","Product Version":"4.18.26060.3008","Detection ID":"{D6C64A6E-3B6D-4F86-A476-5D4124FC61B1}","Detection Time":"2026-07-12T13:20:55.892Z","Unused":"","Unused2":"","Threat ID":"2147970558","Threat Name":"Trojan:VBA/Killav.VD!MTB","Severity ID":"5","Severity Name":"Grave","Category ID":"8","Category Name":"Caballo de Troya","FWLink":"https://go.microsoft.com/fwlink/?linkid=37020\u0026name=Trojan:VBA/Killav.VD!MTB\u0026threatid=2147970558\u0026enterprise=0","Status Code":"1","Status Description":"","State":"1","Source ID":"3","Source Name":"Protección en tiempo real","Process Name":"C:\\Users\\seguridad\\Desktop\\TFM\\Velociraptor\\velociraptor-v0.75.6-windows-amd64.exe","Detection User":"LT29\\seguridad","Unused3":"","Path":"file:_C:\\Windows\\Temp\\server_artifacts\\Server.Internal.ArtifactModification\\2026-07-12.json","Origin ID":"1","Origin Name":"Equipo local","Execution ID":"1","Execution Name":"Suspendido","Type ID":"0","Type Name":"Concreto","Pre Execution Status":"0","Action ID":"9","Action Name":"No aplicable","Unused4":"","Error Code":"0x00000000","Error Description":"La operación se completó correctamente. ","Unused5":"","Post Clean Status":"0","Additional Actions ID":"0","Additional Actions String":"No additional actions required","Remediation User":"","Unused6":"","Security intelligence Version":"AV: 1.455.102.0, AS: 1.455.102.0, NIS: 1.455.102.0","Engine Version":"AM: 1.1.26060.3008, NIS: 1.1.26060.3008"},"Message":"Antivirus de Microsoft Defender 已偵測到惡意程式碼或其他潛在的垃圾軟體。\n如需詳細資訊，請參閱以下資訊:\nhttps://go.microsoft.com/fwlink/?linkid=37020\u0026name=Trojan:VBA/Killav.VD!MTB\u0026threatid=2147970558\u0026enterprise=0\n \t名稱:%bTrojan:VBA/Killav.VD!MTB\n \t識別碼:%b2147970558\n \t嚴重性:%bGrave\n \t類別:%bCaballo de Troya\n \t路徑:%bfile:_C:\\Windows\\Temp\\server_artifacts\\Server.Internal.ArtifactModification\\2026-07-12.json\n \t偵測原點:%bEquipo local\n \t偵測類型:%bConcreto\n \t偵測來源:%bProtección en tiempo real\n \t使用者:%bLT29\\seguridad\n \t處理序名稱:%bC:\\Users\\seguridad\\Desktop\\TFM\\Velociraptor\\velociraptor-v0.75.6-windows-amd64.exe\n \t安全性情報版本:%bAV: 1.455.102.0, AS: 1.455.102.0, NIS: 1.455.102.0\n \t引擎版本:%bAM: 1.1.26060.3008, NIS: 1.1.26060.3008\r\n"},"_Source":"Windows.Sigma.BaseEvents","ClientId":"C.364907172793f8c7","_ts":1783862616592}
