{"Timestamp":"2026-07-12T13:26:59.778740882Z","Computer":"LT29.ait.us.es","Channel":"System","EID":7045,"Level":"informational","Title":"Svc Installed 2","RecordID":53981,"Details":"Svc: TFM TEC005 Test Service ¦ Path: C:\\Windows\\System32\\cmd.exe /c echo TEC005_OK ^\u003e C:\\Users\\Public\\tec005_ok.txt ¦ Acct: LocalSystem ¦ StartType: inicio por solicitud","_Event":{"System":{"Provider":{"Name":"Service Control Manager","Guid":"{555908d1-a6d7-4695-8e1e-26931d2012f4}","EventSourceName":"Service Control Manager"},"EventID":{"Qualifiers":16384,"Value":7045},"Version":0,"Level":4,"Task":0,"Opcode":0,"Keywords":9259400833873739776,"TimeCreated":{"SystemTime":1783862819.778741},"EventRecordID":53981,"Correlation":{},"Execution":{"ProcessID":772,"ThreadID":11536},"Channel":"System","Computer":"LT29.ait.us.es","Security":{"UserID":"S-1-5-21-2237245112-686140129-944090608-1004"}},"EventData":{"ServiceName":"TFM TEC005 Test Service","ImagePath":"C:\\Windows\\System32\\cmd.exe /c echo TEC005_OK ^\u003e C:\\Users\\Public\\tec005_ok.txt","ServiceType":"servicio de modo usuario","StartType":"inicio por solicitud","AccountName":"LocalSystem"},"Message":"Se instaló un servicio en el sistema.\n\nNombre del servicio:  TFM TEC005 Test Service\nNombre del archivo del servicio:  C:\\Windows\\System32\\cmd.exe /c echo TEC005_OK ^\u003e C:\\Users\\Public\\tec005_ok.txt\nTipo de servicio:  servicio de modo usuario\nTipo de inicio de servicio:  inicio por solicitud\nCuenta de servicio:  LocalSystem\r\n"},"_Source":"Windows.Sigma.BaseEvents","ClientId":"C.364907172793f8c7","_ts":1783863026787}
{"Timestamp":"2026-07-12T13:26:59.778740882Z","Computer":"LT29.ait.us.es","Channel":"System","EID":7045,"Level":"medium","Title":"Uncommon Service Installation Image Path","RecordID":53981,"Details":"Svc: TFM TEC005 Test Service ¦ Path: C:\\Windows\\System32\\cmd.exe /c echo TEC005_OK ^\u003e C:\\Users\\Public\\tec005_ok.txt ¦ Acct: LocalSystem ¦ StartType: inicio por solicitud","_Event":{"System":{"Provider":{"Name":"Service Control Manager","Guid":"{555908d1-a6d7-4695-8e1e-26931d2012f4}","EventSourceName":"Service Control Manager"},"EventID":{"Qualifiers":16384,"Value":7045},"Version":0,"Level":4,"Task":0,"Opcode":0,"Keywords":9259400833873739776,"TimeCreated":{"SystemTime":1783862819.778741},"EventRecordID":53981,"Correlation":{},"Execution":{"ProcessID":772,"ThreadID":11536},"Channel":"System","Computer":"LT29.ait.us.es","Security":{"UserID":"S-1-5-21-2237245112-686140129-944090608-1004"}},"EventData":{"ServiceName":"TFM TEC005 Test Service","ImagePath":"C:\\Windows\\System32\\cmd.exe /c echo TEC005_OK ^\u003e C:\\Users\\Public\\tec005_ok.txt","ServiceType":"servicio de modo usuario","StartType":"inicio por solicitud","AccountName":"LocalSystem"},"Message":"Se instaló un servicio en el sistema.\n\nNombre del servicio:  TFM TEC005 Test Service\nNombre del archivo del servicio:  C:\\Windows\\System32\\cmd.exe /c echo TEC005_OK ^\u003e C:\\Users\\Public\\tec005_ok.txt\nTipo de servicio:  servicio de modo usuario\nTipo de inicio de servicio:  inicio por solicitud\nCuenta de servicio:  LocalSystem\r\n"},"_Source":"Windows.Sigma.BaseEvents","ClientId":"C.364907172793f8c7","_ts":1783863026787}
{"Timestamp":"2026-07-12T13:27:12.310612916Z","Computer":"LT29.ait.us.es","Channel":"Windows PowerShell","EID":400,"Level":"informational","Title":"PwSh Engine Started","RecordID":130969,"Details":"HostApplication: powershell.exe -NoProfile -ExecutionPolicy Bypass -Command Get-CimInstance -Namespace root/SecurityCenter2 -ClassName AntivirusProduct | Select-Object displayName,productState; Get-Service WinDefend,SecurityHealthService -ErrorAction SilentlyContinue | Select-Object Name,Status","_Event":{"System":{"Provider":{"Name":"PowerShell"},"EventID":{"Qualifiers":0,"Value":400},"Version":0,"Level":4,"Task":4,"Opcode":0,"Keywords":36028797018963968,"TimeCreated":{"SystemTime":1783862832.310613},"EventRecordID":130969,"Correlation":{},"Execution":{"ProcessID":0,"ThreadID":0},"Channel":"Windows PowerShell","Computer":"LT29.ait.us.es","Security":{}},"EventData":{"Data":"\tNewEngineState=Available\r\n\tPreviousEngineState=None\r\n\r\n\tSequenceNumber=13\r\n\r\n\tHostName=ConsoleHost\r\n\tHostVersion=5.1.19041.3031\r\n\tHostId=0214cc7d-2fae-4c9b-823f-670740b2f38b\r\n\tHostApplication=powershell.exe -NoProfile -ExecutionPolicy Bypass -Command Get-CimInstance -Namespace root/SecurityCenter2 -ClassName AntivirusProduct | Select-Object displayName,productState; Get-Service WinDefend,SecurityHealthService -ErrorAction SilentlyContinue | Select-Object Name,Status\r\n\tEngineVersion=5.1.19041.3031\r\n\tRunspaceId=3e2b1d19-a77d-4c91-83e7-f857ddc89409\r\n\tPipelineId=\r\n\tCommandName=\r\n\tCommandType=\r\n\tScriptName=\r\n\tCommandPath=\r\n\tCommandLine=","HostApplication":"powershell.exe -NoProfile -ExecutionPolicy Bypass -Command Get-CimInstance -Namespace root/SecurityCenter2 -ClassName AntivirusProduct | Select-Object displayName,productState; Get-Service WinDefend,SecurityHealthService -ErrorAction SilentlyContinue | Select-Object Name,Status"},"Message":"El estado del motor ha cambiado de None a Available. \n\nDetalles: \n\tNewEngineState=Available\r\n\tPreviousEngineState=None\r\n\r\n\tSequenceNumber=13\r\n\r\n\tHostName=ConsoleHost\r\n\tHostVersion=5.1.19041.3031\r\n\tHostId=0214cc7d-2fae-4c9b-823f-670740b2f38b\r\n\tHostApplication=powershell.exe -NoProfile -ExecutionPolicy Bypass -Command Get-CimInstance -Namespace root/SecurityCenter2 -ClassName AntivirusProduct | Select-Object displayName,productState; Get-Service WinDefend,SecurityHealthService -ErrorAction SilentlyContinue | Select-Object Name,Status\r\n\tEngineVersion=5.1.19041.3031\r\n\tRunspaceId=3e2b1d19-a77d-4c91-83e7-f857ddc89409\r\n\tPipelineId=\r\n\tCommandName=\r\n\tCommandType=\r\n\tScriptName=\r\n\tCommandPath=\r\n\tCommandLine=\r\n"},"_Source":"Windows.Sigma.BaseEvents","ClientId":"C.364907172793f8c7","_ts":1783863026787}
{"Timestamp":"2026-07-12T13:27:20.740751981Z","Computer":"LT29.ait.us.es","Channel":"Windows PowerShell","EID":400,"Level":"informational","Title":"PwSh Engine Started","RecordID":130977,"Details":"HostApplication: powershell.exe -NoProfile -ExecutionPolicy Bypass -File C:\\Users\\seguridad\\Desktop\\TFM\\01_ACTIVE_TESTS\\Pruebas\\TEC-007_Ransomware\\crear_directorio_dummy.ps1","_Event":{"System":{"Provider":{"Name":"PowerShell"},"EventID":{"Qualifiers":0,"Value":400},"Version":0,"Level":4,"Task":4,"Opcode":0,"Keywords":36028797018963968,"TimeCreated":{"SystemTime":1783862840.740752},"EventRecordID":130977,"Correlation":{},"Execution":{"ProcessID":0,"ThreadID":0},"Channel":"Windows PowerShell","Computer":"LT29.ait.us.es","Security":{}},"EventData":{"Data":"\tNewEngineState=Available\r\n\tPreviousEngineState=None\r\n\r\n\tSequenceNumber=13\r\n\r\n\tHostName=ConsoleHost\r\n\tHostVersion=5.1.19041.3031\r\n\tHostId=dfd79054-357a-49e8-82c0-347d555fa18c\r\n\tHostApplication=powershell.exe -NoProfile -ExecutionPolicy Bypass -File C:\\Users\\seguridad\\Desktop\\TFM\\01_ACTIVE_TESTS\\Pruebas\\TEC-007_Ransomware\\crear_directorio_dummy.ps1\r\n\tEngineVersion=5.1.19041.3031\r\n\tRunspaceId=ba609cfe-6f1f-4626-ad9f-c5284bf8d60d\r\n\tPipelineId=\r\n\tCommandName=\r\n\tCommandType=\r\n\tScriptName=\r\n\tCommandPath=\r\n\tCommandLine=","HostApplication":"powershell.exe -NoProfile -ExecutionPolicy Bypass -File C:\\Users\\seguridad\\Desktop\\TFM\\01_ACTIVE_TESTS\\Pruebas\\TEC-007_Ransomware\\crear_directorio_dummy.ps1"},"Message":"El estado del motor ha cambiado de None a Available. \n\nDetalles: \n\tNewEngineState=Available\r\n\tPreviousEngineState=None\r\n\r\n\tSequenceNumber=13\r\n\r\n\tHostName=ConsoleHost\r\n\tHostVersion=5.1.19041.3031\r\n\tHostId=dfd79054-357a-49e8-82c0-347d555fa18c\r\n\tHostApplication=powershell.exe -NoProfile -ExecutionPolicy Bypass -File C:\\Users\\seguridad\\Desktop\\TFM\\01_ACTIVE_TESTS\\Pruebas\\TEC-007_Ransomware\\crear_directorio_dummy.ps1\r\n\tEngineVersion=5.1.19041.3031\r\n\tRunspaceId=ba609cfe-6f1f-4626-ad9f-c5284bf8d60d\r\n\tPipelineId=\r\n\tCommandName=\r\n\tCommandType=\r\n\tScriptName=\r\n\tCommandPath=\r\n\tCommandLine=\r\n"},"_Source":"Windows.Sigma.BaseEvents","ClientId":"C.364907172793f8c7","_ts":1783863026787}
{"Timestamp":"2026-07-12T13:27:30.740822315Z","Computer":"LT29.ait.us.es","Channel":"Microsoft-Windows-Sysmon/Operational","EID":1,"Level":"low","Title":"Non Interactive PowerShell Process Spawned 2","RecordID":105190,"Details":"Cmdline: powershell.exe  -NoProfile -ExecutionPolicy Bypass -File \"C:\\Users\\seguridad\\Desktop\\TFM\\01_ACTIVE_TESTS\\Pruebas\\TEC-007_Ransomware\\enumeracion.ps1\"  ¦ Proc: C:\\Windows\\System32\\WindowsPowerShell\\v1.0\\powershell.exe ¦ User: LT29\\seguridad ¦ ParentCmdline: \"cmd.exe\" /d /c powershell.exe -NoProfile -ExecutionPolicy Bypass -File \"C:\\Users\\seguridad\\Desktop\\TFM\\01_ACTIVE_TESTS\\Pruebas\\TEC-007_Ransomware\\enumeracion.ps1\"  ¦ LID: 2673153 ¦ LGUID: 6BC49A7D-7A59-6A53-01CA-280000000000 ¦ PID: 4304 ¦ PGUID: 6BC49A7D-9642-6A53-B206-000000009A01 ¦ ParentPID: 8520 ¦ ParentPGUID: 6BC49A7D-9642-6A53-B106-000000009A01 ¦ Description: Windows PowerShell ¦ Product: Microsoft® Windows® Operating System ¦ Company: Microsoft Corporation ¦ Hashes: MD5=DFD66604CA0898E8E26DF7B1635B6326,SHA256=D23B67799A0DA0143E395BA5DB906A22AB08FAC4BD5581E275B1E0F1B3FAC55C,IMPHASH=88CB9A420410BDA787E305B65518A934","_Event":{"System":{"Provider":{"Name":"Microsoft-Windows-Sysmon","Guid":"5770385F-C22A-43E0-BF4C-06F5698FFBD9"},"EventID":{"Value":1},"Version":5,"Level":4,"Task":1,"Opcode":0,"Keywords":9223372036854775808,"TimeCreated":{"SystemTime":1783862850.7408223},"EventRecordID":105190,"Correlation":{},"Execution":{"ProcessID":4652,"ThreadID":6392},"Channel":"Microsoft-Windows-Sysmon/Operational","Computer":"LT29.ait.us.es","Security":{"UserID":"S-1-5-18"}},"EventData":{"RuleName":"-","UtcTime":"2026-07-12 13:27:30.719","ProcessGuid":"6BC49A7D-9642-6A53-B206-000000009A01","ProcessId":4304,"Image":"C:\\Windows\\System32\\WindowsPowerShell\\v1.0\\powershell.exe","FileVersion":"10.0.19041.3393 (WinBuild.160101.0800)","Description":"Windows PowerShell","Product":"Microsoft® Windows® Operating System","Company":"Microsoft Corporation","OriginalFileName":"PowerShell.EXE","CommandLine":"powershell.exe  -NoProfile -ExecutionPolicy Bypass -File \"C:\\Users\\seguridad\\Desktop\\TFM\\01_ACTIVE_TESTS\\Pruebas\\TEC-007_Ransomware\\enumeracion.ps1\" ","CurrentDirectory":"C:\\Windows\\system32\\","User":"LT29\\seguridad","LogonGuid":"6BC49A7D-7A59-6A53-01CA-280000000000","LogonId":2673153,"TerminalSessionId":1,"IntegrityLevel":"High","Hashes":"MD5=DFD66604CA0898E8E26DF7B1635B6326,SHA256=D23B67799A0DA0143E395BA5DB906A22AB08FAC4BD5581E275B1E0F1B3FAC55C,IMPHASH=88CB9A420410BDA787E305B65518A934","ParentProcessGuid":"6BC49A7D-9642-6A53-B106-000000009A01","ParentProcessId":8520,"ParentImage":"C:\\Windows\\System32\\cmd.exe","ParentCommandLine":"\"cmd.exe\" /d /c powershell.exe -NoProfile -ExecutionPolicy Bypass -File \"C:\\Users\\seguridad\\Desktop\\TFM\\01_ACTIVE_TESTS\\Pruebas\\TEC-007_Ransomware\\enumeracion.ps1\" ","ParentUser":"LT29\\seguridad"},"Message":"Process Create:\nRuleName: -!s!\nUtcTime: 2026-07-12 13:27:30.719!s!\nProcessGuid: 6BC49A7D-9642-6A53-B206-000000009A01!s!\nProcessId: 4304!s!\nImage: C:\\Windows\\System32\\WindowsPowerShell\\v1.0\\powershell.exe!s!\nFileVersion: 10.0.19041.3393 (WinBuild.160101.0800)!s!\nDescription: Windows PowerShell!s!\nProduct: Microsoft® Windows® Operating System!s!\nCompany: Microsoft Corporation!s!\nOriginalFileName: PowerShell.EXE!s!\nCommandLine: powershell.exe  -NoProfile -ExecutionPolicy Bypass -File \"C:\\Users\\seguridad\\Desktop\\TFM\\01_ACTIVE_TESTS\\Pruebas\\TEC-007_Ransomware\\enumeracion.ps1\" !s!\nCurrentDirectory: C:\\Windows\\system32\\!s!\nUser: LT29\\seguridad!s!\nLogonGuid: 6BC49A7D-7A59-6A53-01CA-280000000000!s!\nLogonId: 2673153!s!\nTerminalSessionId: 1!s!\nIntegrityLevel: High!s!\nHashes: MD5=DFD66604CA0898E8E26DF7B1635B6326,SHA256=D23B67799A0DA0143E395BA5DB906A22AB08FAC4BD5581E275B1E0F1B3FAC55C,IMPHASH=88CB9A420410BDA787E305B65518A934!s!\nParentProcessGuid: 6BC49A7D-9642-6A53-B106-000000009A01!s!\nParentProcessId: 8520!s!\nParentImage: C:\\Windows\\System32\\cmd.exe!s!\nParentCommandLine: \"cmd.exe\" /d /c powershell.exe -NoProfile -ExecutionPolicy Bypass -File \"C:\\Users\\seguridad\\Desktop\\TFM\\01_ACTIVE_TESTS\\Pruebas\\TEC-007_Ransomware\\enumeracion.ps1\" !s!\nParentUser: LT29\\seguridad!s!\r\n"},"_Source":"Windows.Sigma.BaseEvents","ClientId":"C.364907172793f8c7","_ts":1783863026787}
{"Timestamp":"2026-07-12T13:27:34.442456007Z","Computer":"LT29.ait.us.es","Channel":"Microsoft-Windows-Sysmon/Operational","EID":1,"Level":"low","Title":"Non Interactive PowerShell Process Spawned 2","RecordID":105196,"Details":"Cmdline: powershell.exe  -NoProfile -ExecutionPolicy Bypass -File \"C:\\Users\\seguridad\\Desktop\\TFM\\01_ACTIVE_TESTS\\Pruebas\\TEC-007_Ransomware\\crear_directorio_dummy.ps1\"  ¦ Proc: C:\\Windows\\System32\\WindowsPowerShell\\v1.0\\powershell.exe ¦ User: LT29\\seguridad ¦ ParentCmdline: \"cmd.exe\" /d /c powershell.exe -NoProfile -ExecutionPolicy Bypass -File \"C:\\Users\\seguridad\\Desktop\\TFM\\01_ACTIVE_TESTS\\Pruebas\\TEC-007_Ransomware\\crear_directorio_dummy.ps1\"  ¦ LID: 2673153 ¦ LGUID: 6BC49A7D-7A59-6A53-01CA-280000000000 ¦ PID: 316 ¦ PGUID: 6BC49A7D-9646-6A53-B606-000000009A01 ¦ ParentPID: 9996 ¦ ParentPGUID: 6BC49A7D-9646-6A53-B506-000000009A01 ¦ Description: Windows PowerShell ¦ Product: Microsoft® Windows® Operating System ¦ Company: Microsoft Corporation ¦ Hashes: MD5=DFD66604CA0898E8E26DF7B1635B6326,SHA256=D23B67799A0DA0143E395BA5DB906A22AB08FAC4BD5581E275B1E0F1B3FAC55C,IMPHASH=88CB9A420410BDA787E305B65518A934","_Event":{"System":{"Provider":{"Name":"Microsoft-Windows-Sysmon","Guid":"5770385F-C22A-43E0-BF4C-06F5698FFBD9"},"EventID":{"Value":1},"Version":5,"Level":4,"Task":1,"Opcode":0,"Keywords":9223372036854775808,"TimeCreated":{"SystemTime":1783862854.442456},"EventRecordID":105196,"Correlation":{},"Execution":{"ProcessID":4652,"ThreadID":6392},"Channel":"Microsoft-Windows-Sysmon/Operational","Computer":"LT29.ait.us.es","Security":{"UserID":"S-1-5-18"}},"EventData":{"RuleName":"-","UtcTime":"2026-07-12 13:27:34.435","ProcessGuid":"6BC49A7D-9646-6A53-B606-000000009A01","ProcessId":316,"Image":"C:\\Windows\\System32\\WindowsPowerShell\\v1.0\\powershell.exe","FileVersion":"10.0.19041.3393 (WinBuild.160101.0800)","Description":"Windows PowerShell","Product":"Microsoft® Windows® Operating System","Company":"Microsoft Corporation","OriginalFileName":"PowerShell.EXE","CommandLine":"powershell.exe  -NoProfile -ExecutionPolicy Bypass -File \"C:\\Users\\seguridad\\Desktop\\TFM\\01_ACTIVE_TESTS\\Pruebas\\TEC-007_Ransomware\\crear_directorio_dummy.ps1\" ","CurrentDirectory":"C:\\Windows\\system32\\","User":"LT29\\seguridad","LogonGuid":"6BC49A7D-7A59-6A53-01CA-280000000000","LogonId":2673153,"TerminalSessionId":1,"IntegrityLevel":"High","Hashes":"MD5=DFD66604CA0898E8E26DF7B1635B6326,SHA256=D23B67799A0DA0143E395BA5DB906A22AB08FAC4BD5581E275B1E0F1B3FAC55C,IMPHASH=88CB9A420410BDA787E305B65518A934","ParentProcessGuid":"6BC49A7D-9646-6A53-B506-000000009A01","ParentProcessId":9996,"ParentImage":"C:\\Windows\\System32\\cmd.exe","ParentCommandLine":"\"cmd.exe\" /d /c powershell.exe -NoProfile -ExecutionPolicy Bypass -File \"C:\\Users\\seguridad\\Desktop\\TFM\\01_ACTIVE_TESTS\\Pruebas\\TEC-007_Ransomware\\crear_directorio_dummy.ps1\" ","ParentUser":"LT29\\seguridad"},"Message":"Process Create:\nRuleName: -!s!\nUtcTime: 2026-07-12 13:27:34.435!s!\nProcessGuid: 6BC49A7D-9646-6A53-B606-000000009A01!s!\nProcessId: 316!s!\nImage: C:\\Windows\\System32\\WindowsPowerShell\\v1.0\\powershell.exe!s!\nFileVersion: 10.0.19041.3393 (WinBuild.160101.0800)!s!\nDescription: Windows PowerShell!s!\nProduct: Microsoft® Windows® Operating System!s!\nCompany: Microsoft Corporation!s!\nOriginalFileName: PowerShell.EXE!s!\nCommandLine: powershell.exe  -NoProfile -ExecutionPolicy Bypass -File \"C:\\Users\\seguridad\\Desktop\\TFM\\01_ACTIVE_TESTS\\Pruebas\\TEC-007_Ransomware\\crear_directorio_dummy.ps1\" !s!\nCurrentDirectory: C:\\Windows\\system32\\!s!\nUser: LT29\\seguridad!s!\nLogonGuid: 6BC49A7D-7A59-6A53-01CA-280000000000!s!\nLogonId: 2673153!s!\nTerminalSessionId: 1!s!\nIntegrityLevel: High!s!\nHashes: MD5=DFD66604CA0898E8E26DF7B1635B6326,SHA256=D23B67799A0DA0143E395BA5DB906A22AB08FAC4BD5581E275B1E0F1B3FAC55C,IMPHASH=88CB9A420410BDA787E305B65518A934!s!\nParentProcessGuid: 6BC49A7D-9646-6A53-B506-000000009A01!s!\nParentProcessId: 9996!s!\nParentImage: C:\\Windows\\System32\\cmd.exe!s!\nParentCommandLine: \"cmd.exe\" /d /c powershell.exe -NoProfile -ExecutionPolicy Bypass -File \"C:\\Users\\seguridad\\Desktop\\TFM\\01_ACTIVE_TESTS\\Pruebas\\TEC-007_Ransomware\\crear_directorio_dummy.ps1\" !s!\nParentUser: LT29\\seguridad!s!\r\n"},"_Source":"Windows.Sigma.BaseEvents","ClientId":"C.364907172793f8c7","_ts":1783863026787}
{"Timestamp":"2026-07-12T13:27:34.442456007Z","Computer":"LT29.ait.us.es","Channel":"Microsoft-Windows-Sysmon/Operational","EID":1,"Level":"medium","Title":"Change PowerShell Policies to an Insecure Level 2","RecordID":105196,"Details":"Cmdline: powershell.exe  -NoProfile -ExecutionPolicy Bypass -File \"C:\\Users\\seguridad\\Desktop\\TFM\\01_ACTIVE_TESTS\\Pruebas\\TEC-007_Ransomware\\crear_directorio_dummy.ps1\"  ¦ Proc: C:\\Windows\\System32\\WindowsPowerShell\\v1.0\\powershell.exe ¦ User: LT29\\seguridad ¦ ParentCmdline: \"cmd.exe\" /d /c powershell.exe -NoProfile -ExecutionPolicy Bypass -File \"C:\\Users\\seguridad\\Desktop\\TFM\\01_ACTIVE_TESTS\\Pruebas\\TEC-007_Ransomware\\crear_directorio_dummy.ps1\"  ¦ LID: 2673153 ¦ LGUID: 6BC49A7D-7A59-6A53-01CA-280000000000 ¦ PID: 316 ¦ PGUID: 6BC49A7D-9646-6A53-B606-000000009A01 ¦ ParentPID: 9996 ¦ ParentPGUID: 6BC49A7D-9646-6A53-B506-000000009A01 ¦ Description: Windows PowerShell ¦ Product: Microsoft® Windows® Operating System ¦ Company: Microsoft Corporation ¦ Hashes: MD5=DFD66604CA0898E8E26DF7B1635B6326,SHA256=D23B67799A0DA0143E395BA5DB906A22AB08FAC4BD5581E275B1E0F1B3FAC55C,IMPHASH=88CB9A420410BDA787E305B65518A934","_Event":{"System":{"Provider":{"Name":"Microsoft-Windows-Sysmon","Guid":"5770385F-C22A-43E0-BF4C-06F5698FFBD9"},"EventID":{"Value":1},"Version":5,"Level":4,"Task":1,"Opcode":0,"Keywords":9223372036854775808,"TimeCreated":{"SystemTime":1783862854.442456},"EventRecordID":105196,"Correlation":{},"Execution":{"ProcessID":4652,"ThreadID":6392},"Channel":"Microsoft-Windows-Sysmon/Operational","Computer":"LT29.ait.us.es","Security":{"UserID":"S-1-5-18"}},"EventData":{"RuleName":"-","UtcTime":"2026-07-12 13:27:34.435","ProcessGuid":"6BC49A7D-9646-6A53-B606-000000009A01","ProcessId":316,"Image":"C:\\Windows\\System32\\WindowsPowerShell\\v1.0\\powershell.exe","FileVersion":"10.0.19041.3393 (WinBuild.160101.0800)","Description":"Windows PowerShell","Product":"Microsoft® Windows® Operating System","Company":"Microsoft Corporation","OriginalFileName":"PowerShell.EXE","CommandLine":"powershell.exe  -NoProfile -ExecutionPolicy Bypass -File \"C:\\Users\\seguridad\\Desktop\\TFM\\01_ACTIVE_TESTS\\Pruebas\\TEC-007_Ransomware\\crear_directorio_dummy.ps1\" ","CurrentDirectory":"C:\\Windows\\system32\\","User":"LT29\\seguridad","LogonGuid":"6BC49A7D-7A59-6A53-01CA-280000000000","LogonId":2673153,"TerminalSessionId":1,"IntegrityLevel":"High","Hashes":"MD5=DFD66604CA0898E8E26DF7B1635B6326,SHA256=D23B67799A0DA0143E395BA5DB906A22AB08FAC4BD5581E275B1E0F1B3FAC55C,IMPHASH=88CB9A420410BDA787E305B65518A934","ParentProcessGuid":"6BC49A7D-9646-6A53-B506-000000009A01","ParentProcessId":9996,"ParentImage":"C:\\Windows\\System32\\cmd.exe","ParentCommandLine":"\"cmd.exe\" /d /c powershell.exe -NoProfile -ExecutionPolicy Bypass -File \"C:\\Users\\seguridad\\Desktop\\TFM\\01_ACTIVE_TESTS\\Pruebas\\TEC-007_Ransomware\\crear_directorio_dummy.ps1\" ","ParentUser":"LT29\\seguridad"},"Message":"Process Create:\nRuleName: -!s!\nUtcTime: 2026-07-12 13:27:34.435!s!\nProcessGuid: 6BC49A7D-9646-6A53-B606-000000009A01!s!\nProcessId: 316!s!\nImage: C:\\Windows\\System32\\WindowsPowerShell\\v1.0\\powershell.exe!s!\nFileVersion: 10.0.19041.3393 (WinBuild.160101.0800)!s!\nDescription: Windows PowerShell!s!\nProduct: Microsoft® Windows® Operating System!s!\nCompany: Microsoft Corporation!s!\nOriginalFileName: PowerShell.EXE!s!\nCommandLine: powershell.exe  -NoProfile -ExecutionPolicy Bypass -File \"C:\\Users\\seguridad\\Desktop\\TFM\\01_ACTIVE_TESTS\\Pruebas\\TEC-007_Ransomware\\crear_directorio_dummy.ps1\" !s!\nCurrentDirectory: C:\\Windows\\system32\\!s!\nUser: LT29\\seguridad!s!\nLogonGuid: 6BC49A7D-7A59-6A53-01CA-280000000000!s!\nLogonId: 2673153!s!\nTerminalSessionId: 1!s!\nIntegrityLevel: High!s!\nHashes: MD5=DFD66604CA0898E8E26DF7B1635B6326,SHA256=D23B67799A0DA0143E395BA5DB906A22AB08FAC4BD5581E275B1E0F1B3FAC55C,IMPHASH=88CB9A420410BDA787E305B65518A934!s!\nParentProcessGuid: 6BC49A7D-9646-6A53-B506-000000009A01!s!\nParentProcessId: 9996!s!\nParentImage: C:\\Windows\\System32\\cmd.exe!s!\nParentCommandLine: \"cmd.exe\" /d /c powershell.exe -NoProfile -ExecutionPolicy Bypass -File \"C:\\Users\\seguridad\\Desktop\\TFM\\01_ACTIVE_TESTS\\Pruebas\\TEC-007_Ransomware\\crear_directorio_dummy.ps1\" !s!\nParentUser: LT29\\seguridad!s!\r\n"},"_Source":"Windows.Sigma.BaseEvents","ClientId":"C.364907172793f8c7","_ts":1783863026787}
{"Timestamp":"2026-07-12T13:27:30.740822315Z","Computer":"LT29.ait.us.es","Channel":"Microsoft-Windows-Sysmon/Operational","EID":1,"Level":"medium","Title":"Change PowerShell Policies to an Insecure Level 2","RecordID":105190,"Details":"Cmdline: powershell.exe  -NoProfile -ExecutionPolicy Bypass -File \"C:\\Users\\seguridad\\Desktop\\TFM\\01_ACTIVE_TESTS\\Pruebas\\TEC-007_Ransomware\\enumeracion.ps1\"  ¦ Proc: C:\\Windows\\System32\\WindowsPowerShell\\v1.0\\powershell.exe ¦ User: LT29\\seguridad ¦ ParentCmdline: \"cmd.exe\" /d /c powershell.exe -NoProfile -ExecutionPolicy Bypass -File \"C:\\Users\\seguridad\\Desktop\\TFM\\01_ACTIVE_TESTS\\Pruebas\\TEC-007_Ransomware\\enumeracion.ps1\"  ¦ LID: 2673153 ¦ LGUID: 6BC49A7D-7A59-6A53-01CA-280000000000 ¦ PID: 4304 ¦ PGUID: 6BC49A7D-9642-6A53-B206-000000009A01 ¦ ParentPID: 8520 ¦ ParentPGUID: 6BC49A7D-9642-6A53-B106-000000009A01 ¦ Description: Windows PowerShell ¦ Product: Microsoft® Windows® Operating System ¦ Company: Microsoft Corporation ¦ Hashes: MD5=DFD66604CA0898E8E26DF7B1635B6326,SHA256=D23B67799A0DA0143E395BA5DB906A22AB08FAC4BD5581E275B1E0F1B3FAC55C,IMPHASH=88CB9A420410BDA787E305B65518A934","_Event":{"System":{"Provider":{"Name":"Microsoft-Windows-Sysmon","Guid":"5770385F-C22A-43E0-BF4C-06F5698FFBD9"},"EventID":{"Value":1},"Version":5,"Level":4,"Task":1,"Opcode":0,"Keywords":9223372036854775808,"TimeCreated":{"SystemTime":1783862850.7408223},"EventRecordID":105190,"Correlation":{},"Execution":{"ProcessID":4652,"ThreadID":6392},"Channel":"Microsoft-Windows-Sysmon/Operational","Computer":"LT29.ait.us.es","Security":{"UserID":"S-1-5-18"}},"EventData":{"RuleName":"-","UtcTime":"2026-07-12 13:27:30.719","ProcessGuid":"6BC49A7D-9642-6A53-B206-000000009A01","ProcessId":4304,"Image":"C:\\Windows\\System32\\WindowsPowerShell\\v1.0\\powershell.exe","FileVersion":"10.0.19041.3393 (WinBuild.160101.0800)","Description":"Windows PowerShell","Product":"Microsoft® Windows® Operating System","Company":"Microsoft Corporation","OriginalFileName":"PowerShell.EXE","CommandLine":"powershell.exe  -NoProfile -ExecutionPolicy Bypass -File \"C:\\Users\\seguridad\\Desktop\\TFM\\01_ACTIVE_TESTS\\Pruebas\\TEC-007_Ransomware\\enumeracion.ps1\" ","CurrentDirectory":"C:\\Windows\\system32\\","User":"LT29\\seguridad","LogonGuid":"6BC49A7D-7A59-6A53-01CA-280000000000","LogonId":2673153,"TerminalSessionId":1,"IntegrityLevel":"High","Hashes":"MD5=DFD66604CA0898E8E26DF7B1635B6326,SHA256=D23B67799A0DA0143E395BA5DB906A22AB08FAC4BD5581E275B1E0F1B3FAC55C,IMPHASH=88CB9A420410BDA787E305B65518A934","ParentProcessGuid":"6BC49A7D-9642-6A53-B106-000000009A01","ParentProcessId":8520,"ParentImage":"C:\\Windows\\System32\\cmd.exe","ParentCommandLine":"\"cmd.exe\" /d /c powershell.exe -NoProfile -ExecutionPolicy Bypass -File \"C:\\Users\\seguridad\\Desktop\\TFM\\01_ACTIVE_TESTS\\Pruebas\\TEC-007_Ransomware\\enumeracion.ps1\" ","ParentUser":"LT29\\seguridad"},"Message":"Process Create:\nRuleName: -!s!\nUtcTime: 2026-07-12 13:27:30.719!s!\nProcessGuid: 6BC49A7D-9642-6A53-B206-000000009A01!s!\nProcessId: 4304!s!\nImage: C:\\Windows\\System32\\WindowsPowerShell\\v1.0\\powershell.exe!s!\nFileVersion: 10.0.19041.3393 (WinBuild.160101.0800)!s!\nDescription: Windows PowerShell!s!\nProduct: Microsoft® Windows® Operating System!s!\nCompany: Microsoft Corporation!s!\nOriginalFileName: PowerShell.EXE!s!\nCommandLine: powershell.exe  -NoProfile -ExecutionPolicy Bypass -File \"C:\\Users\\seguridad\\Desktop\\TFM\\01_ACTIVE_TESTS\\Pruebas\\TEC-007_Ransomware\\enumeracion.ps1\" !s!\nCurrentDirectory: C:\\Windows\\system32\\!s!\nUser: LT29\\seguridad!s!\nLogonGuid: 6BC49A7D-7A59-6A53-01CA-280000000000!s!\nLogonId: 2673153!s!\nTerminalSessionId: 1!s!\nIntegrityLevel: High!s!\nHashes: MD5=DFD66604CA0898E8E26DF7B1635B6326,SHA256=D23B67799A0DA0143E395BA5DB906A22AB08FAC4BD5581E275B1E0F1B3FAC55C,IMPHASH=88CB9A420410BDA787E305B65518A934!s!\nParentProcessGuid: 6BC49A7D-9642-6A53-B106-000000009A01!s!\nParentProcessId: 8520!s!\nParentImage: C:\\Windows\\System32\\cmd.exe!s!\nParentCommandLine: \"cmd.exe\" /d /c powershell.exe -NoProfile -ExecutionPolicy Bypass -File \"C:\\Users\\seguridad\\Desktop\\TFM\\01_ACTIVE_TESTS\\Pruebas\\TEC-007_Ransomware\\enumeracion.ps1\" !s!\nParentUser: LT29\\seguridad!s!\r\n"},"_Source":"Windows.Sigma.BaseEvents","ClientId":"C.364907172793f8c7","_ts":1783863026787}
{"Timestamp":"2026-07-12T13:27:31.753488063Z","Computer":"LT29.ait.us.es","Channel":"Microsoft-Windows-Sysmon/Operational","EID":1,"Level":"low","Title":"Non Interactive PowerShell Process Spawned 2","RecordID":105193,"Details":"Cmdline: powershell.exe  -NoProfile -ExecutionPolicy Bypass -File \"C:\\Users\\seguridad\\Desktop\\TFM\\01_ACTIVE_TESTS\\Pruebas\\TEC-007_Ransomware\\Scriptransom.ps1\"  ¦ Proc: C:\\Windows\\System32\\WindowsPowerShell\\v1.0\\powershell.exe ¦ User: LT29\\seguridad ¦ ParentCmdline: \"cmd.exe\" /d /c powershell.exe -NoProfile -ExecutionPolicy Bypass -File \"C:\\Users\\seguridad\\Desktop\\TFM\\01_ACTIVE_TESTS\\Pruebas\\TEC-007_Ransomware\\Scriptransom.ps1\"  ¦ LID: 2673153 ¦ LGUID: 6BC49A7D-7A59-6A53-01CA-280000000000 ¦ PID: 132 ¦ PGUID: 6BC49A7D-9643-6A53-B406-000000009A01 ¦ ParentPID: 5764 ¦ ParentPGUID: 6BC49A7D-9643-6A53-B306-000000009A01 ¦ Description: Windows PowerShell ¦ Product: Microsoft® Windows® Operating System ¦ Company: Microsoft Corporation ¦ Hashes: MD5=DFD66604CA0898E8E26DF7B1635B6326,SHA256=D23B67799A0DA0143E395BA5DB906A22AB08FAC4BD5581E275B1E0F1B3FAC55C,IMPHASH=88CB9A420410BDA787E305B65518A934","_Event":{"System":{"Provider":{"Name":"Microsoft-Windows-Sysmon","Guid":"5770385F-C22A-43E0-BF4C-06F5698FFBD9"},"EventID":{"Value":1},"Version":5,"Level":4,"Task":1,"Opcode":0,"Keywords":9223372036854775808,"TimeCreated":{"SystemTime":1783862851.753488},"EventRecordID":105193,"Correlation":{},"Execution":{"ProcessID":4652,"ThreadID":6392},"Channel":"Microsoft-Windows-Sysmon/Operational","Computer":"LT29.ait.us.es","Security":{"UserID":"S-1-5-18"}},"EventData":{"RuleName":"-","UtcTime":"2026-07-12 13:27:31.742","ProcessGuid":"6BC49A7D-9643-6A53-B406-000000009A01","ProcessId":132,"Image":"C:\\Windows\\System32\\WindowsPowerShell\\v1.0\\powershell.exe","FileVersion":"10.0.19041.3393 (WinBuild.160101.0800)","Description":"Windows PowerShell","Product":"Microsoft® Windows® Operating System","Company":"Microsoft Corporation","OriginalFileName":"PowerShell.EXE","CommandLine":"powershell.exe  -NoProfile -ExecutionPolicy Bypass -File \"C:\\Users\\seguridad\\Desktop\\TFM\\01_ACTIVE_TESTS\\Pruebas\\TEC-007_Ransomware\\Scriptransom.ps1\" ","CurrentDirectory":"C:\\Windows\\system32\\","User":"LT29\\seguridad","LogonGuid":"6BC49A7D-7A59-6A53-01CA-280000000000","LogonId":2673153,"TerminalSessionId":1,"IntegrityLevel":"High","Hashes":"MD5=DFD66604CA0898E8E26DF7B1635B6326,SHA256=D23B67799A0DA0143E395BA5DB906A22AB08FAC4BD5581E275B1E0F1B3FAC55C,IMPHASH=88CB9A420410BDA787E305B65518A934","ParentProcessGuid":"6BC49A7D-9643-6A53-B306-000000009A01","ParentProcessId":5764,"ParentImage":"C:\\Windows\\System32\\cmd.exe","ParentCommandLine":"\"cmd.exe\" /d /c powershell.exe -NoProfile -ExecutionPolicy Bypass -File \"C:\\Users\\seguridad\\Desktop\\TFM\\01_ACTIVE_TESTS\\Pruebas\\TEC-007_Ransomware\\Scriptransom.ps1\" ","ParentUser":"LT29\\seguridad"},"Message":"Process Create:\nRuleName: -!s!\nUtcTime: 2026-07-12 13:27:31.742!s!\nProcessGuid: 6BC49A7D-9643-6A53-B406-000000009A01!s!\nProcessId: 132!s!\nImage: C:\\Windows\\System32\\WindowsPowerShell\\v1.0\\powershell.exe!s!\nFileVersion: 10.0.19041.3393 (WinBuild.160101.0800)!s!\nDescription: Windows PowerShell!s!\nProduct: Microsoft® Windows® Operating System!s!\nCompany: Microsoft Corporation!s!\nOriginalFileName: PowerShell.EXE!s!\nCommandLine: powershell.exe  -NoProfile -ExecutionPolicy Bypass -File \"C:\\Users\\seguridad\\Desktop\\TFM\\01_ACTIVE_TESTS\\Pruebas\\TEC-007_Ransomware\\Scriptransom.ps1\" !s!\nCurrentDirectory: C:\\Windows\\system32\\!s!\nUser: LT29\\seguridad!s!\nLogonGuid: 6BC49A7D-7A59-6A53-01CA-280000000000!s!\nLogonId: 2673153!s!\nTerminalSessionId: 1!s!\nIntegrityLevel: High!s!\nHashes: MD5=DFD66604CA0898E8E26DF7B1635B6326,SHA256=D23B67799A0DA0143E395BA5DB906A22AB08FAC4BD5581E275B1E0F1B3FAC55C,IMPHASH=88CB9A420410BDA787E305B65518A934!s!\nParentProcessGuid: 6BC49A7D-9643-6A53-B306-000000009A01!s!\nParentProcessId: 5764!s!\nParentImage: C:\\Windows\\System32\\cmd.exe!s!\nParentCommandLine: \"cmd.exe\" /d /c powershell.exe -NoProfile -ExecutionPolicy Bypass -File \"C:\\Users\\seguridad\\Desktop\\TFM\\01_ACTIVE_TESTS\\Pruebas\\TEC-007_Ransomware\\Scriptransom.ps1\" !s!\nParentUser: LT29\\seguridad!s!\r\n"},"_Source":"Windows.Sigma.BaseEvents","ClientId":"C.364907172793f8c7","_ts":1783863026787}
{"Timestamp":"2026-07-12T13:27:31.753488063Z","Computer":"LT29.ait.us.es","Channel":"Microsoft-Windows-Sysmon/Operational","EID":1,"Level":"medium","Title":"Change PowerShell Policies to an Insecure Level 2","RecordID":105193,"Details":"Cmdline: powershell.exe  -NoProfile -ExecutionPolicy Bypass -File \"C:\\Users\\seguridad\\Desktop\\TFM\\01_ACTIVE_TESTS\\Pruebas\\TEC-007_Ransomware\\Scriptransom.ps1\"  ¦ Proc: C:\\Windows\\System32\\WindowsPowerShell\\v1.0\\powershell.exe ¦ User: LT29\\seguridad ¦ ParentCmdline: \"cmd.exe\" /d /c powershell.exe -NoProfile -ExecutionPolicy Bypass -File \"C:\\Users\\seguridad\\Desktop\\TFM\\01_ACTIVE_TESTS\\Pruebas\\TEC-007_Ransomware\\Scriptransom.ps1\"  ¦ LID: 2673153 ¦ LGUID: 6BC49A7D-7A59-6A53-01CA-280000000000 ¦ PID: 132 ¦ PGUID: 6BC49A7D-9643-6A53-B406-000000009A01 ¦ ParentPID: 5764 ¦ ParentPGUID: 6BC49A7D-9643-6A53-B306-000000009A01 ¦ Description: Windows PowerShell ¦ Product: Microsoft® Windows® Operating System ¦ Company: Microsoft Corporation ¦ Hashes: MD5=DFD66604CA0898E8E26DF7B1635B6326,SHA256=D23B67799A0DA0143E395BA5DB906A22AB08FAC4BD5581E275B1E0F1B3FAC55C,IMPHASH=88CB9A420410BDA787E305B65518A934","_Event":{"System":{"Provider":{"Name":"Microsoft-Windows-Sysmon","Guid":"5770385F-C22A-43E0-BF4C-06F5698FFBD9"},"EventID":{"Value":1},"Version":5,"Level":4,"Task":1,"Opcode":0,"Keywords":9223372036854775808,"TimeCreated":{"SystemTime":1783862851.753488},"EventRecordID":105193,"Correlation":{},"Execution":{"ProcessID":4652,"ThreadID":6392},"Channel":"Microsoft-Windows-Sysmon/Operational","Computer":"LT29.ait.us.es","Security":{"UserID":"S-1-5-18"}},"EventData":{"RuleName":"-","UtcTime":"2026-07-12 13:27:31.742","ProcessGuid":"6BC49A7D-9643-6A53-B406-000000009A01","ProcessId":132,"Image":"C:\\Windows\\System32\\WindowsPowerShell\\v1.0\\powershell.exe","FileVersion":"10.0.19041.3393 (WinBuild.160101.0800)","Description":"Windows PowerShell","Product":"Microsoft® Windows® Operating System","Company":"Microsoft Corporation","OriginalFileName":"PowerShell.EXE","CommandLine":"powershell.exe  -NoProfile -ExecutionPolicy Bypass -File \"C:\\Users\\seguridad\\Desktop\\TFM\\01_ACTIVE_TESTS\\Pruebas\\TEC-007_Ransomware\\Scriptransom.ps1\" ","CurrentDirectory":"C:\\Windows\\system32\\","User":"LT29\\seguridad","LogonGuid":"6BC49A7D-7A59-6A53-01CA-280000000000","LogonId":2673153,"TerminalSessionId":1,"IntegrityLevel":"High","Hashes":"MD5=DFD66604CA0898E8E26DF7B1635B6326,SHA256=D23B67799A0DA0143E395BA5DB906A22AB08FAC4BD5581E275B1E0F1B3FAC55C,IMPHASH=88CB9A420410BDA787E305B65518A934","ParentProcessGuid":"6BC49A7D-9643-6A53-B306-000000009A01","ParentProcessId":5764,"ParentImage":"C:\\Windows\\System32\\cmd.exe","ParentCommandLine":"\"cmd.exe\" /d /c powershell.exe -NoProfile -ExecutionPolicy Bypass -File \"C:\\Users\\seguridad\\Desktop\\TFM\\01_ACTIVE_TESTS\\Pruebas\\TEC-007_Ransomware\\Scriptransom.ps1\" ","ParentUser":"LT29\\seguridad"},"Message":"Process Create:\nRuleName: -!s!\nUtcTime: 2026-07-12 13:27:31.742!s!\nProcessGuid: 6BC49A7D-9643-6A53-B406-000000009A01!s!\nProcessId: 132!s!\nImage: C:\\Windows\\System32\\WindowsPowerShell\\v1.0\\powershell.exe!s!\nFileVersion: 10.0.19041.3393 (WinBuild.160101.0800)!s!\nDescription: Windows PowerShell!s!\nProduct: Microsoft® Windows® Operating System!s!\nCompany: Microsoft Corporation!s!\nOriginalFileName: PowerShell.EXE!s!\nCommandLine: powershell.exe  -NoProfile -ExecutionPolicy Bypass -File \"C:\\Users\\seguridad\\Desktop\\TFM\\01_ACTIVE_TESTS\\Pruebas\\TEC-007_Ransomware\\Scriptransom.ps1\" !s!\nCurrentDirectory: C:\\Windows\\system32\\!s!\nUser: LT29\\seguridad!s!\nLogonGuid: 6BC49A7D-7A59-6A53-01CA-280000000000!s!\nLogonId: 2673153!s!\nTerminalSessionId: 1!s!\nIntegrityLevel: High!s!\nHashes: MD5=DFD66604CA0898E8E26DF7B1635B6326,SHA256=D23B67799A0DA0143E395BA5DB906A22AB08FAC4BD5581E275B1E0F1B3FAC55C,IMPHASH=88CB9A420410BDA787E305B65518A934!s!\nParentProcessGuid: 6BC49A7D-9643-6A53-B306-000000009A01!s!\nParentProcessId: 5764!s!\nParentImage: C:\\Windows\\System32\\cmd.exe!s!\nParentCommandLine: \"cmd.exe\" /d /c powershell.exe -NoProfile -ExecutionPolicy Bypass -File \"C:\\Users\\seguridad\\Desktop\\TFM\\01_ACTIVE_TESTS\\Pruebas\\TEC-007_Ransomware\\Scriptransom.ps1\" !s!\nParentUser: LT29\\seguridad!s!\r\n"},"_Source":"Windows.Sigma.BaseEvents","ClientId":"C.364907172793f8c7","_ts":1783863026787}
{"Timestamp":"2026-07-12T13:28:10.720166444Z","Computer":"LT29.ait.us.es","Channel":"Microsoft-Windows-PowerShell/Operational","EID":4104,"Level":"informational","Title":"PwSh Scriptblock","RecordID":3281283,"Details":"ScriptBlock: $global:?","_Event":{"System":{"Provider":{"Name":"Microsoft-Windows-PowerShell","Guid":"A0C1853B-5C40-4B15-8766-3CF1C58F985A"},"EventID":{"Value":4104},"Version":1,"Level":5,"Task":2,"Opcode":15,"Keywords":0,"TimeCreated":{"SystemTime":1783862890.7201664},"EventRecordID":3281283,"Correlation":{"ActivityID":"F2694954-11F0-0003-DDFF-6EF2F011DD01"},"Execution":{"ProcessID":4816,"ThreadID":11964},"Channel":"Microsoft-Windows-PowerShell/Operational","Computer":"LT29.ait.us.es","Security":{"UserID":"S-1-5-21-2237245112-686140129-944090608-1004"}},"EventData":{"MessageNumber":1,"MessageTotal":1,"ScriptBlockText":"$global:?","ScriptBlockId":"1fb5ac16-69c5-41ff-958c-71ad3c491730","Path":""},"Message":"Creando texto de bloque de script (1 de 1):\n$global:?\n\nId. de bloque de script: 1fb5ac16-69c5-41ff-958c-71ad3c491730\nRuta de acceso: \r\n"},"_Source":"Windows.Sigma.BaseEvents","ClientId":"C.364907172793f8c7","_ts":1783863026787}
{"Timestamp":"2026-07-12T13:28:12.227655887Z","Computer":"LT29.ait.us.es","Channel":"Microsoft-Windows-PowerShell/Operational","EID":4104,"Level":"informational","Title":"PwSh Scriptblock","RecordID":3281303,"Details":"ScriptBlock: $target = 'C:\\Users\\seguridad\\Desktop\\TFM\\01_ACTIVE_TESTS\\Pruebas\\DUMB_LAB'; Write-Host 'TEC008_OK'; Get-ChildItem $target -Recurse -File | ForEach-Object { Remove-Item $_.FullName -Force }; Start-Sleep 3","_Event":{"System":{"Provider":{"Name":"Microsoft-Windows-PowerShell","Guid":"A0C1853B-5C40-4B15-8766-3CF1C58F985A"},"EventID":{"Value":4104},"Version":1,"Level":5,"Task":2,"Opcode":15,"Keywords":0,"TimeCreated":{"SystemTime":1783862892.227656},"EventRecordID":3281303,"Correlation":{"ActivityID":"F2694954-11F0-0003-6900-6FF2F011DD01"},"Execution":{"ProcessID":5704,"ThreadID":11672},"Channel":"Microsoft-Windows-PowerShell/Operational","Computer":"LT29.ait.us.es","Security":{"UserID":"S-1-5-21-2237245112-686140129-944090608-1004"}},"EventData":{"MessageNumber":1,"MessageTotal":1,"ScriptBlockText":"$target = 'C:\\Users\\seguridad\\Desktop\\TFM\\01_ACTIVE_TESTS\\Pruebas\\DUMB_LAB'; Write-Host 'TEC008_OK'; Get-ChildItem $target -Recurse -File | ForEach-Object { Remove-Item $_.FullName -Force }; Start-Sleep 3","ScriptBlockId":"efd45d1b-e8cb-49c9-9c23-ba6dc778930f","Path":""},"Message":"Creando texto de bloque de script (1 de 1):\n$target = 'C:\\Users\\seguridad\\Desktop\\TFM\\01_ACTIVE_TESTS\\Pruebas\\DUMB_LAB'; Write-Host 'TEC008_OK'; Get-ChildItem $target -Recurse -File | ForEach-Object { Remove-Item $_.FullName -Force }; Start-Sleep 3\n\nId. de bloque de script: efd45d1b-e8cb-49c9-9c23-ba6dc778930f\nRuta de acceso: \r\n"},"_Source":"Windows.Sigma.BaseEvents","ClientId":"C.364907172793f8c7","_ts":1783863026787}
{"Timestamp":"2026-07-12T13:28:12.227655887Z","Computer":"LT29.ait.us.es","Channel":"Microsoft-Windows-PowerShell/Operational","EID":4104,"Level":"low","Title":"Powershell File and Directory Discovery","RecordID":3281303,"Details":"ScriptBlock: $target = 'C:\\Users\\seguridad\\Desktop\\TFM\\01_ACTIVE_TESTS\\Pruebas\\DUMB_LAB'; Write-Host 'TEC008_OK'; Get-ChildItem $target -Recurse -File | ForEach-Object { Remove-Item $_.FullName -Force }; Start-Sleep 3","_Event":{"System":{"Provider":{"Name":"Microsoft-Windows-PowerShell","Guid":"A0C1853B-5C40-4B15-8766-3CF1C58F985A"},"EventID":{"Value":4104},"Version":1,"Level":5,"Task":2,"Opcode":15,"Keywords":0,"TimeCreated":{"SystemTime":1783862892.227656},"EventRecordID":3281303,"Correlation":{"ActivityID":"F2694954-11F0-0003-6900-6FF2F011DD01"},"Execution":{"ProcessID":5704,"ThreadID":11672},"Channel":"Microsoft-Windows-PowerShell/Operational","Computer":"LT29.ait.us.es","Security":{"UserID":"S-1-5-21-2237245112-686140129-944090608-1004"}},"EventData":{"MessageNumber":1,"MessageTotal":1,"ScriptBlockText":"$target = 'C:\\Users\\seguridad\\Desktop\\TFM\\01_ACTIVE_TESTS\\Pruebas\\DUMB_LAB'; Write-Host 'TEC008_OK'; Get-ChildItem $target -Recurse -File | ForEach-Object { Remove-Item $_.FullName -Force }; Start-Sleep 3","ScriptBlockId":"efd45d1b-e8cb-49c9-9c23-ba6dc778930f","Path":""},"Message":"Creando texto de bloque de script (1 de 1):\n$target = 'C:\\Users\\seguridad\\Desktop\\TFM\\01_ACTIVE_TESTS\\Pruebas\\DUMB_LAB'; Write-Host 'TEC008_OK'; Get-ChildItem $target -Recurse -File | ForEach-Object { Remove-Item $_.FullName -Force }; Start-Sleep 3\n\nId. de bloque de script: efd45d1b-e8cb-49c9-9c23-ba6dc778930f\nRuta de acceso: \r\n"},"_Source":"Windows.Sigma.BaseEvents","ClientId":"C.364907172793f8c7","_ts":1783863026787}
{"Timestamp":"2026-07-12T13:28:12.606312036Z","Computer":"LT29.ait.us.es","Channel":"Microsoft-Windows-PowerShell/Operational","EID":4104,"Level":"informational","Title":"PwSh Scriptblock","RecordID":3281311,"Details":"ScriptBlock: { Remove-Item $_.FullName -Force }","_Event":{"System":{"Provider":{"Name":"Microsoft-Windows-PowerShell","Guid":"A0C1853B-5C40-4B15-8766-3CF1C58F985A"},"EventID":{"Value":4104},"Version":1,"Level":5,"Task":2,"Opcode":15,"Keywords":0,"TimeCreated":{"SystemTime":1783862892.606312},"EventRecordID":3281311,"Correlation":{"ActivityID":"F2694954-11F0-0003-7200-6FF2F011DD01"},"Execution":{"ProcessID":5704,"ThreadID":11672},"Channel":"Microsoft-Windows-PowerShell/Operational","Computer":"LT29.ait.us.es","Security":{"UserID":"S-1-5-21-2237245112-686140129-944090608-1004"}},"EventData":{"MessageNumber":1,"MessageTotal":1,"ScriptBlockText":"{ Remove-Item $_.FullName -Force }","ScriptBlockId":"e7981fde-b24b-41f3-8648-68c7f32e59ac","Path":""},"Message":"Creando texto de bloque de script (1 de 1):\n{ Remove-Item $_.FullName -Force }\n\nId. de bloque de script: e7981fde-b24b-41f3-8648-68c7f32e59ac\nRuta de acceso: \r\n"},"_Source":"Windows.Sigma.BaseEvents","ClientId":"C.364907172793f8c7","_ts":1783863026787}
{"Timestamp":"2026-07-12T13:28:16.320976018Z","Computer":"LT29.ait.us.es","Channel":"Microsoft-Windows-PowerShell/Operational","EID":4104,"Level":"informational","Title":"PwSh Scriptblock","RecordID":3281413,"Details":"ScriptBlock: $global:?","_Event":{"System":{"Provider":{"Name":"Microsoft-Windows-PowerShell","Guid":"A0C1853B-5C40-4B15-8766-3CF1C58F985A"},"EventID":{"Value":4104},"Version":1,"Level":5,"Task":2,"Opcode":15,"Keywords":0,"TimeCreated":{"SystemTime":1783862896.320976},"EventRecordID":3281413,"Correlation":{"ActivityID":"F2694954-11F0-0002-A4D9-6EF2F011DD01"},"Execution":{"ProcessID":5704,"ThreadID":11672},"Channel":"Microsoft-Windows-PowerShell/Operational","Computer":"LT29.ait.us.es","Security":{"UserID":"S-1-5-21-2237245112-686140129-944090608-1004"}},"EventData":{"MessageNumber":1,"MessageTotal":1,"ScriptBlockText":"$global:?","ScriptBlockId":"841784ba-7e5d-490b-8517-fb58a9e707c5","Path":""},"Message":"Creando texto de bloque de script (1 de 1):\n$global:?\n\nId. de bloque de script: 841784ba-7e5d-490b-8517-fb58a9e707c5\nRuta de acceso: \r\n"},"_Source":"Windows.Sigma.BaseEvents","ClientId":"C.364907172793f8c7","_ts":1783863026787}
{"Timestamp":"2026-07-12T13:28:20.057246446Z","Computer":"LT29.ait.us.es","Channel":"Microsoft-Windows-PowerShell/Operational","EID":4104,"Level":"informational","Title":"PwSh Scriptblock","RecordID":3281453,"Details":"ScriptBlock: $Root = 'C:\\Users\\seguridad\\Desktop\\TFM\\Pruebas\\DUMB_LAB'\r\n\r\n$Folders = @(\r\n  'Finance',\r\n  'HR',\r\n  'Legal',\r\n  'Projects',\r\n  'Projects\\2026',\r\n  'Projects\\2025',\r\n  'Shared',\r\n  'Engineering',\r\n  'Backups'\r\n)\r\n\r\n$Exts = @('.docx','.xlsx','.pdf','.txt','.csv','.pptx','.jpg')\r\n\r\n$Names = @(\r\n  'Nominas_Q1_2026',\r\n  'Propuesta_Cliente',\r\n  'Contrato_Proveedor',\r\n  'Inventario',\r\n  'Backup_Resumen',\r\n  'Roadmap_Interno',\r\n  'Presupuesto',\r\n  'Plan_Proyecto',\r\n  'Acta_Reunion',\r\n  'Informe_Final'\r\n)\r\n\r\n# marcador de seguridad\r\nSet-Content \"$Root\\LAB_OK_DO_NOT_TOUCH.txt\" 'TFM TEC-007 SAFE LAB'\r\n\r\n# crear subcarpetas\r\nforeach ($f in $Folders) {\r\n  New-Item -ItemType Directory -Path (Join-Path $Root $f) -Force | Out-Null\r\n}\r\n\r\n# crear 1500 ficheros dummy\r\n1..1500 | ForEach-Object {\r\n  $folder = Get-Random $Folders\r\n  $name   = Get-Random $Names\r\n  $ext    = Get-Random $Exts\r\n  $file   = Join-Path (Join-Path $Root $folder) (\"{0}_{1}{2}\" -f $name, $_, $ext)\r\n\r\n  @\"\r\nDummy file for TEC-007\r\nId: $_\r\nCreated: $(Get-Date)\r\nThis is safe lab content only\r\n\"@ | Set-Content -Path $file -Encoding UTF8\r\n}\r\n\r\nWrite-Host \"OK. Dataset dummy creado en $Root\"","_Event":{"System":{"Provider":{"Name":"Microsoft-Windows-PowerShell","Guid":"A0C1853B-5C40-4B15-8766-3CF1C58F985A"},"EventID":{"Value":4104},"Version":1,"Level":5,"Task":2,"Opcode":15,"Keywords":0,"TimeCreated":{"SystemTime":1783862900.0572464},"EventRecordID":3281453,"Correlation":{"ActivityID":"F2694954-11F0-0002-6CDA-6EF2F011DD01"},"Execution":{"ProcessID":1908,"ThreadID":9080},"Channel":"Microsoft-Windows-PowerShell/Operational","Computer":"LT29.ait.us.es","Security":{"UserID":"S-1-5-21-2237245112-686140129-944090608-1004"}},"EventData":{"MessageNumber":1,"MessageTotal":1,"ScriptBlockText":"$Root = 'C:\\Users\\seguridad\\Desktop\\TFM\\Pruebas\\DUMB_LAB'\r\n\r\n$Folders = @(\r\n  'Finance',\r\n  'HR',\r\n  'Legal',\r\n  'Projects',\r\n  'Projects\\2026',\r\n  'Projects\\2025',\r\n  'Shared',\r\n  'Engineering',\r\n  'Backups'\r\n)\r\n\r\n$Exts = @('.docx','.xlsx','.pdf','.txt','.csv','.pptx','.jpg')\r\n\r\n$Names = @(\r\n  'Nominas_Q1_2026',\r\n  'Propuesta_Cliente',\r\n  'Contrato_Proveedor',\r\n  'Inventario',\r\n  'Backup_Resumen',\r\n  'Roadmap_Interno',\r\n  'Presupuesto',\r\n  'Plan_Proyecto',\r\n  'Acta_Reunion',\r\n  'Informe_Final'\r\n)\r\n\r\n# marcador de seguridad\r\nSet-Content \"$Root\\LAB_OK_DO_NOT_TOUCH.txt\" 'TFM TEC-007 SAFE LAB'\r\n\r\n# crear subcarpetas\r\nforeach ($f in $Folders) {\r\n  New-Item -ItemType Directory -Path (Join-Path $Root $f) -Force | Out-Null\r\n}\r\n\r\n# crear 1500 ficheros dummy\r\n1..1500 | ForEach-Object {\r\n  $folder = Get-Random $Folders\r\n  $name   = Get-Random $Names\r\n  $ext    = Get-Random $Exts\r\n  $file   = Join-Path (Join-Path $Root $folder) (\"{0}_{1}{2}\" -f $name, $_, $ext)\r\n\r\n  @\"\r\nDummy file for TEC-007\r\nId: $_\r\nCreated: $(Get-Date)\r\nThis is safe lab content only\r\n\"@ | Set-Content -Path $file -Encoding UTF8\r\n}\r\n\r\nWrite-Host \"OK. Dataset dummy creado en $Root\"","ScriptBlockId":"bfb88d1f-8356-486c-9f20-95b12d0267c8","Path":"C:\\Users\\seguridad\\Desktop\\TFM\\01_ACTIVE_TESTS\\Pruebas\\TEC-008_Sabotaje\\crear_directorio_dummy.ps1"},"Message":"Creando texto de bloque de script (1 de 1):\n$Root = 'C:\\Users\\seguridad\\Desktop\\TFM\\Pruebas\\DUMB_LAB'\r\n\r\n$Folders = @(\r\n  'Finance',\r\n  'HR',\r\n  'Legal',\r\n  'Projects',\r\n  'Projects\\2026',\r\n  'Projects\\2025',\r\n  'Shared',\r\n  'Engineering',\r\n  'Backups'\r\n)\r\n\r\n$Exts = @('.docx','.xlsx','.pdf','.txt','.csv','.pptx','.jpg')\r\n\r\n$Names = @(\r\n  'Nominas_Q1_2026',\r\n  'Propuesta_Cliente',\r\n  'Contrato_Proveedor',\r\n  'Inventario',\r\n  'Backup_Resumen',\r\n  'Roadmap_Interno',\r\n  'Presupuesto',\r\n  'Plan_Proyecto',\r\n  'Acta_Reunion',\r\n  'Informe_Final'\r\n)\r\n\r\n# marcador de seguridad\r\nSet-Content \"$Root\\LAB_OK_DO_NOT_TOUCH.txt\" 'TFM TEC-007 SAFE LAB'\r\n\r\n# crear subcarpetas\r\nforeach ($f in $Folders) {\r\n  New-Item -ItemType Directory -Path (Join-Path $Root $f) -Force | Out-Null\r\n}\r\n\r\n# crear 1500 ficheros dummy\r\n1..1500 | ForEach-Object {\r\n  $folder = Get-Random $Folders\r\n  $name   = Get-Random $Names\r\n  $ext    = Get-Random $Exts\r\n  $file   = Join-Path (Join-Path $Root $folder) (\"{0}_{1}{2}\" -f $name, $_, $ext)\r\n\r\n  @\"\r\nDummy file for TEC-007\r\nId: $_\r\nCreated: $(Get-Date)\r\nThis is safe lab content only\r\n\"@ | Set-Content -Path $file -Encoding UTF8\r\n}\r\n\r\nWrite-Host \"OK. Dataset dummy creado en $Root\"\n\nId. de bloque de script: bfb88d1f-8356-486c-9f20-95b12d0267c8\nRuta de acceso: C:\\Users\\seguridad\\Desktop\\TFM\\01_ACTIVE_TESTS\\Pruebas\\TEC-008_Sabotaje\\crear_directorio_dummy.ps1\r\n"},"_Source":"Windows.Sigma.BaseEvents","ClientId":"C.364907172793f8c7","_ts":1783863026787}
{"Timestamp":"2026-07-12T13:28:20.142444849Z","Computer":"LT29.ait.us.es","Channel":"Microsoft-Windows-PowerShell/Operational","EID":4104,"Level":"informational","Title":"PwSh Scriptblock","RecordID":3281457,"Details":"ScriptBlock: {\r\n  $folder = Get-Random $Folders\r\n  $name   = Get-Random $Names\r\n  $ext    = Get-Random $Exts\r\n  $file   = Join-Path (Join-Path $Root $folder) (\"{0}_{1}{2}\" -f $name, $_, $ext)\r\n\r\n  @\"\r\nDummy file for TEC-007\r\nId: $_\r\nCreated: $(Get-Date)\r\nThis is safe lab content only\r\n\"@ | Set-Content -Path $file -Encoding UTF8\r\n}","_Event":{"System":{"Provider":{"Name":"Microsoft-Windows-PowerShell","Guid":"A0C1853B-5C40-4B15-8766-3CF1C58F985A"},"EventID":{"Value":4104},"Version":1,"Level":5,"Task":2,"Opcode":15,"Keywords":0,"TimeCreated":{"SystemTime":1783862900.1424448},"EventRecordID":3281457,"Correlation":{"ActivityID":"F2694954-11F0-0003-AC01-6FF2F011DD01"},"Execution":{"ProcessID":1908,"ThreadID":9080},"Channel":"Microsoft-Windows-PowerShell/Operational","Computer":"LT29.ait.us.es","Security":{"UserID":"S-1-5-21-2237245112-686140129-944090608-1004"}},"EventData":{"MessageNumber":1,"MessageTotal":1,"ScriptBlockText":"{\r\n  $folder = Get-Random $Folders\r\n  $name   = Get-Random $Names\r\n  $ext    = Get-Random $Exts\r\n  $file   = Join-Path (Join-Path $Root $folder) (\"{0}_{1}{2}\" -f $name, $_, $ext)\r\n\r\n  @\"\r\nDummy file for TEC-007\r\nId: $_\r\nCreated: $(Get-Date)\r\nThis is safe lab content only\r\n\"@ | Set-Content -Path $file -Encoding UTF8\r\n}","ScriptBlockId":"8e56f393-e5c7-40fc-b9ad-b4bfabf5c35e","Path":"C:\\Users\\seguridad\\Desktop\\TFM\\01_ACTIVE_TESTS\\Pruebas\\TEC-008_Sabotaje\\crear_directorio_dummy.ps1"},"Message":"Creando texto de bloque de script (1 de 1):\n{\r\n  $folder = Get-Random $Folders\r\n  $name   = Get-Random $Names\r\n  $ext    = Get-Random $Exts\r\n  $file   = Join-Path (Join-Path $Root $folder) (\"{0}_{1}{2}\" -f $name, $_, $ext)\r\n\r\n  @\"\r\nDummy file for TEC-007\r\nId: $_\r\nCreated: $(Get-Date)\r\nThis is safe lab content only\r\n\"@ | Set-Content -Path $file -Encoding UTF8\r\n}\n\nId. de bloque de script: 8e56f393-e5c7-40fc-b9ad-b4bfabf5c35e\nRuta de acceso: C:\\Users\\seguridad\\Desktop\\TFM\\01_ACTIVE_TESTS\\Pruebas\\TEC-008_Sabotaje\\crear_directorio_dummy.ps1\r\n"},"_Source":"Windows.Sigma.BaseEvents","ClientId":"C.364907172793f8c7","_ts":1783863026787}
