{"Timestamp":"2026-07-12T13:22:26.55814886Z","Computer":"LT29.ait.us.es","Channel":"Microsoft-Windows-Windows Defender/Operational","EID":1116,"Level":"critical","Title":"Defender Alert (Severe)","RecordID":6285,"Details":"Threat: Trojan:VBA/Killav.VD!MTB ¦ Severity: Grave ¦ Type: Caballo de Troya ¦ User: LT29\\seguridad ¦ Path: file:_C:\\Windows\\Temp\\server_artifacts\\Server.Internal.ArtifactModification\\2026-07-12.json ¦ Proc: C:\\Users\\seguridad\\Desktop\\TFM\\Velociraptor\\velociraptor-v0.75.6-windows-amd64.exe","_Event":{"System":{"Provider":{"Name":"Microsoft-Windows-Windows Defender","Guid":"11CD958A-C507-4EF3-B3F2-5FD9DFBD2C78"},"EventID":{"Value":1116},"Version":0,"Level":3,"Task":0,"Opcode":0,"Keywords":9223372036854775808,"TimeCreated":{"SystemTime":1783862546.5581489},"EventRecordID":6285,"Correlation":{"ActivityID":"51AE8F51-33A6-44BA-9A01-0E2D1984B476"},"Execution":{"ProcessID":4628,"ThreadID":10852},"Channel":"Microsoft-Windows-Windows Defender/Operational","Computer":"LT29.ait.us.es","Security":{"UserID":"S-1-5-18"}},"EventData":{"Product Name":"Antivirus de Microsoft Defender","Product Version":"4.18.26060.3008","Detection ID":"{D6C64A6E-3B6D-4F86-A476-5D4124FC61B1}","Detection Time":"2026-07-12T13:20:55.892Z","Unused":"","Unused2":"","Threat ID":"2147970558","Threat Name":"Trojan:VBA/Killav.VD!MTB","Severity ID":"5","Severity Name":"Grave","Category ID":"8","Category Name":"Caballo de Troya","FWLink":"https://go.microsoft.com/fwlink/?linkid=37020\u0026name=Trojan:VBA/Killav.VD!MTB\u0026threatid=2147970558\u0026enterprise=0","Status Code":"1","Status Description":"","State":"1","Source ID":"3","Source Name":"Protección en tiempo real","Process Name":"C:\\Users\\seguridad\\Desktop\\TFM\\Velociraptor\\velociraptor-v0.75.6-windows-amd64.exe","Detection User":"LT29\\seguridad","Unused3":"","Path":"file:_C:\\Windows\\Temp\\server_artifacts\\Server.Internal.ArtifactModification\\2026-07-12.json","Origin ID":"1","Origin Name":"Equipo local","Execution ID":"1","Execution Name":"Suspendido","Type ID":"0","Type Name":"Concreto","Pre Execution Status":"0","Action ID":"9","Action Name":"No aplicable","Unused4":"","Error Code":"0x00000000","Error Description":"La operación se completó correctamente. ","Unused5":"","Post Clean Status":"0","Additional Actions ID":"0","Additional Actions String":"No additional actions required","Remediation User":"","Unused6":"","Security intelligence Version":"AV: 1.455.102.0, AS: 1.455.102.0, NIS: 1.455.102.0","Engine Version":"AM: 1.1.26060.3008, NIS: 1.1.26060.3008"},"Message":"Antivirus de Microsoft Defender 已偵測到惡意程式碼或其他潛在的垃圾軟體。\n如需詳細資訊，請參閱以下資訊:\nhttps://go.microsoft.com/fwlink/?linkid=37020\u0026name=Trojan:VBA/Killav.VD!MTB\u0026threatid=2147970558\u0026enterprise=0\n \t名稱:%bTrojan:VBA/Killav.VD!MTB\n \t識別碼:%b2147970558\n \t嚴重性:%bGrave\n \t類別:%bCaballo de Troya\n \t路徑:%bfile:_C:\\Windows\\Temp\\server_artifacts\\Server.Internal.ArtifactModification\\2026-07-12.json\n \t偵測原點:%bEquipo local\n \t偵測類型:%bConcreto\n \t偵測來源:%bProtección en tiempo real\n \t使用者:%bLT29\\seguridad\n \t處理序名稱:%bC:\\Users\\seguridad\\Desktop\\TFM\\Velociraptor\\velociraptor-v0.75.6-windows-amd64.exe\n \t安全性情報版本:%bAV: 1.455.102.0, AS: 1.455.102.0, NIS: 1.455.102.0\n \t引擎版本:%bAM: 1.1.26060.3008, NIS: 1.1.26060.3008\r\n"},"_Source":"Windows.Sigma.BaseEvents","ClientId":"C.364907172793f8c7","_ts":1783862616592}
{"Timestamp":"2026-07-12T13:22:26.477252721Z","Computer":"LT29.ait.us.es","Channel":"Microsoft-Windows-Windows Defender/Operational","EID":1117,"Level":"high","Title":"Windows Defender Threat Detected","RecordID":6284,"Details":"Antivirus de Microsoft Defender 已使用 Defender 安全情報偵測到惡意軟體或潛在的垃圾軟體，並套用安全性設定中定義的補救動作。\n如欲了解詳細資訊，請參閱以下內容:\nhttps://go.microsoft.com/fwlink/?linkid=37020\u0026name=Trojan:VBA/Killav.VD!MTB\u0026threatid=2147970558\u0026enterprise=0\n \t名稱:%bTrojan:VBA/Killav.VD!MTB\n \t識別碼:%b2147970558\n \t嚴重性:%bGrave\n \t類別:%bCaballo de Troya\n \t路徑:%bfile:_C:\\Windows\\Temp\\server_artifacts\\Server.Internal.ArtifactModification\\2026-07-12.json\n \t偵測原點:%bEquipo local\n \t偵測類型:%bConcreto\n \t偵測來源:%bProtección en tiempo real\n \t使用者:%bNT AUTHORITY\\SYSTEM\n \t流程名稱:%bC:\\Users\\seguridad\\Desktop\\TFM\\Velociraptor\\velociraptor-v0.75.6-windows-amd64.exe\n \t動作:%bCuarentena\n \t動作狀態: %bDebes reiniciar el dispositivo para terminar de eliminar el malware y otro software potencialmente no deseado. \n \t錯誤碼:%b0x00000000\n \t錯誤描述:%bLa operación se completó correctamente. \n \t安全情報版本:%bAV: 1.455.102.0, AS: 1.455.102.0, NIS: 1.455.102.0\n \t引擎版本:%bAM: 1.1.26060.3008, NIS: 1.1.26060.3008\r\n","_Event":{"System":{"Provider":{"Name":"Microsoft-Windows-Windows Defender","Guid":"11CD958A-C507-4EF3-B3F2-5FD9DFBD2C78"},"EventID":{"Value":1117},"Version":0,"Level":4,"Task":0,"Opcode":0,"Keywords":9223372036854775808,"TimeCreated":{"SystemTime":1783862546.4772527},"EventRecordID":6284,"Correlation":{"ActivityID":"51AE8F51-33A6-44BA-9A01-0E2D1984B476"},"Execution":{"ProcessID":4628,"ThreadID":10852},"Channel":"Microsoft-Windows-Windows Defender/Operational","Computer":"LT29.ait.us.es","Security":{"UserID":"S-1-5-18"}},"EventData":{"Product Name":"Antivirus de Microsoft Defender","Product Version":"4.18.26060.3008","Detection ID":"{A7249765-EA8C-48FE-A8AA-8A45E4672DC2}","Detection Time":"2026-07-12T13:20:47.123Z","Unused":"","Unused2":"","Threat ID":"2147970558","Threat Name":"Trojan:VBA/Killav.VD!MTB","Severity ID":"5","Severity Name":"Grave","Category ID":"8","Category Name":"Caballo de Troya","FWLink":"https://go.microsoft.com/fwlink/?linkid=37020\u0026name=Trojan:VBA/Killav.VD!MTB\u0026threatid=2147970558\u0026enterprise=0","Status Code":"3","Status Description":"","State":"3","Source ID":"3","Source Name":"Protección en tiempo real","Process Name":"C:\\Users\\seguridad\\Desktop\\TFM\\Velociraptor\\velociraptor-v0.75.6-windows-amd64.exe","Detection User":"LT29\\seguridad","Unused3":"","Path":"file:_C:\\Windows\\Temp\\server_artifacts\\Server.Internal.ArtifactModification\\2026-07-12.json","Origin ID":"1","Origin Name":"Equipo local","Execution ID":"1","Execution Name":"Suspendido","Type ID":"0","Type Name":"Concreto","Pre Execution Status":"3","Action ID":"2","Action Name":"Cuarentena","Unused4":"","Error Code":"0x00000000","Error Description":"La operación se completó correctamente. ","Unused5":"","Post Clean Status":"3","Additional Actions ID":"8","Additional Actions String":"Debes reiniciar el dispositivo para terminar de eliminar el malware y otro software potencialmente no deseado. ","Remediation User":"NT AUTHORITY\\SYSTEM","Unused6":"","Security intelligence Version":"AV: 1.455.102.0, AS: 1.455.102.0, NIS: 1.455.102.0","Engine Version":"AM: 1.1.26060.3008, NIS: 1.1.26060.3008"},"Message":"Antivirus de Microsoft Defender 已使用 Defender 安全情報偵測到惡意軟體或潛在的垃圾軟體，並套用安全性設定中定義的補救動作。\n如欲了解詳細資訊，請參閱以下內容:\nhttps://go.microsoft.com/fwlink/?linkid=37020\u0026name=Trojan:VBA/Killav.VD!MTB\u0026threatid=2147970558\u0026enterprise=0\n \t名稱:%bTrojan:VBA/Killav.VD!MTB\n \t識別碼:%b2147970558\n \t嚴重性:%bGrave\n \t類別:%bCaballo de Troya\n \t路徑:%bfile:_C:\\Windows\\Temp\\server_artifacts\\Server.Internal.ArtifactModification\\2026-07-12.json\n \t偵測原點:%bEquipo local\n \t偵測類型:%bConcreto\n \t偵測來源:%bProtección en tiempo real\n \t使用者:%bNT AUTHORITY\\SYSTEM\n \t流程名稱:%bC:\\Users\\seguridad\\Desktop\\TFM\\Velociraptor\\velociraptor-v0.75.6-windows-amd64.exe\n \t動作:%bCuarentena\n \t動作狀態: %bDebes reiniciar el dispositivo para terminar de eliminar el malware y otro software potencialmente no deseado. \n \t錯誤碼:%b0x00000000\n \t錯誤描述:%bLa operación se completó correctamente. \n \t安全情報版本:%bAV: 1.455.102.0, AS: 1.455.102.0, NIS: 1.455.102.0\n \t引擎版本:%bAM: 1.1.26060.3008, NIS: 1.1.26060.3008\r\n"},"_Source":"Windows.Sigma.BaseEvents","ClientId":"C.364907172793f8c7","_ts":1783862616592}
{"Timestamp":"2026-07-12T13:22:26.477252721Z","Computer":"LT29.ait.us.es","Channel":"Microsoft-Windows-Windows Defender/Operational","EID":1117,"Level":"high","Title":"Windows Defender Threat Detected","RecordID":6284,"Details":"Antivirus de Microsoft Defender 已使用 Defender 安全情報偵測到惡意軟體或潛在的垃圾軟體，並套用安全性設定中定義的補救動作。\n如欲了解詳細資訊，請參閱以下內容:\nhttps://go.microsoft.com/fwlink/?linkid=37020\u0026name=Trojan:VBA/Killav.VD!MTB\u0026threatid=2147970558\u0026enterprise=0\n \t名稱:%bTrojan:VBA/Killav.VD!MTB\n \t識別碼:%b2147970558\n \t嚴重性:%bGrave\n \t類別:%bCaballo de Troya\n \t路徑:%bfile:_C:\\Windows\\Temp\\server_artifacts\\Server.Internal.ArtifactModification\\2026-07-12.json\n \t偵測原點:%bEquipo local\n \t偵測類型:%bConcreto\n \t偵測來源:%bProtección en tiempo real\n \t使用者:%bNT AUTHORITY\\SYSTEM\n \t流程名稱:%bC:\\Users\\seguridad\\Desktop\\TFM\\Velociraptor\\velociraptor-v0.75.6-windows-amd64.exe\n \t動作:%bCuarentena\n \t動作狀態: %bDebes reiniciar el dispositivo para terminar de eliminar el malware y otro software potencialmente no deseado. \n \t錯誤碼:%b0x00000000\n \t錯誤描述:%bLa operación se completó correctamente. \n \t安全情報版本:%bAV: 1.455.102.0, AS: 1.455.102.0, NIS: 1.455.102.0\n \t引擎版本:%bAM: 1.1.26060.3008, NIS: 1.1.26060.3008\r\n","_Event":{"System":{"Provider":{"Name":"Microsoft-Windows-Windows Defender","Guid":"11CD958A-C507-4EF3-B3F2-5FD9DFBD2C78"},"EventID":{"Value":1117},"Version":0,"Level":4,"Task":0,"Opcode":0,"Keywords":9223372036854775808,"TimeCreated":{"SystemTime":1783862546.4772527},"EventRecordID":6284,"Correlation":{"ActivityID":"51AE8F51-33A6-44BA-9A01-0E2D1984B476"},"Execution":{"ProcessID":4628,"ThreadID":10852},"Channel":"Microsoft-Windows-Windows Defender/Operational","Computer":"LT29.ait.us.es","Security":{"UserID":"S-1-5-18"}},"EventData":{"Product Name":"Antivirus de Microsoft Defender","Product Version":"4.18.26060.3008","Detection ID":"{A7249765-EA8C-48FE-A8AA-8A45E4672DC2}","Detection Time":"2026-07-12T13:20:47.123Z","Unused":"","Unused2":"","Threat ID":"2147970558","Threat Name":"Trojan:VBA/Killav.VD!MTB","Severity ID":"5","Severity Name":"Grave","Category ID":"8","Category Name":"Caballo de Troya","FWLink":"https://go.microsoft.com/fwlink/?linkid=37020\u0026name=Trojan:VBA/Killav.VD!MTB\u0026threatid=2147970558\u0026enterprise=0","Status Code":"3","Status Description":"","State":"3","Source ID":"3","Source Name":"Protección en tiempo real","Process Name":"C:\\Users\\seguridad\\Desktop\\TFM\\Velociraptor\\velociraptor-v0.75.6-windows-amd64.exe","Detection User":"LT29\\seguridad","Unused3":"","Path":"file:_C:\\Windows\\Temp\\server_artifacts\\Server.Internal.ArtifactModification\\2026-07-12.json","Origin ID":"1","Origin Name":"Equipo local","Execution ID":"1","Execution Name":"Suspendido","Type ID":"0","Type Name":"Concreto","Pre Execution Status":"3","Action ID":"2","Action Name":"Cuarentena","Unused4":"","Error Code":"0x00000000","Error Description":"La operación se completó correctamente. ","Unused5":"","Post Clean Status":"3","Additional Actions ID":"8","Additional Actions String":"Debes reiniciar el dispositivo para terminar de eliminar el malware y otro software potencialmente no deseado. ","Remediation User":"NT AUTHORITY\\SYSTEM","Unused6":"","Security intelligence Version":"AV: 1.455.102.0, AS: 1.455.102.0, NIS: 1.455.102.0","Engine Version":"AM: 1.1.26060.3008, NIS: 1.1.26060.3008"},"Message":"Antivirus de Microsoft Defender 已使用 Defender 安全情報偵測到惡意軟體或潛在的垃圾軟體，並套用安全性設定中定義的補救動作。\n如欲了解詳細資訊，請參閱以下內容:\nhttps://go.microsoft.com/fwlink/?linkid=37020\u0026name=Trojan:VBA/Killav.VD!MTB\u0026threatid=2147970558\u0026enterprise=0\n \t名稱:%bTrojan:VBA/Killav.VD!MTB\n \t識別碼:%b2147970558\n \t嚴重性:%bGrave\n \t類別:%bCaballo de Troya\n \t路徑:%bfile:_C:\\Windows\\Temp\\server_artifacts\\Server.Internal.ArtifactModification\\2026-07-12.json\n \t偵測原點:%bEquipo local\n \t偵測類型:%bConcreto\n \t偵測來源:%bProtección en tiempo real\n \t使用者:%bNT AUTHORITY\\SYSTEM\n \t流程名稱:%bC:\\Users\\seguridad\\Desktop\\TFM\\Velociraptor\\velociraptor-v0.75.6-windows-amd64.exe\n \t動作:%bCuarentena\n \t動作狀態: %bDebes reiniciar el dispositivo para terminar de eliminar el malware y otro software potencialmente no deseado. \n \t錯誤碼:%b0x00000000\n \t錯誤描述:%bLa operación se completó correctamente. \n \t安全情報版本:%bAV: 1.455.102.0, AS: 1.455.102.0, NIS: 1.455.102.0\n \t引擎版本:%bAM: 1.1.26060.3008, NIS: 1.1.26060.3008\r\n"},"_Source":"Windows.Sigma.BaseEvents","ClientId":"C.364907172793f8c7","_ts":1783862616592}
{"Timestamp":"2026-07-12T13:21:00.426696062Z","Computer":"LT29.ait.us.es","Channel":"Microsoft-Windows-Windows Defender/Operational","EID":1116,"Level":"high","Title":"Antivirus Relevant File Paths Alerts","RecordID":6283,"Details":"Threat: Trojan:VBA/Killav.VD!MTB ¦ Severity: Grave ¦ Type: Caballo de Troya ¦ User: LT29\\seguridad ¦ Path: file:_C:\\Windows\\Temp\\server_artifacts\\Server.Internal.ArtifactModification\\2026-07-12.json ¦ Proc: C:\\Users\\seguridad\\Desktop\\TFM\\Velociraptor\\velociraptor-v0.75.6-windows-amd64.exe","_Event":{"System":{"Provider":{"Name":"Microsoft-Windows-Windows Defender","Guid":"11CD958A-C507-4EF3-B3F2-5FD9DFBD2C78"},"EventID":{"Value":1116},"Version":0,"Level":3,"Task":0,"Opcode":0,"Keywords":9223372036854775808,"TimeCreated":{"SystemTime":1783862460.426696},"EventRecordID":6283,"Correlation":{},"Execution":{"ProcessID":4628,"ThreadID":8524},"Channel":"Microsoft-Windows-Windows Defender/Operational","Computer":"LT29.ait.us.es","Security":{"UserID":"S-1-5-18"}},"EventData":{"Product Name":"Antivirus de Microsoft Defender","Product Version":"4.18.26060.3008","Detection ID":"{D6C64A6E-3B6D-4F86-A476-5D4124FC61B1}","Detection Time":"2026-07-12T13:20:55.892Z","Unused":"","Unused2":"","Threat ID":"2147970558","Threat Name":"Trojan:VBA/Killav.VD!MTB","Severity ID":"5","Severity Name":"Grave","Category ID":"8","Category Name":"Caballo de Troya","FWLink":"https://go.microsoft.com/fwlink/?linkid=37020\u0026name=Trojan:VBA/Killav.VD!MTB\u0026threatid=2147970558\u0026enterprise=0","Status Code":"1","Status Description":"","State":"1","Source ID":"3","Source Name":"Protección en tiempo real","Process Name":"C:\\Users\\seguridad\\Desktop\\TFM\\Velociraptor\\velociraptor-v0.75.6-windows-amd64.exe","Detection User":"LT29\\seguridad","Unused3":"","Path":"file:_C:\\Windows\\Temp\\server_artifacts\\Server.Internal.ArtifactModification\\2026-07-12.json","Origin ID":"1","Origin Name":"Equipo local","Execution ID":"1","Execution Name":"Suspendido","Type ID":"0","Type Name":"Concreto","Pre Execution Status":"0","Action ID":"9","Action Name":"No aplicable","Unused4":"","Error Code":"0x00000000","Error Description":"La operación se completó correctamente. ","Unused5":"","Post Clean Status":"0","Additional Actions ID":"0","Additional Actions String":"No additional actions required","Remediation User":"","Unused6":"","Security intelligence Version":"AV: 1.455.102.0, AS: 1.455.102.0, NIS: 1.455.102.0","Engine Version":"AM: 1.1.26060.3008, NIS: 1.1.26060.3008"},"Message":"Antivirus de Microsoft Defender 已偵測到惡意程式碼或其他潛在的垃圾軟體。\n如需詳細資訊，請參閱以下資訊:\nhttps://go.microsoft.com/fwlink/?linkid=37020\u0026name=Trojan:VBA/Killav.VD!MTB\u0026threatid=2147970558\u0026enterprise=0\n \t名稱:%bTrojan:VBA/Killav.VD!MTB\n \t識別碼:%b2147970558\n \t嚴重性:%bGrave\n \t類別:%bCaballo de Troya\n \t路徑:%bfile:_C:\\Windows\\Temp\\server_artifacts\\Server.Internal.ArtifactModification\\2026-07-12.json\n \t偵測原點:%bEquipo local\n \t偵測類型:%bConcreto\n \t偵測來源:%bProtección en tiempo real\n \t使用者:%bLT29\\seguridad\n \t處理序名稱:%bC:\\Users\\seguridad\\Desktop\\TFM\\Velociraptor\\velociraptor-v0.75.6-windows-amd64.exe\n \t安全性情報版本:%bAV: 1.455.102.0, AS: 1.455.102.0, NIS: 1.455.102.0\n \t引擎版本:%bAM: 1.1.26060.3008, NIS: 1.1.26060.3008\r\n"},"_Source":"Windows.Sigma.BaseEvents","ClientId":"C.364907172793f8c7","_ts":1783862616592}
{"Timestamp":"2026-07-12T13:21:00.426696062Z","Computer":"LT29.ait.us.es","Channel":"Microsoft-Windows-Windows Defender/Operational","EID":1116,"Level":"high","Title":"Windows Defender Threat Detected","RecordID":6283,"Details":"Threat: Trojan:VBA/Killav.VD!MTB ¦ Severity: Grave ¦ Type: Caballo de Troya ¦ User: LT29\\seguridad ¦ Path: file:_C:\\Windows\\Temp\\server_artifacts\\Server.Internal.ArtifactModification\\2026-07-12.json ¦ Proc: C:\\Users\\seguridad\\Desktop\\TFM\\Velociraptor\\velociraptor-v0.75.6-windows-amd64.exe","_Event":{"System":{"Provider":{"Name":"Microsoft-Windows-Windows Defender","Guid":"11CD958A-C507-4EF3-B3F2-5FD9DFBD2C78"},"EventID":{"Value":1116},"Version":0,"Level":3,"Task":0,"Opcode":0,"Keywords":9223372036854775808,"TimeCreated":{"SystemTime":1783862460.426696},"EventRecordID":6283,"Correlation":{},"Execution":{"ProcessID":4628,"ThreadID":8524},"Channel":"Microsoft-Windows-Windows Defender/Operational","Computer":"LT29.ait.us.es","Security":{"UserID":"S-1-5-18"}},"EventData":{"Product Name":"Antivirus de Microsoft Defender","Product Version":"4.18.26060.3008","Detection ID":"{D6C64A6E-3B6D-4F86-A476-5D4124FC61B1}","Detection Time":"2026-07-12T13:20:55.892Z","Unused":"","Unused2":"","Threat ID":"2147970558","Threat Name":"Trojan:VBA/Killav.VD!MTB","Severity ID":"5","Severity Name":"Grave","Category ID":"8","Category Name":"Caballo de Troya","FWLink":"https://go.microsoft.com/fwlink/?linkid=37020\u0026name=Trojan:VBA/Killav.VD!MTB\u0026threatid=2147970558\u0026enterprise=0","Status Code":"1","Status Description":"","State":"1","Source ID":"3","Source Name":"Protección en tiempo real","Process Name":"C:\\Users\\seguridad\\Desktop\\TFM\\Velociraptor\\velociraptor-v0.75.6-windows-amd64.exe","Detection User":"LT29\\seguridad","Unused3":"","Path":"file:_C:\\Windows\\Temp\\server_artifacts\\Server.Internal.ArtifactModification\\2026-07-12.json","Origin ID":"1","Origin Name":"Equipo local","Execution ID":"1","Execution Name":"Suspendido","Type ID":"0","Type Name":"Concreto","Pre Execution Status":"0","Action ID":"9","Action Name":"No aplicable","Unused4":"","Error Code":"0x00000000","Error Description":"La operación se completó correctamente. ","Unused5":"","Post Clean Status":"0","Additional Actions ID":"0","Additional Actions String":"No additional actions required","Remediation User":"","Unused6":"","Security intelligence Version":"AV: 1.455.102.0, AS: 1.455.102.0, NIS: 1.455.102.0","Engine Version":"AM: 1.1.26060.3008, NIS: 1.1.26060.3008"},"Message":"Antivirus de Microsoft Defender 已偵測到惡意程式碼或其他潛在的垃圾軟體。\n如需詳細資訊，請參閱以下資訊:\nhttps://go.microsoft.com/fwlink/?linkid=37020\u0026name=Trojan:VBA/Killav.VD!MTB\u0026threatid=2147970558\u0026enterprise=0\n \t名稱:%bTrojan:VBA/Killav.VD!MTB\n \t識別碼:%b2147970558\n \t嚴重性:%bGrave\n \t類別:%bCaballo de Troya\n \t路徑:%bfile:_C:\\Windows\\Temp\\server_artifacts\\Server.Internal.ArtifactModification\\2026-07-12.json\n \t偵測原點:%bEquipo local\n \t偵測類型:%bConcreto\n \t偵測來源:%bProtección en tiempo real\n \t使用者:%bLT29\\seguridad\n \t處理序名稱:%bC:\\Users\\seguridad\\Desktop\\TFM\\Velociraptor\\velociraptor-v0.75.6-windows-amd64.exe\n \t安全性情報版本:%bAV: 1.455.102.0, AS: 1.455.102.0, NIS: 1.455.102.0\n \t引擎版本:%bAM: 1.1.26060.3008, NIS: 1.1.26060.3008\r\n"},"_Source":"Windows.Sigma.BaseEvents","ClientId":"C.364907172793f8c7","_ts":1783862616592}
{"Timestamp":"2026-07-12T13:22:26.725265502Z","Computer":"LT29.ait.us.es","Channel":"Microsoft-Windows-Windows Defender/Operational","EID":1117,"Level":"high","Title":"Windows Defender Threat Detected","RecordID":6286,"Details":"Antivirus de Microsoft Defender 已使用 Defender 安全情報偵測到惡意軟體或潛在的垃圾軟體，並套用安全性設定中定義的補救動作。\n如欲了解詳細資訊，請參閱以下內容:\nhttps://go.microsoft.com/fwlink/?linkid=37020\u0026name=Trojan:VBA/Killav.VD!MTB\u0026threatid=2147970558\u0026enterprise=0\n \t名稱:%bTrojan:VBA/Killav.VD!MTB\n \t識別碼:%b2147970558\n \t嚴重性:%bGrave\n \t類別:%bCaballo de Troya\n \t路徑:%bfile:_C:\\Windows\\Temp\\server_artifacts\\Server.Internal.ArtifactModification\\2026-07-12.json\n \t偵測原點:%bEquipo local\n \t偵測類型:%bConcreto\n \t偵測來源:%bProtección en tiempo real\n \t使用者:%bNT AUTHORITY\\SYSTEM\n \t流程名稱:%bC:\\Users\\seguridad\\Desktop\\TFM\\Velociraptor\\velociraptor-v0.75.6-windows-amd64.exe\n \t動作:%bCuarentena\n \t動作狀態: %bNo additional actions required\n \t錯誤碼:%b0x00000000\n \t錯誤描述:%bLa operación se completó correctamente. \n \t安全情報版本:%bAV: 1.455.102.0, AS: 1.455.102.0, NIS: 1.455.102.0\n \t引擎版本:%bAM: 1.1.26060.3008, NIS: 1.1.26060.3008\r\n","_Event":{"System":{"Provider":{"Name":"Microsoft-Windows-Windows Defender","Guid":"11CD958A-C507-4EF3-B3F2-5FD9DFBD2C78"},"EventID":{"Value":1117},"Version":0,"Level":4,"Task":0,"Opcode":0,"Keywords":9223372036854775808,"TimeCreated":{"SystemTime":1783862546.7252655},"EventRecordID":6286,"Correlation":{},"Execution":{"ProcessID":4628,"ThreadID":10852},"Channel":"Microsoft-Windows-Windows Defender/Operational","Computer":"LT29.ait.us.es","Security":{"UserID":"S-1-5-18"}},"EventData":{"Product Name":"Antivirus de Microsoft Defender","Product Version":"4.18.26060.3008","Detection ID":"{D6C64A6E-3B6D-4F86-A476-5D4124FC61B1}","Detection Time":"2026-07-12T13:20:55.892Z","Unused":"","Unused2":"","Threat ID":"2147970558","Threat Name":"Trojan:VBA/Killav.VD!MTB","Severity ID":"5","Severity Name":"Grave","Category ID":"8","Category Name":"Caballo de Troya","FWLink":"https://go.microsoft.com/fwlink/?linkid=37020\u0026name=Trojan:VBA/Killav.VD!MTB\u0026threatid=2147970558\u0026enterprise=0","Status Code":"3","Status Description":"","State":"2","Source ID":"3","Source Name":"Protección en tiempo real","Process Name":"C:\\Users\\seguridad\\Desktop\\TFM\\Velociraptor\\velociraptor-v0.75.6-windows-amd64.exe","Detection User":"LT29\\seguridad","Unused3":"","Path":"file:_C:\\Windows\\Temp\\server_artifacts\\Server.Internal.ArtifactModification\\2026-07-12.json","Origin ID":"1","Origin Name":"Equipo local","Execution ID":"1","Execution Name":"Suspendido","Type ID":"0","Type Name":"Concreto","Pre Execution Status":"0","Action ID":"2","Action Name":"Cuarentena","Unused4":"","Error Code":"0x00000000","Error Description":"La operación se completó correctamente. ","Unused5":"","Post Clean Status":"0","Additional Actions ID":"0","Additional Actions String":"No additional actions required","Remediation User":"NT AUTHORITY\\SYSTEM","Unused6":"","Security intelligence Version":"AV: 1.455.102.0, AS: 1.455.102.0, NIS: 1.455.102.0","Engine Version":"AM: 1.1.26060.3008, NIS: 1.1.26060.3008"},"Message":"Antivirus de Microsoft Defender 已使用 Defender 安全情報偵測到惡意軟體或潛在的垃圾軟體，並套用安全性設定中定義的補救動作。\n如欲了解詳細資訊，請參閱以下內容:\nhttps://go.microsoft.com/fwlink/?linkid=37020\u0026name=Trojan:VBA/Killav.VD!MTB\u0026threatid=2147970558\u0026enterprise=0\n \t名稱:%bTrojan:VBA/Killav.VD!MTB\n \t識別碼:%b2147970558\n \t嚴重性:%bGrave\n \t類別:%bCaballo de Troya\n \t路徑:%bfile:_C:\\Windows\\Temp\\server_artifacts\\Server.Internal.ArtifactModification\\2026-07-12.json\n \t偵測原點:%bEquipo local\n \t偵測類型:%bConcreto\n \t偵測來源:%bProtección en tiempo real\n \t使用者:%bNT AUTHORITY\\SYSTEM\n \t流程名稱:%bC:\\Users\\seguridad\\Desktop\\TFM\\Velociraptor\\velociraptor-v0.75.6-windows-amd64.exe\n \t動作:%bCuarentena\n \t動作狀態: %bNo additional actions required\n \t錯誤碼:%b0x00000000\n \t錯誤描述:%bLa operación se completó correctamente. \n \t安全情報版本:%bAV: 1.455.102.0, AS: 1.455.102.0, NIS: 1.455.102.0\n \t引擎版本:%bAM: 1.1.26060.3008, NIS: 1.1.26060.3008\r\n"},"_Source":"Windows.Sigma.BaseEvents","ClientId":"C.364907172793f8c7","_ts":1783862616592}
{"Timestamp":"2026-07-12T13:22:26.55814886Z","Computer":"LT29.ait.us.es","Channel":"Microsoft-Windows-Windows Defender/Operational","EID":1116,"Level":"high","Title":"Antivirus Relevant File Paths Alerts","RecordID":6285,"Details":"Threat: Trojan:VBA/Killav.VD!MTB ¦ Severity: Grave ¦ Type: Caballo de Troya ¦ User: LT29\\seguridad ¦ Path: file:_C:\\Windows\\Temp\\server_artifacts\\Server.Internal.ArtifactModification\\2026-07-12.json ¦ Proc: C:\\Users\\seguridad\\Desktop\\TFM\\Velociraptor\\velociraptor-v0.75.6-windows-amd64.exe","_Event":{"System":{"Provider":{"Name":"Microsoft-Windows-Windows Defender","Guid":"11CD958A-C507-4EF3-B3F2-5FD9DFBD2C78"},"EventID":{"Value":1116},"Version":0,"Level":3,"Task":0,"Opcode":0,"Keywords":9223372036854775808,"TimeCreated":{"SystemTime":1783862546.5581489},"EventRecordID":6285,"Correlation":{"ActivityID":"51AE8F51-33A6-44BA-9A01-0E2D1984B476"},"Execution":{"ProcessID":4628,"ThreadID":10852},"Channel":"Microsoft-Windows-Windows Defender/Operational","Computer":"LT29.ait.us.es","Security":{"UserID":"S-1-5-18"}},"EventData":{"Product Name":"Antivirus de Microsoft Defender","Product Version":"4.18.26060.3008","Detection ID":"{D6C64A6E-3B6D-4F86-A476-5D4124FC61B1}","Detection Time":"2026-07-12T13:20:55.892Z","Unused":"","Unused2":"","Threat ID":"2147970558","Threat Name":"Trojan:VBA/Killav.VD!MTB","Severity ID":"5","Severity Name":"Grave","Category ID":"8","Category Name":"Caballo de Troya","FWLink":"https://go.microsoft.com/fwlink/?linkid=37020\u0026name=Trojan:VBA/Killav.VD!MTB\u0026threatid=2147970558\u0026enterprise=0","Status Code":"1","Status Description":"","State":"1","Source ID":"3","Source Name":"Protección en tiempo real","Process Name":"C:\\Users\\seguridad\\Desktop\\TFM\\Velociraptor\\velociraptor-v0.75.6-windows-amd64.exe","Detection User":"LT29\\seguridad","Unused3":"","Path":"file:_C:\\Windows\\Temp\\server_artifacts\\Server.Internal.ArtifactModification\\2026-07-12.json","Origin ID":"1","Origin Name":"Equipo local","Execution ID":"1","Execution Name":"Suspendido","Type ID":"0","Type Name":"Concreto","Pre Execution Status":"0","Action ID":"9","Action Name":"No aplicable","Unused4":"","Error Code":"0x00000000","Error Description":"La operación se completó correctamente. ","Unused5":"","Post Clean Status":"0","Additional Actions ID":"0","Additional Actions String":"No additional actions required","Remediation User":"","Unused6":"","Security intelligence Version":"AV: 1.455.102.0, AS: 1.455.102.0, NIS: 1.455.102.0","Engine Version":"AM: 1.1.26060.3008, NIS: 1.1.26060.3008"},"Message":"Antivirus de Microsoft Defender 已偵測到惡意程式碼或其他潛在的垃圾軟體。\n如需詳細資訊，請參閱以下資訊:\nhttps://go.microsoft.com/fwlink/?linkid=37020\u0026name=Trojan:VBA/Killav.VD!MTB\u0026threatid=2147970558\u0026enterprise=0\n \t名稱:%bTrojan:VBA/Killav.VD!MTB\n \t識別碼:%b2147970558\n \t嚴重性:%bGrave\n \t類別:%bCaballo de Troya\n \t路徑:%bfile:_C:\\Windows\\Temp\\server_artifacts\\Server.Internal.ArtifactModification\\2026-07-12.json\n \t偵測原點:%bEquipo local\n \t偵測類型:%bConcreto\n \t偵測來源:%bProtección en tiempo real\n \t使用者:%bLT29\\seguridad\n \t處理序名稱:%bC:\\Users\\seguridad\\Desktop\\TFM\\Velociraptor\\velociraptor-v0.75.6-windows-amd64.exe\n \t安全性情報版本:%bAV: 1.455.102.0, AS: 1.455.102.0, NIS: 1.455.102.0\n \t引擎版本:%bAM: 1.1.26060.3008, NIS: 1.1.26060.3008\r\n"},"_Source":"Windows.Sigma.BaseEvents","ClientId":"C.364907172793f8c7","_ts":1783862616592}
{"Timestamp":"2026-07-12T13:21:00.426696062Z","Computer":"LT29.ait.us.es","Channel":"Microsoft-Windows-Windows Defender/Operational","EID":1116,"Level":"critical","Title":"Defender Alert (Severe)","RecordID":6283,"Details":"Threat: Trojan:VBA/Killav.VD!MTB ¦ Severity: Grave ¦ Type: Caballo de Troya ¦ User: LT29\\seguridad ¦ Path: file:_C:\\Windows\\Temp\\server_artifacts\\Server.Internal.ArtifactModification\\2026-07-12.json ¦ Proc: C:\\Users\\seguridad\\Desktop\\TFM\\Velociraptor\\velociraptor-v0.75.6-windows-amd64.exe","_Event":{"System":{"Provider":{"Name":"Microsoft-Windows-Windows Defender","Guid":"11CD958A-C507-4EF3-B3F2-5FD9DFBD2C78"},"EventID":{"Value":1116},"Version":0,"Level":3,"Task":0,"Opcode":0,"Keywords":9223372036854775808,"TimeCreated":{"SystemTime":1783862460.426696},"EventRecordID":6283,"Correlation":{},"Execution":{"ProcessID":4628,"ThreadID":8524},"Channel":"Microsoft-Windows-Windows Defender/Operational","Computer":"LT29.ait.us.es","Security":{"UserID":"S-1-5-18"}},"EventData":{"Product Name":"Antivirus de Microsoft Defender","Product Version":"4.18.26060.3008","Detection ID":"{D6C64A6E-3B6D-4F86-A476-5D4124FC61B1}","Detection Time":"2026-07-12T13:20:55.892Z","Unused":"","Unused2":"","Threat ID":"2147970558","Threat Name":"Trojan:VBA/Killav.VD!MTB","Severity ID":"5","Severity Name":"Grave","Category ID":"8","Category Name":"Caballo de Troya","FWLink":"https://go.microsoft.com/fwlink/?linkid=37020\u0026name=Trojan:VBA/Killav.VD!MTB\u0026threatid=2147970558\u0026enterprise=0","Status Code":"1","Status Description":"","State":"1","Source ID":"3","Source Name":"Protección en tiempo real","Process Name":"C:\\Users\\seguridad\\Desktop\\TFM\\Velociraptor\\velociraptor-v0.75.6-windows-amd64.exe","Detection User":"LT29\\seguridad","Unused3":"","Path":"file:_C:\\Windows\\Temp\\server_artifacts\\Server.Internal.ArtifactModification\\2026-07-12.json","Origin ID":"1","Origin Name":"Equipo local","Execution ID":"1","Execution Name":"Suspendido","Type ID":"0","Type Name":"Concreto","Pre Execution Status":"0","Action ID":"9","Action Name":"No aplicable","Unused4":"","Error Code":"0x00000000","Error Description":"La operación se completó correctamente. ","Unused5":"","Post Clean Status":"0","Additional Actions ID":"0","Additional Actions String":"No additional actions required","Remediation User":"","Unused6":"","Security intelligence Version":"AV: 1.455.102.0, AS: 1.455.102.0, NIS: 1.455.102.0","Engine Version":"AM: 1.1.26060.3008, NIS: 1.1.26060.3008"},"Message":"Antivirus de Microsoft Defender 已偵測到惡意程式碼或其他潛在的垃圾軟體。\n如需詳細資訊，請參閱以下資訊:\nhttps://go.microsoft.com/fwlink/?linkid=37020\u0026name=Trojan:VBA/Killav.VD!MTB\u0026threatid=2147970558\u0026enterprise=0\n \t名稱:%bTrojan:VBA/Killav.VD!MTB\n \t識別碼:%b2147970558\n \t嚴重性:%bGrave\n \t類別:%bCaballo de Troya\n \t路徑:%bfile:_C:\\Windows\\Temp\\server_artifacts\\Server.Internal.ArtifactModification\\2026-07-12.json\n \t偵測原點:%bEquipo local\n \t偵測類型:%bConcreto\n \t偵測來源:%bProtección en tiempo real\n \t使用者:%bLT29\\seguridad\n \t處理序名稱:%bC:\\Users\\seguridad\\Desktop\\TFM\\Velociraptor\\velociraptor-v0.75.6-windows-amd64.exe\n \t安全性情報版本:%bAV: 1.455.102.0, AS: 1.455.102.0, NIS: 1.455.102.0\n \t引擎版本:%bAM: 1.1.26060.3008, NIS: 1.1.26060.3008\r\n"},"_Source":"Windows.Sigma.BaseEvents","ClientId":"C.364907172793f8c7","_ts":1783862616592}
{"Timestamp":"2026-07-12T13:22:26.55814886Z","Computer":"LT29.ait.us.es","Channel":"Microsoft-Windows-Windows Defender/Operational","EID":1116,"Level":"critical","Title":"Defender Alert (Severe)","RecordID":6285,"Details":"Threat: Trojan:VBA/Killav.VD!MTB ¦ Severity: Grave ¦ Type: Caballo de Troya ¦ User: LT29\\seguridad ¦ Path: file:_C:\\Windows\\Temp\\server_artifacts\\Server.Internal.ArtifactModification\\2026-07-12.json ¦ Proc: C:\\Users\\seguridad\\Desktop\\TFM\\Velociraptor\\velociraptor-v0.75.6-windows-amd64.exe","_Event":{"System":{"Provider":{"Name":"Microsoft-Windows-Windows Defender","Guid":"11CD958A-C507-4EF3-B3F2-5FD9DFBD2C78"},"EventID":{"Value":1116},"Version":0,"Level":3,"Task":0,"Opcode":0,"Keywords":9223372036854775808,"TimeCreated":{"SystemTime":1783862546.5581489},"EventRecordID":6285,"Correlation":{"ActivityID":"51AE8F51-33A6-44BA-9A01-0E2D1984B476"},"Execution":{"ProcessID":4628,"ThreadID":10852},"Channel":"Microsoft-Windows-Windows Defender/Operational","Computer":"LT29.ait.us.es","Security":{"UserID":"S-1-5-18"}},"EventData":{"Product Name":"Antivirus de Microsoft Defender","Product Version":"4.18.26060.3008","Detection ID":"{D6C64A6E-3B6D-4F86-A476-5D4124FC61B1}","Detection Time":"2026-07-12T13:20:55.892Z","Unused":"","Unused2":"","Threat ID":"2147970558","Threat Name":"Trojan:VBA/Killav.VD!MTB","Severity ID":"5","Severity Name":"Grave","Category ID":"8","Category Name":"Caballo de Troya","FWLink":"https://go.microsoft.com/fwlink/?linkid=37020\u0026name=Trojan:VBA/Killav.VD!MTB\u0026threatid=2147970558\u0026enterprise=0","Status Code":"1","Status Description":"","State":"1","Source ID":"3","Source Name":"Protección en tiempo real","Process Name":"C:\\Users\\seguridad\\Desktop\\TFM\\Velociraptor\\velociraptor-v0.75.6-windows-amd64.exe","Detection User":"LT29\\seguridad","Unused3":"","Path":"file:_C:\\Windows\\Temp\\server_artifacts\\Server.Internal.ArtifactModification\\2026-07-12.json","Origin ID":"1","Origin Name":"Equipo local","Execution ID":"1","Execution Name":"Suspendido","Type ID":"0","Type Name":"Concreto","Pre Execution Status":"0","Action ID":"9","Action Name":"No aplicable","Unused4":"","Error Code":"0x00000000","Error Description":"La operación se completó correctamente. ","Unused5":"","Post Clean Status":"0","Additional Actions ID":"0","Additional Actions String":"No additional actions required","Remediation User":"","Unused6":"","Security intelligence Version":"AV: 1.455.102.0, AS: 1.455.102.0, NIS: 1.455.102.0","Engine Version":"AM: 1.1.26060.3008, NIS: 1.1.26060.3008"},"Message":"Antivirus de Microsoft Defender 已偵測到惡意程式碼或其他潛在的垃圾軟體。\n如需詳細資訊，請參閱以下資訊:\nhttps://go.microsoft.com/fwlink/?linkid=37020\u0026name=Trojan:VBA/Killav.VD!MTB\u0026threatid=2147970558\u0026enterprise=0\n \t名稱:%bTrojan:VBA/Killav.VD!MTB\n \t識別碼:%b2147970558\n \t嚴重性:%bGrave\n \t類別:%bCaballo de Troya\n \t路徑:%bfile:_C:\\Windows\\Temp\\server_artifacts\\Server.Internal.ArtifactModification\\2026-07-12.json\n \t偵測原點:%bEquipo local\n \t偵測類型:%bConcreto\n \t偵測來源:%bProtección en tiempo real\n \t使用者:%bLT29\\seguridad\n \t處理序名稱:%bC:\\Users\\seguridad\\Desktop\\TFM\\Velociraptor\\velociraptor-v0.75.6-windows-amd64.exe\n \t安全性情報版本:%bAV: 1.455.102.0, AS: 1.455.102.0, NIS: 1.455.102.0\n \t引擎版本:%bAM: 1.1.26060.3008, NIS: 1.1.26060.3008\r\n"},"_Source":"Windows.Sigma.BaseEvents","ClientId":"C.364907172793f8c7","_ts":1783862616592}
{"Timestamp":"2026-07-12T13:22:26.725265502Z","Computer":"LT29.ait.us.es","Channel":"Microsoft-Windows-Windows Defender/Operational","EID":1117,"Level":"high","Title":"Windows Defender Threat Detected","RecordID":6286,"Details":"Antivirus de Microsoft Defender 已使用 Defender 安全情報偵測到惡意軟體或潛在的垃圾軟體，並套用安全性設定中定義的補救動作。\n如欲了解詳細資訊，請參閱以下內容:\nhttps://go.microsoft.com/fwlink/?linkid=37020\u0026name=Trojan:VBA/Killav.VD!MTB\u0026threatid=2147970558\u0026enterprise=0\n \t名稱:%bTrojan:VBA/Killav.VD!MTB\n \t識別碼:%b2147970558\n \t嚴重性:%bGrave\n \t類別:%bCaballo de Troya\n \t路徑:%bfile:_C:\\Windows\\Temp\\server_artifacts\\Server.Internal.ArtifactModification\\2026-07-12.json\n \t偵測原點:%bEquipo local\n \t偵測類型:%bConcreto\n \t偵測來源:%bProtección en tiempo real\n \t使用者:%bNT AUTHORITY\\SYSTEM\n \t流程名稱:%bC:\\Users\\seguridad\\Desktop\\TFM\\Velociraptor\\velociraptor-v0.75.6-windows-amd64.exe\n \t動作:%bCuarentena\n \t動作狀態: %bNo additional actions required\n \t錯誤碼:%b0x00000000\n \t錯誤描述:%bLa operación se completó correctamente. \n \t安全情報版本:%bAV: 1.455.102.0, AS: 1.455.102.0, NIS: 1.455.102.0\n \t引擎版本:%bAM: 1.1.26060.3008, NIS: 1.1.26060.3008\r\n","_Event":{"System":{"Provider":{"Name":"Microsoft-Windows-Windows Defender","Guid":"11CD958A-C507-4EF3-B3F2-5FD9DFBD2C78"},"EventID":{"Value":1117},"Version":0,"Level":4,"Task":0,"Opcode":0,"Keywords":9223372036854775808,"TimeCreated":{"SystemTime":1783862546.7252655},"EventRecordID":6286,"Correlation":{},"Execution":{"ProcessID":4628,"ThreadID":10852},"Channel":"Microsoft-Windows-Windows Defender/Operational","Computer":"LT29.ait.us.es","Security":{"UserID":"S-1-5-18"}},"EventData":{"Product Name":"Antivirus de Microsoft Defender","Product Version":"4.18.26060.3008","Detection ID":"{D6C64A6E-3B6D-4F86-A476-5D4124FC61B1}","Detection Time":"2026-07-12T13:20:55.892Z","Unused":"","Unused2":"","Threat ID":"2147970558","Threat Name":"Trojan:VBA/Killav.VD!MTB","Severity ID":"5","Severity Name":"Grave","Category ID":"8","Category Name":"Caballo de Troya","FWLink":"https://go.microsoft.com/fwlink/?linkid=37020\u0026name=Trojan:VBA/Killav.VD!MTB\u0026threatid=2147970558\u0026enterprise=0","Status Code":"3","Status Description":"","State":"2","Source ID":"3","Source Name":"Protección en tiempo real","Process Name":"C:\\Users\\seguridad\\Desktop\\TFM\\Velociraptor\\velociraptor-v0.75.6-windows-amd64.exe","Detection User":"LT29\\seguridad","Unused3":"","Path":"file:_C:\\Windows\\Temp\\server_artifacts\\Server.Internal.ArtifactModification\\2026-07-12.json","Origin ID":"1","Origin Name":"Equipo local","Execution ID":"1","Execution Name":"Suspendido","Type ID":"0","Type Name":"Concreto","Pre Execution Status":"0","Action ID":"2","Action Name":"Cuarentena","Unused4":"","Error Code":"0x00000000","Error Description":"La operación se completó correctamente. ","Unused5":"","Post Clean Status":"0","Additional Actions ID":"0","Additional Actions String":"No additional actions required","Remediation User":"NT AUTHORITY\\SYSTEM","Unused6":"","Security intelligence Version":"AV: 1.455.102.0, AS: 1.455.102.0, NIS: 1.455.102.0","Engine Version":"AM: 1.1.26060.3008, NIS: 1.1.26060.3008"},"Message":"Antivirus de Microsoft Defender 已使用 Defender 安全情報偵測到惡意軟體或潛在的垃圾軟體，並套用安全性設定中定義的補救動作。\n如欲了解詳細資訊，請參閱以下內容:\nhttps://go.microsoft.com/fwlink/?linkid=37020\u0026name=Trojan:VBA/Killav.VD!MTB\u0026threatid=2147970558\u0026enterprise=0\n \t名稱:%bTrojan:VBA/Killav.VD!MTB\n \t識別碼:%b2147970558\n \t嚴重性:%bGrave\n \t類別:%bCaballo de Troya\n \t路徑:%bfile:_C:\\Windows\\Temp\\server_artifacts\\Server.Internal.ArtifactModification\\2026-07-12.json\n \t偵測原點:%bEquipo local\n \t偵測類型:%bConcreto\n \t偵測來源:%bProtección en tiempo real\n \t使用者:%bNT AUTHORITY\\SYSTEM\n \t流程名稱:%bC:\\Users\\seguridad\\Desktop\\TFM\\Velociraptor\\velociraptor-v0.75.6-windows-amd64.exe\n \t動作:%bCuarentena\n \t動作狀態: %bNo additional actions required\n \t錯誤碼:%b0x00000000\n \t錯誤描述:%bLa operación se completó correctamente. \n \t安全情報版本:%bAV: 1.455.102.0, AS: 1.455.102.0, NIS: 1.455.102.0\n \t引擎版本:%bAM: 1.1.26060.3008, NIS: 1.1.26060.3008\r\n"},"_Source":"Windows.Sigma.BaseEvents","ClientId":"C.364907172793f8c7","_ts":1783862616592}
{"Timestamp":"2026-07-12T13:22:26.55814886Z","Computer":"LT29.ait.us.es","Channel":"Microsoft-Windows-Windows Defender/Operational","EID":1116,"Level":"high","Title":"Windows Defender Threat Detected","RecordID":6285,"Details":"Threat: Trojan:VBA/Killav.VD!MTB ¦ Severity: Grave ¦ Type: Caballo de Troya ¦ User: LT29\\seguridad ¦ Path: file:_C:\\Windows\\Temp\\server_artifacts\\Server.Internal.ArtifactModification\\2026-07-12.json ¦ Proc: C:\\Users\\seguridad\\Desktop\\TFM\\Velociraptor\\velociraptor-v0.75.6-windows-amd64.exe","_Event":{"System":{"Provider":{"Name":"Microsoft-Windows-Windows Defender","Guid":"11CD958A-C507-4EF3-B3F2-5FD9DFBD2C78"},"EventID":{"Value":1116},"Version":0,"Level":3,"Task":0,"Opcode":0,"Keywords":9223372036854775808,"TimeCreated":{"SystemTime":1783862546.5581489},"EventRecordID":6285,"Correlation":{"ActivityID":"51AE8F51-33A6-44BA-9A01-0E2D1984B476"},"Execution":{"ProcessID":4628,"ThreadID":10852},"Channel":"Microsoft-Windows-Windows Defender/Operational","Computer":"LT29.ait.us.es","Security":{"UserID":"S-1-5-18"}},"EventData":{"Product Name":"Antivirus de Microsoft Defender","Product Version":"4.18.26060.3008","Detection ID":"{D6C64A6E-3B6D-4F86-A476-5D4124FC61B1}","Detection Time":"2026-07-12T13:20:55.892Z","Unused":"","Unused2":"","Threat ID":"2147970558","Threat Name":"Trojan:VBA/Killav.VD!MTB","Severity ID":"5","Severity Name":"Grave","Category ID":"8","Category Name":"Caballo de Troya","FWLink":"https://go.microsoft.com/fwlink/?linkid=37020\u0026name=Trojan:VBA/Killav.VD!MTB\u0026threatid=2147970558\u0026enterprise=0","Status Code":"1","Status Description":"","State":"1","Source ID":"3","Source Name":"Protección en tiempo real","Process Name":"C:\\Users\\seguridad\\Desktop\\TFM\\Velociraptor\\velociraptor-v0.75.6-windows-amd64.exe","Detection User":"LT29\\seguridad","Unused3":"","Path":"file:_C:\\Windows\\Temp\\server_artifacts\\Server.Internal.ArtifactModification\\2026-07-12.json","Origin ID":"1","Origin Name":"Equipo local","Execution ID":"1","Execution Name":"Suspendido","Type ID":"0","Type Name":"Concreto","Pre Execution Status":"0","Action ID":"9","Action Name":"No aplicable","Unused4":"","Error Code":"0x00000000","Error Description":"La operación se completó correctamente. ","Unused5":"","Post Clean Status":"0","Additional Actions ID":"0","Additional Actions String":"No additional actions required","Remediation User":"","Unused6":"","Security intelligence Version":"AV: 1.455.102.0, AS: 1.455.102.0, NIS: 1.455.102.0","Engine Version":"AM: 1.1.26060.3008, NIS: 1.1.26060.3008"},"Message":"Antivirus de Microsoft Defender 已偵測到惡意程式碼或其他潛在的垃圾軟體。\n如需詳細資訊，請參閱以下資訊:\nhttps://go.microsoft.com/fwlink/?linkid=37020\u0026name=Trojan:VBA/Killav.VD!MTB\u0026threatid=2147970558\u0026enterprise=0\n \t名稱:%bTrojan:VBA/Killav.VD!MTB\n \t識別碼:%b2147970558\n \t嚴重性:%bGrave\n \t類別:%bCaballo de Troya\n \t路徑:%bfile:_C:\\Windows\\Temp\\server_artifacts\\Server.Internal.ArtifactModification\\2026-07-12.json\n \t偵測原點:%bEquipo local\n \t偵測類型:%bConcreto\n \t偵測來源:%bProtección en tiempo real\n \t使用者:%bLT29\\seguridad\n \t處理序名稱:%bC:\\Users\\seguridad\\Desktop\\TFM\\Velociraptor\\velociraptor-v0.75.6-windows-amd64.exe\n \t安全性情報版本:%bAV: 1.455.102.0, AS: 1.455.102.0, NIS: 1.455.102.0\n \t引擎版本:%bAM: 1.1.26060.3008, NIS: 1.1.26060.3008\r\n"},"_Source":"Windows.Sigma.BaseEvents","ClientId":"C.364907172793f8c7","_ts":1783862616592}
{"Timestamp":"2026-07-12T13:21:00.426696062Z","Computer":"LT29.ait.us.es","Channel":"Microsoft-Windows-Windows Defender/Operational","EID":1116,"Level":"high","Title":"Antivirus Relevant File Paths Alerts","RecordID":6283,"Details":"Threat: Trojan:VBA/Killav.VD!MTB ¦ Severity: Grave ¦ Type: Caballo de Troya ¦ User: LT29\\seguridad ¦ Path: file:_C:\\Windows\\Temp\\server_artifacts\\Server.Internal.ArtifactModification\\2026-07-12.json ¦ Proc: C:\\Users\\seguridad\\Desktop\\TFM\\Velociraptor\\velociraptor-v0.75.6-windows-amd64.exe","_Event":{"System":{"Provider":{"Name":"Microsoft-Windows-Windows Defender","Guid":"11CD958A-C507-4EF3-B3F2-5FD9DFBD2C78"},"EventID":{"Value":1116},"Version":0,"Level":3,"Task":0,"Opcode":0,"Keywords":9223372036854775808,"TimeCreated":{"SystemTime":1783862460.426696},"EventRecordID":6283,"Correlation":{},"Execution":{"ProcessID":4628,"ThreadID":8524},"Channel":"Microsoft-Windows-Windows Defender/Operational","Computer":"LT29.ait.us.es","Security":{"UserID":"S-1-5-18"}},"EventData":{"Product Name":"Antivirus de Microsoft Defender","Product Version":"4.18.26060.3008","Detection ID":"{D6C64A6E-3B6D-4F86-A476-5D4124FC61B1}","Detection Time":"2026-07-12T13:20:55.892Z","Unused":"","Unused2":"","Threat ID":"2147970558","Threat Name":"Trojan:VBA/Killav.VD!MTB","Severity ID":"5","Severity Name":"Grave","Category ID":"8","Category Name":"Caballo de Troya","FWLink":"https://go.microsoft.com/fwlink/?linkid=37020\u0026name=Trojan:VBA/Killav.VD!MTB\u0026threatid=2147970558\u0026enterprise=0","Status Code":"1","Status Description":"","State":"1","Source ID":"3","Source Name":"Protección en tiempo real","Process Name":"C:\\Users\\seguridad\\Desktop\\TFM\\Velociraptor\\velociraptor-v0.75.6-windows-amd64.exe","Detection User":"LT29\\seguridad","Unused3":"","Path":"file:_C:\\Windows\\Temp\\server_artifacts\\Server.Internal.ArtifactModification\\2026-07-12.json","Origin ID":"1","Origin Name":"Equipo local","Execution ID":"1","Execution Name":"Suspendido","Type ID":"0","Type Name":"Concreto","Pre Execution Status":"0","Action ID":"9","Action Name":"No aplicable","Unused4":"","Error Code":"0x00000000","Error Description":"La operación se completó correctamente. ","Unused5":"","Post Clean Status":"0","Additional Actions ID":"0","Additional Actions String":"No additional actions required","Remediation User":"","Unused6":"","Security intelligence Version":"AV: 1.455.102.0, AS: 1.455.102.0, NIS: 1.455.102.0","Engine Version":"AM: 1.1.26060.3008, NIS: 1.1.26060.3008"},"Message":"Antivirus de Microsoft Defender 已偵測到惡意程式碼或其他潛在的垃圾軟體。\n如需詳細資訊，請參閱以下資訊:\nhttps://go.microsoft.com/fwlink/?linkid=37020\u0026name=Trojan:VBA/Killav.VD!MTB\u0026threatid=2147970558\u0026enterprise=0\n \t名稱:%bTrojan:VBA/Killav.VD!MTB\n \t識別碼:%b2147970558\n \t嚴重性:%bGrave\n \t類別:%bCaballo de Troya\n \t路徑:%bfile:_C:\\Windows\\Temp\\server_artifacts\\Server.Internal.ArtifactModification\\2026-07-12.json\n \t偵測原點:%bEquipo local\n \t偵測類型:%bConcreto\n \t偵測來源:%bProtección en tiempo real\n \t使用者:%bLT29\\seguridad\n \t處理序名稱:%bC:\\Users\\seguridad\\Desktop\\TFM\\Velociraptor\\velociraptor-v0.75.6-windows-amd64.exe\n \t安全性情報版本:%bAV: 1.455.102.0, AS: 1.455.102.0, NIS: 1.455.102.0\n \t引擎版本:%bAM: 1.1.26060.3008, NIS: 1.1.26060.3008\r\n"},"_Source":"Windows.Sigma.BaseEvents","ClientId":"C.364907172793f8c7","_ts":1783862616592}
{"Timestamp":"2026-07-12T13:22:26.55814886Z","Computer":"LT29.ait.us.es","Channel":"Microsoft-Windows-Windows Defender/Operational","EID":1116,"Level":"high","Title":"Antivirus Relevant File Paths Alerts","RecordID":6285,"Details":"Threat: Trojan:VBA/Killav.VD!MTB ¦ Severity: Grave ¦ Type: Caballo de Troya ¦ User: LT29\\seguridad ¦ Path: file:_C:\\Windows\\Temp\\server_artifacts\\Server.Internal.ArtifactModification\\2026-07-12.json ¦ Proc: C:\\Users\\seguridad\\Desktop\\TFM\\Velociraptor\\velociraptor-v0.75.6-windows-amd64.exe","_Event":{"System":{"Provider":{"Name":"Microsoft-Windows-Windows Defender","Guid":"11CD958A-C507-4EF3-B3F2-5FD9DFBD2C78"},"EventID":{"Value":1116},"Version":0,"Level":3,"Task":0,"Opcode":0,"Keywords":9223372036854775808,"TimeCreated":{"SystemTime":1783862546.5581489},"EventRecordID":6285,"Correlation":{"ActivityID":"51AE8F51-33A6-44BA-9A01-0E2D1984B476"},"Execution":{"ProcessID":4628,"ThreadID":10852},"Channel":"Microsoft-Windows-Windows Defender/Operational","Computer":"LT29.ait.us.es","Security":{"UserID":"S-1-5-18"}},"EventData":{"Product Name":"Antivirus de Microsoft Defender","Product Version":"4.18.26060.3008","Detection ID":"{D6C64A6E-3B6D-4F86-A476-5D4124FC61B1}","Detection Time":"2026-07-12T13:20:55.892Z","Unused":"","Unused2":"","Threat ID":"2147970558","Threat Name":"Trojan:VBA/Killav.VD!MTB","Severity ID":"5","Severity Name":"Grave","Category ID":"8","Category Name":"Caballo de Troya","FWLink":"https://go.microsoft.com/fwlink/?linkid=37020\u0026name=Trojan:VBA/Killav.VD!MTB\u0026threatid=2147970558\u0026enterprise=0","Status Code":"1","Status Description":"","State":"1","Source ID":"3","Source Name":"Protección en tiempo real","Process Name":"C:\\Users\\seguridad\\Desktop\\TFM\\Velociraptor\\velociraptor-v0.75.6-windows-amd64.exe","Detection User":"LT29\\seguridad","Unused3":"","Path":"file:_C:\\Windows\\Temp\\server_artifacts\\Server.Internal.ArtifactModification\\2026-07-12.json","Origin ID":"1","Origin Name":"Equipo local","Execution ID":"1","Execution Name":"Suspendido","Type ID":"0","Type Name":"Concreto","Pre Execution Status":"0","Action ID":"9","Action Name":"No aplicable","Unused4":"","Error Code":"0x00000000","Error Description":"La operación se completó correctamente. ","Unused5":"","Post Clean Status":"0","Additional Actions ID":"0","Additional Actions String":"No additional actions required","Remediation User":"","Unused6":"","Security intelligence Version":"AV: 1.455.102.0, AS: 1.455.102.0, NIS: 1.455.102.0","Engine Version":"AM: 1.1.26060.3008, NIS: 1.1.26060.3008"},"Message":"Antivirus de Microsoft Defender 已偵測到惡意程式碼或其他潛在的垃圾軟體。\n如需詳細資訊，請參閱以下資訊:\nhttps://go.microsoft.com/fwlink/?linkid=37020\u0026name=Trojan:VBA/Killav.VD!MTB\u0026threatid=2147970558\u0026enterprise=0\n \t名稱:%bTrojan:VBA/Killav.VD!MTB\n \t識別碼:%b2147970558\n \t嚴重性:%bGrave\n \t類別:%bCaballo de Troya\n \t路徑:%bfile:_C:\\Windows\\Temp\\server_artifacts\\Server.Internal.ArtifactModification\\2026-07-12.json\n \t偵測原點:%bEquipo local\n \t偵測類型:%bConcreto\n \t偵測來源:%bProtección en tiempo real\n \t使用者:%bLT29\\seguridad\n \t處理序名稱:%bC:\\Users\\seguridad\\Desktop\\TFM\\Velociraptor\\velociraptor-v0.75.6-windows-amd64.exe\n \t安全性情報版本:%bAV: 1.455.102.0, AS: 1.455.102.0, NIS: 1.455.102.0\n \t引擎版本:%bAM: 1.1.26060.3008, NIS: 1.1.26060.3008\r\n"},"_Source":"Windows.Sigma.BaseEvents","ClientId":"C.364907172793f8c7","_ts":1783862616592}
